QUEUE STATISTICS FOR EXPERIMENT 8360
---------------------------
 -- EDGE QUEUE STATISTICS --
EDGE (0 ,0) PORT 0: Recv/Dropped : 502/6744
EDGE (0 ,0) PORT 1: Recv/Dropped : 0/75
EDGE (0 ,0) PORT 2: Recv/Dropped : 0/77
EDGE (0 ,0) PORT 3: Recv/Dropped : 0/75
EDGE (0 ,0) PORT 4: Recv/Dropped : 0/1288
EDGE (0 ,0) PORT 5: Recv/Dropped : 0/1245
EDGE (0 ,0) PORT 6: Recv/Dropped : 0/1295
EDGE (0 ,0) PORT 7: Recv/Dropped : 0/1201
EDGE (0 ,1) PORT 0: Recv/Dropped : 0/81
EDGE (0 ,1) PORT 1: Recv/Dropped : 0/70
EDGE (0 ,1) PORT 2: Recv/Dropped : 0/2
EDGE (0 ,1) PORT 3: Recv/Dropped : 0/69
EDGE (0 ,1) PORT 4: Recv/Dropped : 0/127
EDGE (0 ,1) PORT 5: Recv/Dropped : 0/41
EDGE (0 ,1) PORT 6: Recv/Dropped : 0/36
EDGE (0 ,1) PORT 7: Recv/Dropped : 0/107
EDGE (0 ,2) PORT 0: Recv/Dropped : 0/80
EDGE (0 ,2) PORT 1: Recv/Dropped : 0/75
EDGE (0 ,2) PORT 2: Recv/Dropped : 0/70
EDGE (0 ,2) PORT 3: Recv/Dropped : 0/78
EDGE (0 ,2) PORT 4: Recv/Dropped : 0/104
EDGE (0 ,2) PORT 5: Recv/Dropped : 0/61
EDGE (0 ,2) PORT 6: Recv/Dropped : 0/80
EDGE (0 ,2) PORT 7: Recv/Dropped : 0/158
EDGE (0 ,3) PORT 0: Recv/Dropped : 0/2
EDGE (0 ,3) PORT 1: Recv/Dropped : 0/84
EDGE (0 ,3) PORT 2: Recv/Dropped : 0/2
EDGE (0 ,3) PORT 3: Recv/Dropped : 0/2
EDGE (0 ,3) PORT 4: Recv/Dropped : 0/10
EDGE (0 ,3) PORT 5: Recv/Dropped : 0/19
EDGE (0 ,3) PORT 6: Recv/Dropped : 0/17
EDGE (0 ,3) PORT 7: Recv/Dropped : 0/67
EDGE (1 ,0) PORT 0: Recv/Dropped : 0/79
EDGE (1 ,0) PORT 1: Recv/Dropped : 0/82
EDGE (1 ,0) PORT 2: Recv/Dropped : 0/79
EDGE (1 ,0) PORT 3: Recv/Dropped : 0/2
EDGE (1 ,0) PORT 4: Recv/Dropped : 0/65
EDGE (1 ,0) PORT 5: Recv/Dropped : 0/115
EDGE (1 ,0) PORT 6: Recv/Dropped : 0/63
EDGE (1 ,0) PORT 7: Recv/Dropped : 0/57
EDGE (1 ,1) PORT 0: Recv/Dropped : 0/75
EDGE (1 ,1) PORT 1: Recv/Dropped : 0/73
EDGE (1 ,1) PORT 2: Recv/Dropped : 0/85
EDGE (1 ,1) PORT 3: Recv/Dropped : 0/72
EDGE (1 ,1) PORT 4: Recv/Dropped : 0/45
EDGE (1 ,1) PORT 5: Recv/Dropped : 0/195
EDGE (1 ,1) PORT 6: Recv/Dropped : 0/94
EDGE (1 ,1) PORT 7: Recv/Dropped : 0/67
EDGE (1 ,2) PORT 0: Recv/Dropped : 0/82
EDGE (1 ,2) PORT 1: Recv/Dropped : 0/3
EDGE (1 ,2) PORT 2: Recv/Dropped : 0/2
EDGE (1 ,2) PORT 3: Recv/Dropped : 0/2
EDGE (1 ,2) PORT 4: Recv/Dropped : 0/25
EDGE (1 ,2) PORT 5: Recv/Dropped : 0/20
EDGE (1 ,2) PORT 6: Recv/Dropped : 0/66
EDGE (1 ,2) PORT 7: Recv/Dropped : 0/5
EDGE (1 ,3) PORT 0: Recv/Dropped : 0/2
EDGE (1 ,3) PORT 1: Recv/Dropped : 0/2
EDGE (1 ,3) PORT 2: Recv/Dropped : 0/68
EDGE (1 ,3) PORT 3: Recv/Dropped : 0/4
EDGE (1 ,3) PORT 4: Recv/Dropped : 0/22
EDGE (1 ,3) PORT 5: Recv/Dropped : 0/30
EDGE (1 ,3) PORT 6: Recv/Dropped : 0/21
EDGE (1 ,3) PORT 7: Recv/Dropped : 0/40
EDGE (2 ,0) PORT 0: Recv/Dropped : 0/77
EDGE (2 ,0) PORT 1: Recv/Dropped : 0/2
EDGE (2 ,0) PORT 2: Recv/Dropped : 0/76
EDGE (2 ,0) PORT 3: Recv/Dropped : 0/79
EDGE (2 ,0) PORT 4: Recv/Dropped : 0/101
EDGE (2 ,0) PORT 5: Recv/Dropped : 0/57
EDGE (2 ,0) PORT 6: Recv/Dropped : 0/82
EDGE (2 ,0) PORT 7: Recv/Dropped : 0/66
EDGE (2 ,1) PORT 0: Recv/Dropped : 0/75
EDGE (2 ,1) PORT 1: Recv/Dropped : 0/2
EDGE (2 ,1) PORT 2: Recv/Dropped : 0/71
EDGE (2 ,1) PORT 3: Recv/Dropped : 0/75
EDGE (2 ,1) PORT 4: Recv/Dropped : 0/23
EDGE (2 ,1) PORT 5: Recv/Dropped : 0/155
EDGE (2 ,1) PORT 6: Recv/Dropped : 0/63
EDGE (2 ,1) PORT 7: Recv/Dropped : 0/65
EDGE (2 ,2) PORT 0: Recv/Dropped : 0/73
EDGE (2 ,2) PORT 1: Recv/Dropped : 0/75
EDGE (2 ,2) PORT 2: Recv/Dropped : 0/72
EDGE (2 ,2) PORT 3: Recv/Dropped : 0/0
EDGE (2 ,2) PORT 4: Recv/Dropped : 0/110
EDGE (2 ,2) PORT 5: Recv/Dropped : 0/30
EDGE (2 ,2) PORT 6: Recv/Dropped : 0/62
EDGE (2 ,2) PORT 7: Recv/Dropped : 0/111
EDGE (2 ,3) PORT 0: Recv/Dropped : 0/2
EDGE (2 ,3) PORT 1: Recv/Dropped : 0/71
EDGE (2 ,3) PORT 2: Recv/Dropped : 0/69
EDGE (2 ,3) PORT 3: Recv/Dropped : 0/0
EDGE (2 ,3) PORT 4: Recv/Dropped : 0/53
EDGE (2 ,3) PORT 5: Recv/Dropped : 0/53
EDGE (2 ,3) PORT 6: Recv/Dropped : 0/55
EDGE (2 ,3) PORT 7: Recv/Dropped : 0/51
EDGE (3 ,0) PORT 0: Recv/Dropped : 0/2
EDGE (3 ,0) PORT 1: Recv/Dropped : 0/75
EDGE (3 ,0) PORT 2: Recv/Dropped : 0/72
EDGE (3 ,0) PORT 3: Recv/Dropped : 0/2
EDGE (3 ,0) PORT 4: Recv/Dropped : 0/49
EDGE (3 ,0) PORT 5: Recv/Dropped : 0/94
EDGE (3 ,0) PORT 6: Recv/Dropped : 0/44
EDGE (3 ,0) PORT 7: Recv/Dropped : 0/34
EDGE (3 ,1) PORT 0: Recv/Dropped : 0/2
EDGE (3 ,1) PORT 1: Recv/Dropped : 0/76
EDGE (3 ,1) PORT 2: Recv/Dropped : 0/2
EDGE (3 ,1) PORT 3: Recv/Dropped : 0/0
EDGE (3 ,1) PORT 4: Recv/Dropped : 0/17
EDGE (3 ,1) PORT 5: Recv/Dropped : 0/70
EDGE (3 ,1) PORT 6: Recv/Dropped : 0/17
EDGE (3 ,1) PORT 7: Recv/Dropped : 0/17
EDGE (3 ,2) PORT 0: Recv/Dropped : 0/0
EDGE (3 ,2) PORT 1: Recv/Dropped : 0/79
EDGE (3 ,2) PORT 2: Recv/Dropped : 0/2
EDGE (3 ,2) PORT 3: Recv/Dropped : 0/2
EDGE (3 ,2) PORT 4: Recv/Dropped : 0/39
EDGE (3 ,2) PORT 5: Recv/Dropped : 0/32
EDGE (3 ,2) PORT 6: Recv/Dropped : 0/21
EDGE (3 ,2) PORT 7: Recv/Dropped : 0/25
EDGE (3 ,3) PORT 0: Recv/Dropped : 0/75
EDGE (3 ,3) PORT 1: Recv/Dropped : 0/76
EDGE (3 ,3) PORT 2: Recv/Dropped : 0/2
EDGE (3 ,3) PORT 3: Recv/Dropped : 0/4
EDGE (3 ,3) PORT 4: Recv/Dropped : 0/35
EDGE (3 ,3) PORT 5: Recv/Dropped : 0/52
EDGE (3 ,3) PORT 6: Recv/Dropped : 0/69
EDGE (3 ,3) PORT 7: Recv/Dropped : 0/56
EDGE (4 ,0) PORT 0: Recv/Dropped : 0/71
EDGE (4 ,0) PORT 1: Recv/Dropped : 0/2
EDGE (4 ,0) PORT 2: Recv/Dropped : 0/75
EDGE (4 ,0) PORT 3: Recv/Dropped : 0/2
EDGE (4 ,0) PORT 4: Recv/Dropped : 0/43
EDGE (4 ,0) PORT 5: Recv/Dropped : 0/46
EDGE (4 ,0) PORT 6: Recv/Dropped : 0/79
EDGE (4 ,0) PORT 7: Recv/Dropped : 0/44
EDGE (4 ,1) PORT 0: Recv/Dropped : 0/75
EDGE (4 ,1) PORT 1: Recv/Dropped : 0/76
EDGE (4 ,1) PORT 2: Recv/Dropped : 0/76
EDGE (4 ,1) PORT 3: Recv/Dropped : 0/0
EDGE (4 ,1) PORT 4: Recv/Dropped : 0/71
EDGE (4 ,1) PORT 5: Recv/Dropped : 0/131
EDGE (4 ,1) PORT 6: Recv/Dropped : 0/62
EDGE (4 ,1) PORT 7: Recv/Dropped : 0/58
EDGE (4 ,2) PORT 0: Recv/Dropped : 0/66
EDGE (4 ,2) PORT 1: Recv/Dropped : 0/2
EDGE (4 ,2) PORT 2: Recv/Dropped : 0/76
EDGE (4 ,2) PORT 3: Recv/Dropped : 0/0
EDGE (4 ,2) PORT 4: Recv/Dropped : 0/26
EDGE (4 ,2) PORT 5: Recv/Dropped : 0/113
EDGE (4 ,2) PORT 6: Recv/Dropped : 0/36
EDGE (4 ,2) PORT 7: Recv/Dropped : 0/41
EDGE (4 ,3) PORT 0: Recv/Dropped : 0/77
EDGE (4 ,3) PORT 1: Recv/Dropped : 0/0
EDGE (4 ,3) PORT 2: Recv/Dropped : 0/75
EDGE (4 ,3) PORT 3: Recv/Dropped : 0/76
EDGE (4 ,3) PORT 4: Recv/Dropped : 0/112
EDGE (4 ,3) PORT 5: Recv/Dropped : 0/57
EDGE (4 ,3) PORT 6: Recv/Dropped : 0/62
EDGE (4 ,3) PORT 7: Recv/Dropped : 0/71
EDGE (5 ,0) PORT 0: Recv/Dropped : 0/2
EDGE (5 ,0) PORT 1: Recv/Dropped : 0/0
EDGE (5 ,0) PORT 2: Recv/Dropped : 0/75
EDGE (5 ,0) PORT 3: Recv/Dropped : 0/0
EDGE (5 ,0) PORT 4: Recv/Dropped : 0/40
EDGE (5 ,0) PORT 5: Recv/Dropped : 0/27
EDGE (5 ,0) PORT 6: Recv/Dropped : 0/18
EDGE (5 ,0) PORT 7: Recv/Dropped : 0/27
EDGE (5 ,1) PORT 0: Recv/Dropped : 0/75
EDGE (5 ,1) PORT 1: Recv/Dropped : 0/72
EDGE (5 ,1) PORT 2: Recv/Dropped : 0/2
EDGE (5 ,1) PORT 3: Recv/Dropped : 0/67
EDGE (5 ,1) PORT 4: Recv/Dropped : 0/96
EDGE (5 ,1) PORT 5: Recv/Dropped : 0/69
EDGE (5 ,1) PORT 6: Recv/Dropped : 0/80
EDGE (5 ,1) PORT 7: Recv/Dropped : 0/64
EDGE (5 ,2) PORT 0: Recv/Dropped : 0/0
EDGE (5 ,2) PORT 1: Recv/Dropped : 0/87
EDGE (5 ,2) PORT 2: Recv/Dropped : 0/76
EDGE (5 ,2) PORT 3: Recv/Dropped : 0/2
EDGE (5 ,2) PORT 4: Recv/Dropped : 0/60
EDGE (5 ,2) PORT 5: Recv/Dropped : 0/52
EDGE (5 ,2) PORT 6: Recv/Dropped : 0/56
EDGE (5 ,2) PORT 7: Recv/Dropped : 0/37
EDGE (5 ,3) PORT 0: Recv/Dropped : 0/74
EDGE (5 ,3) PORT 1: Recv/Dropped : 0/75
EDGE (5 ,3) PORT 2: Recv/Dropped : 0/2
EDGE (5 ,3) PORT 3: Recv/Dropped : 0/4
EDGE (5 ,3) PORT 4: Recv/Dropped : 0/35
EDGE (5 ,3) PORT 5: Recv/Dropped : 0/33
EDGE (5 ,3) PORT 6: Recv/Dropped : 0/119
EDGE (5 ,3) PORT 7: Recv/Dropped : 0/23
EDGE (6 ,0) PORT 0: Recv/Dropped : 0/0
EDGE (6 ,0) PORT 1: Recv/Dropped : 0/75
EDGE (6 ,0) PORT 2: Recv/Dropped : 0/70
EDGE (6 ,0) PORT 3: Recv/Dropped : 0/0
EDGE (6 ,0) PORT 4: Recv/Dropped : 0/26
EDGE (6 ,0) PORT 5: Recv/Dropped : 0/35
EDGE (6 ,0) PORT 6: Recv/Dropped : 0/53
EDGE (6 ,0) PORT 7: Recv/Dropped : 0/106
EDGE (6 ,1) PORT 0: Recv/Dropped : 0/0
EDGE (6 ,1) PORT 1: Recv/Dropped : 0/74
EDGE (6 ,1) PORT 2: Recv/Dropped : 0/2
EDGE (6 ,1) PORT 3: Recv/Dropped : 0/74
EDGE (6 ,1) PORT 4: Recv/Dropped : 0/32
EDGE (6 ,1) PORT 5: Recv/Dropped : 0/111
EDGE (6 ,1) PORT 6: Recv/Dropped : 0/31
EDGE (6 ,1) PORT 7: Recv/Dropped : 0/37
EDGE (6 ,2) PORT 0: Recv/Dropped : 0/75
EDGE (6 ,2) PORT 1: Recv/Dropped : 0/73
EDGE (6 ,2) PORT 2: Recv/Dropped : 0/0
EDGE (6 ,2) PORT 3: Recv/Dropped : 0/0
EDGE (6 ,2) PORT 4: Recv/Dropped : 0/75
EDGE (6 ,2) PORT 5: Recv/Dropped : 0/40
EDGE (6 ,2) PORT 6: Recv/Dropped : 0/59
EDGE (6 ,2) PORT 7: Recv/Dropped : 0/33
EDGE (6 ,3) PORT 0: Recv/Dropped : 0/2
EDGE (6 ,3) PORT 1: Recv/Dropped : 0/74
EDGE (6 ,3) PORT 2: Recv/Dropped : 0/0
EDGE (6 ,3) PORT 3: Recv/Dropped : 0/0
EDGE (6 ,3) PORT 4: Recv/Dropped : 0/24
EDGE (6 ,3) PORT 5: Recv/Dropped : 0/15
EDGE (6 ,3) PORT 6: Recv/Dropped : 0/37
EDGE (6 ,3) PORT 7: Recv/Dropped : 0/36
EDGE (7 ,0) PORT 0: Recv/Dropped : 0/75
EDGE (7 ,0) PORT 1: Recv/Dropped : 0/2
EDGE (7 ,0) PORT 2: Recv/Dropped : 0/0
EDGE (7 ,0) PORT 3: Recv/Dropped : 0/2
EDGE (7 ,0) PORT 4: Recv/Dropped : 0/31
EDGE (7 ,0) PORT 5: Recv/Dropped : 0/29
EDGE (7 ,0) PORT 6: Recv/Dropped : 0/35
EDGE (7 ,0) PORT 7: Recv/Dropped : 0/21
EDGE (7 ,1) PORT 0: Recv/Dropped : 0/0
EDGE (7 ,1) PORT 1: Recv/Dropped : 0/76
EDGE (7 ,1) PORT 2: Recv/Dropped : 0/73
EDGE (7 ,1) PORT 3: Recv/Dropped : 0/75
EDGE (7 ,1) PORT 4: Recv/Dropped : 0/65
EDGE (7 ,1) PORT 5: Recv/Dropped : 0/74
EDGE (7 ,1) PORT 6: Recv/Dropped : 0/78
EDGE (7 ,1) PORT 7: Recv/Dropped : 0/99
EDGE (7 ,2) PORT 0: Recv/Dropped : 0/0
EDGE (7 ,2) PORT 1: Recv/Dropped : 0/77
EDGE (7 ,2) PORT 2: Recv/Dropped : 0/0
EDGE (7 ,2) PORT 3: Recv/Dropped : 0/0
EDGE (7 ,2) PORT 4: Recv/Dropped : 0/30
EDGE (7 ,2) PORT 5: Recv/Dropped : 0/31
EDGE (7 ,2) PORT 6: Recv/Dropped : 0/28
EDGE (7 ,2) PORT 7: Recv/Dropped : 0/24
EDGE (7 ,3) PORT 0: Recv/Dropped : 0/73
EDGE (7 ,3) PORT 1: Recv/Dropped : 0/2
EDGE (7 ,3) PORT 2: Recv/Dropped : 0/72
EDGE (7 ,3) PORT 3: Recv/Dropped : 0/4
EDGE (7 ,3) PORT 4: Recv/Dropped : 0/66
EDGE (7 ,3) PORT 5: Recv/Dropped : 0/42
EDGE (7 ,3) PORT 6: Recv/Dropped : 0/49
EDGE (7 ,3) PORT 7: Recv/Dropped : 0/58
 -- AGG QUEUE STATISTICS --
AGG (0 ,0) PORT 0: Recv/Dropped : 0/1657
AGG (0 ,0) PORT 1: Recv/Dropped : 1/1928
AGG (0 ,0) PORT 2: Recv/Dropped : 8/1664
AGG (0 ,0) PORT 3: Recv/Dropped : 3/1702
AGG (0 ,0) PORT 4: Recv/Dropped : 0/370
AGG (0 ,0) PORT 5: Recv/Dropped : 0/242
AGG (0 ,0) PORT 6: Recv/Dropped : 0/280
AGG (0 ,0) PORT 7: Recv/Dropped : 0/294
AGG (0 ,1) PORT 0: Recv/Dropped : 0/19
AGG (0 ,1) PORT 1: Recv/Dropped : 0/112
AGG (0 ,1) PORT 2: Recv/Dropped : 0/64
AGG (0 ,1) PORT 3: Recv/Dropped : 0/27
AGG (0 ,1) PORT 4: Recv/Dropped : 0/262
AGG (0 ,1) PORT 5: Recv/Dropped : 0/276
AGG (0 ,1) PORT 6: Recv/Dropped : 0/202
AGG (0 ,1) PORT 7: Recv/Dropped : 0/337
AGG (0 ,2) PORT 0: Recv/Dropped : 0/33
AGG (0 ,2) PORT 1: Recv/Dropped : 0/36
AGG (0 ,2) PORT 2: Recv/Dropped : 0/172
AGG (0 ,2) PORT 3: Recv/Dropped : 0/62
AGG (0 ,2) PORT 4: Recv/Dropped : 0/273
AGG (0 ,2) PORT 5: Recv/Dropped : 0/226
AGG (0 ,2) PORT 6: Recv/Dropped : 0/301
AGG (0 ,2) PORT 7: Recv/Dropped : 0/245
AGG (0 ,3) PORT 0: Recv/Dropped : 0/50
AGG (0 ,3) PORT 1: Recv/Dropped : 0/20
AGG (0 ,3) PORT 2: Recv/Dropped : 0/14
AGG (0 ,3) PORT 3: Recv/Dropped : 0/6
AGG (0 ,3) PORT 4: Recv/Dropped : 0/313
AGG (0 ,3) PORT 5: Recv/Dropped : 0/233
AGG (0 ,3) PORT 6: Recv/Dropped : 0/285
AGG (0 ,3) PORT 7: Recv/Dropped : 0/275
AGG (1 ,0) PORT 0: Recv/Dropped : 0/131
AGG (1 ,0) PORT 1: Recv/Dropped : 0/24
AGG (1 ,0) PORT 2: Recv/Dropped : 0/45
AGG (1 ,0) PORT 3: Recv/Dropped : 0/42
AGG (1 ,0) PORT 4: Recv/Dropped : 0/19
AGG (1 ,0) PORT 5: Recv/Dropped : 0/39
AGG (1 ,0) PORT 6: Recv/Dropped : 0/72
AGG (1 ,0) PORT 7: Recv/Dropped : 0/27
AGG (1 ,1) PORT 0: Recv/Dropped : 0/65
AGG (1 ,1) PORT 1: Recv/Dropped : 0/45
AGG (1 ,1) PORT 2: Recv/Dropped : 0/92
AGG (1 ,1) PORT 3: Recv/Dropped : 0/103
AGG (1 ,1) PORT 4: Recv/Dropped : 0/76
AGG (1 ,1) PORT 5: Recv/Dropped : 0/89
AGG (1 ,1) PORT 6: Recv/Dropped : 0/121
AGG (1 ,1) PORT 7: Recv/Dropped : 0/74
AGG (1 ,2) PORT 0: Recv/Dropped : 0/11
AGG (1 ,2) PORT 1: Recv/Dropped : 0/53
AGG (1 ,2) PORT 2: Recv/Dropped : 0/14
AGG (1 ,2) PORT 3: Recv/Dropped : 0/11
AGG (1 ,2) PORT 4: Recv/Dropped : 0/28
AGG (1 ,2) PORT 5: Recv/Dropped : 0/116
AGG (1 ,2) PORT 6: Recv/Dropped : 0/65
AGG (1 ,2) PORT 7: Recv/Dropped : 0/35
AGG (1 ,3) PORT 0: Recv/Dropped : 0/14
AGG (1 ,3) PORT 1: Recv/Dropped : 0/18
AGG (1 ,3) PORT 2: Recv/Dropped : 0/23
AGG (1 ,3) PORT 3: Recv/Dropped : 0/21
AGG (1 ,3) PORT 4: Recv/Dropped : 0/37
AGG (1 ,3) PORT 5: Recv/Dropped : 0/52
AGG (1 ,3) PORT 6: Recv/Dropped : 0/42
AGG (1 ,3) PORT 7: Recv/Dropped : 0/38
AGG (2 ,0) PORT 0: Recv/Dropped : 0/78
AGG (2 ,0) PORT 1: Recv/Dropped : 0/39
AGG (2 ,0) PORT 2: Recv/Dropped : 0/81
AGG (2 ,0) PORT 3: Recv/Dropped : 0/36
AGG (2 ,0) PORT 4: Recv/Dropped : 0/92
AGG (2 ,0) PORT 5: Recv/Dropped : 0/30
AGG (2 ,0) PORT 6: Recv/Dropped : 0/123
AGG (2 ,0) PORT 7: Recv/Dropped : 0/42
AGG (2 ,1) PORT 0: Recv/Dropped : 0/79
AGG (2 ,1) PORT 1: Recv/Dropped : 0/33
AGG (2 ,1) PORT 2: Recv/Dropped : 0/40
AGG (2 ,1) PORT 3: Recv/Dropped : 0/71
AGG (2 ,1) PORT 4: Recv/Dropped : 0/49
AGG (2 ,1) PORT 5: Recv/Dropped : 0/49
AGG (2 ,1) PORT 6: Recv/Dropped : 0/35
AGG (2 ,1) PORT 7: Recv/Dropped : 0/162
AGG (2 ,2) PORT 0: Recv/Dropped : 0/55
AGG (2 ,2) PORT 1: Recv/Dropped : 0/14
AGG (2 ,2) PORT 2: Recv/Dropped : 0/64
AGG (2 ,2) PORT 3: Recv/Dropped : 0/87
AGG (2 ,2) PORT 4: Recv/Dropped : 0/38
AGG (2 ,2) PORT 5: Recv/Dropped : 0/99
AGG (2 ,2) PORT 6: Recv/Dropped : 0/54
AGG (2 ,2) PORT 7: Recv/Dropped : 0/71
AGG (2 ,3) PORT 0: Recv/Dropped : 0/22
AGG (2 ,3) PORT 1: Recv/Dropped : 0/28
AGG (2 ,3) PORT 2: Recv/Dropped : 0/39
AGG (2 ,3) PORT 3: Recv/Dropped : 0/53
AGG (2 ,3) PORT 4: Recv/Dropped : 0/55
AGG (2 ,3) PORT 5: Recv/Dropped : 0/99
AGG (2 ,3) PORT 6: Recv/Dropped : 0/67
AGG (2 ,3) PORT 7: Recv/Dropped : 0/72
AGG (3 ,0) PORT 0: Recv/Dropped : 0/22
AGG (3 ,0) PORT 1: Recv/Dropped : 0/25
AGG (3 ,0) PORT 2: Recv/Dropped : 0/57
AGG (3 ,0) PORT 3: Recv/Dropped : 0/47
AGG (3 ,0) PORT 4: Recv/Dropped : 0/33
AGG (3 ,0) PORT 5: Recv/Dropped : 0/45
AGG (3 ,0) PORT 6: Recv/Dropped : 0/35
AGG (3 ,0) PORT 7: Recv/Dropped : 0/27
AGG (3 ,1) PORT 0: Recv/Dropped : 0/46
AGG (3 ,1) PORT 1: Recv/Dropped : 0/16
AGG (3 ,1) PORT 2: Recv/Dropped : 0/8
AGG (3 ,1) PORT 3: Recv/Dropped : 0/10
AGG (3 ,1) PORT 4: Recv/Dropped : 0/45
AGG (3 ,1) PORT 5: Recv/Dropped : 0/34
AGG (3 ,1) PORT 6: Recv/Dropped : 0/133
AGG (3 ,1) PORT 7: Recv/Dropped : 0/36
AGG (3 ,2) PORT 0: Recv/Dropped : 0/20
AGG (3 ,2) PORT 1: Recv/Dropped : 0/23
AGG (3 ,2) PORT 2: Recv/Dropped : 0/28
AGG (3 ,2) PORT 3: Recv/Dropped : 0/12
AGG (3 ,2) PORT 4: Recv/Dropped : 0/48
AGG (3 ,2) PORT 5: Recv/Dropped : 0/35
AGG (3 ,2) PORT 6: Recv/Dropped : 0/29
AGG (3 ,2) PORT 7: Recv/Dropped : 0/39
AGG (3 ,3) PORT 0: Recv/Dropped : 0/42
AGG (3 ,3) PORT 1: Recv/Dropped : 0/55
AGG (3 ,3) PORT 2: Recv/Dropped : 0/27
AGG (3 ,3) PORT 3: Recv/Dropped : 0/33
AGG (3 ,3) PORT 4: Recv/Dropped : 0/19
AGG (3 ,3) PORT 5: Recv/Dropped : 0/34
AGG (3 ,3) PORT 6: Recv/Dropped : 0/38
AGG (3 ,3) PORT 7: Recv/Dropped : 0/41
AGG (4 ,0) PORT 0: Recv/Dropped : 0/33
AGG (4 ,0) PORT 1: Recv/Dropped : 0/42
AGG (4 ,0) PORT 2: Recv/Dropped : 0/34
AGG (4 ,0) PORT 3: Recv/Dropped : 0/41
AGG (4 ,0) PORT 4: Recv/Dropped : 0/67
AGG (4 ,0) PORT 5: Recv/Dropped : 0/57
AGG (4 ,0) PORT 6: Recv/Dropped : 0/61
AGG (4 ,0) PORT 7: Recv/Dropped : 0/67
AGG (4 ,1) PORT 0: Recv/Dropped : 0/44
AGG (4 ,1) PORT 1: Recv/Dropped : 0/53
AGG (4 ,1) PORT 2: Recv/Dropped : 0/93
AGG (4 ,1) PORT 3: Recv/Dropped : 0/37
AGG (4 ,1) PORT 4: Recv/Dropped : 0/73
AGG (4 ,1) PORT 5: Recv/Dropped : 0/115
AGG (4 ,1) PORT 6: Recv/Dropped : 0/33
AGG (4 ,1) PORT 7: Recv/Dropped : 0/126
AGG (4 ,2) PORT 0: Recv/Dropped : 0/30
AGG (4 ,2) PORT 1: Recv/Dropped : 0/78
AGG (4 ,2) PORT 2: Recv/Dropped : 0/11
AGG (4 ,2) PORT 3: Recv/Dropped : 0/25
AGG (4 ,2) PORT 4: Recv/Dropped : 0/43
AGG (4 ,2) PORT 5: Recv/Dropped : 0/87
AGG (4 ,2) PORT 6: Recv/Dropped : 0/50
AGG (4 ,2) PORT 7: Recv/Dropped : 0/59
AGG (4 ,3) PORT 0: Recv/Dropped : 0/56
AGG (4 ,3) PORT 1: Recv/Dropped : 0/76
AGG (4 ,3) PORT 2: Recv/Dropped : 0/31
AGG (4 ,3) PORT 3: Recv/Dropped : 0/65
AGG (4 ,3) PORT 4: Recv/Dropped : 0/55
AGG (4 ,3) PORT 5: Recv/Dropped : 0/74
AGG (4 ,3) PORT 6: Recv/Dropped : 0/37
AGG (4 ,3) PORT 7: Recv/Dropped : 0/48
AGG (5 ,0) PORT 0: Recv/Dropped : 0/15
AGG (5 ,0) PORT 1: Recv/Dropped : 0/30
AGG (5 ,0) PORT 2: Recv/Dropped : 0/11
AGG (5 ,0) PORT 3: Recv/Dropped : 0/21
AGG (5 ,0) PORT 4: Recv/Dropped : 0/79
AGG (5 ,0) PORT 5: Recv/Dropped : 0/50
AGG (5 ,0) PORT 6: Recv/Dropped : 0/38
AGG (5 ,0) PORT 7: Recv/Dropped : 0/64
AGG (5 ,1) PORT 0: Recv/Dropped : 0/66
AGG (5 ,1) PORT 1: Recv/Dropped : 0/67
AGG (5 ,1) PORT 2: Recv/Dropped : 0/49
AGG (5 ,1) PORT 3: Recv/Dropped : 0/34
AGG (5 ,1) PORT 4: Recv/Dropped : 0/35
AGG (5 ,1) PORT 5: Recv/Dropped : 0/56
AGG (5 ,1) PORT 6: Recv/Dropped : 0/61
AGG (5 ,1) PORT 7: Recv/Dropped : 0/29
AGG (5 ,2) PORT 0: Recv/Dropped : 0/47
AGG (5 ,2) PORT 1: Recv/Dropped : 0/37
AGG (5 ,2) PORT 2: Recv/Dropped : 0/53
AGG (5 ,2) PORT 3: Recv/Dropped : 0/28
AGG (5 ,2) PORT 4: Recv/Dropped : 0/62
AGG (5 ,2) PORT 5: Recv/Dropped : 0/60
AGG (5 ,2) PORT 6: Recv/Dropped : 0/38
AGG (5 ,2) PORT 7: Recv/Dropped : 0/113
AGG (5 ,3) PORT 0: Recv/Dropped : 0/31
AGG (5 ,3) PORT 1: Recv/Dropped : 0/81
AGG (5 ,3) PORT 2: Recv/Dropped : 0/12
AGG (5 ,3) PORT 3: Recv/Dropped : 0/31
AGG (5 ,3) PORT 4: Recv/Dropped : 0/40
AGG (5 ,3) PORT 5: Recv/Dropped : 0/52
AGG (5 ,3) PORT 6: Recv/Dropped : 0/30
AGG (5 ,3) PORT 7: Recv/Dropped : 0/29
AGG (6 ,0) PORT 0: Recv/Dropped : 0/69
AGG (6 ,0) PORT 1: Recv/Dropped : 0/29
AGG (6 ,0) PORT 2: Recv/Dropped : 0/22
AGG (6 ,0) PORT 3: Recv/Dropped : 0/25
AGG (6 ,0) PORT 4: Recv/Dropped : 0/24
AGG (6 ,0) PORT 5: Recv/Dropped : 0/37
AGG (6 ,0) PORT 6: Recv/Dropped : 0/35
AGG (6 ,0) PORT 7: Recv/Dropped : 0/61
AGG (6 ,1) PORT 0: Recv/Dropped : 0/22
AGG (6 ,1) PORT 1: Recv/Dropped : 0/22
AGG (6 ,1) PORT 2: Recv/Dropped : 0/26
AGG (6 ,1) PORT 3: Recv/Dropped : 0/80
AGG (6 ,1) PORT 4: Recv/Dropped : 0/89
AGG (6 ,1) PORT 5: Recv/Dropped : 0/27
AGG (6 ,1) PORT 6: Recv/Dropped : 0/37
AGG (6 ,1) PORT 7: Recv/Dropped : 0/48
AGG (6 ,2) PORT 0: Recv/Dropped : 0/24
AGG (6 ,2) PORT 1: Recv/Dropped : 0/39
AGG (6 ,2) PORT 2: Recv/Dropped : 0/41
AGG (6 ,2) PORT 3: Recv/Dropped : 0/44
AGG (6 ,2) PORT 4: Recv/Dropped : 0/33
AGG (6 ,2) PORT 5: Recv/Dropped : 0/51
AGG (6 ,2) PORT 6: Recv/Dropped : 0/53
AGG (6 ,2) PORT 7: Recv/Dropped : 0/43
AGG (6 ,3) PORT 0: Recv/Dropped : 0/18
AGG (6 ,3) PORT 1: Recv/Dropped : 0/23
AGG (6 ,3) PORT 2: Recv/Dropped : 0/11
AGG (6 ,3) PORT 3: Recv/Dropped : 0/24
AGG (6 ,3) PORT 4: Recv/Dropped : 0/106
AGG (6 ,3) PORT 5: Recv/Dropped : 0/51
AGG (6 ,3) PORT 6: Recv/Dropped : 0/27
AGG (6 ,3) PORT 7: Recv/Dropped : 0/28
AGG (7 ,0) PORT 0: Recv/Dropped : 0/33
AGG (7 ,0) PORT 1: Recv/Dropped : 0/14
AGG (7 ,0) PORT 2: Recv/Dropped : 0/17
AGG (7 ,0) PORT 3: Recv/Dropped : 0/15
AGG (7 ,0) PORT 4: Recv/Dropped : 0/59
AGG (7 ,0) PORT 5: Recv/Dropped : 0/48
AGG (7 ,0) PORT 6: Recv/Dropped : 0/56
AGG (7 ,0) PORT 7: Recv/Dropped : 0/29
AGG (7 ,1) PORT 0: Recv/Dropped : 0/56
AGG (7 ,1) PORT 1: Recv/Dropped : 0/57
AGG (7 ,1) PORT 2: Recv/Dropped : 0/52
AGG (7 ,1) PORT 3: Recv/Dropped : 0/59
AGG (7 ,1) PORT 4: Recv/Dropped : 0/54
AGG (7 ,1) PORT 5: Recv/Dropped : 0/34
AGG (7 ,1) PORT 6: Recv/Dropped : 0/34
AGG (7 ,1) PORT 7: Recv/Dropped : 0/54
AGG (7 ,2) PORT 0: Recv/Dropped : 0/26
AGG (7 ,2) PORT 1: Recv/Dropped : 0/19
AGG (7 ,2) PORT 2: Recv/Dropped : 0/13
AGG (7 ,2) PORT 3: Recv/Dropped : 0/19
AGG (7 ,2) PORT 4: Recv/Dropped : 0/50
AGG (7 ,2) PORT 5: Recv/Dropped : 0/48
AGG (7 ,2) PORT 6: Recv/Dropped : 0/39
AGG (7 ,2) PORT 7: Recv/Dropped : 0/53
AGG (7 ,3) PORT 0: Recv/Dropped : 0/31
AGG (7 ,3) PORT 1: Recv/Dropped : 0/37
AGG (7 ,3) PORT 2: Recv/Dropped : 0/51
AGG (7 ,3) PORT 3: Recv/Dropped : 0/32
AGG (7 ,3) PORT 4: Recv/Dropped : 0/74
AGG (7 ,3) PORT 5: Recv/Dropped : 0/45
AGG (7 ,3) PORT 6: Recv/Dropped : 0/45
AGG (7 ,3) PORT 7: Recv/Dropped : 0/38


TOTAL RECEIVED PACKETS = 46522
TOTAL DROPPED PACKETS = 514