QUEUE STATISTICS FOR EXPERIMENT 8304
---------------------------
 -- EDGE QUEUE STATISTICS --
EDGE (0 ,0) PORT 0: Recv/Dropped : 675/4392
EDGE (0 ,0) PORT 1: Recv/Dropped : 0/76
EDGE (0 ,0) PORT 2: Recv/Dropped : 0/66
EDGE (0 ,0) PORT 3: Recv/Dropped : 0/66
EDGE (0 ,0) PORT 4: Recv/Dropped : 0/907
EDGE (0 ,0) PORT 5: Recv/Dropped : 0/966
EDGE (0 ,0) PORT 6: Recv/Dropped : 0/765
EDGE (0 ,0) PORT 7: Recv/Dropped : 0/786
EDGE (0 ,1) PORT 0: Recv/Dropped : 0/83
EDGE (0 ,1) PORT 1: Recv/Dropped : 0/83
EDGE (0 ,1) PORT 2: Recv/Dropped : 0/74
EDGE (0 ,1) PORT 3: Recv/Dropped : 0/83
EDGE (0 ,1) PORT 4: Recv/Dropped : 0/122
EDGE (0 ,1) PORT 5: Recv/Dropped : 0/114
EDGE (0 ,1) PORT 6: Recv/Dropped : 0/86
EDGE (0 ,1) PORT 7: Recv/Dropped : 0/102
EDGE (0 ,2) PORT 0: Recv/Dropped : 0/85
EDGE (0 ,2) PORT 1: Recv/Dropped : 0/2
EDGE (0 ,2) PORT 2: Recv/Dropped : 0/81
EDGE (0 ,2) PORT 3: Recv/Dropped : 0/2
EDGE (0 ,2) PORT 4: Recv/Dropped : 0/48
EDGE (0 ,2) PORT 5: Recv/Dropped : 0/50
EDGE (0 ,2) PORT 6: Recv/Dropped : 0/46
EDGE (0 ,2) PORT 7: Recv/Dropped : 0/72
EDGE (0 ,3) PORT 0: Recv/Dropped : 0/74
EDGE (0 ,3) PORT 1: Recv/Dropped : 0/79
EDGE (0 ,3) PORT 2: Recv/Dropped : 0/69
EDGE (0 ,3) PORT 3: Recv/Dropped : 0/2
EDGE (0 ,3) PORT 4: Recv/Dropped : 0/70
EDGE (0 ,3) PORT 5: Recv/Dropped : 0/100
EDGE (0 ,3) PORT 6: Recv/Dropped : 0/78
EDGE (0 ,3) PORT 7: Recv/Dropped : 0/64
EDGE (1 ,0) PORT 0: Recv/Dropped : 0/86
EDGE (1 ,0) PORT 1: Recv/Dropped : 0/2
EDGE (1 ,0) PORT 2: Recv/Dropped : 0/74
EDGE (1 ,0) PORT 3: Recv/Dropped : 0/76
EDGE (1 ,0) PORT 4: Recv/Dropped : 0/96
EDGE (1 ,0) PORT 5: Recv/Dropped : 0/65
EDGE (1 ,0) PORT 6: Recv/Dropped : 0/80
EDGE (1 ,0) PORT 7: Recv/Dropped : 0/75
EDGE (1 ,1) PORT 0: Recv/Dropped : 0/94
EDGE (1 ,1) PORT 1: Recv/Dropped : 0/2
EDGE (1 ,1) PORT 2: Recv/Dropped : 0/2
EDGE (1 ,1) PORT 3: Recv/Dropped : 0/0
EDGE (1 ,1) PORT 4: Recv/Dropped : 0/19
EDGE (1 ,1) PORT 5: Recv/Dropped : 0/30
EDGE (1 ,1) PORT 6: Recv/Dropped : 0/38
EDGE (1 ,1) PORT 7: Recv/Dropped : 0/43
EDGE (1 ,2) PORT 0: Recv/Dropped : 0/2
EDGE (1 ,2) PORT 1: Recv/Dropped : 0/2
EDGE (1 ,2) PORT 2: Recv/Dropped : 0/2
EDGE (1 ,2) PORT 3: Recv/Dropped : 0/0
EDGE (1 ,2) PORT 4: Recv/Dropped : 0/7
EDGE (1 ,2) PORT 5: Recv/Dropped : 0/4
EDGE (1 ,2) PORT 6: Recv/Dropped : 0/9
EDGE (1 ,2) PORT 7: Recv/Dropped : 0/1
EDGE (1 ,3) PORT 0: Recv/Dropped : 0/2
EDGE (1 ,3) PORT 1: Recv/Dropped : 0/0
EDGE (1 ,3) PORT 2: Recv/Dropped : 0/57
EDGE (1 ,3) PORT 3: Recv/Dropped : 0/81
EDGE (1 ,3) PORT 4: Recv/Dropped : 0/76
EDGE (1 ,3) PORT 5: Recv/Dropped : 0/38
EDGE (1 ,3) PORT 6: Recv/Dropped : 0/27
EDGE (1 ,3) PORT 7: Recv/Dropped : 0/68
EDGE (2 ,0) PORT 0: Recv/Dropped : 0/2
EDGE (2 ,0) PORT 1: Recv/Dropped : 0/2
EDGE (2 ,0) PORT 2: Recv/Dropped : 0/92
EDGE (2 ,0) PORT 3: Recv/Dropped : 0/0
EDGE (2 ,0) PORT 4: Recv/Dropped : 0/33
EDGE (2 ,0) PORT 5: Recv/Dropped : 0/27
EDGE (2 ,0) PORT 6: Recv/Dropped : 0/25
EDGE (2 ,0) PORT 7: Recv/Dropped : 0/37
EDGE (2 ,1) PORT 0: Recv/Dropped : 0/75
EDGE (2 ,1) PORT 1: Recv/Dropped : 0/94
EDGE (2 ,1) PORT 2: Recv/Dropped : 0/66
EDGE (2 ,1) PORT 3: Recv/Dropped : 0/0
EDGE (2 ,1) PORT 4: Recv/Dropped : 0/45
EDGE (2 ,1) PORT 5: Recv/Dropped : 0/84
EDGE (2 ,1) PORT 6: Recv/Dropped : 0/101
EDGE (2 ,1) PORT 7: Recv/Dropped : 0/101
EDGE (2 ,2) PORT 0: Recv/Dropped : 0/0
EDGE (2 ,2) PORT 1: Recv/Dropped : 0/82
EDGE (2 ,2) PORT 2: Recv/Dropped : 0/79
EDGE (2 ,2) PORT 3: Recv/Dropped : 0/92
EDGE (2 ,2) PORT 4: Recv/Dropped : 0/63
EDGE (2 ,2) PORT 5: Recv/Dropped : 0/111
EDGE (2 ,2) PORT 6: Recv/Dropped : 0/80
EDGE (2 ,2) PORT 7: Recv/Dropped : 0/80
EDGE (2 ,3) PORT 0: Recv/Dropped : 0/2
EDGE (2 ,3) PORT 1: Recv/Dropped : 0/2
EDGE (2 ,3) PORT 2: Recv/Dropped : 0/0
EDGE (2 ,3) PORT 3: Recv/Dropped : 0/66
EDGE (2 ,3) PORT 4: Recv/Dropped : 0/42
EDGE (2 ,3) PORT 5: Recv/Dropped : 0/32
EDGE (2 ,3) PORT 6: Recv/Dropped : 0/29
EDGE (2 ,3) PORT 7: Recv/Dropped : 0/11
EDGE (3 ,0) PORT 0: Recv/Dropped : 0/74
EDGE (3 ,0) PORT 1: Recv/Dropped : 0/73
EDGE (3 ,0) PORT 2: Recv/Dropped : 0/2
EDGE (3 ,0) PORT 3: Recv/Dropped : 0/2
EDGE (3 ,0) PORT 4: Recv/Dropped : 0/55
EDGE (3 ,0) PORT 5: Recv/Dropped : 0/48
EDGE (3 ,0) PORT 6: Recv/Dropped : 0/66
EDGE (3 ,0) PORT 7: Recv/Dropped : 0/52
EDGE (3 ,1) PORT 0: Recv/Dropped : 0/75
EDGE (3 ,1) PORT 1: Recv/Dropped : 0/0
EDGE (3 ,1) PORT 2: Recv/Dropped : 0/0
EDGE (3 ,1) PORT 3: Recv/Dropped : 0/0
EDGE (3 ,1) PORT 4: Recv/Dropped : 0/42
EDGE (3 ,1) PORT 5: Recv/Dropped : 0/28
EDGE (3 ,1) PORT 6: Recv/Dropped : 0/15
EDGE (3 ,1) PORT 7: Recv/Dropped : 0/30
EDGE (3 ,2) PORT 0: Recv/Dropped : 0/0
EDGE (3 ,2) PORT 1: Recv/Dropped : 0/0
EDGE (3 ,2) PORT 2: Recv/Dropped : 0/0
EDGE (3 ,2) PORT 3: Recv/Dropped : 0/4
EDGE (3 ,2) PORT 4: Recv/Dropped : 0/3
EDGE (3 ,2) PORT 5: Recv/Dropped : 0/2
EDGE (3 ,2) PORT 6: Recv/Dropped : 0/8
EDGE (3 ,2) PORT 7: Recv/Dropped : 0/1
EDGE (3 ,3) PORT 0: Recv/Dropped : 0/3
EDGE (3 ,3) PORT 1: Recv/Dropped : 0/0
EDGE (3 ,3) PORT 2: Recv/Dropped : 0/86
EDGE (3 ,3) PORT 3: Recv/Dropped : 0/96
EDGE (3 ,3) PORT 4: Recv/Dropped : 0/57
EDGE (3 ,3) PORT 5: Recv/Dropped : 0/66
EDGE (3 ,3) PORT 6: Recv/Dropped : 0/70
EDGE (3 ,3) PORT 7: Recv/Dropped : 0/41
EDGE (4 ,0) PORT 0: Recv/Dropped : 0/0
EDGE (4 ,0) PORT 1: Recv/Dropped : 0/72
EDGE (4 ,0) PORT 2: Recv/Dropped : 0/0
EDGE (4 ,0) PORT 3: Recv/Dropped : 0/0
EDGE (4 ,0) PORT 4: Recv/Dropped : 0/23
EDGE (4 ,0) PORT 5: Recv/Dropped : 0/28
EDGE (4 ,0) PORT 6: Recv/Dropped : 0/40
EDGE (4 ,0) PORT 7: Recv/Dropped : 0/31
EDGE (4 ,1) PORT 0: Recv/Dropped : 0/0
EDGE (4 ,1) PORT 1: Recv/Dropped : 0/77
EDGE (4 ,1) PORT 2: Recv/Dropped : 0/0
EDGE (4 ,1) PORT 3: Recv/Dropped : 0/0
EDGE (4 ,1) PORT 4: Recv/Dropped : 0/41
EDGE (4 ,1) PORT 5: Recv/Dropped : 0/35
EDGE (4 ,1) PORT 6: Recv/Dropped : 0/18
EDGE (4 ,1) PORT 7: Recv/Dropped : 0/23
EDGE (4 ,2) PORT 0: Recv/Dropped : 0/2
EDGE (4 ,2) PORT 1: Recv/Dropped : 0/0
EDGE (4 ,2) PORT 2: Recv/Dropped : 0/0
EDGE (4 ,2) PORT 3: Recv/Dropped : 0/0
EDGE (4 ,2) PORT 4: Recv/Dropped : 0/3
EDGE (4 ,2) PORT 5: Recv/Dropped : 0/6
EDGE (4 ,2) PORT 6: Recv/Dropped : 0/2
EDGE (4 ,2) PORT 7: Recv/Dropped : 0/4
EDGE (4 ,3) PORT 0: Recv/Dropped : 0/0
EDGE (4 ,3) PORT 1: Recv/Dropped : 0/0
EDGE (4 ,3) PORT 2: Recv/Dropped : 0/2
EDGE (4 ,3) PORT 3: Recv/Dropped : 0/0
EDGE (4 ,3) PORT 4: Recv/Dropped : 0/4
EDGE (4 ,3) PORT 5: Recv/Dropped : 0/6
EDGE (4 ,3) PORT 6: Recv/Dropped : 0/1
EDGE (4 ,3) PORT 7: Recv/Dropped : 0/4
EDGE (5 ,0) PORT 0: Recv/Dropped : 0/68
EDGE (5 ,0) PORT 1: Recv/Dropped : 0/0
EDGE (5 ,0) PORT 2: Recv/Dropped : 0/0
EDGE (5 ,0) PORT 3: Recv/Dropped : 0/0
EDGE (5 ,0) PORT 4: Recv/Dropped : 0/40
EDGE (5 ,0) PORT 5: Recv/Dropped : 0/25
EDGE (5 ,0) PORT 6: Recv/Dropped : 0/21
EDGE (5 ,0) PORT 7: Recv/Dropped : 0/25
EDGE (5 ,1) PORT 0: Recv/Dropped : 0/0
EDGE (5 ,1) PORT 1: Recv/Dropped : 0/76
EDGE (5 ,1) PORT 2: Recv/Dropped : 0/0
EDGE (5 ,1) PORT 3: Recv/Dropped : 0/2
EDGE (5 ,1) PORT 4: Recv/Dropped : 0/54
EDGE (5 ,1) PORT 5: Recv/Dropped : 0/20
EDGE (5 ,1) PORT 6: Recv/Dropped : 0/26
EDGE (5 ,1) PORT 7: Recv/Dropped : 0/14
EDGE (5 ,2) PORT 0: Recv/Dropped : 0/0
EDGE (5 ,2) PORT 1: Recv/Dropped : 0/0
EDGE (5 ,2) PORT 2: Recv/Dropped : 0/0
EDGE (5 ,2) PORT 3: Recv/Dropped : 0/91
EDGE (5 ,2) PORT 4: Recv/Dropped : 0/20
EDGE (5 ,2) PORT 5: Recv/Dropped : 0/48
EDGE (5 ,2) PORT 6: Recv/Dropped : 0/26
EDGE (5 ,2) PORT 7: Recv/Dropped : 0/26
EDGE (5 ,3) PORT 0: Recv/Dropped : 0/89
EDGE (5 ,3) PORT 1: Recv/Dropped : 0/76
EDGE (5 ,3) PORT 2: Recv/Dropped : 0/69
EDGE (5 ,3) PORT 3: Recv/Dropped : 0/0
EDGE (5 ,3) PORT 4: Recv/Dropped : 0/107
EDGE (5 ,3) PORT 5: Recv/Dropped : 0/86
EDGE (5 ,3) PORT 6: Recv/Dropped : 0/90
EDGE (5 ,3) PORT 7: Recv/Dropped : 0/47
EDGE (6 ,0) PORT 0: Recv/Dropped : 0/82
EDGE (6 ,0) PORT 1: Recv/Dropped : 0/0
EDGE (6 ,0) PORT 2: Recv/Dropped : 0/0
EDGE (6 ,0) PORT 3: Recv/Dropped : 0/2
EDGE (6 ,0) PORT 4: Recv/Dropped : 0/27
EDGE (6 ,0) PORT 5: Recv/Dropped : 0/35
EDGE (6 ,0) PORT 6: Recv/Dropped : 0/27
EDGE (6 ,0) PORT 7: Recv/Dropped : 0/29
EDGE (6 ,1) PORT 0: Recv/Dropped : 0/0
EDGE (6 ,1) PORT 1: Recv/Dropped : 0/2
EDGE (6 ,1) PORT 2: Recv/Dropped : 0/0
EDGE (6 ,1) PORT 3: Recv/Dropped : 0/0
EDGE (6 ,1) PORT 4: Recv/Dropped : 0/3
EDGE (6 ,1) PORT 5: Recv/Dropped : 0/6
EDGE (6 ,1) PORT 6: Recv/Dropped : 0/3
EDGE (6 ,1) PORT 7: Recv/Dropped : 0/3
EDGE (6 ,2) PORT 0: Recv/Dropped : 0/70
EDGE (6 ,2) PORT 1: Recv/Dropped : 0/0
EDGE (6 ,2) PORT 2: Recv/Dropped : 0/98
EDGE (6 ,2) PORT 3: Recv/Dropped : 0/0
EDGE (6 ,2) PORT 4: Recv/Dropped : 0/57
EDGE (6 ,2) PORT 5: Recv/Dropped : 0/34
EDGE (6 ,2) PORT 6: Recv/Dropped : 0/92
EDGE (6 ,2) PORT 7: Recv/Dropped : 0/51
EDGE (6 ,3) PORT 0: Recv/Dropped : 0/0
EDGE (6 ,3) PORT 1: Recv/Dropped : 0/0
EDGE (6 ,3) PORT 2: Recv/Dropped : 0/2
EDGE (6 ,3) PORT 3: Recv/Dropped : 0/0
EDGE (6 ,3) PORT 4: Recv/Dropped : 0/1
EDGE (6 ,3) PORT 5: Recv/Dropped : 0/6
EDGE (6 ,3) PORT 6: Recv/Dropped : 0/4
EDGE (6 ,3) PORT 7: Recv/Dropped : 0/4
EDGE (7 ,0) PORT 0: Recv/Dropped : 0/2
EDGE (7 ,0) PORT 1: Recv/Dropped : 0/86
EDGE (7 ,0) PORT 2: Recv/Dropped : 0/0
EDGE (7 ,0) PORT 3: Recv/Dropped : 0/2
EDGE (7 ,0) PORT 4: Recv/Dropped : 0/35
EDGE (7 ,0) PORT 5: Recv/Dropped : 0/27
EDGE (7 ,0) PORT 6: Recv/Dropped : 0/45
EDGE (7 ,0) PORT 7: Recv/Dropped : 0/14
EDGE (7 ,1) PORT 0: Recv/Dropped : 0/0
EDGE (7 ,1) PORT 1: Recv/Dropped : 0/0
EDGE (7 ,1) PORT 2: Recv/Dropped : 0/0
EDGE (7 ,1) PORT 3: Recv/Dropped : 0/0
EDGE (7 ,1) PORT 4: Recv/Dropped : 0/2
EDGE (7 ,1) PORT 5: Recv/Dropped : 0/3
EDGE (7 ,1) PORT 6: Recv/Dropped : 0/3
EDGE (7 ,1) PORT 7: Recv/Dropped : 0/4
EDGE (7 ,2) PORT 0: Recv/Dropped : 0/91
EDGE (7 ,2) PORT 1: Recv/Dropped : 0/0
EDGE (7 ,2) PORT 2: Recv/Dropped : 0/0
EDGE (7 ,2) PORT 3: Recv/Dropped : 0/2
EDGE (7 ,2) PORT 4: Recv/Dropped : 0/27
EDGE (7 ,2) PORT 5: Recv/Dropped : 0/34
EDGE (7 ,2) PORT 6: Recv/Dropped : 0/35
EDGE (7 ,2) PORT 7: Recv/Dropped : 0/30
EDGE (7 ,3) PORT 0: Recv/Dropped : 0/93
EDGE (7 ,3) PORT 1: Recv/Dropped : 0/0
EDGE (7 ,3) PORT 2: Recv/Dropped : 0/0
EDGE (7 ,3) PORT 3: Recv/Dropped : 0/0
EDGE (7 ,3) PORT 4: Recv/Dropped : 0/39
EDGE (7 ,3) PORT 5: Recv/Dropped : 0/37
EDGE (7 ,3) PORT 6: Recv/Dropped : 0/16
EDGE (7 ,3) PORT 7: Recv/Dropped : 0/29
 -- AGG QUEUE STATISTICS --
AGG (0 ,0) PORT 0: Recv/Dropped : 5/1256
AGG (0 ,0) PORT 1: Recv/Dropped : 16/1219
AGG (0 ,0) PORT 2: Recv/Dropped : 31/1176
AGG (0 ,0) PORT 3: Recv/Dropped : 12/1104
AGG (0 ,0) PORT 4: Recv/Dropped : 0/230
AGG (0 ,0) PORT 5: Recv/Dropped : 0/143
AGG (0 ,0) PORT 6: Recv/Dropped : 0/181
AGG (0 ,0) PORT 7: Recv/Dropped : 0/174
AGG (0 ,1) PORT 0: Recv/Dropped : 0/114
AGG (0 ,1) PORT 1: Recv/Dropped : 0/85
AGG (0 ,1) PORT 2: Recv/Dropped : 0/66
AGG (0 ,1) PORT 3: Recv/Dropped : 0/58
AGG (0 ,1) PORT 4: Recv/Dropped : 0/191
AGG (0 ,1) PORT 5: Recv/Dropped : 0/218
AGG (0 ,1) PORT 6: Recv/Dropped : 0/193
AGG (0 ,1) PORT 7: Recv/Dropped : 0/183
AGG (0 ,2) PORT 0: Recv/Dropped : 0/26
AGG (0 ,2) PORT 1: Recv/Dropped : 0/61
AGG (0 ,2) PORT 2: Recv/Dropped : 0/25
AGG (0 ,2) PORT 3: Recv/Dropped : 0/58
AGG (0 ,2) PORT 4: Recv/Dropped : 0/155
AGG (0 ,2) PORT 5: Recv/Dropped : 0/153
AGG (0 ,2) PORT 6: Recv/Dropped : 0/131
AGG (0 ,2) PORT 7: Recv/Dropped : 0/142
AGG (0 ,3) PORT 0: Recv/Dropped : 0/39
AGG (0 ,3) PORT 1: Recv/Dropped : 0/35
AGG (0 ,3) PORT 2: Recv/Dropped : 0/93
AGG (0 ,3) PORT 3: Recv/Dropped : 0/57
AGG (0 ,3) PORT 4: Recv/Dropped : 0/166
AGG (0 ,3) PORT 5: Recv/Dropped : 0/156
AGG (0 ,3) PORT 6: Recv/Dropped : 0/115
AGG (0 ,3) PORT 7: Recv/Dropped : 0/176
AGG (1 ,0) PORT 0: Recv/Dropped : 0/47
AGG (1 ,0) PORT 1: Recv/Dropped : 0/50
AGG (1 ,0) PORT 2: Recv/Dropped : 0/74
AGG (1 ,0) PORT 3: Recv/Dropped : 0/67
AGG (1 ,0) PORT 4: Recv/Dropped : 0/55
AGG (1 ,0) PORT 5: Recv/Dropped : 0/51
AGG (1 ,0) PORT 6: Recv/Dropped : 0/40
AGG (1 ,0) PORT 7: Recv/Dropped : 0/52
AGG (1 ,1) PORT 0: Recv/Dropped : 0/18
AGG (1 ,1) PORT 1: Recv/Dropped : 0/23
AGG (1 ,1) PORT 2: Recv/Dropped : 0/29
AGG (1 ,1) PORT 3: Recv/Dropped : 0/28
AGG (1 ,1) PORT 4: Recv/Dropped : 0/35
AGG (1 ,1) PORT 5: Recv/Dropped : 0/26
AGG (1 ,1) PORT 6: Recv/Dropped : 0/35
AGG (1 ,1) PORT 7: Recv/Dropped : 0/41
AGG (1 ,2) PORT 0: Recv/Dropped : 0/1
AGG (1 ,2) PORT 1: Recv/Dropped : 0/2
AGG (1 ,2) PORT 2: Recv/Dropped : 0/2
AGG (1 ,2) PORT 3: Recv/Dropped : 0/1
AGG (1 ,2) PORT 4: Recv/Dropped : 0/19
AGG (1 ,2) PORT 5: Recv/Dropped : 0/66
AGG (1 ,2) PORT 6: Recv/Dropped : 0/35
AGG (1 ,2) PORT 7: Recv/Dropped : 0/34
AGG (1 ,3) PORT 0: Recv/Dropped : 0/35
AGG (1 ,3) PORT 1: Recv/Dropped : 0/44
AGG (1 ,3) PORT 2: Recv/Dropped : 0/29
AGG (1 ,3) PORT 3: Recv/Dropped : 0/32
AGG (1 ,3) PORT 4: Recv/Dropped : 0/38
AGG (1 ,3) PORT 5: Recv/Dropped : 0/66
AGG (1 ,3) PORT 6: Recv/Dropped : 0/54
AGG (1 ,3) PORT 7: Recv/Dropped : 0/29
AGG (2 ,0) PORT 0: Recv/Dropped : 0/33
AGG (2 ,0) PORT 1: Recv/Dropped : 0/34
AGG (2 ,0) PORT 2: Recv/Dropped : 0/19
AGG (2 ,0) PORT 3: Recv/Dropped : 0/10
AGG (2 ,0) PORT 4: Recv/Dropped : 0/52
AGG (2 ,0) PORT 5: Recv/Dropped : 0/33
AGG (2 ,0) PORT 6: Recv/Dropped : 0/47
AGG (2 ,0) PORT 7: Recv/Dropped : 0/51
AGG (2 ,1) PORT 0: Recv/Dropped : 0/66
AGG (2 ,1) PORT 1: Recv/Dropped : 0/60
AGG (2 ,1) PORT 2: Recv/Dropped : 0/59
AGG (2 ,1) PORT 3: Recv/Dropped : 0/50
AGG (2 ,1) PORT 4: Recv/Dropped : 0/60
AGG (2 ,1) PORT 5: Recv/Dropped : 0/55
AGG (2 ,1) PORT 6: Recv/Dropped : 0/78
AGG (2 ,1) PORT 7: Recv/Dropped : 0/61
AGG (2 ,2) PORT 0: Recv/Dropped : 0/81
AGG (2 ,2) PORT 1: Recv/Dropped : 0/79
AGG (2 ,2) PORT 2: Recv/Dropped : 0/42
AGG (2 ,2) PORT 3: Recv/Dropped : 0/51
AGG (2 ,2) PORT 4: Recv/Dropped : 0/51
AGG (2 ,2) PORT 5: Recv/Dropped : 0/46
AGG (2 ,2) PORT 6: Recv/Dropped : 0/75
AGG (2 ,2) PORT 7: Recv/Dropped : 0/63
AGG (2 ,3) PORT 0: Recv/Dropped : 0/18
AGG (2 ,3) PORT 1: Recv/Dropped : 0/19
AGG (2 ,3) PORT 2: Recv/Dropped : 0/17
AGG (2 ,3) PORT 3: Recv/Dropped : 0/16
AGG (2 ,3) PORT 4: Recv/Dropped : 0/56
AGG (2 ,3) PORT 5: Recv/Dropped : 0/49
AGG (2 ,3) PORT 6: Recv/Dropped : 0/68
AGG (2 ,3) PORT 7: Recv/Dropped : 0/56
AGG (3 ,0) PORT 0: Recv/Dropped : 0/21
AGG (3 ,0) PORT 1: Recv/Dropped : 0/65
AGG (3 ,0) PORT 2: Recv/Dropped : 0/27
AGG (3 ,0) PORT 3: Recv/Dropped : 0/38
AGG (3 ,0) PORT 4: Recv/Dropped : 0/46
AGG (3 ,0) PORT 5: Recv/Dropped : 0/16
AGG (3 ,0) PORT 6: Recv/Dropped : 0/33
AGG (3 ,0) PORT 7: Recv/Dropped : 0/62
AGG (3 ,1) PORT 0: Recv/Dropped : 0/34
AGG (3 ,1) PORT 1: Recv/Dropped : 0/26
AGG (3 ,1) PORT 2: Recv/Dropped : 0/5
AGG (3 ,1) PORT 3: Recv/Dropped : 0/10
AGG (3 ,1) PORT 4: Recv/Dropped : 0/38
AGG (3 ,1) PORT 5: Recv/Dropped : 0/39
AGG (3 ,1) PORT 6: Recv/Dropped : 0/27
AGG (3 ,1) PORT 7: Recv/Dropped : 0/40
AGG (3 ,2) PORT 0: Recv/Dropped : 0/1
AGG (3 ,2) PORT 1: Recv/Dropped : 0/0
AGG (3 ,2) PORT 2: Recv/Dropped : 0/2
AGG (3 ,2) PORT 3: Recv/Dropped : 0/1
AGG (3 ,2) PORT 4: Recv/Dropped : 0/64
AGG (3 ,2) PORT 5: Recv/Dropped : 0/29
AGG (3 ,2) PORT 6: Recv/Dropped : 0/28
AGG (3 ,2) PORT 7: Recv/Dropped : 0/38
AGG (3 ,3) PORT 0: Recv/Dropped : 0/57
AGG (3 ,3) PORT 1: Recv/Dropped : 0/48
AGG (3 ,3) PORT 2: Recv/Dropped : 0/54
AGG (3 ,3) PORT 3: Recv/Dropped : 0/26
AGG (3 ,3) PORT 4: Recv/Dropped : 0/23
AGG (3 ,3) PORT 5: Recv/Dropped : 0/20
AGG (3 ,3) PORT 6: Recv/Dropped : 0/67
AGG (3 ,3) PORT 7: Recv/Dropped : 0/14
AGG (4 ,0) PORT 0: Recv/Dropped : 0/15
AGG (4 ,0) PORT 1: Recv/Dropped : 0/25
AGG (4 ,0) PORT 2: Recv/Dropped : 0/19
AGG (4 ,0) PORT 3: Recv/Dropped : 0/13
AGG (4 ,0) PORT 4: Recv/Dropped : 0/12
AGG (4 ,0) PORT 5: Recv/Dropped : 0/11
AGG (4 ,0) PORT 6: Recv/Dropped : 0/31
AGG (4 ,0) PORT 7: Recv/Dropped : 0/17
AGG (4 ,1) PORT 0: Recv/Dropped : 0/15
AGG (4 ,1) PORT 1: Recv/Dropped : 0/32
AGG (4 ,1) PORT 2: Recv/Dropped : 0/11
AGG (4 ,1) PORT 3: Recv/Dropped : 0/19
AGG (4 ,1) PORT 4: Recv/Dropped : 0/16
AGG (4 ,1) PORT 5: Recv/Dropped : 0/22
AGG (4 ,1) PORT 6: Recv/Dropped : 0/23
AGG (4 ,1) PORT 7: Recv/Dropped : 0/14
AGG (4 ,2) PORT 0: Recv/Dropped : 0/0
AGG (4 ,2) PORT 1: Recv/Dropped : 0/1
AGG (4 ,2) PORT 2: Recv/Dropped : 0/1
AGG (4 ,2) PORT 3: Recv/Dropped : 0/0
AGG (4 ,2) PORT 4: Recv/Dropped : 0/9
AGG (4 ,2) PORT 5: Recv/Dropped : 0/18
AGG (4 ,2) PORT 6: Recv/Dropped : 0/25
AGG (4 ,2) PORT 7: Recv/Dropped : 0/9
AGG (4 ,3) PORT 0: Recv/Dropped : 0/1
AGG (4 ,3) PORT 1: Recv/Dropped : 0/0
AGG (4 ,3) PORT 2: Recv/Dropped : 0/0
AGG (4 ,3) PORT 3: Recv/Dropped : 0/1
AGG (4 ,3) PORT 4: Recv/Dropped : 0/16
AGG (4 ,3) PORT 5: Recv/Dropped : 0/22
AGG (4 ,3) PORT 6: Recv/Dropped : 0/13
AGG (4 ,3) PORT 7: Recv/Dropped : 0/11
AGG (5 ,0) PORT 0: Recv/Dropped : 0/22
AGG (5 ,0) PORT 1: Recv/Dropped : 0/18
AGG (5 ,0) PORT 2: Recv/Dropped : 0/15
AGG (5 ,0) PORT 3: Recv/Dropped : 0/13
AGG (5 ,0) PORT 4: Recv/Dropped : 0/70
AGG (5 ,0) PORT 5: Recv/Dropped : 0/81
AGG (5 ,0) PORT 6: Recv/Dropped : 0/23
AGG (5 ,0) PORT 7: Recv/Dropped : 0/47
AGG (5 ,1) PORT 0: Recv/Dropped : 0/39
AGG (5 ,1) PORT 1: Recv/Dropped : 0/13
AGG (5 ,1) PORT 2: Recv/Dropped : 0/10
AGG (5 ,1) PORT 3: Recv/Dropped : 0/16
AGG (5 ,1) PORT 4: Recv/Dropped : 0/47
AGG (5 ,1) PORT 5: Recv/Dropped : 0/37
AGG (5 ,1) PORT 6: Recv/Dropped : 0/65
AGG (5 ,1) PORT 7: Recv/Dropped : 0/30
AGG (5 ,2) PORT 0: Recv/Dropped : 0/11
AGG (5 ,2) PORT 1: Recv/Dropped : 0/16
AGG (5 ,2) PORT 2: Recv/Dropped : 0/37
AGG (5 ,2) PORT 3: Recv/Dropped : 0/27
AGG (5 ,2) PORT 4: Recv/Dropped : 0/29
AGG (5 ,2) PORT 5: Recv/Dropped : 0/42
AGG (5 ,2) PORT 6: Recv/Dropped : 0/71
AGG (5 ,2) PORT 7: Recv/Dropped : 0/21
AGG (5 ,3) PORT 0: Recv/Dropped : 0/74
AGG (5 ,3) PORT 1: Recv/Dropped : 0/63
AGG (5 ,3) PORT 2: Recv/Dropped : 0/30
AGG (5 ,3) PORT 3: Recv/Dropped : 0/67
AGG (5 ,3) PORT 4: Recv/Dropped : 0/30
AGG (5 ,3) PORT 5: Recv/Dropped : 0/47
AGG (5 ,3) PORT 6: Recv/Dropped : 0/19
AGG (5 ,3) PORT 7: Recv/Dropped : 0/16
AGG (6 ,0) PORT 0: Recv/Dropped : 0/27
AGG (6 ,0) PORT 1: Recv/Dropped : 0/22
AGG (6 ,0) PORT 2: Recv/Dropped : 0/16
AGG (6 ,0) PORT 3: Recv/Dropped : 0/19
AGG (6 ,0) PORT 4: Recv/Dropped : 0/25
AGG (6 ,0) PORT 5: Recv/Dropped : 0/12
AGG (6 ,0) PORT 6: Recv/Dropped : 0/11
AGG (6 ,0) PORT 7: Recv/Dropped : 0/40
AGG (6 ,1) PORT 0: Recv/Dropped : 0/2
AGG (6 ,1) PORT 1: Recv/Dropped : 0/0
AGG (6 ,1) PORT 2: Recv/Dropped : 0/0
AGG (6 ,1) PORT 3: Recv/Dropped : 0/0
AGG (6 ,1) PORT 4: Recv/Dropped : 0/7
AGG (6 ,1) PORT 5: Recv/Dropped : 0/11
AGG (6 ,1) PORT 6: Recv/Dropped : 0/25
AGG (6 ,1) PORT 7: Recv/Dropped : 0/38
AGG (6 ,2) PORT 0: Recv/Dropped : 0/52
AGG (6 ,2) PORT 1: Recv/Dropped : 0/38
AGG (6 ,2) PORT 2: Recv/Dropped : 0/36
AGG (6 ,2) PORT 3: Recv/Dropped : 0/42
AGG (6 ,2) PORT 4: Recv/Dropped : 0/14
AGG (6 ,2) PORT 5: Recv/Dropped : 0/28
AGG (6 ,2) PORT 6: Recv/Dropped : 0/42
AGG (6 ,2) PORT 7: Recv/Dropped : 0/42
AGG (6 ,3) PORT 0: Recv/Dropped : 0/0
AGG (6 ,3) PORT 1: Recv/Dropped : 0/0
AGG (6 ,3) PORT 2: Recv/Dropped : 0/0
AGG (6 ,3) PORT 3: Recv/Dropped : 0/2
AGG (6 ,3) PORT 4: Recv/Dropped : 0/24
AGG (6 ,3) PORT 5: Recv/Dropped : 0/32
AGG (6 ,3) PORT 6: Recv/Dropped : 0/24
AGG (6 ,3) PORT 7: Recv/Dropped : 0/7
AGG (7 ,0) PORT 0: Recv/Dropped : 0/16
AGG (7 ,0) PORT 1: Recv/Dropped : 0/28
AGG (7 ,0) PORT 2: Recv/Dropped : 0/23
AGG (7 ,0) PORT 3: Recv/Dropped : 0/23
AGG (7 ,0) PORT 4: Recv/Dropped : 0/23
AGG (7 ,0) PORT 5: Recv/Dropped : 0/32
AGG (7 ,0) PORT 6: Recv/Dropped : 0/34
AGG (7 ,0) PORT 7: Recv/Dropped : 0/14
AGG (7 ,1) PORT 0: Recv/Dropped : 0/0
AGG (7 ,1) PORT 1: Recv/Dropped : 0/0
AGG (7 ,1) PORT 2: Recv/Dropped : 0/0
AGG (7 ,1) PORT 3: Recv/Dropped : 0/0
AGG (7 ,1) PORT 4: Recv/Dropped : 0/50
AGG (7 ,1) PORT 5: Recv/Dropped : 0/19
AGG (7 ,1) PORT 6: Recv/Dropped : 0/10
AGG (7 ,1) PORT 7: Recv/Dropped : 0/22
AGG (7 ,2) PORT 0: Recv/Dropped : 0/17
AGG (7 ,2) PORT 1: Recv/Dropped : 0/46
AGG (7 ,2) PORT 2: Recv/Dropped : 0/12
AGG (7 ,2) PORT 3: Recv/Dropped : 0/18
AGG (7 ,2) PORT 4: Recv/Dropped : 0/38
AGG (7 ,2) PORT 5: Recv/Dropped : 0/32
AGG (7 ,2) PORT 6: Recv/Dropped : 0/20
AGG (7 ,2) PORT 7: Recv/Dropped : 0/9
AGG (7 ,3) PORT 0: Recv/Dropped : 0/25
AGG (7 ,3) PORT 1: Recv/Dropped : 0/33
AGG (7 ,3) PORT 2: Recv/Dropped : 0/12
AGG (7 ,3) PORT 3: Recv/Dropped : 0/23
AGG (7 ,3) PORT 4: Recv/Dropped : 0/29
AGG (7 ,3) PORT 5: Recv/Dropped : 0/23
AGG (7 ,3) PORT 6: Recv/Dropped : 0/9
AGG (7 ,3) PORT 7: Recv/Dropped : 0/16


TOTAL RECEIVED PACKETS = 31020
TOTAL DROPPED PACKETS = 739