QUEUE STATISTICS FOR EXPERIMENT 9289
---------------------------
 -- EDGE QUEUE STATISTICS --
EDGE (0 ,0) PORT 0: Recv/Dropped : 0/5076
EDGE (0 ,0) PORT 1: Recv/Dropped : 0/2408
EDGE (0 ,0) PORT 2: Recv/Dropped : 0/1566
EDGE (0 ,0) PORT 3: Recv/Dropped : 0/2546
EDGE (0 ,0) PORT 4: Recv/Dropped : 0/2635
EDGE (0 ,0) PORT 5: Recv/Dropped : 0/2710
EDGE (0 ,0) PORT 6: Recv/Dropped : 0/2598
EDGE (0 ,0) PORT 7: Recv/Dropped : 0/2577
EDGE (0 ,1) PORT 0: Recv/Dropped : 0/4341
EDGE (0 ,1) PORT 1: Recv/Dropped : 0/5106
EDGE (0 ,1) PORT 2: Recv/Dropped : 0/3951
EDGE (0 ,1) PORT 3: Recv/Dropped : 0/3776
EDGE (0 ,1) PORT 4: Recv/Dropped : 0/3323
EDGE (0 ,1) PORT 5: Recv/Dropped : 0/3275
EDGE (0 ,1) PORT 6: Recv/Dropped : 0/3309
EDGE (0 ,1) PORT 7: Recv/Dropped : 0/3179
EDGE (0 ,2) PORT 0: Recv/Dropped : 0/5224
EDGE (0 ,2) PORT 1: Recv/Dropped : 0/2194
EDGE (0 ,2) PORT 2: Recv/Dropped : 0/3409
EDGE (0 ,2) PORT 3: Recv/Dropped : 0/4448
EDGE (0 ,2) PORT 4: Recv/Dropped : 0/2701
EDGE (0 ,2) PORT 5: Recv/Dropped : 0/2852
EDGE (0 ,2) PORT 6: Recv/Dropped : 0/2772
EDGE (0 ,2) PORT 7: Recv/Dropped : 0/2737
EDGE (0 ,3) PORT 0: Recv/Dropped : 0/2487
EDGE (0 ,3) PORT 1: Recv/Dropped : 0/2309
EDGE (0 ,3) PORT 2: Recv/Dropped : 0/3678
EDGE (0 ,3) PORT 3: Recv/Dropped : 0/3004
EDGE (0 ,3) PORT 4: Recv/Dropped : 0/2678
EDGE (0 ,3) PORT 5: Recv/Dropped : 0/2697
EDGE (0 ,3) PORT 6: Recv/Dropped : 0/2713
EDGE (0 ,3) PORT 7: Recv/Dropped : 0/2677
EDGE (1 ,0) PORT 0: Recv/Dropped : 0/1367
EDGE (1 ,0) PORT 1: Recv/Dropped : 0/3563
EDGE (1 ,0) PORT 2: Recv/Dropped : 0/2422
EDGE (1 ,0) PORT 3: Recv/Dropped : 0/2700
EDGE (1 ,0) PORT 4: Recv/Dropped : 0/2004
EDGE (1 ,0) PORT 5: Recv/Dropped : 0/2014
EDGE (1 ,0) PORT 6: Recv/Dropped : 0/1996
EDGE (1 ,0) PORT 7: Recv/Dropped : 0/2025
EDGE (1 ,1) PORT 0: Recv/Dropped : 0/2538
EDGE (1 ,1) PORT 1: Recv/Dropped : 0/1375
EDGE (1 ,1) PORT 2: Recv/Dropped : 0/2944
EDGE (1 ,1) PORT 3: Recv/Dropped : 0/1998
EDGE (1 ,1) PORT 4: Recv/Dropped : 0/1884
EDGE (1 ,1) PORT 5: Recv/Dropped : 0/2014
EDGE (1 ,1) PORT 6: Recv/Dropped : 0/1817
EDGE (1 ,1) PORT 7: Recv/Dropped : 0/1904
EDGE (1 ,2) PORT 0: Recv/Dropped : 0/2705
EDGE (1 ,2) PORT 1: Recv/Dropped : 0/3570
EDGE (1 ,2) PORT 2: Recv/Dropped : 0/2635
EDGE (1 ,2) PORT 3: Recv/Dropped : 0/1876
EDGE (1 ,2) PORT 4: Recv/Dropped : 0/2474
EDGE (1 ,2) PORT 5: Recv/Dropped : 0/2423
EDGE (1 ,2) PORT 6: Recv/Dropped : 0/2477
EDGE (1 ,2) PORT 7: Recv/Dropped : 0/2522
EDGE (1 ,3) PORT 0: Recv/Dropped : 0/2931
EDGE (1 ,3) PORT 1: Recv/Dropped : 0/2378
EDGE (1 ,3) PORT 2: Recv/Dropped : 0/2561
EDGE (1 ,3) PORT 3: Recv/Dropped : 0/3926
EDGE (1 ,3) PORT 4: Recv/Dropped : 0/2436
EDGE (1 ,3) PORT 5: Recv/Dropped : 0/2420
EDGE (1 ,3) PORT 6: Recv/Dropped : 0/2376
EDGE (1 ,3) PORT 7: Recv/Dropped : 0/2470
EDGE (2 ,0) PORT 0: Recv/Dropped : 0/2072
EDGE (2 ,0) PORT 1: Recv/Dropped : 0/2728
EDGE (2 ,0) PORT 2: Recv/Dropped : 0/2297
EDGE (2 ,0) PORT 3: Recv/Dropped : 0/2121
EDGE (2 ,0) PORT 4: Recv/Dropped : 0/1782
EDGE (2 ,0) PORT 5: Recv/Dropped : 0/1748
EDGE (2 ,0) PORT 6: Recv/Dropped : 0/1862
EDGE (2 ,0) PORT 7: Recv/Dropped : 0/1798
EDGE (2 ,1) PORT 0: Recv/Dropped : 0/2042
EDGE (2 ,1) PORT 1: Recv/Dropped : 0/2517
EDGE (2 ,1) PORT 2: Recv/Dropped : 0/1642
EDGE (2 ,1) PORT 3: Recv/Dropped : 0/3426
EDGE (2 ,1) PORT 4: Recv/Dropped : 0/2309
EDGE (2 ,1) PORT 5: Recv/Dropped : 0/2258
EDGE (2 ,1) PORT 6: Recv/Dropped : 0/2287
EDGE (2 ,1) PORT 7: Recv/Dropped : 0/2241
EDGE (2 ,2) PORT 0: Recv/Dropped : 0/2876
EDGE (2 ,2) PORT 1: Recv/Dropped : 0/3579
EDGE (2 ,2) PORT 2: Recv/Dropped : 0/2166
EDGE (2 ,2) PORT 3: Recv/Dropped : 0/2340
EDGE (2 ,2) PORT 4: Recv/Dropped : 0/2144
EDGE (2 ,2) PORT 5: Recv/Dropped : 0/2254
EDGE (2 ,2) PORT 6: Recv/Dropped : 0/2134
EDGE (2 ,2) PORT 7: Recv/Dropped : 0/2160
EDGE (2 ,3) PORT 0: Recv/Dropped : 0/2294
EDGE (2 ,3) PORT 1: Recv/Dropped : 0/4973
EDGE (2 ,3) PORT 2: Recv/Dropped : 0/2812
EDGE (2 ,3) PORT 3: Recv/Dropped : 0/2827
EDGE (2 ,3) PORT 4: Recv/Dropped : 0/2221
EDGE (2 ,3) PORT 5: Recv/Dropped : 0/2199
EDGE (2 ,3) PORT 6: Recv/Dropped : 0/2215
EDGE (2 ,3) PORT 7: Recv/Dropped : 0/2156
EDGE (3 ,0) PORT 0: Recv/Dropped : 0/2286
EDGE (3 ,0) PORT 1: Recv/Dropped : 0/2741
EDGE (3 ,0) PORT 2: Recv/Dropped : 0/1785
EDGE (3 ,0) PORT 3: Recv/Dropped : 0/3758
EDGE (3 ,0) PORT 4: Recv/Dropped : 0/2258
EDGE (3 ,0) PORT 5: Recv/Dropped : 0/2217
EDGE (3 ,0) PORT 6: Recv/Dropped : 0/2300
EDGE (3 ,0) PORT 7: Recv/Dropped : 0/2177
EDGE (3 ,1) PORT 0: Recv/Dropped : 0/1854
EDGE (3 ,1) PORT 1: Recv/Dropped : 0/3071
EDGE (3 ,1) PORT 2: Recv/Dropped : 0/2086
EDGE (3 ,1) PORT 3: Recv/Dropped : 0/2497
EDGE (3 ,1) PORT 4: Recv/Dropped : 0/1573
EDGE (3 ,1) PORT 5: Recv/Dropped : 0/1523
EDGE (3 ,1) PORT 6: Recv/Dropped : 0/1601
EDGE (3 ,1) PORT 7: Recv/Dropped : 0/1603
EDGE (3 ,2) PORT 0: Recv/Dropped : 0/3808
EDGE (3 ,2) PORT 1: Recv/Dropped : 0/1950
EDGE (3 ,2) PORT 2: Recv/Dropped : 0/4426
EDGE (3 ,2) PORT 3: Recv/Dropped : 0/2358
EDGE (3 ,2) PORT 4: Recv/Dropped : 0/2473
EDGE (3 ,2) PORT 5: Recv/Dropped : 0/2466
EDGE (3 ,2) PORT 6: Recv/Dropped : 0/2398
EDGE (3 ,2) PORT 7: Recv/Dropped : 0/2482
EDGE (3 ,3) PORT 0: Recv/Dropped : 0/3490
EDGE (3 ,3) PORT 1: Recv/Dropped : 0/2894
EDGE (3 ,3) PORT 2: Recv/Dropped : 0/2366
EDGE (3 ,3) PORT 3: Recv/Dropped : 0/2853
EDGE (3 ,3) PORT 4: Recv/Dropped : 0/2432
EDGE (3 ,3) PORT 5: Recv/Dropped : 0/2440
EDGE (3 ,3) PORT 6: Recv/Dropped : 0/2440
EDGE (3 ,3) PORT 7: Recv/Dropped : 0/2427
EDGE (4 ,0) PORT 0: Recv/Dropped : 0/3736
EDGE (4 ,0) PORT 1: Recv/Dropped : 0/2007
EDGE (4 ,0) PORT 2: Recv/Dropped : 0/2545
EDGE (4 ,0) PORT 3: Recv/Dropped : 0/2388
EDGE (4 ,0) PORT 4: Recv/Dropped : 0/2498
EDGE (4 ,0) PORT 5: Recv/Dropped : 0/2417
EDGE (4 ,0) PORT 6: Recv/Dropped : 0/2463
EDGE (4 ,0) PORT 7: Recv/Dropped : 0/2440
EDGE (4 ,1) PORT 0: Recv/Dropped : 0/2208
EDGE (4 ,1) PORT 1: Recv/Dropped : 0/2808
EDGE (4 ,1) PORT 2: Recv/Dropped : 0/2111
EDGE (4 ,1) PORT 3: Recv/Dropped : 0/2428
EDGE (4 ,1) PORT 4: Recv/Dropped : 0/2242
EDGE (4 ,1) PORT 5: Recv/Dropped : 0/2272
EDGE (4 ,1) PORT 6: Recv/Dropped : 0/2246
EDGE (4 ,1) PORT 7: Recv/Dropped : 0/2202
EDGE (4 ,2) PORT 0: Recv/Dropped : 0/3187
EDGE (4 ,2) PORT 1: Recv/Dropped : 0/1953
EDGE (4 ,2) PORT 2: Recv/Dropped : 0/2720
EDGE (4 ,2) PORT 3: Recv/Dropped : 0/1662
EDGE (4 ,2) PORT 4: Recv/Dropped : 0/2371
EDGE (4 ,2) PORT 5: Recv/Dropped : 0/2459
EDGE (4 ,2) PORT 6: Recv/Dropped : 0/2297
EDGE (4 ,2) PORT 7: Recv/Dropped : 0/2413
EDGE (4 ,3) PORT 0: Recv/Dropped : 0/2750
EDGE (4 ,3) PORT 1: Recv/Dropped : 0/3049
EDGE (4 ,3) PORT 2: Recv/Dropped : 0/3510
EDGE (4 ,3) PORT 3: Recv/Dropped : 0/3551
EDGE (4 ,3) PORT 4: Recv/Dropped : 0/2858
EDGE (4 ,3) PORT 5: Recv/Dropped : 0/2745
EDGE (4 ,3) PORT 6: Recv/Dropped : 0/2873
EDGE (4 ,3) PORT 7: Recv/Dropped : 0/2792
EDGE (5 ,0) PORT 0: Recv/Dropped : 0/1527
EDGE (5 ,0) PORT 1: Recv/Dropped : 0/3714
EDGE (5 ,0) PORT 2: Recv/Dropped : 0/2970
EDGE (5 ,0) PORT 3: Recv/Dropped : 0/3888
EDGE (5 ,0) PORT 4: Recv/Dropped : 0/2799
EDGE (5 ,0) PORT 5: Recv/Dropped : 0/2717
EDGE (5 ,0) PORT 6: Recv/Dropped : 0/2751
EDGE (5 ,0) PORT 7: Recv/Dropped : 0/2702
EDGE (5 ,1) PORT 0: Recv/Dropped : 0/2791
EDGE (5 ,1) PORT 1: Recv/Dropped : 0/3792
EDGE (5 ,1) PORT 2: Recv/Dropped : 0/2675
EDGE (5 ,1) PORT 3: Recv/Dropped : 0/3781
EDGE (5 ,1) PORT 4: Recv/Dropped : 0/2282
EDGE (5 ,1) PORT 5: Recv/Dropped : 0/2289
EDGE (5 ,1) PORT 6: Recv/Dropped : 0/2327
EDGE (5 ,1) PORT 7: Recv/Dropped : 0/2170
EDGE (5 ,2) PORT 0: Recv/Dropped : 0/2955
EDGE (5 ,2) PORT 1: Recv/Dropped : 0/2710
EDGE (5 ,2) PORT 2: Recv/Dropped : 0/2644
EDGE (5 ,2) PORT 3: Recv/Dropped : 0/1930
EDGE (5 ,2) PORT 4: Recv/Dropped : 0/1985
EDGE (5 ,2) PORT 5: Recv/Dropped : 0/1814
EDGE (5 ,2) PORT 6: Recv/Dropped : 0/1903
EDGE (5 ,2) PORT 7: Recv/Dropped : 0/1933
EDGE (5 ,3) PORT 0: Recv/Dropped : 0/3419
EDGE (5 ,3) PORT 1: Recv/Dropped : 0/1696
EDGE (5 ,3) PORT 2: Recv/Dropped : 0/2980
EDGE (5 ,3) PORT 3: Recv/Dropped : 0/2326
EDGE (5 ,3) PORT 4: Recv/Dropped : 0/2058
EDGE (5 ,3) PORT 5: Recv/Dropped : 0/1984
EDGE (5 ,3) PORT 6: Recv/Dropped : 0/2102
EDGE (5 ,3) PORT 7: Recv/Dropped : 0/2080
EDGE (6 ,0) PORT 0: Recv/Dropped : 0/2002
EDGE (6 ,0) PORT 1: Recv/Dropped : 0/2973
EDGE (6 ,0) PORT 2: Recv/Dropped : 0/3149
EDGE (6 ,0) PORT 3: Recv/Dropped : 0/2225
EDGE (6 ,0) PORT 4: Recv/Dropped : 0/2093
EDGE (6 ,0) PORT 5: Recv/Dropped : 0/2156
EDGE (6 ,0) PORT 6: Recv/Dropped : 0/2108
EDGE (6 ,0) PORT 7: Recv/Dropped : 0/2174
EDGE (6 ,1) PORT 0: Recv/Dropped : 0/3678
EDGE (6 ,1) PORT 1: Recv/Dropped : 0/2912
EDGE (6 ,1) PORT 2: Recv/Dropped : 0/2768
EDGE (6 ,1) PORT 3: Recv/Dropped : 0/3256
EDGE (6 ,1) PORT 4: Recv/Dropped : 0/2015
EDGE (6 ,1) PORT 5: Recv/Dropped : 0/1938
EDGE (6 ,1) PORT 6: Recv/Dropped : 0/1985
EDGE (6 ,1) PORT 7: Recv/Dropped : 0/1952
EDGE (6 ,2) PORT 0: Recv/Dropped : 0/5244
EDGE (6 ,2) PORT 1: Recv/Dropped : 0/3262
EDGE (6 ,2) PORT 2: Recv/Dropped : 0/2036
EDGE (6 ,2) PORT 3: Recv/Dropped : 0/2294
EDGE (6 ,2) PORT 4: Recv/Dropped : 0/2782
EDGE (6 ,2) PORT 5: Recv/Dropped : 0/2814
EDGE (6 ,2) PORT 6: Recv/Dropped : 0/2853
EDGE (6 ,2) PORT 7: Recv/Dropped : 0/2802
EDGE (6 ,3) PORT 0: Recv/Dropped : 0/2952
EDGE (6 ,3) PORT 1: Recv/Dropped : 0/2444
EDGE (6 ,3) PORT 2: Recv/Dropped : 0/2949
EDGE (6 ,3) PORT 3: Recv/Dropped : 0/2595
EDGE (6 ,3) PORT 4: Recv/Dropped : 0/2301
EDGE (6 ,3) PORT 5: Recv/Dropped : 0/2298
EDGE (6 ,3) PORT 6: Recv/Dropped : 0/2301
EDGE (6 ,3) PORT 7: Recv/Dropped : 0/2332
EDGE (7 ,0) PORT 0: Recv/Dropped : 0/3012
EDGE (7 ,0) PORT 1: Recv/Dropped : 0/2163
EDGE (7 ,0) PORT 2: Recv/Dropped : 0/2673
EDGE (7 ,0) PORT 3: Recv/Dropped : 0/2200
EDGE (7 ,0) PORT 4: Recv/Dropped : 0/2235
EDGE (7 ,0) PORT 5: Recv/Dropped : 0/2261
EDGE (7 ,0) PORT 6: Recv/Dropped : 0/2318
EDGE (7 ,0) PORT 7: Recv/Dropped : 0/2221
EDGE (7 ,1) PORT 0: Recv/Dropped : 0/3333
EDGE (7 ,1) PORT 1: Recv/Dropped : 0/2435
EDGE (7 ,1) PORT 2: Recv/Dropped : 0/3062
EDGE (7 ,1) PORT 3: Recv/Dropped : 0/2230
EDGE (7 ,1) PORT 4: Recv/Dropped : 0/2010
EDGE (7 ,1) PORT 5: Recv/Dropped : 0/2004
EDGE (7 ,1) PORT 6: Recv/Dropped : 0/2005
EDGE (7 ,1) PORT 7: Recv/Dropped : 0/2066
EDGE (7 ,2) PORT 0: Recv/Dropped : 0/1701
EDGE (7 ,2) PORT 1: Recv/Dropped : 0/1453
EDGE (7 ,2) PORT 2: Recv/Dropped : 0/1838
EDGE (7 ,2) PORT 3: Recv/Dropped : 0/1416
EDGE (7 ,2) PORT 4: Recv/Dropped : 0/1659
EDGE (7 ,2) PORT 5: Recv/Dropped : 0/1706
EDGE (7 ,2) PORT 6: Recv/Dropped : 0/1678
EDGE (7 ,2) PORT 7: Recv/Dropped : 0/1634
EDGE (7 ,3) PORT 0: Recv/Dropped : 0/2492
EDGE (7 ,3) PORT 1: Recv/Dropped : 0/3145
EDGE (7 ,3) PORT 2: Recv/Dropped : 0/2035
EDGE (7 ,3) PORT 3: Recv/Dropped : 0/1567
EDGE (7 ,3) PORT 4: Recv/Dropped : 0/1837
EDGE (7 ,3) PORT 5: Recv/Dropped : 0/1813
EDGE (7 ,3) PORT 6: Recv/Dropped : 0/1798
EDGE (7 ,3) PORT 7: Recv/Dropped : 0/1779
 -- AGG QUEUE STATISTICS --
AGG (0 ,0) PORT 0: Recv/Dropped : 0/2760
AGG (0 ,0) PORT 1: Recv/Dropped : 0/2722
AGG (0 ,0) PORT 2: Recv/Dropped : 0/2708
AGG (0 ,0) PORT 3: Recv/Dropped : 0/2774
AGG (0 ,0) PORT 4: Recv/Dropped : 0/1691
AGG (0 ,0) PORT 5: Recv/Dropped : 0/1575
AGG (0 ,0) PORT 6: Recv/Dropped : 0/1622
AGG (0 ,0) PORT 7: Recv/Dropped : 0/1689
AGG (0 ,1) PORT 0: Recv/Dropped : 0/3562
AGG (0 ,1) PORT 1: Recv/Dropped : 0/3548
AGG (0 ,1) PORT 2: Recv/Dropped : 0/3497
AGG (0 ,1) PORT 3: Recv/Dropped : 0/3481
AGG (0 ,1) PORT 4: Recv/Dropped : 0/1727
AGG (0 ,1) PORT 5: Recv/Dropped : 0/1669
AGG (0 ,1) PORT 6: Recv/Dropped : 0/1660
AGG (0 ,1) PORT 7: Recv/Dropped : 0/1685
AGG (0 ,2) PORT 0: Recv/Dropped : 0/2832
AGG (0 ,2) PORT 1: Recv/Dropped : 0/2881
AGG (0 ,2) PORT 2: Recv/Dropped : 0/2818
AGG (0 ,2) PORT 3: Recv/Dropped : 0/2853
AGG (0 ,2) PORT 4: Recv/Dropped : 0/1707
AGG (0 ,2) PORT 5: Recv/Dropped : 0/1654
AGG (0 ,2) PORT 6: Recv/Dropped : 0/1597
AGG (0 ,2) PORT 7: Recv/Dropped : 0/1688
AGG (0 ,3) PORT 0: Recv/Dropped : 0/2546
AGG (0 ,3) PORT 1: Recv/Dropped : 0/2627
AGG (0 ,3) PORT 2: Recv/Dropped : 0/2506
AGG (0 ,3) PORT 3: Recv/Dropped : 0/2524
AGG (0 ,3) PORT 4: Recv/Dropped : 0/1599
AGG (0 ,3) PORT 5: Recv/Dropped : 0/1599
AGG (0 ,3) PORT 6: Recv/Dropped : 0/1681
AGG (0 ,3) PORT 7: Recv/Dropped : 0/1653
AGG (1 ,0) PORT 0: Recv/Dropped : 0/2064
AGG (1 ,0) PORT 1: Recv/Dropped : 0/2110
AGG (1 ,0) PORT 2: Recv/Dropped : 0/2137
AGG (1 ,0) PORT 3: Recv/Dropped : 0/2117
AGG (1 ,0) PORT 4: Recv/Dropped : 0/1374
AGG (1 ,0) PORT 5: Recv/Dropped : 0/1392
AGG (1 ,0) PORT 6: Recv/Dropped : 0/1407
AGG (1 ,0) PORT 7: Recv/Dropped : 0/1427
AGG (1 ,1) PORT 0: Recv/Dropped : 0/1713
AGG (1 ,1) PORT 1: Recv/Dropped : 0/1677
AGG (1 ,1) PORT 2: Recv/Dropped : 0/1699
AGG (1 ,1) PORT 3: Recv/Dropped : 0/1751
AGG (1 ,1) PORT 4: Recv/Dropped : 0/1412
AGG (1 ,1) PORT 5: Recv/Dropped : 0/1399
AGG (1 ,1) PORT 6: Recv/Dropped : 0/1424
AGG (1 ,1) PORT 7: Recv/Dropped : 0/1443
AGG (1 ,2) PORT 0: Recv/Dropped : 0/2491
AGG (1 ,2) PORT 1: Recv/Dropped : 0/2390
AGG (1 ,2) PORT 2: Recv/Dropped : 0/2447
AGG (1 ,2) PORT 3: Recv/Dropped : 0/2352
AGG (1 ,2) PORT 4: Recv/Dropped : 0/1328
AGG (1 ,2) PORT 5: Recv/Dropped : 0/1362
AGG (1 ,2) PORT 6: Recv/Dropped : 0/1407
AGG (1 ,2) PORT 7: Recv/Dropped : 0/1374
AGG (1 ,3) PORT 0: Recv/Dropped : 0/2537
AGG (1 ,3) PORT 1: Recv/Dropped : 0/2635
AGG (1 ,3) PORT 2: Recv/Dropped : 0/2542
AGG (1 ,3) PORT 3: Recv/Dropped : 0/2532
AGG (1 ,3) PORT 4: Recv/Dropped : 0/1405
AGG (1 ,3) PORT 5: Recv/Dropped : 0/1414
AGG (1 ,3) PORT 6: Recv/Dropped : 0/1421
AGG (1 ,3) PORT 7: Recv/Dropped : 0/1397
AGG (2 ,0) PORT 0: Recv/Dropped : 0/1894
AGG (2 ,0) PORT 1: Recv/Dropped : 0/1917
AGG (2 ,0) PORT 2: Recv/Dropped : 0/1958
AGG (2 ,0) PORT 3: Recv/Dropped : 0/1863
AGG (2 ,0) PORT 4: Recv/Dropped : 0/1247
AGG (2 ,0) PORT 5: Recv/Dropped : 0/1273
AGG (2 ,0) PORT 6: Recv/Dropped : 0/1251
AGG (2 ,0) PORT 7: Recv/Dropped : 0/1268
AGG (2 ,1) PORT 0: Recv/Dropped : 0/2137
AGG (2 ,1) PORT 1: Recv/Dropped : 0/2142
AGG (2 ,1) PORT 2: Recv/Dropped : 0/2235
AGG (2 ,1) PORT 3: Recv/Dropped : 0/2165
AGG (2 ,1) PORT 4: Recv/Dropped : 0/1247
AGG (2 ,1) PORT 5: Recv/Dropped : 0/1257
AGG (2 ,1) PORT 6: Recv/Dropped : 0/1267
AGG (2 ,1) PORT 7: Recv/Dropped : 0/1242
AGG (2 ,2) PORT 0: Recv/Dropped : 0/2087
AGG (2 ,2) PORT 1: Recv/Dropped : 0/2175
AGG (2 ,2) PORT 2: Recv/Dropped : 0/2073
AGG (2 ,2) PORT 3: Recv/Dropped : 0/2100
AGG (2 ,2) PORT 4: Recv/Dropped : 0/1303
AGG (2 ,2) PORT 5: Recv/Dropped : 0/1279
AGG (2 ,2) PORT 6: Recv/Dropped : 0/1272
AGG (2 ,2) PORT 7: Recv/Dropped : 0/1191
AGG (2 ,3) PORT 0: Recv/Dropped : 0/2197
AGG (2 ,3) PORT 1: Recv/Dropped : 0/2154
AGG (2 ,3) PORT 2: Recv/Dropped : 0/2198
AGG (2 ,3) PORT 3: Recv/Dropped : 0/2162
AGG (2 ,3) PORT 4: Recv/Dropped : 0/1274
AGG (2 ,3) PORT 5: Recv/Dropped : 0/1253
AGG (2 ,3) PORT 6: Recv/Dropped : 0/1193
AGG (2 ,3) PORT 7: Recv/Dropped : 0/1224
AGG (3 ,0) PORT 0: Recv/Dropped : 0/2238
AGG (3 ,0) PORT 1: Recv/Dropped : 0/2181
AGG (3 ,0) PORT 2: Recv/Dropped : 0/2177
AGG (3 ,0) PORT 3: Recv/Dropped : 0/2270
AGG (3 ,0) PORT 4: Recv/Dropped : 0/1426
AGG (3 ,0) PORT 5: Recv/Dropped : 0/1374
AGG (3 ,0) PORT 6: Recv/Dropped : 0/1390
AGG (3 ,0) PORT 7: Recv/Dropped : 0/1414
AGG (3 ,1) PORT 0: Recv/Dropped : 0/1684
AGG (3 ,1) PORT 1: Recv/Dropped : 0/1643
AGG (3 ,1) PORT 2: Recv/Dropped : 0/1627
AGG (3 ,1) PORT 3: Recv/Dropped : 0/1603
AGG (3 ,1) PORT 4: Recv/Dropped : 0/1350
AGG (3 ,1) PORT 5: Recv/Dropped : 0/1376
AGG (3 ,1) PORT 6: Recv/Dropped : 0/1370
AGG (3 ,1) PORT 7: Recv/Dropped : 0/1395
AGG (3 ,2) PORT 0: Recv/Dropped : 0/2488
AGG (3 ,2) PORT 1: Recv/Dropped : 0/2544
AGG (3 ,2) PORT 2: Recv/Dropped : 0/2584
AGG (3 ,2) PORT 3: Recv/Dropped : 0/2437
AGG (3 ,2) PORT 4: Recv/Dropped : 0/1373
AGG (3 ,2) PORT 5: Recv/Dropped : 0/1422
AGG (3 ,2) PORT 6: Recv/Dropped : 0/1396
AGG (3 ,2) PORT 7: Recv/Dropped : 0/1436
AGG (3 ,3) PORT 0: Recv/Dropped : 0/2325
AGG (3 ,3) PORT 1: Recv/Dropped : 0/2271
AGG (3 ,3) PORT 2: Recv/Dropped : 0/2358
AGG (3 ,3) PORT 3: Recv/Dropped : 0/2295
AGG (3 ,3) PORT 4: Recv/Dropped : 0/1387
AGG (3 ,3) PORT 5: Recv/Dropped : 0/1405
AGG (3 ,3) PORT 6: Recv/Dropped : 0/1375
AGG (3 ,3) PORT 7: Recv/Dropped : 0/1359
AGG (4 ,0) PORT 0: Recv/Dropped : 0/2517
AGG (4 ,0) PORT 1: Recv/Dropped : 0/2514
AGG (4 ,0) PORT 2: Recv/Dropped : 0/2485
AGG (4 ,0) PORT 3: Recv/Dropped : 0/2501
AGG (4 ,0) PORT 4: Recv/Dropped : 0/1732
AGG (4 ,0) PORT 5: Recv/Dropped : 0/1693
AGG (4 ,0) PORT 6: Recv/Dropped : 0/1608
AGG (4 ,0) PORT 7: Recv/Dropped : 0/1646
AGG (4 ,1) PORT 0: Recv/Dropped : 0/2014
AGG (4 ,1) PORT 1: Recv/Dropped : 0/1858
AGG (4 ,1) PORT 2: Recv/Dropped : 0/1904
AGG (4 ,1) PORT 3: Recv/Dropped : 0/1941
AGG (4 ,1) PORT 4: Recv/Dropped : 0/1704
AGG (4 ,1) PORT 5: Recv/Dropped : 0/1602
AGG (4 ,1) PORT 6: Recv/Dropped : 0/1697
AGG (4 ,1) PORT 7: Recv/Dropped : 0/1642
AGG (4 ,2) PORT 0: Recv/Dropped : 0/2205
AGG (4 ,2) PORT 1: Recv/Dropped : 0/2130
AGG (4 ,2) PORT 2: Recv/Dropped : 0/2174
AGG (4 ,2) PORT 3: Recv/Dropped : 0/2222
AGG (4 ,2) PORT 4: Recv/Dropped : 0/1606
AGG (4 ,2) PORT 5: Recv/Dropped : 0/1696
AGG (4 ,2) PORT 6: Recv/Dropped : 0/1699
AGG (4 ,2) PORT 7: Recv/Dropped : 0/1749
AGG (4 ,3) PORT 0: Recv/Dropped : 0/2831
AGG (4 ,3) PORT 1: Recv/Dropped : 0/2876
AGG (4 ,3) PORT 2: Recv/Dropped : 0/2836
AGG (4 ,3) PORT 3: Recv/Dropped : 0/2895
AGG (4 ,3) PORT 4: Recv/Dropped : 0/1662
AGG (4 ,3) PORT 5: Recv/Dropped : 0/1674
AGG (4 ,3) PORT 6: Recv/Dropped : 0/1686
AGG (4 ,3) PORT 7: Recv/Dropped : 0/1629
AGG (5 ,0) PORT 0: Recv/Dropped : 0/2859
AGG (5 ,0) PORT 1: Recv/Dropped : 0/2750
AGG (5 ,0) PORT 2: Recv/Dropped : 0/2802
AGG (5 ,0) PORT 3: Recv/Dropped : 0/2703
AGG (5 ,0) PORT 4: Recv/Dropped : 0/1440
AGG (5 ,0) PORT 5: Recv/Dropped : 0/1568
AGG (5 ,0) PORT 6: Recv/Dropped : 0/1517
AGG (5 ,0) PORT 7: Recv/Dropped : 0/1451
AGG (5 ,1) PORT 0: Recv/Dropped : 0/2220
AGG (5 ,1) PORT 1: Recv/Dropped : 0/2243
AGG (5 ,1) PORT 2: Recv/Dropped : 0/2299
AGG (5 ,1) PORT 3: Recv/Dropped : 0/2271
AGG (5 ,1) PORT 4: Recv/Dropped : 0/1425
AGG (5 ,1) PORT 5: Recv/Dropped : 0/1418
AGG (5 ,1) PORT 6: Recv/Dropped : 0/1466
AGG (5 ,1) PORT 7: Recv/Dropped : 0/1451
AGG (5 ,2) PORT 0: Recv/Dropped : 0/2137
AGG (5 ,2) PORT 1: Recv/Dropped : 0/2120
AGG (5 ,2) PORT 2: Recv/Dropped : 0/2167
AGG (5 ,2) PORT 3: Recv/Dropped : 0/1953
AGG (5 ,2) PORT 4: Recv/Dropped : 0/1503
AGG (5 ,2) PORT 5: Recv/Dropped : 0/1479
AGG (5 ,2) PORT 6: Recv/Dropped : 0/1468
AGG (5 ,2) PORT 7: Recv/Dropped : 0/1457
AGG (5 ,3) PORT 0: Recv/Dropped : 0/2247
AGG (5 ,3) PORT 1: Recv/Dropped : 0/2266
AGG (5 ,3) PORT 2: Recv/Dropped : 0/2303
AGG (5 ,3) PORT 3: Recv/Dropped : 0/2220
AGG (5 ,3) PORT 4: Recv/Dropped : 0/1467
AGG (5 ,3) PORT 5: Recv/Dropped : 0/1504
AGG (5 ,3) PORT 6: Recv/Dropped : 0/1478
AGG (5 ,3) PORT 7: Recv/Dropped : 0/1505
AGG (6 ,0) PORT 0: Recv/Dropped : 0/2283
AGG (6 ,0) PORT 1: Recv/Dropped : 0/2303
AGG (6 ,0) PORT 2: Recv/Dropped : 0/2318
AGG (6 ,0) PORT 3: Recv/Dropped : 0/2309
AGG (6 ,0) PORT 4: Recv/Dropped : 0/1257
AGG (6 ,0) PORT 5: Recv/Dropped : 0/1328
AGG (6 ,0) PORT 6: Recv/Dropped : 0/1285
AGG (6 ,0) PORT 7: Recv/Dropped : 0/1274
AGG (6 ,1) PORT 0: Recv/Dropped : 0/1931
AGG (6 ,1) PORT 1: Recv/Dropped : 0/1894
AGG (6 ,1) PORT 2: Recv/Dropped : 0/1930
AGG (6 ,1) PORT 3: Recv/Dropped : 0/1960
AGG (6 ,1) PORT 4: Recv/Dropped : 0/1263
AGG (6 ,1) PORT 5: Recv/Dropped : 0/1262
AGG (6 ,1) PORT 6: Recv/Dropped : 0/1233
AGG (6 ,1) PORT 7: Recv/Dropped : 0/1333
AGG (6 ,2) PORT 0: Recv/Dropped : 0/2602
AGG (6 ,2) PORT 1: Recv/Dropped : 0/2606
AGG (6 ,2) PORT 2: Recv/Dropped : 0/2632
AGG (6 ,2) PORT 3: Recv/Dropped : 0/2673
AGG (6 ,2) PORT 4: Recv/Dropped : 0/1261
AGG (6 ,2) PORT 5: Recv/Dropped : 0/1345
AGG (6 ,2) PORT 6: Recv/Dropped : 0/1260
AGG (6 ,2) PORT 7: Recv/Dropped : 0/1268
AGG (6 ,3) PORT 0: Recv/Dropped : 0/2172
AGG (6 ,3) PORT 1: Recv/Dropped : 0/2191
AGG (6 ,3) PORT 2: Recv/Dropped : 0/2166
AGG (6 ,3) PORT 3: Recv/Dropped : 0/2247
AGG (6 ,3) PORT 4: Recv/Dropped : 0/1270
AGG (6 ,3) PORT 5: Recv/Dropped : 0/1264
AGG (6 ,3) PORT 6: Recv/Dropped : 0/1278
AGG (6 ,3) PORT 7: Recv/Dropped : 0/1271
AGG (7 ,0) PORT 0: Recv/Dropped : 0/2108
AGG (7 ,0) PORT 1: Recv/Dropped : 0/2080
AGG (7 ,0) PORT 2: Recv/Dropped : 0/2065
AGG (7 ,0) PORT 3: Recv/Dropped : 0/2099
AGG (7 ,0) PORT 4: Recv/Dropped : 0/1305
AGG (7 ,0) PORT 5: Recv/Dropped : 0/1248
AGG (7 ,0) PORT 6: Recv/Dropped : 0/1330
AGG (7 ,0) PORT 7: Recv/Dropped : 0/1304
AGG (7 ,1) PORT 0: Recv/Dropped : 0/2397
AGG (7 ,1) PORT 1: Recv/Dropped : 0/2360
AGG (7 ,1) PORT 2: Recv/Dropped : 0/2422
AGG (7 ,1) PORT 3: Recv/Dropped : 0/2341
AGG (7 ,1) PORT 4: Recv/Dropped : 0/1291
AGG (7 ,1) PORT 5: Recv/Dropped : 0/1308
AGG (7 ,1) PORT 6: Recv/Dropped : 0/1281
AGG (7 ,1) PORT 7: Recv/Dropped : 0/1305
AGG (7 ,2) PORT 0: Recv/Dropped : 0/1517
AGG (7 ,2) PORT 1: Recv/Dropped : 0/1485
AGG (7 ,2) PORT 2: Recv/Dropped : 0/1430
AGG (7 ,2) PORT 3: Recv/Dropped : 0/1490
AGG (7 ,2) PORT 4: Recv/Dropped : 0/1297
AGG (7 ,2) PORT 5: Recv/Dropped : 0/1317
AGG (7 ,2) PORT 6: Recv/Dropped : 0/1315
AGG (7 ,2) PORT 7: Recv/Dropped : 0/1310
AGG (7 ,3) PORT 0: Recv/Dropped : 0/1757
AGG (7 ,3) PORT 1: Recv/Dropped : 0/1904
AGG (7 ,3) PORT 2: Recv/Dropped : 0/1806
AGG (7 ,3) PORT 3: Recv/Dropped : 0/1723
AGG (7 ,3) PORT 4: Recv/Dropped : 0/1332
AGG (7 ,3) PORT 5: Recv/Dropped : 0/1306
AGG (7 ,3) PORT 6: Recv/Dropped : 0/1277
AGG (7 ,3) PORT 7: Recv/Dropped : 0/1312


TOTAL RECEIVED PACKETS = 1123993
TOTAL DROPPED PACKETS = 0