QUEUE STATISTICS FOR EXPERIMENT 8017
---------------------------
 -- EDGE QUEUE STATISTICS --
EDGE (0 ,0) PORT 0: Recv/Dropped : 353/3035
EDGE (0 ,0) PORT 1: Recv/Dropped : 0/89
EDGE (0 ,0) PORT 2: Recv/Dropped : 0/69
EDGE (0 ,0) PORT 3: Recv/Dropped : 0/71
EDGE (0 ,0) PORT 4: Recv/Dropped : 0/527
EDGE (0 ,0) PORT 5: Recv/Dropped : 0/559
EDGE (0 ,0) PORT 6: Recv/Dropped : 0/503
EDGE (0 ,0) PORT 7: Recv/Dropped : 0/498
EDGE (0 ,1) PORT 0: Recv/Dropped : 0/74
EDGE (0 ,1) PORT 1: Recv/Dropped : 0/2
EDGE (0 ,1) PORT 2: Recv/Dropped : 0/70
EDGE (0 ,1) PORT 3: Recv/Dropped : 0/81
EDGE (0 ,1) PORT 4: Recv/Dropped : 0/76
EDGE (0 ,1) PORT 5: Recv/Dropped : 0/73
EDGE (0 ,1) PORT 6: Recv/Dropped : 0/80
EDGE (0 ,1) PORT 7: Recv/Dropped : 0/87
EDGE (0 ,2) PORT 0: Recv/Dropped : 0/2
EDGE (0 ,2) PORT 1: Recv/Dropped : 0/2
EDGE (0 ,2) PORT 2: Recv/Dropped : 0/2
EDGE (0 ,2) PORT 3: Recv/Dropped : 0/70
EDGE (0 ,2) PORT 4: Recv/Dropped : 0/20
EDGE (0 ,2) PORT 5: Recv/Dropped : 0/36
EDGE (0 ,2) PORT 6: Recv/Dropped : 0/31
EDGE (0 ,2) PORT 7: Recv/Dropped : 0/27
EDGE (0 ,3) PORT 0: Recv/Dropped : 0/84
EDGE (0 ,3) PORT 1: Recv/Dropped : 0/72
EDGE (0 ,3) PORT 2: Recv/Dropped : 0/67
EDGE (0 ,3) PORT 3: Recv/Dropped : 0/73
EDGE (0 ,3) PORT 4: Recv/Dropped : 0/99
EDGE (0 ,3) PORT 5: Recv/Dropped : 0/109
EDGE (0 ,3) PORT 6: Recv/Dropped : 0/99
EDGE (0 ,3) PORT 7: Recv/Dropped : 0/95
EDGE (1 ,0) PORT 0: Recv/Dropped : 0/65
EDGE (1 ,0) PORT 1: Recv/Dropped : 0/2
EDGE (1 ,0) PORT 2: Recv/Dropped : 0/0
EDGE (1 ,0) PORT 3: Recv/Dropped : 0/0
EDGE (1 ,0) PORT 4: Recv/Dropped : 0/25
EDGE (1 ,0) PORT 5: Recv/Dropped : 0/28
EDGE (1 ,0) PORT 6: Recv/Dropped : 0/27
EDGE (1 ,0) PORT 7: Recv/Dropped : 0/31
EDGE (1 ,1) PORT 0: Recv/Dropped : 0/71
EDGE (1 ,1) PORT 1: Recv/Dropped : 0/0
EDGE (1 ,1) PORT 2: Recv/Dropped : 0/0
EDGE (1 ,1) PORT 3: Recv/Dropped : 0/0
EDGE (1 ,1) PORT 4: Recv/Dropped : 0/20
EDGE (1 ,1) PORT 5: Recv/Dropped : 0/30
EDGE (1 ,1) PORT 6: Recv/Dropped : 0/37
EDGE (1 ,1) PORT 7: Recv/Dropped : 0/26
EDGE (1 ,2) PORT 0: Recv/Dropped : 0/64
EDGE (1 ,2) PORT 1: Recv/Dropped : 0/2
EDGE (1 ,2) PORT 2: Recv/Dropped : 0/0
EDGE (1 ,2) PORT 3: Recv/Dropped : 0/82
EDGE (1 ,2) PORT 4: Recv/Dropped : 0/57
EDGE (1 ,2) PORT 5: Recv/Dropped : 0/46
EDGE (1 ,2) PORT 6: Recv/Dropped : 0/51
EDGE (1 ,2) PORT 7: Recv/Dropped : 0/55
EDGE (1 ,3) PORT 0: Recv/Dropped : 0/0
EDGE (1 ,3) PORT 1: Recv/Dropped : 0/0
EDGE (1 ,3) PORT 2: Recv/Dropped : 0/0
EDGE (1 ,3) PORT 3: Recv/Dropped : 0/0
EDGE (1 ,3) PORT 4: Recv/Dropped : 0/7
EDGE (1 ,3) PORT 5: Recv/Dropped : 0/2
EDGE (1 ,3) PORT 6: Recv/Dropped : 0/1
EDGE (1 ,3) PORT 7: Recv/Dropped : 0/2
EDGE (2 ,0) PORT 0: Recv/Dropped : 0/66
EDGE (2 ,0) PORT 1: Recv/Dropped : 0/2
EDGE (2 ,0) PORT 2: Recv/Dropped : 0/2
EDGE (2 ,0) PORT 3: Recv/Dropped : 0/0
EDGE (2 ,0) PORT 4: Recv/Dropped : 0/25
EDGE (2 ,0) PORT 5: Recv/Dropped : 0/38
EDGE (2 ,0) PORT 6: Recv/Dropped : 0/23
EDGE (2 ,0) PORT 7: Recv/Dropped : 0/30
EDGE (2 ,1) PORT 0: Recv/Dropped : 0/70
EDGE (2 ,1) PORT 1: Recv/Dropped : 0/70
EDGE (2 ,1) PORT 2: Recv/Dropped : 0/67
EDGE (2 ,1) PORT 3: Recv/Dropped : 0/71
EDGE (2 ,1) PORT 4: Recv/Dropped : 0/89
EDGE (2 ,1) PORT 5: Recv/Dropped : 0/102
EDGE (2 ,1) PORT 6: Recv/Dropped : 0/103
EDGE (2 ,1) PORT 7: Recv/Dropped : 0/117
EDGE (2 ,2) PORT 0: Recv/Dropped : 0/0
EDGE (2 ,2) PORT 1: Recv/Dropped : 0/68
EDGE (2 ,2) PORT 2: Recv/Dropped : 0/71
EDGE (2 ,2) PORT 3: Recv/Dropped : 0/0
EDGE (2 ,2) PORT 4: Recv/Dropped : 0/51
EDGE (2 ,2) PORT 5: Recv/Dropped : 0/51
EDGE (2 ,2) PORT 6: Recv/Dropped : 0/54
EDGE (2 ,2) PORT 7: Recv/Dropped : 0/57
EDGE (2 ,3) PORT 0: Recv/Dropped : 0/0
EDGE (2 ,3) PORT 1: Recv/Dropped : 0/0
EDGE (2 ,3) PORT 2: Recv/Dropped : 0/0
EDGE (2 ,3) PORT 3: Recv/Dropped : 0/66
EDGE (2 ,3) PORT 4: Recv/Dropped : 0/26
EDGE (2 ,3) PORT 5: Recv/Dropped : 0/31
EDGE (2 ,3) PORT 6: Recv/Dropped : 0/25
EDGE (2 ,3) PORT 7: Recv/Dropped : 0/29
EDGE (3 ,0) PORT 0: Recv/Dropped : 0/0
EDGE (3 ,0) PORT 1: Recv/Dropped : 0/2
EDGE (3 ,0) PORT 2: Recv/Dropped : 0/0
EDGE (3 ,0) PORT 3: Recv/Dropped : 0/0
EDGE (3 ,0) PORT 4: Recv/Dropped : 0/4
EDGE (3 ,0) PORT 5: Recv/Dropped : 0/3
EDGE (3 ,0) PORT 6: Recv/Dropped : 0/6
EDGE (3 ,0) PORT 7: Recv/Dropped : 0/2
EDGE (3 ,1) PORT 0: Recv/Dropped : 0/0
EDGE (3 ,1) PORT 1: Recv/Dropped : 0/0
EDGE (3 ,1) PORT 2: Recv/Dropped : 0/67
EDGE (3 ,1) PORT 3: Recv/Dropped : 0/0
EDGE (3 ,1) PORT 4: Recv/Dropped : 0/31
EDGE (3 ,1) PORT 5: Recv/Dropped : 0/31
EDGE (3 ,1) PORT 6: Recv/Dropped : 0/24
EDGE (3 ,1) PORT 7: Recv/Dropped : 0/26
EDGE (3 ,2) PORT 0: Recv/Dropped : 0/0
EDGE (3 ,2) PORT 1: Recv/Dropped : 0/0
EDGE (3 ,2) PORT 2: Recv/Dropped : 0/0
EDGE (3 ,2) PORT 3: Recv/Dropped : 0/2
EDGE (3 ,2) PORT 4: Recv/Dropped : 0/3
EDGE (3 ,2) PORT 5: Recv/Dropped : 0/3
EDGE (3 ,2) PORT 6: Recv/Dropped : 0/6
EDGE (3 ,2) PORT 7: Recv/Dropped : 0/2
EDGE (3 ,3) PORT 0: Recv/Dropped : 0/0
EDGE (3 ,3) PORT 1: Recv/Dropped : 0/0
EDGE (3 ,3) PORT 2: Recv/Dropped : 0/88
EDGE (3 ,3) PORT 3: Recv/Dropped : 0/0
EDGE (3 ,3) PORT 4: Recv/Dropped : 0/28
EDGE (3 ,3) PORT 5: Recv/Dropped : 0/28
EDGE (3 ,3) PORT 6: Recv/Dropped : 0/37
EDGE (3 ,3) PORT 7: Recv/Dropped : 0/22
EDGE (4 ,0) PORT 0: Recv/Dropped : 0/0
EDGE (4 ,0) PORT 1: Recv/Dropped : 0/70
EDGE (4 ,0) PORT 2: Recv/Dropped : 0/0
EDGE (4 ,0) PORT 3: Recv/Dropped : 0/0
EDGE (4 ,0) PORT 4: Recv/Dropped : 0/29
EDGE (4 ,0) PORT 5: Recv/Dropped : 0/26
EDGE (4 ,0) PORT 6: Recv/Dropped : 0/30
EDGE (4 ,0) PORT 7: Recv/Dropped : 0/25
EDGE (4 ,1) PORT 0: Recv/Dropped : 0/0
EDGE (4 ,1) PORT 1: Recv/Dropped : 0/2
EDGE (4 ,1) PORT 2: Recv/Dropped : 0/0
EDGE (4 ,1) PORT 3: Recv/Dropped : 0/80
EDGE (4 ,1) PORT 4: Recv/Dropped : 0/34
EDGE (4 ,1) PORT 5: Recv/Dropped : 0/30
EDGE (4 ,1) PORT 6: Recv/Dropped : 0/26
EDGE (4 ,1) PORT 7: Recv/Dropped : 0/23
EDGE (4 ,2) PORT 0: Recv/Dropped : 0/0
EDGE (4 ,2) PORT 1: Recv/Dropped : 0/2
EDGE (4 ,2) PORT 2: Recv/Dropped : 0/0
EDGE (4 ,2) PORT 3: Recv/Dropped : 0/67
EDGE (4 ,2) PORT 4: Recv/Dropped : 0/24
EDGE (4 ,2) PORT 5: Recv/Dropped : 0/25
EDGE (4 ,2) PORT 6: Recv/Dropped : 0/37
EDGE (4 ,2) PORT 7: Recv/Dropped : 0/31
EDGE (4 ,3) PORT 0: Recv/Dropped : 0/0
EDGE (4 ,3) PORT 1: Recv/Dropped : 0/0
EDGE (4 ,3) PORT 2: Recv/Dropped : 0/0
EDGE (4 ,3) PORT 3: Recv/Dropped : 0/0
EDGE (4 ,3) PORT 4: Recv/Dropped : 0/4
EDGE (4 ,3) PORT 5: Recv/Dropped : 0/3
EDGE (4 ,3) PORT 6: Recv/Dropped : 0/1
EDGE (4 ,3) PORT 7: Recv/Dropped : 0/4
EDGE (5 ,0) PORT 0: Recv/Dropped : 0/0
EDGE (5 ,0) PORT 1: Recv/Dropped : 0/0
EDGE (5 ,0) PORT 2: Recv/Dropped : 0/0
EDGE (5 ,0) PORT 3: Recv/Dropped : 0/0
EDGE (5 ,0) PORT 4: Recv/Dropped : 0/5
EDGE (5 ,0) PORT 5: Recv/Dropped : 0/3
EDGE (5 ,0) PORT 6: Recv/Dropped : 0/2
EDGE (5 ,0) PORT 7: Recv/Dropped : 0/2
EDGE (5 ,1) PORT 0: Recv/Dropped : 0/0
EDGE (5 ,1) PORT 1: Recv/Dropped : 0/0
EDGE (5 ,1) PORT 2: Recv/Dropped : 0/0
EDGE (5 ,1) PORT 3: Recv/Dropped : 0/2
EDGE (5 ,1) PORT 4: Recv/Dropped : 0/7
EDGE (5 ,1) PORT 5: Recv/Dropped : 0/4
EDGE (5 ,1) PORT 6: Recv/Dropped : 0/2
EDGE (5 ,1) PORT 7: Recv/Dropped : 0/0
EDGE (5 ,2) PORT 0: Recv/Dropped : 0/0
EDGE (5 ,2) PORT 1: Recv/Dropped : 0/2
EDGE (5 ,2) PORT 2: Recv/Dropped : 0/0
EDGE (5 ,2) PORT 3: Recv/Dropped : 0/0
EDGE (5 ,2) PORT 4: Recv/Dropped : 0/3
EDGE (5 ,2) PORT 5: Recv/Dropped : 0/5
EDGE (5 ,2) PORT 6: Recv/Dropped : 0/3
EDGE (5 ,2) PORT 7: Recv/Dropped : 0/2
EDGE (5 ,3) PORT 0: Recv/Dropped : 0/77
EDGE (5 ,3) PORT 1: Recv/Dropped : 0/2
EDGE (5 ,3) PORT 2: Recv/Dropped : 0/2
EDGE (5 ,3) PORT 3: Recv/Dropped : 0/0
EDGE (5 ,3) PORT 4: Recv/Dropped : 0/32
EDGE (5 ,3) PORT 5: Recv/Dropped : 0/29
EDGE (5 ,3) PORT 6: Recv/Dropped : 0/29
EDGE (5 ,3) PORT 7: Recv/Dropped : 0/22
EDGE (6 ,0) PORT 0: Recv/Dropped : 0/0
EDGE (6 ,0) PORT 1: Recv/Dropped : 0/0
EDGE (6 ,0) PORT 2: Recv/Dropped : 0/0
EDGE (6 ,0) PORT 3: Recv/Dropped : 0/0
EDGE (6 ,0) PORT 4: Recv/Dropped : 0/3
EDGE (6 ,0) PORT 5: Recv/Dropped : 0/3
EDGE (6 ,0) PORT 6: Recv/Dropped : 0/0
EDGE (6 ,0) PORT 7: Recv/Dropped : 0/6
EDGE (6 ,1) PORT 0: Recv/Dropped : 0/0
EDGE (6 ,1) PORT 1: Recv/Dropped : 0/0
EDGE (6 ,1) PORT 2: Recv/Dropped : 0/81
EDGE (6 ,1) PORT 3: Recv/Dropped : 0/0
EDGE (6 ,1) PORT 4: Recv/Dropped : 0/31
EDGE (6 ,1) PORT 5: Recv/Dropped : 0/21
EDGE (6 ,1) PORT 6: Recv/Dropped : 0/27
EDGE (6 ,1) PORT 7: Recv/Dropped : 0/32
EDGE (6 ,2) PORT 0: Recv/Dropped : 0/83
EDGE (6 ,2) PORT 1: Recv/Dropped : 0/0
EDGE (6 ,2) PORT 2: Recv/Dropped : 0/0
EDGE (6 ,2) PORT 3: Recv/Dropped : 0/0
EDGE (6 ,2) PORT 4: Recv/Dropped : 0/31
EDGE (6 ,2) PORT 5: Recv/Dropped : 0/26
EDGE (6 ,2) PORT 6: Recv/Dropped : 0/32
EDGE (6 ,2) PORT 7: Recv/Dropped : 0/22
EDGE (6 ,3) PORT 0: Recv/Dropped : 0/0
EDGE (6 ,3) PORT 1: Recv/Dropped : 0/0
EDGE (6 ,3) PORT 2: Recv/Dropped : 0/0
EDGE (6 ,3) PORT 3: Recv/Dropped : 0/4
EDGE (6 ,3) PORT 4: Recv/Dropped : 0/1
EDGE (6 ,3) PORT 5: Recv/Dropped : 0/3
EDGE (6 ,3) PORT 6: Recv/Dropped : 0/4
EDGE (6 ,3) PORT 7: Recv/Dropped : 0/5
EDGE (7 ,0) PORT 0: Recv/Dropped : 0/0
EDGE (7 ,0) PORT 1: Recv/Dropped : 0/0
EDGE (7 ,0) PORT 2: Recv/Dropped : 0/0
EDGE (7 ,0) PORT 3: Recv/Dropped : 0/2
EDGE (7 ,0) PORT 4: Recv/Dropped : 0/1
EDGE (7 ,0) PORT 5: Recv/Dropped : 0/3
EDGE (7 ,0) PORT 6: Recv/Dropped : 0/7
EDGE (7 ,0) PORT 7: Recv/Dropped : 0/4
EDGE (7 ,1) PORT 0: Recv/Dropped : 0/0
EDGE (7 ,1) PORT 1: Recv/Dropped : 0/0
EDGE (7 ,1) PORT 2: Recv/Dropped : 0/0
EDGE (7 ,1) PORT 3: Recv/Dropped : 0/2
EDGE (7 ,1) PORT 4: Recv/Dropped : 0/2
EDGE (7 ,1) PORT 5: Recv/Dropped : 0/3
EDGE (7 ,1) PORT 6: Recv/Dropped : 0/4
EDGE (7 ,1) PORT 7: Recv/Dropped : 0/5
EDGE (7 ,2) PORT 0: Recv/Dropped : 0/2
EDGE (7 ,2) PORT 1: Recv/Dropped : 0/2
EDGE (7 ,2) PORT 2: Recv/Dropped : 0/0
EDGE (7 ,2) PORT 3: Recv/Dropped : 0/4
EDGE (7 ,2) PORT 4: Recv/Dropped : 0/4
EDGE (7 ,2) PORT 5: Recv/Dropped : 0/8
EDGE (7 ,2) PORT 6: Recv/Dropped : 0/3
EDGE (7 ,2) PORT 7: Recv/Dropped : 0/3
EDGE (7 ,3) PORT 0: Recv/Dropped : 0/0
EDGE (7 ,3) PORT 1: Recv/Dropped : 0/0
EDGE (7 ,3) PORT 2: Recv/Dropped : 0/0
EDGE (7 ,3) PORT 3: Recv/Dropped : 0/4
EDGE (7 ,3) PORT 4: Recv/Dropped : 0/5
EDGE (7 ,3) PORT 5: Recv/Dropped : 0/1
EDGE (7 ,3) PORT 6: Recv/Dropped : 0/5
EDGE (7 ,3) PORT 7: Recv/Dropped : 0/2
 -- AGG QUEUE STATISTICS --
AGG (0 ,0) PORT 0: Recv/Dropped : 24/752
AGG (0 ,0) PORT 1: Recv/Dropped : 26/772
AGG (0 ,0) PORT 2: Recv/Dropped : 18/798
AGG (0 ,0) PORT 3: Recv/Dropped : 29/766
AGG (0 ,0) PORT 4: Recv/Dropped : 0/115
AGG (0 ,0) PORT 5: Recv/Dropped : 0/88
AGG (0 ,0) PORT 6: Recv/Dropped : 0/84
AGG (0 ,0) PORT 7: Recv/Dropped : 0/95
AGG (0 ,1) PORT 0: Recv/Dropped : 0/60
AGG (0 ,1) PORT 1: Recv/Dropped : 0/62
AGG (0 ,1) PORT 2: Recv/Dropped : 0/59
AGG (0 ,1) PORT 3: Recv/Dropped : 0/46
AGG (0 ,1) PORT 4: Recv/Dropped : 0/106
AGG (0 ,1) PORT 5: Recv/Dropped : 0/100
AGG (0 ,1) PORT 6: Recv/Dropped : 0/89
AGG (0 ,1) PORT 7: Recv/Dropped : 0/104
AGG (0 ,2) PORT 0: Recv/Dropped : 0/20
AGG (0 ,2) PORT 1: Recv/Dropped : 0/15
AGG (0 ,2) PORT 2: Recv/Dropped : 0/19
AGG (0 ,2) PORT 3: Recv/Dropped : 0/22
AGG (0 ,2) PORT 4: Recv/Dropped : 0/92
AGG (0 ,2) PORT 5: Recv/Dropped : 0/88
AGG (0 ,2) PORT 6: Recv/Dropped : 0/69
AGG (0 ,2) PORT 7: Recv/Dropped : 0/96
AGG (0 ,3) PORT 0: Recv/Dropped : 0/65
AGG (0 ,3) PORT 1: Recv/Dropped : 0/83
AGG (0 ,3) PORT 2: Recv/Dropped : 0/80
AGG (0 ,3) PORT 3: Recv/Dropped : 0/68
AGG (0 ,3) PORT 4: Recv/Dropped : 0/85
AGG (0 ,3) PORT 5: Recv/Dropped : 0/101
AGG (0 ,3) PORT 6: Recv/Dropped : 0/76
AGG (0 ,3) PORT 7: Recv/Dropped : 0/100
AGG (1 ,0) PORT 0: Recv/Dropped : 0/17
AGG (1 ,0) PORT 1: Recv/Dropped : 0/21
AGG (1 ,0) PORT 2: Recv/Dropped : 0/15
AGG (1 ,0) PORT 3: Recv/Dropped : 0/14
AGG (1 ,0) PORT 4: Recv/Dropped : 0/20
AGG (1 ,0) PORT 5: Recv/Dropped : 0/26
AGG (1 ,0) PORT 6: Recv/Dropped : 0/31
AGG (1 ,0) PORT 7: Recv/Dropped : 0/32
AGG (1 ,1) PORT 0: Recv/Dropped : 0/18
AGG (1 ,1) PORT 1: Recv/Dropped : 0/18
AGG (1 ,1) PORT 2: Recv/Dropped : 0/19
AGG (1 ,1) PORT 3: Recv/Dropped : 0/16
AGG (1 ,1) PORT 4: Recv/Dropped : 0/31
AGG (1 ,1) PORT 5: Recv/Dropped : 0/24
AGG (1 ,1) PORT 6: Recv/Dropped : 0/25
AGG (1 ,1) PORT 7: Recv/Dropped : 0/26
AGG (1 ,2) PORT 0: Recv/Dropped : 0/36
AGG (1 ,2) PORT 1: Recv/Dropped : 0/46
AGG (1 ,2) PORT 2: Recv/Dropped : 0/25
AGG (1 ,2) PORT 3: Recv/Dropped : 0/41
AGG (1 ,2) PORT 4: Recv/Dropped : 0/25
AGG (1 ,2) PORT 5: Recv/Dropped : 0/36
AGG (1 ,2) PORT 6: Recv/Dropped : 0/31
AGG (1 ,2) PORT 7: Recv/Dropped : 0/24
AGG (1 ,3) PORT 0: Recv/Dropped : 0/0
AGG (1 ,3) PORT 1: Recv/Dropped : 0/0
AGG (1 ,3) PORT 2: Recv/Dropped : 0/0
AGG (1 ,3) PORT 3: Recv/Dropped : 0/0
AGG (1 ,3) PORT 4: Recv/Dropped : 0/24
AGG (1 ,3) PORT 5: Recv/Dropped : 0/41
AGG (1 ,3) PORT 6: Recv/Dropped : 0/29
AGG (1 ,3) PORT 7: Recv/Dropped : 0/20
AGG (2 ,0) PORT 0: Recv/Dropped : 0/25
AGG (2 ,0) PORT 1: Recv/Dropped : 0/15
AGG (2 ,0) PORT 2: Recv/Dropped : 0/13
AGG (2 ,0) PORT 3: Recv/Dropped : 0/17
AGG (2 ,0) PORT 4: Recv/Dropped : 0/51
AGG (2 ,0) PORT 5: Recv/Dropped : 0/37
AGG (2 ,0) PORT 6: Recv/Dropped : 0/48
AGG (2 ,0) PORT 7: Recv/Dropped : 0/55
AGG (2 ,1) PORT 0: Recv/Dropped : 0/76
AGG (2 ,1) PORT 1: Recv/Dropped : 0/77
AGG (2 ,1) PORT 2: Recv/Dropped : 0/62
AGG (2 ,1) PORT 3: Recv/Dropped : 0/63
AGG (2 ,1) PORT 4: Recv/Dropped : 0/59
AGG (2 ,1) PORT 5: Recv/Dropped : 0/53
AGG (2 ,1) PORT 6: Recv/Dropped : 0/50
AGG (2 ,1) PORT 7: Recv/Dropped : 0/60
AGG (2 ,2) PORT 0: Recv/Dropped : 0/30
AGG (2 ,2) PORT 1: Recv/Dropped : 0/41
AGG (2 ,2) PORT 2: Recv/Dropped : 0/34
AGG (2 ,2) PORT 3: Recv/Dropped : 0/34
AGG (2 ,2) PORT 4: Recv/Dropped : 0/52
AGG (2 ,2) PORT 5: Recv/Dropped : 0/47
AGG (2 ,2) PORT 6: Recv/Dropped : 0/56
AGG (2 ,2) PORT 7: Recv/Dropped : 0/50
AGG (2 ,3) PORT 0: Recv/Dropped : 0/19
AGG (2 ,3) PORT 1: Recv/Dropped : 0/16
AGG (2 ,3) PORT 2: Recv/Dropped : 0/14
AGG (2 ,3) PORT 3: Recv/Dropped : 0/17
AGG (2 ,3) PORT 4: Recv/Dropped : 0/66
AGG (2 ,3) PORT 5: Recv/Dropped : 0/62
AGG (2 ,3) PORT 6: Recv/Dropped : 0/61
AGG (2 ,3) PORT 7: Recv/Dropped : 0/44
AGG (3 ,0) PORT 0: Recv/Dropped : 0/1
AGG (3 ,0) PORT 1: Recv/Dropped : 0/0
AGG (3 ,0) PORT 2: Recv/Dropped : 0/1
AGG (3 ,0) PORT 3: Recv/Dropped : 0/0
AGG (3 ,0) PORT 4: Recv/Dropped : 0/22
AGG (3 ,0) PORT 5: Recv/Dropped : 0/13
AGG (3 ,0) PORT 6: Recv/Dropped : 0/15
AGG (3 ,0) PORT 7: Recv/Dropped : 0/16
AGG (3 ,1) PORT 0: Recv/Dropped : 0/20
AGG (3 ,1) PORT 1: Recv/Dropped : 0/16
AGG (3 ,1) PORT 2: Recv/Dropped : 0/19
AGG (3 ,1) PORT 3: Recv/Dropped : 0/12
AGG (3 ,1) PORT 4: Recv/Dropped : 0/20
AGG (3 ,1) PORT 5: Recv/Dropped : 0/16
AGG (3 ,1) PORT 6: Recv/Dropped : 0/12
AGG (3 ,1) PORT 7: Recv/Dropped : 0/17
AGG (3 ,2) PORT 0: Recv/Dropped : 0/1
AGG (3 ,2) PORT 1: Recv/Dropped : 0/0
AGG (3 ,2) PORT 2: Recv/Dropped : 0/0
AGG (3 ,2) PORT 3: Recv/Dropped : 0/1
AGG (3 ,2) PORT 4: Recv/Dropped : 0/21
AGG (3 ,2) PORT 5: Recv/Dropped : 0/17
AGG (3 ,2) PORT 6: Recv/Dropped : 0/18
AGG (3 ,2) PORT 7: Recv/Dropped : 0/17
AGG (3 ,3) PORT 0: Recv/Dropped : 0/23
AGG (3 ,3) PORT 1: Recv/Dropped : 0/26
AGG (3 ,3) PORT 2: Recv/Dropped : 0/19
AGG (3 ,3) PORT 3: Recv/Dropped : 0/20
AGG (3 ,3) PORT 4: Recv/Dropped : 0/9
AGG (3 ,3) PORT 5: Recv/Dropped : 0/13
AGG (3 ,3) PORT 6: Recv/Dropped : 0/19
AGG (3 ,3) PORT 7: Recv/Dropped : 0/11
AGG (4 ,0) PORT 0: Recv/Dropped : 0/14
AGG (4 ,0) PORT 1: Recv/Dropped : 0/19
AGG (4 ,0) PORT 2: Recv/Dropped : 0/15
AGG (4 ,0) PORT 3: Recv/Dropped : 0/22
AGG (4 ,0) PORT 4: Recv/Dropped : 0/24
AGG (4 ,0) PORT 5: Recv/Dropped : 0/20
AGG (4 ,0) PORT 6: Recv/Dropped : 0/26
AGG (4 ,0) PORT 7: Recv/Dropped : 0/21
AGG (4 ,1) PORT 0: Recv/Dropped : 0/19
AGG (4 ,1) PORT 1: Recv/Dropped : 0/19
AGG (4 ,1) PORT 2: Recv/Dropped : 0/27
AGG (4 ,1) PORT 3: Recv/Dropped : 0/17
AGG (4 ,1) PORT 4: Recv/Dropped : 0/27
AGG (4 ,1) PORT 5: Recv/Dropped : 0/21
AGG (4 ,1) PORT 6: Recv/Dropped : 0/15
AGG (4 ,1) PORT 7: Recv/Dropped : 0/21
AGG (4 ,2) PORT 0: Recv/Dropped : 0/19
AGG (4 ,2) PORT 1: Recv/Dropped : 0/10
AGG (4 ,2) PORT 2: Recv/Dropped : 0/18
AGG (4 ,2) PORT 3: Recv/Dropped : 0/22
AGG (4 ,2) PORT 4: Recv/Dropped : 0/17
AGG (4 ,2) PORT 5: Recv/Dropped : 0/23
AGG (4 ,2) PORT 6: Recv/Dropped : 0/26
AGG (4 ,2) PORT 7: Recv/Dropped : 0/28
AGG (4 ,3) PORT 0: Recv/Dropped : 0/0
AGG (4 ,3) PORT 1: Recv/Dropped : 0/0
AGG (4 ,3) PORT 2: Recv/Dropped : 0/0
AGG (4 ,3) PORT 3: Recv/Dropped : 0/0
AGG (4 ,3) PORT 4: Recv/Dropped : 0/27
AGG (4 ,3) PORT 5: Recv/Dropped : 0/22
AGG (4 ,3) PORT 6: Recv/Dropped : 0/17
AGG (4 ,3) PORT 7: Recv/Dropped : 0/17
AGG (5 ,0) PORT 0: Recv/Dropped : 0/0
AGG (5 ,0) PORT 1: Recv/Dropped : 0/0
AGG (5 ,0) PORT 2: Recv/Dropped : 0/0
AGG (5 ,0) PORT 3: Recv/Dropped : 0/0
AGG (5 ,0) PORT 4: Recv/Dropped : 0/9
AGG (5 ,0) PORT 5: Recv/Dropped : 0/13
AGG (5 ,0) PORT 6: Recv/Dropped : 0/10
AGG (5 ,0) PORT 7: Recv/Dropped : 0/15
AGG (5 ,1) PORT 0: Recv/Dropped : 0/0
AGG (5 ,1) PORT 1: Recv/Dropped : 0/0
AGG (5 ,1) PORT 2: Recv/Dropped : 0/0
AGG (5 ,1) PORT 3: Recv/Dropped : 0/2
AGG (5 ,1) PORT 4: Recv/Dropped : 0/8
AGG (5 ,1) PORT 5: Recv/Dropped : 0/10
AGG (5 ,1) PORT 6: Recv/Dropped : 0/17
AGG (5 ,1) PORT 7: Recv/Dropped : 0/6
AGG (5 ,2) PORT 0: Recv/Dropped : 0/0
AGG (5 ,2) PORT 1: Recv/Dropped : 0/0
AGG (5 ,2) PORT 2: Recv/Dropped : 0/0
AGG (5 ,2) PORT 3: Recv/Dropped : 0/2
AGG (5 ,2) PORT 4: Recv/Dropped : 0/11
AGG (5 ,2) PORT 5: Recv/Dropped : 0/7
AGG (5 ,2) PORT 6: Recv/Dropped : 0/12
AGG (5 ,2) PORT 7: Recv/Dropped : 0/6
AGG (5 ,3) PORT 0: Recv/Dropped : 0/21
AGG (5 ,3) PORT 1: Recv/Dropped : 0/24
AGG (5 ,3) PORT 2: Recv/Dropped : 0/19
AGG (5 ,3) PORT 3: Recv/Dropped : 0/17
AGG (5 ,3) PORT 4: Recv/Dropped : 0/5
AGG (5 ,3) PORT 5: Recv/Dropped : 0/8
AGG (5 ,3) PORT 6: Recv/Dropped : 0/6
AGG (5 ,3) PORT 7: Recv/Dropped : 0/7
AGG (6 ,0) PORT 0: Recv/Dropped : 0/0
AGG (6 ,0) PORT 1: Recv/Dropped : 0/0
AGG (6 ,0) PORT 2: Recv/Dropped : 0/0
AGG (6 ,0) PORT 3: Recv/Dropped : 0/0
AGG (6 ,0) PORT 4: Recv/Dropped : 0/10
AGG (6 ,0) PORT 5: Recv/Dropped : 0/16
AGG (6 ,0) PORT 6: Recv/Dropped : 0/15
AGG (6 ,0) PORT 7: Recv/Dropped : 0/25
AGG (6 ,1) PORT 0: Recv/Dropped : 0/19
AGG (6 ,1) PORT 1: Recv/Dropped : 0/19
AGG (6 ,1) PORT 2: Recv/Dropped : 0/21
AGG (6 ,1) PORT 3: Recv/Dropped : 0/22
AGG (6 ,1) PORT 4: Recv/Dropped : 0/7
AGG (6 ,1) PORT 5: Recv/Dropped : 0/11
AGG (6 ,1) PORT 6: Recv/Dropped : 0/18
AGG (6 ,1) PORT 7: Recv/Dropped : 0/17
AGG (6 ,2) PORT 0: Recv/Dropped : 0/16
AGG (6 ,2) PORT 1: Recv/Dropped : 0/23
AGG (6 ,2) PORT 2: Recv/Dropped : 0/24
AGG (6 ,2) PORT 3: Recv/Dropped : 0/20
AGG (6 ,2) PORT 4: Recv/Dropped : 0/9
AGG (6 ,2) PORT 5: Recv/Dropped : 0/19
AGG (6 ,2) PORT 6: Recv/Dropped : 0/17
AGG (6 ,2) PORT 7: Recv/Dropped : 0/18
AGG (6 ,3) PORT 0: Recv/Dropped : 0/2
AGG (6 ,3) PORT 1: Recv/Dropped : 0/2
AGG (6 ,3) PORT 2: Recv/Dropped : 0/0
AGG (6 ,3) PORT 3: Recv/Dropped : 0/0
AGG (6 ,3) PORT 4: Recv/Dropped : 0/15
AGG (6 ,3) PORT 5: Recv/Dropped : 0/24
AGG (6 ,3) PORT 6: Recv/Dropped : 0/13
AGG (6 ,3) PORT 7: Recv/Dropped : 0/13
AGG (7 ,0) PORT 0: Recv/Dropped : 0/1
AGG (7 ,0) PORT 1: Recv/Dropped : 0/1
AGG (7 ,0) PORT 2: Recv/Dropped : 0/0
AGG (7 ,0) PORT 3: Recv/Dropped : 0/0
AGG (7 ,0) PORT 4: Recv/Dropped : 0/7
AGG (7 ,0) PORT 5: Recv/Dropped : 0/3
AGG (7 ,0) PORT 6: Recv/Dropped : 0/1
AGG (7 ,0) PORT 7: Recv/Dropped : 0/1
AGG (7 ,1) PORT 0: Recv/Dropped : 0/1
AGG (7 ,1) PORT 1: Recv/Dropped : 0/1
AGG (7 ,1) PORT 2: Recv/Dropped : 0/0
AGG (7 ,1) PORT 3: Recv/Dropped : 0/0
AGG (7 ,1) PORT 4: Recv/Dropped : 0/6
AGG (7 ,1) PORT 5: Recv/Dropped : 0/2
AGG (7 ,1) PORT 6: Recv/Dropped : 0/2
AGG (7 ,1) PORT 7: Recv/Dropped : 0/5
AGG (7 ,2) PORT 0: Recv/Dropped : 0/1
AGG (7 ,2) PORT 1: Recv/Dropped : 0/4
AGG (7 ,2) PORT 2: Recv/Dropped : 0/0
AGG (7 ,2) PORT 3: Recv/Dropped : 0/3
AGG (7 ,2) PORT 4: Recv/Dropped : 0/6
AGG (7 ,2) PORT 5: Recv/Dropped : 0/3
AGG (7 ,2) PORT 6: Recv/Dropped : 0/6
AGG (7 ,2) PORT 7: Recv/Dropped : 0/4
AGG (7 ,3) PORT 0: Recv/Dropped : 0/3
AGG (7 ,3) PORT 1: Recv/Dropped : 0/1
AGG (7 ,3) PORT 2: Recv/Dropped : 0/0
AGG (7 ,3) PORT 3: Recv/Dropped : 0/0
AGG (7 ,3) PORT 4: Recv/Dropped : 0/6
AGG (7 ,3) PORT 5: Recv/Dropped : 0/2
AGG (7 ,3) PORT 6: Recv/Dropped : 0/4
AGG (7 ,3) PORT 7: Recv/Dropped : 0/2


TOTAL RECEIVED PACKETS = 19655
TOTAL DROPPED PACKETS = 450