QUEUE STATISTICS FOR EXPERIMENT 8254
---------------------------
 -- EDGE QUEUE STATISTICS --
EDGE (0 ,0) PORT 0: Recv/Dropped : 513/4653
EDGE (0 ,0) PORT 1: Recv/Dropped : 0/77
EDGE (0 ,0) PORT 2: Recv/Dropped : 0/73
EDGE (0 ,0) PORT 3: Recv/Dropped : 0/68
EDGE (0 ,0) PORT 4: Recv/Dropped : 0/875
EDGE (0 ,0) PORT 5: Recv/Dropped : 0/931
EDGE (0 ,0) PORT 6: Recv/Dropped : 0/864
EDGE (0 ,0) PORT 7: Recv/Dropped : 0/803
EDGE (0 ,1) PORT 0: Recv/Dropped : 0/71
EDGE (0 ,1) PORT 1: Recv/Dropped : 0/73
EDGE (0 ,1) PORT 2: Recv/Dropped : 0/83
EDGE (0 ,1) PORT 3: Recv/Dropped : 0/84
EDGE (0 ,1) PORT 4: Recv/Dropped : 0/90
EDGE (0 ,1) PORT 5: Recv/Dropped : 0/94
EDGE (0 ,1) PORT 6: Recv/Dropped : 0/101
EDGE (0 ,1) PORT 7: Recv/Dropped : 0/120
EDGE (0 ,2) PORT 0: Recv/Dropped : 0/76
EDGE (0 ,2) PORT 1: Recv/Dropped : 0/81
EDGE (0 ,2) PORT 2: Recv/Dropped : 0/2
EDGE (0 ,2) PORT 3: Recv/Dropped : 0/2
EDGE (0 ,2) PORT 4: Recv/Dropped : 0/39
EDGE (0 ,2) PORT 5: Recv/Dropped : 0/61
EDGE (0 ,2) PORT 6: Recv/Dropped : 0/59
EDGE (0 ,2) PORT 7: Recv/Dropped : 0/54
EDGE (0 ,3) PORT 0: Recv/Dropped : 0/2
EDGE (0 ,3) PORT 1: Recv/Dropped : 0/2
EDGE (0 ,3) PORT 2: Recv/Dropped : 0/80
EDGE (0 ,3) PORT 3: Recv/Dropped : 0/74
EDGE (0 ,3) PORT 4: Recv/Dropped : 0/54
EDGE (0 ,3) PORT 5: Recv/Dropped : 0/54
EDGE (0 ,3) PORT 6: Recv/Dropped : 0/50
EDGE (0 ,3) PORT 7: Recv/Dropped : 0/53
EDGE (1 ,0) PORT 0: Recv/Dropped : 0/82
EDGE (1 ,0) PORT 1: Recv/Dropped : 0/79
EDGE (1 ,0) PORT 2: Recv/Dropped : 0/76
EDGE (1 ,0) PORT 3: Recv/Dropped : 0/66
EDGE (1 ,0) PORT 4: Recv/Dropped : 0/86
EDGE (1 ,0) PORT 5: Recv/Dropped : 0/127
EDGE (1 ,0) PORT 6: Recv/Dropped : 0/78
EDGE (1 ,0) PORT 7: Recv/Dropped : 0/111
EDGE (1 ,1) PORT 0: Recv/Dropped : 0/2
EDGE (1 ,1) PORT 1: Recv/Dropped : 0/2
EDGE (1 ,1) PORT 2: Recv/Dropped : 0/63
EDGE (1 ,1) PORT 3: Recv/Dropped : 0/85
EDGE (1 ,1) PORT 4: Recv/Dropped : 0/42
EDGE (1 ,1) PORT 5: Recv/Dropped : 0/48
EDGE (1 ,1) PORT 6: Recv/Dropped : 0/78
EDGE (1 ,1) PORT 7: Recv/Dropped : 0/50
EDGE (1 ,2) PORT 0: Recv/Dropped : 0/77
EDGE (1 ,2) PORT 1: Recv/Dropped : 0/2
EDGE (1 ,2) PORT 2: Recv/Dropped : 0/0
EDGE (1 ,2) PORT 3: Recv/Dropped : 0/66
EDGE (1 ,2) PORT 4: Recv/Dropped : 0/114
EDGE (1 ,2) PORT 5: Recv/Dropped : 0/31
EDGE (1 ,2) PORT 6: Recv/Dropped : 0/40
EDGE (1 ,2) PORT 7: Recv/Dropped : 0/31
EDGE (1 ,3) PORT 0: Recv/Dropped : 0/2
EDGE (1 ,3) PORT 1: Recv/Dropped : 0/71
EDGE (1 ,3) PORT 2: Recv/Dropped : 0/78
EDGE (1 ,3) PORT 3: Recv/Dropped : 0/0
EDGE (1 ,3) PORT 4: Recv/Dropped : 0/55
EDGE (1 ,3) PORT 5: Recv/Dropped : 0/39
EDGE (1 ,3) PORT 6: Recv/Dropped : 0/54
EDGE (1 ,3) PORT 7: Recv/Dropped : 0/62
EDGE (2 ,0) PORT 0: Recv/Dropped : 0/85
EDGE (2 ,0) PORT 1: Recv/Dropped : 0/2
EDGE (2 ,0) PORT 2: Recv/Dropped : 0/2
EDGE (2 ,0) PORT 3: Recv/Dropped : 0/2
EDGE (2 ,0) PORT 4: Recv/Dropped : 0/31
EDGE (2 ,0) PORT 5: Recv/Dropped : 0/40
EDGE (2 ,0) PORT 6: Recv/Dropped : 0/19
EDGE (2 ,0) PORT 7: Recv/Dropped : 0/30
EDGE (2 ,1) PORT 0: Recv/Dropped : 0/0
EDGE (2 ,1) PORT 1: Recv/Dropped : 0/73
EDGE (2 ,1) PORT 2: Recv/Dropped : 0/2
EDGE (2 ,1) PORT 3: Recv/Dropped : 0/0
EDGE (2 ,1) PORT 4: Recv/Dropped : 0/16
EDGE (2 ,1) PORT 5: Recv/Dropped : 0/34
EDGE (2 ,1) PORT 6: Recv/Dropped : 0/29
EDGE (2 ,1) PORT 7: Recv/Dropped : 0/33
EDGE (2 ,2) PORT 0: Recv/Dropped : 0/2
EDGE (2 ,2) PORT 1: Recv/Dropped : 0/73
EDGE (2 ,2) PORT 2: Recv/Dropped : 0/64
EDGE (2 ,2) PORT 3: Recv/Dropped : 0/0
EDGE (2 ,2) PORT 4: Recv/Dropped : 0/34
EDGE (2 ,2) PORT 5: Recv/Dropped : 0/36
EDGE (2 ,2) PORT 6: Recv/Dropped : 0/44
EDGE (2 ,2) PORT 7: Recv/Dropped : 0/107
EDGE (2 ,3) PORT 0: Recv/Dropped : 0/0
EDGE (2 ,3) PORT 1: Recv/Dropped : 0/0
EDGE (2 ,3) PORT 2: Recv/Dropped : 0/77
EDGE (2 ,3) PORT 3: Recv/Dropped : 0/81
EDGE (2 ,3) PORT 4: Recv/Dropped : 0/47
EDGE (2 ,3) PORT 5: Recv/Dropped : 0/58
EDGE (2 ,3) PORT 6: Recv/Dropped : 0/55
EDGE (2 ,3) PORT 7: Recv/Dropped : 0/53
EDGE (3 ,0) PORT 0: Recv/Dropped : 0/77
EDGE (3 ,0) PORT 1: Recv/Dropped : 0/77
EDGE (3 ,0) PORT 2: Recv/Dropped : 0/0
EDGE (3 ,0) PORT 3: Recv/Dropped : 0/0
EDGE (3 ,0) PORT 4: Recv/Dropped : 0/43
EDGE (3 ,0) PORT 5: Recv/Dropped : 0/55
EDGE (3 ,0) PORT 6: Recv/Dropped : 0/57
EDGE (3 ,0) PORT 7: Recv/Dropped : 0/53
EDGE (3 ,1) PORT 0: Recv/Dropped : 0/2
EDGE (3 ,1) PORT 1: Recv/Dropped : 0/2
EDGE (3 ,1) PORT 2: Recv/Dropped : 0/0
EDGE (3 ,1) PORT 3: Recv/Dropped : 0/78
EDGE (3 ,1) PORT 4: Recv/Dropped : 0/36
EDGE (3 ,1) PORT 5: Recv/Dropped : 0/28
EDGE (3 ,1) PORT 6: Recv/Dropped : 0/32
EDGE (3 ,1) PORT 7: Recv/Dropped : 0/23
EDGE (3 ,2) PORT 0: Recv/Dropped : 0/2
EDGE (3 ,2) PORT 1: Recv/Dropped : 0/0
EDGE (3 ,2) PORT 2: Recv/Dropped : 0/0
EDGE (3 ,2) PORT 3: Recv/Dropped : 0/0
EDGE (3 ,2) PORT 4: Recv/Dropped : 0/3
EDGE (3 ,2) PORT 5: Recv/Dropped : 0/5
EDGE (3 ,2) PORT 6: Recv/Dropped : 0/5
EDGE (3 ,2) PORT 7: Recv/Dropped : 0/2
EDGE (3 ,3) PORT 0: Recv/Dropped : 0/85
EDGE (3 ,3) PORT 1: Recv/Dropped : 0/0
EDGE (3 ,3) PORT 2: Recv/Dropped : 0/2
EDGE (3 ,3) PORT 3: Recv/Dropped : 0/85
EDGE (3 ,3) PORT 4: Recv/Dropped : 0/56
EDGE (3 ,3) PORT 5: Recv/Dropped : 0/52
EDGE (3 ,3) PORT 6: Recv/Dropped : 0/73
EDGE (3 ,3) PORT 7: Recv/Dropped : 0/36
EDGE (4 ,0) PORT 0: Recv/Dropped : 0/2
EDGE (4 ,0) PORT 1: Recv/Dropped : 0/73
EDGE (4 ,0) PORT 2: Recv/Dropped : 0/2
EDGE (4 ,0) PORT 3: Recv/Dropped : 0/0
EDGE (4 ,0) PORT 4: Recv/Dropped : 0/36
EDGE (4 ,0) PORT 5: Recv/Dropped : 0/17
EDGE (4 ,0) PORT 6: Recv/Dropped : 0/31
EDGE (4 ,0) PORT 7: Recv/Dropped : 0/30
EDGE (4 ,1) PORT 0: Recv/Dropped : 0/0
EDGE (4 ,1) PORT 1: Recv/Dropped : 0/0
EDGE (4 ,1) PORT 2: Recv/Dropped : 0/66
EDGE (4 ,1) PORT 3: Recv/Dropped : 0/0
EDGE (4 ,1) PORT 4: Recv/Dropped : 0/38
EDGE (4 ,1) PORT 5: Recv/Dropped : 0/33
EDGE (4 ,1) PORT 6: Recv/Dropped : 0/24
EDGE (4 ,1) PORT 7: Recv/Dropped : 0/21
EDGE (4 ,2) PORT 0: Recv/Dropped : 0/0
EDGE (4 ,2) PORT 1: Recv/Dropped : 0/83
EDGE (4 ,2) PORT 2: Recv/Dropped : 0/0
EDGE (4 ,2) PORT 3: Recv/Dropped : 0/0
EDGE (4 ,2) PORT 4: Recv/Dropped : 0/17
EDGE (4 ,2) PORT 5: Recv/Dropped : 0/27
EDGE (4 ,2) PORT 6: Recv/Dropped : 0/36
EDGE (4 ,2) PORT 7: Recv/Dropped : 0/32
EDGE (4 ,3) PORT 0: Recv/Dropped : 0/0
EDGE (4 ,3) PORT 1: Recv/Dropped : 0/0
EDGE (4 ,3) PORT 2: Recv/Dropped : 0/0
EDGE (4 ,3) PORT 3: Recv/Dropped : 0/0
EDGE (4 ,3) PORT 4: Recv/Dropped : 0/4
EDGE (4 ,3) PORT 5: Recv/Dropped : 0/3
EDGE (4 ,3) PORT 6: Recv/Dropped : 0/1
EDGE (4 ,3) PORT 7: Recv/Dropped : 0/4
EDGE (5 ,0) PORT 0: Recv/Dropped : 0/0
EDGE (5 ,0) PORT 1: Recv/Dropped : 0/0
EDGE (5 ,0) PORT 2: Recv/Dropped : 0/2
EDGE (5 ,0) PORT 3: Recv/Dropped : 0/0
EDGE (5 ,0) PORT 4: Recv/Dropped : 0/7
EDGE (5 ,0) PORT 5: Recv/Dropped : 0/3
EDGE (5 ,0) PORT 6: Recv/Dropped : 0/2
EDGE (5 ,0) PORT 7: Recv/Dropped : 0/2
EDGE (5 ,1) PORT 0: Recv/Dropped : 0/0
EDGE (5 ,1) PORT 1: Recv/Dropped : 0/0
EDGE (5 ,1) PORT 2: Recv/Dropped : 0/77
EDGE (5 ,1) PORT 3: Recv/Dropped : 0/0
EDGE (5 ,1) PORT 4: Recv/Dropped : 0/32
EDGE (5 ,1) PORT 5: Recv/Dropped : 0/26
EDGE (5 ,1) PORT 6: Recv/Dropped : 0/29
EDGE (5 ,1) PORT 7: Recv/Dropped : 0/25
EDGE (5 ,2) PORT 0: Recv/Dropped : 0/0
EDGE (5 ,2) PORT 1: Recv/Dropped : 0/82
EDGE (5 ,2) PORT 2: Recv/Dropped : 0/63
EDGE (5 ,2) PORT 3: Recv/Dropped : 0/80
EDGE (5 ,2) PORT 4: Recv/Dropped : 0/91
EDGE (5 ,2) PORT 5: Recv/Dropped : 0/81
EDGE (5 ,2) PORT 6: Recv/Dropped : 0/84
EDGE (5 ,2) PORT 7: Recv/Dropped : 0/60
EDGE (5 ,3) PORT 0: Recv/Dropped : 0/0
EDGE (5 ,3) PORT 1: Recv/Dropped : 0/72
EDGE (5 ,3) PORT 2: Recv/Dropped : 0/0
EDGE (5 ,3) PORT 3: Recv/Dropped : 0/0
EDGE (5 ,3) PORT 4: Recv/Dropped : 0/36
EDGE (5 ,3) PORT 5: Recv/Dropped : 0/19
EDGE (5 ,3) PORT 6: Recv/Dropped : 0/35
EDGE (5 ,3) PORT 7: Recv/Dropped : 0/19
EDGE (6 ,0) PORT 0: Recv/Dropped : 0/0
EDGE (6 ,0) PORT 1: Recv/Dropped : 0/0
EDGE (6 ,0) PORT 2: Recv/Dropped : 0/0
EDGE (6 ,0) PORT 3: Recv/Dropped : 0/0
EDGE (6 ,0) PORT 4: Recv/Dropped : 0/3
EDGE (6 ,0) PORT 5: Recv/Dropped : 0/3
EDGE (6 ,0) PORT 6: Recv/Dropped : 0/0
EDGE (6 ,0) PORT 7: Recv/Dropped : 0/6
EDGE (6 ,1) PORT 0: Recv/Dropped : 0/80
EDGE (6 ,1) PORT 1: Recv/Dropped : 0/0
EDGE (6 ,1) PORT 2: Recv/Dropped : 0/78
EDGE (6 ,1) PORT 3: Recv/Dropped : 0/0
EDGE (6 ,1) PORT 4: Recv/Dropped : 0/55
EDGE (6 ,1) PORT 5: Recv/Dropped : 0/55
EDGE (6 ,1) PORT 6: Recv/Dropped : 0/43
EDGE (6 ,1) PORT 7: Recv/Dropped : 0/66
EDGE (6 ,2) PORT 0: Recv/Dropped : 0/2
EDGE (6 ,2) PORT 1: Recv/Dropped : 0/0
EDGE (6 ,2) PORT 2: Recv/Dropped : 0/74
EDGE (6 ,2) PORT 3: Recv/Dropped : 0/0
EDGE (6 ,2) PORT 4: Recv/Dropped : 0/40
EDGE (6 ,2) PORT 5: Recv/Dropped : 0/16
EDGE (6 ,2) PORT 6: Recv/Dropped : 0/45
EDGE (6 ,2) PORT 7: Recv/Dropped : 0/16
EDGE (6 ,3) PORT 0: Recv/Dropped : 0/3
EDGE (6 ,3) PORT 1: Recv/Dropped : 0/75
EDGE (6 ,3) PORT 2: Recv/Dropped : 0/0
EDGE (6 ,3) PORT 3: Recv/Dropped : 0/0
EDGE (6 ,3) PORT 4: Recv/Dropped : 0/23
EDGE (6 ,3) PORT 5: Recv/Dropped : 0/7
EDGE (6 ,3) PORT 6: Recv/Dropped : 0/56
EDGE (6 ,3) PORT 7: Recv/Dropped : 0/29
EDGE (7 ,0) PORT 0: Recv/Dropped : 0/77
EDGE (7 ,0) PORT 1: Recv/Dropped : 0/75
EDGE (7 ,0) PORT 2: Recv/Dropped : 0/0
EDGE (7 ,0) PORT 3: Recv/Dropped : 0/0
EDGE (7 ,0) PORT 4: Recv/Dropped : 0/45
EDGE (7 ,0) PORT 5: Recv/Dropped : 0/61
EDGE (7 ,0) PORT 6: Recv/Dropped : 0/69
EDGE (7 ,0) PORT 7: Recv/Dropped : 0/40
EDGE (7 ,1) PORT 0: Recv/Dropped : 0/69
EDGE (7 ,1) PORT 1: Recv/Dropped : 0/0
EDGE (7 ,1) PORT 2: Recv/Dropped : 0/0
EDGE (7 ,1) PORT 3: Recv/Dropped : 0/0
EDGE (7 ,1) PORT 4: Recv/Dropped : 0/24
EDGE (7 ,1) PORT 5: Recv/Dropped : 0/19
EDGE (7 ,1) PORT 6: Recv/Dropped : 0/41
EDGE (7 ,1) PORT 7: Recv/Dropped : 0/26
EDGE (7 ,2) PORT 0: Recv/Dropped : 0/0
EDGE (7 ,2) PORT 1: Recv/Dropped : 0/0
EDGE (7 ,2) PORT 2: Recv/Dropped : 0/0
EDGE (7 ,2) PORT 3: Recv/Dropped : 0/0
EDGE (7 ,2) PORT 4: Recv/Dropped : 0/3
EDGE (7 ,2) PORT 5: Recv/Dropped : 0/5
EDGE (7 ,2) PORT 6: Recv/Dropped : 0/1
EDGE (7 ,2) PORT 7: Recv/Dropped : 0/3
EDGE (7 ,3) PORT 0: Recv/Dropped : 0/84
EDGE (7 ,3) PORT 1: Recv/Dropped : 0/0
EDGE (7 ,3) PORT 2: Recv/Dropped : 0/0
EDGE (7 ,3) PORT 3: Recv/Dropped : 0/0
EDGE (7 ,3) PORT 4: Recv/Dropped : 0/40
EDGE (7 ,3) PORT 5: Recv/Dropped : 0/22
EDGE (7 ,3) PORT 6: Recv/Dropped : 0/27
EDGE (7 ,3) PORT 7: Recv/Dropped : 0/26
 -- AGG QUEUE STATISTICS --
AGG (0 ,0) PORT 0: Recv/Dropped : 22/1218
AGG (0 ,0) PORT 1: Recv/Dropped : 9/1150
AGG (0 ,0) PORT 2: Recv/Dropped : 10/1288
AGG (0 ,0) PORT 3: Recv/Dropped : 15/1208
AGG (0 ,0) PORT 4: Recv/Dropped : 0/211
AGG (0 ,0) PORT 5: Recv/Dropped : 0/163
AGG (0 ,0) PORT 6: Recv/Dropped : 0/164
AGG (0 ,0) PORT 7: Recv/Dropped : 0/180
AGG (0 ,1) PORT 0: Recv/Dropped : 0/66
AGG (0 ,1) PORT 1: Recv/Dropped : 0/81
AGG (0 ,1) PORT 2: Recv/Dropped : 0/80
AGG (0 ,1) PORT 3: Recv/Dropped : 0/84
AGG (0 ,1) PORT 4: Recv/Dropped : 0/220
AGG (0 ,1) PORT 5: Recv/Dropped : 0/190
AGG (0 ,1) PORT 6: Recv/Dropped : 0/168
AGG (0 ,1) PORT 7: Recv/Dropped : 0/190
AGG (0 ,2) PORT 0: Recv/Dropped : 0/53
AGG (0 ,2) PORT 1: Recv/Dropped : 0/42
AGG (0 ,2) PORT 2: Recv/Dropped : 0/27
AGG (0 ,2) PORT 3: Recv/Dropped : 0/39
AGG (0 ,2) PORT 4: Recv/Dropped : 0/178
AGG (0 ,2) PORT 5: Recv/Dropped : 0/169
AGG (0 ,2) PORT 6: Recv/Dropped : 0/176
AGG (0 ,2) PORT 7: Recv/Dropped : 0/191
AGG (0 ,3) PORT 0: Recv/Dropped : 0/38
AGG (0 ,3) PORT 1: Recv/Dropped : 0/40
AGG (0 ,3) PORT 2: Recv/Dropped : 0/43
AGG (0 ,3) PORT 3: Recv/Dropped : 0/37
AGG (0 ,3) PORT 4: Recv/Dropped : 0/148
AGG (0 ,3) PORT 5: Recv/Dropped : 0/165
AGG (0 ,3) PORT 6: Recv/Dropped : 0/155
AGG (0 ,3) PORT 7: Recv/Dropped : 0/175
AGG (1 ,0) PORT 0: Recv/Dropped : 0/71
AGG (1 ,0) PORT 1: Recv/Dropped : 0/87
AGG (1 ,0) PORT 2: Recv/Dropped : 0/75
AGG (1 ,0) PORT 3: Recv/Dropped : 0/70
AGG (1 ,0) PORT 4: Recv/Dropped : 0/39
AGG (1 ,0) PORT 5: Recv/Dropped : 0/65
AGG (1 ,0) PORT 6: Recv/Dropped : 0/57
AGG (1 ,0) PORT 7: Recv/Dropped : 0/136
AGG (1 ,1) PORT 0: Recv/Dropped : 0/56
AGG (1 ,1) PORT 1: Recv/Dropped : 0/37
AGG (1 ,1) PORT 2: Recv/Dropped : 0/31
AGG (1 ,1) PORT 3: Recv/Dropped : 0/28
AGG (1 ,1) PORT 4: Recv/Dropped : 0/77
AGG (1 ,1) PORT 5: Recv/Dropped : 0/51
AGG (1 ,1) PORT 6: Recv/Dropped : 0/53
AGG (1 ,1) PORT 7: Recv/Dropped : 0/64
AGG (1 ,2) PORT 0: Recv/Dropped : 0/32
AGG (1 ,2) PORT 1: Recv/Dropped : 0/39
AGG (1 ,2) PORT 2: Recv/Dropped : 0/32
AGG (1 ,2) PORT 3: Recv/Dropped : 0/42
AGG (1 ,2) PORT 4: Recv/Dropped : 0/67
AGG (1 ,2) PORT 5: Recv/Dropped : 0/84
AGG (1 ,2) PORT 6: Recv/Dropped : 0/62
AGG (1 ,2) PORT 7: Recv/Dropped : 0/37
AGG (1 ,3) PORT 0: Recv/Dropped : 0/33
AGG (1 ,3) PORT 1: Recv/Dropped : 0/54
AGG (1 ,3) PORT 2: Recv/Dropped : 0/32
AGG (1 ,3) PORT 3: Recv/Dropped : 0/32
AGG (1 ,3) PORT 4: Recv/Dropped : 0/54
AGG (1 ,3) PORT 5: Recv/Dropped : 0/76
AGG (1 ,3) PORT 6: Recv/Dropped : 0/70
AGG (1 ,3) PORT 7: Recv/Dropped : 0/54
AGG (2 ,0) PORT 0: Recv/Dropped : 0/23
AGG (2 ,0) PORT 1: Recv/Dropped : 0/19
AGG (2 ,0) PORT 2: Recv/Dropped : 0/22
AGG (2 ,0) PORT 3: Recv/Dropped : 0/27
AGG (2 ,0) PORT 4: Recv/Dropped : 0/32
AGG (2 ,0) PORT 5: Recv/Dropped : 0/24
AGG (2 ,0) PORT 6: Recv/Dropped : 0/34
AGG (2 ,0) PORT 7: Recv/Dropped : 0/38
AGG (2 ,1) PORT 0: Recv/Dropped : 0/19
AGG (2 ,1) PORT 1: Recv/Dropped : 0/20
AGG (2 ,1) PORT 2: Recv/Dropped : 0/24
AGG (2 ,1) PORT 3: Recv/Dropped : 0/12
AGG (2 ,1) PORT 4: Recv/Dropped : 0/43
AGG (2 ,1) PORT 5: Recv/Dropped : 0/50
AGG (2 ,1) PORT 6: Recv/Dropped : 0/30
AGG (2 ,1) PORT 7: Recv/Dropped : 0/45
AGG (2 ,2) PORT 0: Recv/Dropped : 0/43
AGG (2 ,2) PORT 1: Recv/Dropped : 0/31
AGG (2 ,2) PORT 2: Recv/Dropped : 0/34
AGG (2 ,2) PORT 3: Recv/Dropped : 0/31
AGG (2 ,2) PORT 4: Recv/Dropped : 0/28
AGG (2 ,2) PORT 5: Recv/Dropped : 0/29
AGG (2 ,2) PORT 6: Recv/Dropped : 0/50
AGG (2 ,2) PORT 7: Recv/Dropped : 0/40
AGG (2 ,3) PORT 0: Recv/Dropped : 0/40
AGG (2 ,3) PORT 1: Recv/Dropped : 0/47
AGG (2 ,3) PORT 2: Recv/Dropped : 0/33
AGG (2 ,3) PORT 3: Recv/Dropped : 0/38
AGG (2 ,3) PORT 4: Recv/Dropped : 0/37
AGG (2 ,3) PORT 5: Recv/Dropped : 0/32
AGG (2 ,3) PORT 6: Recv/Dropped : 0/111
AGG (2 ,3) PORT 7: Recv/Dropped : 0/43
AGG (3 ,0) PORT 0: Recv/Dropped : 0/44
AGG (3 ,0) PORT 1: Recv/Dropped : 0/36
AGG (3 ,0) PORT 2: Recv/Dropped : 0/44
AGG (3 ,0) PORT 3: Recv/Dropped : 0/30
AGG (3 ,0) PORT 4: Recv/Dropped : 0/40
AGG (3 ,0) PORT 5: Recv/Dropped : 0/26
AGG (3 ,0) PORT 6: Recv/Dropped : 0/34
AGG (3 ,0) PORT 7: Recv/Dropped : 0/38
AGG (3 ,1) PORT 0: Recv/Dropped : 0/23
AGG (3 ,1) PORT 1: Recv/Dropped : 0/18
AGG (3 ,1) PORT 2: Recv/Dropped : 0/22
AGG (3 ,1) PORT 3: Recv/Dropped : 0/19
AGG (3 ,1) PORT 4: Recv/Dropped : 0/40
AGG (3 ,1) PORT 5: Recv/Dropped : 0/35
AGG (3 ,1) PORT 6: Recv/Dropped : 0/30
AGG (3 ,1) PORT 7: Recv/Dropped : 0/35
AGG (3 ,2) PORT 0: Recv/Dropped : 0/1
AGG (3 ,2) PORT 1: Recv/Dropped : 0/1
AGG (3 ,2) PORT 2: Recv/Dropped : 0/0
AGG (3 ,2) PORT 3: Recv/Dropped : 0/0
AGG (3 ,2) PORT 4: Recv/Dropped : 0/46
AGG (3 ,2) PORT 5: Recv/Dropped : 0/37
AGG (3 ,2) PORT 6: Recv/Dropped : 0/39
AGG (3 ,2) PORT 7: Recv/Dropped : 0/45
AGG (3 ,3) PORT 0: Recv/Dropped : 0/38
AGG (3 ,3) PORT 1: Recv/Dropped : 0/62
AGG (3 ,3) PORT 2: Recv/Dropped : 0/40
AGG (3 ,3) PORT 3: Recv/Dropped : 0/32
AGG (3 ,3) PORT 4: Recv/Dropped : 0/19
AGG (3 ,3) PORT 5: Recv/Dropped : 0/38
AGG (3 ,3) PORT 6: Recv/Dropped : 0/34
AGG (3 ,3) PORT 7: Recv/Dropped : 0/23
AGG (4 ,0) PORT 0: Recv/Dropped : 0/21
AGG (4 ,0) PORT 1: Recv/Dropped : 0/29
AGG (4 ,0) PORT 2: Recv/Dropped : 0/14
AGG (4 ,0) PORT 3: Recv/Dropped : 0/13
AGG (4 ,0) PORT 4: Recv/Dropped : 0/21
AGG (4 ,0) PORT 5: Recv/Dropped : 0/8
AGG (4 ,0) PORT 6: Recv/Dropped : 0/36
AGG (4 ,0) PORT 7: Recv/Dropped : 0/30
AGG (4 ,1) PORT 0: Recv/Dropped : 0/13
AGG (4 ,1) PORT 1: Recv/Dropped : 0/21
AGG (4 ,1) PORT 2: Recv/Dropped : 0/22
AGG (4 ,1) PORT 3: Recv/Dropped : 0/10
AGG (4 ,1) PORT 4: Recv/Dropped : 0/25
AGG (4 ,1) PORT 5: Recv/Dropped : 0/20
AGG (4 ,1) PORT 6: Recv/Dropped : 0/17
AGG (4 ,1) PORT 7: Recv/Dropped : 0/18
AGG (4 ,2) PORT 0: Recv/Dropped : 0/18
AGG (4 ,2) PORT 1: Recv/Dropped : 0/26
AGG (4 ,2) PORT 2: Recv/Dropped : 0/24
AGG (4 ,2) PORT 3: Recv/Dropped : 0/15
AGG (4 ,2) PORT 4: Recv/Dropped : 0/22
AGG (4 ,2) PORT 5: Recv/Dropped : 0/19
AGG (4 ,2) PORT 6: Recv/Dropped : 0/33
AGG (4 ,2) PORT 7: Recv/Dropped : 0/18
AGG (4 ,3) PORT 0: Recv/Dropped : 0/0
AGG (4 ,3) PORT 1: Recv/Dropped : 0/0
AGG (4 ,3) PORT 2: Recv/Dropped : 0/0
AGG (4 ,3) PORT 3: Recv/Dropped : 0/0
AGG (4 ,3) PORT 4: Recv/Dropped : 0/27
AGG (4 ,3) PORT 5: Recv/Dropped : 0/23
AGG (4 ,3) PORT 6: Recv/Dropped : 0/11
AGG (4 ,3) PORT 7: Recv/Dropped : 0/26
AGG (5 ,0) PORT 0: Recv/Dropped : 0/0
AGG (5 ,0) PORT 1: Recv/Dropped : 0/1
AGG (5 ,0) PORT 2: Recv/Dropped : 0/1
AGG (5 ,0) PORT 3: Recv/Dropped : 0/0
AGG (5 ,0) PORT 4: Recv/Dropped : 0/35
AGG (5 ,0) PORT 5: Recv/Dropped : 0/45
AGG (5 ,0) PORT 6: Recv/Dropped : 0/36
AGG (5 ,0) PORT 7: Recv/Dropped : 0/50
AGG (5 ,1) PORT 0: Recv/Dropped : 0/20
AGG (5 ,1) PORT 1: Recv/Dropped : 0/18
AGG (5 ,1) PORT 2: Recv/Dropped : 0/26
AGG (5 ,1) PORT 3: Recv/Dropped : 0/13
AGG (5 ,1) PORT 4: Recv/Dropped : 0/21
AGG (5 ,1) PORT 5: Recv/Dropped : 0/35
AGG (5 ,1) PORT 6: Recv/Dropped : 0/53
AGG (5 ,1) PORT 7: Recv/Dropped : 0/20
AGG (5 ,2) PORT 0: Recv/Dropped : 0/57
AGG (5 ,2) PORT 1: Recv/Dropped : 0/59
AGG (5 ,2) PORT 2: Recv/Dropped : 0/49
AGG (5 ,2) PORT 3: Recv/Dropped : 0/60
AGG (5 ,2) PORT 4: Recv/Dropped : 0/48
AGG (5 ,2) PORT 5: Recv/Dropped : 0/32
AGG (5 ,2) PORT 6: Recv/Dropped : 0/41
AGG (5 ,2) PORT 7: Recv/Dropped : 0/29
AGG (5 ,3) PORT 0: Recv/Dropped : 0/26
AGG (5 ,3) PORT 1: Recv/Dropped : 0/17
AGG (5 ,3) PORT 2: Recv/Dropped : 0/18
AGG (5 ,3) PORT 3: Recv/Dropped : 0/11
AGG (5 ,3) PORT 4: Recv/Dropped : 0/23
AGG (5 ,3) PORT 5: Recv/Dropped : 0/44
AGG (5 ,3) PORT 6: Recv/Dropped : 0/16
AGG (5 ,3) PORT 7: Recv/Dropped : 0/23
AGG (6 ,0) PORT 0: Recv/Dropped : 0/0
AGG (6 ,0) PORT 1: Recv/Dropped : 0/0
AGG (6 ,0) PORT 2: Recv/Dropped : 0/0
AGG (6 ,0) PORT 3: Recv/Dropped : 0/0
AGG (6 ,0) PORT 4: Recv/Dropped : 0/26
AGG (6 ,0) PORT 5: Recv/Dropped : 0/27
AGG (6 ,0) PORT 6: Recv/Dropped : 0/23
AGG (6 ,0) PORT 7: Recv/Dropped : 0/45
AGG (6 ,1) PORT 0: Recv/Dropped : 0/40
AGG (6 ,1) PORT 1: Recv/Dropped : 0/41
AGG (6 ,1) PORT 2: Recv/Dropped : 0/34
AGG (6 ,1) PORT 3: Recv/Dropped : 0/43
AGG (6 ,1) PORT 4: Recv/Dropped : 0/12
AGG (6 ,1) PORT 5: Recv/Dropped : 0/14
AGG (6 ,1) PORT 6: Recv/Dropped : 0/29
AGG (6 ,1) PORT 7: Recv/Dropped : 0/26
AGG (6 ,2) PORT 0: Recv/Dropped : 0/17
AGG (6 ,2) PORT 1: Recv/Dropped : 0/23
AGG (6 ,2) PORT 2: Recv/Dropped : 0/20
AGG (6 ,2) PORT 3: Recv/Dropped : 0/16
AGG (6 ,2) PORT 4: Recv/Dropped : 0/50
AGG (6 ,2) PORT 5: Recv/Dropped : 0/36
AGG (6 ,2) PORT 6: Recv/Dropped : 0/30
AGG (6 ,2) PORT 7: Recv/Dropped : 0/28
AGG (6 ,3) PORT 0: Recv/Dropped : 0/9
AGG (6 ,3) PORT 1: Recv/Dropped : 0/8
AGG (6 ,3) PORT 2: Recv/Dropped : 0/47
AGG (6 ,3) PORT 3: Recv/Dropped : 0/14
AGG (6 ,3) PORT 4: Recv/Dropped : 0/34
AGG (6 ,3) PORT 5: Recv/Dropped : 0/43
AGG (6 ,3) PORT 6: Recv/Dropped : 0/21
AGG (6 ,3) PORT 7: Recv/Dropped : 0/19
AGG (7 ,0) PORT 0: Recv/Dropped : 0/40
AGG (7 ,0) PORT 1: Recv/Dropped : 0/31
AGG (7 ,0) PORT 2: Recv/Dropped : 0/32
AGG (7 ,0) PORT 3: Recv/Dropped : 0/49
AGG (7 ,0) PORT 4: Recv/Dropped : 0/35
AGG (7 ,0) PORT 5: Recv/Dropped : 0/23
AGG (7 ,0) PORT 6: Recv/Dropped : 0/39
AGG (7 ,0) PORT 7: Recv/Dropped : 0/15
AGG (7 ,1) PORT 0: Recv/Dropped : 0/5
AGG (7 ,1) PORT 1: Recv/Dropped : 0/25
AGG (7 ,1) PORT 2: Recv/Dropped : 0/19
AGG (7 ,1) PORT 3: Recv/Dropped : 0/20
AGG (7 ,1) PORT 4: Recv/Dropped : 0/39
AGG (7 ,1) PORT 5: Recv/Dropped : 0/20
AGG (7 ,1) PORT 6: Recv/Dropped : 0/10
AGG (7 ,1) PORT 7: Recv/Dropped : 0/38
AGG (7 ,2) PORT 0: Recv/Dropped : 0/0
AGG (7 ,2) PORT 1: Recv/Dropped : 0/0
AGG (7 ,2) PORT 2: Recv/Dropped : 0/0
AGG (7 ,2) PORT 3: Recv/Dropped : 0/0
AGG (7 ,2) PORT 4: Recv/Dropped : 0/47
AGG (7 ,2) PORT 5: Recv/Dropped : 0/45
AGG (7 ,2) PORT 6: Recv/Dropped : 0/18
AGG (7 ,2) PORT 7: Recv/Dropped : 0/28
AGG (7 ,3) PORT 0: Recv/Dropped : 0/29
AGG (7 ,3) PORT 1: Recv/Dropped : 0/18
AGG (7 ,3) PORT 2: Recv/Dropped : 0/19
AGG (7 ,3) PORT 3: Recv/Dropped : 0/18
AGG (7 ,3) PORT 4: Recv/Dropped : 0/43
AGG (7 ,3) PORT 5: Recv/Dropped : 0/19
AGG (7 ,3) PORT 6: Recv/Dropped : 0/22
AGG (7 ,3) PORT 7: Recv/Dropped : 0/11


TOTAL RECEIVED PACKETS = 32008
TOTAL DROPPED PACKETS = 569