QUEUE STATISTICS FOR EXPERIMENT 643
---------------------------
 -- EDGE QUEUE STATISTICS --
EDGE (0 ,0) PORT 0: Recv/Dropped : 0/1442
EDGE (0 ,0) PORT 1: Recv/Dropped : 0/794
EDGE (0 ,0) PORT 2: Recv/Dropped : 0/1366
EDGE (0 ,0) PORT 3: Recv/Dropped : 0/1853
EDGE (0 ,0) PORT 4: Recv/Dropped : 0/1313
EDGE (0 ,0) PORT 5: Recv/Dropped : 0/615
EDGE (0 ,0) PORT 6: Recv/Dropped : 0/957
EDGE (0 ,0) PORT 7: Recv/Dropped : 0/1792
EDGE (0 ,1) PORT 0: Recv/Dropped : 0/1117
EDGE (0 ,1) PORT 1: Recv/Dropped : 0/946
EDGE (0 ,1) PORT 2: Recv/Dropped : 0/1418
EDGE (0 ,1) PORT 3: Recv/Dropped : 0/1609
EDGE (0 ,1) PORT 4: Recv/Dropped : 0/934
EDGE (0 ,1) PORT 5: Recv/Dropped : 0/463
EDGE (0 ,1) PORT 6: Recv/Dropped : 0/1007
EDGE (0 ,1) PORT 7: Recv/Dropped : 0/901
EDGE (0 ,2) PORT 0: Recv/Dropped : 0/601
EDGE (0 ,2) PORT 1: Recv/Dropped : 0/583
EDGE (0 ,2) PORT 2: Recv/Dropped : 0/2764
EDGE (0 ,2) PORT 3: Recv/Dropped : 0/1066
EDGE (0 ,2) PORT 4: Recv/Dropped : 0/1127
EDGE (0 ,2) PORT 5: Recv/Dropped : 0/1599
EDGE (0 ,2) PORT 6: Recv/Dropped : 0/528
EDGE (0 ,2) PORT 7: Recv/Dropped : 0/1054
EDGE (0 ,3) PORT 0: Recv/Dropped : 0/3331
EDGE (0 ,3) PORT 1: Recv/Dropped : 0/1681
EDGE (0 ,3) PORT 2: Recv/Dropped : 0/2731
EDGE (0 ,3) PORT 3: Recv/Dropped : 0/1771
EDGE (0 ,3) PORT 4: Recv/Dropped : 0/1731
EDGE (0 ,3) PORT 5: Recv/Dropped : 0/980
EDGE (0 ,3) PORT 6: Recv/Dropped : 0/2703
EDGE (0 ,3) PORT 7: Recv/Dropped : 0/1508
EDGE (1 ,0) PORT 0: Recv/Dropped : 0/1061
EDGE (1 ,0) PORT 1: Recv/Dropped : 0/863
EDGE (1 ,0) PORT 2: Recv/Dropped : 0/1971
EDGE (1 ,0) PORT 3: Recv/Dropped : 0/1477
EDGE (1 ,0) PORT 4: Recv/Dropped : 0/1275
EDGE (1 ,0) PORT 5: Recv/Dropped : 0/767
EDGE (1 ,0) PORT 6: Recv/Dropped : 0/1407
EDGE (1 ,0) PORT 7: Recv/Dropped : 0/639
EDGE (1 ,1) PORT 0: Recv/Dropped : 0/3037
EDGE (1 ,1) PORT 1: Recv/Dropped : 0/1386
EDGE (1 ,1) PORT 2: Recv/Dropped : 0/1943
EDGE (1 ,1) PORT 3: Recv/Dropped : 0/798
EDGE (1 ,1) PORT 4: Recv/Dropped : 0/1506
EDGE (1 ,1) PORT 5: Recv/Dropped : 0/973
EDGE (1 ,1) PORT 6: Recv/Dropped : 0/1150
EDGE (1 ,1) PORT 7: Recv/Dropped : 0/1312
EDGE (1 ,2) PORT 0: Recv/Dropped : 0/1155
EDGE (1 ,2) PORT 1: Recv/Dropped : 0/868
EDGE (1 ,2) PORT 2: Recv/Dropped : 0/1495
EDGE (1 ,2) PORT 3: Recv/Dropped : 0/1161
EDGE (1 ,2) PORT 4: Recv/Dropped : 0/1486
EDGE (1 ,2) PORT 5: Recv/Dropped : 0/934
EDGE (1 ,2) PORT 6: Recv/Dropped : 0/1115
EDGE (1 ,2) PORT 7: Recv/Dropped : 0/1061
EDGE (1 ,3) PORT 0: Recv/Dropped : 0/1129
EDGE (1 ,3) PORT 1: Recv/Dropped : 0/1628
EDGE (1 ,3) PORT 2: Recv/Dropped : 0/1388
EDGE (1 ,3) PORT 3: Recv/Dropped : 0/1562
EDGE (1 ,3) PORT 4: Recv/Dropped : 0/1085
EDGE (1 ,3) PORT 5: Recv/Dropped : 0/1231
EDGE (1 ,3) PORT 6: Recv/Dropped : 0/1953
EDGE (1 ,3) PORT 7: Recv/Dropped : 0/973
EDGE (2 ,0) PORT 0: Recv/Dropped : 0/1514
EDGE (2 ,0) PORT 1: Recv/Dropped : 0/1514
EDGE (2 ,0) PORT 2: Recv/Dropped : 0/3306
EDGE (2 ,0) PORT 3: Recv/Dropped : 0/1394
EDGE (2 ,0) PORT 4: Recv/Dropped : 0/1421
EDGE (2 ,0) PORT 5: Recv/Dropped : 0/2102
EDGE (2 ,0) PORT 6: Recv/Dropped : 0/1443
EDGE (2 ,0) PORT 7: Recv/Dropped : 0/2133
EDGE (2 ,1) PORT 0: Recv/Dropped : 0/2921
EDGE (2 ,1) PORT 1: Recv/Dropped : 0/1139
EDGE (2 ,1) PORT 2: Recv/Dropped : 0/1086
EDGE (2 ,1) PORT 3: Recv/Dropped : 0/1233
EDGE (2 ,1) PORT 4: Recv/Dropped : 0/2397
EDGE (2 ,1) PORT 5: Recv/Dropped : 0/1449
EDGE (2 ,1) PORT 6: Recv/Dropped : 0/1372
EDGE (2 ,1) PORT 7: Recv/Dropped : 0/561
EDGE (2 ,2) PORT 0: Recv/Dropped : 0/1155
EDGE (2 ,2) PORT 1: Recv/Dropped : 0/2369
EDGE (2 ,2) PORT 2: Recv/Dropped : 0/1502
EDGE (2 ,2) PORT 3: Recv/Dropped : 0/2373
EDGE (2 ,2) PORT 4: Recv/Dropped : 0/1112
EDGE (2 ,2) PORT 5: Recv/Dropped : 0/1832
EDGE (2 ,2) PORT 6: Recv/Dropped : 0/2495
EDGE (2 ,2) PORT 7: Recv/Dropped : 0/1234
EDGE (2 ,3) PORT 0: Recv/Dropped : 0/1195
EDGE (2 ,3) PORT 1: Recv/Dropped : 0/1555
EDGE (2 ,3) PORT 2: Recv/Dropped : 0/1420
EDGE (2 ,3) PORT 3: Recv/Dropped : 0/1751
EDGE (2 ,3) PORT 4: Recv/Dropped : 0/458
EDGE (2 ,3) PORT 5: Recv/Dropped : 0/1134
EDGE (2 ,3) PORT 6: Recv/Dropped : 0/1301
EDGE (2 ,3) PORT 7: Recv/Dropped : 0/1842
EDGE (3 ,0) PORT 0: Recv/Dropped : 0/713
EDGE (3 ,0) PORT 1: Recv/Dropped : 0/1058
EDGE (3 ,0) PORT 2: Recv/Dropped : 0/1543
EDGE (3 ,0) PORT 3: Recv/Dropped : 0/2771
EDGE (3 ,0) PORT 4: Recv/Dropped : 0/480
EDGE (3 ,0) PORT 5: Recv/Dropped : 0/1521
EDGE (3 ,0) PORT 6: Recv/Dropped : 0/920
EDGE (3 ,0) PORT 7: Recv/Dropped : 0/1455
EDGE (3 ,1) PORT 0: Recv/Dropped : 0/2372
EDGE (3 ,1) PORT 1: Recv/Dropped : 0/1407
EDGE (3 ,1) PORT 2: Recv/Dropped : 0/1048
EDGE (3 ,1) PORT 3: Recv/Dropped : 0/1326
EDGE (3 ,1) PORT 4: Recv/Dropped : 0/699
EDGE (3 ,1) PORT 5: Recv/Dropped : 0/1064
EDGE (3 ,1) PORT 6: Recv/Dropped : 0/1795
EDGE (3 ,1) PORT 7: Recv/Dropped : 0/1281
EDGE (3 ,2) PORT 0: Recv/Dropped : 0/1137
EDGE (3 ,2) PORT 1: Recv/Dropped : 0/1372
EDGE (3 ,2) PORT 2: Recv/Dropped : 0/953
EDGE (3 ,2) PORT 3: Recv/Dropped : 0/692
EDGE (3 ,2) PORT 4: Recv/Dropped : 0/829
EDGE (3 ,2) PORT 5: Recv/Dropped : 0/1362
EDGE (3 ,2) PORT 6: Recv/Dropped : 0/493
EDGE (3 ,2) PORT 7: Recv/Dropped : 0/667
EDGE (3 ,3) PORT 0: Recv/Dropped : 0/1554
EDGE (3 ,3) PORT 1: Recv/Dropped : 0/3191
EDGE (3 ,3) PORT 2: Recv/Dropped : 0/2116
EDGE (3 ,3) PORT 3: Recv/Dropped : 0/1028
EDGE (3 ,3) PORT 4: Recv/Dropped : 0/1084
EDGE (3 ,3) PORT 5: Recv/Dropped : 0/1372
EDGE (3 ,3) PORT 6: Recv/Dropped : 0/1629
EDGE (3 ,3) PORT 7: Recv/Dropped : 0/1292
EDGE (4 ,0) PORT 0: Recv/Dropped : 0/1610
EDGE (4 ,0) PORT 1: Recv/Dropped : 0/2763
EDGE (4 ,0) PORT 2: Recv/Dropped : 0/1519
EDGE (4 ,0) PORT 3: Recv/Dropped : 0/1036
EDGE (4 ,0) PORT 4: Recv/Dropped : 0/1182
EDGE (4 ,0) PORT 5: Recv/Dropped : 0/2572
EDGE (4 ,0) PORT 6: Recv/Dropped : 0/1408
EDGE (4 ,0) PORT 7: Recv/Dropped : 0/1272
EDGE (4 ,1) PORT 0: Recv/Dropped : 0/731
EDGE (4 ,1) PORT 1: Recv/Dropped : 0/2318
EDGE (4 ,1) PORT 2: Recv/Dropped : 0/1860
EDGE (4 ,1) PORT 3: Recv/Dropped : 0/1646
EDGE (4 ,1) PORT 4: Recv/Dropped : 0/1265
EDGE (4 ,1) PORT 5: Recv/Dropped : 0/659
EDGE (4 ,1) PORT 6: Recv/Dropped : 0/1191
EDGE (4 ,1) PORT 7: Recv/Dropped : 0/942
EDGE (4 ,2) PORT 0: Recv/Dropped : 0/1458
EDGE (4 ,2) PORT 1: Recv/Dropped : 0/1666
EDGE (4 ,2) PORT 2: Recv/Dropped : 0/1740
EDGE (4 ,2) PORT 3: Recv/Dropped : 0/2160
EDGE (4 ,2) PORT 4: Recv/Dropped : 0/558
EDGE (4 ,2) PORT 5: Recv/Dropped : 0/1680
EDGE (4 ,2) PORT 6: Recv/Dropped : 0/1001
EDGE (4 ,2) PORT 7: Recv/Dropped : 0/1308
EDGE (4 ,3) PORT 0: Recv/Dropped : 0/1643
EDGE (4 ,3) PORT 1: Recv/Dropped : 0/1471
EDGE (4 ,3) PORT 2: Recv/Dropped : 0/1541
EDGE (4 ,3) PORT 3: Recv/Dropped : 0/915
EDGE (4 ,3) PORT 4: Recv/Dropped : 0/795
EDGE (4 ,3) PORT 5: Recv/Dropped : 0/713
EDGE (4 ,3) PORT 6: Recv/Dropped : 0/764
EDGE (4 ,3) PORT 7: Recv/Dropped : 0/1733
EDGE (5 ,0) PORT 0: Recv/Dropped : 0/3599
EDGE (5 ,0) PORT 1: Recv/Dropped : 0/1755
EDGE (5 ,0) PORT 2: Recv/Dropped : 0/1834
EDGE (5 ,0) PORT 3: Recv/Dropped : 0/2216
EDGE (5 ,0) PORT 4: Recv/Dropped : 0/2348
EDGE (5 ,0) PORT 5: Recv/Dropped : 0/1413
EDGE (5 ,0) PORT 6: Recv/Dropped : 0/1454
EDGE (5 ,0) PORT 7: Recv/Dropped : 0/1152
EDGE (5 ,1) PORT 0: Recv/Dropped : 0/977
EDGE (5 ,1) PORT 1: Recv/Dropped : 0/2911
EDGE (5 ,1) PORT 2: Recv/Dropped : 0/1734
EDGE (5 ,1) PORT 3: Recv/Dropped : 0/1786
EDGE (5 ,1) PORT 4: Recv/Dropped : 0/1604
EDGE (5 ,1) PORT 5: Recv/Dropped : 0/1428
EDGE (5 ,1) PORT 6: Recv/Dropped : 0/1223
EDGE (5 ,1) PORT 7: Recv/Dropped : 0/2200
EDGE (5 ,2) PORT 0: Recv/Dropped : 0/1053
EDGE (5 ,2) PORT 1: Recv/Dropped : 0/2174
EDGE (5 ,2) PORT 2: Recv/Dropped : 0/1781
EDGE (5 ,2) PORT 3: Recv/Dropped : 0/2476
EDGE (5 ,2) PORT 4: Recv/Dropped : 0/982
EDGE (5 ,2) PORT 5: Recv/Dropped : 0/2065
EDGE (5 ,2) PORT 6: Recv/Dropped : 0/2080
EDGE (5 ,2) PORT 7: Recv/Dropped : 0/1828
EDGE (5 ,3) PORT 0: Recv/Dropped : 0/2476
EDGE (5 ,3) PORT 1: Recv/Dropped : 0/951
EDGE (5 ,3) PORT 2: Recv/Dropped : 0/1114
EDGE (5 ,3) PORT 3: Recv/Dropped : 0/2145
EDGE (5 ,3) PORT 4: Recv/Dropped : 0/1055
EDGE (5 ,3) PORT 5: Recv/Dropped : 0/1910
EDGE (5 ,3) PORT 6: Recv/Dropped : 0/1779
EDGE (5 ,3) PORT 7: Recv/Dropped : 0/885
EDGE (6 ,0) PORT 0: Recv/Dropped : 0/1886
EDGE (6 ,0) PORT 1: Recv/Dropped : 0/698
EDGE (6 ,0) PORT 2: Recv/Dropped : 0/795
EDGE (6 ,0) PORT 3: Recv/Dropped : 0/732
EDGE (6 ,0) PORT 4: Recv/Dropped : 0/733
EDGE (6 ,0) PORT 5: Recv/Dropped : 0/550
EDGE (6 ,0) PORT 6: Recv/Dropped : 0/1321
EDGE (6 ,0) PORT 7: Recv/Dropped : 0/1821
EDGE (6 ,1) PORT 0: Recv/Dropped : 0/1771
EDGE (6 ,1) PORT 1: Recv/Dropped : 0/318
EDGE (6 ,1) PORT 2: Recv/Dropped : 0/2588
EDGE (6 ,1) PORT 3: Recv/Dropped : 0/2237
EDGE (6 ,1) PORT 4: Recv/Dropped : 0/885
EDGE (6 ,1) PORT 5: Recv/Dropped : 0/1610
EDGE (6 ,1) PORT 6: Recv/Dropped : 0/2339
EDGE (6 ,1) PORT 7: Recv/Dropped : 0/2614
EDGE (6 ,2) PORT 0: Recv/Dropped : 0/1968
EDGE (6 ,2) PORT 1: Recv/Dropped : 0/825
EDGE (6 ,2) PORT 2: Recv/Dropped : 0/1371
EDGE (6 ,2) PORT 3: Recv/Dropped : 0/2791
EDGE (6 ,2) PORT 4: Recv/Dropped : 0/1563
EDGE (6 ,2) PORT 5: Recv/Dropped : 0/1683
EDGE (6 ,2) PORT 6: Recv/Dropped : 0/1171
EDGE (6 ,2) PORT 7: Recv/Dropped : 0/906
EDGE (6 ,3) PORT 0: Recv/Dropped : 0/955
EDGE (6 ,3) PORT 1: Recv/Dropped : 0/2587
EDGE (6 ,3) PORT 2: Recv/Dropped : 0/1007
EDGE (6 ,3) PORT 3: Recv/Dropped : 0/2316
EDGE (6 ,3) PORT 4: Recv/Dropped : 0/1922
EDGE (6 ,3) PORT 5: Recv/Dropped : 0/950
EDGE (6 ,3) PORT 6: Recv/Dropped : 0/1521
EDGE (6 ,3) PORT 7: Recv/Dropped : 0/1302
EDGE (7 ,0) PORT 0: Recv/Dropped : 0/1433
EDGE (7 ,0) PORT 1: Recv/Dropped : 0/1229
EDGE (7 ,0) PORT 2: Recv/Dropped : 0/746
EDGE (7 ,0) PORT 3: Recv/Dropped : 0/2204
EDGE (7 ,0) PORT 4: Recv/Dropped : 0/1123
EDGE (7 ,0) PORT 5: Recv/Dropped : 0/1029
EDGE (7 ,0) PORT 6: Recv/Dropped : 0/1364
EDGE (7 ,0) PORT 7: Recv/Dropped : 0/1142
EDGE (7 ,1) PORT 0: Recv/Dropped : 0/881
EDGE (7 ,1) PORT 1: Recv/Dropped : 0/1975
EDGE (7 ,1) PORT 2: Recv/Dropped : 0/653
EDGE (7 ,1) PORT 3: Recv/Dropped : 0/222
EDGE (7 ,1) PORT 4: Recv/Dropped : 0/839
EDGE (7 ,1) PORT 5: Recv/Dropped : 0/1184
EDGE (7 ,1) PORT 6: Recv/Dropped : 0/1264
EDGE (7 ,1) PORT 7: Recv/Dropped : 0/1009
EDGE (7 ,2) PORT 0: Recv/Dropped : 0/2237
EDGE (7 ,2) PORT 1: Recv/Dropped : 0/3300
EDGE (7 ,2) PORT 2: Recv/Dropped : 0/3251
EDGE (7 ,2) PORT 3: Recv/Dropped : 0/1882
EDGE (7 ,2) PORT 4: Recv/Dropped : 0/1023
EDGE (7 ,2) PORT 5: Recv/Dropped : 0/3987
EDGE (7 ,2) PORT 6: Recv/Dropped : 0/1172
EDGE (7 ,2) PORT 7: Recv/Dropped : 0/2476
EDGE (7 ,3) PORT 0: Recv/Dropped : 0/3181
EDGE (7 ,3) PORT 1: Recv/Dropped : 0/1747
EDGE (7 ,3) PORT 2: Recv/Dropped : 0/2632
EDGE (7 ,3) PORT 3: Recv/Dropped : 0/2599
EDGE (7 ,3) PORT 4: Recv/Dropped : 0/2649
EDGE (7 ,3) PORT 5: Recv/Dropped : 0/2723
EDGE (7 ,3) PORT 6: Recv/Dropped : 0/1192
EDGE (7 ,3) PORT 7: Recv/Dropped : 0/2230
 -- AGG QUEUE STATISTICS --
AGG (0 ,0) PORT 0: Recv/Dropped : 0/1301
AGG (0 ,0) PORT 1: Recv/Dropped : 0/939
AGG (0 ,0) PORT 2: Recv/Dropped : 0/1188
AGG (0 ,0) PORT 3: Recv/Dropped : 0/636
AGG (0 ,0) PORT 4: Recv/Dropped : 0/1533
AGG (0 ,0) PORT 5: Recv/Dropped : 0/639
AGG (0 ,0) PORT 6: Recv/Dropped : 0/358
AGG (0 ,0) PORT 7: Recv/Dropped : 0/826
AGG (0 ,1) PORT 0: Recv/Dropped : 0/1097
AGG (0 ,1) PORT 1: Recv/Dropped : 0/894
AGG (0 ,1) PORT 2: Recv/Dropped : 0/885
AGG (0 ,1) PORT 3: Recv/Dropped : 0/666
AGG (0 ,1) PORT 4: Recv/Dropped : 0/195
AGG (0 ,1) PORT 5: Recv/Dropped : 0/778
AGG (0 ,1) PORT 6: Recv/Dropped : 0/540
AGG (0 ,1) PORT 7: Recv/Dropped : 0/644
AGG (0 ,2) PORT 0: Recv/Dropped : 0/718
AGG (0 ,2) PORT 1: Recv/Dropped : 0/1283
AGG (0 ,2) PORT 2: Recv/Dropped : 0/1144
AGG (0 ,2) PORT 3: Recv/Dropped : 0/1227
AGG (0 ,2) PORT 4: Recv/Dropped : 0/1168
AGG (0 ,2) PORT 5: Recv/Dropped : 0/1073
AGG (0 ,2) PORT 6: Recv/Dropped : 0/944
AGG (0 ,2) PORT 7: Recv/Dropped : 0/1184
AGG (0 ,3) PORT 0: Recv/Dropped : 0/1099
AGG (0 ,3) PORT 1: Recv/Dropped : 0/2402
AGG (0 ,3) PORT 2: Recv/Dropped : 0/1144
AGG (0 ,3) PORT 3: Recv/Dropped : 0/2117
AGG (0 ,3) PORT 4: Recv/Dropped : 0/548
AGG (0 ,3) PORT 5: Recv/Dropped : 0/587
AGG (0 ,3) PORT 6: Recv/Dropped : 0/1073
AGG (0 ,3) PORT 7: Recv/Dropped : 0/778
AGG (1 ,0) PORT 0: Recv/Dropped : 0/1130
AGG (1 ,0) PORT 1: Recv/Dropped : 0/685
AGG (1 ,0) PORT 2: Recv/Dropped : 0/1421
AGG (1 ,0) PORT 3: Recv/Dropped : 0/1367
AGG (1 ,0) PORT 4: Recv/Dropped : 0/1947
AGG (1 ,0) PORT 5: Recv/Dropped : 0/613
AGG (1 ,0) PORT 6: Recv/Dropped : 0/647
AGG (1 ,0) PORT 7: Recv/Dropped : 0/587
AGG (1 ,1) PORT 0: Recv/Dropped : 0/1989
AGG (1 ,1) PORT 1: Recv/Dropped : 0/1537
AGG (1 ,1) PORT 2: Recv/Dropped : 0/1159
AGG (1 ,1) PORT 3: Recv/Dropped : 0/664
AGG (1 ,1) PORT 4: Recv/Dropped : 0/1011
AGG (1 ,1) PORT 5: Recv/Dropped : 0/338
AGG (1 ,1) PORT 6: Recv/Dropped : 0/644
AGG (1 ,1) PORT 7: Recv/Dropped : 0/459
AGG (1 ,2) PORT 0: Recv/Dropped : 0/956
AGG (1 ,2) PORT 1: Recv/Dropped : 0/811
AGG (1 ,2) PORT 2: Recv/Dropped : 0/1262
AGG (1 ,2) PORT 3: Recv/Dropped : 0/848
AGG (1 ,2) PORT 4: Recv/Dropped : 0/1111
AGG (1 ,2) PORT 5: Recv/Dropped : 0/929
AGG (1 ,2) PORT 6: Recv/Dropped : 0/767
AGG (1 ,2) PORT 7: Recv/Dropped : 0/527
AGG (1 ,3) PORT 0: Recv/Dropped : 0/1484
AGG (1 ,3) PORT 1: Recv/Dropped : 0/1815
AGG (1 ,3) PORT 2: Recv/Dropped : 0/955
AGG (1 ,3) PORT 3: Recv/Dropped : 0/1295
AGG (1 ,3) PORT 4: Recv/Dropped : 0/1075
AGG (1 ,3) PORT 5: Recv/Dropped : 0/517
AGG (1 ,3) PORT 6: Recv/Dropped : 0/989
AGG (1 ,3) PORT 7: Recv/Dropped : 0/447
AGG (2 ,0) PORT 0: Recv/Dropped : 0/1834
AGG (2 ,0) PORT 1: Recv/Dropped : 0/1542
AGG (2 ,0) PORT 2: Recv/Dropped : 0/1623
AGG (2 ,0) PORT 3: Recv/Dropped : 0/2252
AGG (2 ,0) PORT 4: Recv/Dropped : 0/401
AGG (2 ,0) PORT 5: Recv/Dropped : 0/1684
AGG (2 ,0) PORT 6: Recv/Dropped : 0/379
AGG (2 ,0) PORT 7: Recv/Dropped : 0/1591
AGG (2 ,1) PORT 0: Recv/Dropped : 0/1331
AGG (2 ,1) PORT 1: Recv/Dropped : 0/1899
AGG (2 ,1) PORT 2: Recv/Dropped : 0/1339
AGG (2 ,1) PORT 3: Recv/Dropped : 0/1652
AGG (2 ,1) PORT 4: Recv/Dropped : 0/1836
AGG (2 ,1) PORT 5: Recv/Dropped : 0/687
AGG (2 ,1) PORT 6: Recv/Dropped : 0/915
AGG (2 ,1) PORT 7: Recv/Dropped : 0/507
AGG (2 ,2) PORT 0: Recv/Dropped : 0/1612
AGG (2 ,2) PORT 1: Recv/Dropped : 0/1088
AGG (2 ,2) PORT 2: Recv/Dropped : 0/1869
AGG (2 ,2) PORT 3: Recv/Dropped : 0/2040
AGG (2 ,2) PORT 4: Recv/Dropped : 0/869
AGG (2 ,2) PORT 5: Recv/Dropped : 0/698
AGG (2 ,2) PORT 6: Recv/Dropped : 0/1038
AGG (2 ,2) PORT 7: Recv/Dropped : 0/1609
AGG (2 ,3) PORT 0: Recv/Dropped : 0/1035
AGG (2 ,3) PORT 1: Recv/Dropped : 0/1459
AGG (2 ,3) PORT 2: Recv/Dropped : 0/487
AGG (2 ,3) PORT 3: Recv/Dropped : 0/794
AGG (2 ,3) PORT 4: Recv/Dropped : 0/182
AGG (2 ,3) PORT 5: Recv/Dropped : 0/882
AGG (2 ,3) PORT 6: Recv/Dropped : 0/639
AGG (2 ,3) PORT 7: Recv/Dropped : 0/1073
AGG (3 ,0) PORT 0: Recv/Dropped : 0/1325
AGG (3 ,0) PORT 1: Recv/Dropped : 0/1373
AGG (3 ,0) PORT 2: Recv/Dropped : 0/840
AGG (3 ,0) PORT 3: Recv/Dropped : 0/675
AGG (3 ,0) PORT 4: Recv/Dropped : 0/211
AGG (3 ,0) PORT 5: Recv/Dropped : 0/681
AGG (3 ,0) PORT 6: Recv/Dropped : 0/863
AGG (3 ,0) PORT 7: Recv/Dropped : 0/205
AGG (3 ,1) PORT 0: Recv/Dropped : 0/777
AGG (3 ,1) PORT 1: Recv/Dropped : 0/1593
AGG (3 ,1) PORT 2: Recv/Dropped : 0/1872
AGG (3 ,1) PORT 3: Recv/Dropped : 0/1093
AGG (3 ,1) PORT 4: Recv/Dropped : 0/1084
AGG (3 ,1) PORT 5: Recv/Dropped : 0/473
AGG (3 ,1) PORT 6: Recv/Dropped : 0/433
AGG (3 ,1) PORT 7: Recv/Dropped : 0/720
AGG (3 ,2) PORT 0: Recv/Dropped : 0/597
AGG (3 ,2) PORT 1: Recv/Dropped : 0/670
AGG (3 ,2) PORT 2: Recv/Dropped : 0/661
AGG (3 ,2) PORT 3: Recv/Dropped : 0/1117
AGG (3 ,2) PORT 4: Recv/Dropped : 0/752
AGG (3 ,2) PORT 5: Recv/Dropped : 0/535
AGG (3 ,2) PORT 6: Recv/Dropped : 0/1507
AGG (3 ,2) PORT 7: Recv/Dropped : 0/892
AGG (3 ,3) PORT 0: Recv/Dropped : 0/1029
AGG (3 ,3) PORT 1: Recv/Dropped : 0/2225
AGG (3 ,3) PORT 2: Recv/Dropped : 0/2032
AGG (3 ,3) PORT 3: Recv/Dropped : 0/745
AGG (3 ,3) PORT 4: Recv/Dropped : 0/1154
AGG (3 ,3) PORT 5: Recv/Dropped : 0/1047
AGG (3 ,3) PORT 6: Recv/Dropped : 0/294
AGG (3 ,3) PORT 7: Recv/Dropped : 0/465
AGG (4 ,0) PORT 0: Recv/Dropped : 0/986
AGG (4 ,0) PORT 1: Recv/Dropped : 0/2366
AGG (4 ,0) PORT 2: Recv/Dropped : 0/1767
AGG (4 ,0) PORT 3: Recv/Dropped : 0/1009
AGG (4 ,0) PORT 4: Recv/Dropped : 0/297
AGG (4 ,0) PORT 5: Recv/Dropped : 0/785
AGG (4 ,0) PORT 6: Recv/Dropped : 0/1024
AGG (4 ,0) PORT 7: Recv/Dropped : 0/934
AGG (4 ,1) PORT 0: Recv/Dropped : 0/441
AGG (4 ,1) PORT 1: Recv/Dropped : 0/629
AGG (4 ,1) PORT 2: Recv/Dropped : 0/1608
AGG (4 ,1) PORT 3: Recv/Dropped : 0/2050
AGG (4 ,1) PORT 4: Recv/Dropped : 0/186
AGG (4 ,1) PORT 5: Recv/Dropped : 0/1149
AGG (4 ,1) PORT 6: Recv/Dropped : 0/452
AGG (4 ,1) PORT 7: Recv/Dropped : 0/1076
AGG (4 ,2) PORT 0: Recv/Dropped : 0/890
AGG (4 ,2) PORT 1: Recv/Dropped : 0/1735
AGG (4 ,2) PORT 2: Recv/Dropped : 0/1242
AGG (4 ,2) PORT 3: Recv/Dropped : 0/688
AGG (4 ,2) PORT 4: Recv/Dropped : 0/587
AGG (4 ,2) PORT 5: Recv/Dropped : 0/655
AGG (4 ,2) PORT 6: Recv/Dropped : 0/589
AGG (4 ,2) PORT 7: Recv/Dropped : 0/946
AGG (4 ,3) PORT 0: Recv/Dropped : 0/1190
AGG (4 ,3) PORT 1: Recv/Dropped : 0/588
AGG (4 ,3) PORT 2: Recv/Dropped : 0/1608
AGG (4 ,3) PORT 3: Recv/Dropped : 0/946
AGG (4 ,3) PORT 4: Recv/Dropped : 0/1016
AGG (4 ,3) PORT 5: Recv/Dropped : 0/942
AGG (4 ,3) PORT 6: Recv/Dropped : 0/519
AGG (4 ,3) PORT 7: Recv/Dropped : 0/1563
AGG (5 ,0) PORT 0: Recv/Dropped : 0/1463
AGG (5 ,0) PORT 1: Recv/Dropped : 0/2294
AGG (5 ,0) PORT 2: Recv/Dropped : 0/1132
AGG (5 ,0) PORT 3: Recv/Dropped : 0/1162
AGG (5 ,0) PORT 4: Recv/Dropped : 0/868
AGG (5 ,0) PORT 5: Recv/Dropped : 0/755
AGG (5 ,0) PORT 6: Recv/Dropped : 0/989
AGG (5 ,0) PORT 7: Recv/Dropped : 0/791
AGG (5 ,1) PORT 0: Recv/Dropped : 0/1500
AGG (5 ,1) PORT 1: Recv/Dropped : 0/2309
AGG (5 ,1) PORT 2: Recv/Dropped : 0/1866
AGG (5 ,1) PORT 3: Recv/Dropped : 0/943
AGG (5 ,1) PORT 4: Recv/Dropped : 0/945
AGG (5 ,1) PORT 5: Recv/Dropped : 0/527
AGG (5 ,1) PORT 6: Recv/Dropped : 0/1180
AGG (5 ,1) PORT 7: Recv/Dropped : 0/1479
AGG (5 ,2) PORT 0: Recv/Dropped : 0/2268
AGG (5 ,2) PORT 1: Recv/Dropped : 0/951
AGG (5 ,2) PORT 2: Recv/Dropped : 0/2343
AGG (5 ,2) PORT 3: Recv/Dropped : 0/1274
AGG (5 ,2) PORT 4: Recv/Dropped : 0/391
AGG (5 ,2) PORT 5: Recv/Dropped : 0/823
AGG (5 ,2) PORT 6: Recv/Dropped : 0/840
AGG (5 ,2) PORT 7: Recv/Dropped : 0/1347
AGG (5 ,3) PORT 0: Recv/Dropped : 0/638
AGG (5 ,3) PORT 1: Recv/Dropped : 0/1538
AGG (5 ,3) PORT 2: Recv/Dropped : 0/1268
AGG (5 ,3) PORT 3: Recv/Dropped : 0/2756
AGG (5 ,3) PORT 4: Recv/Dropped : 0/1391
AGG (5 ,3) PORT 5: Recv/Dropped : 0/308
AGG (5 ,3) PORT 6: Recv/Dropped : 0/1008
AGG (5 ,3) PORT 7: Recv/Dropped : 0/794
AGG (6 ,0) PORT 0: Recv/Dropped : 0/1021
AGG (6 ,0) PORT 1: Recv/Dropped : 0/972
AGG (6 ,0) PORT 2: Recv/Dropped : 0/629
AGG (6 ,0) PORT 3: Recv/Dropped : 0/1331
AGG (6 ,0) PORT 4: Recv/Dropped : 0/800
AGG (6 ,0) PORT 5: Recv/Dropped : 0/1039
AGG (6 ,0) PORT 6: Recv/Dropped : 0/385
AGG (6 ,0) PORT 7: Recv/Dropped : 0/370
AGG (6 ,1) PORT 0: Recv/Dropped : 0/2511
AGG (6 ,1) PORT 1: Recv/Dropped : 0/1740
AGG (6 ,1) PORT 2: Recv/Dropped : 0/1513
AGG (6 ,1) PORT 3: Recv/Dropped : 0/1150
AGG (6 ,1) PORT 4: Recv/Dropped : 0/600
AGG (6 ,1) PORT 5: Recv/Dropped : 0/1059
AGG (6 ,1) PORT 6: Recv/Dropped : 0/627
AGG (6 ,1) PORT 7: Recv/Dropped : 0/1780
AGG (6 ,2) PORT 0: Recv/Dropped : 0/1322
AGG (6 ,2) PORT 1: Recv/Dropped : 0/1510
AGG (6 ,2) PORT 2: Recv/Dropped : 0/887
AGG (6 ,2) PORT 3: Recv/Dropped : 0/1539
AGG (6 ,2) PORT 4: Recv/Dropped : 0/1812
AGG (6 ,2) PORT 5: Recv/Dropped : 0/670
AGG (6 ,2) PORT 6: Recv/Dropped : 0/1560
AGG (6 ,2) PORT 7: Recv/Dropped : 0/279
AGG (6 ,3) PORT 0: Recv/Dropped : 0/1013
AGG (6 ,3) PORT 1: Recv/Dropped : 0/1843
AGG (6 ,3) PORT 2: Recv/Dropped : 0/2737
AGG (6 ,3) PORT 3: Recv/Dropped : 0/628
AGG (6 ,3) PORT 4: Recv/Dropped : 0/434
AGG (6 ,3) PORT 5: Recv/Dropped : 0/2019
AGG (6 ,3) PORT 6: Recv/Dropped : 0/1165
AGG (6 ,3) PORT 7: Recv/Dropped : 0/820
AGG (7 ,0) PORT 0: Recv/Dropped : 0/947
AGG (7 ,0) PORT 1: Recv/Dropped : 0/882
AGG (7 ,0) PORT 2: Recv/Dropped : 0/1834
AGG (7 ,0) PORT 3: Recv/Dropped : 0/1317
AGG (7 ,0) PORT 4: Recv/Dropped : 0/1167
AGG (7 ,0) PORT 5: Recv/Dropped : 0/798
AGG (7 ,0) PORT 6: Recv/Dropped : 0/482
AGG (7 ,0) PORT 7: Recv/Dropped : 0/297
AGG (7 ,1) PORT 0: Recv/Dropped : 0/600
AGG (7 ,1) PORT 1: Recv/Dropped : 0/339
AGG (7 ,1) PORT 2: Recv/Dropped : 0/1200
AGG (7 ,1) PORT 3: Recv/Dropped : 0/1114
AGG (7 ,1) PORT 4: Recv/Dropped : 0/2259
AGG (7 ,1) PORT 5: Recv/Dropped : 0/1017
AGG (7 ,1) PORT 6: Recv/Dropped : 0/1315
AGG (7 ,1) PORT 7: Recv/Dropped : 0/1884
AGG (7 ,2) PORT 0: Recv/Dropped : 0/2689
AGG (7 ,2) PORT 1: Recv/Dropped : 0/1302
AGG (7 ,2) PORT 2: Recv/Dropped : 0/1315
AGG (7 ,2) PORT 3: Recv/Dropped : 0/3509
AGG (7 ,2) PORT 4: Recv/Dropped : 0/539
AGG (7 ,2) PORT 5: Recv/Dropped : 0/1050
AGG (7 ,2) PORT 6: Recv/Dropped : 0/974
AGG (7 ,2) PORT 7: Recv/Dropped : 0/277
AGG (7 ,3) PORT 0: Recv/Dropped : 0/670
AGG (7 ,3) PORT 1: Recv/Dropped : 0/2341
AGG (7 ,3) PORT 2: Recv/Dropped : 0/1682
AGG (7 ,3) PORT 3: Recv/Dropped : 0/3921
AGG (7 ,3) PORT 4: Recv/Dropped : 0/772
AGG (7 ,3) PORT 5: Recv/Dropped : 0/694
AGG (7 ,3) PORT 6: Recv/Dropped : 0/939
AGG (7 ,3) PORT 7: Recv/Dropped : 0/867


TOTAL RECEIVED PACKETS = 669575
TOTAL DROPPED PACKETS = 0