QUEUE STATISTICS FOR EXPERIMENT 7981
---------------------------
 -- EDGE QUEUE STATISTICS --
EDGE (0 ,0) PORT 0: Recv/Dropped : 432/3948
EDGE (0 ,0) PORT 1: Recv/Dropped : 0/76
EDGE (0 ,0) PORT 2: Recv/Dropped : 0/2
EDGE (0 ,0) PORT 3: Recv/Dropped : 0/70
EDGE (0 ,0) PORT 4: Recv/Dropped : 0/735
EDGE (0 ,0) PORT 5: Recv/Dropped : 0/787
EDGE (0 ,0) PORT 6: Recv/Dropped : 0/688
EDGE (0 ,0) PORT 7: Recv/Dropped : 0/671
EDGE (0 ,1) PORT 0: Recv/Dropped : 0/76
EDGE (0 ,1) PORT 1: Recv/Dropped : 0/79
EDGE (0 ,1) PORT 2: Recv/Dropped : 0/2
EDGE (0 ,1) PORT 3: Recv/Dropped : 0/69
EDGE (0 ,1) PORT 4: Recv/Dropped : 0/75
EDGE (0 ,1) PORT 5: Recv/Dropped : 0/74
EDGE (0 ,1) PORT 6: Recv/Dropped : 0/80
EDGE (0 ,1) PORT 7: Recv/Dropped : 0/86
EDGE (0 ,2) PORT 0: Recv/Dropped : 0/63
EDGE (0 ,2) PORT 1: Recv/Dropped : 0/72
EDGE (0 ,2) PORT 2: Recv/Dropped : 0/2
EDGE (0 ,2) PORT 3: Recv/Dropped : 0/2
EDGE (0 ,2) PORT 4: Recv/Dropped : 0/44
EDGE (0 ,2) PORT 5: Recv/Dropped : 0/66
EDGE (0 ,2) PORT 6: Recv/Dropped : 0/55
EDGE (0 ,2) PORT 7: Recv/Dropped : 0/47
EDGE (0 ,3) PORT 0: Recv/Dropped : 0/2
EDGE (0 ,3) PORT 1: Recv/Dropped : 0/72
EDGE (0 ,3) PORT 2: Recv/Dropped : 0/70
EDGE (0 ,3) PORT 3: Recv/Dropped : 0/90
EDGE (0 ,3) PORT 4: Recv/Dropped : 0/80
EDGE (0 ,3) PORT 5: Recv/Dropped : 0/86
EDGE (0 ,3) PORT 6: Recv/Dropped : 0/77
EDGE (0 ,3) PORT 7: Recv/Dropped : 0/76
EDGE (1 ,0) PORT 0: Recv/Dropped : 0/74
EDGE (1 ,0) PORT 1: Recv/Dropped : 0/66
EDGE (1 ,0) PORT 2: Recv/Dropped : 0/0
EDGE (1 ,0) PORT 3: Recv/Dropped : 0/0
EDGE (1 ,0) PORT 4: Recv/Dropped : 0/45
EDGE (1 ,0) PORT 5: Recv/Dropped : 0/63
EDGE (1 ,0) PORT 6: Recv/Dropped : 0/45
EDGE (1 ,0) PORT 7: Recv/Dropped : 0/53
EDGE (1 ,1) PORT 0: Recv/Dropped : 0/2
EDGE (1 ,1) PORT 1: Recv/Dropped : 0/88
EDGE (1 ,1) PORT 2: Recv/Dropped : 0/85
EDGE (1 ,1) PORT 3: Recv/Dropped : 0/0
EDGE (1 ,1) PORT 4: Recv/Dropped : 0/47
EDGE (1 ,1) PORT 5: Recv/Dropped : 0/51
EDGE (1 ,1) PORT 6: Recv/Dropped : 0/60
EDGE (1 ,1) PORT 7: Recv/Dropped : 0/59
EDGE (1 ,2) PORT 0: Recv/Dropped : 0/73
EDGE (1 ,2) PORT 1: Recv/Dropped : 0/0
EDGE (1 ,2) PORT 2: Recv/Dropped : 0/0
EDGE (1 ,2) PORT 3: Recv/Dropped : 0/0
EDGE (1 ,2) PORT 4: Recv/Dropped : 0/35
EDGE (1 ,2) PORT 5: Recv/Dropped : 0/23
EDGE (1 ,2) PORT 6: Recv/Dropped : 0/31
EDGE (1 ,2) PORT 7: Recv/Dropped : 0/28
EDGE (1 ,3) PORT 0: Recv/Dropped : 0/0
EDGE (1 ,3) PORT 1: Recv/Dropped : 0/0
EDGE (1 ,3) PORT 2: Recv/Dropped : 0/0
EDGE (1 ,3) PORT 3: Recv/Dropped : 0/72
EDGE (1 ,3) PORT 4: Recv/Dropped : 0/32
EDGE (1 ,3) PORT 5: Recv/Dropped : 0/23
EDGE (1 ,3) PORT 6: Recv/Dropped : 0/26
EDGE (1 ,3) PORT 7: Recv/Dropped : 0/38
EDGE (2 ,0) PORT 0: Recv/Dropped : 0/66
EDGE (2 ,0) PORT 1: Recv/Dropped : 0/84
EDGE (2 ,0) PORT 2: Recv/Dropped : 0/0
EDGE (2 ,0) PORT 3: Recv/Dropped : 0/68
EDGE (2 ,0) PORT 4: Recv/Dropped : 0/72
EDGE (2 ,0) PORT 5: Recv/Dropped : 0/85
EDGE (2 ,0) PORT 6: Recv/Dropped : 0/73
EDGE (2 ,0) PORT 7: Recv/Dropped : 0/77
EDGE (2 ,1) PORT 0: Recv/Dropped : 0/65
EDGE (2 ,1) PORT 1: Recv/Dropped : 0/67
EDGE (2 ,1) PORT 2: Recv/Dropped : 0/72
EDGE (2 ,1) PORT 3: Recv/Dropped : 0/0
EDGE (2 ,1) PORT 4: Recv/Dropped : 0/70
EDGE (2 ,1) PORT 5: Recv/Dropped : 0/83
EDGE (2 ,1) PORT 6: Recv/Dropped : 0/76
EDGE (2 ,1) PORT 7: Recv/Dropped : 0/87
EDGE (2 ,2) PORT 0: Recv/Dropped : 0/0
EDGE (2 ,2) PORT 1: Recv/Dropped : 0/0
EDGE (2 ,2) PORT 2: Recv/Dropped : 0/0
EDGE (2 ,2) PORT 3: Recv/Dropped : 0/76
EDGE (2 ,2) PORT 4: Recv/Dropped : 0/23
EDGE (2 ,2) PORT 5: Recv/Dropped : 0/26
EDGE (2 ,2) PORT 6: Recv/Dropped : 0/34
EDGE (2 ,2) PORT 7: Recv/Dropped : 0/30
EDGE (2 ,3) PORT 0: Recv/Dropped : 0/75
EDGE (2 ,3) PORT 1: Recv/Dropped : 0/0
EDGE (2 ,3) PORT 2: Recv/Dropped : 0/0
EDGE (2 ,3) PORT 3: Recv/Dropped : 0/0
EDGE (2 ,3) PORT 4: Recv/Dropped : 0/26
EDGE (2 ,3) PORT 5: Recv/Dropped : 0/31
EDGE (2 ,3) PORT 6: Recv/Dropped : 0/26
EDGE (2 ,3) PORT 7: Recv/Dropped : 0/30
EDGE (3 ,0) PORT 0: Recv/Dropped : 0/76
EDGE (3 ,0) PORT 1: Recv/Dropped : 0/2
EDGE (3 ,0) PORT 2: Recv/Dropped : 0/0
EDGE (3 ,0) PORT 3: Recv/Dropped : 0/0
EDGE (3 ,0) PORT 4: Recv/Dropped : 0/25
EDGE (3 ,0) PORT 5: Recv/Dropped : 0/35
EDGE (3 ,0) PORT 6: Recv/Dropped : 0/32
EDGE (3 ,0) PORT 7: Recv/Dropped : 0/24
EDGE (3 ,1) PORT 0: Recv/Dropped : 0/0
EDGE (3 ,1) PORT 1: Recv/Dropped : 0/0
EDGE (3 ,1) PORT 2: Recv/Dropped : 0/0
EDGE (3 ,1) PORT 3: Recv/Dropped : 0/0
EDGE (3 ,1) PORT 4: Recv/Dropped : 0/1
EDGE (3 ,1) PORT 5: Recv/Dropped : 0/2
EDGE (3 ,1) PORT 6: Recv/Dropped : 0/3
EDGE (3 ,1) PORT 7: Recv/Dropped : 0/6
EDGE (3 ,2) PORT 0: Recv/Dropped : 0/0
EDGE (3 ,2) PORT 1: Recv/Dropped : 0/0
EDGE (3 ,2) PORT 2: Recv/Dropped : 0/0
EDGE (3 ,2) PORT 3: Recv/Dropped : 0/0
EDGE (3 ,2) PORT 4: Recv/Dropped : 0/3
EDGE (3 ,2) PORT 5: Recv/Dropped : 0/2
EDGE (3 ,2) PORT 6: Recv/Dropped : 0/5
EDGE (3 ,2) PORT 7: Recv/Dropped : 0/2
EDGE (3 ,3) PORT 0: Recv/Dropped : 0/67
EDGE (3 ,3) PORT 1: Recv/Dropped : 0/0
EDGE (3 ,3) PORT 2: Recv/Dropped : 0/0
EDGE (3 ,3) PORT 3: Recv/Dropped : 0/0
EDGE (3 ,3) PORT 4: Recv/Dropped : 0/24
EDGE (3 ,3) PORT 5: Recv/Dropped : 0/27
EDGE (3 ,3) PORT 6: Recv/Dropped : 0/36
EDGE (3 ,3) PORT 7: Recv/Dropped : 0/21
EDGE (4 ,0) PORT 0: Recv/Dropped : 0/0
EDGE (4 ,0) PORT 1: Recv/Dropped : 0/0
EDGE (4 ,0) PORT 2: Recv/Dropped : 0/0
EDGE (4 ,0) PORT 3: Recv/Dropped : 0/0
EDGE (4 ,0) PORT 4: Recv/Dropped : 0/3
EDGE (4 ,0) PORT 5: Recv/Dropped : 0/4
EDGE (4 ,0) PORT 6: Recv/Dropped : 0/2
EDGE (4 ,0) PORT 7: Recv/Dropped : 0/3
EDGE (4 ,1) PORT 0: Recv/Dropped : 0/66
EDGE (4 ,1) PORT 1: Recv/Dropped : 0/85
EDGE (4 ,1) PORT 2: Recv/Dropped : 0/0
EDGE (4 ,1) PORT 3: Recv/Dropped : 0/0
EDGE (4 ,1) PORT 4: Recv/Dropped : 0/56
EDGE (4 ,1) PORT 5: Recv/Dropped : 0/59
EDGE (4 ,1) PORT 6: Recv/Dropped : 0/52
EDGE (4 ,1) PORT 7: Recv/Dropped : 0/51
EDGE (4 ,2) PORT 0: Recv/Dropped : 0/69
EDGE (4 ,2) PORT 1: Recv/Dropped : 0/0
EDGE (4 ,2) PORT 2: Recv/Dropped : 0/80
EDGE (4 ,2) PORT 3: Recv/Dropped : 0/0
EDGE (4 ,2) PORT 4: Recv/Dropped : 0/48
EDGE (4 ,2) PORT 5: Recv/Dropped : 0/47
EDGE (4 ,2) PORT 6: Recv/Dropped : 0/58
EDGE (4 ,2) PORT 7: Recv/Dropped : 0/56
EDGE (4 ,3) PORT 0: Recv/Dropped : 0/0
EDGE (4 ,3) PORT 1: Recv/Dropped : 0/0
EDGE (4 ,3) PORT 2: Recv/Dropped : 0/0
EDGE (4 ,3) PORT 3: Recv/Dropped : 0/68
EDGE (4 ,3) PORT 4: Recv/Dropped : 0/37
EDGE (4 ,3) PORT 5: Recv/Dropped : 0/21
EDGE (4 ,3) PORT 6: Recv/Dropped : 0/29
EDGE (4 ,3) PORT 7: Recv/Dropped : 0/23
EDGE (5 ,0) PORT 0: Recv/Dropped : 0/0
EDGE (5 ,0) PORT 1: Recv/Dropped : 0/0
EDGE (5 ,0) PORT 2: Recv/Dropped : 0/0
EDGE (5 ,0) PORT 3: Recv/Dropped : 0/0
EDGE (5 ,0) PORT 4: Recv/Dropped : 0/5
EDGE (5 ,0) PORT 5: Recv/Dropped : 0/3
EDGE (5 ,0) PORT 6: Recv/Dropped : 0/2
EDGE (5 ,0) PORT 7: Recv/Dropped : 0/2
EDGE (5 ,1) PORT 0: Recv/Dropped : 0/0
EDGE (5 ,1) PORT 1: Recv/Dropped : 0/0
EDGE (5 ,1) PORT 2: Recv/Dropped : 0/0
EDGE (5 ,1) PORT 3: Recv/Dropped : 0/0
EDGE (5 ,1) PORT 4: Recv/Dropped : 0/7
EDGE (5 ,1) PORT 5: Recv/Dropped : 0/3
EDGE (5 ,1) PORT 6: Recv/Dropped : 0/2
EDGE (5 ,1) PORT 7: Recv/Dropped : 0/0
EDGE (5 ,2) PORT 0: Recv/Dropped : 0/76
EDGE (5 ,2) PORT 1: Recv/Dropped : 0/0
EDGE (5 ,2) PORT 2: Recv/Dropped : 0/0
EDGE (5 ,2) PORT 3: Recv/Dropped : 0/65
EDGE (5 ,2) PORT 4: Recv/Dropped : 0/58
EDGE (5 ,2) PORT 5: Recv/Dropped : 0/55
EDGE (5 ,2) PORT 6: Recv/Dropped : 0/59
EDGE (5 ,2) PORT 7: Recv/Dropped : 0/45
EDGE (5 ,3) PORT 0: Recv/Dropped : 0/0
EDGE (5 ,3) PORT 1: Recv/Dropped : 0/0
EDGE (5 ,3) PORT 2: Recv/Dropped : 0/80
EDGE (5 ,3) PORT 3: Recv/Dropped : 0/0
EDGE (5 ,3) PORT 4: Recv/Dropped : 0/30
EDGE (5 ,3) PORT 5: Recv/Dropped : 0/30
EDGE (5 ,3) PORT 6: Recv/Dropped : 0/29
EDGE (5 ,3) PORT 7: Recv/Dropped : 0/23
EDGE (6 ,0) PORT 0: Recv/Dropped : 0/3
EDGE (6 ,0) PORT 1: Recv/Dropped : 0/0
EDGE (6 ,0) PORT 2: Recv/Dropped : 0/0
EDGE (6 ,0) PORT 3: Recv/Dropped : 0/67
EDGE (6 ,0) PORT 4: Recv/Dropped : 0/24
EDGE (6 ,0) PORT 5: Recv/Dropped : 0/28
EDGE (6 ,0) PORT 6: Recv/Dropped : 0/40
EDGE (6 ,0) PORT 7: Recv/Dropped : 0/25
EDGE (6 ,1) PORT 0: Recv/Dropped : 0/0
EDGE (6 ,1) PORT 1: Recv/Dropped : 0/80
EDGE (6 ,1) PORT 2: Recv/Dropped : 0/0
EDGE (6 ,1) PORT 3: Recv/Dropped : 0/0
EDGE (6 ,1) PORT 4: Recv/Dropped : 0/31
EDGE (6 ,1) PORT 5: Recv/Dropped : 0/21
EDGE (6 ,1) PORT 6: Recv/Dropped : 0/27
EDGE (6 ,1) PORT 7: Recv/Dropped : 0/34
EDGE (6 ,2) PORT 0: Recv/Dropped : 0/0
EDGE (6 ,2) PORT 1: Recv/Dropped : 0/0
EDGE (6 ,2) PORT 2: Recv/Dropped : 0/0
EDGE (6 ,2) PORT 3: Recv/Dropped : 0/0
EDGE (6 ,2) PORT 4: Recv/Dropped : 0/5
EDGE (6 ,2) PORT 5: Recv/Dropped : 0/2
EDGE (6 ,2) PORT 6: Recv/Dropped : 0/4
EDGE (6 ,2) PORT 7: Recv/Dropped : 0/1
EDGE (6 ,3) PORT 0: Recv/Dropped : 0/0
EDGE (6 ,3) PORT 1: Recv/Dropped : 0/0
EDGE (6 ,3) PORT 2: Recv/Dropped : 0/0
EDGE (6 ,3) PORT 3: Recv/Dropped : 0/0
EDGE (6 ,3) PORT 4: Recv/Dropped : 0/1
EDGE (6 ,3) PORT 5: Recv/Dropped : 0/3
EDGE (6 ,3) PORT 6: Recv/Dropped : 0/4
EDGE (6 ,3) PORT 7: Recv/Dropped : 0/4
EDGE (7 ,0) PORT 0: Recv/Dropped : 0/0
EDGE (7 ,0) PORT 1: Recv/Dropped : 0/63
EDGE (7 ,0) PORT 2: Recv/Dropped : 0/0
EDGE (7 ,0) PORT 3: Recv/Dropped : 0/0
EDGE (7 ,0) PORT 4: Recv/Dropped : 0/25
EDGE (7 ,0) PORT 5: Recv/Dropped : 0/31
EDGE (7 ,0) PORT 6: Recv/Dropped : 0/33
EDGE (7 ,0) PORT 7: Recv/Dropped : 0/21
EDGE (7 ,1) PORT 0: Recv/Dropped : 0/0
EDGE (7 ,1) PORT 1: Recv/Dropped : 0/0
EDGE (7 ,1) PORT 2: Recv/Dropped : 0/0
EDGE (7 ,1) PORT 3: Recv/Dropped : 0/79
EDGE (7 ,1) PORT 4: Recv/Dropped : 0/26
EDGE (7 ,1) PORT 5: Recv/Dropped : 0/21
EDGE (7 ,1) PORT 6: Recv/Dropped : 0/30
EDGE (7 ,1) PORT 7: Recv/Dropped : 0/33
EDGE (7 ,2) PORT 0: Recv/Dropped : 0/78
EDGE (7 ,2) PORT 1: Recv/Dropped : 0/0
EDGE (7 ,2) PORT 2: Recv/Dropped : 0/0
EDGE (7 ,2) PORT 3: Recv/Dropped : 0/68
EDGE (7 ,2) PORT 4: Recv/Dropped : 0/58
EDGE (7 ,2) PORT 5: Recv/Dropped : 0/46
EDGE (7 ,2) PORT 6: Recv/Dropped : 0/62
EDGE (7 ,2) PORT 7: Recv/Dropped : 0/45
EDGE (7 ,3) PORT 0: Recv/Dropped : 0/0
EDGE (7 ,3) PORT 1: Recv/Dropped : 0/0
EDGE (7 ,3) PORT 2: Recv/Dropped : 0/0
EDGE (7 ,3) PORT 3: Recv/Dropped : 0/77
EDGE (7 ,3) PORT 4: Recv/Dropped : 0/28
EDGE (7 ,3) PORT 5: Recv/Dropped : 0/28
EDGE (7 ,3) PORT 6: Recv/Dropped : 0/27
EDGE (7 ,3) PORT 7: Recv/Dropped : 0/25
 -- AGG QUEUE STATISTICS --
AGG (0 ,0) PORT 0: Recv/Dropped : 30/1013
AGG (0 ,0) PORT 1: Recv/Dropped : 25/1050
AGG (0 ,0) PORT 2: Recv/Dropped : 34/1080
AGG (0 ,0) PORT 3: Recv/Dropped : 21/1034
AGG (0 ,0) PORT 4: Recv/Dropped : 0/164
AGG (0 ,0) PORT 5: Recv/Dropped : 0/134
AGG (0 ,0) PORT 6: Recv/Dropped : 0/134
AGG (0 ,0) PORT 7: Recv/Dropped : 0/150
AGG (0 ,1) PORT 0: Recv/Dropped : 0/63
AGG (0 ,1) PORT 1: Recv/Dropped : 0/46
AGG (0 ,1) PORT 2: Recv/Dropped : 0/65
AGG (0 ,1) PORT 3: Recv/Dropped : 0/52
AGG (0 ,1) PORT 4: Recv/Dropped : 0/165
AGG (0 ,1) PORT 5: Recv/Dropped : 0/160
AGG (0 ,1) PORT 6: Recv/Dropped : 0/148
AGG (0 ,1) PORT 7: Recv/Dropped : 0/164
AGG (0 ,2) PORT 0: Recv/Dropped : 0/29
AGG (0 ,2) PORT 1: Recv/Dropped : 0/44
AGG (0 ,2) PORT 2: Recv/Dropped : 0/28
AGG (0 ,2) PORT 3: Recv/Dropped : 0/38
AGG (0 ,2) PORT 4: Recv/Dropped : 0/137
AGG (0 ,2) PORT 5: Recv/Dropped : 0/133
AGG (0 ,2) PORT 6: Recv/Dropped : 0/123
AGG (0 ,2) PORT 7: Recv/Dropped : 0/147
AGG (0 ,3) PORT 0: Recv/Dropped : 0/61
AGG (0 ,3) PORT 1: Recv/Dropped : 0/60
AGG (0 ,3) PORT 2: Recv/Dropped : 0/55
AGG (0 ,3) PORT 3: Recv/Dropped : 0/58
AGG (0 ,3) PORT 4: Recv/Dropped : 0/123
AGG (0 ,3) PORT 5: Recv/Dropped : 0/134
AGG (0 ,3) PORT 6: Recv/Dropped : 0/128
AGG (0 ,3) PORT 7: Recv/Dropped : 0/138
AGG (1 ,0) PORT 0: Recv/Dropped : 0/42
AGG (1 ,0) PORT 1: Recv/Dropped : 0/37
AGG (1 ,0) PORT 2: Recv/Dropped : 0/31
AGG (1 ,0) PORT 3: Recv/Dropped : 0/30
AGG (1 ,0) PORT 4: Recv/Dropped : 0/32
AGG (1 ,0) PORT 5: Recv/Dropped : 0/39
AGG (1 ,0) PORT 6: Recv/Dropped : 0/43
AGG (1 ,0) PORT 7: Recv/Dropped : 0/45
AGG (1 ,1) PORT 0: Recv/Dropped : 0/44
AGG (1 ,1) PORT 1: Recv/Dropped : 0/54
AGG (1 ,1) PORT 2: Recv/Dropped : 0/46
AGG (1 ,1) PORT 3: Recv/Dropped : 0/31
AGG (1 ,1) PORT 4: Recv/Dropped : 0/47
AGG (1 ,1) PORT 5: Recv/Dropped : 0/34
AGG (1 ,1) PORT 6: Recv/Dropped : 0/39
AGG (1 ,1) PORT 7: Recv/Dropped : 0/40
AGG (1 ,2) PORT 0: Recv/Dropped : 0/20
AGG (1 ,2) PORT 1: Recv/Dropped : 0/21
AGG (1 ,2) PORT 2: Recv/Dropped : 0/14
AGG (1 ,2) PORT 3: Recv/Dropped : 0/18
AGG (1 ,2) PORT 4: Recv/Dropped : 0/35
AGG (1 ,2) PORT 5: Recv/Dropped : 0/56
AGG (1 ,2) PORT 6: Recv/Dropped : 0/38
AGG (1 ,2) PORT 7: Recv/Dropped : 0/33
AGG (1 ,3) PORT 0: Recv/Dropped : 0/14
AGG (1 ,3) PORT 1: Recv/Dropped : 0/20
AGG (1 ,3) PORT 2: Recv/Dropped : 0/21
AGG (1 ,3) PORT 3: Recv/Dropped : 0/17
AGG (1 ,3) PORT 4: Recv/Dropped : 0/37
AGG (1 ,3) PORT 5: Recv/Dropped : 0/56
AGG (1 ,3) PORT 6: Recv/Dropped : 0/48
AGG (1 ,3) PORT 7: Recv/Dropped : 0/37
AGG (2 ,0) PORT 0: Recv/Dropped : 0/41
AGG (2 ,0) PORT 1: Recv/Dropped : 0/65
AGG (2 ,0) PORT 2: Recv/Dropped : 0/61
AGG (2 ,0) PORT 3: Recv/Dropped : 0/51
AGG (2 ,0) PORT 4: Recv/Dropped : 0/53
AGG (2 ,0) PORT 5: Recv/Dropped : 0/35
AGG (2 ,0) PORT 6: Recv/Dropped : 0/48
AGG (2 ,0) PORT 7: Recv/Dropped : 0/55
AGG (2 ,1) PORT 0: Recv/Dropped : 0/65
AGG (2 ,1) PORT 1: Recv/Dropped : 0/53
AGG (2 ,1) PORT 2: Recv/Dropped : 0/41
AGG (2 ,1) PORT 3: Recv/Dropped : 0/45
AGG (2 ,1) PORT 4: Recv/Dropped : 0/60
AGG (2 ,1) PORT 5: Recv/Dropped : 0/55
AGG (2 ,1) PORT 6: Recv/Dropped : 0/51
AGG (2 ,1) PORT 7: Recv/Dropped : 0/59
AGG (2 ,2) PORT 0: Recv/Dropped : 0/24
AGG (2 ,2) PORT 1: Recv/Dropped : 0/26
AGG (2 ,2) PORT 2: Recv/Dropped : 0/14
AGG (2 ,2) PORT 3: Recv/Dropped : 0/12
AGG (2 ,2) PORT 4: Recv/Dropped : 0/54
AGG (2 ,2) PORT 5: Recv/Dropped : 0/47
AGG (2 ,2) PORT 6: Recv/Dropped : 0/58
AGG (2 ,2) PORT 7: Recv/Dropped : 0/50
AGG (2 ,3) PORT 0: Recv/Dropped : 0/12
AGG (2 ,3) PORT 1: Recv/Dropped : 0/20
AGG (2 ,3) PORT 2: Recv/Dropped : 0/23
AGG (2 ,3) PORT 3: Recv/Dropped : 0/20
AGG (2 ,3) PORT 4: Recv/Dropped : 0/64
AGG (2 ,3) PORT 5: Recv/Dropped : 0/59
AGG (2 ,3) PORT 6: Recv/Dropped : 0/59
AGG (2 ,3) PORT 7: Recv/Dropped : 0/42
AGG (3 ,0) PORT 0: Recv/Dropped : 0/21
AGG (3 ,0) PORT 1: Recv/Dropped : 0/19
AGG (3 ,0) PORT 2: Recv/Dropped : 0/14
AGG (3 ,0) PORT 3: Recv/Dropped : 0/24
AGG (3 ,0) PORT 4: Recv/Dropped : 0/19
AGG (3 ,0) PORT 5: Recv/Dropped : 0/8
AGG (3 ,0) PORT 6: Recv/Dropped : 0/15
AGG (3 ,0) PORT 7: Recv/Dropped : 0/11
AGG (3 ,1) PORT 0: Recv/Dropped : 0/0
AGG (3 ,1) PORT 1: Recv/Dropped : 0/0
AGG (3 ,1) PORT 2: Recv/Dropped : 0/0
AGG (3 ,1) PORT 3: Recv/Dropped : 0/0
AGG (3 ,1) PORT 4: Recv/Dropped : 0/20
AGG (3 ,1) PORT 5: Recv/Dropped : 0/16
AGG (3 ,1) PORT 6: Recv/Dropped : 0/12
AGG (3 ,1) PORT 7: Recv/Dropped : 0/18
AGG (3 ,2) PORT 0: Recv/Dropped : 0/0
AGG (3 ,2) PORT 1: Recv/Dropped : 0/0
AGG (3 ,2) PORT 2: Recv/Dropped : 0/0
AGG (3 ,2) PORT 3: Recv/Dropped : 0/0
AGG (3 ,2) PORT 4: Recv/Dropped : 0/22
AGG (3 ,2) PORT 5: Recv/Dropped : 0/16
AGG (3 ,2) PORT 6: Recv/Dropped : 0/19
AGG (3 ,2) PORT 7: Recv/Dropped : 0/19
AGG (3 ,3) PORT 0: Recv/Dropped : 0/13
AGG (3 ,3) PORT 1: Recv/Dropped : 0/15
AGG (3 ,3) PORT 2: Recv/Dropped : 0/22
AGG (3 ,3) PORT 3: Recv/Dropped : 0/17
AGG (3 ,3) PORT 4: Recv/Dropped : 0/10
AGG (3 ,3) PORT 5: Recv/Dropped : 0/13
AGG (3 ,3) PORT 6: Recv/Dropped : 0/19
AGG (3 ,3) PORT 7: Recv/Dropped : 0/11
AGG (4 ,0) PORT 0: Recv/Dropped : 0/0
AGG (4 ,0) PORT 1: Recv/Dropped : 0/0
AGG (4 ,0) PORT 2: Recv/Dropped : 0/0
AGG (4 ,0) PORT 3: Recv/Dropped : 0/0
AGG (4 ,0) PORT 4: Recv/Dropped : 0/39
AGG (4 ,0) PORT 5: Recv/Dropped : 0/35
AGG (4 ,0) PORT 6: Recv/Dropped : 0/36
AGG (4 ,0) PORT 7: Recv/Dropped : 0/34
AGG (4 ,1) PORT 0: Recv/Dropped : 0/37
AGG (4 ,1) PORT 1: Recv/Dropped : 0/44
AGG (4 ,1) PORT 2: Recv/Dropped : 0/37
AGG (4 ,1) PORT 3: Recv/Dropped : 0/33
AGG (4 ,1) PORT 4: Recv/Dropped : 0/39
AGG (4 ,1) PORT 5: Recv/Dropped : 0/30
AGG (4 ,1) PORT 6: Recv/Dropped : 0/25
AGG (4 ,1) PORT 7: Recv/Dropped : 0/37
AGG (4 ,2) PORT 0: Recv/Dropped : 0/39
AGG (4 ,2) PORT 1: Recv/Dropped : 0/35
AGG (4 ,2) PORT 2: Recv/Dropped : 0/32
AGG (4 ,2) PORT 3: Recv/Dropped : 0/43
AGG (4 ,2) PORT 4: Recv/Dropped : 0/33
AGG (4 ,2) PORT 5: Recv/Dropped : 0/30
AGG (4 ,2) PORT 6: Recv/Dropped : 0/42
AGG (4 ,2) PORT 7: Recv/Dropped : 0/36
AGG (4 ,3) PORT 0: Recv/Dropped : 0/18
AGG (4 ,3) PORT 1: Recv/Dropped : 0/14
AGG (4 ,3) PORT 2: Recv/Dropped : 0/16
AGG (4 ,3) PORT 3: Recv/Dropped : 0/20
AGG (4 ,3) PORT 4: Recv/Dropped : 0/39
AGG (4 ,3) PORT 5: Recv/Dropped : 0/35
AGG (4 ,3) PORT 6: Recv/Dropped : 0/29
AGG (4 ,3) PORT 7: Recv/Dropped : 0/30
AGG (5 ,0) PORT 0: Recv/Dropped : 0/0
AGG (5 ,0) PORT 1: Recv/Dropped : 0/0
AGG (5 ,0) PORT 2: Recv/Dropped : 0/0
AGG (5 ,0) PORT 3: Recv/Dropped : 0/0
AGG (5 ,0) PORT 4: Recv/Dropped : 0/29
AGG (5 ,0) PORT 5: Recv/Dropped : 0/26
AGG (5 ,0) PORT 6: Recv/Dropped : 0/16
AGG (5 ,0) PORT 7: Recv/Dropped : 0/29
AGG (5 ,1) PORT 0: Recv/Dropped : 0/0
AGG (5 ,1) PORT 1: Recv/Dropped : 0/0
AGG (5 ,1) PORT 2: Recv/Dropped : 0/0
AGG (5 ,1) PORT 3: Recv/Dropped : 0/0
AGG (5 ,1) PORT 4: Recv/Dropped : 0/18
AGG (5 ,1) PORT 5: Recv/Dropped : 0/27
AGG (5 ,1) PORT 6: Recv/Dropped : 0/30
AGG (5 ,1) PORT 7: Recv/Dropped : 0/16
AGG (5 ,2) PORT 0: Recv/Dropped : 0/41
AGG (5 ,2) PORT 1: Recv/Dropped : 0/38
AGG (5 ,2) PORT 2: Recv/Dropped : 0/27
AGG (5 ,2) PORT 3: Recv/Dropped : 0/35
AGG (5 ,2) PORT 4: Recv/Dropped : 0/24
AGG (5 ,2) PORT 5: Recv/Dropped : 0/28
AGG (5 ,2) PORT 6: Recv/Dropped : 0/21
AGG (5 ,2) PORT 7: Recv/Dropped : 0/19
AGG (5 ,3) PORT 0: Recv/Dropped : 0/16
AGG (5 ,3) PORT 1: Recv/Dropped : 0/17
AGG (5 ,3) PORT 2: Recv/Dropped : 0/25
AGG (5 ,3) PORT 3: Recv/Dropped : 0/22
AGG (5 ,3) PORT 4: Recv/Dropped : 0/16
AGG (5 ,3) PORT 5: Recv/Dropped : 0/24
AGG (5 ,3) PORT 6: Recv/Dropped : 0/15
AGG (5 ,3) PORT 7: Recv/Dropped : 0/15
AGG (6 ,0) PORT 0: Recv/Dropped : 0/17
AGG (6 ,0) PORT 1: Recv/Dropped : 0/22
AGG (6 ,0) PORT 2: Recv/Dropped : 0/12
AGG (6 ,0) PORT 3: Recv/Dropped : 0/19
AGG (6 ,0) PORT 4: Recv/Dropped : 0/10
AGG (6 ,0) PORT 5: Recv/Dropped : 0/12
AGG (6 ,0) PORT 6: Recv/Dropped : 0/14
AGG (6 ,0) PORT 7: Recv/Dropped : 0/25
AGG (6 ,1) PORT 0: Recv/Dropped : 0/28
AGG (6 ,1) PORT 1: Recv/Dropped : 0/22
AGG (6 ,1) PORT 2: Recv/Dropped : 0/15
AGG (6 ,1) PORT 3: Recv/Dropped : 0/15
AGG (6 ,1) PORT 4: Recv/Dropped : 0/6
AGG (6 ,1) PORT 5: Recv/Dropped : 0/11
AGG (6 ,1) PORT 6: Recv/Dropped : 0/20
AGG (6 ,1) PORT 7: Recv/Dropped : 0/17
AGG (6 ,2) PORT 0: Recv/Dropped : 0/0
AGG (6 ,2) PORT 1: Recv/Dropped : 0/0
AGG (6 ,2) PORT 2: Recv/Dropped : 0/0
AGG (6 ,2) PORT 3: Recv/Dropped : 0/0
AGG (6 ,2) PORT 4: Recv/Dropped : 0/12
AGG (6 ,2) PORT 5: Recv/Dropped : 0/23
AGG (6 ,2) PORT 6: Recv/Dropped : 0/19
AGG (6 ,2) PORT 7: Recv/Dropped : 0/21
AGG (6 ,3) PORT 0: Recv/Dropped : 0/0
AGG (6 ,3) PORT 1: Recv/Dropped : 0/0
AGG (6 ,3) PORT 2: Recv/Dropped : 0/0
AGG (6 ,3) PORT 3: Recv/Dropped : 0/0
AGG (6 ,3) PORT 4: Recv/Dropped : 0/15
AGG (6 ,3) PORT 5: Recv/Dropped : 0/24
AGG (6 ,3) PORT 6: Recv/Dropped : 0/12
AGG (6 ,3) PORT 7: Recv/Dropped : 0/13
AGG (7 ,0) PORT 0: Recv/Dropped : 0/18
AGG (7 ,0) PORT 1: Recv/Dropped : 0/21
AGG (7 ,0) PORT 2: Recv/Dropped : 0/13
AGG (7 ,0) PORT 3: Recv/Dropped : 0/11
AGG (7 ,0) PORT 4: Recv/Dropped : 0/40
AGG (7 ,0) PORT 5: Recv/Dropped : 0/31
AGG (7 ,0) PORT 6: Recv/Dropped : 0/39
AGG (7 ,0) PORT 7: Recv/Dropped : 0/27
AGG (7 ,1) PORT 0: Recv/Dropped : 0/20
AGG (7 ,1) PORT 1: Recv/Dropped : 0/21
AGG (7 ,1) PORT 2: Recv/Dropped : 0/25
AGG (7 ,1) PORT 3: Recv/Dropped : 0/13
AGG (7 ,1) PORT 4: Recv/Dropped : 0/38
AGG (7 ,1) PORT 5: Recv/Dropped : 0/32
AGG (7 ,1) PORT 6: Recv/Dropped : 0/25
AGG (7 ,1) PORT 7: Recv/Dropped : 0/31
AGG (7 ,2) PORT 0: Recv/Dropped : 0/29
AGG (7 ,2) PORT 1: Recv/Dropped : 0/49
AGG (7 ,2) PORT 2: Recv/Dropped : 0/34
AGG (7 ,2) PORT 3: Recv/Dropped : 0/34
AGG (7 ,2) PORT 4: Recv/Dropped : 0/43
AGG (7 ,2) PORT 5: Recv/Dropped : 0/34
AGG (7 ,2) PORT 6: Recv/Dropped : 0/28
AGG (7 ,2) PORT 7: Recv/Dropped : 0/47
AGG (7 ,3) PORT 0: Recv/Dropped : 0/23
AGG (7 ,3) PORT 1: Recv/Dropped : 0/24
AGG (7 ,3) PORT 2: Recv/Dropped : 0/17
AGG (7 ,3) PORT 3: Recv/Dropped : 0/13
AGG (7 ,3) PORT 4: Recv/Dropped : 0/42
AGG (7 ,3) PORT 5: Recv/Dropped : 0/27
AGG (7 ,3) PORT 6: Recv/Dropped : 0/29
AGG (7 ,3) PORT 7: Recv/Dropped : 0/26


TOTAL RECEIVED PACKETS = 26946
TOTAL DROPPED PACKETS = 542