QUEUE STATISTICS FOR EXPERIMENT 8779
---------------------------
 -- EDGE QUEUE STATISTICS --
EDGE (0 ,0) PORT 0: Recv/Dropped : 238/5913
EDGE (0 ,0) PORT 1: Recv/Dropped : 0/84
EDGE (0 ,0) PORT 2: Recv/Dropped : 0/68
EDGE (0 ,0) PORT 3: Recv/Dropped : 0/67
EDGE (0 ,0) PORT 4: Recv/Dropped : 0/1024
EDGE (0 ,0) PORT 5: Recv/Dropped : 0/1070
EDGE (0 ,0) PORT 6: Recv/Dropped : 0/977
EDGE (0 ,0) PORT 7: Recv/Dropped : 0/952
EDGE (0 ,1) PORT 0: Recv/Dropped : 0/80
EDGE (0 ,1) PORT 1: Recv/Dropped : 0/66
EDGE (0 ,1) PORT 2: Recv/Dropped : 0/66
EDGE (0 ,1) PORT 3: Recv/Dropped : 0/79
EDGE (0 ,1) PORT 4: Recv/Dropped : 0/93
EDGE (0 ,1) PORT 5: Recv/Dropped : 0/93
EDGE (0 ,1) PORT 6: Recv/Dropped : 0/98
EDGE (0 ,1) PORT 7: Recv/Dropped : 0/106
EDGE (0 ,2) PORT 0: Recv/Dropped : 0/64
EDGE (0 ,2) PORT 1: Recv/Dropped : 0/65
EDGE (0 ,2) PORT 2: Recv/Dropped : 0/86
EDGE (0 ,2) PORT 3: Recv/Dropped : 0/4
EDGE (0 ,2) PORT 4: Recv/Dropped : 0/58
EDGE (0 ,2) PORT 5: Recv/Dropped : 0/87
EDGE (0 ,2) PORT 6: Recv/Dropped : 0/78
EDGE (0 ,2) PORT 7: Recv/Dropped : 0/77
EDGE (0 ,3) PORT 0: Recv/Dropped : 0/66
EDGE (0 ,3) PORT 1: Recv/Dropped : 0/65
EDGE (0 ,3) PORT 2: Recv/Dropped : 0/4
EDGE (0 ,3) PORT 3: Recv/Dropped : 0/3
EDGE (0 ,3) PORT 4: Recv/Dropped : 0/53
EDGE (0 ,3) PORT 5: Recv/Dropped : 0/54
EDGE (0 ,3) PORT 6: Recv/Dropped : 0/51
EDGE (0 ,3) PORT 7: Recv/Dropped : 0/47
EDGE (1 ,0) PORT 0: Recv/Dropped : 0/71
EDGE (1 ,0) PORT 1: Recv/Dropped : 0/66
EDGE (1 ,0) PORT 2: Recv/Dropped : 0/64
EDGE (1 ,0) PORT 3: Recv/Dropped : 0/64
EDGE (1 ,0) PORT 4: Recv/Dropped : 0/93
EDGE (1 ,0) PORT 5: Recv/Dropped : 0/111
EDGE (1 ,0) PORT 6: Recv/Dropped : 0/93
EDGE (1 ,0) PORT 7: Recv/Dropped : 0/98
EDGE (1 ,1) PORT 0: Recv/Dropped : 0/65
EDGE (1 ,1) PORT 1: Recv/Dropped : 0/66
EDGE (1 ,1) PORT 2: Recv/Dropped : 0/81
EDGE (1 ,1) PORT 3: Recv/Dropped : 0/68
EDGE (1 ,1) PORT 4: Recv/Dropped : 0/89
EDGE (1 ,1) PORT 5: Recv/Dropped : 0/97
EDGE (1 ,1) PORT 6: Recv/Dropped : 0/106
EDGE (1 ,1) PORT 7: Recv/Dropped : 0/103
EDGE (1 ,2) PORT 0: Recv/Dropped : 0/64
EDGE (1 ,2) PORT 1: Recv/Dropped : 0/64
EDGE (1 ,2) PORT 2: Recv/Dropped : 0/2
EDGE (1 ,2) PORT 3: Recv/Dropped : 0/69
EDGE (1 ,2) PORT 4: Recv/Dropped : 0/77
EDGE (1 ,2) PORT 5: Recv/Dropped : 0/71
EDGE (1 ,2) PORT 6: Recv/Dropped : 0/70
EDGE (1 ,2) PORT 7: Recv/Dropped : 0/80
EDGE (1 ,3) PORT 0: Recv/Dropped : 0/64
EDGE (1 ,3) PORT 1: Recv/Dropped : 0/2
EDGE (1 ,3) PORT 2: Recv/Dropped : 0/2
EDGE (1 ,3) PORT 3: Recv/Dropped : 0/70
EDGE (1 ,3) PORT 4: Recv/Dropped : 0/56
EDGE (1 ,3) PORT 5: Recv/Dropped : 0/43
EDGE (1 ,3) PORT 6: Recv/Dropped : 0/47
EDGE (1 ,3) PORT 7: Recv/Dropped : 0/59
EDGE (2 ,0) PORT 0: Recv/Dropped : 0/64
EDGE (2 ,0) PORT 1: Recv/Dropped : 0/65
EDGE (2 ,0) PORT 2: Recv/Dropped : 0/65
EDGE (2 ,0) PORT 3: Recv/Dropped : 0/2
EDGE (2 ,0) PORT 4: Recv/Dropped : 0/70
EDGE (2 ,0) PORT 5: Recv/Dropped : 0/84
EDGE (2 ,0) PORT 6: Recv/Dropped : 0/70
EDGE (2 ,0) PORT 7: Recv/Dropped : 0/75
EDGE (2 ,1) PORT 0: Recv/Dropped : 0/65
EDGE (2 ,1) PORT 1: Recv/Dropped : 0/2
EDGE (2 ,1) PORT 2: Recv/Dropped : 0/2
EDGE (2 ,1) PORT 3: Recv/Dropped : 0/70
EDGE (2 ,1) PORT 4: Recv/Dropped : 0/44
EDGE (2 ,1) PORT 5: Recv/Dropped : 0/55
EDGE (2 ,1) PORT 6: Recv/Dropped : 0/47
EDGE (2 ,1) PORT 7: Recv/Dropped : 0/59
EDGE (2 ,2) PORT 0: Recv/Dropped : 0/75
EDGE (2 ,2) PORT 1: Recv/Dropped : 0/2
EDGE (2 ,2) PORT 2: Recv/Dropped : 0/68
EDGE (2 ,2) PORT 3: Recv/Dropped : 0/78
EDGE (2 ,2) PORT 4: Recv/Dropped : 0/71
EDGE (2 ,2) PORT 5: Recv/Dropped : 0/67
EDGE (2 ,2) PORT 6: Recv/Dropped : 0/78
EDGE (2 ,2) PORT 7: Recv/Dropped : 0/80
EDGE (2 ,3) PORT 0: Recv/Dropped : 0/2
EDGE (2 ,3) PORT 1: Recv/Dropped : 0/69
EDGE (2 ,3) PORT 2: Recv/Dropped : 0/2
EDGE (2 ,3) PORT 3: Recv/Dropped : 0/2
EDGE (2 ,3) PORT 4: Recv/Dropped : 0/27
EDGE (2 ,3) PORT 5: Recv/Dropped : 0/30
EDGE (2 ,3) PORT 6: Recv/Dropped : 0/27
EDGE (2 ,3) PORT 7: Recv/Dropped : 0/28
EDGE (3 ,0) PORT 0: Recv/Dropped : 0/65
EDGE (3 ,0) PORT 1: Recv/Dropped : 0/2
EDGE (3 ,0) PORT 2: Recv/Dropped : 0/64
EDGE (3 ,0) PORT 3: Recv/Dropped : 0/70
EDGE (3 ,0) PORT 4: Recv/Dropped : 0/74
EDGE (3 ,0) PORT 5: Recv/Dropped : 0/83
EDGE (3 ,0) PORT 6: Recv/Dropped : 0/74
EDGE (3 ,0) PORT 7: Recv/Dropped : 0/68
EDGE (3 ,1) PORT 0: Recv/Dropped : 0/81
EDGE (3 ,1) PORT 1: Recv/Dropped : 0/2
EDGE (3 ,1) PORT 2: Recv/Dropped : 0/80
EDGE (3 ,1) PORT 3: Recv/Dropped : 0/2
EDGE (3 ,1) PORT 4: Recv/Dropped : 0/58
EDGE (3 ,1) PORT 5: Recv/Dropped : 0/48
EDGE (3 ,1) PORT 6: Recv/Dropped : 0/46
EDGE (3 ,1) PORT 7: Recv/Dropped : 0/52
EDGE (3 ,2) PORT 0: Recv/Dropped : 0/63
EDGE (3 ,2) PORT 1: Recv/Dropped : 0/71
EDGE (3 ,2) PORT 2: Recv/Dropped : 0/2
EDGE (3 ,2) PORT 3: Recv/Dropped : 0/66
EDGE (3 ,2) PORT 4: Recv/Dropped : 0/94
EDGE (3 ,2) PORT 5: Recv/Dropped : 0/61
EDGE (3 ,2) PORT 6: Recv/Dropped : 0/83
EDGE (3 ,2) PORT 7: Recv/Dropped : 0/65
EDGE (3 ,3) PORT 0: Recv/Dropped : 0/67
EDGE (3 ,3) PORT 1: Recv/Dropped : 0/2
EDGE (3 ,3) PORT 2: Recv/Dropped : 0/2
EDGE (3 ,3) PORT 3: Recv/Dropped : 0/2
EDGE (3 ,3) PORT 4: Recv/Dropped : 0/26
EDGE (3 ,3) PORT 5: Recv/Dropped : 0/29
EDGE (3 ,3) PORT 6: Recv/Dropped : 0/38
EDGE (3 ,3) PORT 7: Recv/Dropped : 0/23
EDGE (4 ,0) PORT 0: Recv/Dropped : 0/81
EDGE (4 ,0) PORT 1: Recv/Dropped : 0/64
EDGE (4 ,0) PORT 2: Recv/Dropped : 0/2
EDGE (4 ,0) PORT 3: Recv/Dropped : 0/2
EDGE (4 ,0) PORT 4: Recv/Dropped : 0/56
EDGE (4 ,0) PORT 5: Recv/Dropped : 0/57
EDGE (4 ,0) PORT 6: Recv/Dropped : 0/53
EDGE (4 ,0) PORT 7: Recv/Dropped : 0/40
EDGE (4 ,1) PORT 0: Recv/Dropped : 0/2
EDGE (4 ,1) PORT 1: Recv/Dropped : 0/70
EDGE (4 ,1) PORT 2: Recv/Dropped : 0/2
EDGE (4 ,1) PORT 3: Recv/Dropped : 0/2
EDGE (4 ,1) PORT 4: Recv/Dropped : 0/32
EDGE (4 ,1) PORT 5: Recv/Dropped : 0/32
EDGE (4 ,1) PORT 6: Recv/Dropped : 0/26
EDGE (4 ,1) PORT 7: Recv/Dropped : 0/23
EDGE (4 ,2) PORT 0: Recv/Dropped : 0/84
EDGE (4 ,2) PORT 1: Recv/Dropped : 0/65
EDGE (4 ,2) PORT 2: Recv/Dropped : 0/67
EDGE (4 ,2) PORT 3: Recv/Dropped : 0/70
EDGE (4 ,2) PORT 4: Recv/Dropped : 0/96
EDGE (4 ,2) PORT 5: Recv/Dropped : 0/91
EDGE (4 ,2) PORT 6: Recv/Dropped : 0/94
EDGE (4 ,2) PORT 7: Recv/Dropped : 0/115
EDGE (4 ,3) PORT 0: Recv/Dropped : 0/2
EDGE (4 ,3) PORT 1: Recv/Dropped : 0/2
EDGE (4 ,3) PORT 2: Recv/Dropped : 0/3
EDGE (4 ,3) PORT 3: Recv/Dropped : 0/2
EDGE (4 ,3) PORT 4: Recv/Dropped : 0/7
EDGE (4 ,3) PORT 5: Recv/Dropped : 0/6
EDGE (4 ,3) PORT 6: Recv/Dropped : 0/3
EDGE (4 ,3) PORT 7: Recv/Dropped : 0/4
EDGE (5 ,0) PORT 0: Recv/Dropped : 0/2
EDGE (5 ,0) PORT 1: Recv/Dropped : 0/2
EDGE (5 ,0) PORT 2: Recv/Dropped : 0/2
EDGE (5 ,0) PORT 3: Recv/Dropped : 0/64
EDGE (5 ,0) PORT 4: Recv/Dropped : 0/28
EDGE (5 ,0) PORT 5: Recv/Dropped : 0/33
EDGE (5 ,0) PORT 6: Recv/Dropped : 0/25
EDGE (5 ,0) PORT 7: Recv/Dropped : 0/28
EDGE (5 ,1) PORT 0: Recv/Dropped : 0/2
EDGE (5 ,1) PORT 1: Recv/Dropped : 0/2
EDGE (5 ,1) PORT 2: Recv/Dropped : 0/63
EDGE (5 ,1) PORT 3: Recv/Dropped : 0/2
EDGE (5 ,1) PORT 4: Recv/Dropped : 0/32
EDGE (5 ,1) PORT 5: Recv/Dropped : 0/28
EDGE (5 ,1) PORT 6: Recv/Dropped : 0/30
EDGE (5 ,1) PORT 7: Recv/Dropped : 0/26
EDGE (5 ,2) PORT 0: Recv/Dropped : 0/2
EDGE (5 ,2) PORT 1: Recv/Dropped : 0/64
EDGE (5 ,2) PORT 2: Recv/Dropped : 0/2
EDGE (5 ,2) PORT 3: Recv/Dropped : 0/2
EDGE (5 ,2) PORT 4: Recv/Dropped : 0/34
EDGE (5 ,2) PORT 5: Recv/Dropped : 0/32
EDGE (5 ,2) PORT 6: Recv/Dropped : 0/26
EDGE (5 ,2) PORT 7: Recv/Dropped : 0/24
EDGE (5 ,3) PORT 0: Recv/Dropped : 0/88
EDGE (5 ,3) PORT 1: Recv/Dropped : 0/2
EDGE (5 ,3) PORT 2: Recv/Dropped : 0/2
EDGE (5 ,3) PORT 3: Recv/Dropped : 0/2
EDGE (5 ,3) PORT 4: Recv/Dropped : 0/32
EDGE (5 ,3) PORT 5: Recv/Dropped : 0/29
EDGE (5 ,3) PORT 6: Recv/Dropped : 0/30
EDGE (5 ,3) PORT 7: Recv/Dropped : 0/22
EDGE (6 ,0) PORT 0: Recv/Dropped : 0/2
EDGE (6 ,0) PORT 1: Recv/Dropped : 0/2
EDGE (6 ,0) PORT 2: Recv/Dropped : 0/2
EDGE (6 ,0) PORT 3: Recv/Dropped : 0/2
EDGE (6 ,0) PORT 4: Recv/Dropped : 0/5
EDGE (6 ,0) PORT 5: Recv/Dropped : 0/5
EDGE (6 ,0) PORT 6: Recv/Dropped : 0/3
EDGE (6 ,0) PORT 7: Recv/Dropped : 0/7
EDGE (6 ,1) PORT 0: Recv/Dropped : 0/65
EDGE (6 ,1) PORT 1: Recv/Dropped : 0/2
EDGE (6 ,1) PORT 2: Recv/Dropped : 0/2
EDGE (6 ,1) PORT 3: Recv/Dropped : 0/2
EDGE (6 ,1) PORT 4: Recv/Dropped : 0/30
EDGE (6 ,1) PORT 5: Recv/Dropped : 0/21
EDGE (6 ,1) PORT 6: Recv/Dropped : 0/29
EDGE (6 ,1) PORT 7: Recv/Dropped : 0/36
EDGE (6 ,2) PORT 0: Recv/Dropped : 0/2
EDGE (6 ,2) PORT 1: Recv/Dropped : 0/2
EDGE (6 ,2) PORT 2: Recv/Dropped : 0/4
EDGE (6 ,2) PORT 3: Recv/Dropped : 0/2
EDGE (6 ,2) PORT 4: Recv/Dropped : 0/7
EDGE (6 ,2) PORT 5: Recv/Dropped : 0/2
EDGE (6 ,2) PORT 6: Recv/Dropped : 0/8
EDGE (6 ,2) PORT 7: Recv/Dropped : 0/3
EDGE (6 ,3) PORT 0: Recv/Dropped : 0/65
EDGE (6 ,3) PORT 1: Recv/Dropped : 0/65
EDGE (6 ,3) PORT 2: Recv/Dropped : 0/2
EDGE (6 ,3) PORT 3: Recv/Dropped : 0/2
EDGE (6 ,3) PORT 4: Recv/Dropped : 0/50
EDGE (6 ,3) PORT 5: Recv/Dropped : 0/50
EDGE (6 ,3) PORT 6: Recv/Dropped : 0/53
EDGE (6 ,3) PORT 7: Recv/Dropped : 0/57
EDGE (7 ,0) PORT 0: Recv/Dropped : 0/2
EDGE (7 ,0) PORT 1: Recv/Dropped : 0/79
EDGE (7 ,0) PORT 2: Recv/Dropped : 0/2
EDGE (7 ,0) PORT 3: Recv/Dropped : 0/2
EDGE (7 ,0) PORT 4: Recv/Dropped : 0/25
EDGE (7 ,0) PORT 5: Recv/Dropped : 0/32
EDGE (7 ,0) PORT 6: Recv/Dropped : 0/35
EDGE (7 ,0) PORT 7: Recv/Dropped : 0/22
EDGE (7 ,1) PORT 0: Recv/Dropped : 0/2
EDGE (7 ,1) PORT 1: Recv/Dropped : 0/64
EDGE (7 ,1) PORT 2: Recv/Dropped : 0/2
EDGE (7 ,1) PORT 3: Recv/Dropped : 0/2
EDGE (7 ,1) PORT 4: Recv/Dropped : 0/27
EDGE (7 ,1) PORT 5: Recv/Dropped : 0/21
EDGE (7 ,1) PORT 6: Recv/Dropped : 0/31
EDGE (7 ,1) PORT 7: Recv/Dropped : 0/36
EDGE (7 ,2) PORT 0: Recv/Dropped : 0/2
EDGE (7 ,2) PORT 1: Recv/Dropped : 0/2
EDGE (7 ,2) PORT 2: Recv/Dropped : 0/3
EDGE (7 ,2) PORT 3: Recv/Dropped : 0/2
EDGE (7 ,2) PORT 4: Recv/Dropped : 0/3
EDGE (7 ,2) PORT 5: Recv/Dropped : 0/9
EDGE (7 ,2) PORT 6: Recv/Dropped : 0/4
EDGE (7 ,2) PORT 7: Recv/Dropped : 0/4
EDGE (7 ,3) PORT 0: Recv/Dropped : 0/2
EDGE (7 ,3) PORT 1: Recv/Dropped : 0/2
EDGE (7 ,3) PORT 2: Recv/Dropped : 0/2
EDGE (7 ,3) PORT 3: Recv/Dropped : 0/3
EDGE (7 ,3) PORT 4: Recv/Dropped : 0/8
EDGE (7 ,3) PORT 5: Recv/Dropped : 0/2
EDGE (7 ,3) PORT 6: Recv/Dropped : 0/5
EDGE (7 ,3) PORT 7: Recv/Dropped : 0/5
 -- AGG QUEUE STATISTICS --
AGG (0 ,0) PORT 0: Recv/Dropped : 0/1455
AGG (0 ,0) PORT 1: Recv/Dropped : 0/1463
AGG (0 ,0) PORT 2: Recv/Dropped : 0/1461
AGG (0 ,0) PORT 3: Recv/Dropped : 0/1472
AGG (0 ,0) PORT 4: Recv/Dropped : 0/231
AGG (0 ,0) PORT 5: Recv/Dropped : 0/194
AGG (0 ,0) PORT 6: Recv/Dropped : 0/208
AGG (0 ,0) PORT 7: Recv/Dropped : 0/214
AGG (0 ,1) PORT 0: Recv/Dropped : 0/87
AGG (0 ,1) PORT 1: Recv/Dropped : 0/59
AGG (0 ,1) PORT 2: Recv/Dropped : 0/68
AGG (0 ,1) PORT 3: Recv/Dropped : 0/77
AGG (0 ,1) PORT 4: Recv/Dropped : 0/232
AGG (0 ,1) PORT 5: Recv/Dropped : 0/226
AGG (0 ,1) PORT 6: Recv/Dropped : 0/218
AGG (0 ,1) PORT 7: Recv/Dropped : 0/232
AGG (0 ,2) PORT 0: Recv/Dropped : 0/53
AGG (0 ,2) PORT 1: Recv/Dropped : 0/62
AGG (0 ,2) PORT 2: Recv/Dropped : 0/54
AGG (0 ,2) PORT 3: Recv/Dropped : 0/50
AGG (0 ,2) PORT 4: Recv/Dropped : 0/213
AGG (0 ,2) PORT 5: Recv/Dropped : 0/212
AGG (0 ,2) PORT 6: Recv/Dropped : 0/181
AGG (0 ,2) PORT 7: Recv/Dropped : 0/222
AGG (0 ,3) PORT 0: Recv/Dropped : 0/37
AGG (0 ,3) PORT 1: Recv/Dropped : 0/41
AGG (0 ,3) PORT 2: Recv/Dropped : 0/27
AGG (0 ,3) PORT 3: Recv/Dropped : 0/33
AGG (0 ,3) PORT 4: Recv/Dropped : 0/179
AGG (0 ,3) PORT 5: Recv/Dropped : 0/197
AGG (0 ,3) PORT 6: Recv/Dropped : 0/213
AGG (0 ,3) PORT 7: Recv/Dropped : 0/203
AGG (1 ,0) PORT 0: Recv/Dropped : 0/57
AGG (1 ,0) PORT 1: Recv/Dropped : 0/85
AGG (1 ,0) PORT 2: Recv/Dropped : 0/64
AGG (1 ,0) PORT 3: Recv/Dropped : 0/59
AGG (1 ,0) PORT 4: Recv/Dropped : 0/78
AGG (1 ,0) PORT 5: Recv/Dropped : 0/79
AGG (1 ,0) PORT 6: Recv/Dropped : 0/83
AGG (1 ,0) PORT 7: Recv/Dropped : 0/75
AGG (1 ,1) PORT 0: Recv/Dropped : 0/65
AGG (1 ,1) PORT 1: Recv/Dropped : 0/77
AGG (1 ,1) PORT 2: Recv/Dropped : 0/69
AGG (1 ,1) PORT 3: Recv/Dropped : 0/69
AGG (1 ,1) PORT 4: Recv/Dropped : 0/103
AGG (1 ,1) PORT 5: Recv/Dropped : 0/70
AGG (1 ,1) PORT 6: Recv/Dropped : 0/70
AGG (1 ,1) PORT 7: Recv/Dropped : 0/79
AGG (1 ,2) PORT 0: Recv/Dropped : 0/53
AGG (1 ,2) PORT 1: Recv/Dropped : 0/58
AGG (1 ,2) PORT 2: Recv/Dropped : 0/47
AGG (1 ,2) PORT 3: Recv/Dropped : 0/41
AGG (1 ,2) PORT 4: Recv/Dropped : 0/68
AGG (1 ,2) PORT 5: Recv/Dropped : 0/92
AGG (1 ,2) PORT 6: Recv/Dropped : 0/71
AGG (1 ,2) PORT 7: Recv/Dropped : 0/85
AGG (1 ,3) PORT 0: Recv/Dropped : 0/40
AGG (1 ,3) PORT 1: Recv/Dropped : 0/32
AGG (1 ,3) PORT 2: Recv/Dropped : 0/35
AGG (1 ,3) PORT 3: Recv/Dropped : 0/31
AGG (1 ,3) PORT 4: Recv/Dropped : 0/78
AGG (1 ,3) PORT 5: Recv/Dropped : 0/101
AGG (1 ,3) PORT 6: Recv/Dropped : 0/87
AGG (1 ,3) PORT 7: Recv/Dropped : 0/74
AGG (2 ,0) PORT 0: Recv/Dropped : 0/38
AGG (2 ,0) PORT 1: Recv/Dropped : 0/56
AGG (2 ,0) PORT 2: Recv/Dropped : 0/48
AGG (2 ,0) PORT 3: Recv/Dropped : 0/54
AGG (2 ,0) PORT 4: Recv/Dropped : 0/60
AGG (2 ,0) PORT 5: Recv/Dropped : 0/42
AGG (2 ,0) PORT 6: Recv/Dropped : 0/52
AGG (2 ,0) PORT 7: Recv/Dropped : 0/58
AGG (2 ,1) PORT 0: Recv/Dropped : 0/33
AGG (2 ,1) PORT 1: Recv/Dropped : 0/41
AGG (2 ,1) PORT 2: Recv/Dropped : 0/34
AGG (2 ,1) PORT 3: Recv/Dropped : 0/31
AGG (2 ,1) PORT 4: Recv/Dropped : 0/62
AGG (2 ,1) PORT 5: Recv/Dropped : 0/58
AGG (2 ,1) PORT 6: Recv/Dropped : 0/53
AGG (2 ,1) PORT 7: Recv/Dropped : 0/63
AGG (2 ,2) PORT 0: Recv/Dropped : 0/64
AGG (2 ,2) PORT 1: Recv/Dropped : 0/55
AGG (2 ,2) PORT 2: Recv/Dropped : 0/55
AGG (2 ,2) PORT 3: Recv/Dropped : 0/49
AGG (2 ,2) PORT 4: Recv/Dropped : 0/58
AGG (2 ,2) PORT 5: Recv/Dropped : 0/47
AGG (2 ,2) PORT 6: Recv/Dropped : 0/63
AGG (2 ,2) PORT 7: Recv/Dropped : 0/54
AGG (2 ,3) PORT 0: Recv/Dropped : 0/22
AGG (2 ,3) PORT 1: Recv/Dropped : 0/18
AGG (2 ,3) PORT 2: Recv/Dropped : 0/20
AGG (2 ,3) PORT 3: Recv/Dropped : 0/15
AGG (2 ,3) PORT 4: Recv/Dropped : 0/70
AGG (2 ,3) PORT 5: Recv/Dropped : 0/63
AGG (2 ,3) PORT 6: Recv/Dropped : 0/63
AGG (2 ,3) PORT 7: Recv/Dropped : 0/46
AGG (3 ,0) PORT 0: Recv/Dropped : 0/46
AGG (3 ,0) PORT 1: Recv/Dropped : 0/57
AGG (3 ,0) PORT 2: Recv/Dropped : 0/44
AGG (3 ,0) PORT 3: Recv/Dropped : 0/54
AGG (3 ,0) PORT 4: Recv/Dropped : 0/70
AGG (3 ,0) PORT 5: Recv/Dropped : 0/57
AGG (3 ,0) PORT 6: Recv/Dropped : 0/56
AGG (3 ,0) PORT 7: Recv/Dropped : 0/69
AGG (3 ,1) PORT 0: Recv/Dropped : 0/47
AGG (3 ,1) PORT 1: Recv/Dropped : 0/47
AGG (3 ,1) PORT 2: Recv/Dropped : 0/36
AGG (3 ,1) PORT 3: Recv/Dropped : 0/35
AGG (3 ,1) PORT 4: Recv/Dropped : 0/53
AGG (3 ,1) PORT 5: Recv/Dropped : 0/55
AGG (3 ,1) PORT 6: Recv/Dropped : 0/54
AGG (3 ,1) PORT 7: Recv/Dropped : 0/59
AGG (3 ,2) PORT 0: Recv/Dropped : 0/53
AGG (3 ,2) PORT 1: Recv/Dropped : 0/60
AGG (3 ,2) PORT 2: Recv/Dropped : 0/42
AGG (3 ,2) PORT 3: Recv/Dropped : 0/47
AGG (3 ,2) PORT 4: Recv/Dropped : 0/61
AGG (3 ,2) PORT 5: Recv/Dropped : 0/51
AGG (3 ,2) PORT 6: Recv/Dropped : 0/64
AGG (3 ,2) PORT 7: Recv/Dropped : 0/65
AGG (3 ,3) PORT 0: Recv/Dropped : 0/19
AGG (3 ,3) PORT 1: Recv/Dropped : 0/22
AGG (3 ,3) PORT 2: Recv/Dropped : 0/17
AGG (3 ,3) PORT 3: Recv/Dropped : 0/15
AGG (3 ,3) PORT 4: Recv/Dropped : 0/47
AGG (3 ,3) PORT 5: Recv/Dropped : 0/55
AGG (3 ,3) PORT 6: Recv/Dropped : 0/60
AGG (3 ,3) PORT 7: Recv/Dropped : 0/46
AGG (4 ,0) PORT 0: Recv/Dropped : 0/33
AGG (4 ,0) PORT 1: Recv/Dropped : 0/32
AGG (4 ,0) PORT 2: Recv/Dropped : 0/44
AGG (4 ,0) PORT 3: Recv/Dropped : 0/40
AGG (4 ,0) PORT 4: Recv/Dropped : 0/47
AGG (4 ,0) PORT 5: Recv/Dropped : 0/49
AGG (4 ,0) PORT 6: Recv/Dropped : 0/51
AGG (4 ,0) PORT 7: Recv/Dropped : 0/44
AGG (4 ,1) PORT 0: Recv/Dropped : 0/20
AGG (4 ,1) PORT 1: Recv/Dropped : 0/17
AGG (4 ,1) PORT 2: Recv/Dropped : 0/18
AGG (4 ,1) PORT 3: Recv/Dropped : 0/21
AGG (4 ,1) PORT 4: Recv/Dropped : 0/53
AGG (4 ,1) PORT 5: Recv/Dropped : 0/46
AGG (4 ,1) PORT 6: Recv/Dropped : 0/36
AGG (4 ,1) PORT 7: Recv/Dropped : 0/51
AGG (4 ,2) PORT 0: Recv/Dropped : 0/89
AGG (4 ,2) PORT 1: Recv/Dropped : 0/63
AGG (4 ,2) PORT 2: Recv/Dropped : 0/64
AGG (4 ,2) PORT 3: Recv/Dropped : 0/70
AGG (4 ,2) PORT 4: Recv/Dropped : 0/42
AGG (4 ,2) PORT 5: Recv/Dropped : 0/41
AGG (4 ,2) PORT 6: Recv/Dropped : 0/49
AGG (4 ,2) PORT 7: Recv/Dropped : 0/44
AGG (4 ,3) PORT 0: Recv/Dropped : 0/2
AGG (4 ,3) PORT 1: Recv/Dropped : 0/4
AGG (4 ,3) PORT 2: Recv/Dropped : 0/1
AGG (4 ,3) PORT 3: Recv/Dropped : 0/2
AGG (4 ,3) PORT 4: Recv/Dropped : 0/55
AGG (4 ,3) PORT 5: Recv/Dropped : 0/45
AGG (4 ,3) PORT 6: Recv/Dropped : 0/44
AGG (4 ,3) PORT 7: Recv/Dropped : 0/38
AGG (5 ,0) PORT 0: Recv/Dropped : 0/16
AGG (5 ,0) PORT 1: Recv/Dropped : 0/20
AGG (5 ,0) PORT 2: Recv/Dropped : 0/16
AGG (5 ,0) PORT 3: Recv/Dropped : 0/18
AGG (5 ,0) PORT 4: Recv/Dropped : 0/33
AGG (5 ,0) PORT 5: Recv/Dropped : 0/37
AGG (5 ,0) PORT 6: Recv/Dropped : 0/21
AGG (5 ,0) PORT 7: Recv/Dropped : 0/35
AGG (5 ,1) PORT 0: Recv/Dropped : 0/19
AGG (5 ,1) PORT 1: Recv/Dropped : 0/19
AGG (5 ,1) PORT 2: Recv/Dropped : 0/16
AGG (5 ,1) PORT 3: Recv/Dropped : 0/15
AGG (5 ,1) PORT 4: Recv/Dropped : 0/26
AGG (5 ,1) PORT 5: Recv/Dropped : 0/39
AGG (5 ,1) PORT 6: Recv/Dropped : 0/39
AGG (5 ,1) PORT 7: Recv/Dropped : 0/18
AGG (5 ,2) PORT 0: Recv/Dropped : 0/23
AGG (5 ,2) PORT 1: Recv/Dropped : 0/15
AGG (5 ,2) PORT 2: Recv/Dropped : 0/18
AGG (5 ,2) PORT 3: Recv/Dropped : 0/14
AGG (5 ,2) PORT 4: Recv/Dropped : 0/30
AGG (5 ,2) PORT 5: Recv/Dropped : 0/33
AGG (5 ,2) PORT 6: Recv/Dropped : 0/25
AGG (5 ,2) PORT 7: Recv/Dropped : 0/23
AGG (5 ,3) PORT 0: Recv/Dropped : 0/25
AGG (5 ,3) PORT 1: Recv/Dropped : 0/29
AGG (5 ,3) PORT 2: Recv/Dropped : 0/21
AGG (5 ,3) PORT 3: Recv/Dropped : 0/19
AGG (5 ,3) PORT 4: Recv/Dropped : 0/24
AGG (5 ,3) PORT 5: Recv/Dropped : 0/33
AGG (5 ,3) PORT 6: Recv/Dropped : 0/18
AGG (5 ,3) PORT 7: Recv/Dropped : 0/25
AGG (6 ,0) PORT 0: Recv/Dropped : 0/3
AGG (6 ,0) PORT 1: Recv/Dropped : 0/0
AGG (6 ,0) PORT 2: Recv/Dropped : 0/0
AGG (6 ,0) PORT 3: Recv/Dropped : 0/5
AGG (6 ,0) PORT 4: Recv/Dropped : 0/12
AGG (6 ,0) PORT 5: Recv/Dropped : 0/25
AGG (6 ,0) PORT 6: Recv/Dropped : 0/22
AGG (6 ,0) PORT 7: Recv/Dropped : 0/33
AGG (6 ,1) PORT 0: Recv/Dropped : 0/16
AGG (6 ,1) PORT 1: Recv/Dropped : 0/11
AGG (6 ,1) PORT 2: Recv/Dropped : 0/31
AGG (6 ,1) PORT 3: Recv/Dropped : 0/13
AGG (6 ,1) PORT 4: Recv/Dropped : 0/10
AGG (6 ,1) PORT 5: Recv/Dropped : 0/18
AGG (6 ,1) PORT 6: Recv/Dropped : 0/25
AGG (6 ,1) PORT 7: Recv/Dropped : 0/25
AGG (6 ,2) PORT 0: Recv/Dropped : 0/4
AGG (6 ,2) PORT 1: Recv/Dropped : 0/3
AGG (6 ,2) PORT 2: Recv/Dropped : 0/3
AGG (6 ,2) PORT 3: Recv/Dropped : 0/0
AGG (6 ,2) PORT 4: Recv/Dropped : 0/16
AGG (6 ,2) PORT 5: Recv/Dropped : 0/31
AGG (6 ,2) PORT 6: Recv/Dropped : 0/22
AGG (6 ,2) PORT 7: Recv/Dropped : 0/24
AGG (6 ,3) PORT 0: Recv/Dropped : 0/25
AGG (6 ,3) PORT 1: Recv/Dropped : 0/38
AGG (6 ,3) PORT 2: Recv/Dropped : 0/40
AGG (6 ,3) PORT 3: Recv/Dropped : 0/31
AGG (6 ,3) PORT 4: Recv/Dropped : 0/24
AGG (6 ,3) PORT 5: Recv/Dropped : 0/33
AGG (6 ,3) PORT 6: Recv/Dropped : 0/24
AGG (6 ,3) PORT 7: Recv/Dropped : 0/22
AGG (7 ,0) PORT 0: Recv/Dropped : 0/22
AGG (7 ,0) PORT 1: Recv/Dropped : 0/23
AGG (7 ,0) PORT 2: Recv/Dropped : 0/21
AGG (7 ,0) PORT 3: Recv/Dropped : 0/19
AGG (7 ,0) PORT 4: Recv/Dropped : 0/18
AGG (7 ,0) PORT 5: Recv/Dropped : 0/17
AGG (7 ,0) PORT 6: Recv/Dropped : 0/20
AGG (7 ,0) PORT 7: Recv/Dropped : 0/8
AGG (7 ,1) PORT 0: Recv/Dropped : 0/11
AGG (7 ,1) PORT 1: Recv/Dropped : 0/21
AGG (7 ,1) PORT 2: Recv/Dropped : 0/17
AGG (7 ,1) PORT 3: Recv/Dropped : 0/21
AGG (7 ,1) PORT 4: Recv/Dropped : 0/23
AGG (7 ,1) PORT 5: Recv/Dropped : 0/13
AGG (7 ,1) PORT 6: Recv/Dropped : 0/8
AGG (7 ,1) PORT 7: Recv/Dropped : 0/20
AGG (7 ,2) PORT 0: Recv/Dropped : 0/0
AGG (7 ,2) PORT 1: Recv/Dropped : 0/2
AGG (7 ,2) PORT 2: Recv/Dropped : 0/5
AGG (7 ,2) PORT 3: Recv/Dropped : 0/2
AGG (7 ,2) PORT 4: Recv/Dropped : 0/22
AGG (7 ,2) PORT 5: Recv/Dropped : 0/21
AGG (7 ,2) PORT 6: Recv/Dropped : 0/12
AGG (7 ,2) PORT 7: Recv/Dropped : 0/20
AGG (7 ,3) PORT 0: Recv/Dropped : 0/2
AGG (7 ,3) PORT 1: Recv/Dropped : 0/3
AGG (7 ,3) PORT 2: Recv/Dropped : 0/2
AGG (7 ,3) PORT 3: Recv/Dropped : 0/2
AGG (7 ,3) PORT 4: Recv/Dropped : 0/24
AGG (7 ,3) PORT 5: Recv/Dropped : 0/14
AGG (7 ,3) PORT 6: Recv/Dropped : 0/18
AGG (7 ,3) PORT 7: Recv/Dropped : 0/11


TOTAL RECEIVED PACKETS = 38234
TOTAL DROPPED PACKETS = 238