QUEUE STATISTICS FOR EXPERIMENT 9036
---------------------------
 -- EDGE QUEUE STATISTICS --
EDGE (0 ,0) PORT 0: Recv/Dropped : 180/9316
EDGE (0 ,0) PORT 1: Recv/Dropped : 0/88
EDGE (0 ,0) PORT 2: Recv/Dropped : 0/68
EDGE (0 ,0) PORT 3: Recv/Dropped : 0/65
EDGE (0 ,0) PORT 4: Recv/Dropped : 0/1500
EDGE (0 ,0) PORT 5: Recv/Dropped : 0/1596
EDGE (0 ,0) PORT 6: Recv/Dropped : 0/1447
EDGE (0 ,0) PORT 7: Recv/Dropped : 0/1462
EDGE (0 ,1) PORT 0: Recv/Dropped : 0/73
EDGE (0 ,1) PORT 1: Recv/Dropped : 0/65
EDGE (0 ,1) PORT 2: Recv/Dropped : 0/65
EDGE (0 ,1) PORT 3: Recv/Dropped : 0/64
EDGE (0 ,1) PORT 4: Recv/Dropped : 0/87
EDGE (0 ,1) PORT 5: Recv/Dropped : 0/102
EDGE (0 ,1) PORT 6: Recv/Dropped : 0/95
EDGE (0 ,1) PORT 7: Recv/Dropped : 0/108
EDGE (0 ,2) PORT 0: Recv/Dropped : 0/67
EDGE (0 ,2) PORT 1: Recv/Dropped : 0/65
EDGE (0 ,2) PORT 2: Recv/Dropped : 0/65
EDGE (0 ,2) PORT 3: Recv/Dropped : 0/62
EDGE (0 ,2) PORT 4: Recv/Dropped : 0/81
EDGE (0 ,2) PORT 5: Recv/Dropped : 0/120
EDGE (0 ,2) PORT 6: Recv/Dropped : 0/100
EDGE (0 ,2) PORT 7: Recv/Dropped : 0/87
EDGE (0 ,3) PORT 0: Recv/Dropped : 0/63
EDGE (0 ,3) PORT 1: Recv/Dropped : 0/65
EDGE (0 ,3) PORT 2: Recv/Dropped : 0/64
EDGE (0 ,3) PORT 3: Recv/Dropped : 0/2
EDGE (0 ,3) PORT 4: Recv/Dropped : 0/73
EDGE (0 ,3) PORT 5: Recv/Dropped : 0/80
EDGE (0 ,3) PORT 6: Recv/Dropped : 0/76
EDGE (0 ,3) PORT 7: Recv/Dropped : 0/67
EDGE (1 ,0) PORT 0: Recv/Dropped : 0/70
EDGE (1 ,0) PORT 1: Recv/Dropped : 0/66
EDGE (1 ,0) PORT 2: Recv/Dropped : 0/64
EDGE (1 ,0) PORT 3: Recv/Dropped : 0/63
EDGE (1 ,0) PORT 4: Recv/Dropped : 0/83
EDGE (1 ,0) PORT 5: Recv/Dropped : 0/118
EDGE (1 ,0) PORT 6: Recv/Dropped : 0/79
EDGE (1 ,0) PORT 7: Recv/Dropped : 0/113
EDGE (1 ,1) PORT 0: Recv/Dropped : 0/66
EDGE (1 ,1) PORT 1: Recv/Dropped : 0/63
EDGE (1 ,1) PORT 2: Recv/Dropped : 0/64
EDGE (1 ,1) PORT 3: Recv/Dropped : 0/62
EDGE (1 ,1) PORT 4: Recv/Dropped : 0/85
EDGE (1 ,1) PORT 5: Recv/Dropped : 0/95
EDGE (1 ,1) PORT 6: Recv/Dropped : 0/105
EDGE (1 ,1) PORT 7: Recv/Dropped : 0/103
EDGE (1 ,2) PORT 0: Recv/Dropped : 0/62
EDGE (1 ,2) PORT 1: Recv/Dropped : 0/63
EDGE (1 ,2) PORT 2: Recv/Dropped : 0/75
EDGE (1 ,2) PORT 3: Recv/Dropped : 0/2
EDGE (1 ,2) PORT 4: Recv/Dropped : 0/84
EDGE (1 ,2) PORT 5: Recv/Dropped : 0/66
EDGE (1 ,2) PORT 6: Recv/Dropped : 0/70
EDGE (1 ,2) PORT 7: Recv/Dropped : 0/79
EDGE (1 ,3) PORT 0: Recv/Dropped : 0/63
EDGE (1 ,3) PORT 1: Recv/Dropped : 0/64
EDGE (1 ,3) PORT 2: Recv/Dropped : 0/4
EDGE (1 ,3) PORT 3: Recv/Dropped : 0/63
EDGE (1 ,3) PORT 4: Recv/Dropped : 0/75
EDGE (1 ,3) PORT 5: Recv/Dropped : 0/65
EDGE (1 ,3) PORT 6: Recv/Dropped : 0/69
EDGE (1 ,3) PORT 7: Recv/Dropped : 0/90
EDGE (2 ,0) PORT 0: Recv/Dropped : 0/66
EDGE (2 ,0) PORT 1: Recv/Dropped : 0/66
EDGE (2 ,0) PORT 2: Recv/Dropped : 0/64
EDGE (2 ,0) PORT 3: Recv/Dropped : 0/63
EDGE (2 ,0) PORT 4: Recv/Dropped : 0/87
EDGE (2 ,0) PORT 5: Recv/Dropped : 0/117
EDGE (2 ,0) PORT 6: Recv/Dropped : 0/87
EDGE (2 ,0) PORT 7: Recv/Dropped : 0/103
EDGE (2 ,1) PORT 0: Recv/Dropped : 0/64
EDGE (2 ,1) PORT 1: Recv/Dropped : 0/63
EDGE (2 ,1) PORT 2: Recv/Dropped : 0/65
EDGE (2 ,1) PORT 3: Recv/Dropped : 0/2
EDGE (2 ,1) PORT 4: Recv/Dropped : 0/57
EDGE (2 ,1) PORT 5: Recv/Dropped : 0/78
EDGE (2 ,1) PORT 6: Recv/Dropped : 0/76
EDGE (2 ,1) PORT 7: Recv/Dropped : 0/86
EDGE (2 ,2) PORT 0: Recv/Dropped : 0/64
EDGE (2 ,2) PORT 1: Recv/Dropped : 0/75
EDGE (2 ,2) PORT 2: Recv/Dropped : 0/2
EDGE (2 ,2) PORT 3: Recv/Dropped : 0/2
EDGE (2 ,2) PORT 4: Recv/Dropped : 0/41
EDGE (2 ,2) PORT 5: Recv/Dropped : 0/58
EDGE (2 ,2) PORT 6: Recv/Dropped : 0/55
EDGE (2 ,2) PORT 7: Recv/Dropped : 0/51
EDGE (2 ,3) PORT 0: Recv/Dropped : 0/63
EDGE (2 ,3) PORT 1: Recv/Dropped : 0/63
EDGE (2 ,3) PORT 2: Recv/Dropped : 0/2
EDGE (2 ,3) PORT 3: Recv/Dropped : 0/62
EDGE (2 ,3) PORT 4: Recv/Dropped : 0/70
EDGE (2 ,3) PORT 5: Recv/Dropped : 0/82
EDGE (2 ,3) PORT 6: Recv/Dropped : 0/62
EDGE (2 ,3) PORT 7: Recv/Dropped : 0/85
EDGE (3 ,0) PORT 0: Recv/Dropped : 0/62
EDGE (3 ,0) PORT 1: Recv/Dropped : 0/63
EDGE (3 ,0) PORT 2: Recv/Dropped : 0/63
EDGE (3 ,0) PORT 3: Recv/Dropped : 0/2
EDGE (3 ,0) PORT 4: Recv/Dropped : 0/59
EDGE (3 ,0) PORT 5: Recv/Dropped : 0/88
EDGE (3 ,0) PORT 6: Recv/Dropped : 0/76
EDGE (3 ,0) PORT 7: Recv/Dropped : 0/74
EDGE (3 ,1) PORT 0: Recv/Dropped : 0/62
EDGE (3 ,1) PORT 1: Recv/Dropped : 0/75
EDGE (3 ,1) PORT 2: Recv/Dropped : 0/2
EDGE (3 ,1) PORT 3: Recv/Dropped : 0/63
EDGE (3 ,1) PORT 4: Recv/Dropped : 0/85
EDGE (3 ,1) PORT 5: Recv/Dropped : 0/78
EDGE (3 ,1) PORT 6: Recv/Dropped : 0/67
EDGE (3 ,1) PORT 7: Recv/Dropped : 0/66
EDGE (3 ,2) PORT 0: Recv/Dropped : 0/74
EDGE (3 ,2) PORT 1: Recv/Dropped : 0/63
EDGE (3 ,2) PORT 2: Recv/Dropped : 0/63
EDGE (3 ,2) PORT 3: Recv/Dropped : 0/62
EDGE (3 ,2) PORT 4: Recv/Dropped : 0/125
EDGE (3 ,2) PORT 5: Recv/Dropped : 0/106
EDGE (3 ,2) PORT 6: Recv/Dropped : 0/78
EDGE (3 ,2) PORT 7: Recv/Dropped : 0/82
EDGE (3 ,3) PORT 0: Recv/Dropped : 0/2
EDGE (3 ,3) PORT 1: Recv/Dropped : 0/63
EDGE (3 ,3) PORT 2: Recv/Dropped : 0/4
EDGE (3 ,3) PORT 3: Recv/Dropped : 0/62
EDGE (3 ,3) PORT 4: Recv/Dropped : 0/46
EDGE (3 ,3) PORT 5: Recv/Dropped : 0/51
EDGE (3 ,3) PORT 6: Recv/Dropped : 0/71
EDGE (3 ,3) PORT 7: Recv/Dropped : 0/36
EDGE (4 ,0) PORT 0: Recv/Dropped : 0/64
EDGE (4 ,0) PORT 1: Recv/Dropped : 0/63
EDGE (4 ,0) PORT 2: Recv/Dropped : 0/2
EDGE (4 ,0) PORT 3: Recv/Dropped : 0/2
EDGE (4 ,0) PORT 4: Recv/Dropped : 0/56
EDGE (4 ,0) PORT 5: Recv/Dropped : 0/44
EDGE (4 ,0) PORT 6: Recv/Dropped : 0/66
EDGE (4 ,0) PORT 7: Recv/Dropped : 0/41
EDGE (4 ,1) PORT 0: Recv/Dropped : 0/2
EDGE (4 ,1) PORT 1: Recv/Dropped : 0/63
EDGE (4 ,1) PORT 2: Recv/Dropped : 0/63
EDGE (4 ,1) PORT 3: Recv/Dropped : 0/2
EDGE (4 ,1) PORT 4: Recv/Dropped : 0/61
EDGE (4 ,1) PORT 5: Recv/Dropped : 0/55
EDGE (4 ,1) PORT 6: Recv/Dropped : 0/47
EDGE (4 ,1) PORT 7: Recv/Dropped : 0/43
EDGE (4 ,2) PORT 0: Recv/Dropped : 0/2
EDGE (4 ,2) PORT 1: Recv/Dropped : 0/63
EDGE (4 ,2) PORT 2: Recv/Dropped : 0/62
EDGE (4 ,2) PORT 3: Recv/Dropped : 0/62
EDGE (4 ,2) PORT 4: Recv/Dropped : 0/60
EDGE (4 ,2) PORT 5: Recv/Dropped : 0/61
EDGE (4 ,2) PORT 6: Recv/Dropped : 0/95
EDGE (4 ,2) PORT 7: Recv/Dropped : 0/81
EDGE (4 ,3) PORT 0: Recv/Dropped : 0/2
EDGE (4 ,3) PORT 1: Recv/Dropped : 0/2
EDGE (4 ,3) PORT 2: Recv/Dropped : 0/62
EDGE (4 ,3) PORT 3: Recv/Dropped : 0/62
EDGE (4 ,3) PORT 4: Recv/Dropped : 0/63
EDGE (4 ,3) PORT 5: Recv/Dropped : 0/40
EDGE (4 ,3) PORT 6: Recv/Dropped : 0/50
EDGE (4 ,3) PORT 7: Recv/Dropped : 0/49
EDGE (5 ,0) PORT 0: Recv/Dropped : 0/76
EDGE (5 ,0) PORT 1: Recv/Dropped : 0/4
EDGE (5 ,0) PORT 2: Recv/Dropped : 0/63
EDGE (5 ,0) PORT 3: Recv/Dropped : 0/62
EDGE (5 ,0) PORT 4: Recv/Dropped : 0/80
EDGE (5 ,0) PORT 5: Recv/Dropped : 0/79
EDGE (5 ,0) PORT 6: Recv/Dropped : 0/64
EDGE (5 ,0) PORT 7: Recv/Dropped : 0/74
EDGE (5 ,1) PORT 0: Recv/Dropped : 0/2
EDGE (5 ,1) PORT 1: Recv/Dropped : 0/2
EDGE (5 ,1) PORT 2: Recv/Dropped : 0/62
EDGE (5 ,1) PORT 3: Recv/Dropped : 0/62
EDGE (5 ,1) PORT 4: Recv/Dropped : 0/55
EDGE (5 ,1) PORT 5: Recv/Dropped : 0/53
EDGE (5 ,1) PORT 6: Recv/Dropped : 0/51
EDGE (5 ,1) PORT 7: Recv/Dropped : 0/43
EDGE (5 ,2) PORT 0: Recv/Dropped : 0/63
EDGE (5 ,2) PORT 1: Recv/Dropped : 0/3
EDGE (5 ,2) PORT 2: Recv/Dropped : 0/62
EDGE (5 ,2) PORT 3: Recv/Dropped : 0/62
EDGE (5 ,2) PORT 4: Recv/Dropped : 0/83
EDGE (5 ,2) PORT 5: Recv/Dropped : 0/83
EDGE (5 ,2) PORT 6: Recv/Dropped : 0/74
EDGE (5 ,2) PORT 7: Recv/Dropped : 0/57
EDGE (5 ,3) PORT 0: Recv/Dropped : 0/3
EDGE (5 ,3) PORT 1: Recv/Dropped : 0/62
EDGE (5 ,3) PORT 2: Recv/Dropped : 0/62
EDGE (5 ,3) PORT 3: Recv/Dropped : 0/62
EDGE (5 ,3) PORT 4: Recv/Dropped : 0/83
EDGE (5 ,3) PORT 5: Recv/Dropped : 0/69
EDGE (5 ,3) PORT 6: Recv/Dropped : 0/78
EDGE (5 ,3) PORT 7: Recv/Dropped : 0/65
EDGE (6 ,0) PORT 0: Recv/Dropped : 0/2
EDGE (6 ,0) PORT 1: Recv/Dropped : 0/2
EDGE (6 ,0) PORT 2: Recv/Dropped : 0/2
EDGE (6 ,0) PORT 3: Recv/Dropped : 0/62
EDGE (6 ,0) PORT 4: Recv/Dropped : 0/23
EDGE (6 ,0) PORT 5: Recv/Dropped : 0/25
EDGE (6 ,0) PORT 6: Recv/Dropped : 0/33
EDGE (6 ,0) PORT 7: Recv/Dropped : 0/28
EDGE (6 ,1) PORT 0: Recv/Dropped : 0/2
EDGE (6 ,1) PORT 1: Recv/Dropped : 0/3
EDGE (6 ,1) PORT 2: Recv/Dropped : 0/62
EDGE (6 ,1) PORT 3: Recv/Dropped : 0/62
EDGE (6 ,1) PORT 4: Recv/Dropped : 0/57
EDGE (6 ,1) PORT 5: Recv/Dropped : 0/36
EDGE (6 ,1) PORT 6: Recv/Dropped : 0/53
EDGE (6 ,1) PORT 7: Recv/Dropped : 0/56
EDGE (6 ,2) PORT 0: Recv/Dropped : 0/4
EDGE (6 ,2) PORT 1: Recv/Dropped : 0/2
EDGE (6 ,2) PORT 2: Recv/Dropped : 0/62
EDGE (6 ,2) PORT 3: Recv/Dropped : 0/62
EDGE (6 ,2) PORT 4: Recv/Dropped : 0/53
EDGE (6 ,2) PORT 5: Recv/Dropped : 0/49
EDGE (6 ,2) PORT 6: Recv/Dropped : 0/55
EDGE (6 ,2) PORT 7: Recv/Dropped : 0/45
EDGE (6 ,3) PORT 0: Recv/Dropped : 0/62
EDGE (6 ,3) PORT 1: Recv/Dropped : 0/62
EDGE (6 ,3) PORT 2: Recv/Dropped : 0/62
EDGE (6 ,3) PORT 3: Recv/Dropped : 0/62
EDGE (6 ,3) PORT 4: Recv/Dropped : 0/88
EDGE (6 ,3) PORT 5: Recv/Dropped : 0/94
EDGE (6 ,3) PORT 6: Recv/Dropped : 0/95
EDGE (6 ,3) PORT 7: Recv/Dropped : 0/111
EDGE (7 ,0) PORT 0: Recv/Dropped : 0/63
EDGE (7 ,0) PORT 1: Recv/Dropped : 0/4
EDGE (7 ,0) PORT 2: Recv/Dropped : 0/62
EDGE (7 ,0) PORT 3: Recv/Dropped : 0/62
EDGE (7 ,0) PORT 4: Recv/Dropped : 0/62
EDGE (7 ,0) PORT 5: Recv/Dropped : 0/78
EDGE (7 ,0) PORT 6: Recv/Dropped : 0/81
EDGE (7 ,0) PORT 7: Recv/Dropped : 0/76
EDGE (7 ,1) PORT 0: Recv/Dropped : 0/62
EDGE (7 ,1) PORT 1: Recv/Dropped : 0/62
EDGE (7 ,1) PORT 2: Recv/Dropped : 0/62
EDGE (7 ,1) PORT 3: Recv/Dropped : 0/62
EDGE (7 ,1) PORT 4: Recv/Dropped : 0/96
EDGE (7 ,1) PORT 5: Recv/Dropped : 0/91
EDGE (7 ,1) PORT 6: Recv/Dropped : 0/94
EDGE (7 ,1) PORT 7: Recv/Dropped : 0/107
EDGE (7 ,2) PORT 0: Recv/Dropped : 0/62
EDGE (7 ,2) PORT 1: Recv/Dropped : 0/62
EDGE (7 ,2) PORT 2: Recv/Dropped : 0/62
EDGE (7 ,2) PORT 3: Recv/Dropped : 0/62
EDGE (7 ,2) PORT 4: Recv/Dropped : 0/111
EDGE (7 ,2) PORT 5: Recv/Dropped : 0/78
EDGE (7 ,2) PORT 6: Recv/Dropped : 0/111
EDGE (7 ,2) PORT 7: Recv/Dropped : 0/88
EDGE (7 ,3) PORT 0: Recv/Dropped : 0/62
EDGE (7 ,3) PORT 1: Recv/Dropped : 0/62
EDGE (7 ,3) PORT 2: Recv/Dropped : 0/62
EDGE (7 ,3) PORT 3: Recv/Dropped : 0/62
EDGE (7 ,3) PORT 4: Recv/Dropped : 0/101
EDGE (7 ,3) PORT 5: Recv/Dropped : 0/93
EDGE (7 ,3) PORT 6: Recv/Dropped : 0/95
EDGE (7 ,3) PORT 7: Recv/Dropped : 0/99
 -- AGG QUEUE STATISTICS --
AGG (0 ,0) PORT 0: Recv/Dropped : 0/2270
AGG (0 ,0) PORT 1: Recv/Dropped : 0/2332
AGG (0 ,0) PORT 2: Recv/Dropped : 0/2308
AGG (0 ,0) PORT 3: Recv/Dropped : 0/2293
AGG (0 ,0) PORT 4: Recv/Dropped : 0/350
AGG (0 ,0) PORT 5: Recv/Dropped : 0/299
AGG (0 ,0) PORT 6: Recv/Dropped : 0/333
AGG (0 ,0) PORT 7: Recv/Dropped : 0/332
AGG (0 ,1) PORT 0: Recv/Dropped : 0/69
AGG (0 ,1) PORT 1: Recv/Dropped : 0/84
AGG (0 ,1) PORT 2: Recv/Dropped : 0/62
AGG (0 ,1) PORT 3: Recv/Dropped : 0/52
AGG (0 ,1) PORT 4: Recv/Dropped : 0/350
AGG (0 ,1) PORT 5: Recv/Dropped : 0/355
AGG (0 ,1) PORT 6: Recv/Dropped : 0/333
AGG (0 ,1) PORT 7: Recv/Dropped : 0/374
AGG (0 ,2) PORT 0: Recv/Dropped : 0/67
AGG (0 ,2) PORT 1: Recv/Dropped : 0/53
AGG (0 ,2) PORT 2: Recv/Dropped : 0/64
AGG (0 ,2) PORT 3: Recv/Dropped : 0/75
AGG (0 ,2) PORT 4: Recv/Dropped : 0/334
AGG (0 ,2) PORT 5: Recv/Dropped : 0/323
AGG (0 ,2) PORT 6: Recv/Dropped : 0/282
AGG (0 ,2) PORT 7: Recv/Dropped : 0/332
AGG (0 ,3) PORT 0: Recv/Dropped : 0/50
AGG (0 ,3) PORT 1: Recv/Dropped : 0/47
AGG (0 ,3) PORT 2: Recv/Dropped : 0/50
AGG (0 ,3) PORT 3: Recv/Dropped : 0/47
AGG (0 ,3) PORT 4: Recv/Dropped : 0/287
AGG (0 ,3) PORT 5: Recv/Dropped : 0/330
AGG (0 ,3) PORT 6: Recv/Dropped : 0/326
AGG (0 ,3) PORT 7: Recv/Dropped : 0/345
AGG (1 ,0) PORT 0: Recv/Dropped : 0/57
AGG (1 ,0) PORT 1: Recv/Dropped : 0/73
AGG (1 ,0) PORT 2: Recv/Dropped : 0/75
AGG (1 ,0) PORT 3: Recv/Dropped : 0/58
AGG (1 ,0) PORT 4: Recv/Dropped : 0/71
AGG (1 ,0) PORT 5: Recv/Dropped : 0/80
AGG (1 ,0) PORT 6: Recv/Dropped : 0/86
AGG (1 ,0) PORT 7: Recv/Dropped : 0/90
AGG (1 ,1) PORT 0: Recv/Dropped : 0/56
AGG (1 ,1) PORT 1: Recv/Dropped : 0/70
AGG (1 ,1) PORT 2: Recv/Dropped : 0/59
AGG (1 ,1) PORT 3: Recv/Dropped : 0/70
AGG (1 ,1) PORT 4: Recv/Dropped : 0/101
AGG (1 ,1) PORT 5: Recv/Dropped : 0/75
AGG (1 ,1) PORT 6: Recv/Dropped : 0/78
AGG (1 ,1) PORT 7: Recv/Dropped : 0/90
AGG (1 ,2) PORT 0: Recv/Dropped : 0/76
AGG (1 ,2) PORT 1: Recv/Dropped : 0/56
AGG (1 ,2) PORT 2: Recv/Dropped : 0/31
AGG (1 ,2) PORT 3: Recv/Dropped : 0/39
AGG (1 ,2) PORT 4: Recv/Dropped : 0/61
AGG (1 ,2) PORT 5: Recv/Dropped : 0/110
AGG (1 ,2) PORT 6: Recv/Dropped : 0/83
AGG (1 ,2) PORT 7: Recv/Dropped : 0/69
AGG (1 ,3) PORT 0: Recv/Dropped : 0/58
AGG (1 ,3) PORT 1: Recv/Dropped : 0/59
AGG (1 ,3) PORT 2: Recv/Dropped : 0/38
AGG (1 ,3) PORT 3: Recv/Dropped : 0/39
AGG (1 ,3) PORT 4: Recv/Dropped : 0/85
AGG (1 ,3) PORT 5: Recv/Dropped : 0/131
AGG (1 ,3) PORT 6: Recv/Dropped : 0/90
AGG (1 ,3) PORT 7: Recv/Dropped : 0/79
AGG (2 ,0) PORT 0: Recv/Dropped : 0/72
AGG (2 ,0) PORT 1: Recv/Dropped : 0/66
AGG (2 ,0) PORT 2: Recv/Dropped : 0/61
AGG (2 ,0) PORT 3: Recv/Dropped : 0/60
AGG (2 ,0) PORT 4: Recv/Dropped : 0/75
AGG (2 ,0) PORT 5: Recv/Dropped : 0/47
AGG (2 ,0) PORT 6: Recv/Dropped : 0/60
AGG (2 ,0) PORT 7: Recv/Dropped : 0/73
AGG (2 ,1) PORT 0: Recv/Dropped : 0/39
AGG (2 ,1) PORT 1: Recv/Dropped : 0/52
AGG (2 ,1) PORT 2: Recv/Dropped : 0/55
AGG (2 ,1) PORT 3: Recv/Dropped : 0/48
AGG (2 ,1) PORT 4: Recv/Dropped : 0/81
AGG (2 ,1) PORT 5: Recv/Dropped : 0/78
AGG (2 ,1) PORT 6: Recv/Dropped : 0/70
AGG (2 ,1) PORT 7: Recv/Dropped : 0/106
AGG (2 ,2) PORT 0: Recv/Dropped : 0/42
AGG (2 ,2) PORT 1: Recv/Dropped : 0/38
AGG (2 ,2) PORT 2: Recv/Dropped : 0/33
AGG (2 ,2) PORT 3: Recv/Dropped : 0/30
AGG (2 ,2) PORT 4: Recv/Dropped : 0/73
AGG (2 ,2) PORT 5: Recv/Dropped : 0/68
AGG (2 ,2) PORT 6: Recv/Dropped : 0/80
AGG (2 ,2) PORT 7: Recv/Dropped : 0/59
AGG (2 ,3) PORT 0: Recv/Dropped : 0/49
AGG (2 ,3) PORT 1: Recv/Dropped : 0/59
AGG (2 ,3) PORT 2: Recv/Dropped : 0/38
AGG (2 ,3) PORT 3: Recv/Dropped : 0/44
AGG (2 ,3) PORT 4: Recv/Dropped : 0/95
AGG (2 ,3) PORT 5: Recv/Dropped : 0/91
AGG (2 ,3) PORT 6: Recv/Dropped : 0/79
AGG (2 ,3) PORT 7: Recv/Dropped : 0/60
AGG (3 ,0) PORT 0: Recv/Dropped : 0/49
AGG (3 ,0) PORT 1: Recv/Dropped : 0/60
AGG (3 ,0) PORT 2: Recv/Dropped : 0/43
AGG (3 ,0) PORT 3: Recv/Dropped : 0/38
AGG (3 ,0) PORT 4: Recv/Dropped : 0/99
AGG (3 ,0) PORT 5: Recv/Dropped : 0/63
AGG (3 ,0) PORT 6: Recv/Dropped : 0/78
AGG (3 ,0) PORT 7: Recv/Dropped : 0/75
AGG (3 ,1) PORT 0: Recv/Dropped : 0/57
AGG (3 ,1) PORT 1: Recv/Dropped : 0/47
AGG (3 ,1) PORT 2: Recv/Dropped : 0/46
AGG (3 ,1) PORT 3: Recv/Dropped : 0/52
AGG (3 ,1) PORT 4: Recv/Dropped : 0/90
AGG (3 ,1) PORT 5: Recv/Dropped : 0/79
AGG (3 ,1) PORT 6: Recv/Dropped : 0/74
AGG (3 ,1) PORT 7: Recv/Dropped : 0/80
AGG (3 ,2) PORT 0: Recv/Dropped : 0/59
AGG (3 ,2) PORT 1: Recv/Dropped : 0/76
AGG (3 ,2) PORT 2: Recv/Dropped : 0/69
AGG (3 ,2) PORT 3: Recv/Dropped : 0/58
AGG (3 ,2) PORT 4: Recv/Dropped : 0/77
AGG (3 ,2) PORT 5: Recv/Dropped : 0/63
AGG (3 ,2) PORT 6: Recv/Dropped : 0/70
AGG (3 ,2) PORT 7: Recv/Dropped : 0/82
AGG (3 ,3) PORT 0: Recv/Dropped : 0/28
AGG (3 ,3) PORT 1: Recv/Dropped : 0/40
AGG (3 ,3) PORT 2: Recv/Dropped : 0/26
AGG (3 ,3) PORT 3: Recv/Dropped : 0/37
AGG (3 ,3) PORT 4: Recv/Dropped : 0/45
AGG (3 ,3) PORT 5: Recv/Dropped : 0/74
AGG (3 ,3) PORT 6: Recv/Dropped : 0/90
AGG (3 ,3) PORT 7: Recv/Dropped : 0/49
AGG (4 ,0) PORT 0: Recv/Dropped : 0/37
AGG (4 ,0) PORT 1: Recv/Dropped : 0/33
AGG (4 ,0) PORT 2: Recv/Dropped : 0/32
AGG (4 ,0) PORT 3: Recv/Dropped : 0/29
AGG (4 ,0) PORT 4: Recv/Dropped : 0/72
AGG (4 ,0) PORT 5: Recv/Dropped : 0/50
AGG (4 ,0) PORT 6: Recv/Dropped : 0/60
AGG (4 ,0) PORT 7: Recv/Dropped : 0/58
AGG (4 ,1) PORT 0: Recv/Dropped : 0/25
AGG (4 ,1) PORT 1: Recv/Dropped : 0/37
AGG (4 ,1) PORT 2: Recv/Dropped : 0/29
AGG (4 ,1) PORT 3: Recv/Dropped : 0/39
AGG (4 ,1) PORT 4: Recv/Dropped : 0/65
AGG (4 ,1) PORT 5: Recv/Dropped : 0/52
AGG (4 ,1) PORT 6: Recv/Dropped : 0/37
AGG (4 ,1) PORT 7: Recv/Dropped : 0/46
AGG (4 ,2) PORT 0: Recv/Dropped : 0/53
AGG (4 ,2) PORT 1: Recv/Dropped : 0/48
AGG (4 ,2) PORT 2: Recv/Dropped : 0/40
AGG (4 ,2) PORT 3: Recv/Dropped : 0/48
AGG (4 ,2) PORT 4: Recv/Dropped : 0/59
AGG (4 ,2) PORT 5: Recv/Dropped : 0/60
AGG (4 ,2) PORT 6: Recv/Dropped : 0/79
AGG (4 ,2) PORT 7: Recv/Dropped : 0/60
AGG (4 ,3) PORT 0: Recv/Dropped : 0/30
AGG (4 ,3) PORT 1: Recv/Dropped : 0/29
AGG (4 ,3) PORT 2: Recv/Dropped : 0/39
AGG (4 ,3) PORT 3: Recv/Dropped : 0/30
AGG (4 ,3) PORT 4: Recv/Dropped : 0/76
AGG (4 ,3) PORT 5: Recv/Dropped : 0/58
AGG (4 ,3) PORT 6: Recv/Dropped : 0/36
AGG (4 ,3) PORT 7: Recv/Dropped : 0/44
AGG (5 ,0) PORT 0: Recv/Dropped : 0/47
AGG (5 ,0) PORT 1: Recv/Dropped : 0/52
AGG (5 ,0) PORT 2: Recv/Dropped : 0/47
AGG (5 ,0) PORT 3: Recv/Dropped : 0/59
AGG (5 ,0) PORT 4: Recv/Dropped : 0/75
AGG (5 ,0) PORT 5: Recv/Dropped : 0/84
AGG (5 ,0) PORT 6: Recv/Dropped : 0/57
AGG (5 ,0) PORT 7: Recv/Dropped : 0/85
AGG (5 ,1) PORT 0: Recv/Dropped : 0/25
AGG (5 ,1) PORT 1: Recv/Dropped : 0/39
AGG (5 ,1) PORT 2: Recv/Dropped : 0/31
AGG (5 ,1) PORT 3: Recv/Dropped : 0/33
AGG (5 ,1) PORT 4: Recv/Dropped : 0/66
AGG (5 ,1) PORT 5: Recv/Dropped : 0/92
AGG (5 ,1) PORT 6: Recv/Dropped : 0/81
AGG (5 ,1) PORT 7: Recv/Dropped : 0/45
AGG (5 ,2) PORT 0: Recv/Dropped : 0/44
AGG (5 ,2) PORT 1: Recv/Dropped : 0/53
AGG (5 ,2) PORT 2: Recv/Dropped : 0/49
AGG (5 ,2) PORT 3: Recv/Dropped : 0/44
AGG (5 ,2) PORT 4: Recv/Dropped : 0/80
AGG (5 ,2) PORT 5: Recv/Dropped : 0/70
AGG (5 ,2) PORT 6: Recv/Dropped : 0/67
AGG (5 ,2) PORT 7: Recv/Dropped : 0/50
AGG (5 ,3) PORT 0: Recv/Dropped : 0/54
AGG (5 ,3) PORT 1: Recv/Dropped : 0/43
AGG (5 ,3) PORT 2: Recv/Dropped : 0/52
AGG (5 ,3) PORT 3: Recv/Dropped : 0/40
AGG (5 ,3) PORT 4: Recv/Dropped : 0/60
AGG (5 ,3) PORT 5: Recv/Dropped : 0/70
AGG (5 ,3) PORT 6: Recv/Dropped : 0/43
AGG (5 ,3) PORT 7: Recv/Dropped : 0/66
AGG (6 ,0) PORT 0: Recv/Dropped : 0/11
AGG (6 ,0) PORT 1: Recv/Dropped : 0/17
AGG (6 ,0) PORT 2: Recv/Dropped : 0/21
AGG (6 ,0) PORT 3: Recv/Dropped : 0/19
AGG (6 ,0) PORT 4: Recv/Dropped : 0/34
AGG (6 ,0) PORT 5: Recv/Dropped : 0/75
AGG (6 ,0) PORT 6: Recv/Dropped : 0/45
AGG (6 ,0) PORT 7: Recv/Dropped : 0/67
AGG (6 ,1) PORT 0: Recv/Dropped : 0/39
AGG (6 ,1) PORT 1: Recv/Dropped : 0/24
AGG (6 ,1) PORT 2: Recv/Dropped : 0/21
AGG (6 ,1) PORT 3: Recv/Dropped : 0/45
AGG (6 ,1) PORT 4: Recv/Dropped : 0/37
AGG (6 ,1) PORT 5: Recv/Dropped : 0/47
AGG (6 ,1) PORT 6: Recv/Dropped : 0/65
AGG (6 ,1) PORT 7: Recv/Dropped : 0/55
AGG (6 ,2) PORT 0: Recv/Dropped : 0/32
AGG (6 ,2) PORT 1: Recv/Dropped : 0/39
AGG (6 ,2) PORT 2: Recv/Dropped : 0/28
AGG (6 ,2) PORT 3: Recv/Dropped : 0/31
AGG (6 ,2) PORT 4: Recv/Dropped : 0/38
AGG (6 ,2) PORT 5: Recv/Dropped : 0/64
AGG (6 ,2) PORT 6: Recv/Dropped : 0/75
AGG (6 ,2) PORT 7: Recv/Dropped : 0/59
AGG (6 ,3) PORT 0: Recv/Dropped : 0/55
AGG (6 ,3) PORT 1: Recv/Dropped : 0/61
AGG (6 ,3) PORT 2: Recv/Dropped : 0/65
AGG (6 ,3) PORT 3: Recv/Dropped : 0/67
AGG (6 ,3) PORT 4: Recv/Dropped : 0/51
AGG (6 ,3) PORT 5: Recv/Dropped : 0/64
AGG (6 ,3) PORT 6: Recv/Dropped : 0/68
AGG (6 ,3) PORT 7: Recv/Dropped : 0/57
AGG (7 ,0) PORT 0: Recv/Dropped : 0/34
AGG (7 ,0) PORT 1: Recv/Dropped : 0/63
AGG (7 ,0) PORT 2: Recv/Dropped : 0/50
AGG (7 ,0) PORT 3: Recv/Dropped : 0/44
AGG (7 ,0) PORT 4: Recv/Dropped : 0/96
AGG (7 ,0) PORT 5: Recv/Dropped : 0/83
AGG (7 ,0) PORT 6: Recv/Dropped : 0/104
AGG (7 ,0) PORT 7: Recv/Dropped : 0/87
AGG (7 ,1) PORT 0: Recv/Dropped : 0/70
AGG (7 ,1) PORT 1: Recv/Dropped : 0/59
AGG (7 ,1) PORT 2: Recv/Dropped : 0/69
AGG (7 ,1) PORT 3: Recv/Dropped : 0/50
AGG (7 ,1) PORT 4: Recv/Dropped : 0/100
AGG (7 ,1) PORT 5: Recv/Dropped : 0/78
AGG (7 ,1) PORT 6: Recv/Dropped : 0/76
AGG (7 ,1) PORT 7: Recv/Dropped : 0/86
AGG (7 ,2) PORT 0: Recv/Dropped : 0/54
AGG (7 ,2) PORT 1: Recv/Dropped : 0/54
AGG (7 ,2) PORT 2: Recv/Dropped : 0/64
AGG (7 ,2) PORT 3: Recv/Dropped : 0/76
AGG (7 ,2) PORT 4: Recv/Dropped : 0/109
AGG (7 ,2) PORT 5: Recv/Dropped : 0/81
AGG (7 ,2) PORT 6: Recv/Dropped : 0/85
AGG (7 ,2) PORT 7: Recv/Dropped : 0/106
AGG (7 ,3) PORT 0: Recv/Dropped : 0/62
AGG (7 ,3) PORT 1: Recv/Dropped : 0/65
AGG (7 ,3) PORT 2: Recv/Dropped : 0/60
AGG (7 ,3) PORT 3: Recv/Dropped : 0/61
AGG (7 ,3) PORT 4: Recv/Dropped : 0/109
AGG (7 ,3) PORT 5: Recv/Dropped : 0/88
AGG (7 ,3) PORT 6: Recv/Dropped : 0/99
AGG (7 ,3) PORT 7: Recv/Dropped : 0/74


TOTAL RECEIVED PACKETS = 59370
TOTAL DROPPED PACKETS = 180