QUEUE STATISTICS FOR EXPERIMENT 8825
---------------------------
 -- EDGE QUEUE STATISTICS --
EDGE (0 ,0) PORT 0: Recv/Dropped : 245/5818
EDGE (0 ,0) PORT 1: Recv/Dropped : 0/87
EDGE (0 ,0) PORT 2: Recv/Dropped : 0/67
EDGE (0 ,0) PORT 3: Recv/Dropped : 0/70
EDGE (0 ,0) PORT 4: Recv/Dropped : 0/991
EDGE (0 ,0) PORT 5: Recv/Dropped : 0/1041
EDGE (0 ,0) PORT 6: Recv/Dropped : 0/941
EDGE (0 ,0) PORT 7: Recv/Dropped : 0/918
EDGE (0 ,1) PORT 0: Recv/Dropped : 0/79
EDGE (0 ,1) PORT 1: Recv/Dropped : 0/71
EDGE (0 ,1) PORT 2: Recv/Dropped : 0/70
EDGE (0 ,1) PORT 3: Recv/Dropped : 0/88
EDGE (0 ,1) PORT 4: Recv/Dropped : 0/93
EDGE (0 ,1) PORT 5: Recv/Dropped : 0/93
EDGE (0 ,1) PORT 6: Recv/Dropped : 0/98
EDGE (0 ,1) PORT 7: Recv/Dropped : 0/105
EDGE (0 ,2) PORT 0: Recv/Dropped : 0/66
EDGE (0 ,2) PORT 1: Recv/Dropped : 0/66
EDGE (0 ,2) PORT 2: Recv/Dropped : 0/2
EDGE (0 ,2) PORT 3: Recv/Dropped : 0/3
EDGE (0 ,2) PORT 4: Recv/Dropped : 0/43
EDGE (0 ,2) PORT 5: Recv/Dropped : 0/63
EDGE (0 ,2) PORT 6: Recv/Dropped : 0/54
EDGE (0 ,2) PORT 7: Recv/Dropped : 0/48
EDGE (0 ,3) PORT 0: Recv/Dropped : 0/66
EDGE (0 ,3) PORT 1: Recv/Dropped : 0/2
EDGE (0 ,3) PORT 2: Recv/Dropped : 0/3
EDGE (0 ,3) PORT 3: Recv/Dropped : 0/2
EDGE (0 ,3) PORT 4: Recv/Dropped : 0/27
EDGE (0 ,3) PORT 5: Recv/Dropped : 0/33
EDGE (0 ,3) PORT 6: Recv/Dropped : 0/30
EDGE (0 ,3) PORT 7: Recv/Dropped : 0/23
EDGE (1 ,0) PORT 0: Recv/Dropped : 0/75
EDGE (1 ,0) PORT 1: Recv/Dropped : 0/70
EDGE (1 ,0) PORT 2: Recv/Dropped : 0/66
EDGE (1 ,0) PORT 3: Recv/Dropped : 0/84
EDGE (1 ,0) PORT 4: Recv/Dropped : 0/92
EDGE (1 ,0) PORT 5: Recv/Dropped : 0/111
EDGE (1 ,0) PORT 6: Recv/Dropped : 0/94
EDGE (1 ,0) PORT 7: Recv/Dropped : 0/99
EDGE (1 ,1) PORT 0: Recv/Dropped : 0/69
EDGE (1 ,1) PORT 1: Recv/Dropped : 0/70
EDGE (1 ,1) PORT 2: Recv/Dropped : 0/77
EDGE (1 ,1) PORT 3: Recv/Dropped : 0/70
EDGE (1 ,1) PORT 4: Recv/Dropped : 0/88
EDGE (1 ,1) PORT 5: Recv/Dropped : 0/97
EDGE (1 ,1) PORT 6: Recv/Dropped : 0/105
EDGE (1 ,1) PORT 7: Recv/Dropped : 0/104
EDGE (1 ,2) PORT 0: Recv/Dropped : 0/68
EDGE (1 ,2) PORT 1: Recv/Dropped : 0/65
EDGE (1 ,2) PORT 2: Recv/Dropped : 0/4
EDGE (1 ,2) PORT 3: Recv/Dropped : 0/65
EDGE (1 ,2) PORT 4: Recv/Dropped : 0/77
EDGE (1 ,2) PORT 5: Recv/Dropped : 0/72
EDGE (1 ,2) PORT 6: Recv/Dropped : 0/71
EDGE (1 ,2) PORT 7: Recv/Dropped : 0/82
EDGE (1 ,3) PORT 0: Recv/Dropped : 0/66
EDGE (1 ,3) PORT 1: Recv/Dropped : 0/2
EDGE (1 ,3) PORT 2: Recv/Dropped : 0/65
EDGE (1 ,3) PORT 3: Recv/Dropped : 0/2
EDGE (1 ,3) PORT 4: Recv/Dropped : 0/56
EDGE (1 ,3) PORT 5: Recv/Dropped : 0/43
EDGE (1 ,3) PORT 6: Recv/Dropped : 0/47
EDGE (1 ,3) PORT 7: Recv/Dropped : 0/59
EDGE (2 ,0) PORT 0: Recv/Dropped : 0/69
EDGE (2 ,0) PORT 1: Recv/Dropped : 0/69
EDGE (2 ,0) PORT 2: Recv/Dropped : 0/64
EDGE (2 ,0) PORT 3: Recv/Dropped : 0/2
EDGE (2 ,0) PORT 4: Recv/Dropped : 0/70
EDGE (2 ,0) PORT 5: Recv/Dropped : 0/84
EDGE (2 ,0) PORT 6: Recv/Dropped : 0/70
EDGE (2 ,0) PORT 7: Recv/Dropped : 0/75
EDGE (2 ,1) PORT 0: Recv/Dropped : 0/65
EDGE (2 ,1) PORT 1: Recv/Dropped : 0/76
EDGE (2 ,1) PORT 2: Recv/Dropped : 0/2
EDGE (2 ,1) PORT 3: Recv/Dropped : 0/65
EDGE (2 ,1) PORT 4: Recv/Dropped : 0/65
EDGE (2 ,1) PORT 5: Recv/Dropped : 0/77
EDGE (2 ,1) PORT 6: Recv/Dropped : 0/72
EDGE (2 ,1) PORT 7: Recv/Dropped : 0/84
EDGE (2 ,2) PORT 0: Recv/Dropped : 0/2
EDGE (2 ,2) PORT 1: Recv/Dropped : 0/2
EDGE (2 ,2) PORT 2: Recv/Dropped : 0/2
EDGE (2 ,2) PORT 3: Recv/Dropped : 0/65
EDGE (2 ,2) PORT 4: Recv/Dropped : 0/20
EDGE (2 ,2) PORT 5: Recv/Dropped : 0/27
EDGE (2 ,2) PORT 6: Recv/Dropped : 0/35
EDGE (2 ,2) PORT 7: Recv/Dropped : 0/31
EDGE (2 ,3) PORT 0: Recv/Dropped : 0/2
EDGE (2 ,3) PORT 1: Recv/Dropped : 0/64
EDGE (2 ,3) PORT 2: Recv/Dropped : 0/2
EDGE (2 ,3) PORT 3: Recv/Dropped : 0/2
EDGE (2 ,3) PORT 4: Recv/Dropped : 0/26
EDGE (2 ,3) PORT 5: Recv/Dropped : 0/32
EDGE (2 ,3) PORT 6: Recv/Dropped : 0/27
EDGE (2 ,3) PORT 7: Recv/Dropped : 0/29
EDGE (3 ,0) PORT 0: Recv/Dropped : 0/66
EDGE (3 ,0) PORT 1: Recv/Dropped : 0/2
EDGE (3 ,0) PORT 2: Recv/Dropped : 0/2
EDGE (3 ,0) PORT 3: Recv/Dropped : 0/64
EDGE (3 ,0) PORT 4: Recv/Dropped : 0/49
EDGE (3 ,0) PORT 5: Recv/Dropped : 0/60
EDGE (3 ,0) PORT 6: Recv/Dropped : 0/55
EDGE (3 ,0) PORT 7: Recv/Dropped : 0/41
EDGE (3 ,1) PORT 0: Recv/Dropped : 0/2
EDGE (3 ,1) PORT 1: Recv/Dropped : 0/2
EDGE (3 ,1) PORT 2: Recv/Dropped : 0/65
EDGE (3 ,1) PORT 3: Recv/Dropped : 0/65
EDGE (3 ,1) PORT 4: Recv/Dropped : 0/57
EDGE (3 ,1) PORT 5: Recv/Dropped : 0/48
EDGE (3 ,1) PORT 6: Recv/Dropped : 0/46
EDGE (3 ,1) PORT 7: Recv/Dropped : 0/53
EDGE (3 ,2) PORT 0: Recv/Dropped : 0/2
EDGE (3 ,2) PORT 1: Recv/Dropped : 0/66
EDGE (3 ,2) PORT 2: Recv/Dropped : 0/69
EDGE (3 ,2) PORT 3: Recv/Dropped : 0/65
EDGE (3 ,2) PORT 4: Recv/Dropped : 0/94
EDGE (3 ,2) PORT 5: Recv/Dropped : 0/62
EDGE (3 ,2) PORT 6: Recv/Dropped : 0/81
EDGE (3 ,2) PORT 7: Recv/Dropped : 0/65
EDGE (3 ,3) PORT 0: Recv/Dropped : 0/63
EDGE (3 ,3) PORT 1: Recv/Dropped : 0/4
EDGE (3 ,3) PORT 2: Recv/Dropped : 0/2
EDGE (3 ,3) PORT 3: Recv/Dropped : 0/72
EDGE (3 ,3) PORT 4: Recv/Dropped : 0/50
EDGE (3 ,3) PORT 5: Recv/Dropped : 0/52
EDGE (3 ,3) PORT 6: Recv/Dropped : 0/58
EDGE (3 ,3) PORT 7: Recv/Dropped : 0/49
EDGE (4 ,0) PORT 0: Recv/Dropped : 0/65
EDGE (4 ,0) PORT 1: Recv/Dropped : 0/2
EDGE (4 ,0) PORT 2: Recv/Dropped : 0/2
EDGE (4 ,0) PORT 3: Recv/Dropped : 0/69
EDGE (4 ,0) PORT 4: Recv/Dropped : 0/56
EDGE (4 ,0) PORT 5: Recv/Dropped : 0/58
EDGE (4 ,0) PORT 6: Recv/Dropped : 0/53
EDGE (4 ,0) PORT 7: Recv/Dropped : 0/42
EDGE (4 ,1) PORT 0: Recv/Dropped : 0/66
EDGE (4 ,1) PORT 1: Recv/Dropped : 0/2
EDGE (4 ,1) PORT 2: Recv/Dropped : 0/2
EDGE (4 ,1) PORT 3: Recv/Dropped : 0/2
EDGE (4 ,1) PORT 4: Recv/Dropped : 0/34
EDGE (4 ,1) PORT 5: Recv/Dropped : 0/30
EDGE (4 ,1) PORT 6: Recv/Dropped : 0/26
EDGE (4 ,1) PORT 7: Recv/Dropped : 0/24
EDGE (4 ,2) PORT 0: Recv/Dropped : 0/64
EDGE (4 ,2) PORT 1: Recv/Dropped : 0/2
EDGE (4 ,2) PORT 2: Recv/Dropped : 0/2
EDGE (4 ,2) PORT 3: Recv/Dropped : 0/2
EDGE (4 ,2) PORT 4: Recv/Dropped : 0/25
EDGE (4 ,2) PORT 5: Recv/Dropped : 0/25
EDGE (4 ,2) PORT 6: Recv/Dropped : 0/36
EDGE (4 ,2) PORT 7: Recv/Dropped : 0/28
EDGE (4 ,3) PORT 0: Recv/Dropped : 0/64
EDGE (4 ,3) PORT 1: Recv/Dropped : 0/2
EDGE (4 ,3) PORT 2: Recv/Dropped : 0/2
EDGE (4 ,3) PORT 3: Recv/Dropped : 0/2
EDGE (4 ,3) PORT 4: Recv/Dropped : 0/37
EDGE (4 ,3) PORT 5: Recv/Dropped : 0/24
EDGE (4 ,3) PORT 6: Recv/Dropped : 0/29
EDGE (4 ,3) PORT 7: Recv/Dropped : 0/23
EDGE (5 ,0) PORT 0: Recv/Dropped : 0/66
EDGE (5 ,0) PORT 1: Recv/Dropped : 0/66
EDGE (5 ,0) PORT 2: Recv/Dropped : 0/2
EDGE (5 ,0) PORT 3: Recv/Dropped : 0/2
EDGE (5 ,0) PORT 4: Recv/Dropped : 0/56
EDGE (5 ,0) PORT 5: Recv/Dropped : 0/51
EDGE (5 ,0) PORT 6: Recv/Dropped : 0/51
EDGE (5 ,0) PORT 7: Recv/Dropped : 0/51
EDGE (5 ,1) PORT 0: Recv/Dropped : 0/64
EDGE (5 ,1) PORT 1: Recv/Dropped : 0/2
EDGE (5 ,1) PORT 2: Recv/Dropped : 0/2
EDGE (5 ,1) PORT 3: Recv/Dropped : 0/65
EDGE (5 ,1) PORT 4: Recv/Dropped : 0/53
EDGE (5 ,1) PORT 5: Recv/Dropped : 0/51
EDGE (5 ,1) PORT 6: Recv/Dropped : 0/55
EDGE (5 ,1) PORT 7: Recv/Dropped : 0/50
EDGE (5 ,2) PORT 0: Recv/Dropped : 0/2
EDGE (5 ,2) PORT 1: Recv/Dropped : 0/3
EDGE (5 ,2) PORT 2: Recv/Dropped : 0/2
EDGE (5 ,2) PORT 3: Recv/Dropped : 0/63
EDGE (5 ,2) PORT 4: Recv/Dropped : 0/35
EDGE (5 ,2) PORT 5: Recv/Dropped : 0/32
EDGE (5 ,2) PORT 6: Recv/Dropped : 0/26
EDGE (5 ,2) PORT 7: Recv/Dropped : 0/21
EDGE (5 ,3) PORT 0: Recv/Dropped : 0/2
EDGE (5 ,3) PORT 1: Recv/Dropped : 0/2
EDGE (5 ,3) PORT 2: Recv/Dropped : 0/2
EDGE (5 ,3) PORT 3: Recv/Dropped : 0/2
EDGE (5 ,3) PORT 4: Recv/Dropped : 0/6
EDGE (5 ,3) PORT 5: Recv/Dropped : 0/7
EDGE (5 ,3) PORT 6: Recv/Dropped : 0/6
EDGE (5 ,3) PORT 7: Recv/Dropped : 0/1
EDGE (6 ,0) PORT 0: Recv/Dropped : 0/2
EDGE (6 ,0) PORT 1: Recv/Dropped : 0/2
EDGE (6 ,0) PORT 2: Recv/Dropped : 0/66
EDGE (6 ,0) PORT 3: Recv/Dropped : 0/2
EDGE (6 ,0) PORT 4: Recv/Dropped : 0/23
EDGE (6 ,0) PORT 5: Recv/Dropped : 0/26
EDGE (6 ,0) PORT 6: Recv/Dropped : 0/37
EDGE (6 ,0) PORT 7: Recv/Dropped : 0/26
EDGE (6 ,1) PORT 0: Recv/Dropped : 0/65
EDGE (6 ,1) PORT 1: Recv/Dropped : 0/64
EDGE (6 ,1) PORT 2: Recv/Dropped : 0/72
EDGE (6 ,1) PORT 3: Recv/Dropped : 0/3
EDGE (6 ,1) PORT 4: Recv/Dropped : 0/73
EDGE (6 ,1) PORT 5: Recv/Dropped : 0/82
EDGE (6 ,1) PORT 6: Recv/Dropped : 0/71
EDGE (6 ,1) PORT 7: Recv/Dropped : 0/77
EDGE (6 ,2) PORT 0: Recv/Dropped : 0/2
EDGE (6 ,2) PORT 1: Recv/Dropped : 0/2
EDGE (6 ,2) PORT 2: Recv/Dropped : 0/4
EDGE (6 ,2) PORT 3: Recv/Dropped : 0/63
EDGE (6 ,2) PORT 4: Recv/Dropped : 0/32
EDGE (6 ,2) PORT 5: Recv/Dropped : 0/26
EDGE (6 ,2) PORT 6: Recv/Dropped : 0/33
EDGE (6 ,2) PORT 7: Recv/Dropped : 0/23
EDGE (6 ,3) PORT 0: Recv/Dropped : 0/77
EDGE (6 ,3) PORT 1: Recv/Dropped : 0/2
EDGE (6 ,3) PORT 2: Recv/Dropped : 0/2
EDGE (6 ,3) PORT 3: Recv/Dropped : 0/2
EDGE (6 ,3) PORT 4: Recv/Dropped : 0/26
EDGE (6 ,3) PORT 5: Recv/Dropped : 0/20
EDGE (6 ,3) PORT 6: Recv/Dropped : 0/31
EDGE (6 ,3) PORT 7: Recv/Dropped : 0/36
EDGE (7 ,0) PORT 0: Recv/Dropped : 0/2
EDGE (7 ,0) PORT 1: Recv/Dropped : 0/2
EDGE (7 ,0) PORT 2: Recv/Dropped : 0/2
EDGE (7 ,0) PORT 3: Recv/Dropped : 0/65
EDGE (7 ,0) PORT 4: Recv/Dropped : 0/25
EDGE (7 ,0) PORT 5: Recv/Dropped : 0/34
EDGE (7 ,0) PORT 6: Recv/Dropped : 0/34
EDGE (7 ,0) PORT 7: Recv/Dropped : 0/22
EDGE (7 ,1) PORT 0: Recv/Dropped : 0/2
EDGE (7 ,1) PORT 1: Recv/Dropped : 0/2
EDGE (7 ,1) PORT 2: Recv/Dropped : 0/2
EDGE (7 ,1) PORT 3: Recv/Dropped : 0/4
EDGE (7 ,1) PORT 4: Recv/Dropped : 0/4
EDGE (7 ,1) PORT 5: Recv/Dropped : 0/3
EDGE (7 ,1) PORT 6: Recv/Dropped : 0/4
EDGE (7 ,1) PORT 7: Recv/Dropped : 0/9
EDGE (7 ,2) PORT 0: Recv/Dropped : 0/2
EDGE (7 ,2) PORT 1: Recv/Dropped : 0/2
EDGE (7 ,2) PORT 2: Recv/Dropped : 0/2
EDGE (7 ,2) PORT 3: Recv/Dropped : 0/4
EDGE (7 ,2) PORT 4: Recv/Dropped : 0/3
EDGE (7 ,2) PORT 5: Recv/Dropped : 0/10
EDGE (7 ,2) PORT 6: Recv/Dropped : 0/3
EDGE (7 ,2) PORT 7: Recv/Dropped : 0/4
EDGE (7 ,3) PORT 0: Recv/Dropped : 0/65
EDGE (7 ,3) PORT 1: Recv/Dropped : 0/2
EDGE (7 ,3) PORT 2: Recv/Dropped : 0/2
EDGE (7 ,3) PORT 3: Recv/Dropped : 0/4
EDGE (7 ,3) PORT 4: Recv/Dropped : 0/29
EDGE (7 ,3) PORT 5: Recv/Dropped : 0/28
EDGE (7 ,3) PORT 6: Recv/Dropped : 0/30
EDGE (7 ,3) PORT 7: Recv/Dropped : 0/28
 -- AGG QUEUE STATISTICS --
AGG (0 ,0) PORT 0: Recv/Dropped : 0/1424
AGG (0 ,0) PORT 1: Recv/Dropped : 0/1461
AGG (0 ,0) PORT 2: Recv/Dropped : 0/1468
AGG (0 ,0) PORT 3: Recv/Dropped : 0/1412
AGG (0 ,0) PORT 4: Recv/Dropped : 0/239
AGG (0 ,0) PORT 5: Recv/Dropped : 0/196
AGG (0 ,0) PORT 6: Recv/Dropped : 0/213
AGG (0 ,0) PORT 7: Recv/Dropped : 0/220
AGG (0 ,1) PORT 0: Recv/Dropped : 0/77
AGG (0 ,1) PORT 1: Recv/Dropped : 0/79
AGG (0 ,1) PORT 2: Recv/Dropped : 0/68
AGG (0 ,1) PORT 3: Recv/Dropped : 0/84
AGG (0 ,1) PORT 4: Recv/Dropped : 0/230
AGG (0 ,1) PORT 5: Recv/Dropped : 0/225
AGG (0 ,1) PORT 6: Recv/Dropped : 0/216
AGG (0 ,1) PORT 7: Recv/Dropped : 0/229
AGG (0 ,2) PORT 0: Recv/Dropped : 0/30
AGG (0 ,2) PORT 1: Recv/Dropped : 0/42
AGG (0 ,2) PORT 2: Recv/Dropped : 0/32
AGG (0 ,2) PORT 3: Recv/Dropped : 0/33
AGG (0 ,2) PORT 4: Recv/Dropped : 0/214
AGG (0 ,2) PORT 5: Recv/Dropped : 0/207
AGG (0 ,2) PORT 6: Recv/Dropped : 0/180
AGG (0 ,2) PORT 7: Recv/Dropped : 0/221
AGG (0 ,3) PORT 0: Recv/Dropped : 0/16
AGG (0 ,3) PORT 1: Recv/Dropped : 0/20
AGG (0 ,3) PORT 2: Recv/Dropped : 0/19
AGG (0 ,3) PORT 3: Recv/Dropped : 0/18
AGG (0 ,3) PORT 4: Recv/Dropped : 0/177
AGG (0 ,3) PORT 5: Recv/Dropped : 0/196
AGG (0 ,3) PORT 6: Recv/Dropped : 0/210
AGG (0 ,3) PORT 7: Recv/Dropped : 0/200
AGG (1 ,0) PORT 0: Recv/Dropped : 0/77
AGG (1 ,0) PORT 1: Recv/Dropped : 0/84
AGG (1 ,0) PORT 2: Recv/Dropped : 0/70
AGG (1 ,0) PORT 3: Recv/Dropped : 0/64
AGG (1 ,0) PORT 4: Recv/Dropped : 0/79
AGG (1 ,0) PORT 5: Recv/Dropped : 0/78
AGG (1 ,0) PORT 6: Recv/Dropped : 0/81
AGG (1 ,0) PORT 7: Recv/Dropped : 0/75
AGG (1 ,1) PORT 0: Recv/Dropped : 0/65
AGG (1 ,1) PORT 1: Recv/Dropped : 0/68
AGG (1 ,1) PORT 2: Recv/Dropped : 0/71
AGG (1 ,1) PORT 3: Recv/Dropped : 0/82
AGG (1 ,1) PORT 4: Recv/Dropped : 0/104
AGG (1 ,1) PORT 5: Recv/Dropped : 0/70
AGG (1 ,1) PORT 6: Recv/Dropped : 0/71
AGG (1 ,1) PORT 7: Recv/Dropped : 0/78
AGG (1 ,2) PORT 0: Recv/Dropped : 0/55
AGG (1 ,2) PORT 1: Recv/Dropped : 0/54
AGG (1 ,2) PORT 2: Recv/Dropped : 0/51
AGG (1 ,2) PORT 3: Recv/Dropped : 0/42
AGG (1 ,2) PORT 4: Recv/Dropped : 0/67
AGG (1 ,2) PORT 5: Recv/Dropped : 0/94
AGG (1 ,2) PORT 6: Recv/Dropped : 0/70
AGG (1 ,2) PORT 7: Recv/Dropped : 0/86
AGG (1 ,3) PORT 0: Recv/Dropped : 0/33
AGG (1 ,3) PORT 1: Recv/Dropped : 0/46
AGG (1 ,3) PORT 2: Recv/Dropped : 0/30
AGG (1 ,3) PORT 3: Recv/Dropped : 0/26
AGG (1 ,3) PORT 4: Recv/Dropped : 0/77
AGG (1 ,3) PORT 5: Recv/Dropped : 0/102
AGG (1 ,3) PORT 6: Recv/Dropped : 0/89
AGG (1 ,3) PORT 7: Recv/Dropped : 0/76
AGG (2 ,0) PORT 0: Recv/Dropped : 0/57
AGG (2 ,0) PORT 1: Recv/Dropped : 0/50
AGG (2 ,0) PORT 2: Recv/Dropped : 0/45
AGG (2 ,0) PORT 3: Recv/Dropped : 0/52
AGG (2 ,0) PORT 4: Recv/Dropped : 0/51
AGG (2 ,0) PORT 5: Recv/Dropped : 0/34
AGG (2 ,0) PORT 6: Recv/Dropped : 0/46
AGG (2 ,0) PORT 7: Recv/Dropped : 0/50
AGG (2 ,1) PORT 0: Recv/Dropped : 0/57
AGG (2 ,1) PORT 1: Recv/Dropped : 0/61
AGG (2 ,1) PORT 2: Recv/Dropped : 0/47
AGG (2 ,1) PORT 3: Recv/Dropped : 0/43
AGG (2 ,1) PORT 4: Recv/Dropped : 0/57
AGG (2 ,1) PORT 5: Recv/Dropped : 0/53
AGG (2 ,1) PORT 6: Recv/Dropped : 0/52
AGG (2 ,1) PORT 7: Recv/Dropped : 0/58
AGG (2 ,2) PORT 0: Recv/Dropped : 0/24
AGG (2 ,2) PORT 1: Recv/Dropped : 0/19
AGG (2 ,2) PORT 2: Recv/Dropped : 0/9
AGG (2 ,2) PORT 3: Recv/Dropped : 0/19
AGG (2 ,2) PORT 4: Recv/Dropped : 0/52
AGG (2 ,2) PORT 5: Recv/Dropped : 0/48
AGG (2 ,2) PORT 6: Recv/Dropped : 0/55
AGG (2 ,2) PORT 7: Recv/Dropped : 0/49
AGG (2 ,3) PORT 0: Recv/Dropped : 0/16
AGG (2 ,3) PORT 1: Recv/Dropped : 0/17
AGG (2 ,3) PORT 2: Recv/Dropped : 0/20
AGG (2 ,3) PORT 3: Recv/Dropped : 0/17
AGG (2 ,3) PORT 4: Recv/Dropped : 0/62
AGG (2 ,3) PORT 5: Recv/Dropped : 0/57
AGG (2 ,3) PORT 6: Recv/Dropped : 0/57
AGG (2 ,3) PORT 7: Recv/Dropped : 0/43
AGG (3 ,0) PORT 0: Recv/Dropped : 0/34
AGG (3 ,0) PORT 1: Recv/Dropped : 0/32
AGG (3 ,0) PORT 2: Recv/Dropped : 0/35
AGG (3 ,0) PORT 3: Recv/Dropped : 0/33
AGG (3 ,0) PORT 4: Recv/Dropped : 0/71
AGG (3 ,0) PORT 5: Recv/Dropped : 0/56
AGG (3 ,0) PORT 6: Recv/Dropped : 0/55
AGG (3 ,0) PORT 7: Recv/Dropped : 0/68
AGG (3 ,1) PORT 0: Recv/Dropped : 0/35
AGG (3 ,1) PORT 1: Recv/Dropped : 0/32
AGG (3 ,1) PORT 2: Recv/Dropped : 0/34
AGG (3 ,1) PORT 3: Recv/Dropped : 0/33
AGG (3 ,1) PORT 4: Recv/Dropped : 0/56
AGG (3 ,1) PORT 5: Recv/Dropped : 0/55
AGG (3 ,1) PORT 6: Recv/Dropped : 0/52
AGG (3 ,1) PORT 7: Recv/Dropped : 0/59
AGG (3 ,2) PORT 0: Recv/Dropped : 0/50
AGG (3 ,2) PORT 1: Recv/Dropped : 0/59
AGG (3 ,2) PORT 2: Recv/Dropped : 0/52
AGG (3 ,2) PORT 3: Recv/Dropped : 0/41
AGG (3 ,2) PORT 4: Recv/Dropped : 0/61
AGG (3 ,2) PORT 5: Recv/Dropped : 0/53
AGG (3 ,2) PORT 6: Recv/Dropped : 0/61
AGG (3 ,2) PORT 7: Recv/Dropped : 0/65
AGG (3 ,3) PORT 0: Recv/Dropped : 0/26
AGG (3 ,3) PORT 1: Recv/Dropped : 0/57
AGG (3 ,3) PORT 2: Recv/Dropped : 0/23
AGG (3 ,3) PORT 3: Recv/Dropped : 0/35
AGG (3 ,3) PORT 4: Recv/Dropped : 0/47
AGG (3 ,3) PORT 5: Recv/Dropped : 0/55
AGG (3 ,3) PORT 6: Recv/Dropped : 0/60
AGG (3 ,3) PORT 7: Recv/Dropped : 0/46
AGG (4 ,0) PORT 0: Recv/Dropped : 0/34
AGG (4 ,0) PORT 1: Recv/Dropped : 0/30
AGG (4 ,0) PORT 2: Recv/Dropped : 0/42
AGG (4 ,0) PORT 3: Recv/Dropped : 0/32
AGG (4 ,0) PORT 4: Recv/Dropped : 0/41
AGG (4 ,0) PORT 5: Recv/Dropped : 0/38
AGG (4 ,0) PORT 6: Recv/Dropped : 0/38
AGG (4 ,0) PORT 7: Recv/Dropped : 0/35
AGG (4 ,1) PORT 0: Recv/Dropped : 0/21
AGG (4 ,1) PORT 1: Recv/Dropped : 0/17
AGG (4 ,1) PORT 2: Recv/Dropped : 0/16
AGG (4 ,1) PORT 3: Recv/Dropped : 0/18
AGG (4 ,1) PORT 4: Recv/Dropped : 0/40
AGG (4 ,1) PORT 5: Recv/Dropped : 0/34
AGG (4 ,1) PORT 6: Recv/Dropped : 0/25
AGG (4 ,1) PORT 7: Recv/Dropped : 0/38
AGG (4 ,2) PORT 0: Recv/Dropped : 0/12
AGG (4 ,2) PORT 1: Recv/Dropped : 0/17
AGG (4 ,2) PORT 2: Recv/Dropped : 0/22
AGG (4 ,2) PORT 3: Recv/Dropped : 0/19
AGG (4 ,2) PORT 4: Recv/Dropped : 0/35
AGG (4 ,2) PORT 5: Recv/Dropped : 0/30
AGG (4 ,2) PORT 6: Recv/Dropped : 0/42
AGG (4 ,2) PORT 7: Recv/Dropped : 0/37
AGG (4 ,3) PORT 0: Recv/Dropped : 0/19
AGG (4 ,3) PORT 1: Recv/Dropped : 0/21
AGG (4 ,3) PORT 2: Recv/Dropped : 0/18
AGG (4 ,3) PORT 3: Recv/Dropped : 0/12
AGG (4 ,3) PORT 4: Recv/Dropped : 0/38
AGG (4 ,3) PORT 5: Recv/Dropped : 0/32
AGG (4 ,3) PORT 6: Recv/Dropped : 0/23
AGG (4 ,3) PORT 7: Recv/Dropped : 0/24
AGG (5 ,0) PORT 0: Recv/Dropped : 0/39
AGG (5 ,0) PORT 1: Recv/Dropped : 0/29
AGG (5 ,0) PORT 2: Recv/Dropped : 0/40
AGG (5 ,0) PORT 3: Recv/Dropped : 0/28
AGG (5 ,0) PORT 4: Recv/Dropped : 0/39
AGG (5 ,0) PORT 5: Recv/Dropped : 0/44
AGG (5 ,0) PORT 6: Recv/Dropped : 0/27
AGG (5 ,0) PORT 7: Recv/Dropped : 0/40
AGG (5 ,1) PORT 0: Recv/Dropped : 0/40
AGG (5 ,1) PORT 1: Recv/Dropped : 0/37
AGG (5 ,1) PORT 2: Recv/Dropped : 0/24
AGG (5 ,1) PORT 3: Recv/Dropped : 0/32
AGG (5 ,1) PORT 4: Recv/Dropped : 0/32
AGG (5 ,1) PORT 5: Recv/Dropped : 0/45
AGG (5 ,1) PORT 6: Recv/Dropped : 0/42
AGG (5 ,1) PORT 7: Recv/Dropped : 0/22
AGG (5 ,2) PORT 0: Recv/Dropped : 0/20
AGG (5 ,2) PORT 1: Recv/Dropped : 0/23
AGG (5 ,2) PORT 2: Recv/Dropped : 0/15
AGG (5 ,2) PORT 3: Recv/Dropped : 0/12
AGG (5 ,2) PORT 4: Recv/Dropped : 0/40
AGG (5 ,2) PORT 5: Recv/Dropped : 0/37
AGG (5 ,2) PORT 6: Recv/Dropped : 0/31
AGG (5 ,2) PORT 7: Recv/Dropped : 0/30
AGG (5 ,3) PORT 0: Recv/Dropped : 0/3
AGG (5 ,3) PORT 1: Recv/Dropped : 0/1
AGG (5 ,3) PORT 2: Recv/Dropped : 0/3
AGG (5 ,3) PORT 3: Recv/Dropped : 0/1
AGG (5 ,3) PORT 4: Recv/Dropped : 0/29
AGG (5 ,3) PORT 5: Recv/Dropped : 0/37
AGG (5 ,3) PORT 6: Recv/Dropped : 0/24
AGG (5 ,3) PORT 7: Recv/Dropped : 0/33
AGG (6 ,0) PORT 0: Recv/Dropped : 0/18
AGG (6 ,0) PORT 1: Recv/Dropped : 0/16
AGG (6 ,0) PORT 2: Recv/Dropped : 0/19
AGG (6 ,0) PORT 3: Recv/Dropped : 0/19
AGG (6 ,0) PORT 4: Recv/Dropped : 0/29
AGG (6 ,0) PORT 5: Recv/Dropped : 0/44
AGG (6 ,0) PORT 6: Recv/Dropped : 0/35
AGG (6 ,0) PORT 7: Recv/Dropped : 0/46
AGG (6 ,1) PORT 0: Recv/Dropped : 0/51
AGG (6 ,1) PORT 1: Recv/Dropped : 0/56
AGG (6 ,1) PORT 2: Recv/Dropped : 0/49
AGG (6 ,1) PORT 3: Recv/Dropped : 0/48
AGG (6 ,1) PORT 4: Recv/Dropped : 0/29
AGG (6 ,1) PORT 5: Recv/Dropped : 0/36
AGG (6 ,1) PORT 6: Recv/Dropped : 0/42
AGG (6 ,1) PORT 7: Recv/Dropped : 0/47
AGG (6 ,2) PORT 0: Recv/Dropped : 0/20
AGG (6 ,2) PORT 1: Recv/Dropped : 0/17
AGG (6 ,2) PORT 2: Recv/Dropped : 0/14
AGG (6 ,2) PORT 3: Recv/Dropped : 0/20
AGG (6 ,2) PORT 4: Recv/Dropped : 0/38
AGG (6 ,2) PORT 5: Recv/Dropped : 0/46
AGG (6 ,2) PORT 6: Recv/Dropped : 0/45
AGG (6 ,2) PORT 7: Recv/Dropped : 0/43
AGG (6 ,3) PORT 0: Recv/Dropped : 0/25
AGG (6 ,3) PORT 1: Recv/Dropped : 0/15
AGG (6 ,3) PORT 2: Recv/Dropped : 0/26
AGG (6 ,3) PORT 3: Recv/Dropped : 0/17
AGG (6 ,3) PORT 4: Recv/Dropped : 0/40
AGG (6 ,3) PORT 5: Recv/Dropped : 0/46
AGG (6 ,3) PORT 6: Recv/Dropped : 0/39
AGG (6 ,3) PORT 7: Recv/Dropped : 0/37
AGG (7 ,0) PORT 0: Recv/Dropped : 0/15
AGG (7 ,0) PORT 1: Recv/Dropped : 0/21
AGG (7 ,0) PORT 2: Recv/Dropped : 0/18
AGG (7 ,0) PORT 3: Recv/Dropped : 0/17
AGG (7 ,0) PORT 4: Recv/Dropped : 0/18
AGG (7 ,0) PORT 5: Recv/Dropped : 0/16
AGG (7 ,0) PORT 6: Recv/Dropped : 0/19
AGG (7 ,0) PORT 7: Recv/Dropped : 0/8
AGG (7 ,1) PORT 0: Recv/Dropped : 0/1
AGG (7 ,1) PORT 1: Recv/Dropped : 0/3
AGG (7 ,1) PORT 2: Recv/Dropped : 0/5
AGG (7 ,1) PORT 3: Recv/Dropped : 0/1
AGG (7 ,1) PORT 4: Recv/Dropped : 0/24
AGG (7 ,1) PORT 5: Recv/Dropped : 0/15
AGG (7 ,1) PORT 6: Recv/Dropped : 0/12
AGG (7 ,1) PORT 7: Recv/Dropped : 0/24
AGG (7 ,2) PORT 0: Recv/Dropped : 0/1
AGG (7 ,2) PORT 1: Recv/Dropped : 0/4
AGG (7 ,2) PORT 2: Recv/Dropped : 0/3
AGG (7 ,2) PORT 3: Recv/Dropped : 0/2
AGG (7 ,2) PORT 4: Recv/Dropped : 0/21
AGG (7 ,2) PORT 5: Recv/Dropped : 0/20
AGG (7 ,2) PORT 6: Recv/Dropped : 0/12
AGG (7 ,2) PORT 7: Recv/Dropped : 0/18
AGG (7 ,3) PORT 0: Recv/Dropped : 0/20
AGG (7 ,3) PORT 1: Recv/Dropped : 0/14
AGG (7 ,3) PORT 2: Recv/Dropped : 0/21
AGG (7 ,3) PORT 3: Recv/Dropped : 0/18
AGG (7 ,3) PORT 4: Recv/Dropped : 0/24
AGG (7 ,3) PORT 5: Recv/Dropped : 0/14
AGG (7 ,3) PORT 6: Recv/Dropped : 0/17
AGG (7 ,3) PORT 7: Recv/Dropped : 0/8


TOTAL RECEIVED PACKETS = 37673
TOTAL DROPPED PACKETS = 245