QUEUE STATISTICS FOR EXPERIMENT 3229
---------------------------
 -- EDGE QUEUE STATISTICS --
EDGE (0 ,0) PORT 0: Recv/Dropped : 220/9882
EDGE (0 ,0) PORT 1: Recv/Dropped : 0/68
EDGE (0 ,0) PORT 2: Recv/Dropped : 0/68
EDGE (0 ,0) PORT 3: Recv/Dropped : 0/67
EDGE (0 ,0) PORT 4: Recv/Dropped : 0/1873
EDGE (0 ,0) PORT 5: Recv/Dropped : 0/1543
EDGE (0 ,0) PORT 6: Recv/Dropped : 0/1248
EDGE (0 ,0) PORT 7: Recv/Dropped : 0/1728
EDGE (0 ,1) PORT 0: Recv/Dropped : 0/65
EDGE (0 ,1) PORT 1: Recv/Dropped : 0/66
EDGE (0 ,1) PORT 2: Recv/Dropped : 0/62
EDGE (0 ,1) PORT 3: Recv/Dropped : 0/62
EDGE (0 ,1) PORT 4: Recv/Dropped : 0/198
EDGE (0 ,1) PORT 5: Recv/Dropped : 0/100
EDGE (0 ,1) PORT 6: Recv/Dropped : 0/96
EDGE (0 ,1) PORT 7: Recv/Dropped : 0/0
EDGE (0 ,2) PORT 0: Recv/Dropped : 0/68
EDGE (0 ,2) PORT 1: Recv/Dropped : 0/62
EDGE (0 ,2) PORT 2: Recv/Dropped : 0/62
EDGE (0 ,2) PORT 3: Recv/Dropped : 0/64
EDGE (0 ,2) PORT 4: Recv/Dropped : 0/193
EDGE (0 ,2) PORT 5: Recv/Dropped : 0/196
EDGE (0 ,2) PORT 6: Recv/Dropped : 0/0
EDGE (0 ,2) PORT 7: Recv/Dropped : 0/0
EDGE (0 ,3) PORT 0: Recv/Dropped : 0/64
EDGE (0 ,3) PORT 1: Recv/Dropped : 0/62
EDGE (0 ,3) PORT 2: Recv/Dropped : 0/64
EDGE (0 ,3) PORT 3: Recv/Dropped : 0/65
EDGE (0 ,3) PORT 4: Recv/Dropped : 0/97
EDGE (0 ,3) PORT 5: Recv/Dropped : 0/197
EDGE (0 ,3) PORT 6: Recv/Dropped : 0/0
EDGE (0 ,3) PORT 7: Recv/Dropped : 0/100
EDGE (1 ,0) PORT 0: Recv/Dropped : 0/64
EDGE (1 ,0) PORT 1: Recv/Dropped : 0/64
EDGE (1 ,0) PORT 2: Recv/Dropped : 0/64
EDGE (1 ,0) PORT 3: Recv/Dropped : 0/64
EDGE (1 ,0) PORT 4: Recv/Dropped : 0/195
EDGE (1 ,0) PORT 5: Recv/Dropped : 0/0
EDGE (1 ,0) PORT 6: Recv/Dropped : 0/98
EDGE (1 ,0) PORT 7: Recv/Dropped : 0/97
EDGE (1 ,1) PORT 0: Recv/Dropped : 0/65
EDGE (1 ,1) PORT 1: Recv/Dropped : 0/64
EDGE (1 ,1) PORT 2: Recv/Dropped : 0/63
EDGE (1 ,1) PORT 3: Recv/Dropped : 0/63
EDGE (1 ,1) PORT 4: Recv/Dropped : 0/0
EDGE (1 ,1) PORT 5: Recv/Dropped : 0/293
EDGE (1 ,1) PORT 6: Recv/Dropped : 0/98
EDGE (1 ,1) PORT 7: Recv/Dropped : 0/0
EDGE (1 ,2) PORT 0: Recv/Dropped : 0/65
EDGE (1 ,2) PORT 1: Recv/Dropped : 0/62
EDGE (1 ,2) PORT 2: Recv/Dropped : 0/63
EDGE (1 ,2) PORT 3: Recv/Dropped : 0/64
EDGE (1 ,2) PORT 4: Recv/Dropped : 0/0
EDGE (1 ,2) PORT 5: Recv/Dropped : 0/97
EDGE (1 ,2) PORT 6: Recv/Dropped : 0/97
EDGE (1 ,2) PORT 7: Recv/Dropped : 0/198
EDGE (1 ,3) PORT 0: Recv/Dropped : 0/64
EDGE (1 ,3) PORT 1: Recv/Dropped : 0/66
EDGE (1 ,3) PORT 2: Recv/Dropped : 0/62
EDGE (1 ,3) PORT 3: Recv/Dropped : 0/64
EDGE (1 ,3) PORT 4: Recv/Dropped : 0/97
EDGE (1 ,3) PORT 5: Recv/Dropped : 0/196
EDGE (1 ,3) PORT 6: Recv/Dropped : 0/97
EDGE (1 ,3) PORT 7: Recv/Dropped : 0/0
EDGE (2 ,0) PORT 0: Recv/Dropped : 0/66
EDGE (2 ,0) PORT 1: Recv/Dropped : 0/66
EDGE (2 ,0) PORT 2: Recv/Dropped : 0/66
EDGE (2 ,0) PORT 3: Recv/Dropped : 0/62
EDGE (2 ,0) PORT 4: Recv/Dropped : 0/97
EDGE (2 ,0) PORT 5: Recv/Dropped : 0/96
EDGE (2 ,0) PORT 6: Recv/Dropped : 0/0
EDGE (2 ,0) PORT 7: Recv/Dropped : 0/200
EDGE (2 ,1) PORT 0: Recv/Dropped : 0/65
EDGE (2 ,1) PORT 1: Recv/Dropped : 0/64
EDGE (2 ,1) PORT 2: Recv/Dropped : 0/62
EDGE (2 ,1) PORT 3: Recv/Dropped : 0/63
EDGE (2 ,1) PORT 4: Recv/Dropped : 0/0
EDGE (2 ,1) PORT 5: Recv/Dropped : 0/0
EDGE (2 ,1) PORT 6: Recv/Dropped : 0/97
EDGE (2 ,1) PORT 7: Recv/Dropped : 0/291
EDGE (2 ,2) PORT 0: Recv/Dropped : 0/63
EDGE (2 ,2) PORT 1: Recv/Dropped : 0/64
EDGE (2 ,2) PORT 2: Recv/Dropped : 0/64
EDGE (2 ,2) PORT 3: Recv/Dropped : 0/2
EDGE (2 ,2) PORT 4: Recv/Dropped : 0/104
EDGE (2 ,2) PORT 5: Recv/Dropped : 0/0
EDGE (2 ,2) PORT 6: Recv/Dropped : 0/196
EDGE (2 ,2) PORT 7: Recv/Dropped : 0/0
EDGE (2 ,3) PORT 0: Recv/Dropped : 0/64
EDGE (2 ,3) PORT 1: Recv/Dropped : 0/64
EDGE (2 ,3) PORT 2: Recv/Dropped : 0/64
EDGE (2 ,3) PORT 3: Recv/Dropped : 0/2
EDGE (2 ,3) PORT 4: Recv/Dropped : 0/100
EDGE (2 ,3) PORT 5: Recv/Dropped : 0/4
EDGE (2 ,3) PORT 6: Recv/Dropped : 0/100
EDGE (2 ,3) PORT 7: Recv/Dropped : 0/97
EDGE (3 ,0) PORT 0: Recv/Dropped : 0/64
EDGE (3 ,0) PORT 1: Recv/Dropped : 0/64
EDGE (3 ,0) PORT 2: Recv/Dropped : 0/65
EDGE (3 ,0) PORT 3: Recv/Dropped : 0/62
EDGE (3 ,0) PORT 4: Recv/Dropped : 0/0
EDGE (3 ,0) PORT 5: Recv/Dropped : 0/98
EDGE (3 ,0) PORT 6: Recv/Dropped : 0/0
EDGE (3 ,0) PORT 7: Recv/Dropped : 0/290
EDGE (3 ,1) PORT 0: Recv/Dropped : 0/64
EDGE (3 ,1) PORT 1: Recv/Dropped : 0/62
EDGE (3 ,1) PORT 2: Recv/Dropped : 0/63
EDGE (3 ,1) PORT 3: Recv/Dropped : 0/63
EDGE (3 ,1) PORT 4: Recv/Dropped : 0/99
EDGE (3 ,1) PORT 5: Recv/Dropped : 0/0
EDGE (3 ,1) PORT 6: Recv/Dropped : 0/291
EDGE (3 ,1) PORT 7: Recv/Dropped : 0/0
EDGE (3 ,2) PORT 0: Recv/Dropped : 0/62
EDGE (3 ,2) PORT 1: Recv/Dropped : 0/64
EDGE (3 ,2) PORT 2: Recv/Dropped : 0/64
EDGE (3 ,2) PORT 3: Recv/Dropped : 0/63
EDGE (3 ,2) PORT 4: Recv/Dropped : 0/0
EDGE (3 ,2) PORT 5: Recv/Dropped : 0/0
EDGE (3 ,2) PORT 6: Recv/Dropped : 0/196
EDGE (3 ,2) PORT 7: Recv/Dropped : 0/196
EDGE (3 ,3) PORT 0: Recv/Dropped : 0/64
EDGE (3 ,3) PORT 1: Recv/Dropped : 0/73
EDGE (3 ,3) PORT 2: Recv/Dropped : 0/2
EDGE (3 ,3) PORT 3: Recv/Dropped : 0/73
EDGE (3 ,3) PORT 4: Recv/Dropped : 0/0
EDGE (3 ,3) PORT 5: Recv/Dropped : 0/97
EDGE (3 ,3) PORT 6: Recv/Dropped : 0/198
EDGE (3 ,3) PORT 7: Recv/Dropped : 0/0
EDGE (4 ,0) PORT 0: Recv/Dropped : 0/64
EDGE (4 ,0) PORT 1: Recv/Dropped : 0/65
EDGE (4 ,0) PORT 2: Recv/Dropped : 0/62
EDGE (4 ,0) PORT 3: Recv/Dropped : 0/2
EDGE (4 ,0) PORT 4: Recv/Dropped : 0/101
EDGE (4 ,0) PORT 5: Recv/Dropped : 0/96
EDGE (4 ,0) PORT 6: Recv/Dropped : 0/0
EDGE (4 ,0) PORT 7: Recv/Dropped : 0/97
EDGE (4 ,1) PORT 0: Recv/Dropped : 0/66
EDGE (4 ,1) PORT 1: Recv/Dropped : 0/2
EDGE (4 ,1) PORT 2: Recv/Dropped : 0/64
EDGE (4 ,1) PORT 3: Recv/Dropped : 0/2
EDGE (4 ,1) PORT 4: Recv/Dropped : 0/4
EDGE (4 ,1) PORT 5: Recv/Dropped : 0/0
EDGE (4 ,1) PORT 6: Recv/Dropped : 0/104
EDGE (4 ,1) PORT 7: Recv/Dropped : 0/97
EDGE (4 ,2) PORT 0: Recv/Dropped : 0/2
EDGE (4 ,2) PORT 1: Recv/Dropped : 0/64
EDGE (4 ,2) PORT 2: Recv/Dropped : 0/2
EDGE (4 ,2) PORT 3: Recv/Dropped : 0/2
EDGE (4 ,2) PORT 4: Recv/Dropped : 0/8
EDGE (4 ,2) PORT 5: Recv/Dropped : 0/4
EDGE (4 ,2) PORT 6: Recv/Dropped : 0/0
EDGE (4 ,2) PORT 7: Recv/Dropped : 0/97
EDGE (4 ,3) PORT 0: Recv/Dropped : 0/63
EDGE (4 ,3) PORT 1: Recv/Dropped : 0/63
EDGE (4 ,3) PORT 2: Recv/Dropped : 0/63
EDGE (4 ,3) PORT 3: Recv/Dropped : 0/2
EDGE (4 ,3) PORT 4: Recv/Dropped : 0/103
EDGE (4 ,3) PORT 5: Recv/Dropped : 0/0
EDGE (4 ,3) PORT 6: Recv/Dropped : 0/99
EDGE (4 ,3) PORT 7: Recv/Dropped : 0/99
EDGE (5 ,0) PORT 0: Recv/Dropped : 0/62
EDGE (5 ,0) PORT 1: Recv/Dropped : 0/64
EDGE (5 ,0) PORT 2: Recv/Dropped : 0/63
EDGE (5 ,0) PORT 3: Recv/Dropped : 0/63
EDGE (5 ,0) PORT 4: Recv/Dropped : 0/99
EDGE (5 ,0) PORT 5: Recv/Dropped : 0/195
EDGE (5 ,0) PORT 6: Recv/Dropped : 0/96
EDGE (5 ,0) PORT 7: Recv/Dropped : 0/0
EDGE (5 ,1) PORT 0: Recv/Dropped : 0/63
EDGE (5 ,1) PORT 1: Recv/Dropped : 0/2
EDGE (5 ,1) PORT 2: Recv/Dropped : 0/2
EDGE (5 ,1) PORT 3: Recv/Dropped : 0/63
EDGE (5 ,1) PORT 4: Recv/Dropped : 0/4
EDGE (5 ,1) PORT 5: Recv/Dropped : 0/99
EDGE (5 ,1) PORT 6: Recv/Dropped : 0/0
EDGE (5 ,1) PORT 7: Recv/Dropped : 0/102
EDGE (5 ,2) PORT 0: Recv/Dropped : 0/63
EDGE (5 ,2) PORT 1: Recv/Dropped : 0/63
EDGE (5 ,2) PORT 2: Recv/Dropped : 0/63
EDGE (5 ,2) PORT 3: Recv/Dropped : 0/63
EDGE (5 ,2) PORT 4: Recv/Dropped : 0/0
EDGE (5 ,2) PORT 5: Recv/Dropped : 0/99
EDGE (5 ,2) PORT 6: Recv/Dropped : 0/198
EDGE (5 ,2) PORT 7: Recv/Dropped : 0/99
EDGE (5 ,3) PORT 0: Recv/Dropped : 0/73
EDGE (5 ,3) PORT 1: Recv/Dropped : 0/63
EDGE (5 ,3) PORT 2: Recv/Dropped : 0/63
EDGE (5 ,3) PORT 3: Recv/Dropped : 0/63
EDGE (5 ,3) PORT 4: Recv/Dropped : 0/0
EDGE (5 ,3) PORT 5: Recv/Dropped : 0/99
EDGE (5 ,3) PORT 6: Recv/Dropped : 0/295
EDGE (5 ,3) PORT 7: Recv/Dropped : 0/0
EDGE (6 ,0) PORT 0: Recv/Dropped : 0/2
EDGE (6 ,0) PORT 1: Recv/Dropped : 0/72
EDGE (6 ,0) PORT 2: Recv/Dropped : 0/63
EDGE (6 ,0) PORT 3: Recv/Dropped : 0/2
EDGE (6 ,0) PORT 4: Recv/Dropped : 0/4
EDGE (6 ,0) PORT 5: Recv/Dropped : 0/100
EDGE (6 ,0) PORT 6: Recv/Dropped : 0/99
EDGE (6 ,0) PORT 7: Recv/Dropped : 0/0
EDGE (6 ,1) PORT 0: Recv/Dropped : 0/64
EDGE (6 ,1) PORT 1: Recv/Dropped : 0/63
EDGE (6 ,1) PORT 2: Recv/Dropped : 0/63
EDGE (6 ,1) PORT 3: Recv/Dropped : 0/63
EDGE (6 ,1) PORT 4: Recv/Dropped : 0/99
EDGE (6 ,1) PORT 5: Recv/Dropped : 0/198
EDGE (6 ,1) PORT 6: Recv/Dropped : 0/0
EDGE (6 ,1) PORT 7: Recv/Dropped : 0/97
EDGE (6 ,2) PORT 0: Recv/Dropped : 0/2
EDGE (6 ,2) PORT 1: Recv/Dropped : 0/2
EDGE (6 ,2) PORT 2: Recv/Dropped : 0/2
EDGE (6 ,2) PORT 3: Recv/Dropped : 0/63
EDGE (6 ,2) PORT 4: Recv/Dropped : 0/4
EDGE (6 ,2) PORT 5: Recv/Dropped : 0/103
EDGE (6 ,2) PORT 6: Recv/Dropped : 0/0
EDGE (6 ,2) PORT 7: Recv/Dropped : 0/4
EDGE (6 ,3) PORT 0: Recv/Dropped : 0/63
EDGE (6 ,3) PORT 1: Recv/Dropped : 0/2
EDGE (6 ,3) PORT 2: Recv/Dropped : 0/63
EDGE (6 ,3) PORT 3: Recv/Dropped : 0/2
EDGE (6 ,3) PORT 4: Recv/Dropped : 0/0
EDGE (6 ,3) PORT 5: Recv/Dropped : 0/4
EDGE (6 ,3) PORT 6: Recv/Dropped : 0/99
EDGE (6 ,3) PORT 7: Recv/Dropped : 0/103
EDGE (7 ,0) PORT 0: Recv/Dropped : 0/63
EDGE (7 ,0) PORT 1: Recv/Dropped : 0/73
EDGE (7 ,0) PORT 2: Recv/Dropped : 0/63
EDGE (7 ,0) PORT 3: Recv/Dropped : 0/2
EDGE (7 ,0) PORT 4: Recv/Dropped : 0/99
EDGE (7 ,0) PORT 5: Recv/Dropped : 0/0
EDGE (7 ,0) PORT 6: Recv/Dropped : 0/97
EDGE (7 ,0) PORT 7: Recv/Dropped : 0/103
EDGE (7 ,1) PORT 0: Recv/Dropped : 0/63
EDGE (7 ,1) PORT 1: Recv/Dropped : 0/63
EDGE (7 ,1) PORT 2: Recv/Dropped : 0/63
EDGE (7 ,1) PORT 3: Recv/Dropped : 0/4
EDGE (7 ,1) PORT 4: Recv/Dropped : 0/202
EDGE (7 ,1) PORT 5: Recv/Dropped : 0/0
EDGE (7 ,1) PORT 6: Recv/Dropped : 0/0
EDGE (7 ,1) PORT 7: Recv/Dropped : 0/99
EDGE (7 ,2) PORT 0: Recv/Dropped : 0/63
EDGE (7 ,2) PORT 1: Recv/Dropped : 0/4
EDGE (7 ,2) PORT 2: Recv/Dropped : 0/63
EDGE (7 ,2) PORT 3: Recv/Dropped : 0/63
EDGE (7 ,2) PORT 4: Recv/Dropped : 0/4
EDGE (7 ,2) PORT 5: Recv/Dropped : 0/198
EDGE (7 ,2) PORT 6: Recv/Dropped : 0/99
EDGE (7 ,2) PORT 7: Recv/Dropped : 0/0
EDGE (7 ,3) PORT 0: Recv/Dropped : 0/2
EDGE (7 ,3) PORT 1: Recv/Dropped : 0/2
EDGE (7 ,3) PORT 2: Recv/Dropped : 0/63
EDGE (7 ,3) PORT 3: Recv/Dropped : 0/3
EDGE (7 ,3) PORT 4: Recv/Dropped : 0/4
EDGE (7 ,3) PORT 5: Recv/Dropped : 0/99
EDGE (7 ,3) PORT 6: Recv/Dropped : 0/4
EDGE (7 ,3) PORT 7: Recv/Dropped : 0/4
 -- AGG QUEUE STATISTICS --
AGG (0 ,0) PORT 0: Recv/Dropped : 0/1915
AGG (0 ,0) PORT 1: Recv/Dropped : 0/2668
AGG (0 ,0) PORT 2: Recv/Dropped : 0/2754
AGG (0 ,0) PORT 3: Recv/Dropped : 0/2470
AGG (0 ,0) PORT 4: Recv/Dropped : 0/321
AGG (0 ,0) PORT 5: Recv/Dropped : 0/256
AGG (0 ,0) PORT 6: Recv/Dropped : 0/650
AGG (0 ,0) PORT 7: Recv/Dropped : 0/518
AGG (0 ,1) PORT 0: Recv/Dropped : 0/128
AGG (0 ,1) PORT 1: Recv/Dropped : 0/62
AGG (0 ,1) PORT 2: Recv/Dropped : 0/0
AGG (0 ,1) PORT 3: Recv/Dropped : 0/65
AGG (0 ,1) PORT 4: Recv/Dropped : 0/390
AGG (0 ,1) PORT 5: Recv/Dropped : 0/191
AGG (0 ,1) PORT 6: Recv/Dropped : 0/383
AGG (0 ,1) PORT 7: Recv/Dropped : 0/329
AGG (0 ,2) PORT 0: Recv/Dropped : 0/0
AGG (0 ,2) PORT 1: Recv/Dropped : 0/62
AGG (0 ,2) PORT 2: Recv/Dropped : 0/68
AGG (0 ,2) PORT 3: Recv/Dropped : 0/126
AGG (0 ,2) PORT 4: Recv/Dropped : 0/251
AGG (0 ,2) PORT 5: Recv/Dropped : 0/265
AGG (0 ,2) PORT 6: Recv/Dropped : 0/390
AGG (0 ,2) PORT 7: Recv/Dropped : 0/145
AGG (0 ,3) PORT 0: Recv/Dropped : 0/0
AGG (0 ,3) PORT 1: Recv/Dropped : 0/126
AGG (0 ,3) PORT 2: Recv/Dropped : 0/129
AGG (0 ,3) PORT 3: Recv/Dropped : 0/0
AGG (0 ,3) PORT 4: Recv/Dropped : 0/445
AGG (0 ,3) PORT 5: Recv/Dropped : 0/446
AGG (0 ,3) PORT 6: Recv/Dropped : 0/130
AGG (0 ,3) PORT 7: Recv/Dropped : 0/516
AGG (1 ,0) PORT 0: Recv/Dropped : 0/128
AGG (1 ,0) PORT 1: Recv/Dropped : 0/128
AGG (1 ,0) PORT 2: Recv/Dropped : 0/0
AGG (1 ,0) PORT 3: Recv/Dropped : 0/0
AGG (1 ,0) PORT 4: Recv/Dropped : 0/98
AGG (1 ,0) PORT 5: Recv/Dropped : 0/0
AGG (1 ,0) PORT 6: Recv/Dropped : 0/194
AGG (1 ,0) PORT 7: Recv/Dropped : 0/0
AGG (1 ,1) PORT 0: Recv/Dropped : 0/0
AGG (1 ,1) PORT 1: Recv/Dropped : 0/127
AGG (1 ,1) PORT 2: Recv/Dropped : 0/0
AGG (1 ,1) PORT 3: Recv/Dropped : 0/128
AGG (1 ,1) PORT 4: Recv/Dropped : 0/293
AGG (1 ,1) PORT 5: Recv/Dropped : 0/96
AGG (1 ,1) PORT 6: Recv/Dropped : 0/197
AGG (1 ,1) PORT 7: Recv/Dropped : 0/0
AGG (1 ,2) PORT 0: Recv/Dropped : 0/65
AGG (1 ,2) PORT 1: Recv/Dropped : 0/125
AGG (1 ,2) PORT 2: Recv/Dropped : 0/0
AGG (1 ,2) PORT 3: Recv/Dropped : 0/64
AGG (1 ,2) PORT 4: Recv/Dropped : 0/196
AGG (1 ,2) PORT 5: Recv/Dropped : 0/0
AGG (1 ,2) PORT 6: Recv/Dropped : 0/97
AGG (1 ,2) PORT 7: Recv/Dropped : 0/97
AGG (1 ,3) PORT 0: Recv/Dropped : 0/64
AGG (1 ,3) PORT 1: Recv/Dropped : 0/128
AGG (1 ,3) PORT 2: Recv/Dropped : 0/0
AGG (1 ,3) PORT 3: Recv/Dropped : 0/64
AGG (1 ,3) PORT 4: Recv/Dropped : 0/97
AGG (1 ,3) PORT 5: Recv/Dropped : 0/0
AGG (1 ,3) PORT 6: Recv/Dropped : 0/0
AGG (1 ,3) PORT 7: Recv/Dropped : 0/198
AGG (2 ,0) PORT 0: Recv/Dropped : 0/194
AGG (2 ,0) PORT 1: Recv/Dropped : 0/0
AGG (2 ,0) PORT 2: Recv/Dropped : 0/66
AGG (2 ,0) PORT 3: Recv/Dropped : 0/0
AGG (2 ,0) PORT 4: Recv/Dropped : 0/0
AGG (2 ,0) PORT 5: Recv/Dropped : 0/101
AGG (2 ,0) PORT 6: Recv/Dropped : 0/0
AGG (2 ,0) PORT 7: Recv/Dropped : 0/200
AGG (2 ,1) PORT 0: Recv/Dropped : 0/0
AGG (2 ,1) PORT 1: Recv/Dropped : 0/65
AGG (2 ,1) PORT 2: Recv/Dropped : 0/63
AGG (2 ,1) PORT 3: Recv/Dropped : 0/126
AGG (2 ,1) PORT 4: Recv/Dropped : 0/0
AGG (2 ,1) PORT 5: Recv/Dropped : 0/0
AGG (2 ,1) PORT 6: Recv/Dropped : 0/0
AGG (2 ,1) PORT 7: Recv/Dropped : 0/100
AGG (2 ,2) PORT 0: Recv/Dropped : 0/127
AGG (2 ,2) PORT 1: Recv/Dropped : 0/66
AGG (2 ,2) PORT 2: Recv/Dropped : 0/0
AGG (2 ,2) PORT 3: Recv/Dropped : 0/0
AGG (2 ,2) PORT 4: Recv/Dropped : 0/98
AGG (2 ,2) PORT 5: Recv/Dropped : 0/97
AGG (2 ,2) PORT 6: Recv/Dropped : 0/198
AGG (2 ,2) PORT 7: Recv/Dropped : 0/0
AGG (2 ,3) PORT 0: Recv/Dropped : 0/0
AGG (2 ,3) PORT 1: Recv/Dropped : 0/128
AGG (2 ,3) PORT 2: Recv/Dropped : 0/2
AGG (2 ,3) PORT 3: Recv/Dropped : 0/64
AGG (2 ,3) PORT 4: Recv/Dropped : 0/197
AGG (2 ,3) PORT 5: Recv/Dropped : 0/0
AGG (2 ,3) PORT 6: Recv/Dropped : 0/391
AGG (2 ,3) PORT 7: Recv/Dropped : 0/0
AGG (3 ,0) PORT 0: Recv/Dropped : 0/0
AGG (3 ,0) PORT 1: Recv/Dropped : 0/0
AGG (3 ,0) PORT 2: Recv/Dropped : 0/62
AGG (3 ,0) PORT 3: Recv/Dropped : 0/193
AGG (3 ,0) PORT 4: Recv/Dropped : 0/0
AGG (3 ,0) PORT 5: Recv/Dropped : 0/99
AGG (3 ,0) PORT 6: Recv/Dropped : 0/0
AGG (3 ,0) PORT 7: Recv/Dropped : 0/0
AGG (3 ,1) PORT 0: Recv/Dropped : 0/0
AGG (3 ,1) PORT 1: Recv/Dropped : 0/127
AGG (3 ,1) PORT 2: Recv/Dropped : 0/125
AGG (3 ,1) PORT 3: Recv/Dropped : 0/0
AGG (3 ,1) PORT 4: Recv/Dropped : 0/0
AGG (3 ,1) PORT 5: Recv/Dropped : 0/97
AGG (3 ,1) PORT 6: Recv/Dropped : 0/0
AGG (3 ,1) PORT 7: Recv/Dropped : 0/98
AGG (3 ,2) PORT 0: Recv/Dropped : 0/190
AGG (3 ,2) PORT 1: Recv/Dropped : 0/63
AGG (3 ,2) PORT 2: Recv/Dropped : 0/0
AGG (3 ,2) PORT 3: Recv/Dropped : 0/0
AGG (3 ,2) PORT 4: Recv/Dropped : 0/193
AGG (3 ,2) PORT 5: Recv/Dropped : 0/197
AGG (3 ,2) PORT 6: Recv/Dropped : 0/199
AGG (3 ,2) PORT 7: Recv/Dropped : 0/96
AGG (3 ,3) PORT 0: Recv/Dropped : 0/139
AGG (3 ,3) PORT 1: Recv/Dropped : 0/73
AGG (3 ,3) PORT 2: Recv/Dropped : 0/0
AGG (3 ,3) PORT 3: Recv/Dropped : 0/0
AGG (3 ,3) PORT 4: Recv/Dropped : 0/99
AGG (3 ,3) PORT 5: Recv/Dropped : 0/97
AGG (3 ,3) PORT 6: Recv/Dropped : 0/194
AGG (3 ,3) PORT 7: Recv/Dropped : 0/96
AGG (4 ,0) PORT 0: Recv/Dropped : 0/0
AGG (4 ,0) PORT 1: Recv/Dropped : 0/0
AGG (4 ,0) PORT 2: Recv/Dropped : 0/64
AGG (4 ,0) PORT 3: Recv/Dropped : 0/129
AGG (4 ,0) PORT 4: Recv/Dropped : 0/200
AGG (4 ,0) PORT 5: Recv/Dropped : 0/0
AGG (4 ,0) PORT 6: Recv/Dropped : 0/12
AGG (4 ,0) PORT 7: Recv/Dropped : 0/4
AGG (4 ,1) PORT 0: Recv/Dropped : 0/66
AGG (4 ,1) PORT 1: Recv/Dropped : 0/66
AGG (4 ,1) PORT 2: Recv/Dropped : 0/0
AGG (4 ,1) PORT 3: Recv/Dropped : 0/2
AGG (4 ,1) PORT 4: Recv/Dropped : 0/4
AGG (4 ,1) PORT 5: Recv/Dropped : 0/96
AGG (4 ,1) PORT 6: Recv/Dropped : 0/0
AGG (4 ,1) PORT 7: Recv/Dropped : 0/0
AGG (4 ,2) PORT 0: Recv/Dropped : 0/2
AGG (4 ,2) PORT 1: Recv/Dropped : 0/0
AGG (4 ,2) PORT 2: Recv/Dropped : 0/66
AGG (4 ,2) PORT 3: Recv/Dropped : 0/2
AGG (4 ,2) PORT 4: Recv/Dropped : 0/199
AGG (4 ,2) PORT 5: Recv/Dropped : 0/4
AGG (4 ,2) PORT 6: Recv/Dropped : 0/0
AGG (4 ,2) PORT 7: Recv/Dropped : 0/0
AGG (4 ,3) PORT 0: Recv/Dropped : 0/126
AGG (4 ,3) PORT 1: Recv/Dropped : 0/0
AGG (4 ,3) PORT 2: Recv/Dropped : 0/0
AGG (4 ,3) PORT 3: Recv/Dropped : 0/65
AGG (4 ,3) PORT 4: Recv/Dropped : 0/97
AGG (4 ,3) PORT 5: Recv/Dropped : 0/97
AGG (4 ,3) PORT 6: Recv/Dropped : 0/0
AGG (4 ,3) PORT 7: Recv/Dropped : 0/196
AGG (5 ,0) PORT 0: Recv/Dropped : 0/64
AGG (5 ,0) PORT 1: Recv/Dropped : 0/0
AGG (5 ,0) PORT 2: Recv/Dropped : 0/125
AGG (5 ,0) PORT 3: Recv/Dropped : 0/63
AGG (5 ,0) PORT 4: Recv/Dropped : 0/0
AGG (5 ,0) PORT 5: Recv/Dropped : 0/0
AGG (5 ,0) PORT 6: Recv/Dropped : 0/0
AGG (5 ,0) PORT 7: Recv/Dropped : 0/103
AGG (5 ,1) PORT 0: Recv/Dropped : 0/0
AGG (5 ,1) PORT 1: Recv/Dropped : 0/0
AGG (5 ,1) PORT 2: Recv/Dropped : 0/4
AGG (5 ,1) PORT 3: Recv/Dropped : 0/126
AGG (5 ,1) PORT 4: Recv/Dropped : 0/296
AGG (5 ,1) PORT 5: Recv/Dropped : 0/99
AGG (5 ,1) PORT 6: Recv/Dropped : 0/0
AGG (5 ,1) PORT 7: Recv/Dropped : 0/97
AGG (5 ,2) PORT 0: Recv/Dropped : 0/63
AGG (5 ,2) PORT 1: Recv/Dropped : 0/63
AGG (5 ,2) PORT 2: Recv/Dropped : 0/63
AGG (5 ,2) PORT 3: Recv/Dropped : 0/63
AGG (5 ,2) PORT 4: Recv/Dropped : 0/97
AGG (5 ,2) PORT 5: Recv/Dropped : 0/0
AGG (5 ,2) PORT 6: Recv/Dropped : 0/198
AGG (5 ,2) PORT 7: Recv/Dropped : 0/294
AGG (5 ,3) PORT 0: Recv/Dropped : 0/63
AGG (5 ,3) PORT 1: Recv/Dropped : 0/0
AGG (5 ,3) PORT 2: Recv/Dropped : 0/199
AGG (5 ,3) PORT 3: Recv/Dropped : 0/0
AGG (5 ,3) PORT 4: Recv/Dropped : 0/4
AGG (5 ,3) PORT 5: Recv/Dropped : 0/0
AGG (5 ,3) PORT 6: Recv/Dropped : 0/0
AGG (5 ,3) PORT 7: Recv/Dropped : 0/197
AGG (6 ,0) PORT 0: Recv/Dropped : 0/137
AGG (6 ,0) PORT 1: Recv/Dropped : 0/0
AGG (6 ,0) PORT 2: Recv/Dropped : 0/2
AGG (6 ,0) PORT 3: Recv/Dropped : 0/0
AGG (6 ,0) PORT 4: Recv/Dropped : 0/0
AGG (6 ,0) PORT 5: Recv/Dropped : 0/8
AGG (6 ,0) PORT 6: Recv/Dropped : 0/0
AGG (6 ,0) PORT 7: Recv/Dropped : 0/99
AGG (6 ,1) PORT 0: Recv/Dropped : 0/126
AGG (6 ,1) PORT 1: Recv/Dropped : 0/0
AGG (6 ,1) PORT 2: Recv/Dropped : 0/0
AGG (6 ,1) PORT 3: Recv/Dropped : 0/127
AGG (6 ,1) PORT 4: Recv/Dropped : 0/99
AGG (6 ,1) PORT 5: Recv/Dropped : 0/8
AGG (6 ,1) PORT 6: Recv/Dropped : 0/298
AGG (6 ,1) PORT 7: Recv/Dropped : 0/0
AGG (6 ,2) PORT 0: Recv/Dropped : 0/2
AGG (6 ,2) PORT 1: Recv/Dropped : 0/2
AGG (6 ,2) PORT 2: Recv/Dropped : 0/0
AGG (6 ,2) PORT 3: Recv/Dropped : 0/65
AGG (6 ,2) PORT 4: Recv/Dropped : 0/99
AGG (6 ,2) PORT 5: Recv/Dropped : 0/99
AGG (6 ,2) PORT 6: Recv/Dropped : 0/0
AGG (6 ,2) PORT 7: Recv/Dropped : 0/0
AGG (6 ,3) PORT 0: Recv/Dropped : 0/63
AGG (6 ,3) PORT 1: Recv/Dropped : 0/0
AGG (6 ,3) PORT 2: Recv/Dropped : 0/2
AGG (6 ,3) PORT 3: Recv/Dropped : 0/65
AGG (6 ,3) PORT 4: Recv/Dropped : 0/101
AGG (6 ,3) PORT 5: Recv/Dropped : 0/4
AGG (6 ,3) PORT 6: Recv/Dropped : 0/99
AGG (6 ,3) PORT 7: Recv/Dropped : 0/0
AGG (7 ,0) PORT 0: Recv/Dropped : 0/63
AGG (7 ,0) PORT 1: Recv/Dropped : 0/0
AGG (7 ,0) PORT 2: Recv/Dropped : 0/138
AGG (7 ,0) PORT 3: Recv/Dropped : 0/0
AGG (7 ,0) PORT 4: Recv/Dropped : 0/99
AGG (7 ,0) PORT 5: Recv/Dropped : 0/103
AGG (7 ,0) PORT 6: Recv/Dropped : 0/8
AGG (7 ,0) PORT 7: Recv/Dropped : 0/99
AGG (7 ,1) PORT 0: Recv/Dropped : 0/0
AGG (7 ,1) PORT 1: Recv/Dropped : 0/0
AGG (7 ,1) PORT 2: Recv/Dropped : 0/67
AGG (7 ,1) PORT 3: Recv/Dropped : 0/126
AGG (7 ,1) PORT 4: Recv/Dropped : 0/0
AGG (7 ,1) PORT 5: Recv/Dropped : 0/297
AGG (7 ,1) PORT 6: Recv/Dropped : 0/0
AGG (7 ,1) PORT 7: Recv/Dropped : 0/0
AGG (7 ,2) PORT 0: Recv/Dropped : 0/63
AGG (7 ,2) PORT 1: Recv/Dropped : 0/130
AGG (7 ,2) PORT 2: Recv/Dropped : 0/0
AGG (7 ,2) PORT 3: Recv/Dropped : 0/0
AGG (7 ,2) PORT 4: Recv/Dropped : 0/196
AGG (7 ,2) PORT 5: Recv/Dropped : 0/4
AGG (7 ,2) PORT 6: Recv/Dropped : 0/0
AGG (7 ,2) PORT 7: Recv/Dropped : 0/0
AGG (7 ,3) PORT 0: Recv/Dropped : 0/0
AGG (7 ,3) PORT 1: Recv/Dropped : 0/2
AGG (7 ,3) PORT 2: Recv/Dropped : 0/3
AGG (7 ,3) PORT 3: Recv/Dropped : 0/65
AGG (7 ,3) PORT 4: Recv/Dropped : 0/198
AGG (7 ,3) PORT 5: Recv/Dropped : 0/0
AGG (7 ,3) PORT 6: Recv/Dropped : 0/4
AGG (7 ,3) PORT 7: Recv/Dropped : 0/4


TOTAL RECEIVED PACKETS = 63131
TOTAL DROPPED PACKETS = 220