QUEUE STATISTICS FOR EXPERIMENT 8668
---------------------------
 -- EDGE QUEUE STATISTICS --
EDGE (0 ,0) PORT 0: Recv/Dropped : 356/7177
EDGE (0 ,0) PORT 1: Recv/Dropped : 0/91
EDGE (0 ,0) PORT 2: Recv/Dropped : 0/76
EDGE (0 ,0) PORT 3: Recv/Dropped : 0/78
EDGE (0 ,0) PORT 4: Recv/Dropped : 0/1212
EDGE (0 ,0) PORT 5: Recv/Dropped : 0/1296
EDGE (0 ,0) PORT 6: Recv/Dropped : 0/1216
EDGE (0 ,0) PORT 7: Recv/Dropped : 0/1131
EDGE (0 ,1) PORT 0: Recv/Dropped : 0/75
EDGE (0 ,1) PORT 1: Recv/Dropped : 0/76
EDGE (0 ,1) PORT 2: Recv/Dropped : 0/68
EDGE (0 ,1) PORT 3: Recv/Dropped : 0/81
EDGE (0 ,1) PORT 4: Recv/Dropped : 0/88
EDGE (0 ,1) PORT 5: Recv/Dropped : 0/101
EDGE (0 ,1) PORT 6: Recv/Dropped : 0/105
EDGE (0 ,1) PORT 7: Recv/Dropped : 0/103
EDGE (0 ,2) PORT 0: Recv/Dropped : 0/79
EDGE (0 ,2) PORT 1: Recv/Dropped : 0/65
EDGE (0 ,2) PORT 2: Recv/Dropped : 0/81
EDGE (0 ,2) PORT 3: Recv/Dropped : 0/79
EDGE (0 ,2) PORT 4: Recv/Dropped : 0/82
EDGE (0 ,2) PORT 5: Recv/Dropped : 0/108
EDGE (0 ,2) PORT 6: Recv/Dropped : 0/78
EDGE (0 ,2) PORT 7: Recv/Dropped : 0/126
EDGE (0 ,3) PORT 0: Recv/Dropped : 0/77
EDGE (0 ,3) PORT 1: Recv/Dropped : 0/2
EDGE (0 ,3) PORT 2: Recv/Dropped : 0/79
EDGE (0 ,3) PORT 3: Recv/Dropped : 0/3
EDGE (0 ,3) PORT 4: Recv/Dropped : 0/51
EDGE (0 ,3) PORT 5: Recv/Dropped : 0/62
EDGE (0 ,3) PORT 6: Recv/Dropped : 0/54
EDGE (0 ,3) PORT 7: Recv/Dropped : 0/37
EDGE (1 ,0) PORT 0: Recv/Dropped : 0/81
EDGE (1 ,0) PORT 1: Recv/Dropped : 0/69
EDGE (1 ,0) PORT 2: Recv/Dropped : 0/64
EDGE (1 ,0) PORT 3: Recv/Dropped : 0/2
EDGE (1 ,0) PORT 4: Recv/Dropped : 0/55
EDGE (1 ,0) PORT 5: Recv/Dropped : 0/88
EDGE (1 ,0) PORT 6: Recv/Dropped : 0/80
EDGE (1 ,0) PORT 7: Recv/Dropped : 0/84
EDGE (1 ,1) PORT 0: Recv/Dropped : 0/75
EDGE (1 ,1) PORT 1: Recv/Dropped : 0/80
EDGE (1 ,1) PORT 2: Recv/Dropped : 0/70
EDGE (1 ,1) PORT 3: Recv/Dropped : 0/64
EDGE (1 ,1) PORT 4: Recv/Dropped : 0/60
EDGE (1 ,1) PORT 5: Recv/Dropped : 0/97
EDGE (1 ,1) PORT 6: Recv/Dropped : 0/142
EDGE (1 ,1) PORT 7: Recv/Dropped : 0/94
EDGE (1 ,2) PORT 0: Recv/Dropped : 0/66
EDGE (1 ,2) PORT 1: Recv/Dropped : 0/2
EDGE (1 ,2) PORT 2: Recv/Dropped : 0/64
EDGE (1 ,2) PORT 3: Recv/Dropped : 0/3
EDGE (1 ,2) PORT 4: Recv/Dropped : 0/66
EDGE (1 ,2) PORT 5: Recv/Dropped : 0/39
EDGE (1 ,2) PORT 6: Recv/Dropped : 0/59
EDGE (1 ,2) PORT 7: Recv/Dropped : 0/44
EDGE (1 ,3) PORT 0: Recv/Dropped : 0/4
EDGE (1 ,3) PORT 1: Recv/Dropped : 0/63
EDGE (1 ,3) PORT 2: Recv/Dropped : 0/2
EDGE (1 ,3) PORT 3: Recv/Dropped : 0/63
EDGE (1 ,3) PORT 4: Recv/Dropped : 0/53
EDGE (1 ,3) PORT 5: Recv/Dropped : 0/45
EDGE (1 ,3) PORT 6: Recv/Dropped : 0/46
EDGE (1 ,3) PORT 7: Recv/Dropped : 0/65
EDGE (2 ,0) PORT 0: Recv/Dropped : 0/68
EDGE (2 ,0) PORT 1: Recv/Dropped : 0/70
EDGE (2 ,0) PORT 2: Recv/Dropped : 0/62
EDGE (2 ,0) PORT 3: Recv/Dropped : 0/2
EDGE (2 ,0) PORT 4: Recv/Dropped : 0/64
EDGE (2 ,0) PORT 5: Recv/Dropped : 0/93
EDGE (2 ,0) PORT 6: Recv/Dropped : 0/60
EDGE (2 ,0) PORT 7: Recv/Dropped : 0/89
EDGE (2 ,1) PORT 0: Recv/Dropped : 0/87
EDGE (2 ,1) PORT 1: Recv/Dropped : 0/86
EDGE (2 ,1) PORT 2: Recv/Dropped : 0/67
EDGE (2 ,1) PORT 3: Recv/Dropped : 0/66
EDGE (2 ,1) PORT 4: Recv/Dropped : 0/75
EDGE (2 ,1) PORT 5: Recv/Dropped : 0/114
EDGE (2 ,1) PORT 6: Recv/Dropped : 0/113
EDGE (2 ,1) PORT 7: Recv/Dropped : 0/95
EDGE (2 ,2) PORT 0: Recv/Dropped : 0/77
EDGE (2 ,2) PORT 1: Recv/Dropped : 0/2
EDGE (2 ,2) PORT 2: Recv/Dropped : 0/2
EDGE (2 ,2) PORT 3: Recv/Dropped : 0/64
EDGE (2 ,2) PORT 4: Recv/Dropped : 0/36
EDGE (2 ,2) PORT 5: Recv/Dropped : 0/51
EDGE (2 ,2) PORT 6: Recv/Dropped : 0/55
EDGE (2 ,2) PORT 7: Recv/Dropped : 0/65
EDGE (2 ,3) PORT 0: Recv/Dropped : 0/66
EDGE (2 ,3) PORT 1: Recv/Dropped : 0/2
EDGE (2 ,3) PORT 2: Recv/Dropped : 0/2
EDGE (2 ,3) PORT 3: Recv/Dropped : 0/4
EDGE (2 ,3) PORT 4: Recv/Dropped : 0/36
EDGE (2 ,3) PORT 5: Recv/Dropped : 0/31
EDGE (2 ,3) PORT 6: Recv/Dropped : 0/23
EDGE (2 ,3) PORT 7: Recv/Dropped : 0/25
EDGE (3 ,0) PORT 0: Recv/Dropped : 0/68
EDGE (3 ,0) PORT 1: Recv/Dropped : 0/2
EDGE (3 ,0) PORT 2: Recv/Dropped : 0/2
EDGE (3 ,0) PORT 3: Recv/Dropped : 0/62
EDGE (3 ,0) PORT 4: Recv/Dropped : 0/40
EDGE (3 ,0) PORT 5: Recv/Dropped : 0/66
EDGE (3 ,0) PORT 6: Recv/Dropped : 0/55
EDGE (3 ,0) PORT 7: Recv/Dropped : 0/47
EDGE (3 ,1) PORT 0: Recv/Dropped : 0/2
EDGE (3 ,1) PORT 1: Recv/Dropped : 0/2
EDGE (3 ,1) PORT 2: Recv/Dropped : 0/64
EDGE (3 ,1) PORT 3: Recv/Dropped : 0/3
EDGE (3 ,1) PORT 4: Recv/Dropped : 0/27
EDGE (3 ,1) PORT 5: Recv/Dropped : 0/32
EDGE (3 ,1) PORT 6: Recv/Dropped : 0/24
EDGE (3 ,1) PORT 7: Recv/Dropped : 0/31
EDGE (3 ,2) PORT 0: Recv/Dropped : 0/2
EDGE (3 ,2) PORT 1: Recv/Dropped : 0/2
EDGE (3 ,2) PORT 2: Recv/Dropped : 0/2
EDGE (3 ,2) PORT 3: Recv/Dropped : 0/3
EDGE (3 ,2) PORT 4: Recv/Dropped : 0/1
EDGE (3 ,2) PORT 5: Recv/Dropped : 0/7
EDGE (3 ,2) PORT 6: Recv/Dropped : 0/7
EDGE (3 ,2) PORT 7: Recv/Dropped : 0/4
EDGE (3 ,3) PORT 0: Recv/Dropped : 0/2
EDGE (3 ,3) PORT 1: Recv/Dropped : 0/66
EDGE (3 ,3) PORT 2: Recv/Dropped : 0/2
EDGE (3 ,3) PORT 3: Recv/Dropped : 0/2
EDGE (3 ,3) PORT 4: Recv/Dropped : 0/30
EDGE (3 ,3) PORT 5: Recv/Dropped : 0/31
EDGE (3 ,3) PORT 6: Recv/Dropped : 0/40
EDGE (3 ,3) PORT 7: Recv/Dropped : 0/13
EDGE (4 ,0) PORT 0: Recv/Dropped : 0/2
EDGE (4 ,0) PORT 1: Recv/Dropped : 0/2
EDGE (4 ,0) PORT 2: Recv/Dropped : 0/2
EDGE (4 ,0) PORT 3: Recv/Dropped : 0/66
EDGE (4 ,0) PORT 4: Recv/Dropped : 0/29
EDGE (4 ,0) PORT 5: Recv/Dropped : 0/21
EDGE (4 ,0) PORT 6: Recv/Dropped : 0/39
EDGE (4 ,0) PORT 7: Recv/Dropped : 0/28
EDGE (4 ,1) PORT 0: Recv/Dropped : 0/2
EDGE (4 ,1) PORT 1: Recv/Dropped : 0/2
EDGE (4 ,1) PORT 2: Recv/Dropped : 0/2
EDGE (4 ,1) PORT 3: Recv/Dropped : 0/62
EDGE (4 ,1) PORT 4: Recv/Dropped : 0/44
EDGE (4 ,1) PORT 5: Recv/Dropped : 0/27
EDGE (4 ,1) PORT 6: Recv/Dropped : 0/20
EDGE (4 ,1) PORT 7: Recv/Dropped : 0/22
EDGE (4 ,2) PORT 0: Recv/Dropped : 0/64
EDGE (4 ,2) PORT 1: Recv/Dropped : 0/2
EDGE (4 ,2) PORT 2: Recv/Dropped : 0/2
EDGE (4 ,2) PORT 3: Recv/Dropped : 0/2
EDGE (4 ,2) PORT 4: Recv/Dropped : 0/19
EDGE (4 ,2) PORT 5: Recv/Dropped : 0/25
EDGE (4 ,2) PORT 6: Recv/Dropped : 0/37
EDGE (4 ,2) PORT 7: Recv/Dropped : 0/33
EDGE (4 ,3) PORT 0: Recv/Dropped : 0/62
EDGE (4 ,3) PORT 1: Recv/Dropped : 0/2
EDGE (4 ,3) PORT 2: Recv/Dropped : 0/64
EDGE (4 ,3) PORT 3: Recv/Dropped : 0/65
EDGE (4 ,3) PORT 4: Recv/Dropped : 0/97
EDGE (4 ,3) PORT 5: Recv/Dropped : 0/67
EDGE (4 ,3) PORT 6: Recv/Dropped : 0/61
EDGE (4 ,3) PORT 7: Recv/Dropped : 0/77
EDGE (5 ,0) PORT 0: Recv/Dropped : 0/2
EDGE (5 ,0) PORT 1: Recv/Dropped : 0/64
EDGE (5 ,0) PORT 2: Recv/Dropped : 0/64
EDGE (5 ,0) PORT 3: Recv/Dropped : 0/2
EDGE (5 ,0) PORT 4: Recv/Dropped : 0/50
EDGE (5 ,0) PORT 5: Recv/Dropped : 0/66
EDGE (5 ,0) PORT 6: Recv/Dropped : 0/41
EDGE (5 ,0) PORT 7: Recv/Dropped : 0/52
EDGE (5 ,1) PORT 0: Recv/Dropped : 0/64
EDGE (5 ,1) PORT 1: Recv/Dropped : 0/2
EDGE (5 ,1) PORT 2: Recv/Dropped : 0/2
EDGE (5 ,1) PORT 3: Recv/Dropped : 0/64
EDGE (5 ,1) PORT 4: Recv/Dropped : 0/58
EDGE (5 ,1) PORT 5: Recv/Dropped : 0/55
EDGE (5 ,1) PORT 6: Recv/Dropped : 0/53
EDGE (5 ,1) PORT 7: Recv/Dropped : 0/43
EDGE (5 ,2) PORT 0: Recv/Dropped : 0/2
EDGE (5 ,2) PORT 1: Recv/Dropped : 0/3
EDGE (5 ,2) PORT 2: Recv/Dropped : 0/65
EDGE (5 ,2) PORT 3: Recv/Dropped : 0/64
EDGE (5 ,2) PORT 4: Recv/Dropped : 0/52
EDGE (5 ,2) PORT 5: Recv/Dropped : 0/72
EDGE (5 ,2) PORT 6: Recv/Dropped : 0/40
EDGE (5 ,2) PORT 7: Recv/Dropped : 0/47
EDGE (5 ,3) PORT 0: Recv/Dropped : 0/64
EDGE (5 ,3) PORT 1: Recv/Dropped : 0/64
EDGE (5 ,3) PORT 2: Recv/Dropped : 0/2
EDGE (5 ,3) PORT 3: Recv/Dropped : 0/65
EDGE (5 ,3) PORT 4: Recv/Dropped : 0/97
EDGE (5 ,3) PORT 5: Recv/Dropped : 0/70
EDGE (5 ,3) PORT 6: Recv/Dropped : 0/69
EDGE (5 ,3) PORT 7: Recv/Dropped : 0/71
EDGE (6 ,0) PORT 0: Recv/Dropped : 0/2
EDGE (6 ,0) PORT 1: Recv/Dropped : 0/2
EDGE (6 ,0) PORT 2: Recv/Dropped : 0/63
EDGE (6 ,0) PORT 3: Recv/Dropped : 0/62
EDGE (6 ,0) PORT 4: Recv/Dropped : 0/42
EDGE (6 ,0) PORT 5: Recv/Dropped : 0/51
EDGE (6 ,0) PORT 6: Recv/Dropped : 0/70
EDGE (6 ,0) PORT 7: Recv/Dropped : 0/44
EDGE (6 ,1) PORT 0: Recv/Dropped : 0/2
EDGE (6 ,1) PORT 1: Recv/Dropped : 0/64
EDGE (6 ,1) PORT 2: Recv/Dropped : 0/64
EDGE (6 ,1) PORT 3: Recv/Dropped : 0/64
EDGE (6 ,1) PORT 4: Recv/Dropped : 0/83
EDGE (6 ,1) PORT 5: Recv/Dropped : 0/69
EDGE (6 ,1) PORT 6: Recv/Dropped : 0/66
EDGE (6 ,1) PORT 7: Recv/Dropped : 0/87
EDGE (6 ,2) PORT 0: Recv/Dropped : 0/2
EDGE (6 ,2) PORT 1: Recv/Dropped : 0/2
EDGE (6 ,2) PORT 2: Recv/Dropped : 0/65
EDGE (6 ,2) PORT 3: Recv/Dropped : 0/64
EDGE (6 ,2) PORT 4: Recv/Dropped : 0/58
EDGE (6 ,2) PORT 5: Recv/Dropped : 0/49
EDGE (6 ,2) PORT 6: Recv/Dropped : 0/60
EDGE (6 ,2) PORT 7: Recv/Dropped : 0/44
EDGE (6 ,3) PORT 0: Recv/Dropped : 0/66
EDGE (6 ,3) PORT 1: Recv/Dropped : 0/2
EDGE (6 ,3) PORT 2: Recv/Dropped : 0/65
EDGE (6 ,3) PORT 3: Recv/Dropped : 0/65
EDGE (6 ,3) PORT 4: Recv/Dropped : 0/72
EDGE (6 ,3) PORT 5: Recv/Dropped : 0/63
EDGE (6 ,3) PORT 6: Recv/Dropped : 0/84
EDGE (6 ,3) PORT 7: Recv/Dropped : 0/89
EDGE (7 ,0) PORT 0: Recv/Dropped : 0/2
EDGE (7 ,0) PORT 1: Recv/Dropped : 0/64
EDGE (7 ,0) PORT 2: Recv/Dropped : 0/66
EDGE (7 ,0) PORT 3: Recv/Dropped : 0/64
EDGE (7 ,0) PORT 4: Recv/Dropped : 0/59
EDGE (7 ,0) PORT 5: Recv/Dropped : 0/83
EDGE (7 ,0) PORT 6: Recv/Dropped : 0/93
EDGE (7 ,0) PORT 7: Recv/Dropped : 0/72
EDGE (7 ,1) PORT 0: Recv/Dropped : 0/65
EDGE (7 ,1) PORT 1: Recv/Dropped : 0/64
EDGE (7 ,1) PORT 2: Recv/Dropped : 0/65
EDGE (7 ,1) PORT 3: Recv/Dropped : 0/2
EDGE (7 ,1) PORT 4: Recv/Dropped : 0/71
EDGE (7 ,1) PORT 5: Recv/Dropped : 0/54
EDGE (7 ,1) PORT 6: Recv/Dropped : 0/96
EDGE (7 ,1) PORT 7: Recv/Dropped : 0/84
EDGE (7 ,2) PORT 0: Recv/Dropped : 0/2
EDGE (7 ,2) PORT 1: Recv/Dropped : 0/2
EDGE (7 ,2) PORT 2: Recv/Dropped : 0/64
EDGE (7 ,2) PORT 3: Recv/Dropped : 0/65
EDGE (7 ,2) PORT 4: Recv/Dropped : 0/55
EDGE (7 ,2) PORT 5: Recv/Dropped : 0/49
EDGE (7 ,2) PORT 6: Recv/Dropped : 0/58
EDGE (7 ,2) PORT 7: Recv/Dropped : 0/47
EDGE (7 ,3) PORT 0: Recv/Dropped : 0/62
EDGE (7 ,3) PORT 1: Recv/Dropped : 0/2
EDGE (7 ,3) PORT 2: Recv/Dropped : 0/2
EDGE (7 ,3) PORT 3: Recv/Dropped : 0/64
EDGE (7 ,3) PORT 4: Recv/Dropped : 0/45
EDGE (7 ,3) PORT 5: Recv/Dropped : 0/52
EDGE (7 ,3) PORT 6: Recv/Dropped : 0/56
EDGE (7 ,3) PORT 7: Recv/Dropped : 0/55
 -- AGG QUEUE STATISTICS --
AGG (0 ,0) PORT 0: Recv/Dropped : 0/1695
AGG (0 ,0) PORT 1: Recv/Dropped : 0/1838
AGG (0 ,0) PORT 2: Recv/Dropped : 0/1884
AGG (0 ,0) PORT 3: Recv/Dropped : 0/1817
AGG (0 ,0) PORT 4: Recv/Dropped : 0/278
AGG (0 ,0) PORT 5: Recv/Dropped : 0/210
AGG (0 ,0) PORT 6: Recv/Dropped : 0/242
AGG (0 ,0) PORT 7: Recv/Dropped : 0/282
AGG (0 ,1) PORT 0: Recv/Dropped : 0/76
AGG (0 ,1) PORT 1: Recv/Dropped : 0/77
AGG (0 ,1) PORT 2: Recv/Dropped : 0/85
AGG (0 ,1) PORT 3: Recv/Dropped : 0/62
AGG (0 ,1) PORT 4: Recv/Dropped : 0/298
AGG (0 ,1) PORT 5: Recv/Dropped : 0/270
AGG (0 ,1) PORT 6: Recv/Dropped : 0/241
AGG (0 ,1) PORT 7: Recv/Dropped : 0/294
AGG (0 ,2) PORT 0: Recv/Dropped : 0/92
AGG (0 ,2) PORT 1: Recv/Dropped : 0/69
AGG (0 ,2) PORT 2: Recv/Dropped : 0/62
AGG (0 ,2) PORT 3: Recv/Dropped : 0/81
AGG (0 ,2) PORT 4: Recv/Dropped : 0/279
AGG (0 ,2) PORT 5: Recv/Dropped : 0/258
AGG (0 ,2) PORT 6: Recv/Dropped : 0/214
AGG (0 ,2) PORT 7: Recv/Dropped : 0/275
AGG (0 ,3) PORT 0: Recv/Dropped : 0/32
AGG (0 ,3) PORT 1: Recv/Dropped : 0/47
AGG (0 ,3) PORT 2: Recv/Dropped : 0/43
AGG (0 ,3) PORT 3: Recv/Dropped : 0/39
AGG (0 ,3) PORT 4: Recv/Dropped : 0/205
AGG (0 ,3) PORT 5: Recv/Dropped : 0/242
AGG (0 ,3) PORT 6: Recv/Dropped : 0/237
AGG (0 ,3) PORT 7: Recv/Dropped : 0/265
AGG (1 ,0) PORT 0: Recv/Dropped : 0/64
AGG (1 ,0) PORT 1: Recv/Dropped : 0/60
AGG (1 ,0) PORT 2: Recv/Dropped : 0/45
AGG (1 ,0) PORT 3: Recv/Dropped : 0/47
AGG (1 ,0) PORT 4: Recv/Dropped : 0/38
AGG (1 ,0) PORT 5: Recv/Dropped : 0/62
AGG (1 ,0) PORT 6: Recv/Dropped : 0/67
AGG (1 ,0) PORT 7: Recv/Dropped : 0/67
AGG (1 ,1) PORT 0: Recv/Dropped : 0/61
AGG (1 ,1) PORT 1: Recv/Dropped : 0/50
AGG (1 ,1) PORT 2: Recv/Dropped : 0/122
AGG (1 ,1) PORT 3: Recv/Dropped : 0/56
AGG (1 ,1) PORT 4: Recv/Dropped : 0/79
AGG (1 ,1) PORT 5: Recv/Dropped : 0/51
AGG (1 ,1) PORT 6: Recv/Dropped : 0/57
AGG (1 ,1) PORT 7: Recv/Dropped : 0/82
AGG (1 ,2) PORT 0: Recv/Dropped : 0/32
AGG (1 ,2) PORT 1: Recv/Dropped : 0/36
AGG (1 ,2) PORT 2: Recv/Dropped : 0/32
AGG (1 ,2) PORT 3: Recv/Dropped : 0/35
AGG (1 ,2) PORT 4: Recv/Dropped : 0/58
AGG (1 ,2) PORT 5: Recv/Dropped : 0/88
AGG (1 ,2) PORT 6: Recv/Dropped : 0/75
AGG (1 ,2) PORT 7: Recv/Dropped : 0/106
AGG (1 ,3) PORT 0: Recv/Dropped : 0/31
AGG (1 ,3) PORT 1: Recv/Dropped : 0/43
AGG (1 ,3) PORT 2: Recv/Dropped : 0/24
AGG (1 ,3) PORT 3: Recv/Dropped : 0/34
AGG (1 ,3) PORT 4: Recv/Dropped : 0/54
AGG (1 ,3) PORT 5: Recv/Dropped : 0/97
AGG (1 ,3) PORT 6: Recv/Dropped : 0/74
AGG (1 ,3) PORT 7: Recv/Dropped : 0/62
AGG (2 ,0) PORT 0: Recv/Dropped : 0/51
AGG (2 ,0) PORT 1: Recv/Dropped : 0/55
AGG (2 ,0) PORT 2: Recv/Dropped : 0/42
AGG (2 ,0) PORT 3: Recv/Dropped : 0/54
AGG (2 ,0) PORT 4: Recv/Dropped : 0/66
AGG (2 ,0) PORT 5: Recv/Dropped : 0/46
AGG (2 ,0) PORT 6: Recv/Dropped : 0/45
AGG (2 ,0) PORT 7: Recv/Dropped : 0/54
AGG (2 ,1) PORT 0: Recv/Dropped : 0/71
AGG (2 ,1) PORT 1: Recv/Dropped : 0/89
AGG (2 ,1) PORT 2: Recv/Dropped : 0/65
AGG (2 ,1) PORT 3: Recv/Dropped : 0/81
AGG (2 ,1) PORT 4: Recv/Dropped : 0/77
AGG (2 ,1) PORT 5: Recv/Dropped : 0/66
AGG (2 ,1) PORT 6: Recv/Dropped : 0/68
AGG (2 ,1) PORT 7: Recv/Dropped : 0/78
AGG (2 ,2) PORT 0: Recv/Dropped : 0/74
AGG (2 ,2) PORT 1: Recv/Dropped : 0/31
AGG (2 ,2) PORT 2: Recv/Dropped : 0/20
AGG (2 ,2) PORT 3: Recv/Dropped : 0/20
AGG (2 ,2) PORT 4: Recv/Dropped : 0/65
AGG (2 ,2) PORT 5: Recv/Dropped : 0/66
AGG (2 ,2) PORT 6: Recv/Dropped : 0/63
AGG (2 ,2) PORT 7: Recv/Dropped : 0/57
AGG (2 ,3) PORT 0: Recv/Dropped : 0/26
AGG (2 ,3) PORT 1: Recv/Dropped : 0/13
AGG (2 ,3) PORT 2: Recv/Dropped : 0/22
AGG (2 ,3) PORT 3: Recv/Dropped : 0/13
AGG (2 ,3) PORT 4: Recv/Dropped : 0/83
AGG (2 ,3) PORT 5: Recv/Dropped : 0/84
AGG (2 ,3) PORT 6: Recv/Dropped : 0/66
AGG (2 ,3) PORT 7: Recv/Dropped : 0/41
AGG (3 ,0) PORT 0: Recv/Dropped : 0/25
AGG (3 ,0) PORT 1: Recv/Dropped : 0/43
AGG (3 ,0) PORT 2: Recv/Dropped : 0/36
AGG (3 ,0) PORT 3: Recv/Dropped : 0/30
AGG (3 ,0) PORT 4: Recv/Dropped : 0/28
AGG (3 ,0) PORT 5: Recv/Dropped : 0/13
AGG (3 ,0) PORT 6: Recv/Dropped : 0/31
AGG (3 ,0) PORT 7: Recv/Dropped : 0/26
AGG (3 ,1) PORT 0: Recv/Dropped : 0/18
AGG (3 ,1) PORT 1: Recv/Dropped : 0/25
AGG (3 ,1) PORT 2: Recv/Dropped : 0/16
AGG (3 ,1) PORT 3: Recv/Dropped : 0/12
AGG (3 ,1) PORT 4: Recv/Dropped : 0/45
AGG (3 ,1) PORT 5: Recv/Dropped : 0/30
AGG (3 ,1) PORT 6: Recv/Dropped : 0/23
AGG (3 ,1) PORT 7: Recv/Dropped : 0/38
AGG (3 ,2) PORT 0: Recv/Dropped : 0/2
AGG (3 ,2) PORT 1: Recv/Dropped : 0/1
AGG (3 ,2) PORT 2: Recv/Dropped : 0/5
AGG (3 ,2) PORT 3: Recv/Dropped : 0/1
AGG (3 ,2) PORT 4: Recv/Dropped : 0/39
AGG (3 ,2) PORT 5: Recv/Dropped : 0/26
AGG (3 ,2) PORT 6: Recv/Dropped : 0/30
AGG (3 ,2) PORT 7: Recv/Dropped : 0/31
AGG (3 ,3) PORT 0: Recv/Dropped : 0/14
AGG (3 ,3) PORT 1: Recv/Dropped : 0/16
AGG (3 ,3) PORT 2: Recv/Dropped : 0/20
AGG (3 ,3) PORT 3: Recv/Dropped : 0/22
AGG (3 ,3) PORT 4: Recv/Dropped : 0/14
AGG (3 ,3) PORT 5: Recv/Dropped : 0/22
AGG (3 ,3) PORT 6: Recv/Dropped : 0/42
AGG (3 ,3) PORT 7: Recv/Dropped : 0/17
AGG (4 ,0) PORT 0: Recv/Dropped : 0/17
AGG (4 ,0) PORT 1: Recv/Dropped : 0/13
AGG (4 ,0) PORT 2: Recv/Dropped : 0/25
AGG (4 ,0) PORT 3: Recv/Dropped : 0/17
AGG (4 ,0) PORT 4: Recv/Dropped : 0/54
AGG (4 ,0) PORT 5: Recv/Dropped : 0/43
AGG (4 ,0) PORT 6: Recv/Dropped : 0/51
AGG (4 ,0) PORT 7: Recv/Dropped : 0/41
AGG (4 ,1) PORT 0: Recv/Dropped : 0/14
AGG (4 ,1) PORT 1: Recv/Dropped : 0/24
AGG (4 ,1) PORT 2: Recv/Dropped : 0/15
AGG (4 ,1) PORT 3: Recv/Dropped : 0/15
AGG (4 ,1) PORT 4: Recv/Dropped : 0/41
AGG (4 ,1) PORT 5: Recv/Dropped : 0/40
AGG (4 ,1) PORT 6: Recv/Dropped : 0/25
AGG (4 ,1) PORT 7: Recv/Dropped : 0/34
AGG (4 ,2) PORT 0: Recv/Dropped : 0/23
AGG (4 ,2) PORT 1: Recv/Dropped : 0/16
AGG (4 ,2) PORT 2: Recv/Dropped : 0/12
AGG (4 ,2) PORT 3: Recv/Dropped : 0/19
AGG (4 ,2) PORT 4: Recv/Dropped : 0/28
AGG (4 ,2) PORT 5: Recv/Dropped : 0/42
AGG (4 ,2) PORT 6: Recv/Dropped : 0/43
AGG (4 ,2) PORT 7: Recv/Dropped : 0/44
AGG (4 ,3) PORT 0: Recv/Dropped : 0/45
AGG (4 ,3) PORT 1: Recv/Dropped : 0/55
AGG (4 ,3) PORT 2: Recv/Dropped : 0/49
AGG (4 ,3) PORT 3: Recv/Dropped : 0/44
AGG (4 ,3) PORT 4: Recv/Dropped : 0/55
AGG (4 ,3) PORT 5: Recv/Dropped : 0/39
AGG (4 ,3) PORT 6: Recv/Dropped : 0/34
AGG (4 ,3) PORT 7: Recv/Dropped : 0/32
AGG (5 ,0) PORT 0: Recv/Dropped : 0/34
AGG (5 ,0) PORT 1: Recv/Dropped : 0/41
AGG (5 ,0) PORT 2: Recv/Dropped : 0/29
AGG (5 ,0) PORT 3: Recv/Dropped : 0/28
AGG (5 ,0) PORT 4: Recv/Dropped : 0/57
AGG (5 ,0) PORT 5: Recv/Dropped : 0/90
AGG (5 ,0) PORT 6: Recv/Dropped : 0/38
AGG (5 ,0) PORT 7: Recv/Dropped : 0/72
AGG (5 ,1) PORT 0: Recv/Dropped : 0/41
AGG (5 ,1) PORT 1: Recv/Dropped : 0/34
AGG (5 ,1) PORT 2: Recv/Dropped : 0/26
AGG (5 ,1) PORT 3: Recv/Dropped : 0/31
AGG (5 ,1) PORT 4: Recv/Dropped : 0/55
AGG (5 ,1) PORT 5: Recv/Dropped : 0/83
AGG (5 ,1) PORT 6: Recv/Dropped : 0/86
AGG (5 ,1) PORT 7: Recv/Dropped : 0/39
AGG (5 ,2) PORT 0: Recv/Dropped : 0/27
AGG (5 ,2) PORT 1: Recv/Dropped : 0/35
AGG (5 ,2) PORT 2: Recv/Dropped : 0/33
AGG (5 ,2) PORT 3: Recv/Dropped : 0/39
AGG (5 ,2) PORT 4: Recv/Dropped : 0/57
AGG (5 ,2) PORT 5: Recv/Dropped : 0/65
AGG (5 ,2) PORT 6: Recv/Dropped : 0/45
AGG (5 ,2) PORT 7: Recv/Dropped : 0/36
AGG (5 ,3) PORT 0: Recv/Dropped : 0/42
AGG (5 ,3) PORT 1: Recv/Dropped : 0/68
AGG (5 ,3) PORT 2: Recv/Dropped : 0/56
AGG (5 ,3) PORT 3: Recv/Dropped : 0/29
AGG (5 ,3) PORT 4: Recv/Dropped : 0/48
AGG (5 ,3) PORT 5: Recv/Dropped : 0/85
AGG (5 ,3) PORT 6: Recv/Dropped : 0/29
AGG (5 ,3) PORT 7: Recv/Dropped : 0/51
AGG (6 ,0) PORT 0: Recv/Dropped : 0/36
AGG (6 ,0) PORT 1: Recv/Dropped : 0/35
AGG (6 ,0) PORT 2: Recv/Dropped : 0/34
AGG (6 ,0) PORT 3: Recv/Dropped : 0/24
AGG (6 ,0) PORT 4: Recv/Dropped : 0/39
AGG (6 ,0) PORT 5: Recv/Dropped : 0/94
AGG (6 ,0) PORT 6: Recv/Dropped : 0/53
AGG (6 ,0) PORT 7: Recv/Dropped : 0/69
AGG (6 ,1) PORT 0: Recv/Dropped : 0/42
AGG (6 ,1) PORT 1: Recv/Dropped : 0/53
AGG (6 ,1) PORT 2: Recv/Dropped : 0/57
AGG (6 ,1) PORT 3: Recv/Dropped : 0/42
AGG (6 ,1) PORT 4: Recv/Dropped : 0/47
AGG (6 ,1) PORT 5: Recv/Dropped : 0/51
AGG (6 ,1) PORT 6: Recv/Dropped : 0/72
AGG (6 ,1) PORT 7: Recv/Dropped : 0/62
AGG (6 ,2) PORT 0: Recv/Dropped : 0/40
AGG (6 ,2) PORT 1: Recv/Dropped : 0/31
AGG (6 ,2) PORT 2: Recv/Dropped : 0/30
AGG (6 ,2) PORT 3: Recv/Dropped : 0/32
AGG (6 ,2) PORT 4: Recv/Dropped : 0/54
AGG (6 ,2) PORT 5: Recv/Dropped : 0/70
AGG (6 ,2) PORT 6: Recv/Dropped : 0/78
AGG (6 ,2) PORT 7: Recv/Dropped : 0/78
AGG (6 ,3) PORT 0: Recv/Dropped : 0/43
AGG (6 ,3) PORT 1: Recv/Dropped : 0/53
AGG (6 ,3) PORT 2: Recv/Dropped : 0/49
AGG (6 ,3) PORT 3: Recv/Dropped : 0/53
AGG (6 ,3) PORT 4: Recv/Dropped : 0/62
AGG (6 ,3) PORT 5: Recv/Dropped : 0/77
AGG (6 ,3) PORT 6: Recv/Dropped : 0/62
AGG (6 ,3) PORT 7: Recv/Dropped : 0/63
AGG (7 ,0) PORT 0: Recv/Dropped : 0/44
AGG (7 ,0) PORT 1: Recv/Dropped : 0/60
AGG (7 ,0) PORT 2: Recv/Dropped : 0/43
AGG (7 ,0) PORT 3: Recv/Dropped : 0/49
AGG (7 ,0) PORT 4: Recv/Dropped : 0/67
AGG (7 ,0) PORT 5: Recv/Dropped : 0/54
AGG (7 ,0) PORT 6: Recv/Dropped : 0/69
AGG (7 ,0) PORT 7: Recv/Dropped : 0/40
AGG (7 ,1) PORT 0: Recv/Dropped : 0/29
AGG (7 ,1) PORT 1: Recv/Dropped : 0/54
AGG (7 ,1) PORT 2: Recv/Dropped : 0/55
AGG (7 ,1) PORT 3: Recv/Dropped : 0/58
AGG (7 ,1) PORT 4: Recv/Dropped : 0/71
AGG (7 ,1) PORT 5: Recv/Dropped : 0/66
AGG (7 ,1) PORT 6: Recv/Dropped : 0/43
AGG (7 ,1) PORT 7: Recv/Dropped : 0/58
AGG (7 ,2) PORT 0: Recv/Dropped : 0/28
AGG (7 ,2) PORT 1: Recv/Dropped : 0/40
AGG (7 ,2) PORT 2: Recv/Dropped : 0/26
AGG (7 ,2) PORT 3: Recv/Dropped : 0/39
AGG (7 ,2) PORT 4: Recv/Dropped : 0/74
AGG (7 ,2) PORT 5: Recv/Dropped : 0/73
AGG (7 ,2) PORT 6: Recv/Dropped : 0/74
AGG (7 ,2) PORT 7: Recv/Dropped : 0/82
AGG (7 ,3) PORT 0: Recv/Dropped : 0/38
AGG (7 ,3) PORT 1: Recv/Dropped : 0/29
AGG (7 ,3) PORT 2: Recv/Dropped : 0/38
AGG (7 ,3) PORT 3: Recv/Dropped : 0/25
AGG (7 ,3) PORT 4: Recv/Dropped : 0/95
AGG (7 ,3) PORT 5: Recv/Dropped : 0/52
AGG (7 ,3) PORT 6: Recv/Dropped : 0/57
AGG (7 ,3) PORT 7: Recv/Dropped : 0/54


TOTAL RECEIVED PACKETS = 46784
TOTAL DROPPED PACKETS = 356