QUEUE STATISTICS FOR EXPERIMENT 8119
---------------------------
 -- EDGE QUEUE STATISTICS --
EDGE (0 ,0) PORT 0: Recv/Dropped : 494/4786
EDGE (0 ,0) PORT 1: Recv/Dropped : 0/80
EDGE (0 ,0) PORT 2: Recv/Dropped : 0/76
EDGE (0 ,0) PORT 3: Recv/Dropped : 0/71
EDGE (0 ,0) PORT 4: Recv/Dropped : 0/891
EDGE (0 ,0) PORT 5: Recv/Dropped : 0/961
EDGE (0 ,0) PORT 6: Recv/Dropped : 0/840
EDGE (0 ,0) PORT 7: Recv/Dropped : 0/872
EDGE (0 ,1) PORT 0: Recv/Dropped : 0/74
EDGE (0 ,1) PORT 1: Recv/Dropped : 0/70
EDGE (0 ,1) PORT 2: Recv/Dropped : 0/74
EDGE (0 ,1) PORT 3: Recv/Dropped : 0/84
EDGE (0 ,1) PORT 4: Recv/Dropped : 0/90
EDGE (0 ,1) PORT 5: Recv/Dropped : 0/91
EDGE (0 ,1) PORT 6: Recv/Dropped : 0/113
EDGE (0 ,1) PORT 7: Recv/Dropped : 0/112
EDGE (0 ,2) PORT 0: Recv/Dropped : 0/68
EDGE (0 ,2) PORT 1: Recv/Dropped : 0/69
EDGE (0 ,2) PORT 2: Recv/Dropped : 0/67
EDGE (0 ,2) PORT 3: Recv/Dropped : 0/83
EDGE (0 ,2) PORT 4: Recv/Dropped : 0/83
EDGE (0 ,2) PORT 5: Recv/Dropped : 0/109
EDGE (0 ,2) PORT 6: Recv/Dropped : 0/119
EDGE (0 ,2) PORT 7: Recv/Dropped : 0/91
EDGE (0 ,3) PORT 0: Recv/Dropped : 0/69
EDGE (0 ,3) PORT 1: Recv/Dropped : 0/79
EDGE (0 ,3) PORT 2: Recv/Dropped : 0/2
EDGE (0 ,3) PORT 3: Recv/Dropped : 0/86
EDGE (0 ,3) PORT 4: Recv/Dropped : 0/83
EDGE (0 ,3) PORT 5: Recv/Dropped : 0/87
EDGE (0 ,3) PORT 6: Recv/Dropped : 0/87
EDGE (0 ,3) PORT 7: Recv/Dropped : 0/65
EDGE (1 ,0) PORT 0: Recv/Dropped : 0/70
EDGE (1 ,0) PORT 1: Recv/Dropped : 0/70
EDGE (1 ,0) PORT 2: Recv/Dropped : 0/84
EDGE (1 ,0) PORT 3: Recv/Dropped : 0/72
EDGE (1 ,0) PORT 4: Recv/Dropped : 0/88
EDGE (1 ,0) PORT 5: Recv/Dropped : 0/113
EDGE (1 ,0) PORT 6: Recv/Dropped : 0/94
EDGE (1 ,0) PORT 7: Recv/Dropped : 0/112
EDGE (1 ,1) PORT 0: Recv/Dropped : 0/75
EDGE (1 ,1) PORT 1: Recv/Dropped : 0/2
EDGE (1 ,1) PORT 2: Recv/Dropped : 0/63
EDGE (1 ,1) PORT 3: Recv/Dropped : 0/69
EDGE (1 ,1) PORT 4: Recv/Dropped : 0/66
EDGE (1 ,1) PORT 5: Recv/Dropped : 0/78
EDGE (1 ,1) PORT 6: Recv/Dropped : 0/95
EDGE (1 ,1) PORT 7: Recv/Dropped : 0/78
EDGE (1 ,2) PORT 0: Recv/Dropped : 0/2
EDGE (1 ,2) PORT 1: Recv/Dropped : 0/70
EDGE (1 ,2) PORT 2: Recv/Dropped : 0/80
EDGE (1 ,2) PORT 3: Recv/Dropped : 0/2
EDGE (1 ,2) PORT 4: Recv/Dropped : 0/60
EDGE (1 ,2) PORT 5: Recv/Dropped : 0/49
EDGE (1 ,2) PORT 6: Recv/Dropped : 0/52
EDGE (1 ,2) PORT 7: Recv/Dropped : 0/55
EDGE (1 ,3) PORT 0: Recv/Dropped : 0/2
EDGE (1 ,3) PORT 1: Recv/Dropped : 0/78
EDGE (1 ,3) PORT 2: Recv/Dropped : 0/2
EDGE (1 ,3) PORT 3: Recv/Dropped : 0/3
EDGE (1 ,3) PORT 4: Recv/Dropped : 0/32
EDGE (1 ,3) PORT 5: Recv/Dropped : 0/22
EDGE (1 ,3) PORT 6: Recv/Dropped : 0/19
EDGE (1 ,3) PORT 7: Recv/Dropped : 0/39
EDGE (2 ,0) PORT 0: Recv/Dropped : 0/2
EDGE (2 ,0) PORT 1: Recv/Dropped : 0/76
EDGE (2 ,0) PORT 2: Recv/Dropped : 0/2
EDGE (2 ,0) PORT 3: Recv/Dropped : 0/2
EDGE (2 ,0) PORT 4: Recv/Dropped : 0/36
EDGE (2 ,0) PORT 5: Recv/Dropped : 0/35
EDGE (2 ,0) PORT 6: Recv/Dropped : 0/19
EDGE (2 ,0) PORT 7: Recv/Dropped : 0/28
EDGE (2 ,1) PORT 0: Recv/Dropped : 0/2
EDGE (2 ,1) PORT 1: Recv/Dropped : 0/78
EDGE (2 ,1) PORT 2: Recv/Dropped : 0/70
EDGE (2 ,1) PORT 3: Recv/Dropped : 0/3
EDGE (2 ,1) PORT 4: Recv/Dropped : 0/37
EDGE (2 ,1) PORT 5: Recv/Dropped : 0/57
EDGE (2 ,1) PORT 6: Recv/Dropped : 0/60
EDGE (2 ,1) PORT 7: Recv/Dropped : 0/69
EDGE (2 ,2) PORT 0: Recv/Dropped : 0/2
EDGE (2 ,2) PORT 1: Recv/Dropped : 0/69
EDGE (2 ,2) PORT 2: Recv/Dropped : 0/0
EDGE (2 ,2) PORT 3: Recv/Dropped : 0/73
EDGE (2 ,2) PORT 4: Recv/Dropped : 0/41
EDGE (2 ,2) PORT 5: Recv/Dropped : 0/46
EDGE (2 ,2) PORT 6: Recv/Dropped : 0/49
EDGE (2 ,2) PORT 7: Recv/Dropped : 0/79
EDGE (2 ,3) PORT 0: Recv/Dropped : 0/0
EDGE (2 ,3) PORT 1: Recv/Dropped : 0/0
EDGE (2 ,3) PORT 2: Recv/Dropped : 0/0
EDGE (2 ,3) PORT 3: Recv/Dropped : 0/0
EDGE (2 ,3) PORT 4: Recv/Dropped : 0/2
EDGE (2 ,3) PORT 5: Recv/Dropped : 0/4
EDGE (2 ,3) PORT 6: Recv/Dropped : 0/4
EDGE (2 ,3) PORT 7: Recv/Dropped : 0/2
EDGE (3 ,0) PORT 0: Recv/Dropped : 0/2
EDGE (3 ,0) PORT 1: Recv/Dropped : 0/2
EDGE (3 ,0) PORT 2: Recv/Dropped : 0/0
EDGE (3 ,0) PORT 3: Recv/Dropped : 0/84
EDGE (3 ,0) PORT 4: Recv/Dropped : 0/15
EDGE (3 ,0) PORT 5: Recv/Dropped : 0/26
EDGE (3 ,0) PORT 6: Recv/Dropped : 0/26
EDGE (3 ,0) PORT 7: Recv/Dropped : 0/50
EDGE (3 ,1) PORT 0: Recv/Dropped : 0/0
EDGE (3 ,1) PORT 1: Recv/Dropped : 0/81
EDGE (3 ,1) PORT 2: Recv/Dropped : 0/82
EDGE (3 ,1) PORT 3: Recv/Dropped : 0/79
EDGE (3 ,1) PORT 4: Recv/Dropped : 0/97
EDGE (3 ,1) PORT 5: Recv/Dropped : 0/78
EDGE (3 ,1) PORT 6: Recv/Dropped : 0/63
EDGE (3 ,1) PORT 7: Recv/Dropped : 0/73
EDGE (3 ,2) PORT 0: Recv/Dropped : 0/77
EDGE (3 ,2) PORT 1: Recv/Dropped : 0/0
EDGE (3 ,2) PORT 2: Recv/Dropped : 0/0
EDGE (3 ,2) PORT 3: Recv/Dropped : 0/0
EDGE (3 ,2) PORT 4: Recv/Dropped : 0/39
EDGE (3 ,2) PORT 5: Recv/Dropped : 0/37
EDGE (3 ,2) PORT 6: Recv/Dropped : 0/16
EDGE (3 ,2) PORT 7: Recv/Dropped : 0/20
EDGE (3 ,3) PORT 0: Recv/Dropped : 0/0
EDGE (3 ,3) PORT 1: Recv/Dropped : 0/2
EDGE (3 ,3) PORT 2: Recv/Dropped : 0/4
EDGE (3 ,3) PORT 3: Recv/Dropped : 0/4
EDGE (3 ,3) PORT 4: Recv/Dropped : 0/7
EDGE (3 ,3) PORT 5: Recv/Dropped : 0/1
EDGE (3 ,3) PORT 6: Recv/Dropped : 0/8
EDGE (3 ,3) PORT 7: Recv/Dropped : 0/1
EDGE (4 ,0) PORT 0: Recv/Dropped : 0/2
EDGE (4 ,0) PORT 1: Recv/Dropped : 0/0
EDGE (4 ,0) PORT 2: Recv/Dropped : 0/0
EDGE (4 ,0) PORT 3: Recv/Dropped : 0/0
EDGE (4 ,0) PORT 4: Recv/Dropped : 0/3
EDGE (4 ,0) PORT 5: Recv/Dropped : 0/7
EDGE (4 ,0) PORT 6: Recv/Dropped : 0/2
EDGE (4 ,0) PORT 7: Recv/Dropped : 0/3
EDGE (4 ,1) PORT 0: Recv/Dropped : 0/0
EDGE (4 ,1) PORT 1: Recv/Dropped : 0/2
EDGE (4 ,1) PORT 2: Recv/Dropped : 0/0
EDGE (4 ,1) PORT 3: Recv/Dropped : 0/84
EDGE (4 ,1) PORT 4: Recv/Dropped : 0/34
EDGE (4 ,1) PORT 5: Recv/Dropped : 0/29
EDGE (4 ,1) PORT 6: Recv/Dropped : 0/28
EDGE (4 ,1) PORT 7: Recv/Dropped : 0/26
EDGE (4 ,2) PORT 0: Recv/Dropped : 0/0
EDGE (4 ,2) PORT 1: Recv/Dropped : 0/0
EDGE (4 ,2) PORT 2: Recv/Dropped : 0/0
EDGE (4 ,2) PORT 3: Recv/Dropped : 0/0
EDGE (4 ,2) PORT 4: Recv/Dropped : 0/3
EDGE (4 ,2) PORT 5: Recv/Dropped : 0/3
EDGE (4 ,2) PORT 6: Recv/Dropped : 0/2
EDGE (4 ,2) PORT 7: Recv/Dropped : 0/4
EDGE (4 ,3) PORT 0: Recv/Dropped : 0/78
EDGE (4 ,3) PORT 1: Recv/Dropped : 0/76
EDGE (4 ,3) PORT 2: Recv/Dropped : 0/78
EDGE (4 ,3) PORT 3: Recv/Dropped : 0/3
EDGE (4 ,3) PORT 4: Recv/Dropped : 0/93
EDGE (4 ,3) PORT 5: Recv/Dropped : 0/71
EDGE (4 ,3) PORT 6: Recv/Dropped : 0/69
EDGE (4 ,3) PORT 7: Recv/Dropped : 0/77
EDGE (5 ,0) PORT 0: Recv/Dropped : 0/74
EDGE (5 ,0) PORT 1: Recv/Dropped : 0/0
EDGE (5 ,0) PORT 2: Recv/Dropped : 0/0
EDGE (5 ,0) PORT 3: Recv/Dropped : 0/0
EDGE (5 ,0) PORT 4: Recv/Dropped : 0/32
EDGE (5 ,0) PORT 5: Recv/Dropped : 0/30
EDGE (5 ,0) PORT 6: Recv/Dropped : 0/22
EDGE (5 ,0) PORT 7: Recv/Dropped : 0/25
EDGE (5 ,1) PORT 0: Recv/Dropped : 0/2
EDGE (5 ,1) PORT 1: Recv/Dropped : 0/75
EDGE (5 ,1) PORT 2: Recv/Dropped : 0/0
EDGE (5 ,1) PORT 3: Recv/Dropped : 0/0
EDGE (5 ,1) PORT 4: Recv/Dropped : 0/36
EDGE (5 ,1) PORT 5: Recv/Dropped : 0/27
EDGE (5 ,1) PORT 6: Recv/Dropped : 0/30
EDGE (5 ,1) PORT 7: Recv/Dropped : 0/19
EDGE (5 ,2) PORT 0: Recv/Dropped : 0/0
EDGE (5 ,2) PORT 1: Recv/Dropped : 0/4
EDGE (5 ,2) PORT 2: Recv/Dropped : 0/0
EDGE (5 ,2) PORT 3: Recv/Dropped : 0/0
EDGE (5 ,2) PORT 4: Recv/Dropped : 0/3
EDGE (5 ,2) PORT 5: Recv/Dropped : 0/5
EDGE (5 ,2) PORT 6: Recv/Dropped : 0/4
EDGE (5 ,2) PORT 7: Recv/Dropped : 0/1
EDGE (5 ,3) PORT 0: Recv/Dropped : 0/0
EDGE (5 ,3) PORT 1: Recv/Dropped : 0/0
EDGE (5 ,3) PORT 2: Recv/Dropped : 0/0
EDGE (5 ,3) PORT 3: Recv/Dropped : 0/3
EDGE (5 ,3) PORT 4: Recv/Dropped : 0/5
EDGE (5 ,3) PORT 5: Recv/Dropped : 0/5
EDGE (5 ,3) PORT 6: Recv/Dropped : 0/3
EDGE (5 ,3) PORT 7: Recv/Dropped : 0/0
EDGE (6 ,0) PORT 0: Recv/Dropped : 0/0
EDGE (6 ,0) PORT 1: Recv/Dropped : 0/81
EDGE (6 ,0) PORT 2: Recv/Dropped : 0/0
EDGE (6 ,0) PORT 3: Recv/Dropped : 0/2
EDGE (6 ,0) PORT 4: Recv/Dropped : 0/17
EDGE (6 ,0) PORT 5: Recv/Dropped : 0/25
EDGE (6 ,0) PORT 6: Recv/Dropped : 0/42
EDGE (6 ,0) PORT 7: Recv/Dropped : 0/29
EDGE (6 ,1) PORT 0: Recv/Dropped : 0/3
EDGE (6 ,1) PORT 1: Recv/Dropped : 0/0
EDGE (6 ,1) PORT 2: Recv/Dropped : 0/0
EDGE (6 ,1) PORT 3: Recv/Dropped : 0/66
EDGE (6 ,1) PORT 4: Recv/Dropped : 0/29
EDGE (6 ,1) PORT 5: Recv/Dropped : 0/32
EDGE (6 ,1) PORT 6: Recv/Dropped : 0/18
EDGE (6 ,1) PORT 7: Recv/Dropped : 0/29
EDGE (6 ,2) PORT 0: Recv/Dropped : 0/2
EDGE (6 ,2) PORT 1: Recv/Dropped : 0/0
EDGE (6 ,2) PORT 2: Recv/Dropped : 0/3
EDGE (6 ,2) PORT 3: Recv/Dropped : 0/85
EDGE (6 ,2) PORT 4: Recv/Dropped : 0/32
EDGE (6 ,2) PORT 5: Recv/Dropped : 0/21
EDGE (6 ,2) PORT 6: Recv/Dropped : 0/39
EDGE (6 ,2) PORT 7: Recv/Dropped : 0/24
EDGE (6 ,3) PORT 0: Recv/Dropped : 0/2
EDGE (6 ,3) PORT 1: Recv/Dropped : 0/0
EDGE (6 ,3) PORT 2: Recv/Dropped : 0/0
EDGE (6 ,3) PORT 3: Recv/Dropped : 0/4
EDGE (6 ,3) PORT 4: Recv/Dropped : 0/1
EDGE (6 ,3) PORT 5: Recv/Dropped : 0/3
EDGE (6 ,3) PORT 6: Recv/Dropped : 0/6
EDGE (6 ,3) PORT 7: Recv/Dropped : 0/6
EDGE (7 ,0) PORT 0: Recv/Dropped : 0/76
EDGE (7 ,0) PORT 1: Recv/Dropped : 0/0
EDGE (7 ,0) PORT 2: Recv/Dropped : 0/0
EDGE (7 ,0) PORT 3: Recv/Dropped : 0/68
EDGE (7 ,0) PORT 4: Recv/Dropped : 0/45
EDGE (7 ,0) PORT 5: Recv/Dropped : 0/59
EDGE (7 ,0) PORT 6: Recv/Dropped : 0/61
EDGE (7 ,0) PORT 7: Recv/Dropped : 0/45
EDGE (7 ,1) PORT 0: Recv/Dropped : 0/79
EDGE (7 ,1) PORT 1: Recv/Dropped : 0/0
EDGE (7 ,1) PORT 2: Recv/Dropped : 0/0
EDGE (7 ,1) PORT 3: Recv/Dropped : 0/0
EDGE (7 ,1) PORT 4: Recv/Dropped : 0/30
EDGE (7 ,1) PORT 5: Recv/Dropped : 0/17
EDGE (7 ,1) PORT 6: Recv/Dropped : 0/29
EDGE (7 ,1) PORT 7: Recv/Dropped : 0/37
EDGE (7 ,2) PORT 0: Recv/Dropped : 0/77
EDGE (7 ,2) PORT 1: Recv/Dropped : 0/0
EDGE (7 ,2) PORT 2: Recv/Dropped : 0/84
EDGE (7 ,2) PORT 3: Recv/Dropped : 0/4
EDGE (7 ,2) PORT 4: Recv/Dropped : 0/59
EDGE (7 ,2) PORT 5: Recv/Dropped : 0/52
EDGE (7 ,2) PORT 6: Recv/Dropped : 0/57
EDGE (7 ,2) PORT 7: Recv/Dropped : 0/50
EDGE (7 ,3) PORT 0: Recv/Dropped : 0/78
EDGE (7 ,3) PORT 1: Recv/Dropped : 0/0
EDGE (7 ,3) PORT 2: Recv/Dropped : 0/0
EDGE (7 ,3) PORT 3: Recv/Dropped : 0/4
EDGE (7 ,3) PORT 4: Recv/Dropped : 0/36
EDGE (7 ,3) PORT 5: Recv/Dropped : 0/27
EDGE (7 ,3) PORT 6: Recv/Dropped : 0/23
EDGE (7 ,3) PORT 7: Recv/Dropped : 0/25
 -- AGG QUEUE STATISTICS --
AGG (0 ,0) PORT 0: Recv/Dropped : 5/1229
AGG (0 ,0) PORT 1: Recv/Dropped : 13/1233
AGG (0 ,0) PORT 2: Recv/Dropped : 15/1244
AGG (0 ,0) PORT 3: Recv/Dropped : 5/1269
AGG (0 ,0) PORT 4: Recv/Dropped : 0/186
AGG (0 ,0) PORT 5: Recv/Dropped : 0/160
AGG (0 ,0) PORT 6: Recv/Dropped : 0/161
AGG (0 ,0) PORT 7: Recv/Dropped : 0/190
AGG (0 ,1) PORT 0: Recv/Dropped : 0/81
AGG (0 ,1) PORT 1: Recv/Dropped : 0/84
AGG (0 ,1) PORT 2: Recv/Dropped : 0/67
AGG (0 ,1) PORT 3: Recv/Dropped : 0/70
AGG (0 ,1) PORT 4: Recv/Dropped : 0/190
AGG (0 ,1) PORT 5: Recv/Dropped : 0/199
AGG (0 ,1) PORT 6: Recv/Dropped : 0/178
AGG (0 ,1) PORT 7: Recv/Dropped : 0/186
AGG (0 ,2) PORT 0: Recv/Dropped : 0/60
AGG (0 ,2) PORT 1: Recv/Dropped : 0/69
AGG (0 ,2) PORT 2: Recv/Dropped : 0/65
AGG (0 ,2) PORT 3: Recv/Dropped : 0/93
AGG (0 ,2) PORT 4: Recv/Dropped : 0/173
AGG (0 ,2) PORT 5: Recv/Dropped : 0/156
AGG (0 ,2) PORT 6: Recv/Dropped : 0/148
AGG (0 ,2) PORT 7: Recv/Dropped : 0/182
AGG (0 ,3) PORT 0: Recv/Dropped : 0/53
AGG (0 ,3) PORT 1: Recv/Dropped : 0/55
AGG (0 ,3) PORT 2: Recv/Dropped : 0/49
AGG (0 ,3) PORT 3: Recv/Dropped : 0/79
AGG (0 ,3) PORT 4: Recv/Dropped : 0/144
AGG (0 ,3) PORT 5: Recv/Dropped : 0/170
AGG (0 ,3) PORT 6: Recv/Dropped : 0/160
AGG (0 ,3) PORT 7: Recv/Dropped : 0/156
AGG (1 ,0) PORT 0: Recv/Dropped : 0/75
AGG (1 ,0) PORT 1: Recv/Dropped : 0/79
AGG (1 ,0) PORT 2: Recv/Dropped : 0/72
AGG (1 ,0) PORT 3: Recv/Dropped : 0/70
AGG (1 ,0) PORT 4: Recv/Dropped : 0/52
AGG (1 ,0) PORT 5: Recv/Dropped : 0/54
AGG (1 ,0) PORT 6: Recv/Dropped : 0/72
AGG (1 ,0) PORT 7: Recv/Dropped : 0/68
AGG (1 ,1) PORT 0: Recv/Dropped : 0/43
AGG (1 ,1) PORT 1: Recv/Dropped : 0/71
AGG (1 ,1) PORT 2: Recv/Dropped : 0/55
AGG (1 ,1) PORT 3: Recv/Dropped : 0/40
AGG (1 ,1) PORT 4: Recv/Dropped : 0/83
AGG (1 ,1) PORT 5: Recv/Dropped : 0/48
AGG (1 ,1) PORT 6: Recv/Dropped : 0/65
AGG (1 ,1) PORT 7: Recv/Dropped : 0/66
AGG (1 ,2) PORT 0: Recv/Dropped : 0/40
AGG (1 ,2) PORT 1: Recv/Dropped : 0/30
AGG (1 ,2) PORT 2: Recv/Dropped : 0/40
AGG (1 ,2) PORT 3: Recv/Dropped : 0/44
AGG (1 ,2) PORT 4: Recv/Dropped : 0/54
AGG (1 ,2) PORT 5: Recv/Dropped : 0/82
AGG (1 ,2) PORT 6: Recv/Dropped : 0/68
AGG (1 ,2) PORT 7: Recv/Dropped : 0/56
AGG (1 ,3) PORT 0: Recv/Dropped : 0/25
AGG (1 ,3) PORT 1: Recv/Dropped : 0/22
AGG (1 ,3) PORT 2: Recv/Dropped : 0/22
AGG (1 ,3) PORT 3: Recv/Dropped : 0/16
AGG (1 ,3) PORT 4: Recv/Dropped : 0/57
AGG (1 ,3) PORT 5: Recv/Dropped : 0/90
AGG (1 ,3) PORT 6: Recv/Dropped : 0/73
AGG (1 ,3) PORT 7: Recv/Dropped : 0/64
AGG (2 ,0) PORT 0: Recv/Dropped : 0/15
AGG (2 ,0) PORT 1: Recv/Dropped : 0/21
AGG (2 ,0) PORT 2: Recv/Dropped : 0/24
AGG (2 ,0) PORT 3: Recv/Dropped : 0/22
AGG (2 ,0) PORT 4: Recv/Dropped : 0/36
AGG (2 ,0) PORT 5: Recv/Dropped : 0/20
AGG (2 ,0) PORT 6: Recv/Dropped : 0/29
AGG (2 ,0) PORT 7: Recv/Dropped : 0/31
AGG (2 ,1) PORT 0: Recv/Dropped : 0/42
AGG (2 ,1) PORT 1: Recv/Dropped : 0/38
AGG (2 ,1) PORT 2: Recv/Dropped : 0/39
AGG (2 ,1) PORT 3: Recv/Dropped : 0/34
AGG (2 ,1) PORT 4: Recv/Dropped : 0/37
AGG (2 ,1) PORT 5: Recv/Dropped : 0/35
AGG (2 ,1) PORT 6: Recv/Dropped : 0/30
AGG (2 ,1) PORT 7: Recv/Dropped : 0/40
AGG (2 ,2) PORT 0: Recv/Dropped : 0/38
AGG (2 ,2) PORT 1: Recv/Dropped : 0/49
AGG (2 ,2) PORT 2: Recv/Dropped : 0/33
AGG (2 ,2) PORT 3: Recv/Dropped : 0/24
AGG (2 ,2) PORT 4: Recv/Dropped : 0/34
AGG (2 ,2) PORT 5: Recv/Dropped : 0/27
AGG (2 ,2) PORT 6: Recv/Dropped : 0/42
AGG (2 ,2) PORT 7: Recv/Dropped : 0/29
AGG (2 ,3) PORT 0: Recv/Dropped : 0/0
AGG (2 ,3) PORT 1: Recv/Dropped : 0/0
AGG (2 ,3) PORT 2: Recv/Dropped : 0/0
AGG (2 ,3) PORT 3: Recv/Dropped : 0/0
AGG (2 ,3) PORT 4: Recv/Dropped : 0/63
AGG (2 ,3) PORT 5: Recv/Dropped : 0/35
AGG (2 ,3) PORT 6: Recv/Dropped : 0/53
AGG (2 ,3) PORT 7: Recv/Dropped : 0/27
AGG (3 ,0) PORT 0: Recv/Dropped : 0/26
AGG (3 ,0) PORT 1: Recv/Dropped : 0/19
AGG (3 ,0) PORT 2: Recv/Dropped : 0/24
AGG (3 ,0) PORT 3: Recv/Dropped : 0/19
AGG (3 ,0) PORT 4: Recv/Dropped : 0/48
AGG (3 ,0) PORT 5: Recv/Dropped : 0/24
AGG (3 ,0) PORT 6: Recv/Dropped : 0/45
AGG (3 ,0) PORT 7: Recv/Dropped : 0/41
AGG (3 ,1) PORT 0: Recv/Dropped : 0/61
AGG (3 ,1) PORT 1: Recv/Dropped : 0/57
AGG (3 ,1) PORT 2: Recv/Dropped : 0/75
AGG (3 ,1) PORT 3: Recv/Dropped : 0/49
AGG (3 ,1) PORT 4: Recv/Dropped : 0/48
AGG (3 ,1) PORT 5: Recv/Dropped : 0/34
AGG (3 ,1) PORT 6: Recv/Dropped : 0/29
AGG (3 ,1) PORT 7: Recv/Dropped : 0/31
AGG (3 ,2) PORT 0: Recv/Dropped : 0/13
AGG (3 ,2) PORT 1: Recv/Dropped : 0/24
AGG (3 ,2) PORT 2: Recv/Dropped : 0/12
AGG (3 ,2) PORT 3: Recv/Dropped : 0/28
AGG (3 ,2) PORT 4: Recv/Dropped : 0/26
AGG (3 ,2) PORT 5: Recv/Dropped : 0/25
AGG (3 ,2) PORT 6: Recv/Dropped : 0/33
AGG (3 ,2) PORT 7: Recv/Dropped : 0/29
AGG (3 ,3) PORT 0: Recv/Dropped : 0/5
AGG (3 ,3) PORT 1: Recv/Dropped : 0/2
AGG (3 ,3) PORT 2: Recv/Dropped : 0/3
AGG (3 ,3) PORT 3: Recv/Dropped : 0/0
AGG (3 ,3) PORT 4: Recv/Dropped : 0/47
AGG (3 ,3) PORT 5: Recv/Dropped : 0/39
AGG (3 ,3) PORT 6: Recv/Dropped : 0/40
AGG (3 ,3) PORT 7: Recv/Dropped : 0/18
AGG (4 ,0) PORT 0: Recv/Dropped : 0/2
AGG (4 ,0) PORT 1: Recv/Dropped : 0/0
AGG (4 ,0) PORT 2: Recv/Dropped : 0/0
AGG (4 ,0) PORT 3: Recv/Dropped : 0/0
AGG (4 ,0) PORT 4: Recv/Dropped : 0/37
AGG (4 ,0) PORT 5: Recv/Dropped : 0/30
AGG (4 ,0) PORT 6: Recv/Dropped : 0/38
AGG (4 ,0) PORT 7: Recv/Dropped : 0/28
AGG (4 ,1) PORT 0: Recv/Dropped : 0/24
AGG (4 ,1) PORT 1: Recv/Dropped : 0/26
AGG (4 ,1) PORT 2: Recv/Dropped : 0/13
AGG (4 ,1) PORT 3: Recv/Dropped : 0/23
AGG (4 ,1) PORT 4: Recv/Dropped : 0/38
AGG (4 ,1) PORT 5: Recv/Dropped : 0/26
AGG (4 ,1) PORT 6: Recv/Dropped : 0/26
AGG (4 ,1) PORT 7: Recv/Dropped : 0/20
AGG (4 ,2) PORT 0: Recv/Dropped : 0/0
AGG (4 ,2) PORT 1: Recv/Dropped : 0/0
AGG (4 ,2) PORT 2: Recv/Dropped : 0/0
AGG (4 ,2) PORT 3: Recv/Dropped : 0/0
AGG (4 ,2) PORT 4: Recv/Dropped : 0/16
AGG (4 ,2) PORT 5: Recv/Dropped : 0/26
AGG (4 ,2) PORT 6: Recv/Dropped : 0/31
AGG (4 ,2) PORT 7: Recv/Dropped : 0/28
AGG (4 ,3) PORT 0: Recv/Dropped : 0/63
AGG (4 ,3) PORT 1: Recv/Dropped : 0/66
AGG (4 ,3) PORT 2: Recv/Dropped : 0/53
AGG (4 ,3) PORT 3: Recv/Dropped : 0/53
AGG (4 ,3) PORT 4: Recv/Dropped : 0/32
AGG (4 ,3) PORT 5: Recv/Dropped : 0/34
AGG (4 ,3) PORT 6: Recv/Dropped : 0/18
AGG (4 ,3) PORT 7: Recv/Dropped : 0/26
AGG (5 ,0) PORT 0: Recv/Dropped : 0/16
AGG (5 ,0) PORT 1: Recv/Dropped : 0/23
AGG (5 ,0) PORT 2: Recv/Dropped : 0/22
AGG (5 ,0) PORT 3: Recv/Dropped : 0/13
AGG (5 ,0) PORT 4: Recv/Dropped : 0/13
AGG (5 ,0) PORT 5: Recv/Dropped : 0/19
AGG (5 ,0) PORT 6: Recv/Dropped : 0/15
AGG (5 ,0) PORT 7: Recv/Dropped : 0/29
AGG (5 ,1) PORT 0: Recv/Dropped : 0/16
AGG (5 ,1) PORT 1: Recv/Dropped : 0/26
AGG (5 ,1) PORT 2: Recv/Dropped : 0/18
AGG (5 ,1) PORT 3: Recv/Dropped : 0/17
AGG (5 ,1) PORT 4: Recv/Dropped : 0/13
AGG (5 ,1) PORT 5: Recv/Dropped : 0/19
AGG (5 ,1) PORT 6: Recv/Dropped : 0/25
AGG (5 ,1) PORT 7: Recv/Dropped : 0/10
AGG (5 ,2) PORT 0: Recv/Dropped : 0/1
AGG (5 ,2) PORT 1: Recv/Dropped : 0/0
AGG (5 ,2) PORT 2: Recv/Dropped : 0/2
AGG (5 ,2) PORT 3: Recv/Dropped : 0/1
AGG (5 ,2) PORT 4: Recv/Dropped : 0/19
AGG (5 ,2) PORT 5: Recv/Dropped : 0/13
AGG (5 ,2) PORT 6: Recv/Dropped : 0/18
AGG (5 ,2) PORT 7: Recv/Dropped : 0/9
AGG (5 ,3) PORT 0: Recv/Dropped : 0/2
AGG (5 ,3) PORT 1: Recv/Dropped : 0/0
AGG (5 ,3) PORT 2: Recv/Dropped : 0/0
AGG (5 ,3) PORT 3: Recv/Dropped : 0/1
AGG (5 ,3) PORT 4: Recv/Dropped : 0/7
AGG (5 ,3) PORT 5: Recv/Dropped : 0/15
AGG (5 ,3) PORT 6: Recv/Dropped : 0/11
AGG (5 ,3) PORT 7: Recv/Dropped : 0/12
AGG (6 ,0) PORT 0: Recv/Dropped : 0/20
AGG (6 ,0) PORT 1: Recv/Dropped : 0/21
AGG (6 ,0) PORT 2: Recv/Dropped : 0/19
AGG (6 ,0) PORT 3: Recv/Dropped : 0/23
AGG (6 ,0) PORT 4: Recv/Dropped : 0/12
AGG (6 ,0) PORT 5: Recv/Dropped : 0/16
AGG (6 ,0) PORT 6: Recv/Dropped : 0/21
AGG (6 ,0) PORT 7: Recv/Dropped : 0/30
AGG (6 ,1) PORT 0: Recv/Dropped : 0/20
AGG (6 ,1) PORT 1: Recv/Dropped : 0/23
AGG (6 ,1) PORT 2: Recv/Dropped : 0/12
AGG (6 ,1) PORT 3: Recv/Dropped : 0/14
AGG (6 ,1) PORT 4: Recv/Dropped : 0/9
AGG (6 ,1) PORT 5: Recv/Dropped : 0/18
AGG (6 ,1) PORT 6: Recv/Dropped : 0/25
AGG (6 ,1) PORT 7: Recv/Dropped : 0/29
AGG (6 ,2) PORT 0: Recv/Dropped : 0/19
AGG (6 ,2) PORT 1: Recv/Dropped : 0/30
AGG (6 ,2) PORT 2: Recv/Dropped : 0/22
AGG (6 ,2) PORT 3: Recv/Dropped : 0/19
AGG (6 ,2) PORT 4: Recv/Dropped : 0/18
AGG (6 ,2) PORT 5: Recv/Dropped : 0/29
AGG (6 ,2) PORT 6: Recv/Dropped : 0/32
AGG (6 ,2) PORT 7: Recv/Dropped : 0/26
AGG (6 ,3) PORT 0: Recv/Dropped : 0/3
AGG (6 ,3) PORT 1: Recv/Dropped : 0/1
AGG (6 ,3) PORT 2: Recv/Dropped : 0/1
AGG (6 ,3) PORT 3: Recv/Dropped : 0/1
AGG (6 ,3) PORT 4: Recv/Dropped : 0/28
AGG (6 ,3) PORT 5: Recv/Dropped : 0/31
AGG (6 ,3) PORT 6: Recv/Dropped : 0/16
AGG (6 ,3) PORT 7: Recv/Dropped : 0/13
AGG (7 ,0) PORT 0: Recv/Dropped : 0/29
AGG (7 ,0) PORT 1: Recv/Dropped : 0/47
AGG (7 ,0) PORT 2: Recv/Dropped : 0/33
AGG (7 ,0) PORT 3: Recv/Dropped : 0/35
AGG (7 ,0) PORT 4: Recv/Dropped : 0/45
AGG (7 ,0) PORT 5: Recv/Dropped : 0/38
AGG (7 ,0) PORT 6: Recv/Dropped : 0/54
AGG (7 ,0) PORT 7: Recv/Dropped : 0/33
AGG (7 ,1) PORT 0: Recv/Dropped : 0/22
AGG (7 ,1) PORT 1: Recv/Dropped : 0/25
AGG (7 ,1) PORT 2: Recv/Dropped : 0/10
AGG (7 ,1) PORT 3: Recv/Dropped : 0/22
AGG (7 ,1) PORT 4: Recv/Dropped : 0/49
AGG (7 ,1) PORT 5: Recv/Dropped : 0/31
AGG (7 ,1) PORT 6: Recv/Dropped : 0/26
AGG (7 ,1) PORT 7: Recv/Dropped : 0/49
AGG (7 ,2) PORT 0: Recv/Dropped : 0/42
AGG (7 ,2) PORT 1: Recv/Dropped : 0/34
AGG (7 ,2) PORT 2: Recv/Dropped : 0/48
AGG (7 ,2) PORT 3: Recv/Dropped : 0/41
AGG (7 ,2) PORT 4: Recv/Dropped : 0/55
AGG (7 ,2) PORT 5: Recv/Dropped : 0/43
AGG (7 ,2) PORT 6: Recv/Dropped : 0/28
AGG (7 ,2) PORT 7: Recv/Dropped : 0/44
AGG (7 ,3) PORT 0: Recv/Dropped : 0/35
AGG (7 ,3) PORT 1: Recv/Dropped : 0/19
AGG (7 ,3) PORT 2: Recv/Dropped : 0/7
AGG (7 ,3) PORT 3: Recv/Dropped : 0/21
AGG (7 ,3) PORT 4: Recv/Dropped : 0/50
AGG (7 ,3) PORT 5: Recv/Dropped : 0/41
AGG (7 ,3) PORT 6: Recv/Dropped : 0/38
AGG (7 ,3) PORT 7: Recv/Dropped : 0/28


TOTAL RECEIVED PACKETS = 32315
TOTAL DROPPED PACKETS = 532