QUEUE STATISTICS FOR EXPERIMENT 2838
---------------------------
 -- EDGE QUEUE STATISTICS --
EDGE (0 ,0) PORT 0: Recv/Dropped : 0/2014
EDGE (0 ,0) PORT 1: Recv/Dropped : 0/1751
EDGE (0 ,0) PORT 2: Recv/Dropped : 0/2432
EDGE (0 ,0) PORT 3: Recv/Dropped : 0/3114
EDGE (0 ,0) PORT 4: Recv/Dropped : 0/2077
EDGE (0 ,0) PORT 5: Recv/Dropped : 0/1535
EDGE (0 ,0) PORT 6: Recv/Dropped : 0/2118
EDGE (0 ,0) PORT 7: Recv/Dropped : 0/2594
EDGE (0 ,1) PORT 0: Recv/Dropped : 0/1966
EDGE (0 ,1) PORT 1: Recv/Dropped : 0/1756
EDGE (0 ,1) PORT 2: Recv/Dropped : 0/2336
EDGE (0 ,1) PORT 3: Recv/Dropped : 0/2937
EDGE (0 ,1) PORT 4: Recv/Dropped : 0/2359
EDGE (0 ,1) PORT 5: Recv/Dropped : 0/1148
EDGE (0 ,1) PORT 6: Recv/Dropped : 0/1299
EDGE (0 ,1) PORT 7: Recv/Dropped : 0/1976
EDGE (0 ,2) PORT 0: Recv/Dropped : 0/1540
EDGE (0 ,2) PORT 1: Recv/Dropped : 0/1968
EDGE (0 ,2) PORT 2: Recv/Dropped : 0/4125
EDGE (0 ,2) PORT 3: Recv/Dropped : 0/1458
EDGE (0 ,2) PORT 4: Recv/Dropped : 0/2287
EDGE (0 ,2) PORT 5: Recv/Dropped : 0/1785
EDGE (0 ,2) PORT 6: Recv/Dropped : 0/2303
EDGE (0 ,2) PORT 7: Recv/Dropped : 0/1444
EDGE (0 ,3) PORT 0: Recv/Dropped : 0/5038
EDGE (0 ,3) PORT 1: Recv/Dropped : 0/2738
EDGE (0 ,3) PORT 2: Recv/Dropped : 0/3427
EDGE (0 ,3) PORT 3: Recv/Dropped : 0/3305
EDGE (0 ,3) PORT 4: Recv/Dropped : 0/3804
EDGE (0 ,3) PORT 5: Recv/Dropped : 0/3152
EDGE (0 ,3) PORT 6: Recv/Dropped : 0/3333
EDGE (0 ,3) PORT 7: Recv/Dropped : 0/2422
EDGE (1 ,0) PORT 0: Recv/Dropped : 0/2665
EDGE (1 ,0) PORT 1: Recv/Dropped : 0/1711
EDGE (1 ,0) PORT 2: Recv/Dropped : 0/3099
EDGE (1 ,0) PORT 3: Recv/Dropped : 0/2992
EDGE (1 ,0) PORT 4: Recv/Dropped : 0/1787
EDGE (1 ,0) PORT 5: Recv/Dropped : 0/2479
EDGE (1 ,0) PORT 6: Recv/Dropped : 0/1428
EDGE (1 ,0) PORT 7: Recv/Dropped : 0/1785
EDGE (1 ,1) PORT 0: Recv/Dropped : 0/3829
EDGE (1 ,1) PORT 1: Recv/Dropped : 0/2198
EDGE (1 ,1) PORT 2: Recv/Dropped : 0/2601
EDGE (1 ,1) PORT 3: Recv/Dropped : 0/1879
EDGE (1 ,1) PORT 4: Recv/Dropped : 0/2811
EDGE (1 ,1) PORT 5: Recv/Dropped : 0/1404
EDGE (1 ,1) PORT 6: Recv/Dropped : 0/1887
EDGE (1 ,1) PORT 7: Recv/Dropped : 0/1776
EDGE (1 ,2) PORT 0: Recv/Dropped : 0/1489
EDGE (1 ,2) PORT 1: Recv/Dropped : 0/1216
EDGE (1 ,2) PORT 2: Recv/Dropped : 0/2387
EDGE (1 ,2) PORT 3: Recv/Dropped : 0/1858
EDGE (1 ,2) PORT 4: Recv/Dropped : 0/1810
EDGE (1 ,2) PORT 5: Recv/Dropped : 0/2125
EDGE (1 ,2) PORT 6: Recv/Dropped : 0/1248
EDGE (1 ,2) PORT 7: Recv/Dropped : 0/1443
EDGE (1 ,3) PORT 0: Recv/Dropped : 0/1651
EDGE (1 ,3) PORT 1: Recv/Dropped : 0/3267
EDGE (1 ,3) PORT 2: Recv/Dropped : 0/2276
EDGE (1 ,3) PORT 3: Recv/Dropped : 0/1911
EDGE (1 ,3) PORT 4: Recv/Dropped : 0/2600
EDGE (1 ,3) PORT 5: Recv/Dropped : 0/2760
EDGE (1 ,3) PORT 6: Recv/Dropped : 0/1808
EDGE (1 ,3) PORT 7: Recv/Dropped : 0/1234
EDGE (2 ,0) PORT 0: Recv/Dropped : 0/2925
EDGE (2 ,0) PORT 1: Recv/Dropped : 0/2812
EDGE (2 ,0) PORT 2: Recv/Dropped : 0/5267
EDGE (2 ,0) PORT 3: Recv/Dropped : 0/3954
EDGE (2 ,0) PORT 4: Recv/Dropped : 0/2306
EDGE (2 ,0) PORT 5: Recv/Dropped : 0/4754
EDGE (2 ,0) PORT 6: Recv/Dropped : 0/4060
EDGE (2 ,0) PORT 7: Recv/Dropped : 0/2666
EDGE (2 ,1) PORT 0: Recv/Dropped : 0/3373
EDGE (2 ,1) PORT 1: Recv/Dropped : 0/1951
EDGE (2 ,1) PORT 2: Recv/Dropped : 0/2034
EDGE (2 ,1) PORT 3: Recv/Dropped : 0/2967
EDGE (2 ,1) PORT 4: Recv/Dropped : 0/3059
EDGE (2 ,1) PORT 5: Recv/Dropped : 0/2185
EDGE (2 ,1) PORT 6: Recv/Dropped : 0/1507
EDGE (2 ,1) PORT 7: Recv/Dropped : 0/2814
EDGE (2 ,2) PORT 0: Recv/Dropped : 0/4375
EDGE (2 ,2) PORT 1: Recv/Dropped : 0/3193
EDGE (2 ,2) PORT 2: Recv/Dropped : 0/2244
EDGE (2 ,2) PORT 3: Recv/Dropped : 0/2827
EDGE (2 ,2) PORT 4: Recv/Dropped : 0/2534
EDGE (2 ,2) PORT 5: Recv/Dropped : 0/1990
EDGE (2 ,2) PORT 6: Recv/Dropped : 0/4170
EDGE (2 ,2) PORT 7: Recv/Dropped : 0/2204
EDGE (2 ,3) PORT 0: Recv/Dropped : 0/2471
EDGE (2 ,3) PORT 1: Recv/Dropped : 0/2479
EDGE (2 ,3) PORT 2: Recv/Dropped : 0/1839
EDGE (2 ,3) PORT 3: Recv/Dropped : 0/2864
EDGE (2 ,3) PORT 4: Recv/Dropped : 0/1759
EDGE (2 ,3) PORT 5: Recv/Dropped : 0/2171
EDGE (2 ,3) PORT 6: Recv/Dropped : 0/2185
EDGE (2 ,3) PORT 7: Recv/Dropped : 0/2288
EDGE (3 ,0) PORT 0: Recv/Dropped : 0/1434
EDGE (3 ,0) PORT 1: Recv/Dropped : 0/2684
EDGE (3 ,0) PORT 2: Recv/Dropped : 0/2803
EDGE (3 ,0) PORT 3: Recv/Dropped : 0/4009
EDGE (3 ,0) PORT 4: Recv/Dropped : 0/1905
EDGE (3 ,0) PORT 5: Recv/Dropped : 0/2414
EDGE (3 ,0) PORT 6: Recv/Dropped : 0/1449
EDGE (3 ,0) PORT 7: Recv/Dropped : 0/2618
EDGE (3 ,1) PORT 0: Recv/Dropped : 0/3957
EDGE (3 ,1) PORT 1: Recv/Dropped : 0/1985
EDGE (3 ,1) PORT 2: Recv/Dropped : 0/2758
EDGE (3 ,1) PORT 3: Recv/Dropped : 0/3295
EDGE (3 ,1) PORT 4: Recv/Dropped : 0/2293
EDGE (3 ,1) PORT 5: Recv/Dropped : 0/2041
EDGE (3 ,1) PORT 6: Recv/Dropped : 0/3070
EDGE (3 ,1) PORT 7: Recv/Dropped : 0/2421
EDGE (3 ,2) PORT 0: Recv/Dropped : 0/2128
EDGE (3 ,2) PORT 1: Recv/Dropped : 0/1526
EDGE (3 ,2) PORT 2: Recv/Dropped : 0/1853
EDGE (3 ,2) PORT 3: Recv/Dropped : 0/1575
EDGE (3 ,2) PORT 4: Recv/Dropped : 0/1175
EDGE (3 ,2) PORT 5: Recv/Dropped : 0/1022
EDGE (3 ,2) PORT 6: Recv/Dropped : 0/1724
EDGE (3 ,2) PORT 7: Recv/Dropped : 0/1444
EDGE (3 ,3) PORT 0: Recv/Dropped : 0/2137
EDGE (3 ,3) PORT 1: Recv/Dropped : 0/4256
EDGE (3 ,3) PORT 2: Recv/Dropped : 0/2679
EDGE (3 ,3) PORT 3: Recv/Dropped : 0/2242
EDGE (3 ,3) PORT 4: Recv/Dropped : 0/2577
EDGE (3 ,3) PORT 5: Recv/Dropped : 0/1839
EDGE (3 ,3) PORT 6: Recv/Dropped : 0/1828
EDGE (3 ,3) PORT 7: Recv/Dropped : 0/1326
EDGE (4 ,0) PORT 0: Recv/Dropped : 0/2838
EDGE (4 ,0) PORT 1: Recv/Dropped : 0/4630
EDGE (4 ,0) PORT 2: Recv/Dropped : 0/2539
EDGE (4 ,0) PORT 3: Recv/Dropped : 0/1881
EDGE (4 ,0) PORT 4: Recv/Dropped : 0/767
EDGE (4 ,0) PORT 5: Recv/Dropped : 0/2069
EDGE (4 ,0) PORT 6: Recv/Dropped : 0/3260
EDGE (4 ,0) PORT 7: Recv/Dropped : 0/3868
EDGE (4 ,1) PORT 0: Recv/Dropped : 0/1531
EDGE (4 ,1) PORT 1: Recv/Dropped : 0/3041
EDGE (4 ,1) PORT 2: Recv/Dropped : 0/2476
EDGE (4 ,1) PORT 3: Recv/Dropped : 0/3052
EDGE (4 ,1) PORT 4: Recv/Dropped : 0/1342
EDGE (4 ,1) PORT 5: Recv/Dropped : 0/1816
EDGE (4 ,1) PORT 6: Recv/Dropped : 0/1373
EDGE (4 ,1) PORT 7: Recv/Dropped : 0/2241
EDGE (4 ,2) PORT 0: Recv/Dropped : 0/3203
EDGE (4 ,2) PORT 1: Recv/Dropped : 0/3366
EDGE (4 ,2) PORT 2: Recv/Dropped : 0/2546
EDGE (4 ,2) PORT 3: Recv/Dropped : 0/2663
EDGE (4 ,2) PORT 4: Recv/Dropped : 0/1688
EDGE (4 ,2) PORT 5: Recv/Dropped : 0/1820
EDGE (4 ,2) PORT 6: Recv/Dropped : 0/2388
EDGE (4 ,2) PORT 7: Recv/Dropped : 0/2040
EDGE (4 ,3) PORT 0: Recv/Dropped : 0/2295
EDGE (4 ,3) PORT 1: Recv/Dropped : 0/1947
EDGE (4 ,3) PORT 2: Recv/Dropped : 0/2604
EDGE (4 ,3) PORT 3: Recv/Dropped : 0/3019
EDGE (4 ,3) PORT 4: Recv/Dropped : 0/1937
EDGE (4 ,3) PORT 5: Recv/Dropped : 0/1515
EDGE (4 ,3) PORT 6: Recv/Dropped : 0/2016
EDGE (4 ,3) PORT 7: Recv/Dropped : 0/1804
EDGE (5 ,0) PORT 0: Recv/Dropped : 0/3891
EDGE (5 ,0) PORT 1: Recv/Dropped : 0/2590
EDGE (5 ,0) PORT 2: Recv/Dropped : 0/2936
EDGE (5 ,0) PORT 3: Recv/Dropped : 0/3843
EDGE (5 ,0) PORT 4: Recv/Dropped : 0/1820
EDGE (5 ,0) PORT 5: Recv/Dropped : 0/1993
EDGE (5 ,0) PORT 6: Recv/Dropped : 0/1983
EDGE (5 ,0) PORT 7: Recv/Dropped : 0/2133
EDGE (5 ,1) PORT 0: Recv/Dropped : 0/1239
EDGE (5 ,1) PORT 1: Recv/Dropped : 0/3775
EDGE (5 ,1) PORT 2: Recv/Dropped : 0/2634
EDGE (5 ,1) PORT 3: Recv/Dropped : 0/2880
EDGE (5 ,1) PORT 4: Recv/Dropped : 0/2567
EDGE (5 ,1) PORT 5: Recv/Dropped : 0/2543
EDGE (5 ,1) PORT 6: Recv/Dropped : 0/2068
EDGE (5 ,1) PORT 7: Recv/Dropped : 0/1669
EDGE (5 ,2) PORT 0: Recv/Dropped : 0/1897
EDGE (5 ,2) PORT 1: Recv/Dropped : 0/3817
EDGE (5 ,2) PORT 2: Recv/Dropped : 0/3599
EDGE (5 ,2) PORT 3: Recv/Dropped : 0/3398
EDGE (5 ,2) PORT 4: Recv/Dropped : 0/2285
EDGE (5 ,2) PORT 5: Recv/Dropped : 0/2498
EDGE (5 ,2) PORT 6: Recv/Dropped : 0/2695
EDGE (5 ,2) PORT 7: Recv/Dropped : 0/3361
EDGE (5 ,3) PORT 0: Recv/Dropped : 0/3069
EDGE (5 ,3) PORT 1: Recv/Dropped : 0/1792
EDGE (5 ,3) PORT 2: Recv/Dropped : 0/2405
EDGE (5 ,3) PORT 3: Recv/Dropped : 0/3835
EDGE (5 ,3) PORT 4: Recv/Dropped : 0/2284
EDGE (5 ,3) PORT 5: Recv/Dropped : 0/2721
EDGE (5 ,3) PORT 6: Recv/Dropped : 0/3155
EDGE (5 ,3) PORT 7: Recv/Dropped : 0/1604
EDGE (6 ,0) PORT 0: Recv/Dropped : 0/2320
EDGE (6 ,0) PORT 1: Recv/Dropped : 0/1937
EDGE (6 ,0) PORT 2: Recv/Dropped : 0/1813
EDGE (6 ,0) PORT 3: Recv/Dropped : 0/1739
EDGE (6 ,0) PORT 4: Recv/Dropped : 0/1786
EDGE (6 ,0) PORT 5: Recv/Dropped : 0/1385
EDGE (6 ,0) PORT 6: Recv/Dropped : 0/1869
EDGE (6 ,0) PORT 7: Recv/Dropped : 0/3234
EDGE (6 ,1) PORT 0: Recv/Dropped : 0/3265
EDGE (6 ,1) PORT 1: Recv/Dropped : 0/1752
EDGE (6 ,1) PORT 2: Recv/Dropped : 0/3437
EDGE (6 ,1) PORT 3: Recv/Dropped : 0/4388
EDGE (6 ,1) PORT 4: Recv/Dropped : 0/4134
EDGE (6 ,1) PORT 5: Recv/Dropped : 0/1978
EDGE (6 ,1) PORT 6: Recv/Dropped : 0/3650
EDGE (6 ,1) PORT 7: Recv/Dropped : 0/2789
EDGE (6 ,2) PORT 0: Recv/Dropped : 0/4479
EDGE (6 ,2) PORT 1: Recv/Dropped : 0/2235
EDGE (6 ,2) PORT 2: Recv/Dropped : 0/2431
EDGE (6 ,2) PORT 3: Recv/Dropped : 0/4732
EDGE (6 ,2) PORT 4: Recv/Dropped : 0/3304
EDGE (6 ,2) PORT 5: Recv/Dropped : 0/1885
EDGE (6 ,2) PORT 6: Recv/Dropped : 0/2720
EDGE (6 ,2) PORT 7: Recv/Dropped : 0/2036
EDGE (6 ,3) PORT 0: Recv/Dropped : 0/1766
EDGE (6 ,3) PORT 1: Recv/Dropped : 0/3681
EDGE (6 ,3) PORT 2: Recv/Dropped : 0/2287
EDGE (6 ,3) PORT 3: Recv/Dropped : 0/3106
EDGE (6 ,3) PORT 4: Recv/Dropped : 0/3450
EDGE (6 ,3) PORT 5: Recv/Dropped : 0/1937
EDGE (6 ,3) PORT 6: Recv/Dropped : 0/2233
EDGE (6 ,3) PORT 7: Recv/Dropped : 0/2048
EDGE (7 ,0) PORT 0: Recv/Dropped : 0/2851
EDGE (7 ,0) PORT 1: Recv/Dropped : 0/1863
EDGE (7 ,0) PORT 2: Recv/Dropped : 0/1466
EDGE (7 ,0) PORT 3: Recv/Dropped : 0/2948
EDGE (7 ,0) PORT 4: Recv/Dropped : 0/1876
EDGE (7 ,0) PORT 5: Recv/Dropped : 0/1285
EDGE (7 ,0) PORT 6: Recv/Dropped : 0/1959
EDGE (7 ,0) PORT 7: Recv/Dropped : 0/2124
EDGE (7 ,1) PORT 0: Recv/Dropped : 0/1521
EDGE (7 ,1) PORT 1: Recv/Dropped : 0/2891
EDGE (7 ,1) PORT 2: Recv/Dropped : 0/1866
EDGE (7 ,1) PORT 3: Recv/Dropped : 0/1008
EDGE (7 ,1) PORT 4: Recv/Dropped : 0/1688
EDGE (7 ,1) PORT 5: Recv/Dropped : 0/1571
EDGE (7 ,1) PORT 6: Recv/Dropped : 0/2377
EDGE (7 ,1) PORT 7: Recv/Dropped : 0/1474
EDGE (7 ,2) PORT 0: Recv/Dropped : 0/4361
EDGE (7 ,2) PORT 1: Recv/Dropped : 0/5434
EDGE (7 ,2) PORT 2: Recv/Dropped : 0/6505
EDGE (7 ,2) PORT 3: Recv/Dropped : 0/2543
EDGE (7 ,2) PORT 4: Recv/Dropped : 0/2511
EDGE (7 ,2) PORT 5: Recv/Dropped : 0/4303
EDGE (7 ,2) PORT 6: Recv/Dropped : 0/3280
EDGE (7 ,2) PORT 7: Recv/Dropped : 0/4539
EDGE (7 ,3) PORT 0: Recv/Dropped : 0/3899
EDGE (7 ,3) PORT 1: Recv/Dropped : 0/3692
EDGE (7 ,3) PORT 2: Recv/Dropped : 0/3024
EDGE (7 ,3) PORT 3: Recv/Dropped : 0/3658
EDGE (7 ,3) PORT 4: Recv/Dropped : 0/3932
EDGE (7 ,3) PORT 5: Recv/Dropped : 0/3046
EDGE (7 ,3) PORT 6: Recv/Dropped : 0/2046
EDGE (7 ,3) PORT 7: Recv/Dropped : 0/3090
 -- AGG QUEUE STATISTICS --
AGG (0 ,0) PORT 0: Recv/Dropped : 0/1875
AGG (0 ,0) PORT 1: Recv/Dropped : 0/2239
AGG (0 ,0) PORT 2: Recv/Dropped : 0/1706
AGG (0 ,0) PORT 3: Recv/Dropped : 0/1795
AGG (0 ,0) PORT 4: Recv/Dropped : 0/1962
AGG (0 ,0) PORT 5: Recv/Dropped : 0/1005
AGG (0 ,0) PORT 6: Recv/Dropped : 0/1521
AGG (0 ,0) PORT 7: Recv/Dropped : 0/1831
AGG (0 ,1) PORT 0: Recv/Dropped : 0/1729
AGG (0 ,1) PORT 1: Recv/Dropped : 0/2331
AGG (0 ,1) PORT 2: Recv/Dropped : 0/1611
AGG (0 ,1) PORT 3: Recv/Dropped : 0/1594
AGG (0 ,1) PORT 4: Recv/Dropped : 0/611
AGG (0 ,1) PORT 5: Recv/Dropped : 0/1224
AGG (0 ,1) PORT 6: Recv/Dropped : 0/1656
AGG (0 ,1) PORT 7: Recv/Dropped : 0/711
AGG (0 ,2) PORT 0: Recv/Dropped : 0/2791
AGG (0 ,2) PORT 1: Recv/Dropped : 0/1747
AGG (0 ,2) PORT 2: Recv/Dropped : 0/2057
AGG (0 ,2) PORT 3: Recv/Dropped : 0/1079
AGG (0 ,2) PORT 4: Recv/Dropped : 0/1416
AGG (0 ,2) PORT 5: Recv/Dropped : 0/1285
AGG (0 ,2) PORT 6: Recv/Dropped : 0/1055
AGG (0 ,2) PORT 7: Recv/Dropped : 0/1671
AGG (0 ,3) PORT 0: Recv/Dropped : 0/4228
AGG (0 ,3) PORT 1: Recv/Dropped : 0/2516
AGG (0 ,3) PORT 2: Recv/Dropped : 0/2674
AGG (0 ,3) PORT 3: Recv/Dropped : 0/2287
AGG (0 ,3) PORT 4: Recv/Dropped : 0/827
AGG (0 ,3) PORT 5: Recv/Dropped : 0/1818
AGG (0 ,3) PORT 6: Recv/Dropped : 0/1085
AGG (0 ,3) PORT 7: Recv/Dropped : 0/1914
AGG (1 ,0) PORT 0: Recv/Dropped : 0/1641
AGG (1 ,0) PORT 1: Recv/Dropped : 0/1974
AGG (1 ,0) PORT 2: Recv/Dropped : 0/1578
AGG (1 ,0) PORT 3: Recv/Dropped : 0/3578
AGG (1 ,0) PORT 4: Recv/Dropped : 0/867
AGG (1 ,0) PORT 5: Recv/Dropped : 0/2053
AGG (1 ,0) PORT 6: Recv/Dropped : 0/1419
AGG (1 ,0) PORT 7: Recv/Dropped : 0/2521
AGG (1 ,1) PORT 0: Recv/Dropped : 0/1719
AGG (1 ,1) PORT 1: Recv/Dropped : 0/2265
AGG (1 ,1) PORT 2: Recv/Dropped : 0/2442
AGG (1 ,1) PORT 3: Recv/Dropped : 0/2072
AGG (1 ,1) PORT 4: Recv/Dropped : 0/1577
AGG (1 ,1) PORT 5: Recv/Dropped : 0/943
AGG (1 ,1) PORT 6: Recv/Dropped : 0/1676
AGG (1 ,1) PORT 7: Recv/Dropped : 0/1288
AGG (1 ,2) PORT 0: Recv/Dropped : 0/2377
AGG (1 ,2) PORT 1: Recv/Dropped : 0/1086
AGG (1 ,2) PORT 2: Recv/Dropped : 0/1446
AGG (1 ,2) PORT 3: Recv/Dropped : 0/758
AGG (1 ,2) PORT 4: Recv/Dropped : 0/873
AGG (1 ,2) PORT 5: Recv/Dropped : 0/1360
AGG (1 ,2) PORT 6: Recv/Dropped : 0/569
AGG (1 ,2) PORT 7: Recv/Dropped : 0/1253
AGG (1 ,3) PORT 0: Recv/Dropped : 0/2300
AGG (1 ,3) PORT 1: Recv/Dropped : 0/1375
AGG (1 ,3) PORT 2: Recv/Dropped : 0/3657
AGG (1 ,3) PORT 3: Recv/Dropped : 0/1457
AGG (1 ,3) PORT 4: Recv/Dropped : 0/859
AGG (1 ,3) PORT 5: Recv/Dropped : 0/589
AGG (1 ,3) PORT 6: Recv/Dropped : 0/1217
AGG (1 ,3) PORT 7: Recv/Dropped : 0/1122
AGG (2 ,0) PORT 0: Recv/Dropped : 0/2731
AGG (2 ,0) PORT 1: Recv/Dropped : 0/4455
AGG (2 ,0) PORT 2: Recv/Dropped : 0/4156
AGG (2 ,0) PORT 3: Recv/Dropped : 0/2665
AGG (2 ,0) PORT 4: Recv/Dropped : 0/1941
AGG (2 ,0) PORT 5: Recv/Dropped : 0/2243
AGG (2 ,0) PORT 6: Recv/Dropped : 0/1800
AGG (2 ,0) PORT 7: Recv/Dropped : 0/788
AGG (2 ,1) PORT 0: Recv/Dropped : 0/1836
AGG (2 ,1) PORT 1: Recv/Dropped : 0/2652
AGG (2 ,1) PORT 2: Recv/Dropped : 0/2547
AGG (2 ,1) PORT 3: Recv/Dropped : 0/2816
AGG (2 ,1) PORT 4: Recv/Dropped : 0/2203
AGG (2 ,1) PORT 5: Recv/Dropped : 0/2148
AGG (2 ,1) PORT 6: Recv/Dropped : 0/1735
AGG (2 ,1) PORT 7: Recv/Dropped : 0/587
AGG (2 ,2) PORT 0: Recv/Dropped : 0/4340
AGG (2 ,2) PORT 1: Recv/Dropped : 0/1867
AGG (2 ,2) PORT 2: Recv/Dropped : 0/2432
AGG (2 ,2) PORT 3: Recv/Dropped : 0/3052
AGG (2 ,2) PORT 4: Recv/Dropped : 0/1511
AGG (2 ,2) PORT 5: Recv/Dropped : 0/2155
AGG (2 ,2) PORT 6: Recv/Dropped : 0/1696
AGG (2 ,2) PORT 7: Recv/Dropped : 0/2589
AGG (2 ,3) PORT 0: Recv/Dropped : 0/847
AGG (2 ,3) PORT 1: Recv/Dropped : 0/1368
AGG (2 ,3) PORT 2: Recv/Dropped : 0/1796
AGG (2 ,3) PORT 3: Recv/Dropped : 0/2968
AGG (2 ,3) PORT 4: Recv/Dropped : 0/914
AGG (2 ,3) PORT 5: Recv/Dropped : 0/1670
AGG (2 ,3) PORT 6: Recv/Dropped : 0/1199
AGG (2 ,3) PORT 7: Recv/Dropped : 0/1237
AGG (3 ,0) PORT 0: Recv/Dropped : 0/2414
AGG (3 ,0) PORT 1: Recv/Dropped : 0/1336
AGG (3 ,0) PORT 2: Recv/Dropped : 0/1743
AGG (3 ,0) PORT 3: Recv/Dropped : 0/2933
AGG (3 ,0) PORT 4: Recv/Dropped : 0/967
AGG (3 ,0) PORT 5: Recv/Dropped : 0/1828
AGG (3 ,0) PORT 6: Recv/Dropped : 0/1733
AGG (3 ,0) PORT 7: Recv/Dropped : 0/1050
AGG (3 ,1) PORT 0: Recv/Dropped : 0/2226
AGG (3 ,1) PORT 1: Recv/Dropped : 0/2499
AGG (3 ,1) PORT 2: Recv/Dropped : 0/1828
AGG (3 ,1) PORT 3: Recv/Dropped : 0/2924
AGG (3 ,1) PORT 4: Recv/Dropped : 0/1853
AGG (3 ,1) PORT 5: Recv/Dropped : 0/851
AGG (3 ,1) PORT 6: Recv/Dropped : 0/1102
AGG (3 ,1) PORT 7: Recv/Dropped : 0/1116
AGG (3 ,2) PORT 0: Recv/Dropped : 0/1514
AGG (3 ,2) PORT 1: Recv/Dropped : 0/1646
AGG (3 ,2) PORT 2: Recv/Dropped : 0/1230
AGG (3 ,2) PORT 3: Recv/Dropped : 0/963
AGG (3 ,2) PORT 4: Recv/Dropped : 0/859
AGG (3 ,2) PORT 5: Recv/Dropped : 0/1759
AGG (3 ,2) PORT 6: Recv/Dropped : 0/1624
AGG (3 ,2) PORT 7: Recv/Dropped : 0/1189
AGG (3 ,3) PORT 0: Recv/Dropped : 0/1288
AGG (3 ,3) PORT 1: Recv/Dropped : 0/1601
AGG (3 ,3) PORT 2: Recv/Dropped : 0/1728
AGG (3 ,3) PORT 3: Recv/Dropped : 0/3746
AGG (3 ,3) PORT 4: Recv/Dropped : 0/989
AGG (3 ,3) PORT 5: Recv/Dropped : 0/836
AGG (3 ,3) PORT 6: Recv/Dropped : 0/294
AGG (3 ,3) PORT 7: Recv/Dropped : 0/1362
AGG (4 ,0) PORT 0: Recv/Dropped : 0/2774
AGG (4 ,0) PORT 1: Recv/Dropped : 0/1355
AGG (4 ,0) PORT 2: Recv/Dropped : 0/2061
AGG (4 ,0) PORT 3: Recv/Dropped : 0/3037
AGG (4 ,0) PORT 4: Recv/Dropped : 0/603
AGG (4 ,0) PORT 5: Recv/Dropped : 0/698
AGG (4 ,0) PORT 6: Recv/Dropped : 0/1184
AGG (4 ,0) PORT 7: Recv/Dropped : 0/1574
AGG (4 ,1) PORT 0: Recv/Dropped : 0/1822
AGG (4 ,1) PORT 1: Recv/Dropped : 0/1553
AGG (4 ,1) PORT 2: Recv/Dropped : 0/2285
AGG (4 ,1) PORT 3: Recv/Dropped : 0/1666
AGG (4 ,1) PORT 4: Recv/Dropped : 0/702
AGG (4 ,1) PORT 5: Recv/Dropped : 0/1236
AGG (4 ,1) PORT 6: Recv/Dropped : 0/1848
AGG (4 ,1) PORT 7: Recv/Dropped : 0/1421
AGG (4 ,2) PORT 0: Recv/Dropped : 0/2225
AGG (4 ,2) PORT 1: Recv/Dropped : 0/1734
AGG (4 ,2) PORT 2: Recv/Dropped : 0/1932
AGG (4 ,2) PORT 3: Recv/Dropped : 0/2182
AGG (4 ,2) PORT 4: Recv/Dropped : 0/1780
AGG (4 ,2) PORT 5: Recv/Dropped : 0/1326
AGG (4 ,2) PORT 6: Recv/Dropped : 0/1731
AGG (4 ,2) PORT 7: Recv/Dropped : 0/866
AGG (4 ,3) PORT 0: Recv/Dropped : 0/1772
AGG (4 ,3) PORT 1: Recv/Dropped : 0/1721
AGG (4 ,3) PORT 2: Recv/Dropped : 0/3091
AGG (4 ,3) PORT 3: Recv/Dropped : 0/1566
AGG (4 ,3) PORT 4: Recv/Dropped : 0/2553
AGG (4 ,3) PORT 5: Recv/Dropped : 0/1726
AGG (4 ,3) PORT 6: Recv/Dropped : 0/1054
AGG (4 ,3) PORT 7: Recv/Dropped : 0/770
AGG (5 ,0) PORT 0: Recv/Dropped : 0/2072
AGG (5 ,0) PORT 1: Recv/Dropped : 0/1635
AGG (5 ,0) PORT 2: Recv/Dropped : 0/2478
AGG (5 ,0) PORT 3: Recv/Dropped : 0/1605
AGG (5 ,0) PORT 4: Recv/Dropped : 0/731
AGG (5 ,0) PORT 5: Recv/Dropped : 0/1199
AGG (5 ,0) PORT 6: Recv/Dropped : 0/2473
AGG (5 ,0) PORT 7: Recv/Dropped : 0/942
AGG (5 ,1) PORT 0: Recv/Dropped : 0/2440
AGG (5 ,1) PORT 1: Recv/Dropped : 0/2230
AGG (5 ,1) PORT 2: Recv/Dropped : 0/2285
AGG (5 ,1) PORT 3: Recv/Dropped : 0/1854
AGG (5 ,1) PORT 4: Recv/Dropped : 0/931
AGG (5 ,1) PORT 5: Recv/Dropped : 0/1051
AGG (5 ,1) PORT 6: Recv/Dropped : 0/1886
AGG (5 ,1) PORT 7: Recv/Dropped : 0/1106
AGG (5 ,2) PORT 0: Recv/Dropped : 0/3188
AGG (5 ,2) PORT 1: Recv/Dropped : 0/2905
AGG (5 ,2) PORT 2: Recv/Dropped : 0/1689
AGG (5 ,2) PORT 3: Recv/Dropped : 0/2728
AGG (5 ,2) PORT 4: Recv/Dropped : 0/1169
AGG (5 ,2) PORT 5: Recv/Dropped : 0/1803
AGG (5 ,2) PORT 6: Recv/Dropped : 0/2333
AGG (5 ,2) PORT 7: Recv/Dropped : 0/1338
AGG (5 ,3) PORT 0: Recv/Dropped : 0/3110
AGG (5 ,3) PORT 1: Recv/Dropped : 0/3238
AGG (5 ,3) PORT 2: Recv/Dropped : 0/2013
AGG (5 ,3) PORT 3: Recv/Dropped : 0/1929
AGG (5 ,3) PORT 4: Recv/Dropped : 0/1711
AGG (5 ,3) PORT 5: Recv/Dropped : 0/1066
AGG (5 ,3) PORT 6: Recv/Dropped : 0/1696
AGG (5 ,3) PORT 7: Recv/Dropped : 0/771
AGG (6 ,0) PORT 0: Recv/Dropped : 0/1268
AGG (6 ,0) PORT 1: Recv/Dropped : 0/1289
AGG (6 ,0) PORT 2: Recv/Dropped : 0/3162
AGG (6 ,0) PORT 3: Recv/Dropped : 0/1774
AGG (6 ,0) PORT 4: Recv/Dropped : 0/1864
AGG (6 ,0) PORT 5: Recv/Dropped : 0/2553
AGG (6 ,0) PORT 6: Recv/Dropped : 0/4062
AGG (6 ,0) PORT 7: Recv/Dropped : 0/866
AGG (6 ,1) PORT 0: Recv/Dropped : 0/1822
AGG (6 ,1) PORT 1: Recv/Dropped : 0/3765
AGG (6 ,1) PORT 2: Recv/Dropped : 0/2623
AGG (6 ,1) PORT 3: Recv/Dropped : 0/3543
AGG (6 ,1) PORT 4: Recv/Dropped : 0/1150
AGG (6 ,1) PORT 5: Recv/Dropped : 0/1421
AGG (6 ,1) PORT 6: Recv/Dropped : 0/1894
AGG (6 ,1) PORT 7: Recv/Dropped : 0/991
AGG (6 ,2) PORT 0: Recv/Dropped : 0/2590
AGG (6 ,2) PORT 1: Recv/Dropped : 0/2597
AGG (6 ,2) PORT 2: Recv/Dropped : 0/3597
AGG (6 ,2) PORT 3: Recv/Dropped : 0/1994
AGG (6 ,2) PORT 4: Recv/Dropped : 0/1373
AGG (6 ,2) PORT 5: Recv/Dropped : 0/557
AGG (6 ,2) PORT 6: Recv/Dropped : 0/1828
AGG (6 ,2) PORT 7: Recv/Dropped : 0/1059
AGG (6 ,3) PORT 0: Recv/Dropped : 0/3323
AGG (6 ,3) PORT 1: Recv/Dropped : 0/1725
AGG (6 ,3) PORT 2: Recv/Dropped : 0/3166
AGG (6 ,3) PORT 3: Recv/Dropped : 0/1666
AGG (6 ,3) PORT 4: Recv/Dropped : 0/1533
AGG (6 ,3) PORT 5: Recv/Dropped : 0/1041
AGG (6 ,3) PORT 6: Recv/Dropped : 0/1621
AGG (6 ,3) PORT 7: Recv/Dropped : 0/2574
AGG (7 ,0) PORT 0: Recv/Dropped : 0/1418
AGG (7 ,0) PORT 1: Recv/Dropped : 0/1451
AGG (7 ,0) PORT 2: Recv/Dropped : 0/2254
AGG (7 ,0) PORT 3: Recv/Dropped : 0/2594
AGG (7 ,0) PORT 4: Recv/Dropped : 0/1988
AGG (7 ,0) PORT 5: Recv/Dropped : 0/1379
AGG (7 ,0) PORT 6: Recv/Dropped : 0/1058
AGG (7 ,0) PORT 7: Recv/Dropped : 0/1292
AGG (7 ,1) PORT 0: Recv/Dropped : 0/1091
AGG (7 ,1) PORT 1: Recv/Dropped : 0/2045
AGG (7 ,1) PORT 2: Recv/Dropped : 0/2135
AGG (7 ,1) PORT 3: Recv/Dropped : 0/589
AGG (7 ,1) PORT 4: Recv/Dropped : 0/1253
AGG (7 ,1) PORT 5: Recv/Dropped : 0/737
AGG (7 ,1) PORT 6: Recv/Dropped : 0/1416
AGG (7 ,1) PORT 7: Recv/Dropped : 0/1942
AGG (7 ,2) PORT 0: Recv/Dropped : 0/3474
AGG (7 ,2) PORT 1: Recv/Dropped : 0/2806
AGG (7 ,2) PORT 2: Recv/Dropped : 0/2639
AGG (7 ,2) PORT 3: Recv/Dropped : 0/5581
AGG (7 ,2) PORT 4: Recv/Dropped : 0/988
AGG (7 ,2) PORT 5: Recv/Dropped : 0/971
AGG (7 ,2) PORT 6: Recv/Dropped : 0/1181
AGG (7 ,2) PORT 7: Recv/Dropped : 0/2319
AGG (7 ,3) PORT 0: Recv/Dropped : 0/4269
AGG (7 ,3) PORT 1: Recv/Dropped : 0/4163
AGG (7 ,3) PORT 2: Recv/Dropped : 0/2448
AGG (7 ,3) PORT 3: Recv/Dropped : 0/1514
AGG (7 ,3) PORT 4: Recv/Dropped : 0/2759
AGG (7 ,3) PORT 5: Recv/Dropped : 0/1199
AGG (7 ,3) PORT 6: Recv/Dropped : 0/1209
AGG (7 ,3) PORT 7: Recv/Dropped : 0/1899


TOTAL RECEIVED PACKETS = 1116182
TOTAL DROPPED PACKETS = 0