QUEUE STATISTICS FOR EXPERIMENT 9103
---------------------------
 -- EDGE QUEUE STATISTICS --
EDGE (0 ,0) PORT 0: Recv/Dropped : 220/9893
EDGE (0 ,0) PORT 1: Recv/Dropped : 0/84
EDGE (0 ,0) PORT 2: Recv/Dropped : 0/68
EDGE (0 ,0) PORT 3: Recv/Dropped : 0/65
EDGE (0 ,0) PORT 4: Recv/Dropped : 0/1637
EDGE (0 ,0) PORT 5: Recv/Dropped : 0/1741
EDGE (0 ,0) PORT 6: Recv/Dropped : 0/1630
EDGE (0 ,0) PORT 7: Recv/Dropped : 0/1606
EDGE (0 ,1) PORT 0: Recv/Dropped : 0/77
EDGE (0 ,1) PORT 1: Recv/Dropped : 0/66
EDGE (0 ,1) PORT 2: Recv/Dropped : 0/65
EDGE (0 ,1) PORT 3: Recv/Dropped : 0/2
EDGE (0 ,1) PORT 4: Recv/Dropped : 0/72
EDGE (0 ,1) PORT 5: Recv/Dropped : 0/73
EDGE (0 ,1) PORT 6: Recv/Dropped : 0/78
EDGE (0 ,1) PORT 7: Recv/Dropped : 0/84
EDGE (0 ,2) PORT 0: Recv/Dropped : 0/62
EDGE (0 ,2) PORT 1: Recv/Dropped : 0/64
EDGE (0 ,2) PORT 2: Recv/Dropped : 0/64
EDGE (0 ,2) PORT 3: Recv/Dropped : 0/64
EDGE (0 ,2) PORT 4: Recv/Dropped : 0/80
EDGE (0 ,2) PORT 5: Recv/Dropped : 0/102
EDGE (0 ,2) PORT 6: Recv/Dropped : 0/100
EDGE (0 ,2) PORT 7: Recv/Dropped : 0/106
EDGE (0 ,3) PORT 0: Recv/Dropped : 0/65
EDGE (0 ,3) PORT 1: Recv/Dropped : 0/64
EDGE (0 ,3) PORT 2: Recv/Dropped : 0/64
EDGE (0 ,3) PORT 3: Recv/Dropped : 0/81
EDGE (0 ,3) PORT 4: Recv/Dropped : 0/97
EDGE (0 ,3) PORT 5: Recv/Dropped : 0/105
EDGE (0 ,3) PORT 6: Recv/Dropped : 0/96
EDGE (0 ,3) PORT 7: Recv/Dropped : 0/91
EDGE (1 ,0) PORT 0: Recv/Dropped : 0/75
EDGE (1 ,0) PORT 1: Recv/Dropped : 0/67
EDGE (1 ,0) PORT 2: Recv/Dropped : 0/63
EDGE (1 ,0) PORT 3: Recv/Dropped : 0/65
EDGE (1 ,0) PORT 4: Recv/Dropped : 0/93
EDGE (1 ,0) PORT 5: Recv/Dropped : 0/111
EDGE (1 ,0) PORT 6: Recv/Dropped : 0/92
EDGE (1 ,0) PORT 7: Recv/Dropped : 0/98
EDGE (1 ,1) PORT 0: Recv/Dropped : 0/62
EDGE (1 ,1) PORT 1: Recv/Dropped : 0/77
EDGE (1 ,1) PORT 2: Recv/Dropped : 0/67
EDGE (1 ,1) PORT 3: Recv/Dropped : 0/62
EDGE (1 ,1) PORT 4: Recv/Dropped : 0/89
EDGE (1 ,1) PORT 5: Recv/Dropped : 0/95
EDGE (1 ,1) PORT 6: Recv/Dropped : 0/103
EDGE (1 ,1) PORT 7: Recv/Dropped : 0/105
EDGE (1 ,2) PORT 0: Recv/Dropped : 0/64
EDGE (1 ,2) PORT 1: Recv/Dropped : 0/66
EDGE (1 ,2) PORT 2: Recv/Dropped : 0/64
EDGE (1 ,2) PORT 3: Recv/Dropped : 0/64
EDGE (1 ,2) PORT 4: Recv/Dropped : 0/100
EDGE (1 ,2) PORT 5: Recv/Dropped : 0/95
EDGE (1 ,2) PORT 6: Recv/Dropped : 0/95
EDGE (1 ,2) PORT 7: Recv/Dropped : 0/106
EDGE (1 ,3) PORT 0: Recv/Dropped : 0/66
EDGE (1 ,3) PORT 1: Recv/Dropped : 0/64
EDGE (1 ,3) PORT 2: Recv/Dropped : 0/77
EDGE (1 ,3) PORT 3: Recv/Dropped : 0/2
EDGE (1 ,3) PORT 4: Recv/Dropped : 0/77
EDGE (1 ,3) PORT 5: Recv/Dropped : 0/69
EDGE (1 ,3) PORT 6: Recv/Dropped : 0/65
EDGE (1 ,3) PORT 7: Recv/Dropped : 0/86
EDGE (2 ,0) PORT 0: Recv/Dropped : 0/77
EDGE (2 ,0) PORT 1: Recv/Dropped : 0/63
EDGE (2 ,0) PORT 2: Recv/Dropped : 0/74
EDGE (2 ,0) PORT 3: Recv/Dropped : 0/64
EDGE (2 ,0) PORT 4: Recv/Dropped : 0/86
EDGE (2 ,0) PORT 5: Recv/Dropped : 0/107
EDGE (2 ,0) PORT 6: Recv/Dropped : 0/98
EDGE (2 ,0) PORT 7: Recv/Dropped : 0/102
EDGE (2 ,1) PORT 0: Recv/Dropped : 0/64
EDGE (2 ,1) PORT 1: Recv/Dropped : 0/64
EDGE (2 ,1) PORT 2: Recv/Dropped : 0/67
EDGE (2 ,1) PORT 3: Recv/Dropped : 0/79
EDGE (2 ,1) PORT 4: Recv/Dropped : 0/88
EDGE (2 ,1) PORT 5: Recv/Dropped : 0/97
EDGE (2 ,1) PORT 6: Recv/Dropped : 0/94
EDGE (2 ,1) PORT 7: Recv/Dropped : 0/111
EDGE (2 ,2) PORT 0: Recv/Dropped : 0/2
EDGE (2 ,2) PORT 1: Recv/Dropped : 0/64
EDGE (2 ,2) PORT 2: Recv/Dropped : 0/85
EDGE (2 ,2) PORT 3: Recv/Dropped : 0/2
EDGE (2 ,2) PORT 4: Recv/Dropped : 0/49
EDGE (2 ,2) PORT 5: Recv/Dropped : 0/46
EDGE (2 ,2) PORT 6: Recv/Dropped : 0/52
EDGE (2 ,2) PORT 7: Recv/Dropped : 0/55
EDGE (2 ,3) PORT 0: Recv/Dropped : 0/64
EDGE (2 ,3) PORT 1: Recv/Dropped : 0/68
EDGE (2 ,3) PORT 2: Recv/Dropped : 0/66
EDGE (2 ,3) PORT 3: Recv/Dropped : 0/62
EDGE (2 ,3) PORT 4: Recv/Dropped : 0/84
EDGE (2 ,3) PORT 5: Recv/Dropped : 0/100
EDGE (2 ,3) PORT 6: Recv/Dropped : 0/93
EDGE (2 ,3) PORT 7: Recv/Dropped : 0/116
EDGE (3 ,0) PORT 0: Recv/Dropped : 0/63
EDGE (3 ,0) PORT 1: Recv/Dropped : 0/68
EDGE (3 ,0) PORT 2: Recv/Dropped : 0/64
EDGE (3 ,0) PORT 3: Recv/Dropped : 0/2
EDGE (3 ,0) PORT 4: Recv/Dropped : 0/74
EDGE (3 ,0) PORT 5: Recv/Dropped : 0/83
EDGE (3 ,0) PORT 6: Recv/Dropped : 0/73
EDGE (3 ,0) PORT 7: Recv/Dropped : 0/69
EDGE (3 ,1) PORT 0: Recv/Dropped : 0/2
EDGE (3 ,1) PORT 1: Recv/Dropped : 0/63
EDGE (3 ,1) PORT 2: Recv/Dropped : 0/67
EDGE (3 ,1) PORT 3: Recv/Dropped : 0/65
EDGE (3 ,1) PORT 4: Recv/Dropped : 0/79
EDGE (3 ,1) PORT 5: Recv/Dropped : 0/69
EDGE (3 ,1) PORT 6: Recv/Dropped : 0/80
EDGE (3 ,1) PORT 7: Recv/Dropped : 0/72
EDGE (3 ,2) PORT 0: Recv/Dropped : 0/64
EDGE (3 ,2) PORT 1: Recv/Dropped : 0/2
EDGE (3 ,2) PORT 2: Recv/Dropped : 0/2
EDGE (3 ,2) PORT 3: Recv/Dropped : 0/67
EDGE (3 ,2) PORT 4: Recv/Dropped : 0/58
EDGE (3 ,2) PORT 5: Recv/Dropped : 0/51
EDGE (3 ,2) PORT 6: Recv/Dropped : 0/48
EDGE (3 ,2) PORT 7: Recv/Dropped : 0/46
EDGE (3 ,3) PORT 0: Recv/Dropped : 0/78
EDGE (3 ,3) PORT 1: Recv/Dropped : 0/70
EDGE (3 ,3) PORT 2: Recv/Dropped : 0/62
EDGE (3 ,3) PORT 3: Recv/Dropped : 0/67
EDGE (3 ,3) PORT 4: Recv/Dropped : 0/97
EDGE (3 ,3) PORT 5: Recv/Dropped : 0/101
EDGE (3 ,3) PORT 6: Recv/Dropped : 0/107
EDGE (3 ,3) PORT 7: Recv/Dropped : 0/86
EDGE (4 ,0) PORT 0: Recv/Dropped : 0/65
EDGE (4 ,0) PORT 1: Recv/Dropped : 0/66
EDGE (4 ,0) PORT 2: Recv/Dropped : 0/70
EDGE (4 ,0) PORT 3: Recv/Dropped : 0/2
EDGE (4 ,0) PORT 4: Recv/Dropped : 0/76
EDGE (4 ,0) PORT 5: Recv/Dropped : 0/77
EDGE (4 ,0) PORT 6: Recv/Dropped : 0/78
EDGE (4 ,0) PORT 7: Recv/Dropped : 0/72
EDGE (4 ,1) PORT 0: Recv/Dropped : 0/65
EDGE (4 ,1) PORT 1: Recv/Dropped : 0/2
EDGE (4 ,1) PORT 2: Recv/Dropped : 0/65
EDGE (4 ,1) PORT 3: Recv/Dropped : 0/67
EDGE (4 ,1) PORT 4: Recv/Dropped : 0/73
EDGE (4 ,1) PORT 5: Recv/Dropped : 0/85
EDGE (4 ,1) PORT 6: Recv/Dropped : 0/75
EDGE (4 ,1) PORT 7: Recv/Dropped : 0/69
EDGE (4 ,2) PORT 0: Recv/Dropped : 0/2
EDGE (4 ,2) PORT 1: Recv/Dropped : 0/67
EDGE (4 ,2) PORT 2: Recv/Dropped : 0/4
EDGE (4 ,2) PORT 3: Recv/Dropped : 0/62
EDGE (4 ,2) PORT 4: Recv/Dropped : 0/44
EDGE (4 ,2) PORT 5: Recv/Dropped : 0/46
EDGE (4 ,2) PORT 6: Recv/Dropped : 0/57
EDGE (4 ,2) PORT 7: Recv/Dropped : 0/58
EDGE (4 ,3) PORT 0: Recv/Dropped : 0/71
EDGE (4 ,3) PORT 1: Recv/Dropped : 0/3
EDGE (4 ,3) PORT 2: Recv/Dropped : 0/66
EDGE (4 ,3) PORT 3: Recv/Dropped : 0/2
EDGE (4 ,3) PORT 4: Recv/Dropped : 0/64
EDGE (4 ,3) PORT 5: Recv/Dropped : 0/43
EDGE (4 ,3) PORT 6: Recv/Dropped : 0/44
EDGE (4 ,3) PORT 7: Recv/Dropped : 0/54
EDGE (5 ,0) PORT 0: Recv/Dropped : 0/2
EDGE (5 ,0) PORT 1: Recv/Dropped : 0/62
EDGE (5 ,0) PORT 2: Recv/Dropped : 0/65
EDGE (5 ,0) PORT 3: Recv/Dropped : 0/4
EDGE (5 ,0) PORT 4: Recv/Dropped : 0/54
EDGE (5 ,0) PORT 5: Recv/Dropped : 0/51
EDGE (5 ,0) PORT 6: Recv/Dropped : 0/50
EDGE (5 ,0) PORT 7: Recv/Dropped : 0/49
EDGE (5 ,1) PORT 0: Recv/Dropped : 0/2
EDGE (5 ,1) PORT 1: Recv/Dropped : 0/65
EDGE (5 ,1) PORT 2: Recv/Dropped : 0/4
EDGE (5 ,1) PORT 3: Recv/Dropped : 0/66
EDGE (5 ,1) PORT 4: Recv/Dropped : 0/50
EDGE (5 ,1) PORT 5: Recv/Dropped : 0/51
EDGE (5 ,1) PORT 6: Recv/Dropped : 0/54
EDGE (5 ,1) PORT 7: Recv/Dropped : 0/51
EDGE (5 ,2) PORT 0: Recv/Dropped : 0/64
EDGE (5 ,2) PORT 1: Recv/Dropped : 0/68
EDGE (5 ,2) PORT 2: Recv/Dropped : 0/62
EDGE (5 ,2) PORT 3: Recv/Dropped : 0/2
EDGE (5 ,2) PORT 4: Recv/Dropped : 0/74
EDGE (5 ,2) PORT 5: Recv/Dropped : 0/76
EDGE (5 ,2) PORT 6: Recv/Dropped : 0/79
EDGE (5 ,2) PORT 7: Recv/Dropped : 0/69
EDGE (5 ,3) PORT 0: Recv/Dropped : 0/66
EDGE (5 ,3) PORT 1: Recv/Dropped : 0/63
EDGE (5 ,3) PORT 2: Recv/Dropped : 0/62
EDGE (5 ,3) PORT 3: Recv/Dropped : 0/66
EDGE (5 ,3) PORT 4: Recv/Dropped : 0/99
EDGE (5 ,3) PORT 5: Recv/Dropped : 0/85
EDGE (5 ,3) PORT 6: Recv/Dropped : 0/107
EDGE (5 ,3) PORT 7: Recv/Dropped : 0/99
EDGE (6 ,0) PORT 0: Recv/Dropped : 0/62
EDGE (6 ,0) PORT 1: Recv/Dropped : 0/2
EDGE (6 ,0) PORT 2: Recv/Dropped : 0/67
EDGE (6 ,0) PORT 3: Recv/Dropped : 0/66
EDGE (6 ,0) PORT 4: Recv/Dropped : 0/74
EDGE (6 ,0) PORT 5: Recv/Dropped : 0/69
EDGE (6 ,0) PORT 6: Recv/Dropped : 0/83
EDGE (6 ,0) PORT 7: Recv/Dropped : 0/70
EDGE (6 ,1) PORT 0: Recv/Dropped : 0/65
EDGE (6 ,1) PORT 1: Recv/Dropped : 0/63
EDGE (6 ,1) PORT 2: Recv/Dropped : 0/68
EDGE (6 ,1) PORT 3: Recv/Dropped : 0/63
EDGE (6 ,1) PORT 4: Recv/Dropped : 0/99
EDGE (6 ,1) PORT 5: Recv/Dropped : 0/109
EDGE (6 ,1) PORT 6: Recv/Dropped : 0/85
EDGE (6 ,1) PORT 7: Recv/Dropped : 0/99
EDGE (6 ,2) PORT 0: Recv/Dropped : 0/63
EDGE (6 ,2) PORT 1: Recv/Dropped : 0/66
EDGE (6 ,2) PORT 2: Recv/Dropped : 0/68
EDGE (6 ,2) PORT 3: Recv/Dropped : 0/62
EDGE (6 ,2) PORT 4: Recv/Dropped : 0/104
EDGE (6 ,2) PORT 5: Recv/Dropped : 0/92
EDGE (6 ,2) PORT 6: Recv/Dropped : 0/102
EDGE (6 ,2) PORT 7: Recv/Dropped : 0/94
EDGE (6 ,3) PORT 0: Recv/Dropped : 0/67
EDGE (6 ,3) PORT 1: Recv/Dropped : 0/66
EDGE (6 ,3) PORT 2: Recv/Dropped : 0/62
EDGE (6 ,3) PORT 3: Recv/Dropped : 0/2
EDGE (6 ,3) PORT 4: Recv/Dropped : 0/70
EDGE (6 ,3) PORT 5: Recv/Dropped : 0/71
EDGE (6 ,3) PORT 6: Recv/Dropped : 0/74
EDGE (6 ,3) PORT 7: Recv/Dropped : 0/83
EDGE (7 ,0) PORT 0: Recv/Dropped : 0/65
EDGE (7 ,0) PORT 1: Recv/Dropped : 0/63
EDGE (7 ,0) PORT 2: Recv/Dropped : 0/66
EDGE (7 ,0) PORT 3: Recv/Dropped : 0/62
EDGE (7 ,0) PORT 4: Recv/Dropped : 0/97
EDGE (7 ,0) PORT 5: Recv/Dropped : 0/108
EDGE (7 ,0) PORT 6: Recv/Dropped : 0/93
EDGE (7 ,0) PORT 7: Recv/Dropped : 0/94
EDGE (7 ,1) PORT 0: Recv/Dropped : 0/3
EDGE (7 ,1) PORT 1: Recv/Dropped : 0/65
EDGE (7 ,1) PORT 2: Recv/Dropped : 0/67
EDGE (7 ,1) PORT 3: Recv/Dropped : 0/4
EDGE (7 ,1) PORT 4: Recv/Dropped : 0/47
EDGE (7 ,1) PORT 5: Recv/Dropped : 0/48
EDGE (7 ,1) PORT 6: Recv/Dropped : 0/51
EDGE (7 ,1) PORT 7: Recv/Dropped : 0/59
EDGE (7 ,2) PORT 0: Recv/Dropped : 0/62
EDGE (7 ,2) PORT 1: Recv/Dropped : 0/66
EDGE (7 ,2) PORT 2: Recv/Dropped : 0/3
EDGE (7 ,2) PORT 3: Recv/Dropped : 0/66
EDGE (7 ,2) PORT 4: Recv/Dropped : 0/80
EDGE (7 ,2) PORT 5: Recv/Dropped : 0/71
EDGE (7 ,2) PORT 6: Recv/Dropped : 0/84
EDGE (7 ,2) PORT 7: Recv/Dropped : 0/63
EDGE (7 ,3) PORT 0: Recv/Dropped : 0/62
EDGE (7 ,3) PORT 1: Recv/Dropped : 0/4
EDGE (7 ,3) PORT 2: Recv/Dropped : 0/63
EDGE (7 ,3) PORT 3: Recv/Dropped : 0/65
EDGE (7 ,3) PORT 4: Recv/Dropped : 0/84
EDGE (7 ,3) PORT 5: Recv/Dropped : 0/70
EDGE (7 ,3) PORT 6: Recv/Dropped : 0/68
EDGE (7 ,3) PORT 7: Recv/Dropped : 0/75
 -- AGG QUEUE STATISTICS --
AGG (0 ,0) PORT 0: Recv/Dropped : 0/2412
AGG (0 ,0) PORT 1: Recv/Dropped : 0/2456
AGG (0 ,0) PORT 2: Recv/Dropped : 0/2458
AGG (0 ,0) PORT 3: Recv/Dropped : 0/2491
AGG (0 ,0) PORT 4: Recv/Dropped : 0/393
AGG (0 ,0) PORT 5: Recv/Dropped : 0/348
AGG (0 ,0) PORT 6: Recv/Dropped : 0/358
AGG (0 ,0) PORT 7: Recv/Dropped : 0/354
AGG (0 ,1) PORT 0: Recv/Dropped : 0/48
AGG (0 ,1) PORT 1: Recv/Dropped : 0/53
AGG (0 ,1) PORT 2: Recv/Dropped : 0/47
AGG (0 ,1) PORT 3: Recv/Dropped : 0/62
AGG (0 ,1) PORT 4: Recv/Dropped : 0/389
AGG (0 ,1) PORT 5: Recv/Dropped : 0/377
AGG (0 ,1) PORT 6: Recv/Dropped : 0/373
AGG (0 ,1) PORT 7: Recv/Dropped : 0/404
AGG (0 ,2) PORT 0: Recv/Dropped : 0/68
AGG (0 ,2) PORT 1: Recv/Dropped : 0/62
AGG (0 ,2) PORT 2: Recv/Dropped : 0/58
AGG (0 ,2) PORT 3: Recv/Dropped : 0/66
AGG (0 ,2) PORT 4: Recv/Dropped : 0/374
AGG (0 ,2) PORT 5: Recv/Dropped : 0/372
AGG (0 ,2) PORT 6: Recv/Dropped : 0/325
AGG (0 ,2) PORT 7: Recv/Dropped : 0/384
AGG (0 ,3) PORT 0: Recv/Dropped : 0/68
AGG (0 ,3) PORT 1: Recv/Dropped : 0/83
AGG (0 ,3) PORT 2: Recv/Dropped : 0/70
AGG (0 ,3) PORT 3: Recv/Dropped : 0/53
AGG (0 ,3) PORT 4: Recv/Dropped : 0/318
AGG (0 ,3) PORT 5: Recv/Dropped : 0/359
AGG (0 ,3) PORT 6: Recv/Dropped : 0/372
AGG (0 ,3) PORT 7: Recv/Dropped : 0/376
AGG (1 ,0) PORT 0: Recv/Dropped : 0/61
AGG (1 ,0) PORT 1: Recv/Dropped : 0/84
AGG (1 ,0) PORT 2: Recv/Dropped : 0/59
AGG (1 ,0) PORT 3: Recv/Dropped : 0/66
AGG (1 ,0) PORT 4: Recv/Dropped : 0/87
AGG (1 ,0) PORT 5: Recv/Dropped : 0/94
AGG (1 ,0) PORT 6: Recv/Dropped : 0/89
AGG (1 ,0) PORT 7: Recv/Dropped : 0/89
AGG (1 ,1) PORT 0: Recv/Dropped : 0/61
AGG (1 ,1) PORT 1: Recv/Dropped : 0/75
AGG (1 ,1) PORT 2: Recv/Dropped : 0/57
AGG (1 ,1) PORT 3: Recv/Dropped : 0/75
AGG (1 ,1) PORT 4: Recv/Dropped : 0/118
AGG (1 ,1) PORT 5: Recv/Dropped : 0/89
AGG (1 ,1) PORT 6: Recv/Dropped : 0/77
AGG (1 ,1) PORT 7: Recv/Dropped : 0/86
AGG (1 ,2) PORT 0: Recv/Dropped : 0/67
AGG (1 ,2) PORT 1: Recv/Dropped : 0/67
AGG (1 ,2) PORT 2: Recv/Dropped : 0/69
AGG (1 ,2) PORT 3: Recv/Dropped : 0/55
AGG (1 ,2) PORT 4: Recv/Dropped : 0/81
AGG (1 ,2) PORT 5: Recv/Dropped : 0/101
AGG (1 ,2) PORT 6: Recv/Dropped : 0/79
AGG (1 ,2) PORT 7: Recv/Dropped : 0/94
AGG (1 ,3) PORT 0: Recv/Dropped : 0/46
AGG (1 ,3) PORT 1: Recv/Dropped : 0/64
AGG (1 ,3) PORT 2: Recv/Dropped : 0/54
AGG (1 ,3) PORT 3: Recv/Dropped : 0/45
AGG (1 ,3) PORT 4: Recv/Dropped : 0/90
AGG (1 ,3) PORT 5: Recv/Dropped : 0/112
AGG (1 ,3) PORT 6: Recv/Dropped : 0/106
AGG (1 ,3) PORT 7: Recv/Dropped : 0/87
AGG (2 ,0) PORT 0: Recv/Dropped : 0/69
AGG (2 ,0) PORT 1: Recv/Dropped : 0/89
AGG (2 ,0) PORT 2: Recv/Dropped : 0/69
AGG (2 ,0) PORT 3: Recv/Dropped : 0/51
AGG (2 ,0) PORT 4: Recv/Dropped : 0/79
AGG (2 ,0) PORT 5: Recv/Dropped : 0/70
AGG (2 ,0) PORT 6: Recv/Dropped : 0/78
AGG (2 ,0) PORT 7: Recv/Dropped : 0/80
AGG (2 ,1) PORT 0: Recv/Dropped : 0/82
AGG (2 ,1) PORT 1: Recv/Dropped : 0/64
AGG (2 ,1) PORT 2: Recv/Dropped : 0/64
AGG (2 ,1) PORT 3: Recv/Dropped : 0/64
AGG (2 ,1) PORT 4: Recv/Dropped : 0/94
AGG (2 ,1) PORT 5: Recv/Dropped : 0/82
AGG (2 ,1) PORT 6: Recv/Dropped : 0/84
AGG (2 ,1) PORT 7: Recv/Dropped : 0/90
AGG (2 ,2) PORT 0: Recv/Dropped : 0/35
AGG (2 ,2) PORT 1: Recv/Dropped : 0/43
AGG (2 ,2) PORT 2: Recv/Dropped : 0/38
AGG (2 ,2) PORT 3: Recv/Dropped : 0/37
AGG (2 ,2) PORT 4: Recv/Dropped : 0/92
AGG (2 ,2) PORT 5: Recv/Dropped : 0/75
AGG (2 ,2) PORT 6: Recv/Dropped : 0/95
AGG (2 ,2) PORT 7: Recv/Dropped : 0/75
AGG (2 ,3) PORT 0: Recv/Dropped : 0/75
AGG (2 ,3) PORT 1: Recv/Dropped : 0/60
AGG (2 ,3) PORT 2: Recv/Dropped : 0/71
AGG (2 ,3) PORT 3: Recv/Dropped : 0/54
AGG (2 ,3) PORT 4: Recv/Dropped : 0/98
AGG (2 ,3) PORT 5: Recv/Dropped : 0/101
AGG (2 ,3) PORT 6: Recv/Dropped : 0/94
AGG (2 ,3) PORT 7: Recv/Dropped : 0/91
AGG (3 ,0) PORT 0: Recv/Dropped : 0/62
AGG (3 ,0) PORT 1: Recv/Dropped : 0/43
AGG (3 ,0) PORT 2: Recv/Dropped : 0/46
AGG (3 ,0) PORT 3: Recv/Dropped : 0/46
AGG (3 ,0) PORT 4: Recv/Dropped : 0/83
AGG (3 ,0) PORT 5: Recv/Dropped : 0/75
AGG (3 ,0) PORT 6: Recv/Dropped : 0/66
AGG (3 ,0) PORT 7: Recv/Dropped : 0/84
AGG (3 ,1) PORT 0: Recv/Dropped : 0/52
AGG (3 ,1) PORT 1: Recv/Dropped : 0/43
AGG (3 ,1) PORT 2: Recv/Dropped : 0/54
AGG (3 ,1) PORT 3: Recv/Dropped : 0/48
AGG (3 ,1) PORT 4: Recv/Dropped : 0/68
AGG (3 ,1) PORT 5: Recv/Dropped : 0/76
AGG (3 ,1) PORT 6: Recv/Dropped : 0/77
AGG (3 ,1) PORT 7: Recv/Dropped : 0/83
AGG (3 ,2) PORT 0: Recv/Dropped : 0/33
AGG (3 ,2) PORT 1: Recv/Dropped : 0/36
AGG (3 ,2) PORT 2: Recv/Dropped : 0/35
AGG (3 ,2) PORT 3: Recv/Dropped : 0/31
AGG (3 ,2) PORT 4: Recv/Dropped : 0/72
AGG (3 ,2) PORT 5: Recv/Dropped : 0/70
AGG (3 ,2) PORT 6: Recv/Dropped : 0/80
AGG (3 ,2) PORT 7: Recv/Dropped : 0/86
AGG (3 ,3) PORT 0: Recv/Dropped : 0/68
AGG (3 ,3) PORT 1: Recv/Dropped : 0/65
AGG (3 ,3) PORT 2: Recv/Dropped : 0/62
AGG (3 ,3) PORT 3: Recv/Dropped : 0/82
AGG (3 ,3) PORT 4: Recv/Dropped : 0/63
AGG (3 ,3) PORT 5: Recv/Dropped : 0/74
AGG (3 ,3) PORT 6: Recv/Dropped : 0/76
AGG (3 ,3) PORT 7: Recv/Dropped : 0/60
AGG (4 ,0) PORT 0: Recv/Dropped : 0/62
AGG (4 ,0) PORT 1: Recv/Dropped : 0/51
AGG (4 ,0) PORT 2: Recv/Dropped : 0/49
AGG (4 ,0) PORT 3: Recv/Dropped : 0/41
AGG (4 ,0) PORT 4: Recv/Dropped : 0/68
AGG (4 ,0) PORT 5: Recv/Dropped : 0/62
AGG (4 ,0) PORT 6: Recv/Dropped : 0/59
AGG (4 ,0) PORT 7: Recv/Dropped : 0/68
AGG (4 ,1) PORT 0: Recv/Dropped : 0/50
AGG (4 ,1) PORT 1: Recv/Dropped : 0/53
AGG (4 ,1) PORT 2: Recv/Dropped : 0/48
AGG (4 ,1) PORT 3: Recv/Dropped : 0/48
AGG (4 ,1) PORT 4: Recv/Dropped : 0/66
AGG (4 ,1) PORT 5: Recv/Dropped : 0/67
AGG (4 ,1) PORT 6: Recv/Dropped : 0/56
AGG (4 ,1) PORT 7: Recv/Dropped : 0/62
AGG (4 ,2) PORT 0: Recv/Dropped : 0/28
AGG (4 ,2) PORT 1: Recv/Dropped : 0/39
AGG (4 ,2) PORT 2: Recv/Dropped : 0/34
AGG (4 ,2) PORT 3: Recv/Dropped : 0/34
AGG (4 ,2) PORT 4: Recv/Dropped : 0/63
AGG (4 ,2) PORT 5: Recv/Dropped : 0/62
AGG (4 ,2) PORT 6: Recv/Dropped : 0/73
AGG (4 ,2) PORT 7: Recv/Dropped : 0/56
AGG (4 ,3) PORT 0: Recv/Dropped : 0/36
AGG (4 ,3) PORT 1: Recv/Dropped : 0/43
AGG (4 ,3) PORT 2: Recv/Dropped : 0/24
AGG (4 ,3) PORT 3: Recv/Dropped : 0/39
AGG (4 ,3) PORT 4: Recv/Dropped : 0/75
AGG (4 ,3) PORT 5: Recv/Dropped : 0/58
AGG (4 ,3) PORT 6: Recv/Dropped : 0/67
AGG (4 ,3) PORT 7: Recv/Dropped : 0/53
AGG (5 ,0) PORT 0: Recv/Dropped : 0/37
AGG (5 ,0) PORT 1: Recv/Dropped : 0/30
AGG (5 ,0) PORT 2: Recv/Dropped : 0/34
AGG (5 ,0) PORT 3: Recv/Dropped : 0/32
AGG (5 ,0) PORT 4: Recv/Dropped : 0/64
AGG (5 ,0) PORT 5: Recv/Dropped : 0/78
AGG (5 ,0) PORT 6: Recv/Dropped : 0/60
AGG (5 ,0) PORT 7: Recv/Dropped : 0/75
AGG (5 ,1) PORT 0: Recv/Dropped : 0/31
AGG (5 ,1) PORT 1: Recv/Dropped : 0/30
AGG (5 ,1) PORT 2: Recv/Dropped : 0/34
AGG (5 ,1) PORT 3: Recv/Dropped : 0/42
AGG (5 ,1) PORT 4: Recv/Dropped : 0/69
AGG (5 ,1) PORT 5: Recv/Dropped : 0/72
AGG (5 ,1) PORT 6: Recv/Dropped : 0/66
AGG (5 ,1) PORT 7: Recv/Dropped : 0/56
AGG (5 ,2) PORT 0: Recv/Dropped : 0/42
AGG (5 ,2) PORT 1: Recv/Dropped : 0/56
AGG (5 ,2) PORT 2: Recv/Dropped : 0/39
AGG (5 ,2) PORT 3: Recv/Dropped : 0/59
AGG (5 ,2) PORT 4: Recv/Dropped : 0/84
AGG (5 ,2) PORT 5: Recv/Dropped : 0/71
AGG (5 ,2) PORT 6: Recv/Dropped : 0/70
AGG (5 ,2) PORT 7: Recv/Dropped : 0/65
AGG (5 ,3) PORT 0: Recv/Dropped : 0/67
AGG (5 ,3) PORT 1: Recv/Dropped : 0/63
AGG (5 ,3) PORT 2: Recv/Dropped : 0/71
AGG (5 ,3) PORT 3: Recv/Dropped : 0/56
AGG (5 ,3) PORT 4: Recv/Dropped : 0/64
AGG (5 ,3) PORT 5: Recv/Dropped : 0/70
AGG (5 ,3) PORT 6: Recv/Dropped : 0/70
AGG (5 ,3) PORT 7: Recv/Dropped : 0/64
AGG (6 ,0) PORT 0: Recv/Dropped : 0/41
AGG (6 ,0) PORT 1: Recv/Dropped : 0/52
AGG (6 ,0) PORT 2: Recv/Dropped : 0/54
AGG (6 ,0) PORT 3: Recv/Dropped : 0/50
AGG (6 ,0) PORT 4: Recv/Dropped : 0/77
AGG (6 ,0) PORT 5: Recv/Dropped : 0/93
AGG (6 ,0) PORT 6: Recv/Dropped : 0/77
AGG (6 ,0) PORT 7: Recv/Dropped : 0/100
AGG (6 ,1) PORT 0: Recv/Dropped : 0/54
AGG (6 ,1) PORT 1: Recv/Dropped : 0/75
AGG (6 ,1) PORT 2: Recv/Dropped : 0/58
AGG (6 ,1) PORT 3: Recv/Dropped : 0/72
AGG (6 ,1) PORT 4: Recv/Dropped : 0/73
AGG (6 ,1) PORT 5: Recv/Dropped : 0/84
AGG (6 ,1) PORT 6: Recv/Dropped : 0/93
AGG (6 ,1) PORT 7: Recv/Dropped : 0/91
AGG (6 ,2) PORT 0: Recv/Dropped : 0/57
AGG (6 ,2) PORT 1: Recv/Dropped : 0/70
AGG (6 ,2) PORT 2: Recv/Dropped : 0/69
AGG (6 ,2) PORT 3: Recv/Dropped : 0/63
AGG (6 ,2) PORT 4: Recv/Dropped : 0/78
AGG (6 ,2) PORT 5: Recv/Dropped : 0/89
AGG (6 ,2) PORT 6: Recv/Dropped : 0/89
AGG (6 ,2) PORT 7: Recv/Dropped : 0/88
AGG (6 ,3) PORT 0: Recv/Dropped : 0/51
AGG (6 ,3) PORT 1: Recv/Dropped : 0/51
AGG (6 ,3) PORT 2: Recv/Dropped : 0/51
AGG (6 ,3) PORT 3: Recv/Dropped : 0/44
AGG (6 ,3) PORT 4: Recv/Dropped : 0/85
AGG (6 ,3) PORT 5: Recv/Dropped : 0/82
AGG (6 ,3) PORT 6: Recv/Dropped : 0/88
AGG (6 ,3) PORT 7: Recv/Dropped : 0/91
AGG (7 ,0) PORT 0: Recv/Dropped : 0/73
AGG (7 ,0) PORT 1: Recv/Dropped : 0/57
AGG (7 ,0) PORT 2: Recv/Dropped : 0/61
AGG (7 ,0) PORT 3: Recv/Dropped : 0/65
AGG (7 ,0) PORT 4: Recv/Dropped : 0/81
AGG (7 ,0) PORT 5: Recv/Dropped : 0/74
AGG (7 ,0) PORT 6: Recv/Dropped : 0/84
AGG (7 ,0) PORT 7: Recv/Dropped : 0/69
AGG (7 ,1) PORT 0: Recv/Dropped : 0/34
AGG (7 ,1) PORT 1: Recv/Dropped : 0/32
AGG (7 ,1) PORT 2: Recv/Dropped : 0/39
AGG (7 ,1) PORT 3: Recv/Dropped : 0/34
AGG (7 ,1) PORT 4: Recv/Dropped : 0/70
AGG (7 ,1) PORT 5: Recv/Dropped : 0/71
AGG (7 ,1) PORT 6: Recv/Dropped : 0/80
AGG (7 ,1) PORT 7: Recv/Dropped : 0/76
AGG (7 ,2) PORT 0: Recv/Dropped : 0/37
AGG (7 ,2) PORT 1: Recv/Dropped : 0/58
AGG (7 ,2) PORT 2: Recv/Dropped : 0/61
AGG (7 ,2) PORT 3: Recv/Dropped : 0/41
AGG (7 ,2) PORT 4: Recv/Dropped : 0/77
AGG (7 ,2) PORT 5: Recv/Dropped : 0/66
AGG (7 ,2) PORT 6: Recv/Dropped : 0/72
AGG (7 ,2) PORT 7: Recv/Dropped : 0/81
AGG (7 ,3) PORT 0: Recv/Dropped : 0/42
AGG (7 ,3) PORT 1: Recv/Dropped : 0/50
AGG (7 ,3) PORT 2: Recv/Dropped : 0/51
AGG (7 ,3) PORT 3: Recv/Dropped : 0/51
AGG (7 ,3) PORT 4: Recv/Dropped : 0/80
AGG (7 ,3) PORT 5: Recv/Dropped : 0/79
AGG (7 ,3) PORT 6: Recv/Dropped : 0/66
AGG (7 ,3) PORT 7: Recv/Dropped : 0/66


TOTAL RECEIVED PACKETS = 64195
TOTAL DROPPED PACKETS = 220