QUEUE STATISTICS FOR EXPERIMENT 9111
---------------------------
 -- EDGE QUEUE STATISTICS --
EDGE (0 ,0) PORT 0: Recv/Dropped : 232/8864
EDGE (0 ,0) PORT 1: Recv/Dropped : 0/84
EDGE (0 ,0) PORT 2: Recv/Dropped : 0/72
EDGE (0 ,0) PORT 3: Recv/Dropped : 0/69
EDGE (0 ,0) PORT 4: Recv/Dropped : 0/1500
EDGE (0 ,0) PORT 5: Recv/Dropped : 0/1569
EDGE (0 ,0) PORT 6: Recv/Dropped : 0/1448
EDGE (0 ,0) PORT 7: Recv/Dropped : 0/1447
EDGE (0 ,1) PORT 0: Recv/Dropped : 0/81
EDGE (0 ,1) PORT 1: Recv/Dropped : 0/72
EDGE (0 ,1) PORT 2: Recv/Dropped : 0/69
EDGE (0 ,1) PORT 3: Recv/Dropped : 0/81
EDGE (0 ,1) PORT 4: Recv/Dropped : 0/90
EDGE (0 ,1) PORT 5: Recv/Dropped : 0/88
EDGE (0 ,1) PORT 6: Recv/Dropped : 0/101
EDGE (0 ,1) PORT 7: Recv/Dropped : 0/119
EDGE (0 ,2) PORT 0: Recv/Dropped : 0/69
EDGE (0 ,2) PORT 1: Recv/Dropped : 0/66
EDGE (0 ,2) PORT 2: Recv/Dropped : 0/69
EDGE (0 ,2) PORT 3: Recv/Dropped : 0/2
EDGE (0 ,2) PORT 4: Recv/Dropped : 0/61
EDGE (0 ,2) PORT 5: Recv/Dropped : 0/90
EDGE (0 ,2) PORT 6: Recv/Dropped : 0/74
EDGE (0 ,2) PORT 7: Recv/Dropped : 0/71
EDGE (0 ,3) PORT 0: Recv/Dropped : 0/67
EDGE (0 ,3) PORT 1: Recv/Dropped : 0/69
EDGE (0 ,3) PORT 2: Recv/Dropped : 0/63
EDGE (0 ,3) PORT 3: Recv/Dropped : 0/4
EDGE (0 ,3) PORT 4: Recv/Dropped : 0/72
EDGE (0 ,3) PORT 5: Recv/Dropped : 0/79
EDGE (0 ,3) PORT 6: Recv/Dropped : 0/78
EDGE (0 ,3) PORT 7: Recv/Dropped : 0/69
EDGE (1 ,0) PORT 0: Recv/Dropped : 0/74
EDGE (1 ,0) PORT 1: Recv/Dropped : 0/71
EDGE (1 ,0) PORT 2: Recv/Dropped : 0/68
EDGE (1 ,0) PORT 3: Recv/Dropped : 0/69
EDGE (1 ,0) PORT 4: Recv/Dropped : 0/94
EDGE (1 ,0) PORT 5: Recv/Dropped : 0/120
EDGE (1 ,0) PORT 6: Recv/Dropped : 0/64
EDGE (1 ,0) PORT 7: Recv/Dropped : 0/111
EDGE (1 ,1) PORT 0: Recv/Dropped : 0/65
EDGE (1 ,1) PORT 1: Recv/Dropped : 0/67
EDGE (1 ,1) PORT 2: Recv/Dropped : 0/66
EDGE (1 ,1) PORT 3: Recv/Dropped : 0/4
EDGE (1 ,1) PORT 4: Recv/Dropped : 0/55
EDGE (1 ,1) PORT 5: Recv/Dropped : 0/67
EDGE (1 ,1) PORT 6: Recv/Dropped : 0/85
EDGE (1 ,1) PORT 7: Recv/Dropped : 0/88
EDGE (1 ,2) PORT 0: Recv/Dropped : 0/66
EDGE (1 ,2) PORT 1: Recv/Dropped : 0/66
EDGE (1 ,2) PORT 2: Recv/Dropped : 0/3
EDGE (1 ,2) PORT 3: Recv/Dropped : 0/2
EDGE (1 ,2) PORT 4: Recv/Dropped : 0/66
EDGE (1 ,2) PORT 5: Recv/Dropped : 0/36
EDGE (1 ,2) PORT 6: Recv/Dropped : 0/50
EDGE (1 ,2) PORT 7: Recv/Dropped : 0/51
EDGE (1 ,3) PORT 0: Recv/Dropped : 0/66
EDGE (1 ,3) PORT 1: Recv/Dropped : 0/2
EDGE (1 ,3) PORT 2: Recv/Dropped : 0/68
EDGE (1 ,3) PORT 3: Recv/Dropped : 0/2
EDGE (1 ,3) PORT 4: Recv/Dropped : 0/54
EDGE (1 ,3) PORT 5: Recv/Dropped : 0/43
EDGE (1 ,3) PORT 6: Recv/Dropped : 0/47
EDGE (1 ,3) PORT 7: Recv/Dropped : 0/62
EDGE (2 ,0) PORT 0: Recv/Dropped : 0/69
EDGE (2 ,0) PORT 1: Recv/Dropped : 0/67
EDGE (2 ,0) PORT 2: Recv/Dropped : 0/68
EDGE (2 ,0) PORT 3: Recv/Dropped : 0/72
EDGE (2 ,0) PORT 4: Recv/Dropped : 0/90
EDGE (2 ,0) PORT 5: Recv/Dropped : 0/111
EDGE (2 ,0) PORT 6: Recv/Dropped : 0/84
EDGE (2 ,0) PORT 7: Recv/Dropped : 0/105
EDGE (2 ,1) PORT 0: Recv/Dropped : 0/69
EDGE (2 ,1) PORT 1: Recv/Dropped : 0/67
EDGE (2 ,1) PORT 2: Recv/Dropped : 0/2
EDGE (2 ,1) PORT 3: Recv/Dropped : 0/2
EDGE (2 ,1) PORT 4: Recv/Dropped : 0/35
EDGE (2 ,1) PORT 5: Recv/Dropped : 0/60
EDGE (2 ,1) PORT 6: Recv/Dropped : 0/47
EDGE (2 ,1) PORT 7: Recv/Dropped : 0/62
EDGE (2 ,2) PORT 0: Recv/Dropped : 0/67
EDGE (2 ,2) PORT 1: Recv/Dropped : 0/74
EDGE (2 ,2) PORT 2: Recv/Dropped : 0/2
EDGE (2 ,2) PORT 3: Recv/Dropped : 0/2
EDGE (2 ,2) PORT 4: Recv/Dropped : 0/45
EDGE (2 ,2) PORT 5: Recv/Dropped : 0/46
EDGE (2 ,2) PORT 6: Recv/Dropped : 0/63
EDGE (2 ,2) PORT 7: Recv/Dropped : 0/47
EDGE (2 ,3) PORT 0: Recv/Dropped : 0/67
EDGE (2 ,3) PORT 1: Recv/Dropped : 0/3
EDGE (2 ,3) PORT 2: Recv/Dropped : 0/63
EDGE (2 ,3) PORT 3: Recv/Dropped : 0/65
EDGE (2 ,3) PORT 4: Recv/Dropped : 0/57
EDGE (2 ,3) PORT 5: Recv/Dropped : 0/73
EDGE (2 ,3) PORT 6: Recv/Dropped : 0/78
EDGE (2 ,3) PORT 7: Recv/Dropped : 0/94
EDGE (3 ,0) PORT 0: Recv/Dropped : 0/68
EDGE (3 ,0) PORT 1: Recv/Dropped : 0/78
EDGE (3 ,0) PORT 2: Recv/Dropped : 0/2
EDGE (3 ,0) PORT 3: Recv/Dropped : 0/2
EDGE (3 ,0) PORT 4: Recv/Dropped : 0/41
EDGE (3 ,0) PORT 5: Recv/Dropped : 0/63
EDGE (3 ,0) PORT 6: Recv/Dropped : 0/61
EDGE (3 ,0) PORT 7: Recv/Dropped : 0/40
EDGE (3 ,1) PORT 0: Recv/Dropped : 0/67
EDGE (3 ,1) PORT 1: Recv/Dropped : 0/67
EDGE (3 ,1) PORT 2: Recv/Dropped : 0/3
EDGE (3 ,1) PORT 3: Recv/Dropped : 0/2
EDGE (3 ,1) PORT 4: Recv/Dropped : 0/54
EDGE (3 ,1) PORT 5: Recv/Dropped : 0/52
EDGE (3 ,1) PORT 6: Recv/Dropped : 0/45
EDGE (3 ,1) PORT 7: Recv/Dropped : 0/55
EDGE (3 ,2) PORT 0: Recv/Dropped : 0/2
EDGE (3 ,2) PORT 1: Recv/Dropped : 0/66
EDGE (3 ,2) PORT 2: Recv/Dropped : 0/66
EDGE (3 ,2) PORT 3: Recv/Dropped : 0/66
EDGE (3 ,2) PORT 4: Recv/Dropped : 0/85
EDGE (3 ,2) PORT 5: Recv/Dropped : 0/87
EDGE (3 ,2) PORT 6: Recv/Dropped : 0/59
EDGE (3 ,2) PORT 7: Recv/Dropped : 0/70
EDGE (3 ,3) PORT 0: Recv/Dropped : 0/67
EDGE (3 ,3) PORT 1: Recv/Dropped : 0/2
EDGE (3 ,3) PORT 2: Recv/Dropped : 0/69
EDGE (3 ,3) PORT 3: Recv/Dropped : 0/66
EDGE (3 ,3) PORT 4: Recv/Dropped : 0/64
EDGE (3 ,3) PORT 5: Recv/Dropped : 0/78
EDGE (3 ,3) PORT 6: Recv/Dropped : 0/86
EDGE (3 ,3) PORT 7: Recv/Dropped : 0/72
EDGE (4 ,0) PORT 0: Recv/Dropped : 0/66
EDGE (4 ,0) PORT 1: Recv/Dropped : 0/66
EDGE (4 ,0) PORT 2: Recv/Dropped : 0/2
EDGE (4 ,0) PORT 3: Recv/Dropped : 0/66
EDGE (4 ,0) PORT 4: Recv/Dropped : 0/85
EDGE (4 ,0) PORT 5: Recv/Dropped : 0/85
EDGE (4 ,0) PORT 6: Recv/Dropped : 0/80
EDGE (4 ,0) PORT 7: Recv/Dropped : 0/51
EDGE (4 ,1) PORT 0: Recv/Dropped : 0/2
EDGE (4 ,1) PORT 1: Recv/Dropped : 0/2
EDGE (4 ,1) PORT 2: Recv/Dropped : 0/67
EDGE (4 ,1) PORT 3: Recv/Dropped : 0/65
EDGE (4 ,1) PORT 4: Recv/Dropped : 0/65
EDGE (4 ,1) PORT 5: Recv/Dropped : 0/52
EDGE (4 ,1) PORT 6: Recv/Dropped : 0/47
EDGE (4 ,1) PORT 7: Recv/Dropped : 0/42
EDGE (4 ,2) PORT 0: Recv/Dropped : 0/67
EDGE (4 ,2) PORT 1: Recv/Dropped : 0/2
EDGE (4 ,2) PORT 2: Recv/Dropped : 0/62
EDGE (4 ,2) PORT 3: Recv/Dropped : 0/67
EDGE (4 ,2) PORT 4: Recv/Dropped : 0/66
EDGE (4 ,2) PORT 5: Recv/Dropped : 0/68
EDGE (4 ,2) PORT 6: Recv/Dropped : 0/84
EDGE (4 ,2) PORT 7: Recv/Dropped : 0/81
EDGE (4 ,3) PORT 0: Recv/Dropped : 0/2
EDGE (4 ,3) PORT 1: Recv/Dropped : 0/62
EDGE (4 ,3) PORT 2: Recv/Dropped : 0/67
EDGE (4 ,3) PORT 3: Recv/Dropped : 0/3
EDGE (4 ,3) PORT 4: Recv/Dropped : 0/61
EDGE (4 ,3) PORT 5: Recv/Dropped : 0/38
EDGE (4 ,3) PORT 6: Recv/Dropped : 0/46
EDGE (4 ,3) PORT 7: Recv/Dropped : 0/59
EDGE (5 ,0) PORT 0: Recv/Dropped : 0/2
EDGE (5 ,0) PORT 1: Recv/Dropped : 0/2
EDGE (5 ,0) PORT 2: Recv/Dropped : 0/2
EDGE (5 ,0) PORT 3: Recv/Dropped : 0/4
EDGE (5 ,0) PORT 4: Recv/Dropped : 0/1
EDGE (5 ,0) PORT 5: Recv/Dropped : 0/5
EDGE (5 ,0) PORT 6: Recv/Dropped : 0/4
EDGE (5 ,0) PORT 7: Recv/Dropped : 0/6
EDGE (5 ,1) PORT 0: Recv/Dropped : 0/2
EDGE (5 ,1) PORT 1: Recv/Dropped : 0/65
EDGE (5 ,1) PORT 2: Recv/Dropped : 0/67
EDGE (5 ,1) PORT 3: Recv/Dropped : 0/62
EDGE (5 ,1) PORT 4: Recv/Dropped : 0/73
EDGE (5 ,1) PORT 5: Recv/Dropped : 0/72
EDGE (5 ,1) PORT 6: Recv/Dropped : 0/89
EDGE (5 ,1) PORT 7: Recv/Dropped : 0/65
EDGE (5 ,2) PORT 0: Recv/Dropped : 0/66
EDGE (5 ,2) PORT 1: Recv/Dropped : 0/66
EDGE (5 ,2) PORT 2: Recv/Dropped : 0/62
EDGE (5 ,2) PORT 3: Recv/Dropped : 0/3
EDGE (5 ,2) PORT 4: Recv/Dropped : 0/75
EDGE (5 ,2) PORT 5: Recv/Dropped : 0/83
EDGE (5 ,2) PORT 6: Recv/Dropped : 0/80
EDGE (5 ,2) PORT 7: Recv/Dropped : 0/62
EDGE (5 ,3) PORT 0: Recv/Dropped : 0/68
EDGE (5 ,3) PORT 1: Recv/Dropped : 0/67
EDGE (5 ,3) PORT 2: Recv/Dropped : 0/2
EDGE (5 ,3) PORT 3: Recv/Dropped : 0/62
EDGE (5 ,3) PORT 4: Recv/Dropped : 0/95
EDGE (5 ,3) PORT 5: Recv/Dropped : 0/66
EDGE (5 ,3) PORT 6: Recv/Dropped : 0/73
EDGE (5 ,3) PORT 7: Recv/Dropped : 0/64
EDGE (6 ,0) PORT 0: Recv/Dropped : 0/2
EDGE (6 ,0) PORT 1: Recv/Dropped : 0/2
EDGE (6 ,0) PORT 2: Recv/Dropped : 0/67
EDGE (6 ,0) PORT 3: Recv/Dropped : 0/62
EDGE (6 ,0) PORT 4: Recv/Dropped : 0/51
EDGE (6 ,0) PORT 5: Recv/Dropped : 0/49
EDGE (6 ,0) PORT 6: Recv/Dropped : 0/62
EDGE (6 ,0) PORT 7: Recv/Dropped : 0/41
EDGE (6 ,1) PORT 0: Recv/Dropped : 0/2
EDGE (6 ,1) PORT 1: Recv/Dropped : 0/67
EDGE (6 ,1) PORT 2: Recv/Dropped : 0/62
EDGE (6 ,1) PORT 3: Recv/Dropped : 0/66
EDGE (6 ,1) PORT 4: Recv/Dropped : 0/75
EDGE (6 ,1) PORT 5: Recv/Dropped : 0/74
EDGE (6 ,1) PORT 6: Recv/Dropped : 0/59
EDGE (6 ,1) PORT 7: Recv/Dropped : 0/91
EDGE (6 ,2) PORT 0: Recv/Dropped : 0/65
EDGE (6 ,2) PORT 1: Recv/Dropped : 0/2
EDGE (6 ,2) PORT 2: Recv/Dropped : 0/65
EDGE (6 ,2) PORT 3: Recv/Dropped : 0/68
EDGE (6 ,2) PORT 4: Recv/Dropped : 0/78
EDGE (6 ,2) PORT 5: Recv/Dropped : 0/76
EDGE (6 ,2) PORT 6: Recv/Dropped : 0/84
EDGE (6 ,2) PORT 7: Recv/Dropped : 0/63
EDGE (6 ,3) PORT 0: Recv/Dropped : 0/67
EDGE (6 ,3) PORT 1: Recv/Dropped : 0/67
EDGE (6 ,3) PORT 2: Recv/Dropped : 0/62
EDGE (6 ,3) PORT 3: Recv/Dropped : 0/66
EDGE (6 ,3) PORT 4: Recv/Dropped : 0/85
EDGE (6 ,3) PORT 5: Recv/Dropped : 0/94
EDGE (6 ,3) PORT 6: Recv/Dropped : 0/113
EDGE (6 ,3) PORT 7: Recv/Dropped : 0/104
EDGE (7 ,0) PORT 0: Recv/Dropped : 0/67
EDGE (7 ,0) PORT 1: Recv/Dropped : 0/68
EDGE (7 ,0) PORT 2: Recv/Dropped : 0/62
EDGE (7 ,0) PORT 3: Recv/Dropped : 0/67
EDGE (7 ,0) PORT 4: Recv/Dropped : 0/107
EDGE (7 ,0) PORT 5: Recv/Dropped : 0/111
EDGE (7 ,0) PORT 6: Recv/Dropped : 0/93
EDGE (7 ,0) PORT 7: Recv/Dropped : 0/82
EDGE (7 ,1) PORT 0: Recv/Dropped : 0/66
EDGE (7 ,1) PORT 1: Recv/Dropped : 0/67
EDGE (7 ,1) PORT 2: Recv/Dropped : 0/62
EDGE (7 ,1) PORT 3: Recv/Dropped : 0/66
EDGE (7 ,1) PORT 4: Recv/Dropped : 0/95
EDGE (7 ,1) PORT 5: Recv/Dropped : 0/92
EDGE (7 ,1) PORT 6: Recv/Dropped : 0/113
EDGE (7 ,1) PORT 7: Recv/Dropped : 0/96
EDGE (7 ,2) PORT 0: Recv/Dropped : 0/66
EDGE (7 ,2) PORT 1: Recv/Dropped : 0/3
EDGE (7 ,2) PORT 2: Recv/Dropped : 0/65
EDGE (7 ,2) PORT 3: Recv/Dropped : 0/62
EDGE (7 ,2) PORT 4: Recv/Dropped : 0/86
EDGE (7 ,2) PORT 5: Recv/Dropped : 0/68
EDGE (7 ,2) PORT 6: Recv/Dropped : 0/84
EDGE (7 ,2) PORT 7: Recv/Dropped : 0/61
EDGE (7 ,3) PORT 0: Recv/Dropped : 0/62
EDGE (7 ,3) PORT 1: Recv/Dropped : 0/67
EDGE (7 ,3) PORT 2: Recv/Dropped : 0/62
EDGE (7 ,3) PORT 3: Recv/Dropped : 0/67
EDGE (7 ,3) PORT 4: Recv/Dropped : 0/101
EDGE (7 ,3) PORT 5: Recv/Dropped : 0/96
EDGE (7 ,3) PORT 6: Recv/Dropped : 0/93
EDGE (7 ,3) PORT 7: Recv/Dropped : 0/101
 -- AGG QUEUE STATISTICS --
AGG (0 ,0) PORT 0: Recv/Dropped : 0/2162
AGG (0 ,0) PORT 1: Recv/Dropped : 0/2222
AGG (0 ,0) PORT 2: Recv/Dropped : 0/2226
AGG (0 ,0) PORT 3: Recv/Dropped : 0/2185
AGG (0 ,0) PORT 4: Recv/Dropped : 0/350
AGG (0 ,0) PORT 5: Recv/Dropped : 0/309
AGG (0 ,0) PORT 6: Recv/Dropped : 0/319
AGG (0 ,0) PORT 7: Recv/Dropped : 0/333
AGG (0 ,1) PORT 0: Recv/Dropped : 0/71
AGG (0 ,1) PORT 1: Recv/Dropped : 0/71
AGG (0 ,1) PORT 2: Recv/Dropped : 0/82
AGG (0 ,1) PORT 3: Recv/Dropped : 0/79
AGG (0 ,1) PORT 4: Recv/Dropped : 0/357
AGG (0 ,1) PORT 5: Recv/Dropped : 0/338
AGG (0 ,1) PORT 6: Recv/Dropped : 0/334
AGG (0 ,1) PORT 7: Recv/Dropped : 0/365
AGG (0 ,2) PORT 0: Recv/Dropped : 0/62
AGG (0 ,2) PORT 1: Recv/Dropped : 0/57
AGG (0 ,2) PORT 2: Recv/Dropped : 0/46
AGG (0 ,2) PORT 3: Recv/Dropped : 0/41
AGG (0 ,2) PORT 4: Recv/Dropped : 0/315
AGG (0 ,2) PORT 5: Recv/Dropped : 0/320
AGG (0 ,2) PORT 6: Recv/Dropped : 0/295
AGG (0 ,2) PORT 7: Recv/Dropped : 0/335
AGG (0 ,3) PORT 0: Recv/Dropped : 0/56
AGG (0 ,3) PORT 1: Recv/Dropped : 0/47
AGG (0 ,3) PORT 2: Recv/Dropped : 0/55
AGG (0 ,3) PORT 3: Recv/Dropped : 0/45
AGG (0 ,3) PORT 4: Recv/Dropped : 0/289
AGG (0 ,3) PORT 5: Recv/Dropped : 0/334
AGG (0 ,3) PORT 6: Recv/Dropped : 0/335
AGG (0 ,3) PORT 7: Recv/Dropped : 0/324
AGG (1 ,0) PORT 0: Recv/Dropped : 0/64
AGG (1 ,0) PORT 1: Recv/Dropped : 0/71
AGG (1 ,0) PORT 2: Recv/Dropped : 0/75
AGG (1 ,0) PORT 3: Recv/Dropped : 0/72
AGG (1 ,0) PORT 4: Recv/Dropped : 0/57
AGG (1 ,0) PORT 5: Recv/Dropped : 0/64
AGG (1 ,0) PORT 6: Recv/Dropped : 0/71
AGG (1 ,0) PORT 7: Recv/Dropped : 0/77
AGG (1 ,1) PORT 0: Recv/Dropped : 0/52
AGG (1 ,1) PORT 1: Recv/Dropped : 0/61
AGG (1 ,1) PORT 2: Recv/Dropped : 0/38
AGG (1 ,1) PORT 3: Recv/Dropped : 0/51
AGG (1 ,1) PORT 4: Recv/Dropped : 0/75
AGG (1 ,1) PORT 5: Recv/Dropped : 0/53
AGG (1 ,1) PORT 6: Recv/Dropped : 0/69
AGG (1 ,1) PORT 7: Recv/Dropped : 0/69
AGG (1 ,2) PORT 0: Recv/Dropped : 0/31
AGG (1 ,2) PORT 1: Recv/Dropped : 0/44
AGG (1 ,2) PORT 2: Recv/Dropped : 0/32
AGG (1 ,2) PORT 3: Recv/Dropped : 0/30
AGG (1 ,2) PORT 4: Recv/Dropped : 0/57
AGG (1 ,2) PORT 5: Recv/Dropped : 0/71
AGG (1 ,2) PORT 6: Recv/Dropped : 0/61
AGG (1 ,2) PORT 7: Recv/Dropped : 0/57
AGG (1 ,3) PORT 0: Recv/Dropped : 0/30
AGG (1 ,3) PORT 1: Recv/Dropped : 0/43
AGG (1 ,3) PORT 2: Recv/Dropped : 0/39
AGG (1 ,3) PORT 3: Recv/Dropped : 0/26
AGG (1 ,3) PORT 4: Recv/Dropped : 0/66
AGG (1 ,3) PORT 5: Recv/Dropped : 0/108
AGG (1 ,3) PORT 6: Recv/Dropped : 0/74
AGG (1 ,3) PORT 7: Recv/Dropped : 0/64
AGG (2 ,0) PORT 0: Recv/Dropped : 0/67
AGG (2 ,0) PORT 1: Recv/Dropped : 0/69
AGG (2 ,0) PORT 2: Recv/Dropped : 0/70
AGG (2 ,0) PORT 3: Recv/Dropped : 0/70
AGG (2 ,0) PORT 4: Recv/Dropped : 0/67
AGG (2 ,0) PORT 5: Recv/Dropped : 0/43
AGG (2 ,0) PORT 6: Recv/Dropped : 0/48
AGG (2 ,0) PORT 7: Recv/Dropped : 0/69
AGG (2 ,1) PORT 0: Recv/Dropped : 0/41
AGG (2 ,1) PORT 1: Recv/Dropped : 0/46
AGG (2 ,1) PORT 2: Recv/Dropped : 0/26
AGG (2 ,1) PORT 3: Recv/Dropped : 0/27
AGG (2 ,1) PORT 4: Recv/Dropped : 0/69
AGG (2 ,1) PORT 5: Recv/Dropped : 0/67
AGG (2 ,1) PORT 6: Recv/Dropped : 0/61
AGG (2 ,1) PORT 7: Recv/Dropped : 0/93
AGG (2 ,2) PORT 0: Recv/Dropped : 0/41
AGG (2 ,2) PORT 1: Recv/Dropped : 0/43
AGG (2 ,2) PORT 2: Recv/Dropped : 0/25
AGG (2 ,2) PORT 3: Recv/Dropped : 0/36
AGG (2 ,2) PORT 4: Recv/Dropped : 0/65
AGG (2 ,2) PORT 5: Recv/Dropped : 0/57
AGG (2 ,2) PORT 6: Recv/Dropped : 0/98
AGG (2 ,2) PORT 7: Recv/Dropped : 0/52
AGG (2 ,3) PORT 0: Recv/Dropped : 0/40
AGG (2 ,3) PORT 1: Recv/Dropped : 0/54
AGG (2 ,3) PORT 2: Recv/Dropped : 0/52
AGG (2 ,3) PORT 3: Recv/Dropped : 0/52
AGG (2 ,3) PORT 4: Recv/Dropped : 0/91
AGG (2 ,3) PORT 5: Recv/Dropped : 0/88
AGG (2 ,3) PORT 6: Recv/Dropped : 0/68
AGG (2 ,3) PORT 7: Recv/Dropped : 0/61
AGG (3 ,0) PORT 0: Recv/Dropped : 0/44
AGG (3 ,0) PORT 1: Recv/Dropped : 0/40
AGG (3 ,0) PORT 2: Recv/Dropped : 0/33
AGG (3 ,0) PORT 3: Recv/Dropped : 0/33
AGG (3 ,0) PORT 4: Recv/Dropped : 0/64
AGG (3 ,0) PORT 5: Recv/Dropped : 0/53
AGG (3 ,0) PORT 6: Recv/Dropped : 0/62
AGG (3 ,0) PORT 7: Recv/Dropped : 0/65
AGG (3 ,1) PORT 0: Recv/Dropped : 0/35
AGG (3 ,1) PORT 1: Recv/Dropped : 0/36
AGG (3 ,1) PORT 2: Recv/Dropped : 0/26
AGG (3 ,1) PORT 3: Recv/Dropped : 0/42
AGG (3 ,1) PORT 4: Recv/Dropped : 0/74
AGG (3 ,1) PORT 5: Recv/Dropped : 0/75
AGG (3 ,1) PORT 6: Recv/Dropped : 0/66
AGG (3 ,1) PORT 7: Recv/Dropped : 0/65
AGG (3 ,2) PORT 0: Recv/Dropped : 0/55
AGG (3 ,2) PORT 1: Recv/Dropped : 0/43
AGG (3 ,2) PORT 2: Recv/Dropped : 0/59
AGG (3 ,2) PORT 3: Recv/Dropped : 0/43
AGG (3 ,2) PORT 4: Recv/Dropped : 0/66
AGG (3 ,2) PORT 5: Recv/Dropped : 0/55
AGG (3 ,2) PORT 6: Recv/Dropped : 0/67
AGG (3 ,2) PORT 7: Recv/Dropped : 0/63
AGG (3 ,3) PORT 0: Recv/Dropped : 0/48
AGG (3 ,3) PORT 1: Recv/Dropped : 0/41
AGG (3 ,3) PORT 2: Recv/Dropped : 0/54
AGG (3 ,3) PORT 3: Recv/Dropped : 0/61
AGG (3 ,3) PORT 4: Recv/Dropped : 0/43
AGG (3 ,3) PORT 5: Recv/Dropped : 0/66
AGG (3 ,3) PORT 6: Recv/Dropped : 0/80
AGG (3 ,3) PORT 7: Recv/Dropped : 0/48
AGG (4 ,0) PORT 0: Recv/Dropped : 0/50
AGG (4 ,0) PORT 1: Recv/Dropped : 0/59
AGG (4 ,0) PORT 2: Recv/Dropped : 0/47
AGG (4 ,0) PORT 3: Recv/Dropped : 0/44
AGG (4 ,0) PORT 4: Recv/Dropped : 0/77
AGG (4 ,0) PORT 5: Recv/Dropped : 0/65
AGG (4 ,0) PORT 6: Recv/Dropped : 0/71
AGG (4 ,0) PORT 7: Recv/Dropped : 0/64
AGG (4 ,1) PORT 0: Recv/Dropped : 0/29
AGG (4 ,1) PORT 1: Recv/Dropped : 0/39
AGG (4 ,1) PORT 2: Recv/Dropped : 0/33
AGG (4 ,1) PORT 3: Recv/Dropped : 0/35
AGG (4 ,1) PORT 4: Recv/Dropped : 0/71
AGG (4 ,1) PORT 5: Recv/Dropped : 0/59
AGG (4 ,1) PORT 6: Recv/Dropped : 0/46
AGG (4 ,1) PORT 7: Recv/Dropped : 0/67
AGG (4 ,2) PORT 0: Recv/Dropped : 0/62
AGG (4 ,2) PORT 1: Recv/Dropped : 0/39
AGG (4 ,2) PORT 2: Recv/Dropped : 0/54
AGG (4 ,2) PORT 3: Recv/Dropped : 0/43
AGG (4 ,2) PORT 4: Recv/Dropped : 0/57
AGG (4 ,2) PORT 5: Recv/Dropped : 0/56
AGG (4 ,2) PORT 6: Recv/Dropped : 0/72
AGG (4 ,2) PORT 7: Recv/Dropped : 0/72
AGG (4 ,3) PORT 0: Recv/Dropped : 0/33
AGG (4 ,3) PORT 1: Recv/Dropped : 0/31
AGG (4 ,3) PORT 2: Recv/Dropped : 0/33
AGG (4 ,3) PORT 3: Recv/Dropped : 0/37
AGG (4 ,3) PORT 4: Recv/Dropped : 0/69
AGG (4 ,3) PORT 5: Recv/Dropped : 0/56
AGG (4 ,3) PORT 6: Recv/Dropped : 0/52
AGG (4 ,3) PORT 7: Recv/Dropped : 0/56
AGG (5 ,0) PORT 0: Recv/Dropped : 0/1
AGG (5 ,0) PORT 1: Recv/Dropped : 0/2
AGG (5 ,0) PORT 2: Recv/Dropped : 0/3
AGG (5 ,0) PORT 3: Recv/Dropped : 0/4
AGG (5 ,0) PORT 4: Recv/Dropped : 0/60
AGG (5 ,0) PORT 5: Recv/Dropped : 0/72
AGG (5 ,0) PORT 6: Recv/Dropped : 0/44
AGG (5 ,0) PORT 7: Recv/Dropped : 0/68
AGG (5 ,1) PORT 0: Recv/Dropped : 0/44
AGG (5 ,1) PORT 1: Recv/Dropped : 0/43
AGG (5 ,1) PORT 2: Recv/Dropped : 0/61
AGG (5 ,1) PORT 3: Recv/Dropped : 0/48
AGG (5 ,1) PORT 4: Recv/Dropped : 0/55
AGG (5 ,1) PORT 5: Recv/Dropped : 0/74
AGG (5 ,1) PORT 6: Recv/Dropped : 0/65
AGG (5 ,1) PORT 7: Recv/Dropped : 0/32
AGG (5 ,2) PORT 0: Recv/Dropped : 0/52
AGG (5 ,2) PORT 1: Recv/Dropped : 0/57
AGG (5 ,2) PORT 2: Recv/Dropped : 0/40
AGG (5 ,2) PORT 3: Recv/Dropped : 0/48
AGG (5 ,2) PORT 4: Recv/Dropped : 0/65
AGG (5 ,2) PORT 5: Recv/Dropped : 0/60
AGG (5 ,2) PORT 6: Recv/Dropped : 0/62
AGG (5 ,2) PORT 7: Recv/Dropped : 0/59
AGG (5 ,3) PORT 0: Recv/Dropped : 0/50
AGG (5 ,3) PORT 1: Recv/Dropped : 0/62
AGG (5 ,3) PORT 2: Recv/Dropped : 0/40
AGG (5 ,3) PORT 3: Recv/Dropped : 0/47
AGG (5 ,3) PORT 4: Recv/Dropped : 0/47
AGG (5 ,3) PORT 5: Recv/Dropped : 0/60
AGG (5 ,3) PORT 6: Recv/Dropped : 0/42
AGG (5 ,3) PORT 7: Recv/Dropped : 0/48
AGG (6 ,0) PORT 0: Recv/Dropped : 0/34
AGG (6 ,0) PORT 1: Recv/Dropped : 0/28
AGG (6 ,0) PORT 2: Recv/Dropped : 0/43
AGG (6 ,0) PORT 3: Recv/Dropped : 0/28
AGG (6 ,0) PORT 4: Recv/Dropped : 0/64
AGG (6 ,0) PORT 5: Recv/Dropped : 0/71
AGG (6 ,0) PORT 6: Recv/Dropped : 0/73
AGG (6 ,0) PORT 7: Recv/Dropped : 0/81
AGG (6 ,1) PORT 0: Recv/Dropped : 0/49
AGG (6 ,1) PORT 1: Recv/Dropped : 0/50
AGG (6 ,1) PORT 2: Recv/Dropped : 0/49
AGG (6 ,1) PORT 3: Recv/Dropped : 0/49
AGG (6 ,1) PORT 4: Recv/Dropped : 0/61
AGG (6 ,1) PORT 5: Recv/Dropped : 0/67
AGG (6 ,1) PORT 6: Recv/Dropped : 0/80
AGG (6 ,1) PORT 7: Recv/Dropped : 0/85
AGG (6 ,2) PORT 0: Recv/Dropped : 0/47
AGG (6 ,2) PORT 1: Recv/Dropped : 0/57
AGG (6 ,2) PORT 2: Recv/Dropped : 0/45
AGG (6 ,2) PORT 3: Recv/Dropped : 0/51
AGG (6 ,2) PORT 4: Recv/Dropped : 0/82
AGG (6 ,2) PORT 5: Recv/Dropped : 0/79
AGG (6 ,2) PORT 6: Recv/Dropped : 0/73
AGG (6 ,2) PORT 7: Recv/Dropped : 0/84
AGG (6 ,3) PORT 0: Recv/Dropped : 0/65
AGG (6 ,3) PORT 1: Recv/Dropped : 0/66
AGG (6 ,3) PORT 2: Recv/Dropped : 0/61
AGG (6 ,3) PORT 3: Recv/Dropped : 0/70
AGG (6 ,3) PORT 4: Recv/Dropped : 0/68
AGG (6 ,3) PORT 5: Recv/Dropped : 0/81
AGG (6 ,3) PORT 6: Recv/Dropped : 0/78
AGG (6 ,3) PORT 7: Recv/Dropped : 0/72
AGG (7 ,0) PORT 0: Recv/Dropped : 0/65
AGG (7 ,0) PORT 1: Recv/Dropped : 0/76
AGG (7 ,0) PORT 2: Recv/Dropped : 0/68
AGG (7 ,0) PORT 3: Recv/Dropped : 0/55
AGG (7 ,0) PORT 4: Recv/Dropped : 0/99
AGG (7 ,0) PORT 5: Recv/Dropped : 0/92
AGG (7 ,0) PORT 6: Recv/Dropped : 0/106
AGG (7 ,0) PORT 7: Recv/Dropped : 0/92
AGG (7 ,1) PORT 0: Recv/Dropped : 0/68
AGG (7 ,1) PORT 1: Recv/Dropped : 0/70
AGG (7 ,1) PORT 2: Recv/Dropped : 0/55
AGG (7 ,1) PORT 3: Recv/Dropped : 0/68
AGG (7 ,1) PORT 4: Recv/Dropped : 0/95
AGG (7 ,1) PORT 5: Recv/Dropped : 0/91
AGG (7 ,1) PORT 6: Recv/Dropped : 0/89
AGG (7 ,1) PORT 7: Recv/Dropped : 0/92
AGG (7 ,2) PORT 0: Recv/Dropped : 0/56
AGG (7 ,2) PORT 1: Recv/Dropped : 0/44
AGG (7 ,2) PORT 2: Recv/Dropped : 0/41
AGG (7 ,2) PORT 3: Recv/Dropped : 0/55
AGG (7 ,2) PORT 4: Recv/Dropped : 0/101
AGG (7 ,2) PORT 5: Recv/Dropped : 0/93
AGG (7 ,2) PORT 6: Recv/Dropped : 0/89
AGG (7 ,2) PORT 7: Recv/Dropped : 0/100
AGG (7 ,3) PORT 0: Recv/Dropped : 0/58
AGG (7 ,3) PORT 1: Recv/Dropped : 0/80
AGG (7 ,3) PORT 2: Recv/Dropped : 0/63
AGG (7 ,3) PORT 3: Recv/Dropped : 0/57
AGG (7 ,3) PORT 4: Recv/Dropped : 0/92
AGG (7 ,3) PORT 5: Recv/Dropped : 0/91
AGG (7 ,3) PORT 6: Recv/Dropped : 0/80
AGG (7 ,3) PORT 7: Recv/Dropped : 0/77


TOTAL RECEIVED PACKETS = 57626
TOTAL DROPPED PACKETS = 232