QUEUE STATISTICS FOR EXPERIMENT 9029
---------------------------
 -- EDGE QUEUE STATISTICS --
EDGE (0 ,0) PORT 0: Recv/Dropped : 174/8953
EDGE (0 ,0) PORT 1: Recv/Dropped : 0/86
EDGE (0 ,0) PORT 2: Recv/Dropped : 0/69
EDGE (0 ,0) PORT 3: Recv/Dropped : 0/64
EDGE (0 ,0) PORT 4: Recv/Dropped : 0/1427
EDGE (0 ,0) PORT 5: Recv/Dropped : 0/1519
EDGE (0 ,0) PORT 6: Recv/Dropped : 0/1406
EDGE (0 ,0) PORT 7: Recv/Dropped : 0/1406
EDGE (0 ,1) PORT 0: Recv/Dropped : 0/69
EDGE (0 ,1) PORT 1: Recv/Dropped : 0/67
EDGE (0 ,1) PORT 2: Recv/Dropped : 0/64
EDGE (0 ,1) PORT 3: Recv/Dropped : 0/62
EDGE (0 ,1) PORT 4: Recv/Dropped : 0/83
EDGE (0 ,1) PORT 5: Recv/Dropped : 0/103
EDGE (0 ,1) PORT 6: Recv/Dropped : 0/100
EDGE (0 ,1) PORT 7: Recv/Dropped : 0/105
EDGE (0 ,2) PORT 0: Recv/Dropped : 0/65
EDGE (0 ,2) PORT 1: Recv/Dropped : 0/65
EDGE (0 ,2) PORT 2: Recv/Dropped : 0/62
EDGE (0 ,2) PORT 3: Recv/Dropped : 0/76
EDGE (0 ,2) PORT 4: Recv/Dropped : 0/76
EDGE (0 ,2) PORT 5: Recv/Dropped : 0/126
EDGE (0 ,2) PORT 6: Recv/Dropped : 0/93
EDGE (0 ,2) PORT 7: Recv/Dropped : 0/93
EDGE (0 ,3) PORT 0: Recv/Dropped : 0/64
EDGE (0 ,3) PORT 1: Recv/Dropped : 0/64
EDGE (0 ,3) PORT 2: Recv/Dropped : 0/75
EDGE (0 ,3) PORT 3: Recv/Dropped : 0/2
EDGE (0 ,3) PORT 4: Recv/Dropped : 0/72
EDGE (0 ,3) PORT 5: Recv/Dropped : 0/75
EDGE (0 ,3) PORT 6: Recv/Dropped : 0/79
EDGE (0 ,3) PORT 7: Recv/Dropped : 0/70
EDGE (1 ,0) PORT 0: Recv/Dropped : 0/70
EDGE (1 ,0) PORT 1: Recv/Dropped : 0/62
EDGE (1 ,0) PORT 2: Recv/Dropped : 0/65
EDGE (1 ,0) PORT 3: Recv/Dropped : 0/64
EDGE (1 ,0) PORT 4: Recv/Dropped : 0/79
EDGE (1 ,0) PORT 5: Recv/Dropped : 0/130
EDGE (1 ,0) PORT 6: Recv/Dropped : 0/79
EDGE (1 ,0) PORT 7: Recv/Dropped : 0/104
EDGE (1 ,1) PORT 0: Recv/Dropped : 0/62
EDGE (1 ,1) PORT 1: Recv/Dropped : 0/64
EDGE (1 ,1) PORT 2: Recv/Dropped : 0/64
EDGE (1 ,1) PORT 3: Recv/Dropped : 0/73
EDGE (1 ,1) PORT 4: Recv/Dropped : 0/83
EDGE (1 ,1) PORT 5: Recv/Dropped : 0/93
EDGE (1 ,1) PORT 6: Recv/Dropped : 0/105
EDGE (1 ,1) PORT 7: Recv/Dropped : 0/108
EDGE (1 ,2) PORT 0: Recv/Dropped : 0/64
EDGE (1 ,2) PORT 1: Recv/Dropped : 0/64
EDGE (1 ,2) PORT 2: Recv/Dropped : 0/2
EDGE (1 ,2) PORT 3: Recv/Dropped : 0/63
EDGE (1 ,2) PORT 4: Recv/Dropped : 0/81
EDGE (1 ,2) PORT 5: Recv/Dropped : 0/67
EDGE (1 ,2) PORT 6: Recv/Dropped : 0/72
EDGE (1 ,2) PORT 7: Recv/Dropped : 0/80
EDGE (1 ,3) PORT 0: Recv/Dropped : 0/64
EDGE (1 ,3) PORT 1: Recv/Dropped : 0/2
EDGE (1 ,3) PORT 2: Recv/Dropped : 0/2
EDGE (1 ,3) PORT 3: Recv/Dropped : 0/2
EDGE (1 ,3) PORT 4: Recv/Dropped : 0/26
EDGE (1 ,3) PORT 5: Recv/Dropped : 0/31
EDGE (1 ,3) PORT 6: Recv/Dropped : 0/19
EDGE (1 ,3) PORT 7: Recv/Dropped : 0/36
EDGE (2 ,0) PORT 0: Recv/Dropped : 0/66
EDGE (2 ,0) PORT 1: Recv/Dropped : 0/65
EDGE (2 ,0) PORT 2: Recv/Dropped : 0/64
EDGE (2 ,0) PORT 3: Recv/Dropped : 0/73
EDGE (2 ,0) PORT 4: Recv/Dropped : 0/91
EDGE (2 ,0) PORT 5: Recv/Dropped : 0/120
EDGE (2 ,0) PORT 6: Recv/Dropped : 0/78
EDGE (2 ,0) PORT 7: Recv/Dropped : 0/103
EDGE (2 ,1) PORT 0: Recv/Dropped : 0/64
EDGE (2 ,1) PORT 1: Recv/Dropped : 0/64
EDGE (2 ,1) PORT 2: Recv/Dropped : 0/2
EDGE (2 ,1) PORT 3: Recv/Dropped : 0/63
EDGE (2 ,1) PORT 4: Recv/Dropped : 0/57
EDGE (2 ,1) PORT 5: Recv/Dropped : 0/74
EDGE (2 ,1) PORT 6: Recv/Dropped : 0/75
EDGE (2 ,1) PORT 7: Recv/Dropped : 0/91
EDGE (2 ,2) PORT 0: Recv/Dropped : 0/64
EDGE (2 ,2) PORT 1: Recv/Dropped : 0/81
EDGE (2 ,2) PORT 2: Recv/Dropped : 0/3
EDGE (2 ,2) PORT 3: Recv/Dropped : 0/2
EDGE (2 ,2) PORT 4: Recv/Dropped : 0/43
EDGE (2 ,2) PORT 5: Recv/Dropped : 0/52
EDGE (2 ,2) PORT 6: Recv/Dropped : 0/58
EDGE (2 ,2) PORT 7: Recv/Dropped : 0/52
EDGE (2 ,3) PORT 0: Recv/Dropped : 0/2
EDGE (2 ,3) PORT 1: Recv/Dropped : 0/63
EDGE (2 ,3) PORT 2: Recv/Dropped : 0/2
EDGE (2 ,3) PORT 3: Recv/Dropped : 0/2
EDGE (2 ,3) PORT 4: Recv/Dropped : 0/32
EDGE (2 ,3) PORT 5: Recv/Dropped : 0/31
EDGE (2 ,3) PORT 6: Recv/Dropped : 0/24
EDGE (2 ,3) PORT 7: Recv/Dropped : 0/24
EDGE (3 ,0) PORT 0: Recv/Dropped : 0/64
EDGE (3 ,0) PORT 1: Recv/Dropped : 0/64
EDGE (3 ,0) PORT 2: Recv/Dropped : 0/2
EDGE (3 ,0) PORT 3: Recv/Dropped : 0/2
EDGE (3 ,0) PORT 4: Recv/Dropped : 0/41
EDGE (3 ,0) PORT 5: Recv/Dropped : 0/59
EDGE (3 ,0) PORT 6: Recv/Dropped : 0/53
EDGE (3 ,0) PORT 7: Recv/Dropped : 0/49
EDGE (3 ,1) PORT 0: Recv/Dropped : 0/63
EDGE (3 ,1) PORT 1: Recv/Dropped : 0/63
EDGE (3 ,1) PORT 2: Recv/Dropped : 0/63
EDGE (3 ,1) PORT 3: Recv/Dropped : 0/2
EDGE (3 ,1) PORT 4: Recv/Dropped : 0/88
EDGE (3 ,1) PORT 5: Recv/Dropped : 0/72
EDGE (3 ,1) PORT 6: Recv/Dropped : 0/66
EDGE (3 ,1) PORT 7: Recv/Dropped : 0/74
EDGE (3 ,2) PORT 0: Recv/Dropped : 0/63
EDGE (3 ,2) PORT 1: Recv/Dropped : 0/63
EDGE (3 ,2) PORT 2: Recv/Dropped : 0/63
EDGE (3 ,2) PORT 3: Recv/Dropped : 0/2
EDGE (3 ,2) PORT 4: Recv/Dropped : 0/85
EDGE (3 ,2) PORT 5: Recv/Dropped : 0/83
EDGE (3 ,2) PORT 6: Recv/Dropped : 0/66
EDGE (3 ,2) PORT 7: Recv/Dropped : 0/67
EDGE (3 ,3) PORT 0: Recv/Dropped : 0/2
EDGE (3 ,3) PORT 1: Recv/Dropped : 0/2
EDGE (3 ,3) PORT 2: Recv/Dropped : 0/3
EDGE (3 ,3) PORT 3: Recv/Dropped : 0/62
EDGE (3 ,3) PORT 4: Recv/Dropped : 0/22
EDGE (3 ,3) PORT 5: Recv/Dropped : 0/30
EDGE (3 ,3) PORT 6: Recv/Dropped : 0/43
EDGE (3 ,3) PORT 7: Recv/Dropped : 0/14
EDGE (4 ,0) PORT 0: Recv/Dropped : 0/63
EDGE (4 ,0) PORT 1: Recv/Dropped : 0/2
EDGE (4 ,0) PORT 2: Recv/Dropped : 0/63
EDGE (4 ,0) PORT 3: Recv/Dropped : 0/63
EDGE (4 ,0) PORT 4: Recv/Dropped : 0/79
EDGE (4 ,0) PORT 5: Recv/Dropped : 0/78
EDGE (4 ,0) PORT 6: Recv/Dropped : 0/82
EDGE (4 ,0) PORT 7: Recv/Dropped : 0/62
EDGE (4 ,1) PORT 0: Recv/Dropped : 0/2
EDGE (4 ,1) PORT 1: Recv/Dropped : 0/3
EDGE (4 ,1) PORT 2: Recv/Dropped : 0/2
EDGE (4 ,1) PORT 3: Recv/Dropped : 0/3
EDGE (4 ,1) PORT 4: Recv/Dropped : 0/6
EDGE (4 ,1) PORT 5: Recv/Dropped : 0/4
EDGE (4 ,1) PORT 6: Recv/Dropped : 0/1
EDGE (4 ,1) PORT 7: Recv/Dropped : 0/5
EDGE (4 ,2) PORT 0: Recv/Dropped : 0/2
EDGE (4 ,2) PORT 1: Recv/Dropped : 0/2
EDGE (4 ,2) PORT 2: Recv/Dropped : 0/63
EDGE (4 ,2) PORT 3: Recv/Dropped : 0/62
EDGE (4 ,2) PORT 4: Recv/Dropped : 0/41
EDGE (4 ,2) PORT 5: Recv/Dropped : 0/38
EDGE (4 ,2) PORT 6: Recv/Dropped : 0/72
EDGE (4 ,2) PORT 7: Recv/Dropped : 0/53
EDGE (4 ,3) PORT 0: Recv/Dropped : 0/2
EDGE (4 ,3) PORT 1: Recv/Dropped : 0/62
EDGE (4 ,3) PORT 2: Recv/Dropped : 0/62
EDGE (4 ,3) PORT 3: Recv/Dropped : 0/62
EDGE (4 ,3) PORT 4: Recv/Dropped : 0/82
EDGE (4 ,3) PORT 5: Recv/Dropped : 0/63
EDGE (4 ,3) PORT 6: Recv/Dropped : 0/64
EDGE (4 ,3) PORT 7: Recv/Dropped : 0/86
EDGE (5 ,0) PORT 0: Recv/Dropped : 0/74
EDGE (5 ,0) PORT 1: Recv/Dropped : 0/63
EDGE (5 ,0) PORT 2: Recv/Dropped : 0/63
EDGE (5 ,0) PORT 3: Recv/Dropped : 0/2
EDGE (5 ,0) PORT 4: Recv/Dropped : 0/75
EDGE (5 ,0) PORT 5: Recv/Dropped : 0/76
EDGE (5 ,0) PORT 6: Recv/Dropped : 0/66
EDGE (5 ,0) PORT 7: Recv/Dropped : 0/82
EDGE (5 ,1) PORT 0: Recv/Dropped : 0/63
EDGE (5 ,1) PORT 1: Recv/Dropped : 0/2
EDGE (5 ,1) PORT 2: Recv/Dropped : 0/62
EDGE (5 ,1) PORT 3: Recv/Dropped : 0/62
EDGE (5 ,1) PORT 4: Recv/Dropped : 0/75
EDGE (5 ,1) PORT 5: Recv/Dropped : 0/72
EDGE (5 ,1) PORT 6: Recv/Dropped : 0/83
EDGE (5 ,1) PORT 7: Recv/Dropped : 0/67
EDGE (5 ,2) PORT 0: Recv/Dropped : 0/2
EDGE (5 ,2) PORT 1: Recv/Dropped : 0/3
EDGE (5 ,2) PORT 2: Recv/Dropped : 0/62
EDGE (5 ,2) PORT 3: Recv/Dropped : 0/62
EDGE (5 ,2) PORT 4: Recv/Dropped : 0/57
EDGE (5 ,2) PORT 5: Recv/Dropped : 0/60
EDGE (5 ,2) PORT 6: Recv/Dropped : 0/48
EDGE (5 ,2) PORT 7: Recv/Dropped : 0/37
EDGE (5 ,3) PORT 0: Recv/Dropped : 0/62
EDGE (5 ,3) PORT 1: Recv/Dropped : 0/62
EDGE (5 ,3) PORT 2: Recv/Dropped : 0/62
EDGE (5 ,3) PORT 3: Recv/Dropped : 0/62
EDGE (5 ,3) PORT 4: Recv/Dropped : 0/113
EDGE (5 ,3) PORT 5: Recv/Dropped : 0/87
EDGE (5 ,3) PORT 6: Recv/Dropped : 0/106
EDGE (5 ,3) PORT 7: Recv/Dropped : 0/82
EDGE (6 ,0) PORT 0: Recv/Dropped : 0/63
EDGE (6 ,0) PORT 1: Recv/Dropped : 0/2
EDGE (6 ,0) PORT 2: Recv/Dropped : 0/63
EDGE (6 ,0) PORT 3: Recv/Dropped : 0/62
EDGE (6 ,0) PORT 4: Recv/Dropped : 0/72
EDGE (6 ,0) PORT 5: Recv/Dropped : 0/69
EDGE (6 ,0) PORT 6: Recv/Dropped : 0/95
EDGE (6 ,0) PORT 7: Recv/Dropped : 0/63
EDGE (6 ,1) PORT 0: Recv/Dropped : 0/2
EDGE (6 ,1) PORT 1: Recv/Dropped : 0/2
EDGE (6 ,1) PORT 2: Recv/Dropped : 0/62
EDGE (6 ,1) PORT 3: Recv/Dropped : 0/62
EDGE (6 ,1) PORT 4: Recv/Dropped : 0/54
EDGE (6 ,1) PORT 5: Recv/Dropped : 0/37
EDGE (6 ,1) PORT 6: Recv/Dropped : 0/51
EDGE (6 ,1) PORT 7: Recv/Dropped : 0/60
EDGE (6 ,2) PORT 0: Recv/Dropped : 0/2
EDGE (6 ,2) PORT 1: Recv/Dropped : 0/2
EDGE (6 ,2) PORT 2: Recv/Dropped : 0/62
EDGE (6 ,2) PORT 3: Recv/Dropped : 0/62
EDGE (6 ,2) PORT 4: Recv/Dropped : 0/54
EDGE (6 ,2) PORT 5: Recv/Dropped : 0/50
EDGE (6 ,2) PORT 6: Recv/Dropped : 0/53
EDGE (6 ,2) PORT 7: Recv/Dropped : 0/45
EDGE (6 ,3) PORT 0: Recv/Dropped : 0/62
EDGE (6 ,3) PORT 1: Recv/Dropped : 0/62
EDGE (6 ,3) PORT 2: Recv/Dropped : 0/62
EDGE (6 ,3) PORT 3: Recv/Dropped : 0/62
EDGE (6 ,3) PORT 4: Recv/Dropped : 0/89
EDGE (6 ,3) PORT 5: Recv/Dropped : 0/92
EDGE (6 ,3) PORT 6: Recv/Dropped : 0/100
EDGE (6 ,3) PORT 7: Recv/Dropped : 0/107
EDGE (7 ,0) PORT 0: Recv/Dropped : 0/63
EDGE (7 ,0) PORT 1: Recv/Dropped : 0/62
EDGE (7 ,0) PORT 2: Recv/Dropped : 0/62
EDGE (7 ,0) PORT 3: Recv/Dropped : 0/62
EDGE (7 ,0) PORT 4: Recv/Dropped : 0/94
EDGE (7 ,0) PORT 5: Recv/Dropped : 0/115
EDGE (7 ,0) PORT 6: Recv/Dropped : 0/92
EDGE (7 ,0) PORT 7: Recv/Dropped : 0/89
EDGE (7 ,1) PORT 0: Recv/Dropped : 0/62
EDGE (7 ,1) PORT 1: Recv/Dropped : 0/62
EDGE (7 ,1) PORT 2: Recv/Dropped : 0/62
EDGE (7 ,1) PORT 3: Recv/Dropped : 0/62
EDGE (7 ,1) PORT 4: Recv/Dropped : 0/95
EDGE (7 ,1) PORT 5: Recv/Dropped : 0/91
EDGE (7 ,1) PORT 6: Recv/Dropped : 0/95
EDGE (7 ,1) PORT 7: Recv/Dropped : 0/107
EDGE (7 ,2) PORT 0: Recv/Dropped : 0/62
EDGE (7 ,2) PORT 1: Recv/Dropped : 0/62
EDGE (7 ,2) PORT 2: Recv/Dropped : 0/62
EDGE (7 ,2) PORT 3: Recv/Dropped : 0/62
EDGE (7 ,2) PORT 4: Recv/Dropped : 0/112
EDGE (7 ,2) PORT 5: Recv/Dropped : 0/87
EDGE (7 ,2) PORT 6: Recv/Dropped : 0/101
EDGE (7 ,2) PORT 7: Recv/Dropped : 0/88
EDGE (7 ,3) PORT 0: Recv/Dropped : 0/62
EDGE (7 ,3) PORT 1: Recv/Dropped : 0/62
EDGE (7 ,3) PORT 2: Recv/Dropped : 0/62
EDGE (7 ,3) PORT 3: Recv/Dropped : 0/62
EDGE (7 ,3) PORT 4: Recv/Dropped : 0/102
EDGE (7 ,3) PORT 5: Recv/Dropped : 0/98
EDGE (7 ,3) PORT 6: Recv/Dropped : 0/89
EDGE (7 ,3) PORT 7: Recv/Dropped : 0/99
 -- AGG QUEUE STATISTICS --
AGG (0 ,0) PORT 0: Recv/Dropped : 0/2159
AGG (0 ,0) PORT 1: Recv/Dropped : 0/2263
AGG (0 ,0) PORT 2: Recv/Dropped : 0/2208
AGG (0 ,0) PORT 3: Recv/Dropped : 0/2202
AGG (0 ,0) PORT 4: Recv/Dropped : 0/333
AGG (0 ,0) PORT 5: Recv/Dropped : 0/295
AGG (0 ,0) PORT 6: Recv/Dropped : 0/310
AGG (0 ,0) PORT 7: Recv/Dropped : 0/313
AGG (0 ,1) PORT 0: Recv/Dropped : 0/55
AGG (0 ,1) PORT 1: Recv/Dropped : 0/66
AGG (0 ,1) PORT 2: Recv/Dropped : 0/67
AGG (0 ,1) PORT 3: Recv/Dropped : 0/74
AGG (0 ,1) PORT 4: Recv/Dropped : 0/337
AGG (0 ,1) PORT 5: Recv/Dropped : 0/332
AGG (0 ,1) PORT 6: Recv/Dropped : 0/314
AGG (0 ,1) PORT 7: Recv/Dropped : 0/342
AGG (0 ,2) PORT 0: Recv/Dropped : 0/80
AGG (0 ,2) PORT 1: Recv/Dropped : 0/62
AGG (0 ,2) PORT 2: Recv/Dropped : 0/59
AGG (0 ,2) PORT 3: Recv/Dropped : 0/67
AGG (0 ,2) PORT 4: Recv/Dropped : 0/305
AGG (0 ,2) PORT 5: Recv/Dropped : 0/317
AGG (0 ,2) PORT 6: Recv/Dropped : 0/274
AGG (0 ,2) PORT 7: Recv/Dropped : 0/340
AGG (0 ,3) PORT 0: Recv/Dropped : 0/41
AGG (0 ,3) PORT 1: Recv/Dropped : 0/66
AGG (0 ,3) PORT 2: Recv/Dropped : 0/44
AGG (0 ,3) PORT 3: Recv/Dropped : 0/54
AGG (0 ,3) PORT 4: Recv/Dropped : 0/266
AGG (0 ,3) PORT 5: Recv/Dropped : 0/316
AGG (0 ,3) PORT 6: Recv/Dropped : 0/313
AGG (0 ,3) PORT 7: Recv/Dropped : 0/316
AGG (1 ,0) PORT 0: Recv/Dropped : 0/63
AGG (1 ,0) PORT 1: Recv/Dropped : 0/85
AGG (1 ,0) PORT 2: Recv/Dropped : 0/58
AGG (1 ,0) PORT 3: Recv/Dropped : 0/55
AGG (1 ,0) PORT 4: Recv/Dropped : 0/52
AGG (1 ,0) PORT 5: Recv/Dropped : 0/70
AGG (1 ,0) PORT 6: Recv/Dropped : 0/69
AGG (1 ,0) PORT 7: Recv/Dropped : 0/78
AGG (1 ,1) PORT 0: Recv/Dropped : 0/79
AGG (1 ,1) PORT 1: Recv/Dropped : 0/71
AGG (1 ,1) PORT 2: Recv/Dropped : 0/48
AGG (1 ,1) PORT 3: Recv/Dropped : 0/65
AGG (1 ,1) PORT 4: Recv/Dropped : 0/99
AGG (1 ,1) PORT 5: Recv/Dropped : 0/63
AGG (1 ,1) PORT 6: Recv/Dropped : 0/81
AGG (1 ,1) PORT 7: Recv/Dropped : 0/78
AGG (1 ,2) PORT 0: Recv/Dropped : 0/37
AGG (1 ,2) PORT 1: Recv/Dropped : 0/52
AGG (1 ,2) PORT 2: Recv/Dropped : 0/44
AGG (1 ,2) PORT 3: Recv/Dropped : 0/60
AGG (1 ,2) PORT 4: Recv/Dropped : 0/62
AGG (1 ,2) PORT 5: Recv/Dropped : 0/90
AGG (1 ,2) PORT 6: Recv/Dropped : 0/69
AGG (1 ,2) PORT 7: Recv/Dropped : 0/54
AGG (1 ,3) PORT 0: Recv/Dropped : 0/8
AGG (1 ,3) PORT 1: Recv/Dropped : 0/18
AGG (1 ,3) PORT 2: Recv/Dropped : 0/21
AGG (1 ,3) PORT 3: Recv/Dropped : 0/23
AGG (1 ,3) PORT 4: Recv/Dropped : 0/59
AGG (1 ,3) PORT 5: Recv/Dropped : 0/114
AGG (1 ,3) PORT 6: Recv/Dropped : 0/81
AGG (1 ,3) PORT 7: Recv/Dropped : 0/74
AGG (2 ,0) PORT 0: Recv/Dropped : 0/66
AGG (2 ,0) PORT 1: Recv/Dropped : 0/78
AGG (2 ,0) PORT 2: Recv/Dropped : 0/66
AGG (2 ,0) PORT 3: Recv/Dropped : 0/58
AGG (2 ,0) PORT 4: Recv/Dropped : 0/68
AGG (2 ,0) PORT 5: Recv/Dropped : 0/42
AGG (2 ,0) PORT 6: Recv/Dropped : 0/55
AGG (2 ,0) PORT 7: Recv/Dropped : 0/58
AGG (2 ,1) PORT 0: Recv/Dropped : 0/49
AGG (2 ,1) PORT 1: Recv/Dropped : 0/54
AGG (2 ,1) PORT 2: Recv/Dropped : 0/55
AGG (2 ,1) PORT 3: Recv/Dropped : 0/35
AGG (2 ,1) PORT 4: Recv/Dropped : 0/77
AGG (2 ,1) PORT 5: Recv/Dropped : 0/62
AGG (2 ,1) PORT 6: Recv/Dropped : 0/61
AGG (2 ,1) PORT 7: Recv/Dropped : 0/77
AGG (2 ,2) PORT 0: Recv/Dropped : 0/42
AGG (2 ,2) PORT 1: Recv/Dropped : 0/28
AGG (2 ,2) PORT 2: Recv/Dropped : 0/40
AGG (2 ,2) PORT 3: Recv/Dropped : 0/40
AGG (2 ,2) PORT 4: Recv/Dropped : 0/61
AGG (2 ,2) PORT 5: Recv/Dropped : 0/54
AGG (2 ,2) PORT 6: Recv/Dropped : 0/65
AGG (2 ,2) PORT 7: Recv/Dropped : 0/55
AGG (2 ,3) PORT 0: Recv/Dropped : 0/19
AGG (2 ,3) PORT 1: Recv/Dropped : 0/19
AGG (2 ,3) PORT 2: Recv/Dropped : 0/13
AGG (2 ,3) PORT 3: Recv/Dropped : 0/18
AGG (2 ,3) PORT 4: Recv/Dropped : 0/76
AGG (2 ,3) PORT 5: Recv/Dropped : 0/81
AGG (2 ,3) PORT 6: Recv/Dropped : 0/65
AGG (2 ,3) PORT 7: Recv/Dropped : 0/48
AGG (3 ,0) PORT 0: Recv/Dropped : 0/29
AGG (3 ,0) PORT 1: Recv/Dropped : 0/43
AGG (3 ,0) PORT 2: Recv/Dropped : 0/24
AGG (3 ,0) PORT 3: Recv/Dropped : 0/36
AGG (3 ,0) PORT 4: Recv/Dropped : 0/70
AGG (3 ,0) PORT 5: Recv/Dropped : 0/46
AGG (3 ,0) PORT 6: Recv/Dropped : 0/60
AGG (3 ,0) PORT 7: Recv/Dropped : 0/60
AGG (3 ,1) PORT 0: Recv/Dropped : 0/52
AGG (3 ,1) PORT 1: Recv/Dropped : 0/52
AGG (3 ,1) PORT 2: Recv/Dropped : 0/50
AGG (3 ,1) PORT 3: Recv/Dropped : 0/37
AGG (3 ,1) PORT 4: Recv/Dropped : 0/63
AGG (3 ,1) PORT 5: Recv/Dropped : 0/67
AGG (3 ,1) PORT 6: Recv/Dropped : 0/62
AGG (3 ,1) PORT 7: Recv/Dropped : 0/52
AGG (3 ,2) PORT 0: Recv/Dropped : 0/43
AGG (3 ,2) PORT 1: Recv/Dropped : 0/51
AGG (3 ,2) PORT 2: Recv/Dropped : 0/59
AGG (3 ,2) PORT 3: Recv/Dropped : 0/38
AGG (3 ,2) PORT 4: Recv/Dropped : 0/62
AGG (3 ,2) PORT 5: Recv/Dropped : 0/51
AGG (3 ,2) PORT 6: Recv/Dropped : 0/55
AGG (3 ,2) PORT 7: Recv/Dropped : 0/60
AGG (3 ,3) PORT 0: Recv/Dropped : 0/14
AGG (3 ,3) PORT 1: Recv/Dropped : 0/19
AGG (3 ,3) PORT 2: Recv/Dropped : 0/20
AGG (3 ,3) PORT 3: Recv/Dropped : 0/16
AGG (3 ,3) PORT 4: Recv/Dropped : 0/34
AGG (3 ,3) PORT 5: Recv/Dropped : 0/59
AGG (3 ,3) PORT 6: Recv/Dropped : 0/71
AGG (3 ,3) PORT 7: Recv/Dropped : 0/40
AGG (4 ,0) PORT 0: Recv/Dropped : 0/54
AGG (4 ,0) PORT 1: Recv/Dropped : 0/45
AGG (4 ,0) PORT 2: Recv/Dropped : 0/47
AGG (4 ,0) PORT 3: Recv/Dropped : 0/45
AGG (4 ,0) PORT 4: Recv/Dropped : 0/65
AGG (4 ,0) PORT 5: Recv/Dropped : 0/42
AGG (4 ,0) PORT 6: Recv/Dropped : 0/53
AGG (4 ,0) PORT 7: Recv/Dropped : 0/48
AGG (4 ,1) PORT 0: Recv/Dropped : 0/3
AGG (4 ,1) PORT 1: Recv/Dropped : 0/2
AGG (4 ,1) PORT 2: Recv/Dropped : 0/0
AGG (4 ,1) PORT 3: Recv/Dropped : 0/5
AGG (4 ,1) PORT 4: Recv/Dropped : 0/58
AGG (4 ,1) PORT 5: Recv/Dropped : 0/49
AGG (4 ,1) PORT 6: Recv/Dropped : 0/33
AGG (4 ,1) PORT 7: Recv/Dropped : 0/43
AGG (4 ,2) PORT 0: Recv/Dropped : 0/25
AGG (4 ,2) PORT 1: Recv/Dropped : 0/32
AGG (4 ,2) PORT 2: Recv/Dropped : 0/37
AGG (4 ,2) PORT 3: Recv/Dropped : 0/35
AGG (4 ,2) PORT 4: Recv/Dropped : 0/49
AGG (4 ,2) PORT 5: Recv/Dropped : 0/53
AGG (4 ,2) PORT 6: Recv/Dropped : 0/56
AGG (4 ,2) PORT 7: Recv/Dropped : 0/61
AGG (4 ,3) PORT 0: Recv/Dropped : 0/48
AGG (4 ,3) PORT 1: Recv/Dropped : 0/38
AGG (4 ,3) PORT 2: Recv/Dropped : 0/46
AGG (4 ,3) PORT 3: Recv/Dropped : 0/56
AGG (4 ,3) PORT 4: Recv/Dropped : 0/75
AGG (4 ,3) PORT 5: Recv/Dropped : 0/48
AGG (4 ,3) PORT 6: Recv/Dropped : 0/41
AGG (4 ,3) PORT 7: Recv/Dropped : 0/42
AGG (5 ,0) PORT 0: Recv/Dropped : 0/51
AGG (5 ,0) PORT 1: Recv/Dropped : 0/50
AGG (5 ,0) PORT 2: Recv/Dropped : 0/51
AGG (5 ,0) PORT 3: Recv/Dropped : 0/50
AGG (5 ,0) PORT 4: Recv/Dropped : 0/78
AGG (5 ,0) PORT 5: Recv/Dropped : 0/94
AGG (5 ,0) PORT 6: Recv/Dropped : 0/66
AGG (5 ,0) PORT 7: Recv/Dropped : 0/82
AGG (5 ,1) PORT 0: Recv/Dropped : 0/42
AGG (5 ,1) PORT 1: Recv/Dropped : 0/49
AGG (5 ,1) PORT 2: Recv/Dropped : 0/41
AGG (5 ,1) PORT 3: Recv/Dropped : 0/57
AGG (5 ,1) PORT 4: Recv/Dropped : 0/85
AGG (5 ,1) PORT 5: Recv/Dropped : 0/84
AGG (5 ,1) PORT 6: Recv/Dropped : 0/80
AGG (5 ,1) PORT 7: Recv/Dropped : 0/46
AGG (5 ,2) PORT 0: Recv/Dropped : 0/24
AGG (5 ,2) PORT 1: Recv/Dropped : 0/34
AGG (5 ,2) PORT 2: Recv/Dropped : 0/31
AGG (5 ,2) PORT 3: Recv/Dropped : 0/40
AGG (5 ,2) PORT 4: Recv/Dropped : 0/79
AGG (5 ,2) PORT 5: Recv/Dropped : 0/82
AGG (5 ,2) PORT 6: Recv/Dropped : 0/79
AGG (5 ,2) PORT 7: Recv/Dropped : 0/63
AGG (5 ,3) PORT 0: Recv/Dropped : 0/68
AGG (5 ,3) PORT 1: Recv/Dropped : 0/60
AGG (5 ,3) PORT 2: Recv/Dropped : 0/67
AGG (5 ,3) PORT 3: Recv/Dropped : 0/53
AGG (5 ,3) PORT 4: Recv/Dropped : 0/64
AGG (5 ,3) PORT 5: Recv/Dropped : 0/76
AGG (5 ,3) PORT 6: Recv/Dropped : 0/60
AGG (5 ,3) PORT 7: Recv/Dropped : 0/68
AGG (6 ,0) PORT 0: Recv/Dropped : 0/54
AGG (6 ,0) PORT 1: Recv/Dropped : 0/41
AGG (6 ,0) PORT 2: Recv/Dropped : 0/47
AGG (6 ,0) PORT 3: Recv/Dropped : 0/48
AGG (6 ,0) PORT 4: Recv/Dropped : 0/57
AGG (6 ,0) PORT 5: Recv/Dropped : 0/74
AGG (6 ,0) PORT 6: Recv/Dropped : 0/62
AGG (6 ,0) PORT 7: Recv/Dropped : 0/76
AGG (6 ,1) PORT 0: Recv/Dropped : 0/31
AGG (6 ,1) PORT 1: Recv/Dropped : 0/34
AGG (6 ,1) PORT 2: Recv/Dropped : 0/32
AGG (6 ,1) PORT 3: Recv/Dropped : 0/31
AGG (6 ,1) PORT 4: Recv/Dropped : 0/50
AGG (6 ,1) PORT 5: Recv/Dropped : 0/51
AGG (6 ,1) PORT 6: Recv/Dropped : 0/70
AGG (6 ,1) PORT 7: Recv/Dropped : 0/77
AGG (6 ,2) PORT 0: Recv/Dropped : 0/39
AGG (6 ,2) PORT 1: Recv/Dropped : 0/31
AGG (6 ,2) PORT 2: Recv/Dropped : 0/34
AGG (6 ,2) PORT 3: Recv/Dropped : 0/24
AGG (6 ,2) PORT 4: Recv/Dropped : 0/63
AGG (6 ,2) PORT 5: Recv/Dropped : 0/73
AGG (6 ,2) PORT 6: Recv/Dropped : 0/90
AGG (6 ,2) PORT 7: Recv/Dropped : 0/73
AGG (6 ,3) PORT 0: Recv/Dropped : 0/53
AGG (6 ,3) PORT 1: Recv/Dropped : 0/78
AGG (6 ,3) PORT 2: Recv/Dropped : 0/59
AGG (6 ,3) PORT 3: Recv/Dropped : 0/58
AGG (6 ,3) PORT 4: Recv/Dropped : 0/72
AGG (6 ,3) PORT 5: Recv/Dropped : 0/76
AGG (6 ,3) PORT 6: Recv/Dropped : 0/64
AGG (6 ,3) PORT 7: Recv/Dropped : 0/63
AGG (7 ,0) PORT 0: Recv/Dropped : 0/65
AGG (7 ,0) PORT 1: Recv/Dropped : 0/66
AGG (7 ,0) PORT 2: Recv/Dropped : 0/54
AGG (7 ,0) PORT 3: Recv/Dropped : 0/64
AGG (7 ,0) PORT 4: Recv/Dropped : 0/101
AGG (7 ,0) PORT 5: Recv/Dropped : 0/93
AGG (7 ,0) PORT 6: Recv/Dropped : 0/111
AGG (7 ,0) PORT 7: Recv/Dropped : 0/98
AGG (7 ,1) PORT 0: Recv/Dropped : 0/63
AGG (7 ,1) PORT 1: Recv/Dropped : 0/64
AGG (7 ,1) PORT 2: Recv/Dropped : 0/68
AGG (7 ,1) PORT 3: Recv/Dropped : 0/53
AGG (7 ,1) PORT 4: Recv/Dropped : 0/105
AGG (7 ,1) PORT 5: Recv/Dropped : 0/93
AGG (7 ,1) PORT 6: Recv/Dropped : 0/90
AGG (7 ,1) PORT 7: Recv/Dropped : 0/103
AGG (7 ,2) PORT 0: Recv/Dropped : 0/71
AGG (7 ,2) PORT 1: Recv/Dropped : 0/60
AGG (7 ,2) PORT 2: Recv/Dropped : 0/70
AGG (7 ,2) PORT 3: Recv/Dropped : 0/47
AGG (7 ,2) PORT 4: Recv/Dropped : 0/99
AGG (7 ,2) PORT 5: Recv/Dropped : 0/95
AGG (7 ,2) PORT 6: Recv/Dropped : 0/84
AGG (7 ,2) PORT 7: Recv/Dropped : 0/99
AGG (7 ,3) PORT 0: Recv/Dropped : 0/59
AGG (7 ,3) PORT 1: Recv/Dropped : 0/71
AGG (7 ,3) PORT 2: Recv/Dropped : 0/54
AGG (7 ,3) PORT 3: Recv/Dropped : 0/64
AGG (7 ,3) PORT 4: Recv/Dropped : 0/108
AGG (7 ,3) PORT 5: Recv/Dropped : 0/94
AGG (7 ,3) PORT 6: Recv/Dropped : 0/97
AGG (7 ,3) PORT 7: Recv/Dropped : 0/84


TOTAL RECEIVED PACKETS = 56890
TOTAL DROPPED PACKETS = 174