QUEUE STATISTICS FOR EXPERIMENT 8318
---------------------------
 -- EDGE QUEUE STATISTICS --
EDGE (0 ,0) PORT 0: Recv/Dropped : 556/4155
EDGE (0 ,0) PORT 1: Recv/Dropped : 0/69
EDGE (0 ,0) PORT 2: Recv/Dropped : 0/76
EDGE (0 ,0) PORT 3: Recv/Dropped : 0/63
EDGE (0 ,0) PORT 4: Recv/Dropped : 0/803
EDGE (0 ,0) PORT 5: Recv/Dropped : 0/609
EDGE (0 ,0) PORT 6: Recv/Dropped : 0/616
EDGE (0 ,0) PORT 7: Recv/Dropped : 0/1048
EDGE (0 ,1) PORT 0: Recv/Dropped : 0/63
EDGE (0 ,1) PORT 1: Recv/Dropped : 0/86
EDGE (0 ,1) PORT 2: Recv/Dropped : 0/2
EDGE (0 ,1) PORT 3: Recv/Dropped : 0/2
EDGE (0 ,1) PORT 4: Recv/Dropped : 0/7
EDGE (0 ,1) PORT 5: Recv/Dropped : 0/92
EDGE (0 ,1) PORT 6: Recv/Dropped : 0/13
EDGE (0 ,1) PORT 7: Recv/Dropped : 0/107
EDGE (0 ,2) PORT 0: Recv/Dropped : 0/63
EDGE (0 ,2) PORT 1: Recv/Dropped : 0/64
EDGE (0 ,2) PORT 2: Recv/Dropped : 0/66
EDGE (0 ,2) PORT 3: Recv/Dropped : 0/73
EDGE (0 ,2) PORT 4: Recv/Dropped : 0/7
EDGE (0 ,2) PORT 5: Recv/Dropped : 0/250
EDGE (0 ,2) PORT 6: Recv/Dropped : 0/51
EDGE (0 ,2) PORT 7: Recv/Dropped : 0/104
EDGE (0 ,3) PORT 0: Recv/Dropped : 0/2
EDGE (0 ,3) PORT 1: Recv/Dropped : 0/2
EDGE (0 ,3) PORT 2: Recv/Dropped : 0/2
EDGE (0 ,3) PORT 3: Recv/Dropped : 0/78
EDGE (0 ,3) PORT 4: Recv/Dropped : 0/0
EDGE (0 ,3) PORT 5: Recv/Dropped : 0/11
EDGE (0 ,3) PORT 6: Recv/Dropped : 0/98
EDGE (0 ,3) PORT 7: Recv/Dropped : 0/13
EDGE (1 ,0) PORT 0: Recv/Dropped : 0/82
EDGE (1 ,0) PORT 1: Recv/Dropped : 0/71
EDGE (1 ,0) PORT 2: Recv/Dropped : 0/2
EDGE (1 ,0) PORT 3: Recv/Dropped : 0/2
EDGE (1 ,0) PORT 4: Recv/Dropped : 0/116
EDGE (1 ,0) PORT 5: Recv/Dropped : 0/75
EDGE (1 ,0) PORT 6: Recv/Dropped : 0/2
EDGE (1 ,0) PORT 7: Recv/Dropped : 0/31
EDGE (1 ,1) PORT 0: Recv/Dropped : 0/81
EDGE (1 ,1) PORT 1: Recv/Dropped : 0/87
EDGE (1 ,1) PORT 2: Recv/Dropped : 0/3
EDGE (1 ,1) PORT 3: Recv/Dropped : 0/82
EDGE (1 ,1) PORT 4: Recv/Dropped : 0/11
EDGE (1 ,1) PORT 5: Recv/Dropped : 0/35
EDGE (1 ,1) PORT 6: Recv/Dropped : 0/102
EDGE (1 ,1) PORT 7: Recv/Dropped : 0/181
EDGE (1 ,2) PORT 0: Recv/Dropped : 0/93
EDGE (1 ,2) PORT 1: Recv/Dropped : 0/2
EDGE (1 ,2) PORT 2: Recv/Dropped : 0/69
EDGE (1 ,2) PORT 3: Recv/Dropped : 0/57
EDGE (1 ,2) PORT 4: Recv/Dropped : 0/73
EDGE (1 ,2) PORT 5: Recv/Dropped : 0/150
EDGE (1 ,2) PORT 6: Recv/Dropped : 0/53
EDGE (1 ,2) PORT 7: Recv/Dropped : 0/47
EDGE (1 ,3) PORT 0: Recv/Dropped : 0/2
EDGE (1 ,3) PORT 1: Recv/Dropped : 0/2
EDGE (1 ,3) PORT 2: Recv/Dropped : 0/2
EDGE (1 ,3) PORT 3: Recv/Dropped : 0/79
EDGE (1 ,3) PORT 4: Recv/Dropped : 0/85
EDGE (1 ,3) PORT 5: Recv/Dropped : 0/13
EDGE (1 ,3) PORT 6: Recv/Dropped : 0/10
EDGE (1 ,3) PORT 7: Recv/Dropped : 0/12
EDGE (2 ,0) PORT 0: Recv/Dropped : 0/74
EDGE (2 ,0) PORT 1: Recv/Dropped : 0/66
EDGE (2 ,0) PORT 2: Recv/Dropped : 0/2
EDGE (2 ,0) PORT 3: Recv/Dropped : 0/3
EDGE (2 ,0) PORT 4: Recv/Dropped : 0/16
EDGE (2 ,0) PORT 5: Recv/Dropped : 0/14
EDGE (2 ,0) PORT 6: Recv/Dropped : 0/90
EDGE (2 ,0) PORT 7: Recv/Dropped : 0/105
EDGE (2 ,1) PORT 0: Recv/Dropped : 0/80
EDGE (2 ,1) PORT 1: Recv/Dropped : 0/0
EDGE (2 ,1) PORT 2: Recv/Dropped : 0/0
EDGE (2 ,1) PORT 3: Recv/Dropped : 0/0
EDGE (2 ,1) PORT 4: Recv/Dropped : 0/93
EDGE (2 ,1) PORT 5: Recv/Dropped : 0/16
EDGE (2 ,1) PORT 6: Recv/Dropped : 0/5
EDGE (2 ,1) PORT 7: Recv/Dropped : 0/4
EDGE (2 ,2) PORT 0: Recv/Dropped : 0/2
EDGE (2 ,2) PORT 1: Recv/Dropped : 0/3
EDGE (2 ,2) PORT 2: Recv/Dropped : 0/0
EDGE (2 ,2) PORT 3: Recv/Dropped : 0/3
EDGE (2 ,2) PORT 4: Recv/Dropped : 0/1
EDGE (2 ,2) PORT 5: Recv/Dropped : 0/4
EDGE (2 ,2) PORT 6: Recv/Dropped : 0/7
EDGE (2 ,2) PORT 7: Recv/Dropped : 0/5
EDGE (2 ,3) PORT 0: Recv/Dropped : 0/0
EDGE (2 ,3) PORT 1: Recv/Dropped : 0/0
EDGE (2 ,3) PORT 2: Recv/Dropped : 0/3
EDGE (2 ,3) PORT 3: Recv/Dropped : 0/0
EDGE (2 ,3) PORT 4: Recv/Dropped : 0/2
EDGE (2 ,3) PORT 5: Recv/Dropped : 0/3
EDGE (2 ,3) PORT 6: Recv/Dropped : 0/3
EDGE (2 ,3) PORT 7: Recv/Dropped : 0/5
EDGE (3 ,0) PORT 0: Recv/Dropped : 0/0
EDGE (3 ,0) PORT 1: Recv/Dropped : 0/0
EDGE (3 ,0) PORT 2: Recv/Dropped : 0/2
EDGE (3 ,0) PORT 3: Recv/Dropped : 0/95
EDGE (3 ,0) PORT 4: Recv/Dropped : 0/3
EDGE (3 ,0) PORT 5: Recv/Dropped : 0/10
EDGE (3 ,0) PORT 6: Recv/Dropped : 0/6
EDGE (3 ,0) PORT 7: Recv/Dropped : 0/103
EDGE (3 ,1) PORT 0: Recv/Dropped : 0/75
EDGE (3 ,1) PORT 1: Recv/Dropped : 0/2
EDGE (3 ,1) PORT 2: Recv/Dropped : 0/70
EDGE (3 ,1) PORT 3: Recv/Dropped : 0/0
EDGE (3 ,1) PORT 4: Recv/Dropped : 0/9
EDGE (3 ,1) PORT 5: Recv/Dropped : 0/99
EDGE (3 ,1) PORT 6: Recv/Dropped : 0/6
EDGE (3 ,1) PORT 7: Recv/Dropped : 0/107
EDGE (3 ,2) PORT 0: Recv/Dropped : 0/73
EDGE (3 ,2) PORT 1: Recv/Dropped : 0/0
EDGE (3 ,2) PORT 2: Recv/Dropped : 0/0
EDGE (3 ,2) PORT 3: Recv/Dropped : 0/0
EDGE (3 ,2) PORT 4: Recv/Dropped : 0/23
EDGE (3 ,2) PORT 5: Recv/Dropped : 0/9
EDGE (3 ,2) PORT 6: Recv/Dropped : 0/10
EDGE (3 ,2) PORT 7: Recv/Dropped : 0/78
EDGE (3 ,3) PORT 0: Recv/Dropped : 0/0
EDGE (3 ,3) PORT 1: Recv/Dropped : 0/2
EDGE (3 ,3) PORT 2: Recv/Dropped : 0/0
EDGE (3 ,3) PORT 3: Recv/Dropped : 0/0
EDGE (3 ,3) PORT 4: Recv/Dropped : 0/3
EDGE (3 ,3) PORT 5: Recv/Dropped : 0/1
EDGE (3 ,3) PORT 6: Recv/Dropped : 0/10
EDGE (3 ,3) PORT 7: Recv/Dropped : 0/1
EDGE (4 ,0) PORT 0: Recv/Dropped : 0/3
EDGE (4 ,0) PORT 1: Recv/Dropped : 0/3
EDGE (4 ,0) PORT 2: Recv/Dropped : 0/0
EDGE (4 ,0) PORT 3: Recv/Dropped : 0/66
EDGE (4 ,0) PORT 4: Recv/Dropped : 0/8
EDGE (4 ,0) PORT 5: Recv/Dropped : 0/10
EDGE (4 ,0) PORT 6: Recv/Dropped : 0/91
EDGE (4 ,0) PORT 7: Recv/Dropped : 0/9
EDGE (4 ,1) PORT 0: Recv/Dropped : 0/93
EDGE (4 ,1) PORT 1: Recv/Dropped : 0/64
EDGE (4 ,1) PORT 2: Recv/Dropped : 0/91
EDGE (4 ,1) PORT 3: Recv/Dropped : 0/0
EDGE (4 ,1) PORT 4: Recv/Dropped : 0/84
EDGE (4 ,1) PORT 5: Recv/Dropped : 0/95
EDGE (4 ,1) PORT 6: Recv/Dropped : 0/12
EDGE (4 ,1) PORT 7: Recv/Dropped : 0/130
EDGE (4 ,2) PORT 0: Recv/Dropped : 0/63
EDGE (4 ,2) PORT 1: Recv/Dropped : 0/0
EDGE (4 ,2) PORT 2: Recv/Dropped : 0/0
EDGE (4 ,2) PORT 3: Recv/Dropped : 0/71
EDGE (4 ,2) PORT 4: Recv/Dropped : 0/3
EDGE (4 ,2) PORT 5: Recv/Dropped : 0/100
EDGE (4 ,2) PORT 6: Recv/Dropped : 0/6
EDGE (4 ,2) PORT 7: Recv/Dropped : 0/98
EDGE (4 ,3) PORT 0: Recv/Dropped : 0/0
EDGE (4 ,3) PORT 1: Recv/Dropped : 0/2
EDGE (4 ,3) PORT 2: Recv/Dropped : 0/0
EDGE (4 ,3) PORT 3: Recv/Dropped : 0/0
EDGE (4 ,3) PORT 4: Recv/Dropped : 0/4
EDGE (4 ,3) PORT 5: Recv/Dropped : 0/3
EDGE (4 ,3) PORT 6: Recv/Dropped : 0/1
EDGE (4 ,3) PORT 7: Recv/Dropped : 0/7
EDGE (5 ,0) PORT 0: Recv/Dropped : 0/0
EDGE (5 ,0) PORT 1: Recv/Dropped : 0/87
EDGE (5 ,0) PORT 2: Recv/Dropped : 0/0
EDGE (5 ,0) PORT 3: Recv/Dropped : 0/0
EDGE (5 ,0) PORT 4: Recv/Dropped : 0/101
EDGE (5 ,0) PORT 5: Recv/Dropped : 0/9
EDGE (5 ,0) PORT 6: Recv/Dropped : 0/2
EDGE (5 ,0) PORT 7: Recv/Dropped : 0/2
EDGE (5 ,1) PORT 0: Recv/Dropped : 0/92
EDGE (5 ,1) PORT 1: Recv/Dropped : 0/0
EDGE (5 ,1) PORT 2: Recv/Dropped : 0/0
EDGE (5 ,1) PORT 3: Recv/Dropped : 0/0
EDGE (5 ,1) PORT 4: Recv/Dropped : 0/108
EDGE (5 ,1) PORT 5: Recv/Dropped : 0/7
EDGE (5 ,1) PORT 6: Recv/Dropped : 0/4
EDGE (5 ,1) PORT 7: Recv/Dropped : 0/1
EDGE (5 ,2) PORT 0: Recv/Dropped : 0/0
EDGE (5 ,2) PORT 1: Recv/Dropped : 0/2
EDGE (5 ,2) PORT 2: Recv/Dropped : 0/0
EDGE (5 ,2) PORT 3: Recv/Dropped : 0/0
EDGE (5 ,2) PORT 4: Recv/Dropped : 0/3
EDGE (5 ,2) PORT 5: Recv/Dropped : 0/8
EDGE (5 ,2) PORT 6: Recv/Dropped : 0/2
EDGE (5 ,2) PORT 7: Recv/Dropped : 0/1
EDGE (5 ,3) PORT 0: Recv/Dropped : 0/0
EDGE (5 ,3) PORT 1: Recv/Dropped : 0/0
EDGE (5 ,3) PORT 2: Recv/Dropped : 0/0
EDGE (5 ,3) PORT 3: Recv/Dropped : 0/2
EDGE (5 ,3) PORT 4: Recv/Dropped : 0/3
EDGE (5 ,3) PORT 5: Recv/Dropped : 0/8
EDGE (5 ,3) PORT 6: Recv/Dropped : 0/3
EDGE (5 ,3) PORT 7: Recv/Dropped : 0/0
EDGE (6 ,0) PORT 0: Recv/Dropped : 0/2
EDGE (6 ,0) PORT 1: Recv/Dropped : 0/0
EDGE (6 ,0) PORT 2: Recv/Dropped : 0/96
EDGE (6 ,0) PORT 3: Recv/Dropped : 0/95
EDGE (6 ,0) PORT 4: Recv/Dropped : 0/12
EDGE (6 ,0) PORT 5: Recv/Dropped : 0/192
EDGE (6 ,0) PORT 6: Recv/Dropped : 0/8
EDGE (6 ,0) PORT 7: Recv/Dropped : 0/13
EDGE (6 ,1) PORT 0: Recv/Dropped : 0/2
EDGE (6 ,1) PORT 1: Recv/Dropped : 0/0
EDGE (6 ,1) PORT 2: Recv/Dropped : 0/0
EDGE (6 ,1) PORT 3: Recv/Dropped : 0/90
EDGE (6 ,1) PORT 4: Recv/Dropped : 0/10
EDGE (6 ,1) PORT 5: Recv/Dropped : 0/87
EDGE (6 ,1) PORT 6: Recv/Dropped : 0/15
EDGE (6 ,1) PORT 7: Recv/Dropped : 0/10
EDGE (6 ,2) PORT 0: Recv/Dropped : 0/63
EDGE (6 ,2) PORT 1: Recv/Dropped : 0/85
EDGE (6 ,2) PORT 2: Recv/Dropped : 0/0
EDGE (6 ,2) PORT 3: Recv/Dropped : 0/78
EDGE (6 ,2) PORT 4: Recv/Dropped : 0/102
EDGE (6 ,2) PORT 5: Recv/Dropped : 0/100
EDGE (6 ,2) PORT 6: Recv/Dropped : 0/16
EDGE (6 ,2) PORT 7: Recv/Dropped : 0/97
EDGE (6 ,3) PORT 0: Recv/Dropped : 0/0
EDGE (6 ,3) PORT 1: Recv/Dropped : 0/2
EDGE (6 ,3) PORT 2: Recv/Dropped : 0/0
EDGE (6 ,3) PORT 3: Recv/Dropped : 0/62
EDGE (6 ,3) PORT 4: Recv/Dropped : 0/2
EDGE (6 ,3) PORT 5: Recv/Dropped : 0/6
EDGE (6 ,3) PORT 6: Recv/Dropped : 0/9
EDGE (6 ,3) PORT 7: Recv/Dropped : 0/96
EDGE (7 ,0) PORT 0: Recv/Dropped : 0/2
EDGE (7 ,0) PORT 1: Recv/Dropped : 0/0
EDGE (7 ,0) PORT 2: Recv/Dropped : 0/0
EDGE (7 ,0) PORT 3: Recv/Dropped : 0/0
EDGE (7 ,0) PORT 4: Recv/Dropped : 0/1
EDGE (7 ,0) PORT 5: Recv/Dropped : 0/2
EDGE (7 ,0) PORT 6: Recv/Dropped : 0/5
EDGE (7 ,0) PORT 7: Recv/Dropped : 0/7
EDGE (7 ,1) PORT 0: Recv/Dropped : 0/0
EDGE (7 ,1) PORT 1: Recv/Dropped : 0/2
EDGE (7 ,1) PORT 2: Recv/Dropped : 0/2
EDGE (7 ,1) PORT 3: Recv/Dropped : 0/0
EDGE (7 ,1) PORT 4: Recv/Dropped : 0/2
EDGE (7 ,1) PORT 5: Recv/Dropped : 0/3
EDGE (7 ,1) PORT 6: Recv/Dropped : 0/3
EDGE (7 ,1) PORT 7: Recv/Dropped : 0/10
EDGE (7 ,2) PORT 0: Recv/Dropped : 0/0
EDGE (7 ,2) PORT 1: Recv/Dropped : 0/0
EDGE (7 ,2) PORT 2: Recv/Dropped : 0/0
EDGE (7 ,2) PORT 3: Recv/Dropped : 0/0
EDGE (7 ,2) PORT 4: Recv/Dropped : 0/3
EDGE (7 ,2) PORT 5: Recv/Dropped : 0/5
EDGE (7 ,2) PORT 6: Recv/Dropped : 0/1
EDGE (7 ,2) PORT 7: Recv/Dropped : 0/3
EDGE (7 ,3) PORT 0: Recv/Dropped : 0/0
EDGE (7 ,3) PORT 1: Recv/Dropped : 0/2
EDGE (7 ,3) PORT 2: Recv/Dropped : 0/0
EDGE (7 ,3) PORT 3: Recv/Dropped : 0/80
EDGE (7 ,3) PORT 4: Recv/Dropped : 0/23
EDGE (7 ,3) PORT 5: Recv/Dropped : 0/3
EDGE (7 ,3) PORT 6: Recv/Dropped : 0/4
EDGE (7 ,3) PORT 7: Recv/Dropped : 0/88
 -- AGG QUEUE STATISTICS --
AGG (0 ,0) PORT 0: Recv/Dropped : 8/910
AGG (0 ,0) PORT 1: Recv/Dropped : 33/1387
AGG (0 ,0) PORT 2: Recv/Dropped : 11/637
AGG (0 ,0) PORT 3: Recv/Dropped : 15/1460
AGG (0 ,0) PORT 4: Recv/Dropped : 0/326
AGG (0 ,0) PORT 5: Recv/Dropped : 0/205
AGG (0 ,0) PORT 6: Recv/Dropped : 0/105
AGG (0 ,0) PORT 7: Recv/Dropped : 0/82
AGG (0 ,1) PORT 0: Recv/Dropped : 0/1
AGG (0 ,1) PORT 1: Recv/Dropped : 0/8
AGG (0 ,1) PORT 2: Recv/Dropped : 0/58
AGG (0 ,1) PORT 3: Recv/Dropped : 0/86
AGG (0 ,1) PORT 4: Recv/Dropped : 0/130
AGG (0 ,1) PORT 5: Recv/Dropped : 0/172
AGG (0 ,1) PORT 6: Recv/Dropped : 0/94
AGG (0 ,1) PORT 7: Recv/Dropped : 0/135
AGG (0 ,2) PORT 0: Recv/Dropped : 0/81
AGG (0 ,2) PORT 1: Recv/Dropped : 0/63
AGG (0 ,2) PORT 2: Recv/Dropped : 0/6
AGG (0 ,2) PORT 3: Recv/Dropped : 0/116
AGG (0 ,2) PORT 4: Recv/Dropped : 0/275
AGG (0 ,2) PORT 5: Recv/Dropped : 0/184
AGG (0 ,2) PORT 6: Recv/Dropped : 0/23
AGG (0 ,2) PORT 7: Recv/Dropped : 0/63
AGG (0 ,3) PORT 0: Recv/Dropped : 0/3
AGG (0 ,3) PORT 1: Recv/Dropped : 0/7
AGG (0 ,3) PORT 2: Recv/Dropped : 0/7
AGG (0 ,3) PORT 3: Recv/Dropped : 0/67
AGG (0 ,3) PORT 4: Recv/Dropped : 0/104
AGG (0 ,3) PORT 5: Recv/Dropped : 0/371
AGG (0 ,3) PORT 6: Recv/Dropped : 0/112
AGG (0 ,3) PORT 7: Recv/Dropped : 0/192
AGG (1 ,0) PORT 0: Recv/Dropped : 0/15
AGG (1 ,0) PORT 1: Recv/Dropped : 0/84
AGG (1 ,0) PORT 2: Recv/Dropped : 0/6
AGG (1 ,0) PORT 3: Recv/Dropped : 0/52
AGG (1 ,0) PORT 4: Recv/Dropped : 0/2
AGG (1 ,0) PORT 5: Recv/Dropped : 0/41
AGG (1 ,0) PORT 6: Recv/Dropped : 0/184
AGG (1 ,0) PORT 7: Recv/Dropped : 0/58
AGG (1 ,1) PORT 0: Recv/Dropped : 0/86
AGG (1 ,1) PORT 1: Recv/Dropped : 0/77
AGG (1 ,1) PORT 2: Recv/Dropped : 0/88
AGG (1 ,1) PORT 3: Recv/Dropped : 0/2
AGG (1 ,1) PORT 4: Recv/Dropped : 0/77
AGG (1 ,1) PORT 5: Recv/Dropped : 0/61
AGG (1 ,1) PORT 6: Recv/Dropped : 0/112
AGG (1 ,1) PORT 7: Recv/Dropped : 0/23
AGG (1 ,2) PORT 0: Recv/Dropped : 0/47
AGG (1 ,2) PORT 1: Recv/Dropped : 0/116
AGG (1 ,2) PORT 2: Recv/Dropped : 0/52
AGG (1 ,2) PORT 3: Recv/Dropped : 0/6
AGG (1 ,2) PORT 4: Recv/Dropped : 0/7
AGG (1 ,2) PORT 5: Recv/Dropped : 0/57
AGG (1 ,2) PORT 6: Recv/Dropped : 0/7
AGG (1 ,2) PORT 7: Recv/Dropped : 0/96
AGG (1 ,3) PORT 0: Recv/Dropped : 0/4
AGG (1 ,3) PORT 1: Recv/Dropped : 0/47
AGG (1 ,3) PORT 2: Recv/Dropped : 0/4
AGG (1 ,3) PORT 3: Recv/Dropped : 0/30
AGG (1 ,3) PORT 4: Recv/Dropped : 0/13
AGG (1 ,3) PORT 5: Recv/Dropped : 0/145
AGG (1 ,3) PORT 6: Recv/Dropped : 0/105
AGG (1 ,3) PORT 7: Recv/Dropped : 0/8
AGG (2 ,0) PORT 0: Recv/Dropped : 0/63
AGG (2 ,0) PORT 1: Recv/Dropped : 0/11
AGG (2 ,0) PORT 2: Recv/Dropped : 0/2
AGG (2 ,0) PORT 3: Recv/Dropped : 0/69
AGG (2 ,0) PORT 4: Recv/Dropped : 0/1
AGG (2 ,0) PORT 5: Recv/Dropped : 0/12
AGG (2 ,0) PORT 6: Recv/Dropped : 0/14
AGG (2 ,0) PORT 7: Recv/Dropped : 0/85
AGG (2 ,1) PORT 0: Recv/Dropped : 0/70
AGG (2 ,1) PORT 1: Recv/Dropped : 0/1
AGG (2 ,1) PORT 2: Recv/Dropped : 0/8
AGG (2 ,1) PORT 3: Recv/Dropped : 0/1
AGG (2 ,1) PORT 4: Recv/Dropped : 0/17
AGG (2 ,1) PORT 5: Recv/Dropped : 0/5
AGG (2 ,1) PORT 6: Recv/Dropped : 0/4
AGG (2 ,1) PORT 7: Recv/Dropped : 0/11
AGG (2 ,2) PORT 0: Recv/Dropped : 0/2
AGG (2 ,2) PORT 1: Recv/Dropped : 0/3
AGG (2 ,2) PORT 2: Recv/Dropped : 0/3
AGG (2 ,2) PORT 3: Recv/Dropped : 0/0
AGG (2 ,2) PORT 4: Recv/Dropped : 0/8
AGG (2 ,2) PORT 5: Recv/Dropped : 0/3
AGG (2 ,2) PORT 6: Recv/Dropped : 0/90
AGG (2 ,2) PORT 7: Recv/Dropped : 0/4
AGG (2 ,3) PORT 0: Recv/Dropped : 0/3
AGG (2 ,3) PORT 1: Recv/Dropped : 0/0
AGG (2 ,3) PORT 2: Recv/Dropped : 0/0
AGG (2 ,3) PORT 3: Recv/Dropped : 0/0
AGG (2 ,3) PORT 4: Recv/Dropped : 0/10
AGG (2 ,3) PORT 5: Recv/Dropped : 0/21
AGG (2 ,3) PORT 6: Recv/Dropped : 0/0
AGG (2 ,3) PORT 7: Recv/Dropped : 0/88
AGG (3 ,0) PORT 0: Recv/Dropped : 0/1
AGG (3 ,0) PORT 1: Recv/Dropped : 0/5
AGG (3 ,0) PORT 2: Recv/Dropped : 0/89
AGG (3 ,0) PORT 3: Recv/Dropped : 0/2
AGG (3 ,0) PORT 4: Recv/Dropped : 0/4
AGG (3 ,0) PORT 5: Recv/Dropped : 0/19
AGG (3 ,0) PORT 6: Recv/Dropped : 0/13
AGG (3 ,0) PORT 7: Recv/Dropped : 0/2
AGG (3 ,1) PORT 0: Recv/Dropped : 0/11
AGG (3 ,1) PORT 1: Recv/Dropped : 0/4
AGG (3 ,1) PORT 2: Recv/Dropped : 0/1
AGG (3 ,1) PORT 3: Recv/Dropped : 0/131
AGG (3 ,1) PORT 4: Recv/Dropped : 0/3
AGG (3 ,1) PORT 5: Recv/Dropped : 0/15
AGG (3 ,1) PORT 6: Recv/Dropped : 0/6
AGG (3 ,1) PORT 7: Recv/Dropped : 0/95
AGG (3 ,2) PORT 0: Recv/Dropped : 0/56
AGG (3 ,2) PORT 1: Recv/Dropped : 0/1
AGG (3 ,2) PORT 2: Recv/Dropped : 0/0
AGG (3 ,2) PORT 3: Recv/Dropped : 0/16
AGG (3 ,2) PORT 4: Recv/Dropped : 0/10
AGG (3 ,2) PORT 5: Recv/Dropped : 0/9
AGG (3 ,2) PORT 6: Recv/Dropped : 0/7
AGG (3 ,2) PORT 7: Recv/Dropped : 0/6
AGG (3 ,3) PORT 0: Recv/Dropped : 0/0
AGG (3 ,3) PORT 1: Recv/Dropped : 0/0
AGG (3 ,3) PORT 2: Recv/Dropped : 0/2
AGG (3 ,3) PORT 3: Recv/Dropped : 0/0
AGG (3 ,3) PORT 4: Recv/Dropped : 0/11
AGG (3 ,3) PORT 5: Recv/Dropped : 0/99
AGG (3 ,3) PORT 6: Recv/Dropped : 0/79
AGG (3 ,3) PORT 7: Recv/Dropped : 0/100
AGG (4 ,0) PORT 0: Recv/Dropped : 0/60
AGG (4 ,0) PORT 1: Recv/Dropped : 0/5
AGG (4 ,0) PORT 2: Recv/Dropped : 0/7
AGG (4 ,0) PORT 3: Recv/Dropped : 0/0
AGG (4 ,0) PORT 4: Recv/Dropped : 0/76
AGG (4 ,0) PORT 5: Recv/Dropped : 0/2
AGG (4 ,0) PORT 6: Recv/Dropped : 0/10
AGG (4 ,0) PORT 7: Recv/Dropped : 0/11
AGG (4 ,1) PORT 0: Recv/Dropped : 0/76
AGG (4 ,1) PORT 1: Recv/Dropped : 0/1
AGG (4 ,1) PORT 2: Recv/Dropped : 0/93
AGG (4 ,1) PORT 3: Recv/Dropped : 0/78
AGG (4 ,1) PORT 4: Recv/Dropped : 0/5
AGG (4 ,1) PORT 5: Recv/Dropped : 0/104
AGG (4 ,1) PORT 6: Recv/Dropped : 0/98
AGG (4 ,1) PORT 7: Recv/Dropped : 0/1
AGG (4 ,2) PORT 0: Recv/Dropped : 0/1
AGG (4 ,2) PORT 1: Recv/Dropped : 0/60
AGG (4 ,2) PORT 2: Recv/Dropped : 0/2
AGG (4 ,2) PORT 3: Recv/Dropped : 0/71
AGG (4 ,2) PORT 4: Recv/Dropped : 0/2
AGG (4 ,2) PORT 5: Recv/Dropped : 0/102
AGG (4 ,2) PORT 6: Recv/Dropped : 0/3
AGG (4 ,2) PORT 7: Recv/Dropped : 0/3
AGG (4 ,3) PORT 0: Recv/Dropped : 0/1
AGG (4 ,3) PORT 1: Recv/Dropped : 0/0
AGG (4 ,3) PORT 2: Recv/Dropped : 0/0
AGG (4 ,3) PORT 3: Recv/Dropped : 0/1
AGG (4 ,3) PORT 4: Recv/Dropped : 0/106
AGG (4 ,3) PORT 5: Recv/Dropped : 0/33
AGG (4 ,3) PORT 6: Recv/Dropped : 0/96
AGG (4 ,3) PORT 7: Recv/Dropped : 0/9
AGG (5 ,0) PORT 0: Recv/Dropped : 0/6
AGG (5 ,0) PORT 1: Recv/Dropped : 0/1
AGG (5 ,0) PORT 2: Recv/Dropped : 0/1
AGG (5 ,0) PORT 3: Recv/Dropped : 0/79
AGG (5 ,0) PORT 4: Recv/Dropped : 0/60
AGG (5 ,0) PORT 5: Recv/Dropped : 0/45
AGG (5 ,0) PORT 6: Recv/Dropped : 0/10
AGG (5 ,0) PORT 7: Recv/Dropped : 0/100
AGG (5 ,1) PORT 0: Recv/Dropped : 0/47
AGG (5 ,1) PORT 1: Recv/Dropped : 0/44
AGG (5 ,1) PORT 2: Recv/Dropped : 0/0
AGG (5 ,1) PORT 3: Recv/Dropped : 0/1
AGG (5 ,1) PORT 4: Recv/Dropped : 0/3
AGG (5 ,1) PORT 5: Recv/Dropped : 0/7
AGG (5 ,1) PORT 6: Recv/Dropped : 0/16
AGG (5 ,1) PORT 7: Recv/Dropped : 0/6
AGG (5 ,2) PORT 0: Recv/Dropped : 0/0
AGG (5 ,2) PORT 1: Recv/Dropped : 0/1
AGG (5 ,2) PORT 2: Recv/Dropped : 0/0
AGG (5 ,2) PORT 3: Recv/Dropped : 0/1
AGG (5 ,2) PORT 4: Recv/Dropped : 0/5
AGG (5 ,2) PORT 5: Recv/Dropped : 0/1
AGG (5 ,2) PORT 6: Recv/Dropped : 0/3
AGG (5 ,2) PORT 7: Recv/Dropped : 0/2
AGG (5 ,3) PORT 0: Recv/Dropped : 0/2
AGG (5 ,3) PORT 1: Recv/Dropped : 0/0
AGG (5 ,3) PORT 2: Recv/Dropped : 0/0
AGG (5 ,3) PORT 3: Recv/Dropped : 0/0
AGG (5 ,3) PORT 4: Recv/Dropped : 0/0
AGG (5 ,3) PORT 5: Recv/Dropped : 0/0
AGG (5 ,3) PORT 6: Recv/Dropped : 0/1
AGG (5 ,3) PORT 7: Recv/Dropped : 0/3
AGG (6 ,0) PORT 0: Recv/Dropped : 0/2
AGG (6 ,0) PORT 1: Recv/Dropped : 0/6
AGG (6 ,0) PORT 2: Recv/Dropped : 0/84
AGG (6 ,0) PORT 3: Recv/Dropped : 0/101
AGG (6 ,0) PORT 4: Recv/Dropped : 0/2
AGG (6 ,0) PORT 5: Recv/Dropped : 0/8
AGG (6 ,0) PORT 6: Recv/Dropped : 0/22
AGG (6 ,0) PORT 7: Recv/Dropped : 0/94
AGG (6 ,1) PORT 0: Recv/Dropped : 0/87
AGG (6 ,1) PORT 1: Recv/Dropped : 0/2
AGG (6 ,1) PORT 2: Recv/Dropped : 0/3
AGG (6 ,1) PORT 3: Recv/Dropped : 0/0
AGG (6 ,1) PORT 4: Recv/Dropped : 0/4
AGG (6 ,1) PORT 5: Recv/Dropped : 0/7
AGG (6 ,1) PORT 6: Recv/Dropped : 0/189
AGG (6 ,1) PORT 7: Recv/Dropped : 0/185
AGG (6 ,2) PORT 0: Recv/Dropped : 0/5
AGG (6 ,2) PORT 1: Recv/Dropped : 0/1
AGG (6 ,2) PORT 2: Recv/Dropped : 0/84
AGG (6 ,2) PORT 3: Recv/Dropped : 0/136
AGG (6 ,2) PORT 4: Recv/Dropped : 0/8
AGG (6 ,2) PORT 5: Recv/Dropped : 0/26
AGG (6 ,2) PORT 6: Recv/Dropped : 0/10
AGG (6 ,2) PORT 7: Recv/Dropped : 0/4
AGG (6 ,3) PORT 0: Recv/Dropped : 0/2
AGG (6 ,3) PORT 1: Recv/Dropped : 0/60
AGG (6 ,3) PORT 2: Recv/Dropped : 0/1
AGG (6 ,3) PORT 3: Recv/Dropped : 0/1
AGG (6 ,3) PORT 4: Recv/Dropped : 0/14
AGG (6 ,3) PORT 5: Recv/Dropped : 0/104
AGG (6 ,3) PORT 6: Recv/Dropped : 0/4
AGG (6 ,3) PORT 7: Recv/Dropped : 0/94
AGG (7 ,0) PORT 0: Recv/Dropped : 0/1
AGG (7 ,0) PORT 1: Recv/Dropped : 0/0
AGG (7 ,0) PORT 2: Recv/Dropped : 0/1
AGG (7 ,0) PORT 3: Recv/Dropped : 0/0
AGG (7 ,0) PORT 4: Recv/Dropped : 0/15
AGG (7 ,0) PORT 5: Recv/Dropped : 0/3
AGG (7 ,0) PORT 6: Recv/Dropped : 0/10
AGG (7 ,0) PORT 7: Recv/Dropped : 0/1
AGG (7 ,1) PORT 0: Recv/Dropped : 0/3
AGG (7 ,1) PORT 1: Recv/Dropped : 0/0
AGG (7 ,1) PORT 2: Recv/Dropped : 0/1
AGG (7 ,1) PORT 3: Recv/Dropped : 0/0
AGG (7 ,1) PORT 4: Recv/Dropped : 0/4
AGG (7 ,1) PORT 5: Recv/Dropped : 0/2
AGG (7 ,1) PORT 6: Recv/Dropped : 0/2
AGG (7 ,1) PORT 7: Recv/Dropped : 0/5
AGG (7 ,2) PORT 0: Recv/Dropped : 0/0
AGG (7 ,2) PORT 1: Recv/Dropped : 0/0
AGG (7 ,2) PORT 2: Recv/Dropped : 0/0
AGG (7 ,2) PORT 3: Recv/Dropped : 0/0
AGG (7 ,2) PORT 4: Recv/Dropped : 0/3
AGG (7 ,2) PORT 5: Recv/Dropped : 0/2
AGG (7 ,2) PORT 6: Recv/Dropped : 0/5
AGG (7 ,2) PORT 7: Recv/Dropped : 0/3
AGG (7 ,3) PORT 0: Recv/Dropped : 0/67
AGG (7 ,3) PORT 1: Recv/Dropped : 0/1
AGG (7 ,3) PORT 2: Recv/Dropped : 0/13
AGG (7 ,3) PORT 3: Recv/Dropped : 0/1
AGG (7 ,3) PORT 4: Recv/Dropped : 0/6
AGG (7 ,3) PORT 5: Recv/Dropped : 0/5
AGG (7 ,3) PORT 6: Recv/Dropped : 0/89
AGG (7 ,3) PORT 7: Recv/Dropped : 0/8


TOTAL RECEIVED PACKETS = 28727
TOTAL DROPPED PACKETS = 623