QUEUE STATISTICS FOR EXPERIMENT 8400
---------------------------
 -- EDGE QUEUE STATISTICS --
EDGE (0 ,0) PORT 0: Recv/Dropped : 478/5808
EDGE (0 ,0) PORT 1: Recv/Dropped : 0/77
EDGE (0 ,0) PORT 2: Recv/Dropped : 0/68
EDGE (0 ,0) PORT 3: Recv/Dropped : 0/75
EDGE (0 ,0) PORT 4: Recv/Dropped : 0/1087
EDGE (0 ,0) PORT 5: Recv/Dropped : 0/1106
EDGE (0 ,0) PORT 6: Recv/Dropped : 0/1078
EDGE (0 ,0) PORT 7: Recv/Dropped : 0/974
EDGE (0 ,1) PORT 0: Recv/Dropped : 0/84
EDGE (0 ,1) PORT 1: Recv/Dropped : 0/80
EDGE (0 ,1) PORT 2: Recv/Dropped : 0/76
EDGE (0 ,1) PORT 3: Recv/Dropped : 0/78
EDGE (0 ,1) PORT 4: Recv/Dropped : 0/84
EDGE (0 ,1) PORT 5: Recv/Dropped : 0/120
EDGE (0 ,1) PORT 6: Recv/Dropped : 0/104
EDGE (0 ,1) PORT 7: Recv/Dropped : 0/94
EDGE (0 ,2) PORT 0: Recv/Dropped : 0/78
EDGE (0 ,2) PORT 1: Recv/Dropped : 0/76
EDGE (0 ,2) PORT 2: Recv/Dropped : 0/69
EDGE (0 ,2) PORT 3: Recv/Dropped : 0/72
EDGE (0 ,2) PORT 4: Recv/Dropped : 0/64
EDGE (0 ,2) PORT 5: Recv/Dropped : 0/96
EDGE (0 ,2) PORT 6: Recv/Dropped : 0/166
EDGE (0 ,2) PORT 7: Recv/Dropped : 0/72
EDGE (0 ,3) PORT 0: Recv/Dropped : 0/68
EDGE (0 ,3) PORT 1: Recv/Dropped : 0/73
EDGE (0 ,3) PORT 2: Recv/Dropped : 0/2
EDGE (0 ,3) PORT 3: Recv/Dropped : 0/3
EDGE (0 ,3) PORT 4: Recv/Dropped : 0/46
EDGE (0 ,3) PORT 5: Recv/Dropped : 0/66
EDGE (0 ,3) PORT 6: Recv/Dropped : 0/51
EDGE (0 ,3) PORT 7: Recv/Dropped : 0/47
EDGE (1 ,0) PORT 0: Recv/Dropped : 0/83
EDGE (1 ,0) PORT 1: Recv/Dropped : 0/71
EDGE (1 ,0) PORT 2: Recv/Dropped : 0/78
EDGE (1 ,0) PORT 3: Recv/Dropped : 0/2
EDGE (1 ,0) PORT 4: Recv/Dropped : 0/60
EDGE (1 ,0) PORT 5: Recv/Dropped : 0/82
EDGE (1 ,0) PORT 6: Recv/Dropped : 0/78
EDGE (1 ,0) PORT 7: Recv/Dropped : 0/88
EDGE (1 ,1) PORT 0: Recv/Dropped : 0/71
EDGE (1 ,1) PORT 1: Recv/Dropped : 0/2
EDGE (1 ,1) PORT 2: Recv/Dropped : 0/2
EDGE (1 ,1) PORT 3: Recv/Dropped : 0/2
EDGE (1 ,1) PORT 4: Recv/Dropped : 0/19
EDGE (1 ,1) PORT 5: Recv/Dropped : 0/25
EDGE (1 ,1) PORT 6: Recv/Dropped : 0/32
EDGE (1 ,1) PORT 7: Recv/Dropped : 0/41
EDGE (1 ,2) PORT 0: Recv/Dropped : 0/2
EDGE (1 ,2) PORT 1: Recv/Dropped : 0/69
EDGE (1 ,2) PORT 2: Recv/Dropped : 0/2
EDGE (1 ,2) PORT 3: Recv/Dropped : 0/80
EDGE (1 ,2) PORT 4: Recv/Dropped : 0/65
EDGE (1 ,2) PORT 5: Recv/Dropped : 0/46
EDGE (1 ,2) PORT 6: Recv/Dropped : 0/55
EDGE (1 ,2) PORT 7: Recv/Dropped : 0/48
EDGE (1 ,3) PORT 0: Recv/Dropped : 0/2
EDGE (1 ,3) PORT 1: Recv/Dropped : 0/2
EDGE (1 ,3) PORT 2: Recv/Dropped : 0/2
EDGE (1 ,3) PORT 3: Recv/Dropped : 0/0
EDGE (1 ,3) PORT 4: Recv/Dropped : 0/13
EDGE (1 ,3) PORT 5: Recv/Dropped : 0/2
EDGE (1 ,3) PORT 6: Recv/Dropped : 0/1
EDGE (1 ,3) PORT 7: Recv/Dropped : 0/5
EDGE (2 ,0) PORT 0: Recv/Dropped : 0/79
EDGE (2 ,0) PORT 1: Recv/Dropped : 0/70
EDGE (2 ,0) PORT 2: Recv/Dropped : 0/2
EDGE (2 ,0) PORT 3: Recv/Dropped : 0/70
EDGE (2 ,0) PORT 4: Recv/Dropped : 0/65
EDGE (2 ,0) PORT 5: Recv/Dropped : 0/93
EDGE (2 ,0) PORT 6: Recv/Dropped : 0/66
EDGE (2 ,0) PORT 7: Recv/Dropped : 0/85
EDGE (2 ,1) PORT 0: Recv/Dropped : 0/81
EDGE (2 ,1) PORT 1: Recv/Dropped : 0/70
EDGE (2 ,1) PORT 2: Recv/Dropped : 0/2
EDGE (2 ,1) PORT 3: Recv/Dropped : 0/0
EDGE (2 ,1) PORT 4: Recv/Dropped : 0/30
EDGE (2 ,1) PORT 5: Recv/Dropped : 0/62
EDGE (2 ,1) PORT 6: Recv/Dropped : 0/50
EDGE (2 ,1) PORT 7: Recv/Dropped : 0/68
EDGE (2 ,2) PORT 0: Recv/Dropped : 0/2
EDGE (2 ,2) PORT 1: Recv/Dropped : 0/77
EDGE (2 ,2) PORT 2: Recv/Dropped : 0/69
EDGE (2 ,2) PORT 3: Recv/Dropped : 0/72
EDGE (2 ,2) PORT 4: Recv/Dropped : 0/72
EDGE (2 ,2) PORT 5: Recv/Dropped : 0/70
EDGE (2 ,2) PORT 6: Recv/Dropped : 0/83
EDGE (2 ,2) PORT 7: Recv/Dropped : 0/79
EDGE (2 ,3) PORT 0: Recv/Dropped : 0/2
EDGE (2 ,3) PORT 1: Recv/Dropped : 0/61
EDGE (2 ,3) PORT 2: Recv/Dropped : 0/3
EDGE (2 ,3) PORT 3: Recv/Dropped : 0/2
EDGE (2 ,3) PORT 4: Recv/Dropped : 0/38
EDGE (2 ,3) PORT 5: Recv/Dropped : 0/28
EDGE (2 ,3) PORT 6: Recv/Dropped : 0/23
EDGE (2 ,3) PORT 7: Recv/Dropped : 0/23
EDGE (3 ,0) PORT 0: Recv/Dropped : 0/76
EDGE (3 ,0) PORT 1: Recv/Dropped : 0/2
EDGE (3 ,0) PORT 2: Recv/Dropped : 0/71
EDGE (3 ,0) PORT 3: Recv/Dropped : 0/74
EDGE (3 ,0) PORT 4: Recv/Dropped : 0/67
EDGE (3 ,0) PORT 5: Recv/Dropped : 0/89
EDGE (3 ,0) PORT 6: Recv/Dropped : 0/77
EDGE (3 ,0) PORT 7: Recv/Dropped : 0/75
EDGE (3 ,1) PORT 0: Recv/Dropped : 0/2
EDGE (3 ,1) PORT 1: Recv/Dropped : 0/2
EDGE (3 ,1) PORT 2: Recv/Dropped : 0/78
EDGE (3 ,1) PORT 3: Recv/Dropped : 0/3
EDGE (3 ,1) PORT 4: Recv/Dropped : 0/27
EDGE (3 ,1) PORT 5: Recv/Dropped : 0/28
EDGE (3 ,1) PORT 6: Recv/Dropped : 0/32
EDGE (3 ,1) PORT 7: Recv/Dropped : 0/33
EDGE (3 ,2) PORT 0: Recv/Dropped : 0/2
EDGE (3 ,2) PORT 1: Recv/Dropped : 0/2
EDGE (3 ,2) PORT 2: Recv/Dropped : 0/2
EDGE (3 ,2) PORT 3: Recv/Dropped : 0/0
EDGE (3 ,2) PORT 4: Recv/Dropped : 0/2
EDGE (3 ,2) PORT 5: Recv/Dropped : 0/8
EDGE (3 ,2) PORT 6: Recv/Dropped : 0/8
EDGE (3 ,2) PORT 7: Recv/Dropped : 0/1
EDGE (3 ,3) PORT 0: Recv/Dropped : 0/2
EDGE (3 ,3) PORT 1: Recv/Dropped : 0/2
EDGE (3 ,3) PORT 2: Recv/Dropped : 0/2
EDGE (3 ,3) PORT 3: Recv/Dropped : 0/73
EDGE (3 ,3) PORT 4: Recv/Dropped : 0/29
EDGE (3 ,3) PORT 5: Recv/Dropped : 0/31
EDGE (3 ,3) PORT 6: Recv/Dropped : 0/43
EDGE (3 ,3) PORT 7: Recv/Dropped : 0/15
EDGE (4 ,0) PORT 0: Recv/Dropped : 0/64
EDGE (4 ,0) PORT 1: Recv/Dropped : 0/73
EDGE (4 ,0) PORT 2: Recv/Dropped : 0/2
EDGE (4 ,0) PORT 3: Recv/Dropped : 0/2
EDGE (4 ,0) PORT 4: Recv/Dropped : 0/46
EDGE (4 ,0) PORT 5: Recv/Dropped : 0/27
EDGE (4 ,0) PORT 6: Recv/Dropped : 0/36
EDGE (4 ,0) PORT 7: Recv/Dropped : 0/103
EDGE (4 ,1) PORT 0: Recv/Dropped : 0/72
EDGE (4 ,1) PORT 1: Recv/Dropped : 0/0
EDGE (4 ,1) PORT 2: Recv/Dropped : 0/74
EDGE (4 ,1) PORT 3: Recv/Dropped : 0/79
EDGE (4 ,1) PORT 4: Recv/Dropped : 0/95
EDGE (4 ,1) PORT 5: Recv/Dropped : 0/82
EDGE (4 ,1) PORT 6: Recv/Dropped : 0/66
EDGE (4 ,1) PORT 7: Recv/Dropped : 0/68
EDGE (4 ,2) PORT 0: Recv/Dropped : 0/2
EDGE (4 ,2) PORT 1: Recv/Dropped : 0/2
EDGE (4 ,2) PORT 2: Recv/Dropped : 0/2
EDGE (4 ,2) PORT 3: Recv/Dropped : 0/0
EDGE (4 ,2) PORT 4: Recv/Dropped : 0/6
EDGE (4 ,2) PORT 5: Recv/Dropped : 0/6
EDGE (4 ,2) PORT 6: Recv/Dropped : 0/5
EDGE (4 ,2) PORT 7: Recv/Dropped : 0/3
EDGE (4 ,3) PORT 0: Recv/Dropped : 0/2
EDGE (4 ,3) PORT 1: Recv/Dropped : 0/0
EDGE (4 ,3) PORT 2: Recv/Dropped : 0/78
EDGE (4 ,3) PORT 3: Recv/Dropped : 0/2
EDGE (4 ,3) PORT 4: Recv/Dropped : 0/45
EDGE (4 ,3) PORT 5: Recv/Dropped : 0/19
EDGE (4 ,3) PORT 6: Recv/Dropped : 0/26
EDGE (4 ,3) PORT 7: Recv/Dropped : 0/27
EDGE (5 ,0) PORT 0: Recv/Dropped : 0/83
EDGE (5 ,0) PORT 1: Recv/Dropped : 0/0
EDGE (5 ,0) PORT 2: Recv/Dropped : 0/2
EDGE (5 ,0) PORT 3: Recv/Dropped : 0/0
EDGE (5 ,0) PORT 4: Recv/Dropped : 0/28
EDGE (5 ,0) PORT 5: Recv/Dropped : 0/44
EDGE (5 ,0) PORT 6: Recv/Dropped : 0/22
EDGE (5 ,0) PORT 7: Recv/Dropped : 0/20
EDGE (5 ,1) PORT 0: Recv/Dropped : 0/0
EDGE (5 ,1) PORT 1: Recv/Dropped : 0/0
EDGE (5 ,1) PORT 2: Recv/Dropped : 0/3
EDGE (5 ,1) PORT 3: Recv/Dropped : 0/2
EDGE (5 ,1) PORT 4: Recv/Dropped : 0/8
EDGE (5 ,1) PORT 5: Recv/Dropped : 0/5
EDGE (5 ,1) PORT 6: Recv/Dropped : 0/2
EDGE (5 ,1) PORT 7: Recv/Dropped : 0/0
EDGE (5 ,2) PORT 0: Recv/Dropped : 0/68
EDGE (5 ,2) PORT 1: Recv/Dropped : 0/2
EDGE (5 ,2) PORT 2: Recv/Dropped : 0/73
EDGE (5 ,2) PORT 3: Recv/Dropped : 0/62
EDGE (5 ,2) PORT 4: Recv/Dropped : 0/80
EDGE (5 ,2) PORT 5: Recv/Dropped : 0/88
EDGE (5 ,2) PORT 6: Recv/Dropped : 0/83
EDGE (5 ,2) PORT 7: Recv/Dropped : 0/57
EDGE (5 ,3) PORT 0: Recv/Dropped : 0/0
EDGE (5 ,3) PORT 1: Recv/Dropped : 0/0
EDGE (5 ,3) PORT 2: Recv/Dropped : 0/77
EDGE (5 ,3) PORT 3: Recv/Dropped : 0/2
EDGE (5 ,3) PORT 4: Recv/Dropped : 0/38
EDGE (5 ,3) PORT 5: Recv/Dropped : 0/22
EDGE (5 ,3) PORT 6: Recv/Dropped : 0/33
EDGE (5 ,3) PORT 7: Recv/Dropped : 0/21
EDGE (6 ,0) PORT 0: Recv/Dropped : 0/2
EDGE (6 ,0) PORT 1: Recv/Dropped : 0/2
EDGE (6 ,0) PORT 2: Recv/Dropped : 0/0
EDGE (6 ,0) PORT 3: Recv/Dropped : 0/69
EDGE (6 ,0) PORT 4: Recv/Dropped : 0/24
EDGE (6 ,0) PORT 5: Recv/Dropped : 0/30
EDGE (6 ,0) PORT 6: Recv/Dropped : 0/31
EDGE (6 ,0) PORT 7: Recv/Dropped : 0/28
EDGE (6 ,1) PORT 0: Recv/Dropped : 0/70
EDGE (6 ,1) PORT 1: Recv/Dropped : 0/0
EDGE (6 ,1) PORT 2: Recv/Dropped : 0/0
EDGE (6 ,1) PORT 3: Recv/Dropped : 0/75
EDGE (6 ,1) PORT 4: Recv/Dropped : 0/54
EDGE (6 ,1) PORT 5: Recv/Dropped : 0/35
EDGE (6 ,1) PORT 6: Recv/Dropped : 0/54
EDGE (6 ,1) PORT 7: Recv/Dropped : 0/68
EDGE (6 ,2) PORT 0: Recv/Dropped : 0/82
EDGE (6 ,2) PORT 1: Recv/Dropped : 0/2
EDGE (6 ,2) PORT 2: Recv/Dropped : 0/69
EDGE (6 ,2) PORT 3: Recv/Dropped : 0/73
EDGE (6 ,2) PORT 4: Recv/Dropped : 0/77
EDGE (6 ,2) PORT 5: Recv/Dropped : 0/80
EDGE (6 ,2) PORT 6: Recv/Dropped : 0/91
EDGE (6 ,2) PORT 7: Recv/Dropped : 0/63
EDGE (6 ,3) PORT 0: Recv/Dropped : 0/74
EDGE (6 ,3) PORT 1: Recv/Dropped : 0/2
EDGE (6 ,3) PORT 2: Recv/Dropped : 0/0
EDGE (6 ,3) PORT 3: Recv/Dropped : 0/0
EDGE (6 ,3) PORT 4: Recv/Dropped : 0/26
EDGE (6 ,3) PORT 5: Recv/Dropped : 0/15
EDGE (6 ,3) PORT 6: Recv/Dropped : 0/41
EDGE (6 ,3) PORT 7: Recv/Dropped : 0/31
EDGE (7 ,0) PORT 0: Recv/Dropped : 0/75
EDGE (7 ,0) PORT 1: Recv/Dropped : 0/2
EDGE (7 ,0) PORT 2: Recv/Dropped : 0/79
EDGE (7 ,0) PORT 3: Recv/Dropped : 0/0
EDGE (7 ,0) PORT 4: Recv/Dropped : 0/59
EDGE (7 ,0) PORT 5: Recv/Dropped : 0/62
EDGE (7 ,0) PORT 6: Recv/Dropped : 0/59
EDGE (7 ,0) PORT 7: Recv/Dropped : 0/31
EDGE (7 ,1) PORT 0: Recv/Dropped : 0/76
EDGE (7 ,1) PORT 1: Recv/Dropped : 0/0
EDGE (7 ,1) PORT 2: Recv/Dropped : 0/2
EDGE (7 ,1) PORT 3: Recv/Dropped : 0/80
EDGE (7 ,1) PORT 4: Recv/Dropped : 0/48
EDGE (7 ,1) PORT 5: Recv/Dropped : 0/42
EDGE (7 ,1) PORT 6: Recv/Dropped : 0/58
EDGE (7 ,1) PORT 7: Recv/Dropped : 0/72
EDGE (7 ,2) PORT 0: Recv/Dropped : 0/75
EDGE (7 ,2) PORT 1: Recv/Dropped : 0/0
EDGE (7 ,2) PORT 2: Recv/Dropped : 0/0
EDGE (7 ,2) PORT 3: Recv/Dropped : 0/69
EDGE (7 ,2) PORT 4: Recv/Dropped : 0/54
EDGE (7 ,2) PORT 5: Recv/Dropped : 0/48
EDGE (7 ,2) PORT 6: Recv/Dropped : 0/58
EDGE (7 ,2) PORT 7: Recv/Dropped : 0/51
EDGE (7 ,3) PORT 0: Recv/Dropped : 0/2
EDGE (7 ,3) PORT 1: Recv/Dropped : 0/79
EDGE (7 ,3) PORT 2: Recv/Dropped : 0/72
EDGE (7 ,3) PORT 3: Recv/Dropped : 0/2
EDGE (7 ,3) PORT 4: Recv/Dropped : 0/52
EDGE (7 ,3) PORT 5: Recv/Dropped : 0/52
EDGE (7 ,3) PORT 6: Recv/Dropped : 0/61
EDGE (7 ,3) PORT 7: Recv/Dropped : 0/54
 -- AGG QUEUE STATISTICS --
AGG (0 ,0) PORT 0: Recv/Dropped : 0/1421
AGG (0 ,0) PORT 1: Recv/Dropped : 3/1500
AGG (0 ,0) PORT 2: Recv/Dropped : 0/1595
AGG (0 ,0) PORT 3: Recv/Dropped : 0/1471
AGG (0 ,0) PORT 4: Recv/Dropped : 0/241
AGG (0 ,0) PORT 5: Recv/Dropped : 0/206
AGG (0 ,0) PORT 6: Recv/Dropped : 0/208
AGG (0 ,0) PORT 7: Recv/Dropped : 0/268
AGG (0 ,1) PORT 0: Recv/Dropped : 0/59
AGG (0 ,1) PORT 1: Recv/Dropped : 0/87
AGG (0 ,1) PORT 2: Recv/Dropped : 0/78
AGG (0 ,1) PORT 3: Recv/Dropped : 0/94
AGG (0 ,1) PORT 4: Recv/Dropped : 0/222
AGG (0 ,1) PORT 5: Recv/Dropped : 0/242
AGG (0 ,1) PORT 6: Recv/Dropped : 0/215
AGG (0 ,1) PORT 7: Recv/Dropped : 0/238
AGG (0 ,2) PORT 0: Recv/Dropped : 0/49
AGG (0 ,2) PORT 1: Recv/Dropped : 0/68
AGG (0 ,2) PORT 2: Recv/Dropped : 0/127
AGG (0 ,2) PORT 3: Recv/Dropped : 0/51
AGG (0 ,2) PORT 4: Recv/Dropped : 0/202
AGG (0 ,2) PORT 5: Recv/Dropped : 0/213
AGG (0 ,2) PORT 6: Recv/Dropped : 0/196
AGG (0 ,2) PORT 7: Recv/Dropped : 0/235
AGG (0 ,3) PORT 0: Recv/Dropped : 0/56
AGG (0 ,3) PORT 1: Recv/Dropped : 0/34
AGG (0 ,3) PORT 2: Recv/Dropped : 0/27
AGG (0 ,3) PORT 3: Recv/Dropped : 0/29
AGG (0 ,3) PORT 4: Recv/Dropped : 0/201
AGG (0 ,3) PORT 5: Recv/Dropped : 0/210
AGG (0 ,3) PORT 6: Recv/Dropped : 0/185
AGG (0 ,3) PORT 7: Recv/Dropped : 0/204
AGG (1 ,0) PORT 0: Recv/Dropped : 0/64
AGG (1 ,0) PORT 1: Recv/Dropped : 0/53
AGG (1 ,0) PORT 2: Recv/Dropped : 0/61
AGG (1 ,0) PORT 3: Recv/Dropped : 0/56
AGG (1 ,0) PORT 4: Recv/Dropped : 0/29
AGG (1 ,0) PORT 5: Recv/Dropped : 0/42
AGG (1 ,0) PORT 6: Recv/Dropped : 0/45
AGG (1 ,0) PORT 7: Recv/Dropped : 0/41
AGG (1 ,1) PORT 0: Recv/Dropped : 0/18
AGG (1 ,1) PORT 1: Recv/Dropped : 0/22
AGG (1 ,1) PORT 2: Recv/Dropped : 0/19
AGG (1 ,1) PORT 3: Recv/Dropped : 0/18
AGG (1 ,1) PORT 4: Recv/Dropped : 0/49
AGG (1 ,1) PORT 5: Recv/Dropped : 0/32
AGG (1 ,1) PORT 6: Recv/Dropped : 0/31
AGG (1 ,1) PORT 7: Recv/Dropped : 0/43
AGG (1 ,2) PORT 0: Recv/Dropped : 0/39
AGG (1 ,2) PORT 1: Recv/Dropped : 0/41
AGG (1 ,2) PORT 2: Recv/Dropped : 0/33
AGG (1 ,2) PORT 3: Recv/Dropped : 0/40
AGG (1 ,2) PORT 4: Recv/Dropped : 0/26
AGG (1 ,2) PORT 5: Recv/Dropped : 0/67
AGG (1 ,2) PORT 6: Recv/Dropped : 0/36
AGG (1 ,2) PORT 7: Recv/Dropped : 0/37
AGG (1 ,3) PORT 0: Recv/Dropped : 0/2
AGG (1 ,3) PORT 1: Recv/Dropped : 0/2
AGG (1 ,3) PORT 2: Recv/Dropped : 0/1
AGG (1 ,3) PORT 3: Recv/Dropped : 0/1
AGG (1 ,3) PORT 4: Recv/Dropped : 0/33
AGG (1 ,3) PORT 5: Recv/Dropped : 0/60
AGG (1 ,3) PORT 6: Recv/Dropped : 0/47
AGG (1 ,3) PORT 7: Recv/Dropped : 0/42
AGG (2 ,0) PORT 0: Recv/Dropped : 0/37
AGG (2 ,0) PORT 1: Recv/Dropped : 0/69
AGG (2 ,0) PORT 2: Recv/Dropped : 0/52
AGG (2 ,0) PORT 3: Recv/Dropped : 0/63
AGG (2 ,0) PORT 4: Recv/Dropped : 0/64
AGG (2 ,0) PORT 5: Recv/Dropped : 0/40
AGG (2 ,0) PORT 6: Recv/Dropped : 0/47
AGG (2 ,0) PORT 7: Recv/Dropped : 0/54
AGG (2 ,1) PORT 0: Recv/Dropped : 0/48
AGG (2 ,1) PORT 1: Recv/Dropped : 0/39
AGG (2 ,1) PORT 2: Recv/Dropped : 0/37
AGG (2 ,1) PORT 3: Recv/Dropped : 0/29
AGG (2 ,1) PORT 4: Recv/Dropped : 0/67
AGG (2 ,1) PORT 5: Recv/Dropped : 0/57
AGG (2 ,1) PORT 6: Recv/Dropped : 0/50
AGG (2 ,1) PORT 7: Recv/Dropped : 0/79
AGG (2 ,2) PORT 0: Recv/Dropped : 0/53
AGG (2 ,2) PORT 1: Recv/Dropped : 0/65
AGG (2 ,2) PORT 2: Recv/Dropped : 0/55
AGG (2 ,2) PORT 3: Recv/Dropped : 0/47
AGG (2 ,2) PORT 4: Recv/Dropped : 0/62
AGG (2 ,2) PORT 5: Recv/Dropped : 0/44
AGG (2 ,2) PORT 6: Recv/Dropped : 0/64
AGG (2 ,2) PORT 7: Recv/Dropped : 0/52
AGG (2 ,3) PORT 0: Recv/Dropped : 0/14
AGG (2 ,3) PORT 1: Recv/Dropped : 0/23
AGG (2 ,3) PORT 2: Recv/Dropped : 0/17
AGG (2 ,3) PORT 3: Recv/Dropped : 0/14
AGG (2 ,3) PORT 4: Recv/Dropped : 0/67
AGG (2 ,3) PORT 5: Recv/Dropped : 0/72
AGG (2 ,3) PORT 6: Recv/Dropped : 0/69
AGG (2 ,3) PORT 7: Recv/Dropped : 0/47
AGG (3 ,0) PORT 0: Recv/Dropped : 0/61
AGG (3 ,0) PORT 1: Recv/Dropped : 0/60
AGG (3 ,0) PORT 2: Recv/Dropped : 0/54
AGG (3 ,0) PORT 3: Recv/Dropped : 0/48
AGG (3 ,0) PORT 4: Recv/Dropped : 0/41
AGG (3 ,0) PORT 5: Recv/Dropped : 0/22
AGG (3 ,0) PORT 6: Recv/Dropped : 0/32
AGG (3 ,0) PORT 7: Recv/Dropped : 0/30
AGG (3 ,1) PORT 0: Recv/Dropped : 0/26
AGG (3 ,1) PORT 1: Recv/Dropped : 0/13
AGG (3 ,1) PORT 2: Recv/Dropped : 0/30
AGG (3 ,1) PORT 3: Recv/Dropped : 0/16
AGG (3 ,1) PORT 4: Recv/Dropped : 0/51
AGG (3 ,1) PORT 5: Recv/Dropped : 0/32
AGG (3 ,1) PORT 6: Recv/Dropped : 0/32
AGG (3 ,1) PORT 7: Recv/Dropped : 0/41
AGG (3 ,2) PORT 0: Recv/Dropped : 0/0
AGG (3 ,2) PORT 1: Recv/Dropped : 0/2
AGG (3 ,2) PORT 2: Recv/Dropped : 0/2
AGG (3 ,2) PORT 3: Recv/Dropped : 0/2
AGG (3 ,2) PORT 4: Recv/Dropped : 0/45
AGG (3 ,2) PORT 5: Recv/Dropped : 0/37
AGG (3 ,2) PORT 6: Recv/Dropped : 0/40
AGG (3 ,2) PORT 7: Recv/Dropped : 0/38
AGG (3 ,3) PORT 0: Recv/Dropped : 0/14
AGG (3 ,3) PORT 1: Recv/Dropped : 0/16
AGG (3 ,3) PORT 2: Recv/Dropped : 0/25
AGG (3 ,3) PORT 3: Recv/Dropped : 0/24
AGG (3 ,3) PORT 4: Recv/Dropped : 0/22
AGG (3 ,3) PORT 5: Recv/Dropped : 0/38
AGG (3 ,3) PORT 6: Recv/Dropped : 0/41
AGG (3 ,3) PORT 7: Recv/Dropped : 0/23
AGG (4 ,0) PORT 0: Recv/Dropped : 0/67
AGG (4 ,0) PORT 1: Recv/Dropped : 0/24
AGG (4 ,0) PORT 2: Recv/Dropped : 0/22
AGG (4 ,0) PORT 3: Recv/Dropped : 0/28
AGG (4 ,0) PORT 4: Recv/Dropped : 0/57
AGG (4 ,0) PORT 5: Recv/Dropped : 0/43
AGG (4 ,0) PORT 6: Recv/Dropped : 0/50
AGG (4 ,0) PORT 7: Recv/Dropped : 0/42
AGG (4 ,1) PORT 0: Recv/Dropped : 0/48
AGG (4 ,1) PORT 1: Recv/Dropped : 0/66
AGG (4 ,1) PORT 2: Recv/Dropped : 0/62
AGG (4 ,1) PORT 3: Recv/Dropped : 0/49
AGG (4 ,1) PORT 4: Recv/Dropped : 0/38
AGG (4 ,1) PORT 5: Recv/Dropped : 0/37
AGG (4 ,1) PORT 6: Recv/Dropped : 0/27
AGG (4 ,1) PORT 7: Recv/Dropped : 0/32
AGG (4 ,2) PORT 0: Recv/Dropped : 0/1
AGG (4 ,2) PORT 1: Recv/Dropped : 0/2
AGG (4 ,2) PORT 2: Recv/Dropped : 0/2
AGG (4 ,2) PORT 3: Recv/Dropped : 0/1
AGG (4 ,2) PORT 4: Recv/Dropped : 0/20
AGG (4 ,2) PORT 5: Recv/Dropped : 0/40
AGG (4 ,2) PORT 6: Recv/Dropped : 0/33
AGG (4 ,2) PORT 7: Recv/Dropped : 0/40
AGG (4 ,3) PORT 0: Recv/Dropped : 0/24
AGG (4 ,3) PORT 1: Recv/Dropped : 0/20
AGG (4 ,3) PORT 2: Recv/Dropped : 0/14
AGG (4 ,3) PORT 3: Recv/Dropped : 0/24
AGG (4 ,3) PORT 4: Recv/Dropped : 0/35
AGG (4 ,3) PORT 5: Recv/Dropped : 0/45
AGG (4 ,3) PORT 6: Recv/Dropped : 0/85
AGG (4 ,3) PORT 7: Recv/Dropped : 0/36
AGG (5 ,0) PORT 0: Recv/Dropped : 0/16
AGG (5 ,0) PORT 1: Recv/Dropped : 0/21
AGG (5 ,0) PORT 2: Recv/Dropped : 0/18
AGG (5 ,0) PORT 3: Recv/Dropped : 0/30
AGG (5 ,0) PORT 4: Recv/Dropped : 0/37
AGG (5 ,0) PORT 5: Recv/Dropped : 0/48
AGG (5 ,0) PORT 6: Recv/Dropped : 0/22
AGG (5 ,0) PORT 7: Recv/Dropped : 0/47
AGG (5 ,1) PORT 0: Recv/Dropped : 0/0
AGG (5 ,1) PORT 1: Recv/Dropped : 0/3
AGG (5 ,1) PORT 2: Recv/Dropped : 0/0
AGG (5 ,1) PORT 3: Recv/Dropped : 0/2
AGG (5 ,1) PORT 4: Recv/Dropped : 0/24
AGG (5 ,1) PORT 5: Recv/Dropped : 0/55
AGG (5 ,1) PORT 6: Recv/Dropped : 0/51
AGG (5 ,1) PORT 7: Recv/Dropped : 0/29
AGG (5 ,2) PORT 0: Recv/Dropped : 0/57
AGG (5 ,2) PORT 1: Recv/Dropped : 0/66
AGG (5 ,2) PORT 2: Recv/Dropped : 0/34
AGG (5 ,2) PORT 3: Recv/Dropped : 0/48
AGG (5 ,2) PORT 4: Recv/Dropped : 0/39
AGG (5 ,2) PORT 5: Recv/Dropped : 0/34
AGG (5 ,2) PORT 6: Recv/Dropped : 0/38
AGG (5 ,2) PORT 7: Recv/Dropped : 0/29
AGG (5 ,3) PORT 0: Recv/Dropped : 0/20
AGG (5 ,3) PORT 1: Recv/Dropped : 0/7
AGG (5 ,3) PORT 2: Recv/Dropped : 0/40
AGG (5 ,3) PORT 3: Recv/Dropped : 0/12
AGG (5 ,3) PORT 4: Recv/Dropped : 0/22
AGG (5 ,3) PORT 5: Recv/Dropped : 0/35
AGG (5 ,3) PORT 6: Recv/Dropped : 0/19
AGG (5 ,3) PORT 7: Recv/Dropped : 0/22
AGG (6 ,0) PORT 0: Recv/Dropped : 0/14
AGG (6 ,0) PORT 1: Recv/Dropped : 0/15
AGG (6 ,0) PORT 2: Recv/Dropped : 0/20
AGG (6 ,0) PORT 3: Recv/Dropped : 0/24
AGG (6 ,0) PORT 4: Recv/Dropped : 0/21
AGG (6 ,0) PORT 5: Recv/Dropped : 0/52
AGG (6 ,0) PORT 6: Recv/Dropped : 0/45
AGG (6 ,0) PORT 7: Recv/Dropped : 0/63
AGG (6 ,1) PORT 0: Recv/Dropped : 0/50
AGG (6 ,1) PORT 1: Recv/Dropped : 0/39
AGG (6 ,1) PORT 2: Recv/Dropped : 0/34
AGG (6 ,1) PORT 3: Recv/Dropped : 0/22
AGG (6 ,1) PORT 4: Recv/Dropped : 0/27
AGG (6 ,1) PORT 5: Recv/Dropped : 0/37
AGG (6 ,1) PORT 6: Recv/Dropped : 0/47
AGG (6 ,1) PORT 7: Recv/Dropped : 0/49
AGG (6 ,2) PORT 0: Recv/Dropped : 0/69
AGG (6 ,2) PORT 1: Recv/Dropped : 0/58
AGG (6 ,2) PORT 2: Recv/Dropped : 0/63
AGG (6 ,2) PORT 3: Recv/Dropped : 0/36
AGG (6 ,2) PORT 4: Recv/Dropped : 0/36
AGG (6 ,2) PORT 5: Recv/Dropped : 0/61
AGG (6 ,2) PORT 6: Recv/Dropped : 0/57
AGG (6 ,2) PORT 7: Recv/Dropped : 0/63
AGG (6 ,3) PORT 0: Recv/Dropped : 0/11
AGG (6 ,3) PORT 1: Recv/Dropped : 0/30
AGG (6 ,3) PORT 2: Recv/Dropped : 0/27
AGG (6 ,3) PORT 3: Recv/Dropped : 0/8
AGG (6 ,3) PORT 4: Recv/Dropped : 0/44
AGG (6 ,3) PORT 5: Recv/Dropped : 0/59
AGG (6 ,3) PORT 6: Recv/Dropped : 0/47
AGG (6 ,3) PORT 7: Recv/Dropped : 0/40
AGG (7 ,0) PORT 0: Recv/Dropped : 0/33
AGG (7 ,0) PORT 1: Recv/Dropped : 0/53
AGG (7 ,0) PORT 2: Recv/Dropped : 0/22
AGG (7 ,0) PORT 3: Recv/Dropped : 0/48
AGG (7 ,0) PORT 4: Recv/Dropped : 0/50
AGG (7 ,0) PORT 5: Recv/Dropped : 0/60
AGG (7 ,0) PORT 6: Recv/Dropped : 0/63
AGG (7 ,0) PORT 7: Recv/Dropped : 0/40
AGG (7 ,1) PORT 0: Recv/Dropped : 0/51
AGG (7 ,1) PORT 1: Recv/Dropped : 0/37
AGG (7 ,1) PORT 2: Recv/Dropped : 0/38
AGG (7 ,1) PORT 3: Recv/Dropped : 0/32
AGG (7 ,1) PORT 4: Recv/Dropped : 0/73
AGG (7 ,1) PORT 5: Recv/Dropped : 0/44
AGG (7 ,1) PORT 6: Recv/Dropped : 0/36
AGG (7 ,1) PORT 7: Recv/Dropped : 0/51
AGG (7 ,2) PORT 0: Recv/Dropped : 0/43
AGG (7 ,2) PORT 1: Recv/Dropped : 0/29
AGG (7 ,2) PORT 2: Recv/Dropped : 0/36
AGG (7 ,2) PORT 3: Recv/Dropped : 0/36
AGG (7 ,2) PORT 4: Recv/Dropped : 0/69
AGG (7 ,2) PORT 5: Recv/Dropped : 0/59
AGG (7 ,2) PORT 6: Recv/Dropped : 0/38
AGG (7 ,2) PORT 7: Recv/Dropped : 0/70
AGG (7 ,3) PORT 0: Recv/Dropped : 0/43
AGG (7 ,3) PORT 1: Recv/Dropped : 0/42
AGG (7 ,3) PORT 2: Recv/Dropped : 0/28
AGG (7 ,3) PORT 3: Recv/Dropped : 0/42
AGG (7 ,3) PORT 4: Recv/Dropped : 0/61
AGG (7 ,3) PORT 5: Recv/Dropped : 0/51
AGG (7 ,3) PORT 6: Recv/Dropped : 0/47
AGG (7 ,3) PORT 7: Recv/Dropped : 0/49


TOTAL RECEIVED PACKETS = 39206
TOTAL DROPPED PACKETS = 481