QUEUE STATISTICS FOR EXPERIMENT 3066
---------------------------
 -- EDGE QUEUE STATISTICS --
EDGE (0 ,0) PORT 0: Recv/Dropped : 191/9224
EDGE (0 ,0) PORT 1: Recv/Dropped : 0/83
EDGE (0 ,0) PORT 2: Recv/Dropped : 0/62
EDGE (0 ,0) PORT 3: Recv/Dropped : 0/62
EDGE (0 ,0) PORT 4: Recv/Dropped : 0/1446
EDGE (0 ,0) PORT 5: Recv/Dropped : 0/1587
EDGE (0 ,0) PORT 6: Recv/Dropped : 0/1461
EDGE (0 ,0) PORT 7: Recv/Dropped : 0/1422
EDGE (0 ,1) PORT 0: Recv/Dropped : 0/73
EDGE (0 ,1) PORT 1: Recv/Dropped : 0/62
EDGE (0 ,1) PORT 2: Recv/Dropped : 0/66
EDGE (0 ,1) PORT 3: Recv/Dropped : 0/62
EDGE (0 ,1) PORT 4: Recv/Dropped : 0/89
EDGE (0 ,1) PORT 5: Recv/Dropped : 0/113
EDGE (0 ,1) PORT 6: Recv/Dropped : 0/89
EDGE (0 ,1) PORT 7: Recv/Dropped : 0/99
EDGE (0 ,2) PORT 0: Recv/Dropped : 0/64
EDGE (0 ,2) PORT 1: Recv/Dropped : 0/65
EDGE (0 ,2) PORT 2: Recv/Dropped : 0/65
EDGE (0 ,2) PORT 3: Recv/Dropped : 0/64
EDGE (0 ,2) PORT 4: Recv/Dropped : 0/119
EDGE (0 ,2) PORT 5: Recv/Dropped : 0/99
EDGE (0 ,2) PORT 6: Recv/Dropped : 0/103
EDGE (0 ,2) PORT 7: Recv/Dropped : 0/74
EDGE (0 ,3) PORT 0: Recv/Dropped : 0/65
EDGE (0 ,3) PORT 1: Recv/Dropped : 0/64
EDGE (0 ,3) PORT 2: Recv/Dropped : 0/64
EDGE (0 ,3) PORT 3: Recv/Dropped : 0/62
EDGE (0 ,3) PORT 4: Recv/Dropped : 0/99
EDGE (0 ,3) PORT 5: Recv/Dropped : 0/105
EDGE (0 ,3) PORT 6: Recv/Dropped : 0/103
EDGE (0 ,3) PORT 7: Recv/Dropped : 0/85
EDGE (1 ,0) PORT 0: Recv/Dropped : 0/70
EDGE (1 ,0) PORT 1: Recv/Dropped : 0/65
EDGE (1 ,0) PORT 2: Recv/Dropped : 0/64
EDGE (1 ,0) PORT 3: Recv/Dropped : 0/66
EDGE (1 ,0) PORT 4: Recv/Dropped : 0/115
EDGE (1 ,0) PORT 5: Recv/Dropped : 0/96
EDGE (1 ,0) PORT 6: Recv/Dropped : 0/83
EDGE (1 ,0) PORT 7: Recv/Dropped : 0/100
EDGE (1 ,1) PORT 0: Recv/Dropped : 0/66
EDGE (1 ,1) PORT 1: Recv/Dropped : 0/65
EDGE (1 ,1) PORT 2: Recv/Dropped : 0/64
EDGE (1 ,1) PORT 3: Recv/Dropped : 0/65
EDGE (1 ,1) PORT 4: Recv/Dropped : 0/106
EDGE (1 ,1) PORT 5: Recv/Dropped : 0/99
EDGE (1 ,1) PORT 6: Recv/Dropped : 0/98
EDGE (1 ,1) PORT 7: Recv/Dropped : 0/87
EDGE (1 ,2) PORT 0: Recv/Dropped : 0/63
EDGE (1 ,2) PORT 1: Recv/Dropped : 0/65
EDGE (1 ,2) PORT 2: Recv/Dropped : 0/62
EDGE (1 ,2) PORT 3: Recv/Dropped : 0/63
EDGE (1 ,2) PORT 4: Recv/Dropped : 0/109
EDGE (1 ,2) PORT 5: Recv/Dropped : 0/91
EDGE (1 ,2) PORT 6: Recv/Dropped : 0/113
EDGE (1 ,2) PORT 7: Recv/Dropped : 0/80
EDGE (1 ,3) PORT 0: Recv/Dropped : 0/65
EDGE (1 ,3) PORT 1: Recv/Dropped : 0/63
EDGE (1 ,3) PORT 2: Recv/Dropped : 0/62
EDGE (1 ,3) PORT 3: Recv/Dropped : 0/64
EDGE (1 ,3) PORT 4: Recv/Dropped : 0/106
EDGE (1 ,3) PORT 5: Recv/Dropped : 0/91
EDGE (1 ,3) PORT 6: Recv/Dropped : 0/122
EDGE (1 ,3) PORT 7: Recv/Dropped : 0/69
EDGE (2 ,0) PORT 0: Recv/Dropped : 0/66
EDGE (2 ,0) PORT 1: Recv/Dropped : 0/64
EDGE (2 ,0) PORT 2: Recv/Dropped : 0/64
EDGE (2 ,0) PORT 3: Recv/Dropped : 0/62
EDGE (2 ,0) PORT 4: Recv/Dropped : 0/84
EDGE (2 ,0) PORT 5: Recv/Dropped : 0/112
EDGE (2 ,0) PORT 6: Recv/Dropped : 0/100
EDGE (2 ,0) PORT 7: Recv/Dropped : 0/91
EDGE (2 ,1) PORT 0: Recv/Dropped : 0/63
EDGE (2 ,1) PORT 1: Recv/Dropped : 0/65
EDGE (2 ,1) PORT 2: Recv/Dropped : 0/64
EDGE (2 ,1) PORT 3: Recv/Dropped : 0/64
EDGE (2 ,1) PORT 4: Recv/Dropped : 0/99
EDGE (2 ,1) PORT 5: Recv/Dropped : 0/115
EDGE (2 ,1) PORT 6: Recv/Dropped : 0/86
EDGE (2 ,1) PORT 7: Recv/Dropped : 0/92
EDGE (2 ,2) PORT 0: Recv/Dropped : 0/65
EDGE (2 ,2) PORT 1: Recv/Dropped : 0/64
EDGE (2 ,2) PORT 2: Recv/Dropped : 0/64
EDGE (2 ,2) PORT 3: Recv/Dropped : 0/62
EDGE (2 ,2) PORT 4: Recv/Dropped : 0/87
EDGE (2 ,2) PORT 5: Recv/Dropped : 0/97
EDGE (2 ,2) PORT 6: Recv/Dropped : 0/97
EDGE (2 ,2) PORT 7: Recv/Dropped : 0/109
EDGE (2 ,3) PORT 0: Recv/Dropped : 0/65
EDGE (2 ,3) PORT 1: Recv/Dropped : 0/2
EDGE (2 ,3) PORT 2: Recv/Dropped : 0/63
EDGE (2 ,3) PORT 3: Recv/Dropped : 0/4
EDGE (2 ,3) PORT 4: Recv/Dropped : 0/34
EDGE (2 ,3) PORT 5: Recv/Dropped : 0/52
EDGE (2 ,3) PORT 6: Recv/Dropped : 0/51
EDGE (2 ,3) PORT 7: Recv/Dropped : 0/67
EDGE (3 ,0) PORT 0: Recv/Dropped : 0/63
EDGE (3 ,0) PORT 1: Recv/Dropped : 0/64
EDGE (3 ,0) PORT 2: Recv/Dropped : 0/63
EDGE (3 ,0) PORT 3: Recv/Dropped : 0/63
EDGE (3 ,0) PORT 4: Recv/Dropped : 0/85
EDGE (3 ,0) PORT 5: Recv/Dropped : 0/106
EDGE (3 ,0) PORT 6: Recv/Dropped : 0/89
EDGE (3 ,0) PORT 7: Recv/Dropped : 0/113
EDGE (3 ,1) PORT 0: Recv/Dropped : 0/62
EDGE (3 ,1) PORT 1: Recv/Dropped : 0/64
EDGE (3 ,1) PORT 2: Recv/Dropped : 0/62
EDGE (3 ,1) PORT 3: Recv/Dropped : 0/2
EDGE (3 ,1) PORT 4: Recv/Dropped : 0/79
EDGE (3 ,1) PORT 5: Recv/Dropped : 0/77
EDGE (3 ,1) PORT 6: Recv/Dropped : 0/79
EDGE (3 ,1) PORT 7: Recv/Dropped : 0/61
EDGE (3 ,2) PORT 0: Recv/Dropped : 0/65
EDGE (3 ,2) PORT 1: Recv/Dropped : 0/2
EDGE (3 ,2) PORT 2: Recv/Dropped : 0/64
EDGE (3 ,2) PORT 3: Recv/Dropped : 0/2
EDGE (3 ,2) PORT 4: Recv/Dropped : 0/52
EDGE (3 ,2) PORT 5: Recv/Dropped : 0/57
EDGE (3 ,2) PORT 6: Recv/Dropped : 0/50
EDGE (3 ,2) PORT 7: Recv/Dropped : 0/43
EDGE (3 ,3) PORT 0: Recv/Dropped : 0/2
EDGE (3 ,3) PORT 1: Recv/Dropped : 0/64
EDGE (3 ,3) PORT 2: Recv/Dropped : 0/2
EDGE (3 ,3) PORT 3: Recv/Dropped : 0/2
EDGE (3 ,3) PORT 4: Recv/Dropped : 0/30
EDGE (3 ,3) PORT 5: Recv/Dropped : 0/28
EDGE (3 ,3) PORT 6: Recv/Dropped : 0/30
EDGE (3 ,3) PORT 7: Recv/Dropped : 0/21
EDGE (4 ,0) PORT 0: Recv/Dropped : 0/63
EDGE (4 ,0) PORT 1: Recv/Dropped : 0/66
EDGE (4 ,0) PORT 2: Recv/Dropped : 0/2
EDGE (4 ,0) PORT 3: Recv/Dropped : 0/63
EDGE (4 ,0) PORT 4: Recv/Dropped : 0/52
EDGE (4 ,0) PORT 5: Recv/Dropped : 0/73
EDGE (4 ,0) PORT 6: Recv/Dropped : 0/100
EDGE (4 ,0) PORT 7: Recv/Dropped : 0/76
EDGE (4 ,1) PORT 0: Recv/Dropped : 0/64
EDGE (4 ,1) PORT 1: Recv/Dropped : 0/63
EDGE (4 ,1) PORT 2: Recv/Dropped : 0/64
EDGE (4 ,1) PORT 3: Recv/Dropped : 0/63
EDGE (4 ,1) PORT 4: Recv/Dropped : 0/108
EDGE (4 ,1) PORT 5: Recv/Dropped : 0/96
EDGE (4 ,1) PORT 6: Recv/Dropped : 0/77
EDGE (4 ,1) PORT 7: Recv/Dropped : 0/114
EDGE (4 ,2) PORT 0: Recv/Dropped : 0/2
EDGE (4 ,2) PORT 1: Recv/Dropped : 0/2
EDGE (4 ,2) PORT 2: Recv/Dropped : 0/2
EDGE (4 ,2) PORT 3: Recv/Dropped : 0/2
EDGE (4 ,2) PORT 4: Recv/Dropped : 0/3
EDGE (4 ,2) PORT 5: Recv/Dropped : 0/7
EDGE (4 ,2) PORT 6: Recv/Dropped : 0/2
EDGE (4 ,2) PORT 7: Recv/Dropped : 0/4
EDGE (4 ,3) PORT 0: Recv/Dropped : 0/2
EDGE (4 ,3) PORT 1: Recv/Dropped : 0/63
EDGE (4 ,3) PORT 2: Recv/Dropped : 0/2
EDGE (4 ,3) PORT 3: Recv/Dropped : 0/62
EDGE (4 ,3) PORT 4: Recv/Dropped : 0/38
EDGE (4 ,3) PORT 5: Recv/Dropped : 0/55
EDGE (4 ,3) PORT 6: Recv/Dropped : 0/55
EDGE (4 ,3) PORT 7: Recv/Dropped : 0/56
EDGE (5 ,0) PORT 0: Recv/Dropped : 0/63
EDGE (5 ,0) PORT 1: Recv/Dropped : 0/64
EDGE (5 ,0) PORT 2: Recv/Dropped : 0/63
EDGE (5 ,0) PORT 3: Recv/Dropped : 0/63
EDGE (5 ,0) PORT 4: Recv/Dropped : 0/103
EDGE (5 ,0) PORT 5: Recv/Dropped : 0/98
EDGE (5 ,0) PORT 6: Recv/Dropped : 0/94
EDGE (5 ,0) PORT 7: Recv/Dropped : 0/98
EDGE (5 ,1) PORT 0: Recv/Dropped : 0/63
EDGE (5 ,1) PORT 1: Recv/Dropped : 0/63
EDGE (5 ,1) PORT 2: Recv/Dropped : 0/3
EDGE (5 ,1) PORT 3: Recv/Dropped : 0/2
EDGE (5 ,1) PORT 4: Recv/Dropped : 0/57
EDGE (5 ,1) PORT 5: Recv/Dropped : 0/40
EDGE (5 ,1) PORT 6: Recv/Dropped : 0/54
EDGE (5 ,1) PORT 7: Recv/Dropped : 0/55
EDGE (5 ,2) PORT 0: Recv/Dropped : 0/2
EDGE (5 ,2) PORT 1: Recv/Dropped : 0/4
EDGE (5 ,2) PORT 2: Recv/Dropped : 0/2
EDGE (5 ,2) PORT 3: Recv/Dropped : 0/62
EDGE (5 ,2) PORT 4: Recv/Dropped : 0/27
EDGE (5 ,2) PORT 5: Recv/Dropped : 0/36
EDGE (5 ,2) PORT 6: Recv/Dropped : 0/20
EDGE (5 ,2) PORT 7: Recv/Dropped : 0/26
EDGE (5 ,3) PORT 0: Recv/Dropped : 0/63
EDGE (5 ,3) PORT 1: Recv/Dropped : 0/2
EDGE (5 ,3) PORT 2: Recv/Dropped : 0/62
EDGE (5 ,3) PORT 3: Recv/Dropped : 0/63
EDGE (5 ,3) PORT 4: Recv/Dropped : 0/50
EDGE (5 ,3) PORT 5: Recv/Dropped : 0/81
EDGE (5 ,3) PORT 6: Recv/Dropped : 0/84
EDGE (5 ,3) PORT 7: Recv/Dropped : 0/84
EDGE (6 ,0) PORT 0: Recv/Dropped : 0/62
EDGE (6 ,0) PORT 1: Recv/Dropped : 0/2
EDGE (6 ,0) PORT 2: Recv/Dropped : 0/63
EDGE (6 ,0) PORT 3: Recv/Dropped : 0/2
EDGE (6 ,0) PORT 4: Recv/Dropped : 0/31
EDGE (6 ,0) PORT 5: Recv/Dropped : 0/50
EDGE (6 ,0) PORT 6: Recv/Dropped : 0/42
EDGE (6 ,0) PORT 7: Recv/Dropped : 0/80
EDGE (6 ,1) PORT 0: Recv/Dropped : 0/62
EDGE (6 ,1) PORT 1: Recv/Dropped : 0/2
EDGE (6 ,1) PORT 2: Recv/Dropped : 0/2
EDGE (6 ,1) PORT 3: Recv/Dropped : 0/62
EDGE (6 ,1) PORT 4: Recv/Dropped : 0/52
EDGE (6 ,1) PORT 5: Recv/Dropped : 0/45
EDGE (6 ,1) PORT 6: Recv/Dropped : 0/39
EDGE (6 ,1) PORT 7: Recv/Dropped : 0/65
EDGE (6 ,2) PORT 0: Recv/Dropped : 0/63
EDGE (6 ,2) PORT 1: Recv/Dropped : 0/2
EDGE (6 ,2) PORT 2: Recv/Dropped : 0/62
EDGE (6 ,2) PORT 3: Recv/Dropped : 0/62
EDGE (6 ,2) PORT 4: Recv/Dropped : 0/87
EDGE (6 ,2) PORT 5: Recv/Dropped : 0/67
EDGE (6 ,2) PORT 6: Recv/Dropped : 0/72
EDGE (6 ,2) PORT 7: Recv/Dropped : 0/71
EDGE (6 ,3) PORT 0: Recv/Dropped : 0/2
EDGE (6 ,3) PORT 1: Recv/Dropped : 0/62
EDGE (6 ,3) PORT 2: Recv/Dropped : 0/62
EDGE (6 ,3) PORT 3: Recv/Dropped : 0/62
EDGE (6 ,3) PORT 4: Recv/Dropped : 0/79
EDGE (6 ,3) PORT 5: Recv/Dropped : 0/62
EDGE (6 ,3) PORT 6: Recv/Dropped : 0/69
EDGE (6 ,3) PORT 7: Recv/Dropped : 0/85
EDGE (7 ,0) PORT 0: Recv/Dropped : 0/63
EDGE (7 ,0) PORT 1: Recv/Dropped : 0/4
EDGE (7 ,0) PORT 2: Recv/Dropped : 0/2
EDGE (7 ,0) PORT 3: Recv/Dropped : 0/63
EDGE (7 ,0) PORT 4: Recv/Dropped : 0/45
EDGE (7 ,0) PORT 5: Recv/Dropped : 0/50
EDGE (7 ,0) PORT 6: Recv/Dropped : 0/46
EDGE (7 ,0) PORT 7: Recv/Dropped : 0/65
EDGE (7 ,1) PORT 0: Recv/Dropped : 0/4
EDGE (7 ,1) PORT 1: Recv/Dropped : 0/2
EDGE (7 ,1) PORT 2: Recv/Dropped : 0/62
EDGE (7 ,1) PORT 3: Recv/Dropped : 0/62
EDGE (7 ,1) PORT 4: Recv/Dropped : 0/51
EDGE (7 ,1) PORT 5: Recv/Dropped : 0/47
EDGE (7 ,1) PORT 6: Recv/Dropped : 0/56
EDGE (7 ,1) PORT 7: Recv/Dropped : 0/48
EDGE (7 ,2) PORT 0: Recv/Dropped : 0/2
EDGE (7 ,2) PORT 1: Recv/Dropped : 0/62
EDGE (7 ,2) PORT 2: Recv/Dropped : 0/62
EDGE (7 ,2) PORT 3: Recv/Dropped : 0/62
EDGE (7 ,2) PORT 4: Recv/Dropped : 0/61
EDGE (7 ,2) PORT 5: Recv/Dropped : 0/86
EDGE (7 ,2) PORT 6: Recv/Dropped : 0/65
EDGE (7 ,2) PORT 7: Recv/Dropped : 0/83
EDGE (7 ,3) PORT 0: Recv/Dropped : 0/62
EDGE (7 ,3) PORT 1: Recv/Dropped : 0/62
EDGE (7 ,3) PORT 2: Recv/Dropped : 0/62
EDGE (7 ,3) PORT 3: Recv/Dropped : 0/62
EDGE (7 ,3) PORT 4: Recv/Dropped : 0/118
EDGE (7 ,3) PORT 5: Recv/Dropped : 0/105
EDGE (7 ,3) PORT 6: Recv/Dropped : 0/71
EDGE (7 ,3) PORT 7: Recv/Dropped : 0/94
 -- AGG QUEUE STATISTICS --
AGG (0 ,0) PORT 0: Recv/Dropped : 0/2255
AGG (0 ,0) PORT 1: Recv/Dropped : 0/2336
AGG (0 ,0) PORT 2: Recv/Dropped : 0/2239
AGG (0 ,0) PORT 3: Recv/Dropped : 0/2295
AGG (0 ,0) PORT 4: Recv/Dropped : 0/346
AGG (0 ,0) PORT 5: Recv/Dropped : 0/300
AGG (0 ,0) PORT 6: Recv/Dropped : 0/301
AGG (0 ,0) PORT 7: Recv/Dropped : 0/302
AGG (0 ,1) PORT 0: Recv/Dropped : 0/63
AGG (0 ,1) PORT 1: Recv/Dropped : 0/73
AGG (0 ,1) PORT 2: Recv/Dropped : 0/61
AGG (0 ,1) PORT 3: Recv/Dropped : 0/66
AGG (0 ,1) PORT 4: Recv/Dropped : 0/342
AGG (0 ,1) PORT 5: Recv/Dropped : 0/338
AGG (0 ,1) PORT 6: Recv/Dropped : 0/333
AGG (0 ,1) PORT 7: Recv/Dropped : 0/356
AGG (0 ,2) PORT 0: Recv/Dropped : 0/57
AGG (0 ,2) PORT 1: Recv/Dropped : 0/84
AGG (0 ,2) PORT 2: Recv/Dropped : 0/57
AGG (0 ,2) PORT 3: Recv/Dropped : 0/60
AGG (0 ,2) PORT 4: Recv/Dropped : 0/310
AGG (0 ,2) PORT 5: Recv/Dropped : 0/294
AGG (0 ,2) PORT 6: Recv/Dropped : 0/368
AGG (0 ,2) PORT 7: Recv/Dropped : 0/319
AGG (0 ,3) PORT 0: Recv/Dropped : 0/77
AGG (0 ,3) PORT 1: Recv/Dropped : 0/61
AGG (0 ,3) PORT 2: Recv/Dropped : 0/52
AGG (0 ,3) PORT 3: Recv/Dropped : 0/65
AGG (0 ,3) PORT 4: Recv/Dropped : 0/309
AGG (0 ,3) PORT 5: Recv/Dropped : 0/322
AGG (0 ,3) PORT 6: Recv/Dropped : 0/300
AGG (0 ,3) PORT 7: Recv/Dropped : 0/300
AGG (1 ,0) PORT 0: Recv/Dropped : 0/58
AGG (1 ,0) PORT 1: Recv/Dropped : 0/58
AGG (1 ,0) PORT 2: Recv/Dropped : 0/82
AGG (1 ,0) PORT 3: Recv/Dropped : 0/67
AGG (1 ,0) PORT 4: Recv/Dropped : 0/94
AGG (1 ,0) PORT 5: Recv/Dropped : 0/99
AGG (1 ,0) PORT 6: Recv/Dropped : 0/108
AGG (1 ,0) PORT 7: Recv/Dropped : 0/135
AGG (1 ,1) PORT 0: Recv/Dropped : 0/59
AGG (1 ,1) PORT 1: Recv/Dropped : 0/78
AGG (1 ,1) PORT 2: Recv/Dropped : 0/59
AGG (1 ,1) PORT 3: Recv/Dropped : 0/64
AGG (1 ,1) PORT 4: Recv/Dropped : 0/73
AGG (1 ,1) PORT 5: Recv/Dropped : 0/78
AGG (1 ,1) PORT 6: Recv/Dropped : 0/125
AGG (1 ,1) PORT 7: Recv/Dropped : 0/101
AGG (1 ,2) PORT 0: Recv/Dropped : 0/58
AGG (1 ,2) PORT 1: Recv/Dropped : 0/60
AGG (1 ,2) PORT 2: Recv/Dropped : 0/61
AGG (1 ,2) PORT 3: Recv/Dropped : 0/74
AGG (1 ,2) PORT 4: Recv/Dropped : 0/118
AGG (1 ,2) PORT 5: Recv/Dropped : 0/103
AGG (1 ,2) PORT 6: Recv/Dropped : 0/97
AGG (1 ,2) PORT 7: Recv/Dropped : 0/98
AGG (1 ,3) PORT 0: Recv/Dropped : 0/65
AGG (1 ,3) PORT 1: Recv/Dropped : 0/71
AGG (1 ,3) PORT 2: Recv/Dropped : 0/56
AGG (1 ,3) PORT 3: Recv/Dropped : 0/62
AGG (1 ,3) PORT 4: Recv/Dropped : 0/84
AGG (1 ,3) PORT 5: Recv/Dropped : 0/89
AGG (1 ,3) PORT 6: Recv/Dropped : 0/79
AGG (1 ,3) PORT 7: Recv/Dropped : 0/84
AGG (2 ,0) PORT 0: Recv/Dropped : 0/59
AGG (2 ,0) PORT 1: Recv/Dropped : 0/73
AGG (2 ,0) PORT 2: Recv/Dropped : 0/66
AGG (2 ,0) PORT 3: Recv/Dropped : 0/58
AGG (2 ,0) PORT 4: Recv/Dropped : 0/89
AGG (2 ,0) PORT 5: Recv/Dropped : 0/76
AGG (2 ,0) PORT 6: Recv/Dropped : 0/74
AGG (2 ,0) PORT 7: Recv/Dropped : 0/65
AGG (2 ,1) PORT 0: Recv/Dropped : 0/71
AGG (2 ,1) PORT 1: Recv/Dropped : 0/68
AGG (2 ,1) PORT 2: Recv/Dropped : 0/56
AGG (2 ,1) PORT 3: Recv/Dropped : 0/61
AGG (2 ,1) PORT 4: Recv/Dropped : 0/101
AGG (2 ,1) PORT 5: Recv/Dropped : 0/90
AGG (2 ,1) PORT 6: Recv/Dropped : 0/88
AGG (2 ,1) PORT 7: Recv/Dropped : 0/97
AGG (2 ,2) PORT 0: Recv/Dropped : 0/63
AGG (2 ,2) PORT 1: Recv/Dropped : 0/90
AGG (2 ,2) PORT 2: Recv/Dropped : 0/50
AGG (2 ,2) PORT 3: Recv/Dropped : 0/52
AGG (2 ,2) PORT 4: Recv/Dropped : 0/72
AGG (2 ,2) PORT 5: Recv/Dropped : 0/100
AGG (2 ,2) PORT 6: Recv/Dropped : 0/75
AGG (2 ,2) PORT 7: Recv/Dropped : 0/87
AGG (2 ,3) PORT 0: Recv/Dropped : 0/36
AGG (2 ,3) PORT 1: Recv/Dropped : 0/28
AGG (2 ,3) PORT 2: Recv/Dropped : 0/37
AGG (2 ,3) PORT 3: Recv/Dropped : 0/33
AGG (2 ,3) PORT 4: Recv/Dropped : 0/86
AGG (2 ,3) PORT 5: Recv/Dropped : 0/89
AGG (2 ,3) PORT 6: Recv/Dropped : 0/90
AGG (2 ,3) PORT 7: Recv/Dropped : 0/94
AGG (3 ,0) PORT 0: Recv/Dropped : 0/62
AGG (3 ,0) PORT 1: Recv/Dropped : 0/69
AGG (3 ,0) PORT 2: Recv/Dropped : 0/52
AGG (3 ,0) PORT 3: Recv/Dropped : 0/70
AGG (3 ,0) PORT 4: Recv/Dropped : 0/52
AGG (3 ,0) PORT 5: Recv/Dropped : 0/62
AGG (3 ,0) PORT 6: Recv/Dropped : 0/75
AGG (3 ,0) PORT 7: Recv/Dropped : 0/57
AGG (3 ,1) PORT 0: Recv/Dropped : 0/46
AGG (3 ,1) PORT 1: Recv/Dropped : 0/59
AGG (3 ,1) PORT 2: Recv/Dropped : 0/46
AGG (3 ,1) PORT 3: Recv/Dropped : 0/39
AGG (3 ,1) PORT 4: Recv/Dropped : 0/82
AGG (3 ,1) PORT 5: Recv/Dropped : 0/71
AGG (3 ,1) PORT 6: Recv/Dropped : 0/56
AGG (3 ,1) PORT 7: Recv/Dropped : 0/59
AGG (3 ,2) PORT 0: Recv/Dropped : 0/33
AGG (3 ,2) PORT 1: Recv/Dropped : 0/41
AGG (3 ,2) PORT 2: Recv/Dropped : 0/36
AGG (3 ,2) PORT 3: Recv/Dropped : 0/23
AGG (3 ,2) PORT 4: Recv/Dropped : 0/57
AGG (3 ,2) PORT 5: Recv/Dropped : 0/58
AGG (3 ,2) PORT 6: Recv/Dropped : 0/74
AGG (3 ,2) PORT 7: Recv/Dropped : 0/59
AGG (3 ,3) PORT 0: Recv/Dropped : 0/17
AGG (3 ,3) PORT 1: Recv/Dropped : 0/20
AGG (3 ,3) PORT 2: Recv/Dropped : 0/18
AGG (3 ,3) PORT 3: Recv/Dropped : 0/15
AGG (3 ,3) PORT 4: Recv/Dropped : 0/61
AGG (3 ,3) PORT 5: Recv/Dropped : 0/61
AGG (3 ,3) PORT 6: Recv/Dropped : 0/54
AGG (3 ,3) PORT 7: Recv/Dropped : 0/62
AGG (4 ,0) PORT 0: Recv/Dropped : 0/47
AGG (4 ,0) PORT 1: Recv/Dropped : 0/54
AGG (4 ,0) PORT 2: Recv/Dropped : 0/53
AGG (4 ,0) PORT 3: Recv/Dropped : 0/40
AGG (4 ,0) PORT 4: Recv/Dropped : 0/32
AGG (4 ,0) PORT 5: Recv/Dropped : 0/51
AGG (4 ,0) PORT 6: Recv/Dropped : 0/50
AGG (4 ,0) PORT 7: Recv/Dropped : 0/68
AGG (4 ,1) PORT 0: Recv/Dropped : 0/79
AGG (4 ,1) PORT 1: Recv/Dropped : 0/63
AGG (4 ,1) PORT 2: Recv/Dropped : 0/56
AGG (4 ,1) PORT 3: Recv/Dropped : 0/56
AGG (4 ,1) PORT 4: Recv/Dropped : 0/51
AGG (4 ,1) PORT 5: Recv/Dropped : 0/54
AGG (4 ,1) PORT 6: Recv/Dropped : 0/56
AGG (4 ,1) PORT 7: Recv/Dropped : 0/70
AGG (4 ,2) PORT 0: Recv/Dropped : 0/2
AGG (4 ,2) PORT 1: Recv/Dropped : 0/1
AGG (4 ,2) PORT 2: Recv/Dropped : 0/2
AGG (4 ,2) PORT 3: Recv/Dropped : 0/3
AGG (4 ,2) PORT 4: Recv/Dropped : 0/47
AGG (4 ,2) PORT 5: Recv/Dropped : 0/59
AGG (4 ,2) PORT 6: Recv/Dropped : 0/55
AGG (4 ,2) PORT 7: Recv/Dropped : 0/73
AGG (4 ,3) PORT 0: Recv/Dropped : 0/20
AGG (4 ,3) PORT 1: Recv/Dropped : 0/42
AGG (4 ,3) PORT 2: Recv/Dropped : 0/32
AGG (4 ,3) PORT 3: Recv/Dropped : 0/35
AGG (4 ,3) PORT 4: Recv/Dropped : 0/57
AGG (4 ,3) PORT 5: Recv/Dropped : 0/57
AGG (4 ,3) PORT 6: Recv/Dropped : 0/54
AGG (4 ,3) PORT 7: Recv/Dropped : 0/82
AGG (5 ,0) PORT 0: Recv/Dropped : 0/78
AGG (5 ,0) PORT 1: Recv/Dropped : 0/56
AGG (5 ,0) PORT 2: Recv/Dropped : 0/67
AGG (5 ,0) PORT 3: Recv/Dropped : 0/52
AGG (5 ,0) PORT 4: Recv/Dropped : 0/59
AGG (5 ,0) PORT 5: Recv/Dropped : 0/52
AGG (5 ,0) PORT 6: Recv/Dropped : 0/67
AGG (5 ,0) PORT 7: Recv/Dropped : 0/59
AGG (5 ,1) PORT 0: Recv/Dropped : 0/28
AGG (5 ,1) PORT 1: Recv/Dropped : 0/39
AGG (5 ,1) PORT 2: Recv/Dropped : 0/35
AGG (5 ,1) PORT 3: Recv/Dropped : 0/29
AGG (5 ,1) PORT 4: Recv/Dropped : 0/71
AGG (5 ,1) PORT 5: Recv/Dropped : 0/68
AGG (5 ,1) PORT 6: Recv/Dropped : 0/56
AGG (5 ,1) PORT 7: Recv/Dropped : 0/60
AGG (5 ,2) PORT 0: Recv/Dropped : 0/15
AGG (5 ,2) PORT 1: Recv/Dropped : 0/19
AGG (5 ,2) PORT 2: Recv/Dropped : 0/15
AGG (5 ,2) PORT 3: Recv/Dropped : 0/21
AGG (5 ,2) PORT 4: Recv/Dropped : 0/57
AGG (5 ,2) PORT 5: Recv/Dropped : 0/58
AGG (5 ,2) PORT 6: Recv/Dropped : 0/82
AGG (5 ,2) PORT 7: Recv/Dropped : 0/55
AGG (5 ,3) PORT 0: Recv/Dropped : 0/52
AGG (5 ,3) PORT 1: Recv/Dropped : 0/56
AGG (5 ,3) PORT 2: Recv/Dropped : 0/48
AGG (5 ,3) PORT 3: Recv/Dropped : 0/34
AGG (5 ,3) PORT 4: Recv/Dropped : 0/54
AGG (5 ,3) PORT 5: Recv/Dropped : 0/71
AGG (5 ,3) PORT 6: Recv/Dropped : 0/75
AGG (5 ,3) PORT 7: Recv/Dropped : 0/63
AGG (6 ,0) PORT 0: Recv/Dropped : 0/34
AGG (6 ,0) PORT 1: Recv/Dropped : 0/21
AGG (6 ,0) PORT 2: Recv/Dropped : 0/43
AGG (6 ,0) PORT 3: Recv/Dropped : 0/31
AGG (6 ,0) PORT 4: Recv/Dropped : 0/40
AGG (6 ,0) PORT 5: Recv/Dropped : 0/69
AGG (6 ,0) PORT 6: Recv/Dropped : 0/75
AGG (6 ,0) PORT 7: Recv/Dropped : 0/65
AGG (6 ,1) PORT 0: Recv/Dropped : 0/24
AGG (6 ,1) PORT 1: Recv/Dropped : 0/40
AGG (6 ,1) PORT 2: Recv/Dropped : 0/27
AGG (6 ,1) PORT 3: Recv/Dropped : 0/37
AGG (6 ,1) PORT 4: Recv/Dropped : 0/47
AGG (6 ,1) PORT 5: Recv/Dropped : 0/55
AGG (6 ,1) PORT 6: Recv/Dropped : 0/74
AGG (6 ,1) PORT 7: Recv/Dropped : 0/48
AGG (6 ,2) PORT 0: Recv/Dropped : 0/40
AGG (6 ,2) PORT 1: Recv/Dropped : 0/42
AGG (6 ,2) PORT 2: Recv/Dropped : 0/62
AGG (6 ,2) PORT 3: Recv/Dropped : 0/45
AGG (6 ,2) PORT 4: Recv/Dropped : 0/63
AGG (6 ,2) PORT 5: Recv/Dropped : 0/49
AGG (6 ,2) PORT 6: Recv/Dropped : 0/57
AGG (6 ,2) PORT 7: Recv/Dropped : 0/53
AGG (6 ,3) PORT 0: Recv/Dropped : 0/42
AGG (6 ,3) PORT 1: Recv/Dropped : 0/51
AGG (6 ,3) PORT 2: Recv/Dropped : 0/52
AGG (6 ,3) PORT 3: Recv/Dropped : 0/43
AGG (6 ,3) PORT 4: Recv/Dropped : 0/45
AGG (6 ,3) PORT 5: Recv/Dropped : 0/74
AGG (6 ,3) PORT 6: Recv/Dropped : 0/85
AGG (6 ,3) PORT 7: Recv/Dropped : 0/97
AGG (7 ,0) PORT 0: Recv/Dropped : 0/28
AGG (7 ,0) PORT 1: Recv/Dropped : 0/25
AGG (7 ,0) PORT 2: Recv/Dropped : 0/37
AGG (7 ,0) PORT 3: Recv/Dropped : 0/42
AGG (7 ,0) PORT 4: Recv/Dropped : 0/77
AGG (7 ,0) PORT 5: Recv/Dropped : 0/65
AGG (7 ,0) PORT 6: Recv/Dropped : 0/61
AGG (7 ,0) PORT 7: Recv/Dropped : 0/72
AGG (7 ,1) PORT 0: Recv/Dropped : 0/24
AGG (7 ,1) PORT 1: Recv/Dropped : 0/38
AGG (7 ,1) PORT 2: Recv/Dropped : 0/34
AGG (7 ,1) PORT 3: Recv/Dropped : 0/34
AGG (7 ,1) PORT 4: Recv/Dropped : 0/72
AGG (7 ,1) PORT 5: Recv/Dropped : 0/68
AGG (7 ,1) PORT 6: Recv/Dropped : 0/77
AGG (7 ,1) PORT 7: Recv/Dropped : 0/71
AGG (7 ,2) PORT 0: Recv/Dropped : 0/43
AGG (7 ,2) PORT 1: Recv/Dropped : 0/50
AGG (7 ,2) PORT 2: Recv/Dropped : 0/45
AGG (7 ,2) PORT 3: Recv/Dropped : 0/50
AGG (7 ,2) PORT 4: Recv/Dropped : 0/48
AGG (7 ,2) PORT 5: Recv/Dropped : 0/49
AGG (7 ,2) PORT 6: Recv/Dropped : 0/62
AGG (7 ,2) PORT 7: Recv/Dropped : 0/79
AGG (7 ,3) PORT 0: Recv/Dropped : 0/66
AGG (7 ,3) PORT 1: Recv/Dropped : 0/57
AGG (7 ,3) PORT 2: Recv/Dropped : 0/64
AGG (7 ,3) PORT 3: Recv/Dropped : 0/61
AGG (7 ,3) PORT 4: Recv/Dropped : 0/85
AGG (7 ,3) PORT 5: Recv/Dropped : 0/66
AGG (7 ,3) PORT 6: Recv/Dropped : 0/63
AGG (7 ,3) PORT 7: Recv/Dropped : 0/76


TOTAL RECEIVED PACKETS = 58517
TOTAL DROPPED PACKETS = 191