QUEUE STATISTICS FOR EXPERIMENT 9097
---------------------------
 -- EDGE QUEUE STATISTICS --
EDGE (0 ,0) PORT 0: Recv/Dropped : 185/8682
EDGE (0 ,0) PORT 1: Recv/Dropped : 0/84
EDGE (0 ,0) PORT 2: Recv/Dropped : 0/67
EDGE (0 ,0) PORT 3: Recv/Dropped : 0/71
EDGE (0 ,0) PORT 4: Recv/Dropped : 0/1425
EDGE (0 ,0) PORT 5: Recv/Dropped : 0/1513
EDGE (0 ,0) PORT 6: Recv/Dropped : 0/1411
EDGE (0 ,0) PORT 7: Recv/Dropped : 0/1394
EDGE (0 ,1) PORT 0: Recv/Dropped : 0/82
EDGE (0 ,1) PORT 1: Recv/Dropped : 0/64
EDGE (0 ,1) PORT 2: Recv/Dropped : 0/67
EDGE (0 ,1) PORT 3: Recv/Dropped : 0/2
EDGE (0 ,1) PORT 4: Recv/Dropped : 0/66
EDGE (0 ,1) PORT 5: Recv/Dropped : 0/73
EDGE (0 ,1) PORT 6: Recv/Dropped : 0/76
EDGE (0 ,1) PORT 7: Recv/Dropped : 0/82
EDGE (0 ,2) PORT 0: Recv/Dropped : 0/70
EDGE (0 ,2) PORT 1: Recv/Dropped : 0/72
EDGE (0 ,2) PORT 2: Recv/Dropped : 0/68
EDGE (0 ,2) PORT 3: Recv/Dropped : 0/76
EDGE (0 ,2) PORT 4: Recv/Dropped : 0/80
EDGE (0 ,2) PORT 5: Recv/Dropped : 0/102
EDGE (0 ,2) PORT 6: Recv/Dropped : 0/99
EDGE (0 ,2) PORT 7: Recv/Dropped : 0/106
EDGE (0 ,3) PORT 0: Recv/Dropped : 0/63
EDGE (0 ,3) PORT 1: Recv/Dropped : 0/64
EDGE (0 ,3) PORT 2: Recv/Dropped : 0/84
EDGE (0 ,3) PORT 3: Recv/Dropped : 0/2
EDGE (0 ,3) PORT 4: Recv/Dropped : 0/77
EDGE (0 ,3) PORT 5: Recv/Dropped : 0/78
EDGE (0 ,3) PORT 6: Recv/Dropped : 0/75
EDGE (0 ,3) PORT 7: Recv/Dropped : 0/68
EDGE (1 ,0) PORT 0: Recv/Dropped : 0/76
EDGE (1 ,0) PORT 1: Recv/Dropped : 0/64
EDGE (1 ,0) PORT 2: Recv/Dropped : 0/69
EDGE (1 ,0) PORT 3: Recv/Dropped : 0/63
EDGE (1 ,0) PORT 4: Recv/Dropped : 0/92
EDGE (1 ,0) PORT 5: Recv/Dropped : 0/110
EDGE (1 ,0) PORT 6: Recv/Dropped : 0/92
EDGE (1 ,0) PORT 7: Recv/Dropped : 0/98
EDGE (1 ,1) PORT 0: Recv/Dropped : 0/63
EDGE (1 ,1) PORT 1: Recv/Dropped : 0/62
EDGE (1 ,1) PORT 2: Recv/Dropped : 0/66
EDGE (1 ,1) PORT 3: Recv/Dropped : 0/3
EDGE (1 ,1) PORT 4: Recv/Dropped : 0/67
EDGE (1 ,1) PORT 5: Recv/Dropped : 0/75
EDGE (1 ,1) PORT 6: Recv/Dropped : 0/80
EDGE (1 ,1) PORT 7: Recv/Dropped : 0/74
EDGE (1 ,2) PORT 0: Recv/Dropped : 0/64
EDGE (1 ,2) PORT 1: Recv/Dropped : 0/64
EDGE (1 ,2) PORT 2: Recv/Dropped : 0/82
EDGE (1 ,2) PORT 3: Recv/Dropped : 0/64
EDGE (1 ,2) PORT 4: Recv/Dropped : 0/98
EDGE (1 ,2) PORT 5: Recv/Dropped : 0/92
EDGE (1 ,2) PORT 6: Recv/Dropped : 0/95
EDGE (1 ,2) PORT 7: Recv/Dropped : 0/105
EDGE (1 ,3) PORT 0: Recv/Dropped : 0/2
EDGE (1 ,3) PORT 1: Recv/Dropped : 0/74
EDGE (1 ,3) PORT 2: Recv/Dropped : 0/3
EDGE (1 ,3) PORT 3: Recv/Dropped : 0/2
EDGE (1 ,3) PORT 4: Recv/Dropped : 0/28
EDGE (1 ,3) PORT 5: Recv/Dropped : 0/24
EDGE (1 ,3) PORT 6: Recv/Dropped : 0/23
EDGE (1 ,3) PORT 7: Recv/Dropped : 0/33
EDGE (2 ,0) PORT 0: Recv/Dropped : 0/66
EDGE (2 ,0) PORT 1: Recv/Dropped : 0/62
EDGE (2 ,0) PORT 2: Recv/Dropped : 0/64
EDGE (2 ,0) PORT 3: Recv/Dropped : 0/2
EDGE (2 ,0) PORT 4: Recv/Dropped : 0/71
EDGE (2 ,0) PORT 5: Recv/Dropped : 0/83
EDGE (2 ,0) PORT 6: Recv/Dropped : 0/70
EDGE (2 ,0) PORT 7: Recv/Dropped : 0/76
EDGE (2 ,1) PORT 0: Recv/Dropped : 0/62
EDGE (2 ,1) PORT 1: Recv/Dropped : 0/63
EDGE (2 ,1) PORT 2: Recv/Dropped : 0/74
EDGE (2 ,1) PORT 3: Recv/Dropped : 0/64
EDGE (2 ,1) PORT 4: Recv/Dropped : 0/87
EDGE (2 ,1) PORT 5: Recv/Dropped : 0/98
EDGE (2 ,1) PORT 6: Recv/Dropped : 0/95
EDGE (2 ,1) PORT 7: Recv/Dropped : 0/111
EDGE (2 ,2) PORT 0: Recv/Dropped : 0/63
EDGE (2 ,2) PORT 1: Recv/Dropped : 0/2
EDGE (2 ,2) PORT 2: Recv/Dropped : 0/2
EDGE (2 ,2) PORT 3: Recv/Dropped : 0/2
EDGE (2 ,2) PORT 4: Recv/Dropped : 0/20
EDGE (2 ,2) PORT 5: Recv/Dropped : 0/26
EDGE (2 ,2) PORT 6: Recv/Dropped : 0/34
EDGE (2 ,2) PORT 7: Recv/Dropped : 0/30
EDGE (2 ,3) PORT 0: Recv/Dropped : 0/2
EDGE (2 ,3) PORT 1: Recv/Dropped : 0/64
EDGE (2 ,3) PORT 2: Recv/Dropped : 0/64
EDGE (2 ,3) PORT 3: Recv/Dropped : 0/3
EDGE (2 ,3) PORT 4: Recv/Dropped : 0/44
EDGE (2 ,3) PORT 5: Recv/Dropped : 0/54
EDGE (2 ,3) PORT 6: Recv/Dropped : 0/41
EDGE (2 ,3) PORT 7: Recv/Dropped : 0/67
EDGE (3 ,0) PORT 0: Recv/Dropped : 0/73
EDGE (3 ,0) PORT 1: Recv/Dropped : 0/64
EDGE (3 ,0) PORT 2: Recv/Dropped : 0/64
EDGE (3 ,0) PORT 3: Recv/Dropped : 0/64
EDGE (3 ,0) PORT 4: Recv/Dropped : 0/102
EDGE (3 ,0) PORT 5: Recv/Dropped : 0/104
EDGE (3 ,0) PORT 6: Recv/Dropped : 0/92
EDGE (3 ,0) PORT 7: Recv/Dropped : 0/99
EDGE (3 ,1) PORT 0: Recv/Dropped : 0/64
EDGE (3 ,1) PORT 1: Recv/Dropped : 0/2
EDGE (3 ,1) PORT 2: Recv/Dropped : 0/2
EDGE (3 ,1) PORT 3: Recv/Dropped : 0/2
EDGE (3 ,1) PORT 4: Recv/Dropped : 0/30
EDGE (3 ,1) PORT 5: Recv/Dropped : 0/28
EDGE (3 ,1) PORT 6: Recv/Dropped : 0/24
EDGE (3 ,1) PORT 7: Recv/Dropped : 0/29
EDGE (3 ,2) PORT 0: Recv/Dropped : 0/2
EDGE (3 ,2) PORT 1: Recv/Dropped : 0/2
EDGE (3 ,2) PORT 2: Recv/Dropped : 0/64
EDGE (3 ,2) PORT 3: Recv/Dropped : 0/3
EDGE (3 ,2) PORT 4: Recv/Dropped : 0/35
EDGE (3 ,2) PORT 5: Recv/Dropped : 0/30
EDGE (3 ,2) PORT 6: Recv/Dropped : 0/22
EDGE (3 ,2) PORT 7: Recv/Dropped : 0/24
EDGE (3 ,3) PORT 0: Recv/Dropped : 0/4
EDGE (3 ,3) PORT 1: Recv/Dropped : 0/2
EDGE (3 ,3) PORT 2: Recv/Dropped : 0/65
EDGE (3 ,3) PORT 3: Recv/Dropped : 0/63
EDGE (3 ,3) PORT 4: Recv/Dropped : 0/47
EDGE (3 ,3) PORT 5: Recv/Dropped : 0/50
EDGE (3 ,3) PORT 6: Recv/Dropped : 0/59
EDGE (3 ,3) PORT 7: Recv/Dropped : 0/46
EDGE (4 ,0) PORT 0: Recv/Dropped : 0/65
EDGE (4 ,0) PORT 1: Recv/Dropped : 0/65
EDGE (4 ,0) PORT 2: Recv/Dropped : 0/4
EDGE (4 ,0) PORT 3: Recv/Dropped : 0/2
EDGE (4 ,0) PORT 4: Recv/Dropped : 0/54
EDGE (4 ,0) PORT 5: Recv/Dropped : 0/57
EDGE (4 ,0) PORT 6: Recv/Dropped : 0/53
EDGE (4 ,0) PORT 7: Recv/Dropped : 0/42
EDGE (4 ,1) PORT 0: Recv/Dropped : 0/2
EDGE (4 ,1) PORT 1: Recv/Dropped : 0/2
EDGE (4 ,1) PORT 2: Recv/Dropped : 0/64
EDGE (4 ,1) PORT 3: Recv/Dropped : 0/63
EDGE (4 ,1) PORT 4: Recv/Dropped : 0/55
EDGE (4 ,1) PORT 5: Recv/Dropped : 0/57
EDGE (4 ,1) PORT 6: Recv/Dropped : 0/47
EDGE (4 ,1) PORT 7: Recv/Dropped : 0/45
EDGE (4 ,2) PORT 0: Recv/Dropped : 0/3
EDGE (4 ,2) PORT 1: Recv/Dropped : 0/2
EDGE (4 ,2) PORT 2: Recv/Dropped : 0/4
EDGE (4 ,2) PORT 3: Recv/Dropped : 0/66
EDGE (4 ,2) PORT 4: Recv/Dropped : 0/22
EDGE (4 ,2) PORT 5: Recv/Dropped : 0/25
EDGE (4 ,2) PORT 6: Recv/Dropped : 0/33
EDGE (4 ,2) PORT 7: Recv/Dropped : 0/30
EDGE (4 ,3) PORT 0: Recv/Dropped : 0/64
EDGE (4 ,3) PORT 1: Recv/Dropped : 0/3
EDGE (4 ,3) PORT 2: Recv/Dropped : 0/63
EDGE (4 ,3) PORT 3: Recv/Dropped : 0/2
EDGE (4 ,3) PORT 4: Recv/Dropped : 0/64
EDGE (4 ,3) PORT 5: Recv/Dropped : 0/44
EDGE (4 ,3) PORT 6: Recv/Dropped : 0/44
EDGE (4 ,3) PORT 7: Recv/Dropped : 0/52
EDGE (5 ,0) PORT 0: Recv/Dropped : 0/2
EDGE (5 ,0) PORT 1: Recv/Dropped : 0/2
EDGE (5 ,0) PORT 2: Recv/Dropped : 0/2
EDGE (5 ,0) PORT 3: Recv/Dropped : 0/4
EDGE (5 ,0) PORT 4: Recv/Dropped : 0/7
EDGE (5 ,0) PORT 5: Recv/Dropped : 0/3
EDGE (5 ,0) PORT 6: Recv/Dropped : 0/3
EDGE (5 ,0) PORT 7: Recv/Dropped : 0/3
EDGE (5 ,1) PORT 0: Recv/Dropped : 0/2
EDGE (5 ,1) PORT 1: Recv/Dropped : 0/64
EDGE (5 ,1) PORT 2: Recv/Dropped : 0/4
EDGE (5 ,1) PORT 3: Recv/Dropped : 0/66
EDGE (5 ,1) PORT 4: Recv/Dropped : 0/50
EDGE (5 ,1) PORT 5: Recv/Dropped : 0/52
EDGE (5 ,1) PORT 6: Recv/Dropped : 0/54
EDGE (5 ,1) PORT 7: Recv/Dropped : 0/49
EDGE (5 ,2) PORT 0: Recv/Dropped : 0/64
EDGE (5 ,2) PORT 1: Recv/Dropped : 0/67
EDGE (5 ,2) PORT 2: Recv/Dropped : 0/65
EDGE (5 ,2) PORT 3: Recv/Dropped : 0/2
EDGE (5 ,2) PORT 4: Recv/Dropped : 0/75
EDGE (5 ,2) PORT 5: Recv/Dropped : 0/76
EDGE (5 ,2) PORT 6: Recv/Dropped : 0/79
EDGE (5 ,2) PORT 7: Recv/Dropped : 0/71
EDGE (5 ,3) PORT 0: Recv/Dropped : 0/67
EDGE (5 ,3) PORT 1: Recv/Dropped : 0/66
EDGE (5 ,3) PORT 2: Recv/Dropped : 0/62
EDGE (5 ,3) PORT 3: Recv/Dropped : 0/63
EDGE (5 ,3) PORT 4: Recv/Dropped : 0/101
EDGE (5 ,3) PORT 5: Recv/Dropped : 0/85
EDGE (5 ,3) PORT 6: Recv/Dropped : 0/106
EDGE (5 ,3) PORT 7: Recv/Dropped : 0/98
EDGE (6 ,0) PORT 0: Recv/Dropped : 0/64
EDGE (6 ,0) PORT 1: Recv/Dropped : 0/65
EDGE (6 ,0) PORT 2: Recv/Dropped : 0/67
EDGE (6 ,0) PORT 3: Recv/Dropped : 0/68
EDGE (6 ,0) PORT 4: Recv/Dropped : 0/96
EDGE (6 ,0) PORT 5: Recv/Dropped : 0/96
EDGE (6 ,0) PORT 6: Recv/Dropped : 0/111
EDGE (6 ,0) PORT 7: Recv/Dropped : 0/91
EDGE (6 ,1) PORT 0: Recv/Dropped : 0/65
EDGE (6 ,1) PORT 1: Recv/Dropped : 0/67
EDGE (6 ,1) PORT 2: Recv/Dropped : 0/66
EDGE (6 ,1) PORT 3: Recv/Dropped : 0/63
EDGE (6 ,1) PORT 4: Recv/Dropped : 0/100
EDGE (6 ,1) PORT 5: Recv/Dropped : 0/110
EDGE (6 ,1) PORT 6: Recv/Dropped : 0/85
EDGE (6 ,1) PORT 7: Recv/Dropped : 0/98
EDGE (6 ,2) PORT 0: Recv/Dropped : 0/63
EDGE (6 ,2) PORT 1: Recv/Dropped : 0/2
EDGE (6 ,2) PORT 2: Recv/Dropped : 0/63
EDGE (6 ,2) PORT 3: Recv/Dropped : 0/63
EDGE (6 ,2) PORT 4: Recv/Dropped : 0/72
EDGE (6 ,2) PORT 5: Recv/Dropped : 0/74
EDGE (6 ,2) PORT 6: Recv/Dropped : 0/80
EDGE (6 ,2) PORT 7: Recv/Dropped : 0/69
EDGE (6 ,3) PORT 0: Recv/Dropped : 0/66
EDGE (6 ,3) PORT 1: Recv/Dropped : 0/65
EDGE (6 ,3) PORT 2: Recv/Dropped : 0/67
EDGE (6 ,3) PORT 3: Recv/Dropped : 0/62
EDGE (6 ,3) PORT 4: Recv/Dropped : 0/92
EDGE (6 ,3) PORT 5: Recv/Dropped : 0/94
EDGE (6 ,3) PORT 6: Recv/Dropped : 0/99
EDGE (6 ,3) PORT 7: Recv/Dropped : 0/106
EDGE (7 ,0) PORT 0: Recv/Dropped : 0/2
EDGE (7 ,0) PORT 1: Recv/Dropped : 0/63
EDGE (7 ,0) PORT 2: Recv/Dropped : 0/64
EDGE (7 ,0) PORT 3: Recv/Dropped : 0/62
EDGE (7 ,0) PORT 4: Recv/Dropped : 0/77
EDGE (7 ,0) PORT 5: Recv/Dropped : 0/81
EDGE (7 ,0) PORT 6: Recv/Dropped : 0/74
EDGE (7 ,0) PORT 7: Recv/Dropped : 0/64
EDGE (7 ,1) PORT 0: Recv/Dropped : 0/64
EDGE (7 ,1) PORT 1: Recv/Dropped : 0/63
EDGE (7 ,1) PORT 2: Recv/Dropped : 0/65
EDGE (7 ,1) PORT 3: Recv/Dropped : 0/63
EDGE (7 ,1) PORT 4: Recv/Dropped : 0/95
EDGE (7 ,1) PORT 5: Recv/Dropped : 0/87
EDGE (7 ,1) PORT 6: Recv/Dropped : 0/111
EDGE (7 ,1) PORT 7: Recv/Dropped : 0/99
EDGE (7 ,2) PORT 0: Recv/Dropped : 0/67
EDGE (7 ,2) PORT 1: Recv/Dropped : 0/62
EDGE (7 ,2) PORT 2: Recv/Dropped : 0/63
EDGE (7 ,2) PORT 3: Recv/Dropped : 0/63
EDGE (7 ,2) PORT 4: Recv/Dropped : 0/99
EDGE (7 ,2) PORT 5: Recv/Dropped : 0/102
EDGE (7 ,2) PORT 6: Recv/Dropped : 0/102
EDGE (7 ,2) PORT 7: Recv/Dropped : 0/86
EDGE (7 ,3) PORT 0: Recv/Dropped : 0/63
EDGE (7 ,3) PORT 1: Recv/Dropped : 0/64
EDGE (7 ,3) PORT 2: Recv/Dropped : 0/67
EDGE (7 ,3) PORT 3: Recv/Dropped : 0/62
EDGE (7 ,3) PORT 4: Recv/Dropped : 0/112
EDGE (7 ,3) PORT 5: Recv/Dropped : 0/90
EDGE (7 ,3) PORT 6: Recv/Dropped : 0/87
EDGE (7 ,3) PORT 7: Recv/Dropped : 0/100
 -- AGG QUEUE STATISTICS --
AGG (0 ,0) PORT 0: Recv/Dropped : 0/2115
AGG (0 ,0) PORT 1: Recv/Dropped : 0/2160
AGG (0 ,0) PORT 2: Recv/Dropped : 0/2145
AGG (0 ,0) PORT 3: Recv/Dropped : 0/2151
AGG (0 ,0) PORT 4: Recv/Dropped : 0/335
AGG (0 ,0) PORT 5: Recv/Dropped : 0/298
AGG (0 ,0) PORT 6: Recv/Dropped : 0/304
AGG (0 ,0) PORT 7: Recv/Dropped : 0/311
AGG (0 ,1) PORT 0: Recv/Dropped : 0/48
AGG (0 ,1) PORT 1: Recv/Dropped : 0/60
AGG (0 ,1) PORT 2: Recv/Dropped : 0/50
AGG (0 ,1) PORT 3: Recv/Dropped : 0/57
AGG (0 ,1) PORT 4: Recv/Dropped : 0/335
AGG (0 ,1) PORT 5: Recv/Dropped : 0/330
AGG (0 ,1) PORT 6: Recv/Dropped : 0/317
AGG (0 ,1) PORT 7: Recv/Dropped : 0/347
AGG (0 ,2) PORT 0: Recv/Dropped : 0/69
AGG (0 ,2) PORT 1: Recv/Dropped : 0/79
AGG (0 ,2) PORT 2: Recv/Dropped : 0/70
AGG (0 ,2) PORT 3: Recv/Dropped : 0/68
AGG (0 ,2) PORT 4: Recv/Dropped : 0/311
AGG (0 ,2) PORT 5: Recv/Dropped : 0/320
AGG (0 ,2) PORT 6: Recv/Dropped : 0/279
AGG (0 ,2) PORT 7: Recv/Dropped : 0/317
AGG (0 ,3) PORT 0: Recv/Dropped : 0/60
AGG (0 ,3) PORT 1: Recv/Dropped : 0/45
AGG (0 ,3) PORT 2: Recv/Dropped : 0/64
AGG (0 ,3) PORT 3: Recv/Dropped : 0/44
AGG (0 ,3) PORT 4: Recv/Dropped : 0/276
AGG (0 ,3) PORT 5: Recv/Dropped : 0/310
AGG (0 ,3) PORT 6: Recv/Dropped : 0/327
AGG (0 ,3) PORT 7: Recv/Dropped : 0/312
AGG (1 ,0) PORT 0: Recv/Dropped : 0/73
AGG (1 ,0) PORT 1: Recv/Dropped : 0/82
AGG (1 ,0) PORT 2: Recv/Dropped : 0/59
AGG (1 ,0) PORT 3: Recv/Dropped : 0/58
AGG (1 ,0) PORT 4: Recv/Dropped : 0/73
AGG (1 ,0) PORT 5: Recv/Dropped : 0/68
AGG (1 ,0) PORT 6: Recv/Dropped : 0/73
AGG (1 ,0) PORT 7: Recv/Dropped : 0/71
AGG (1 ,1) PORT 0: Recv/Dropped : 0/44
AGG (1 ,1) PORT 1: Recv/Dropped : 0/51
AGG (1 ,1) PORT 2: Recv/Dropped : 0/49
AGG (1 ,1) PORT 3: Recv/Dropped : 0/50
AGG (1 ,1) PORT 4: Recv/Dropped : 0/97
AGG (1 ,1) PORT 5: Recv/Dropped : 0/66
AGG (1 ,1) PORT 6: Recv/Dropped : 0/65
AGG (1 ,1) PORT 7: Recv/Dropped : 0/73
AGG (1 ,2) PORT 0: Recv/Dropped : 0/73
AGG (1 ,2) PORT 1: Recv/Dropped : 0/75
AGG (1 ,2) PORT 2: Recv/Dropped : 0/52
AGG (1 ,2) PORT 3: Recv/Dropped : 0/74
AGG (1 ,2) PORT 4: Recv/Dropped : 0/65
AGG (1 ,2) PORT 5: Recv/Dropped : 0/88
AGG (1 ,2) PORT 6: Recv/Dropped : 0/61
AGG (1 ,2) PORT 7: Recv/Dropped : 0/76
AGG (1 ,3) PORT 0: Recv/Dropped : 0/20
AGG (1 ,3) PORT 1: Recv/Dropped : 0/24
AGG (1 ,3) PORT 2: Recv/Dropped : 0/19
AGG (1 ,3) PORT 3: Recv/Dropped : 0/18
AGG (1 ,3) PORT 4: Recv/Dropped : 0/65
AGG (1 ,3) PORT 5: Recv/Dropped : 0/99
AGG (1 ,3) PORT 6: Recv/Dropped : 0/79
AGG (1 ,3) PORT 7: Recv/Dropped : 0/67
AGG (2 ,0) PORT 0: Recv/Dropped : 0/47
AGG (2 ,0) PORT 1: Recv/Dropped : 0/52
AGG (2 ,0) PORT 2: Recv/Dropped : 0/50
AGG (2 ,0) PORT 3: Recv/Dropped : 0/45
AGG (2 ,0) PORT 4: Recv/Dropped : 0/63
AGG (2 ,0) PORT 5: Recv/Dropped : 0/47
AGG (2 ,0) PORT 6: Recv/Dropped : 0/54
AGG (2 ,0) PORT 7: Recv/Dropped : 0/58
AGG (2 ,1) PORT 0: Recv/Dropped : 0/71
AGG (2 ,1) PORT 1: Recv/Dropped : 0/70
AGG (2 ,1) PORT 2: Recv/Dropped : 0/58
AGG (2 ,1) PORT 3: Recv/Dropped : 0/64
AGG (2 ,1) PORT 4: Recv/Dropped : 0/70
AGG (2 ,1) PORT 5: Recv/Dropped : 0/60
AGG (2 ,1) PORT 6: Recv/Dropped : 0/66
AGG (2 ,1) PORT 7: Recv/Dropped : 0/65
AGG (2 ,2) PORT 0: Recv/Dropped : 0/21
AGG (2 ,2) PORT 1: Recv/Dropped : 0/11
AGG (2 ,2) PORT 2: Recv/Dropped : 0/19
AGG (2 ,2) PORT 3: Recv/Dropped : 0/18
AGG (2 ,2) PORT 4: Recv/Dropped : 0/64
AGG (2 ,2) PORT 5: Recv/Dropped : 0/50
AGG (2 ,2) PORT 6: Recv/Dropped : 0/69
AGG (2 ,2) PORT 7: Recv/Dropped : 0/57
AGG (2 ,3) PORT 0: Recv/Dropped : 0/32
AGG (2 ,3) PORT 1: Recv/Dropped : 0/39
AGG (2 ,3) PORT 2: Recv/Dropped : 0/27
AGG (2 ,3) PORT 3: Recv/Dropped : 0/35
AGG (2 ,3) PORT 4: Recv/Dropped : 0/77
AGG (2 ,3) PORT 5: Recv/Dropped : 0/72
AGG (2 ,3) PORT 6: Recv/Dropped : 0/74
AGG (2 ,3) PORT 7: Recv/Dropped : 0/61
AGG (3 ,0) PORT 0: Recv/Dropped : 0/78
AGG (3 ,0) PORT 1: Recv/Dropped : 0/70
AGG (3 ,0) PORT 2: Recv/Dropped : 0/65
AGG (3 ,0) PORT 3: Recv/Dropped : 0/52
AGG (3 ,0) PORT 4: Recv/Dropped : 0/60
AGG (3 ,0) PORT 5: Recv/Dropped : 0/47
AGG (3 ,0) PORT 6: Recv/Dropped : 0/49
AGG (3 ,0) PORT 7: Recv/Dropped : 0/58
AGG (3 ,1) PORT 0: Recv/Dropped : 0/20
AGG (3 ,1) PORT 1: Recv/Dropped : 0/14
AGG (3 ,1) PORT 2: Recv/Dropped : 0/22
AGG (3 ,1) PORT 3: Recv/Dropped : 0/14
AGG (3 ,1) PORT 4: Recv/Dropped : 0/49
AGG (3 ,1) PORT 5: Recv/Dropped : 0/54
AGG (3 ,1) PORT 6: Recv/Dropped : 0/51
AGG (3 ,1) PORT 7: Recv/Dropped : 0/58
AGG (3 ,2) PORT 0: Recv/Dropped : 0/13
AGG (3 ,2) PORT 1: Recv/Dropped : 0/23
AGG (3 ,2) PORT 2: Recv/Dropped : 0/16
AGG (3 ,2) PORT 3: Recv/Dropped : 0/19
AGG (3 ,2) PORT 4: Recv/Dropped : 0/51
AGG (3 ,2) PORT 5: Recv/Dropped : 0/41
AGG (3 ,2) PORT 6: Recv/Dropped : 0/53
AGG (3 ,2) PORT 7: Recv/Dropped : 0/52
AGG (3 ,3) PORT 0: Recv/Dropped : 0/33
AGG (3 ,3) PORT 1: Recv/Dropped : 0/40
AGG (3 ,3) PORT 2: Recv/Dropped : 0/29
AGG (3 ,3) PORT 3: Recv/Dropped : 0/32
AGG (3 ,3) PORT 4: Recv/Dropped : 0/43
AGG (3 ,3) PORT 5: Recv/Dropped : 0/55
AGG (3 ,3) PORT 6: Recv/Dropped : 0/59
AGG (3 ,3) PORT 7: Recv/Dropped : 0/41
AGG (4 ,0) PORT 0: Recv/Dropped : 0/33
AGG (4 ,0) PORT 1: Recv/Dropped : 0/26
AGG (4 ,0) PORT 2: Recv/Dropped : 0/45
AGG (4 ,0) PORT 3: Recv/Dropped : 0/32
AGG (4 ,0) PORT 4: Recv/Dropped : 0/48
AGG (4 ,0) PORT 5: Recv/Dropped : 0/49
AGG (4 ,0) PORT 6: Recv/Dropped : 0/51
AGG (4 ,0) PORT 7: Recv/Dropped : 0/47
AGG (4 ,1) PORT 0: Recv/Dropped : 0/29
AGG (4 ,1) PORT 1: Recv/Dropped : 0/36
AGG (4 ,1) PORT 2: Recv/Dropped : 0/33
AGG (4 ,1) PORT 3: Recv/Dropped : 0/33
AGG (4 ,1) PORT 4: Recv/Dropped : 0/53
AGG (4 ,1) PORT 5: Recv/Dropped : 0/44
AGG (4 ,1) PORT 6: Recv/Dropped : 0/36
AGG (4 ,1) PORT 7: Recv/Dropped : 0/50
AGG (4 ,2) PORT 0: Recv/Dropped : 0/10
AGG (4 ,2) PORT 1: Recv/Dropped : 0/25
AGG (4 ,2) PORT 2: Recv/Dropped : 0/20
AGG (4 ,2) PORT 3: Recv/Dropped : 0/20
AGG (4 ,2) PORT 4: Recv/Dropped : 0/42
AGG (4 ,2) PORT 5: Recv/Dropped : 0/41
AGG (4 ,2) PORT 6: Recv/Dropped : 0/51
AGG (4 ,2) PORT 7: Recv/Dropped : 0/43
AGG (4 ,3) PORT 0: Recv/Dropped : 0/31
AGG (4 ,3) PORT 1: Recv/Dropped : 0/30
AGG (4 ,3) PORT 2: Recv/Dropped : 0/46
AGG (4 ,3) PORT 3: Recv/Dropped : 0/25
AGG (4 ,3) PORT 4: Recv/Dropped : 0/53
AGG (4 ,3) PORT 5: Recv/Dropped : 0/43
AGG (4 ,3) PORT 6: Recv/Dropped : 0/38
AGG (4 ,3) PORT 7: Recv/Dropped : 0/35
AGG (5 ,0) PORT 0: Recv/Dropped : 0/4
AGG (5 ,0) PORT 1: Recv/Dropped : 0/2
AGG (5 ,0) PORT 2: Recv/Dropped : 0/2
AGG (5 ,0) PORT 3: Recv/Dropped : 0/2
AGG (5 ,0) PORT 4: Recv/Dropped : 0/54
AGG (5 ,0) PORT 5: Recv/Dropped : 0/65
AGG (5 ,0) PORT 6: Recv/Dropped : 0/51
AGG (5 ,0) PORT 7: Recv/Dropped : 0/63
AGG (5 ,1) PORT 0: Recv/Dropped : 0/29
AGG (5 ,1) PORT 1: Recv/Dropped : 0/36
AGG (5 ,1) PORT 2: Recv/Dropped : 0/38
AGG (5 ,1) PORT 3: Recv/Dropped : 0/33
AGG (5 ,1) PORT 4: Recv/Dropped : 0/54
AGG (5 ,1) PORT 5: Recv/Dropped : 0/59
AGG (5 ,1) PORT 6: Recv/Dropped : 0/59
AGG (5 ,1) PORT 7: Recv/Dropped : 0/44
AGG (5 ,2) PORT 0: Recv/Dropped : 0/48
AGG (5 ,2) PORT 1: Recv/Dropped : 0/60
AGG (5 ,2) PORT 2: Recv/Dropped : 0/42
AGG (5 ,2) PORT 3: Recv/Dropped : 0/48
AGG (5 ,2) PORT 4: Recv/Dropped : 0/72
AGG (5 ,2) PORT 5: Recv/Dropped : 0/57
AGG (5 ,2) PORT 6: Recv/Dropped : 0/59
AGG (5 ,2) PORT 7: Recv/Dropped : 0/54
AGG (5 ,3) PORT 0: Recv/Dropped : 0/66
AGG (5 ,3) PORT 1: Recv/Dropped : 0/61
AGG (5 ,3) PORT 2: Recv/Dropped : 0/65
AGG (5 ,3) PORT 3: Recv/Dropped : 0/66
AGG (5 ,3) PORT 4: Recv/Dropped : 0/54
AGG (5 ,3) PORT 5: Recv/Dropped : 0/60
AGG (5 ,3) PORT 6: Recv/Dropped : 0/55
AGG (5 ,3) PORT 7: Recv/Dropped : 0/52
AGG (6 ,0) PORT 0: Recv/Dropped : 0/61
AGG (6 ,0) PORT 1: Recv/Dropped : 0/73
AGG (6 ,0) PORT 2: Recv/Dropped : 0/60
AGG (6 ,0) PORT 3: Recv/Dropped : 0/70
AGG (6 ,0) PORT 4: Recv/Dropped : 0/81
AGG (6 ,0) PORT 5: Recv/Dropped : 0/100
AGG (6 ,0) PORT 6: Recv/Dropped : 0/79
AGG (6 ,0) PORT 7: Recv/Dropped : 0/100
AGG (6 ,1) PORT 0: Recv/Dropped : 0/64
AGG (6 ,1) PORT 1: Recv/Dropped : 0/65
AGG (6 ,1) PORT 2: Recv/Dropped : 0/65
AGG (6 ,1) PORT 3: Recv/Dropped : 0/67
AGG (6 ,1) PORT 4: Recv/Dropped : 0/83
AGG (6 ,1) PORT 5: Recv/Dropped : 0/91
AGG (6 ,1) PORT 6: Recv/Dropped : 0/100
AGG (6 ,1) PORT 7: Recv/Dropped : 0/100
AGG (6 ,2) PORT 0: Recv/Dropped : 0/44
AGG (6 ,2) PORT 1: Recv/Dropped : 0/47
AGG (6 ,2) PORT 2: Recv/Dropped : 0/43
AGG (6 ,2) PORT 3: Recv/Dropped : 0/57
AGG (6 ,2) PORT 4: Recv/Dropped : 0/85
AGG (6 ,2) PORT 5: Recv/Dropped : 0/96
AGG (6 ,2) PORT 6: Recv/Dropped : 0/99
AGG (6 ,2) PORT 7: Recv/Dropped : 0/95
AGG (6 ,3) PORT 0: Recv/Dropped : 0/63
AGG (6 ,3) PORT 1: Recv/Dropped : 0/62
AGG (6 ,3) PORT 2: Recv/Dropped : 0/72
AGG (6 ,3) PORT 3: Recv/Dropped : 0/63
AGG (6 ,3) PORT 4: Recv/Dropped : 0/95
AGG (6 ,3) PORT 5: Recv/Dropped : 0/82
AGG (6 ,3) PORT 6: Recv/Dropped : 0/94
AGG (6 ,3) PORT 7: Recv/Dropped : 0/93
AGG (7 ,0) PORT 0: Recv/Dropped : 0/60
AGG (7 ,0) PORT 1: Recv/Dropped : 0/51
AGG (7 ,0) PORT 2: Recv/Dropped : 0/42
AGG (7 ,0) PORT 3: Recv/Dropped : 0/38
AGG (7 ,0) PORT 4: Recv/Dropped : 0/93
AGG (7 ,0) PORT 5: Recv/Dropped : 0/94
AGG (7 ,0) PORT 6: Recv/Dropped : 0/104
AGG (7 ,0) PORT 7: Recv/Dropped : 0/92
AGG (7 ,1) PORT 0: Recv/Dropped : 0/65
AGG (7 ,1) PORT 1: Recv/Dropped : 0/64
AGG (7 ,1) PORT 2: Recv/Dropped : 0/66
AGG (7 ,1) PORT 3: Recv/Dropped : 0/60
AGG (7 ,1) PORT 4: Recv/Dropped : 0/86
AGG (7 ,1) PORT 5: Recv/Dropped : 0/81
AGG (7 ,1) PORT 6: Recv/Dropped : 0/99
AGG (7 ,1) PORT 7: Recv/Dropped : 0/94
AGG (7 ,2) PORT 0: Recv/Dropped : 0/58
AGG (7 ,2) PORT 1: Recv/Dropped : 0/65
AGG (7 ,2) PORT 2: Recv/Dropped : 0/63
AGG (7 ,2) PORT 3: Recv/Dropped : 0/69
AGG (7 ,2) PORT 4: Recv/Dropped : 0/90
AGG (7 ,2) PORT 5: Recv/Dropped : 0/82
AGG (7 ,2) PORT 6: Recv/Dropped : 0/96
AGG (7 ,2) PORT 7: Recv/Dropped : 0/106
AGG (7 ,3) PORT 0: Recv/Dropped : 0/58
AGG (7 ,3) PORT 1: Recv/Dropped : 0/75
AGG (7 ,3) PORT 2: Recv/Dropped : 0/60
AGG (7 ,3) PORT 3: Recv/Dropped : 0/63
AGG (7 ,3) PORT 4: Recv/Dropped : 0/89
AGG (7 ,3) PORT 5: Recv/Dropped : 0/99
AGG (7 ,3) PORT 6: Recv/Dropped : 0/79
AGG (7 ,3) PORT 7: Recv/Dropped : 0/82


TOTAL RECEIVED PACKETS = 55893
TOTAL DROPPED PACKETS = 185