QUEUE STATISTICS FOR EXPERIMENT 8891
---------------------------
 -- EDGE QUEUE STATISTICS --
EDGE (0 ,0) PORT 0: Recv/Dropped : 256/6954
EDGE (0 ,0) PORT 1: Recv/Dropped : 0/87
EDGE (0 ,0) PORT 2: Recv/Dropped : 0/70
EDGE (0 ,0) PORT 3: Recv/Dropped : 0/72
EDGE (0 ,0) PORT 4: Recv/Dropped : 0/1146
EDGE (0 ,0) PORT 5: Recv/Dropped : 0/1253
EDGE (0 ,0) PORT 6: Recv/Dropped : 0/1107
EDGE (0 ,0) PORT 7: Recv/Dropped : 0/1136
EDGE (0 ,1) PORT 0: Recv/Dropped : 0/94
EDGE (0 ,1) PORT 1: Recv/Dropped : 0/66
EDGE (0 ,1) PORT 2: Recv/Dropped : 0/2
EDGE (0 ,1) PORT 3: Recv/Dropped : 0/70
EDGE (0 ,1) PORT 4: Recv/Dropped : 0/88
EDGE (0 ,1) PORT 5: Recv/Dropped : 0/66
EDGE (0 ,1) PORT 6: Recv/Dropped : 0/70
EDGE (0 ,1) PORT 7: Recv/Dropped : 0/81
EDGE (0 ,2) PORT 0: Recv/Dropped : 0/75
EDGE (0 ,2) PORT 1: Recv/Dropped : 0/71
EDGE (0 ,2) PORT 2: Recv/Dropped : 0/78
EDGE (0 ,2) PORT 3: Recv/Dropped : 0/4
EDGE (0 ,2) PORT 4: Recv/Dropped : 0/63
EDGE (0 ,2) PORT 5: Recv/Dropped : 0/89
EDGE (0 ,2) PORT 6: Recv/Dropped : 0/82
EDGE (0 ,2) PORT 7: Recv/Dropped : 0/62
EDGE (0 ,3) PORT 0: Recv/Dropped : 0/73
EDGE (0 ,3) PORT 1: Recv/Dropped : 0/78
EDGE (0 ,3) PORT 2: Recv/Dropped : 0/63
EDGE (0 ,3) PORT 3: Recv/Dropped : 0/2
EDGE (0 ,3) PORT 4: Recv/Dropped : 0/56
EDGE (0 ,3) PORT 5: Recv/Dropped : 0/59
EDGE (0 ,3) PORT 6: Recv/Dropped : 0/55
EDGE (0 ,3) PORT 7: Recv/Dropped : 0/129
EDGE (1 ,0) PORT 0: Recv/Dropped : 0/71
EDGE (1 ,0) PORT 1: Recv/Dropped : 0/66
EDGE (1 ,0) PORT 2: Recv/Dropped : 0/63
EDGE (1 ,0) PORT 3: Recv/Dropped : 0/2
EDGE (1 ,0) PORT 4: Recv/Dropped : 0/61
EDGE (1 ,0) PORT 5: Recv/Dropped : 0/79
EDGE (1 ,0) PORT 6: Recv/Dropped : 0/86
EDGE (1 ,0) PORT 7: Recv/Dropped : 0/77
EDGE (1 ,1) PORT 0: Recv/Dropped : 0/63
EDGE (1 ,1) PORT 1: Recv/Dropped : 0/65
EDGE (1 ,1) PORT 2: Recv/Dropped : 0/78
EDGE (1 ,1) PORT 3: Recv/Dropped : 0/4
EDGE (1 ,1) PORT 4: Recv/Dropped : 0/63
EDGE (1 ,1) PORT 5: Recv/Dropped : 0/67
EDGE (1 ,1) PORT 6: Recv/Dropped : 0/91
EDGE (1 ,1) PORT 7: Recv/Dropped : 0/80
EDGE (1 ,2) PORT 0: Recv/Dropped : 0/2
EDGE (1 ,2) PORT 1: Recv/Dropped : 0/2
EDGE (1 ,2) PORT 2: Recv/Dropped : 0/65
EDGE (1 ,2) PORT 3: Recv/Dropped : 0/66
EDGE (1 ,2) PORT 4: Recv/Dropped : 0/58
EDGE (1 ,2) PORT 5: Recv/Dropped : 0/42
EDGE (1 ,2) PORT 6: Recv/Dropped : 0/52
EDGE (1 ,2) PORT 7: Recv/Dropped : 0/54
EDGE (1 ,3) PORT 0: Recv/Dropped : 0/63
EDGE (1 ,3) PORT 1: Recv/Dropped : 0/64
EDGE (1 ,3) PORT 2: Recv/Dropped : 0/63
EDGE (1 ,3) PORT 3: Recv/Dropped : 0/4
EDGE (1 ,3) PORT 4: Recv/Dropped : 0/82
EDGE (1 ,3) PORT 5: Recv/Dropped : 0/61
EDGE (1 ,3) PORT 6: Recv/Dropped : 0/69
EDGE (1 ,3) PORT 7: Recv/Dropped : 0/90
EDGE (2 ,0) PORT 0: Recv/Dropped : 0/72
EDGE (2 ,0) PORT 1: Recv/Dropped : 0/63
EDGE (2 ,0) PORT 2: Recv/Dropped : 0/63
EDGE (2 ,0) PORT 3: Recv/Dropped : 0/63
EDGE (2 ,0) PORT 4: Recv/Dropped : 0/97
EDGE (2 ,0) PORT 5: Recv/Dropped : 0/109
EDGE (2 ,0) PORT 6: Recv/Dropped : 0/88
EDGE (2 ,0) PORT 7: Recv/Dropped : 0/100
EDGE (2 ,1) PORT 0: Recv/Dropped : 0/63
EDGE (2 ,1) PORT 1: Recv/Dropped : 0/2
EDGE (2 ,1) PORT 2: Recv/Dropped : 0/64
EDGE (2 ,1) PORT 3: Recv/Dropped : 0/69
EDGE (2 ,1) PORT 4: Recv/Dropped : 0/49
EDGE (2 ,1) PORT 5: Recv/Dropped : 0/81
EDGE (2 ,1) PORT 6: Recv/Dropped : 0/80
EDGE (2 ,1) PORT 7: Recv/Dropped : 0/90
EDGE (2 ,2) PORT 0: Recv/Dropped : 0/64
EDGE (2 ,2) PORT 1: Recv/Dropped : 0/63
EDGE (2 ,2) PORT 2: Recv/Dropped : 0/69
EDGE (2 ,2) PORT 3: Recv/Dropped : 0/2
EDGE (2 ,2) PORT 4: Recv/Dropped : 0/71
EDGE (2 ,2) PORT 5: Recv/Dropped : 0/73
EDGE (2 ,2) PORT 6: Recv/Dropped : 0/76
EDGE (2 ,2) PORT 7: Recv/Dropped : 0/82
EDGE (2 ,3) PORT 0: Recv/Dropped : 0/2
EDGE (2 ,3) PORT 1: Recv/Dropped : 0/73
EDGE (2 ,3) PORT 2: Recv/Dropped : 0/2
EDGE (2 ,3) PORT 3: Recv/Dropped : 0/3
EDGE (2 ,3) PORT 4: Recv/Dropped : 0/25
EDGE (2 ,3) PORT 5: Recv/Dropped : 0/33
EDGE (2 ,3) PORT 6: Recv/Dropped : 0/26
EDGE (2 ,3) PORT 7: Recv/Dropped : 0/28
EDGE (3 ,0) PORT 0: Recv/Dropped : 0/63
EDGE (3 ,0) PORT 1: Recv/Dropped : 0/2
EDGE (3 ,0) PORT 2: Recv/Dropped : 0/2
EDGE (3 ,0) PORT 3: Recv/Dropped : 0/78
EDGE (3 ,0) PORT 4: Recv/Dropped : 0/43
EDGE (3 ,0) PORT 5: Recv/Dropped : 0/61
EDGE (3 ,0) PORT 6: Recv/Dropped : 0/58
EDGE (3 ,0) PORT 7: Recv/Dropped : 0/43
EDGE (3 ,1) PORT 0: Recv/Dropped : 0/64
EDGE (3 ,1) PORT 1: Recv/Dropped : 0/71
EDGE (3 ,1) PORT 2: Recv/Dropped : 0/65
EDGE (3 ,1) PORT 3: Recv/Dropped : 0/68
EDGE (3 ,1) PORT 4: Recv/Dropped : 0/110
EDGE (3 ,1) PORT 5: Recv/Dropped : 0/91
EDGE (3 ,1) PORT 6: Recv/Dropped : 0/94
EDGE (3 ,1) PORT 7: Recv/Dropped : 0/100
EDGE (3 ,2) PORT 0: Recv/Dropped : 0/64
EDGE (3 ,2) PORT 1: Recv/Dropped : 0/2
EDGE (3 ,2) PORT 2: Recv/Dropped : 0/2
EDGE (3 ,2) PORT 3: Recv/Dropped : 0/4
EDGE (3 ,2) PORT 4: Recv/Dropped : 0/36
EDGE (3 ,2) PORT 5: Recv/Dropped : 0/33
EDGE (3 ,2) PORT 6: Recv/Dropped : 0/20
EDGE (3 ,2) PORT 7: Recv/Dropped : 0/25
EDGE (3 ,3) PORT 0: Recv/Dropped : 0/73
EDGE (3 ,3) PORT 1: Recv/Dropped : 0/65
EDGE (3 ,3) PORT 2: Recv/Dropped : 0/2
EDGE (3 ,3) PORT 3: Recv/Dropped : 0/64
EDGE (3 ,3) PORT 4: Recv/Dropped : 0/76
EDGE (3 ,3) PORT 5: Recv/Dropped : 0/72
EDGE (3 ,3) PORT 6: Recv/Dropped : 0/89
EDGE (3 ,3) PORT 7: Recv/Dropped : 0/67
EDGE (4 ,0) PORT 0: Recv/Dropped : 0/63
EDGE (4 ,0) PORT 1: Recv/Dropped : 0/66
EDGE (4 ,0) PORT 2: Recv/Dropped : 0/2
EDGE (4 ,0) PORT 3: Recv/Dropped : 0/3
EDGE (4 ,0) PORT 4: Recv/Dropped : 0/52
EDGE (4 ,0) PORT 5: Recv/Dropped : 0/40
EDGE (4 ,0) PORT 6: Recv/Dropped : 0/66
EDGE (4 ,0) PORT 7: Recv/Dropped : 0/52
EDGE (4 ,1) PORT 0: Recv/Dropped : 0/68
EDGE (4 ,1) PORT 1: Recv/Dropped : 0/2
EDGE (4 ,1) PORT 2: Recv/Dropped : 0/4
EDGE (4 ,1) PORT 3: Recv/Dropped : 0/73
EDGE (4 ,1) PORT 4: Recv/Dropped : 0/58
EDGE (4 ,1) PORT 5: Recv/Dropped : 0/52
EDGE (4 ,1) PORT 6: Recv/Dropped : 0/46
EDGE (4 ,1) PORT 7: Recv/Dropped : 0/50
EDGE (4 ,2) PORT 0: Recv/Dropped : 0/64
EDGE (4 ,2) PORT 1: Recv/Dropped : 0/65
EDGE (4 ,2) PORT 2: Recv/Dropped : 0/2
EDGE (4 ,2) PORT 3: Recv/Dropped : 0/64
EDGE (4 ,2) PORT 4: Recv/Dropped : 0/63
EDGE (4 ,2) PORT 5: Recv/Dropped : 0/66
EDGE (4 ,2) PORT 6: Recv/Dropped : 0/92
EDGE (4 ,2) PORT 7: Recv/Dropped : 0/84
EDGE (4 ,3) PORT 0: Recv/Dropped : 0/2
EDGE (4 ,3) PORT 1: Recv/Dropped : 0/66
EDGE (4 ,3) PORT 2: Recv/Dropped : 0/2
EDGE (4 ,3) PORT 3: Recv/Dropped : 0/64
EDGE (4 ,3) PORT 4: Recv/Dropped : 0/58
EDGE (4 ,3) PORT 5: Recv/Dropped : 0/41
EDGE (4 ,3) PORT 6: Recv/Dropped : 0/49
EDGE (4 ,3) PORT 7: Recv/Dropped : 0/60
EDGE (5 ,0) PORT 0: Recv/Dropped : 0/63
EDGE (5 ,0) PORT 1: Recv/Dropped : 0/2
EDGE (5 ,0) PORT 2: Recv/Dropped : 0/63
EDGE (5 ,0) PORT 3: Recv/Dropped : 0/2
EDGE (5 ,0) PORT 4: Recv/Dropped : 0/53
EDGE (5 ,0) PORT 5: Recv/Dropped : 0/62
EDGE (5 ,0) PORT 6: Recv/Dropped : 0/43
EDGE (5 ,0) PORT 7: Recv/Dropped : 0/51
EDGE (5 ,1) PORT 0: Recv/Dropped : 0/2
EDGE (5 ,1) PORT 1: Recv/Dropped : 0/2
EDGE (5 ,1) PORT 2: Recv/Dropped : 0/2
EDGE (5 ,1) PORT 3: Recv/Dropped : 0/4
EDGE (5 ,1) PORT 4: Recv/Dropped : 0/15
EDGE (5 ,1) PORT 5: Recv/Dropped : 0/3
EDGE (5 ,1) PORT 6: Recv/Dropped : 0/2
EDGE (5 ,1) PORT 7: Recv/Dropped : 0/0
EDGE (5 ,2) PORT 0: Recv/Dropped : 0/63
EDGE (5 ,2) PORT 1: Recv/Dropped : 0/2
EDGE (5 ,2) PORT 2: Recv/Dropped : 0/64
EDGE (5 ,2) PORT 3: Recv/Dropped : 0/2
EDGE (5 ,2) PORT 4: Recv/Dropped : 0/60
EDGE (5 ,2) PORT 5: Recv/Dropped : 0/61
EDGE (5 ,2) PORT 6: Recv/Dropped : 0/48
EDGE (5 ,2) PORT 7: Recv/Dropped : 0/42
EDGE (5 ,3) PORT 0: Recv/Dropped : 0/2
EDGE (5 ,3) PORT 1: Recv/Dropped : 0/68
EDGE (5 ,3) PORT 2: Recv/Dropped : 0/2
EDGE (5 ,3) PORT 3: Recv/Dropped : 0/2
EDGE (5 ,3) PORT 4: Recv/Dropped : 0/33
EDGE (5 ,3) PORT 5: Recv/Dropped : 0/29
EDGE (5 ,3) PORT 6: Recv/Dropped : 0/34
EDGE (5 ,3) PORT 7: Recv/Dropped : 0/18
EDGE (6 ,0) PORT 0: Recv/Dropped : 0/2
EDGE (6 ,0) PORT 1: Recv/Dropped : 0/2
EDGE (6 ,0) PORT 2: Recv/Dropped : 0/68
EDGE (6 ,0) PORT 3: Recv/Dropped : 0/65
EDGE (6 ,0) PORT 4: Recv/Dropped : 0/44
EDGE (6 ,0) PORT 5: Recv/Dropped : 0/45
EDGE (6 ,0) PORT 6: Recv/Dropped : 0/72
EDGE (6 ,0) PORT 7: Recv/Dropped : 0/46
EDGE (6 ,1) PORT 0: Recv/Dropped : 0/2
EDGE (6 ,1) PORT 1: Recv/Dropped : 0/2
EDGE (6 ,1) PORT 2: Recv/Dropped : 0/63
EDGE (6 ,1) PORT 3: Recv/Dropped : 0/3
EDGE (6 ,1) PORT 4: Recv/Dropped : 0/30
EDGE (6 ,1) PORT 5: Recv/Dropped : 0/29
EDGE (6 ,1) PORT 6: Recv/Dropped : 0/21
EDGE (6 ,1) PORT 7: Recv/Dropped : 0/35
EDGE (6 ,2) PORT 0: Recv/Dropped : 0/67
EDGE (6 ,2) PORT 1: Recv/Dropped : 0/64
EDGE (6 ,2) PORT 2: Recv/Dropped : 0/3
EDGE (6 ,2) PORT 3: Recv/Dropped : 0/2
EDGE (6 ,2) PORT 4: Recv/Dropped : 0/54
EDGE (6 ,2) PORT 5: Recv/Dropped : 0/52
EDGE (6 ,2) PORT 6: Recv/Dropped : 0/62
EDGE (6 ,2) PORT 7: Recv/Dropped : 0/41
EDGE (6 ,3) PORT 0: Recv/Dropped : 0/2
EDGE (6 ,3) PORT 1: Recv/Dropped : 0/63
EDGE (6 ,3) PORT 2: Recv/Dropped : 0/2
EDGE (6 ,3) PORT 3: Recv/Dropped : 0/2
EDGE (6 ,3) PORT 4: Recv/Dropped : 0/28
EDGE (6 ,3) PORT 5: Recv/Dropped : 0/18
EDGE (6 ,3) PORT 6: Recv/Dropped : 0/33
EDGE (6 ,3) PORT 7: Recv/Dropped : 0/36
EDGE (7 ,0) PORT 0: Recv/Dropped : 0/69
EDGE (7 ,0) PORT 1: Recv/Dropped : 0/65
EDGE (7 ,0) PORT 2: Recv/Dropped : 0/64
EDGE (7 ,0) PORT 3: Recv/Dropped : 0/2
EDGE (7 ,0) PORT 4: Recv/Dropped : 0/55
EDGE (7 ,0) PORT 5: Recv/Dropped : 0/86
EDGE (7 ,0) PORT 6: Recv/Dropped : 0/83
EDGE (7 ,0) PORT 7: Recv/Dropped : 0/77
EDGE (7 ,1) PORT 0: Recv/Dropped : 0/2
EDGE (7 ,1) PORT 1: Recv/Dropped : 0/64
EDGE (7 ,1) PORT 2: Recv/Dropped : 0/65
EDGE (7 ,1) PORT 3: Recv/Dropped : 0/2
EDGE (7 ,1) PORT 4: Recv/Dropped : 0/51
EDGE (7 ,1) PORT 5: Recv/Dropped : 0/40
EDGE (7 ,1) PORT 6: Recv/Dropped : 0/52
EDGE (7 ,1) PORT 7: Recv/Dropped : 0/67
EDGE (7 ,2) PORT 0: Recv/Dropped : 0/2
EDGE (7 ,2) PORT 1: Recv/Dropped : 0/2
EDGE (7 ,2) PORT 2: Recv/Dropped : 0/2
EDGE (7 ,2) PORT 3: Recv/Dropped : 0/3
EDGE (7 ,2) PORT 4: Recv/Dropped : 0/3
EDGE (7 ,2) PORT 5: Recv/Dropped : 0/13
EDGE (7 ,2) PORT 6: Recv/Dropped : 0/1
EDGE (7 ,2) PORT 7: Recv/Dropped : 0/3
EDGE (7 ,3) PORT 0: Recv/Dropped : 0/82
EDGE (7 ,3) PORT 1: Recv/Dropped : 0/2
EDGE (7 ,3) PORT 2: Recv/Dropped : 0/2
EDGE (7 ,3) PORT 3: Recv/Dropped : 0/4
EDGE (7 ,3) PORT 4: Recv/Dropped : 0/36
EDGE (7 ,3) PORT 5: Recv/Dropped : 0/21
EDGE (7 ,3) PORT 6: Recv/Dropped : 0/27
EDGE (7 ,3) PORT 7: Recv/Dropped : 0/29
 -- AGG QUEUE STATISTICS --
AGG (0 ,0) PORT 0: Recv/Dropped : 0/1671
AGG (0 ,0) PORT 1: Recv/Dropped : 0/1674
AGG (0 ,0) PORT 2: Recv/Dropped : 0/1767
AGG (0 ,0) PORT 3: Recv/Dropped : 0/1799
AGG (0 ,0) PORT 4: Recv/Dropped : 0/263
AGG (0 ,0) PORT 5: Recv/Dropped : 0/218
AGG (0 ,0) PORT 6: Recv/Dropped : 0/246
AGG (0 ,0) PORT 7: Recv/Dropped : 0/254
AGG (0 ,1) PORT 0: Recv/Dropped : 0/67
AGG (0 ,1) PORT 1: Recv/Dropped : 0/49
AGG (0 ,1) PORT 2: Recv/Dropped : 0/56
AGG (0 ,1) PORT 3: Recv/Dropped : 0/60
AGG (0 ,1) PORT 4: Recv/Dropped : 0/290
AGG (0 ,1) PORT 5: Recv/Dropped : 0/261
AGG (0 ,1) PORT 6: Recv/Dropped : 0/266
AGG (0 ,1) PORT 7: Recv/Dropped : 0/284
AGG (0 ,2) PORT 0: Recv/Dropped : 0/62
AGG (0 ,2) PORT 1: Recv/Dropped : 0/67
AGG (0 ,2) PORT 2: Recv/Dropped : 0/54
AGG (0 ,2) PORT 3: Recv/Dropped : 0/45
AGG (0 ,2) PORT 4: Recv/Dropped : 0/239
AGG (0 ,2) PORT 5: Recv/Dropped : 0/241
AGG (0 ,2) PORT 6: Recv/Dropped : 0/218
AGG (0 ,2) PORT 7: Recv/Dropped : 0/251
AGG (0 ,3) PORT 0: Recv/Dropped : 0/36
AGG (0 ,3) PORT 1: Recv/Dropped : 0/36
AGG (0 ,3) PORT 2: Recv/Dropped : 0/48
AGG (0 ,3) PORT 3: Recv/Dropped : 0/96
AGG (0 ,3) PORT 4: Recv/Dropped : 0/206
AGG (0 ,3) PORT 5: Recv/Dropped : 0/237
AGG (0 ,3) PORT 6: Recv/Dropped : 0/250
AGG (0 ,3) PORT 7: Recv/Dropped : 0/242
AGG (1 ,0) PORT 0: Recv/Dropped : 0/52
AGG (1 ,0) PORT 1: Recv/Dropped : 0/60
AGG (1 ,0) PORT 2: Recv/Dropped : 0/42
AGG (1 ,0) PORT 3: Recv/Dropped : 0/48
AGG (1 ,0) PORT 4: Recv/Dropped : 0/57
AGG (1 ,0) PORT 5: Recv/Dropped : 0/72
AGG (1 ,0) PORT 6: Recv/Dropped : 0/60
AGG (1 ,0) PORT 7: Recv/Dropped : 0/75
AGG (1 ,1) PORT 0: Recv/Dropped : 0/50
AGG (1 ,1) PORT 1: Recv/Dropped : 0/67
AGG (1 ,1) PORT 2: Recv/Dropped : 0/48
AGG (1 ,1) PORT 3: Recv/Dropped : 0/45
AGG (1 ,1) PORT 4: Recv/Dropped : 0/81
AGG (1 ,1) PORT 5: Recv/Dropped : 0/53
AGG (1 ,1) PORT 6: Recv/Dropped : 0/55
AGG (1 ,1) PORT 7: Recv/Dropped : 0/60
AGG (1 ,2) PORT 0: Recv/Dropped : 0/30
AGG (1 ,2) PORT 1: Recv/Dropped : 0/35
AGG (1 ,2) PORT 2: Recv/Dropped : 0/34
AGG (1 ,2) PORT 3: Recv/Dropped : 0/36
AGG (1 ,2) PORT 4: Recv/Dropped : 0/59
AGG (1 ,2) PORT 5: Recv/Dropped : 0/99
AGG (1 ,2) PORT 6: Recv/Dropped : 0/76
AGG (1 ,2) PORT 7: Recv/Dropped : 0/64
AGG (1 ,3) PORT 0: Recv/Dropped : 0/43
AGG (1 ,3) PORT 1: Recv/Dropped : 0/53
AGG (1 ,3) PORT 2: Recv/Dropped : 0/52
AGG (1 ,3) PORT 3: Recv/Dropped : 0/46
AGG (1 ,3) PORT 4: Recv/Dropped : 0/64
AGG (1 ,3) PORT 5: Recv/Dropped : 0/98
AGG (1 ,3) PORT 6: Recv/Dropped : 0/71
AGG (1 ,3) PORT 7: Recv/Dropped : 0/68
AGG (2 ,0) PORT 0: Recv/Dropped : 0/56
AGG (2 ,0) PORT 1: Recv/Dropped : 0/69
AGG (2 ,0) PORT 2: Recv/Dropped : 0/56
AGG (2 ,0) PORT 3: Recv/Dropped : 0/80
AGG (2 ,0) PORT 4: Recv/Dropped : 0/74
AGG (2 ,0) PORT 5: Recv/Dropped : 0/48
AGG (2 ,0) PORT 6: Recv/Dropped : 0/51
AGG (2 ,0) PORT 7: Recv/Dropped : 0/69
AGG (2 ,1) PORT 0: Recv/Dropped : 0/39
AGG (2 ,1) PORT 1: Recv/Dropped : 0/62
AGG (2 ,1) PORT 2: Recv/Dropped : 0/39
AGG (2 ,1) PORT 3: Recv/Dropped : 0/58
AGG (2 ,1) PORT 4: Recv/Dropped : 0/75
AGG (2 ,1) PORT 5: Recv/Dropped : 0/68
AGG (2 ,1) PORT 6: Recv/Dropped : 0/67
AGG (2 ,1) PORT 7: Recv/Dropped : 0/86
AGG (2 ,2) PORT 0: Recv/Dropped : 0/49
AGG (2 ,2) PORT 1: Recv/Dropped : 0/59
AGG (2 ,2) PORT 2: Recv/Dropped : 0/49
AGG (2 ,2) PORT 3: Recv/Dropped : 0/41
AGG (2 ,2) PORT 4: Recv/Dropped : 0/67
AGG (2 ,2) PORT 5: Recv/Dropped : 0/57
AGG (2 ,2) PORT 6: Recv/Dropped : 0/83
AGG (2 ,2) PORT 7: Recv/Dropped : 0/63
AGG (2 ,3) PORT 0: Recv/Dropped : 0/13
AGG (2 ,3) PORT 1: Recv/Dropped : 0/28
AGG (2 ,3) PORT 2: Recv/Dropped : 0/15
AGG (2 ,3) PORT 3: Recv/Dropped : 0/24
AGG (2 ,3) PORT 4: Recv/Dropped : 0/87
AGG (2 ,3) PORT 5: Recv/Dropped : 0/80
AGG (2 ,3) PORT 6: Recv/Dropped : 0/85
AGG (2 ,3) PORT 7: Recv/Dropped : 0/48
AGG (3 ,0) PORT 0: Recv/Dropped : 0/41
AGG (3 ,0) PORT 1: Recv/Dropped : 0/38
AGG (3 ,0) PORT 2: Recv/Dropped : 0/35
AGG (3 ,0) PORT 3: Recv/Dropped : 0/31
AGG (3 ,0) PORT 4: Recv/Dropped : 0/76
AGG (3 ,0) PORT 5: Recv/Dropped : 0/54
AGG (3 ,0) PORT 6: Recv/Dropped : 0/65
AGG (3 ,0) PORT 7: Recv/Dropped : 0/70
AGG (3 ,1) PORT 0: Recv/Dropped : 0/64
AGG (3 ,1) PORT 1: Recv/Dropped : 0/67
AGG (3 ,1) PORT 2: Recv/Dropped : 0/62
AGG (3 ,1) PORT 3: Recv/Dropped : 0/75
AGG (3 ,1) PORT 4: Recv/Dropped : 0/63
AGG (3 ,1) PORT 5: Recv/Dropped : 0/65
AGG (3 ,1) PORT 6: Recv/Dropped : 0/68
AGG (3 ,1) PORT 7: Recv/Dropped : 0/61
AGG (3 ,2) PORT 0: Recv/Dropped : 0/14
AGG (3 ,2) PORT 1: Recv/Dropped : 0/19
AGG (3 ,2) PORT 2: Recv/Dropped : 0/24
AGG (3 ,2) PORT 3: Recv/Dropped : 0/15
AGG (3 ,2) PORT 4: Recv/Dropped : 0/60
AGG (3 ,2) PORT 5: Recv/Dropped : 0/58
AGG (3 ,2) PORT 6: Recv/Dropped : 0/66
AGG (3 ,2) PORT 7: Recv/Dropped : 0/77
AGG (3 ,3) PORT 0: Recv/Dropped : 0/43
AGG (3 ,3) PORT 1: Recv/Dropped : 0/70
AGG (3 ,3) PORT 2: Recv/Dropped : 0/47
AGG (3 ,3) PORT 3: Recv/Dropped : 0/44
AGG (3 ,3) PORT 4: Recv/Dropped : 0/37
AGG (3 ,3) PORT 5: Recv/Dropped : 0/67
AGG (3 ,3) PORT 6: Recv/Dropped : 0/86
AGG (3 ,3) PORT 7: Recv/Dropped : 0/45
AGG (4 ,0) PORT 0: Recv/Dropped : 0/28
AGG (4 ,0) PORT 1: Recv/Dropped : 0/39
AGG (4 ,0) PORT 2: Recv/Dropped : 0/45
AGG (4 ,0) PORT 3: Recv/Dropped : 0/22
AGG (4 ,0) PORT 4: Recv/Dropped : 0/61
AGG (4 ,0) PORT 5: Recv/Dropped : 0/59
AGG (4 ,0) PORT 6: Recv/Dropped : 0/58
AGG (4 ,0) PORT 7: Recv/Dropped : 0/53
AGG (4 ,1) PORT 0: Recv/Dropped : 0/42
AGG (4 ,1) PORT 1: Recv/Dropped : 0/39
AGG (4 ,1) PORT 2: Recv/Dropped : 0/32
AGG (4 ,1) PORT 3: Recv/Dropped : 0/34
AGG (4 ,1) PORT 4: Recv/Dropped : 0/61
AGG (4 ,1) PORT 5: Recv/Dropped : 0/48
AGG (4 ,1) PORT 6: Recv/Dropped : 0/36
AGG (4 ,1) PORT 7: Recv/Dropped : 0/54
AGG (4 ,2) PORT 0: Recv/Dropped : 0/59
AGG (4 ,2) PORT 1: Recv/Dropped : 0/38
AGG (4 ,2) PORT 2: Recv/Dropped : 0/45
AGG (4 ,2) PORT 3: Recv/Dropped : 0/53
AGG (4 ,2) PORT 4: Recv/Dropped : 0/64
AGG (4 ,2) PORT 5: Recv/Dropped : 0/54
AGG (4 ,2) PORT 6: Recv/Dropped : 0/75
AGG (4 ,2) PORT 7: Recv/Dropped : 0/60
AGG (4 ,3) PORT 0: Recv/Dropped : 0/35
AGG (4 ,3) PORT 1: Recv/Dropped : 0/49
AGG (4 ,3) PORT 2: Recv/Dropped : 0/21
AGG (4 ,3) PORT 3: Recv/Dropped : 0/29
AGG (4 ,3) PORT 4: Recv/Dropped : 0/72
AGG (4 ,3) PORT 5: Recv/Dropped : 0/70
AGG (4 ,3) PORT 6: Recv/Dropped : 0/52
AGG (4 ,3) PORT 7: Recv/Dropped : 0/52
AGG (5 ,0) PORT 0: Recv/Dropped : 0/36
AGG (5 ,0) PORT 1: Recv/Dropped : 0/35
AGG (5 ,0) PORT 2: Recv/Dropped : 0/33
AGG (5 ,0) PORT 3: Recv/Dropped : 0/26
AGG (5 ,0) PORT 4: Recv/Dropped : 0/43
AGG (5 ,0) PORT 5: Recv/Dropped : 0/44
AGG (5 ,0) PORT 6: Recv/Dropped : 0/27
AGG (5 ,0) PORT 7: Recv/Dropped : 0/47
AGG (5 ,1) PORT 0: Recv/Dropped : 0/2
AGG (5 ,1) PORT 1: Recv/Dropped : 0/2
AGG (5 ,1) PORT 2: Recv/Dropped : 0/4
AGG (5 ,1) PORT 3: Recv/Dropped : 0/2
AGG (5 ,1) PORT 4: Recv/Dropped : 0/33
AGG (5 ,1) PORT 5: Recv/Dropped : 0/46
AGG (5 ,1) PORT 6: Recv/Dropped : 0/49
AGG (5 ,1) PORT 7: Recv/Dropped : 0/27
AGG (5 ,2) PORT 0: Recv/Dropped : 0/41
AGG (5 ,2) PORT 1: Recv/Dropped : 0/34
AGG (5 ,2) PORT 2: Recv/Dropped : 0/32
AGG (5 ,2) PORT 3: Recv/Dropped : 0/24
AGG (5 ,2) PORT 4: Recv/Dropped : 0/42
AGG (5 ,2) PORT 5: Recv/Dropped : 0/31
AGG (5 ,2) PORT 6: Recv/Dropped : 0/29
AGG (5 ,2) PORT 7: Recv/Dropped : 0/25
AGG (5 ,3) PORT 0: Recv/Dropped : 0/24
AGG (5 ,3) PORT 1: Recv/Dropped : 0/21
AGG (5 ,3) PORT 2: Recv/Dropped : 0/12
AGG (5 ,3) PORT 3: Recv/Dropped : 0/17
AGG (5 ,3) PORT 4: Recv/Dropped : 0/26
AGG (5 ,3) PORT 5: Recv/Dropped : 0/40
AGG (5 ,3) PORT 6: Recv/Dropped : 0/24
AGG (5 ,3) PORT 7: Recv/Dropped : 0/21
AGG (6 ,0) PORT 0: Recv/Dropped : 0/34
AGG (6 ,0) PORT 1: Recv/Dropped : 0/36
AGG (6 ,0) PORT 2: Recv/Dropped : 0/33
AGG (6 ,0) PORT 3: Recv/Dropped : 0/34
AGG (6 ,0) PORT 4: Recv/Dropped : 0/18
AGG (6 ,0) PORT 5: Recv/Dropped : 0/43
AGG (6 ,0) PORT 6: Recv/Dropped : 0/40
AGG (6 ,0) PORT 7: Recv/Dropped : 0/55
AGG (6 ,1) PORT 0: Recv/Dropped : 0/15
AGG (6 ,1) PORT 1: Recv/Dropped : 0/17
AGG (6 ,1) PORT 2: Recv/Dropped : 0/17
AGG (6 ,1) PORT 3: Recv/Dropped : 0/21
AGG (6 ,1) PORT 4: Recv/Dropped : 0/26
AGG (6 ,1) PORT 5: Recv/Dropped : 0/36
AGG (6 ,1) PORT 6: Recv/Dropped : 0/39
AGG (6 ,1) PORT 7: Recv/Dropped : 0/43
AGG (6 ,2) PORT 0: Recv/Dropped : 0/30
AGG (6 ,2) PORT 1: Recv/Dropped : 0/38
AGG (6 ,2) PORT 2: Recv/Dropped : 0/45
AGG (6 ,2) PORT 3: Recv/Dropped : 0/23
AGG (6 ,2) PORT 4: Recv/Dropped : 0/34
AGG (6 ,2) PORT 5: Recv/Dropped : 0/53
AGG (6 ,2) PORT 6: Recv/Dropped : 0/51
AGG (6 ,2) PORT 7: Recv/Dropped : 0/50
AGG (6 ,3) PORT 0: Recv/Dropped : 0/16
AGG (6 ,3) PORT 1: Recv/Dropped : 0/14
AGG (6 ,3) PORT 2: Recv/Dropped : 0/21
AGG (6 ,3) PORT 3: Recv/Dropped : 0/18
AGG (6 ,3) PORT 4: Recv/Dropped : 0/35
AGG (6 ,3) PORT 5: Recv/Dropped : 0/46
AGG (6 ,3) PORT 6: Recv/Dropped : 0/39
AGG (6 ,3) PORT 7: Recv/Dropped : 0/38
AGG (7 ,0) PORT 0: Recv/Dropped : 0/61
AGG (7 ,0) PORT 1: Recv/Dropped : 0/52
AGG (7 ,0) PORT 2: Recv/Dropped : 0/47
AGG (7 ,0) PORT 3: Recv/Dropped : 0/40
AGG (7 ,0) PORT 4: Recv/Dropped : 0/39
AGG (7 ,0) PORT 5: Recv/Dropped : 0/36
AGG (7 ,0) PORT 6: Recv/Dropped : 0/47
AGG (7 ,0) PORT 7: Recv/Dropped : 0/23
AGG (7 ,1) PORT 0: Recv/Dropped : 0/46
AGG (7 ,1) PORT 1: Recv/Dropped : 0/36
AGG (7 ,1) PORT 2: Recv/Dropped : 0/28
AGG (7 ,1) PORT 3: Recv/Dropped : 0/23
AGG (7 ,1) PORT 4: Recv/Dropped : 0/54
AGG (7 ,1) PORT 5: Recv/Dropped : 0/31
AGG (7 ,1) PORT 6: Recv/Dropped : 0/30
AGG (7 ,1) PORT 7: Recv/Dropped : 0/45
AGG (7 ,2) PORT 0: Recv/Dropped : 0/5
AGG (7 ,2) PORT 1: Recv/Dropped : 0/1
AGG (7 ,2) PORT 2: Recv/Dropped : 0/0
AGG (7 ,2) PORT 3: Recv/Dropped : 0/3
AGG (7 ,2) PORT 4: Recv/Dropped : 0/41
AGG (7 ,2) PORT 5: Recv/Dropped : 0/45
AGG (7 ,2) PORT 6: Recv/Dropped : 0/31
AGG (7 ,2) PORT 7: Recv/Dropped : 0/46
AGG (7 ,3) PORT 0: Recv/Dropped : 0/13
AGG (7 ,3) PORT 1: Recv/Dropped : 0/23
AGG (7 ,3) PORT 2: Recv/Dropped : 0/31
AGG (7 ,3) PORT 3: Recv/Dropped : 0/23
AGG (7 ,3) PORT 4: Recv/Dropped : 0/56
AGG (7 ,3) PORT 5: Recv/Dropped : 0/45
AGG (7 ,3) PORT 6: Recv/Dropped : 0/43
AGG (7 ,3) PORT 7: Recv/Dropped : 0/32


TOTAL RECEIVED PACKETS = 44908
TOTAL DROPPED PACKETS = 256