QUEUE STATISTICS FOR EXPERIMENT 8856
---------------------------
 -- EDGE QUEUE STATISTICS --
EDGE (0 ,0) PORT 0: Recv/Dropped : 242/6204
EDGE (0 ,0) PORT 1: Recv/Dropped : 0/80
EDGE (0 ,0) PORT 2: Recv/Dropped : 0/73
EDGE (0 ,0) PORT 3: Recv/Dropped : 0/74
EDGE (0 ,0) PORT 4: Recv/Dropped : 0/1008
EDGE (0 ,0) PORT 5: Recv/Dropped : 0/1110
EDGE (0 ,0) PORT 6: Recv/Dropped : 0/964
EDGE (0 ,0) PORT 7: Recv/Dropped : 0/982
EDGE (0 ,1) PORT 0: Recv/Dropped : 0/82
EDGE (0 ,1) PORT 1: Recv/Dropped : 0/66
EDGE (0 ,1) PORT 2: Recv/Dropped : 0/73
EDGE (0 ,1) PORT 3: Recv/Dropped : 0/4
EDGE (0 ,1) PORT 4: Recv/Dropped : 0/77
EDGE (0 ,1) PORT 5: Recv/Dropped : 0/79
EDGE (0 ,1) PORT 6: Recv/Dropped : 0/72
EDGE (0 ,1) PORT 7: Recv/Dropped : 0/72
EDGE (0 ,2) PORT 0: Recv/Dropped : 0/73
EDGE (0 ,2) PORT 1: Recv/Dropped : 0/70
EDGE (0 ,2) PORT 2: Recv/Dropped : 0/63
EDGE (0 ,2) PORT 3: Recv/Dropped : 0/4
EDGE (0 ,2) PORT 4: Recv/Dropped : 0/62
EDGE (0 ,2) PORT 5: Recv/Dropped : 0/78
EDGE (0 ,2) PORT 6: Recv/Dropped : 0/81
EDGE (0 ,2) PORT 7: Recv/Dropped : 0/77
EDGE (0 ,3) PORT 0: Recv/Dropped : 0/62
EDGE (0 ,3) PORT 1: Recv/Dropped : 0/63
EDGE (0 ,3) PORT 2: Recv/Dropped : 0/3
EDGE (0 ,3) PORT 3: Recv/Dropped : 0/68
EDGE (0 ,3) PORT 4: Recv/Dropped : 0/71
EDGE (0 ,3) PORT 5: Recv/Dropped : 0/84
EDGE (0 ,3) PORT 6: Recv/Dropped : 0/79
EDGE (0 ,3) PORT 7: Recv/Dropped : 0/67
EDGE (1 ,0) PORT 0: Recv/Dropped : 0/77
EDGE (1 ,0) PORT 1: Recv/Dropped : 0/69
EDGE (1 ,0) PORT 2: Recv/Dropped : 0/63
EDGE (1 ,0) PORT 3: Recv/Dropped : 0/3
EDGE (1 ,0) PORT 4: Recv/Dropped : 0/57
EDGE (1 ,0) PORT 5: Recv/Dropped : 0/70
EDGE (1 ,0) PORT 6: Recv/Dropped : 0/69
EDGE (1 ,0) PORT 7: Recv/Dropped : 0/107
EDGE (1 ,1) PORT 0: Recv/Dropped : 0/65
EDGE (1 ,1) PORT 1: Recv/Dropped : 0/70
EDGE (1 ,1) PORT 2: Recv/Dropped : 0/3
EDGE (1 ,1) PORT 3: Recv/Dropped : 0/4
EDGE (1 ,1) PORT 4: Recv/Dropped : 0/35
EDGE (1 ,1) PORT 5: Recv/Dropped : 0/63
EDGE (1 ,1) PORT 6: Recv/Dropped : 0/61
EDGE (1 ,1) PORT 7: Recv/Dropped : 0/46
EDGE (1 ,2) PORT 0: Recv/Dropped : 0/70
EDGE (1 ,2) PORT 1: Recv/Dropped : 0/63
EDGE (1 ,2) PORT 2: Recv/Dropped : 0/63
EDGE (1 ,2) PORT 3: Recv/Dropped : 0/63
EDGE (1 ,2) PORT 4: Recv/Dropped : 0/116
EDGE (1 ,2) PORT 5: Recv/Dropped : 0/81
EDGE (1 ,2) PORT 6: Recv/Dropped : 0/91
EDGE (1 ,2) PORT 7: Recv/Dropped : 0/107
EDGE (1 ,3) PORT 0: Recv/Dropped : 0/3
EDGE (1 ,3) PORT 1: Recv/Dropped : 0/63
EDGE (1 ,3) PORT 2: Recv/Dropped : 0/71
EDGE (1 ,3) PORT 3: Recv/Dropped : 0/3
EDGE (1 ,3) PORT 4: Recv/Dropped : 0/56
EDGE (1 ,3) PORT 5: Recv/Dropped : 0/52
EDGE (1 ,3) PORT 6: Recv/Dropped : 0/37
EDGE (1 ,3) PORT 7: Recv/Dropped : 0/59
EDGE (2 ,0) PORT 0: Recv/Dropped : 0/62
EDGE (2 ,0) PORT 1: Recv/Dropped : 0/64
EDGE (2 ,0) PORT 2: Recv/Dropped : 0/63
EDGE (2 ,0) PORT 3: Recv/Dropped : 0/63
EDGE (2 ,0) PORT 4: Recv/Dropped : 0/83
EDGE (2 ,0) PORT 5: Recv/Dropped : 0/127
EDGE (2 ,0) PORT 6: Recv/Dropped : 0/81
EDGE (2 ,0) PORT 7: Recv/Dropped : 0/107
EDGE (2 ,1) PORT 0: Recv/Dropped : 0/63
EDGE (2 ,1) PORT 1: Recv/Dropped : 0/63
EDGE (2 ,1) PORT 2: Recv/Dropped : 0/63
EDGE (2 ,1) PORT 3: Recv/Dropped : 0/68
EDGE (2 ,1) PORT 4: Recv/Dropped : 0/77
EDGE (2 ,1) PORT 5: Recv/Dropped : 0/104
EDGE (2 ,1) PORT 6: Recv/Dropped : 0/103
EDGE (2 ,1) PORT 7: Recv/Dropped : 0/111
EDGE (2 ,2) PORT 0: Recv/Dropped : 0/63
EDGE (2 ,2) PORT 1: Recv/Dropped : 0/63
EDGE (2 ,2) PORT 2: Recv/Dropped : 0/63
EDGE (2 ,2) PORT 3: Recv/Dropped : 0/71
EDGE (2 ,2) PORT 4: Recv/Dropped : 0/92
EDGE (2 ,2) PORT 5: Recv/Dropped : 0/86
EDGE (2 ,2) PORT 6: Recv/Dropped : 0/107
EDGE (2 ,2) PORT 7: Recv/Dropped : 0/111
EDGE (2 ,3) PORT 0: Recv/Dropped : 0/2
EDGE (2 ,3) PORT 1: Recv/Dropped : 0/2
EDGE (2 ,3) PORT 2: Recv/Dropped : 0/2
EDGE (2 ,3) PORT 3: Recv/Dropped : 0/2
EDGE (2 ,3) PORT 4: Recv/Dropped : 0/8
EDGE (2 ,3) PORT 5: Recv/Dropped : 0/4
EDGE (2 ,3) PORT 6: Recv/Dropped : 0/5
EDGE (2 ,3) PORT 7: Recv/Dropped : 0/2
EDGE (3 ,0) PORT 0: Recv/Dropped : 0/63
EDGE (3 ,0) PORT 1: Recv/Dropped : 0/63
EDGE (3 ,0) PORT 2: Recv/Dropped : 0/2
EDGE (3 ,0) PORT 3: Recv/Dropped : 0/70
EDGE (3 ,0) PORT 4: Recv/Dropped : 0/57
EDGE (3 ,0) PORT 5: Recv/Dropped : 0/85
EDGE (3 ,0) PORT 6: Recv/Dropped : 0/74
EDGE (3 ,0) PORT 7: Recv/Dropped : 0/83
EDGE (3 ,1) PORT 0: Recv/Dropped : 0/2
EDGE (3 ,1) PORT 1: Recv/Dropped : 0/63
EDGE (3 ,1) PORT 2: Recv/Dropped : 0/66
EDGE (3 ,1) PORT 3: Recv/Dropped : 0/2
EDGE (3 ,1) PORT 4: Recv/Dropped : 0/55
EDGE (3 ,1) PORT 5: Recv/Dropped : 0/59
EDGE (3 ,1) PORT 6: Recv/Dropped : 0/44
EDGE (3 ,1) PORT 7: Recv/Dropped : 0/49
EDGE (3 ,2) PORT 0: Recv/Dropped : 0/2
EDGE (3 ,2) PORT 1: Recv/Dropped : 0/66
EDGE (3 ,2) PORT 2: Recv/Dropped : 0/67
EDGE (3 ,2) PORT 3: Recv/Dropped : 0/74
EDGE (3 ,2) PORT 4: Recv/Dropped : 0/83
EDGE (3 ,2) PORT 5: Recv/Dropped : 0/82
EDGE (3 ,2) PORT 6: Recv/Dropped : 0/67
EDGE (3 ,2) PORT 7: Recv/Dropped : 0/69
EDGE (3 ,3) PORT 0: Recv/Dropped : 0/66
EDGE (3 ,3) PORT 1: Recv/Dropped : 0/67
EDGE (3 ,3) PORT 2: Recv/Dropped : 0/2
EDGE (3 ,3) PORT 3: Recv/Dropped : 0/2
EDGE (3 ,3) PORT 4: Recv/Dropped : 0/49
EDGE (3 ,3) PORT 5: Recv/Dropped : 0/50
EDGE (3 ,3) PORT 6: Recv/Dropped : 0/72
EDGE (3 ,3) PORT 7: Recv/Dropped : 0/39
EDGE (4 ,0) PORT 0: Recv/Dropped : 0/63
EDGE (4 ,0) PORT 1: Recv/Dropped : 0/2
EDGE (4 ,0) PORT 2: Recv/Dropped : 0/67
EDGE (4 ,0) PORT 3: Recv/Dropped : 0/2
EDGE (4 ,0) PORT 4: Recv/Dropped : 0/62
EDGE (4 ,0) PORT 5: Recv/Dropped : 0/47
EDGE (4 ,0) PORT 6: Recv/Dropped : 0/57
EDGE (4 ,0) PORT 7: Recv/Dropped : 0/43
EDGE (4 ,1) PORT 0: Recv/Dropped : 0/2
EDGE (4 ,1) PORT 1: Recv/Dropped : 0/66
EDGE (4 ,1) PORT 2: Recv/Dropped : 0/2
EDGE (4 ,1) PORT 3: Recv/Dropped : 0/67
EDGE (4 ,1) PORT 4: Recv/Dropped : 0/61
EDGE (4 ,1) PORT 5: Recv/Dropped : 0/53
EDGE (4 ,1) PORT 6: Recv/Dropped : 0/45
EDGE (4 ,1) PORT 7: Recv/Dropped : 0/47
EDGE (4 ,2) PORT 0: Recv/Dropped : 0/67
EDGE (4 ,2) PORT 1: Recv/Dropped : 0/66
EDGE (4 ,2) PORT 2: Recv/Dropped : 0/66
EDGE (4 ,2) PORT 3: Recv/Dropped : 0/2
EDGE (4 ,2) PORT 4: Recv/Dropped : 0/56
EDGE (4 ,2) PORT 5: Recv/Dropped : 0/72
EDGE (4 ,2) PORT 6: Recv/Dropped : 0/90
EDGE (4 ,2) PORT 7: Recv/Dropped : 0/87
EDGE (4 ,3) PORT 0: Recv/Dropped : 0/66
EDGE (4 ,3) PORT 1: Recv/Dropped : 0/2
EDGE (4 ,3) PORT 2: Recv/Dropped : 0/4
EDGE (4 ,3) PORT 3: Recv/Dropped : 0/2
EDGE (4 ,3) PORT 4: Recv/Dropped : 0/40
EDGE (4 ,3) PORT 5: Recv/Dropped : 0/22
EDGE (4 ,3) PORT 6: Recv/Dropped : 0/26
EDGE (4 ,3) PORT 7: Recv/Dropped : 0/25
EDGE (5 ,0) PORT 0: Recv/Dropped : 0/63
EDGE (5 ,0) PORT 1: Recv/Dropped : 0/2
EDGE (5 ,0) PORT 2: Recv/Dropped : 0/2
EDGE (5 ,0) PORT 3: Recv/Dropped : 0/2
EDGE (5 ,0) PORT 4: Recv/Dropped : 0/36
EDGE (5 ,0) PORT 5: Recv/Dropped : 0/34
EDGE (5 ,0) PORT 6: Recv/Dropped : 0/17
EDGE (5 ,0) PORT 7: Recv/Dropped : 0/27
EDGE (5 ,1) PORT 0: Recv/Dropped : 0/2
EDGE (5 ,1) PORT 1: Recv/Dropped : 0/2
EDGE (5 ,1) PORT 2: Recv/Dropped : 0/2
EDGE (5 ,1) PORT 3: Recv/Dropped : 0/2
EDGE (5 ,1) PORT 4: Recv/Dropped : 0/9
EDGE (5 ,1) PORT 5: Recv/Dropped : 0/9
EDGE (5 ,1) PORT 6: Recv/Dropped : 0/2
EDGE (5 ,1) PORT 7: Recv/Dropped : 0/0
EDGE (5 ,2) PORT 0: Recv/Dropped : 0/2
EDGE (5 ,2) PORT 1: Recv/Dropped : 0/66
EDGE (5 ,2) PORT 2: Recv/Dropped : 0/2
EDGE (5 ,2) PORT 3: Recv/Dropped : 0/2
EDGE (5 ,2) PORT 4: Recv/Dropped : 0/26
EDGE (5 ,2) PORT 5: Recv/Dropped : 0/40
EDGE (5 ,2) PORT 6: Recv/Dropped : 0/21
EDGE (5 ,2) PORT 7: Recv/Dropped : 0/28
EDGE (5 ,3) PORT 0: Recv/Dropped : 0/2
EDGE (5 ,3) PORT 1: Recv/Dropped : 0/66
EDGE (5 ,3) PORT 2: Recv/Dropped : 0/2
EDGE (5 ,3) PORT 3: Recv/Dropped : 0/66
EDGE (5 ,3) PORT 4: Recv/Dropped : 0/56
EDGE (5 ,3) PORT 5: Recv/Dropped : 0/52
EDGE (5 ,3) PORT 6: Recv/Dropped : 0/59
EDGE (5 ,3) PORT 7: Recv/Dropped : 0/42
EDGE (6 ,0) PORT 0: Recv/Dropped : 0/66
EDGE (6 ,0) PORT 1: Recv/Dropped : 0/2
EDGE (6 ,0) PORT 2: Recv/Dropped : 0/2
EDGE (6 ,0) PORT 3: Recv/Dropped : 0/2
EDGE (6 ,0) PORT 4: Recv/Dropped : 0/24
EDGE (6 ,0) PORT 5: Recv/Dropped : 0/29
EDGE (6 ,0) PORT 6: Recv/Dropped : 0/31
EDGE (6 ,0) PORT 7: Recv/Dropped : 0/31
EDGE (6 ,1) PORT 0: Recv/Dropped : 0/2
EDGE (6 ,1) PORT 1: Recv/Dropped : 0/71
EDGE (6 ,1) PORT 2: Recv/Dropped : 0/2
EDGE (6 ,1) PORT 3: Recv/Dropped : 0/3
EDGE (6 ,1) PORT 4: Recv/Dropped : 0/32
EDGE (6 ,1) PORT 5: Recv/Dropped : 0/37
EDGE (6 ,1) PORT 6: Recv/Dropped : 0/18
EDGE (6 ,1) PORT 7: Recv/Dropped : 0/25
EDGE (6 ,2) PORT 0: Recv/Dropped : 0/65
EDGE (6 ,2) PORT 1: Recv/Dropped : 0/2
EDGE (6 ,2) PORT 2: Recv/Dropped : 0/2
EDGE (6 ,2) PORT 3: Recv/Dropped : 0/2
EDGE (6 ,2) PORT 4: Recv/Dropped : 0/41
EDGE (6 ,2) PORT 5: Recv/Dropped : 0/11
EDGE (6 ,2) PORT 6: Recv/Dropped : 0/38
EDGE (6 ,2) PORT 7: Recv/Dropped : 0/26
EDGE (6 ,3) PORT 0: Recv/Dropped : 0/65
EDGE (6 ,3) PORT 1: Recv/Dropped : 0/2
EDGE (6 ,3) PORT 2: Recv/Dropped : 0/2
EDGE (6 ,3) PORT 3: Recv/Dropped : 0/4
EDGE (6 ,3) PORT 4: Recv/Dropped : 0/27
EDGE (6 ,3) PORT 5: Recv/Dropped : 0/14
EDGE (6 ,3) PORT 6: Recv/Dropped : 0/36
EDGE (6 ,3) PORT 7: Recv/Dropped : 0/37
EDGE (7 ,0) PORT 0: Recv/Dropped : 0/2
EDGE (7 ,0) PORT 1: Recv/Dropped : 0/2
EDGE (7 ,0) PORT 2: Recv/Dropped : 0/3
EDGE (7 ,0) PORT 3: Recv/Dropped : 0/2
EDGE (7 ,0) PORT 4: Recv/Dropped : 0/1
EDGE (7 ,0) PORT 5: Recv/Dropped : 0/1
EDGE (7 ,0) PORT 6: Recv/Dropped : 0/9
EDGE (7 ,0) PORT 7: Recv/Dropped : 0/9
EDGE (7 ,1) PORT 0: Recv/Dropped : 0/2
EDGE (7 ,1) PORT 1: Recv/Dropped : 0/2
EDGE (7 ,1) PORT 2: Recv/Dropped : 0/66
EDGE (7 ,1) PORT 3: Recv/Dropped : 0/2
EDGE (7 ,1) PORT 4: Recv/Dropped : 0/22
EDGE (7 ,1) PORT 5: Recv/Dropped : 0/21
EDGE (7 ,1) PORT 6: Recv/Dropped : 0/34
EDGE (7 ,1) PORT 7: Recv/Dropped : 0/38
EDGE (7 ,2) PORT 0: Recv/Dropped : 0/2
EDGE (7 ,2) PORT 1: Recv/Dropped : 0/3
EDGE (7 ,2) PORT 2: Recv/Dropped : 0/2
EDGE (7 ,2) PORT 3: Recv/Dropped : 0/2
EDGE (7 ,2) PORT 4: Recv/Dropped : 0/9
EDGE (7 ,2) PORT 5: Recv/Dropped : 0/1
EDGE (7 ,2) PORT 6: Recv/Dropped : 0/1
EDGE (7 ,2) PORT 7: Recv/Dropped : 0/9
EDGE (7 ,3) PORT 0: Recv/Dropped : 0/2
EDGE (7 ,3) PORT 1: Recv/Dropped : 0/2
EDGE (7 ,3) PORT 2: Recv/Dropped : 0/3
EDGE (7 ,3) PORT 3: Recv/Dropped : 0/4
EDGE (7 ,3) PORT 4: Recv/Dropped : 0/6
EDGE (7 ,3) PORT 5: Recv/Dropped : 0/4
EDGE (7 ,3) PORT 6: Recv/Dropped : 0/5
EDGE (7 ,3) PORT 7: Recv/Dropped : 0/4
 -- AGG QUEUE STATISTICS --
AGG (0 ,0) PORT 0: Recv/Dropped : 0/1486
AGG (0 ,0) PORT 1: Recv/Dropped : 0/1551
AGG (0 ,0) PORT 2: Recv/Dropped : 0/1532
AGG (0 ,0) PORT 3: Recv/Dropped : 0/1584
AGG (0 ,0) PORT 4: Recv/Dropped : 0/264
AGG (0 ,0) PORT 5: Recv/Dropped : 0/186
AGG (0 ,0) PORT 6: Recv/Dropped : 0/196
AGG (0 ,0) PORT 7: Recv/Dropped : 0/205
AGG (0 ,1) PORT 0: Recv/Dropped : 0/46
AGG (0 ,1) PORT 1: Recv/Dropped : 0/70
AGG (0 ,1) PORT 2: Recv/Dropped : 0/61
AGG (0 ,1) PORT 3: Recv/Dropped : 0/48
AGG (0 ,1) PORT 4: Recv/Dropped : 0/239
AGG (0 ,1) PORT 5: Recv/Dropped : 0/238
AGG (0 ,1) PORT 6: Recv/Dropped : 0/226
AGG (0 ,1) PORT 7: Recv/Dropped : 0/247
AGG (0 ,2) PORT 0: Recv/Dropped : 0/60
AGG (0 ,2) PORT 1: Recv/Dropped : 0/38
AGG (0 ,2) PORT 2: Recv/Dropped : 0/64
AGG (0 ,2) PORT 3: Recv/Dropped : 0/48
AGG (0 ,2) PORT 4: Recv/Dropped : 0/196
AGG (0 ,2) PORT 5: Recv/Dropped : 0/206
AGG (0 ,2) PORT 6: Recv/Dropped : 0/183
AGG (0 ,2) PORT 7: Recv/Dropped : 0/217
AGG (0 ,3) PORT 0: Recv/Dropped : 0/51
AGG (0 ,3) PORT 1: Recv/Dropped : 0/52
AGG (0 ,3) PORT 2: Recv/Dropped : 0/37
AGG (0 ,3) PORT 3: Recv/Dropped : 0/56
AGG (0 ,3) PORT 4: Recv/Dropped : 0/195
AGG (0 ,3) PORT 5: Recv/Dropped : 0/208
AGG (0 ,3) PORT 6: Recv/Dropped : 0/222
AGG (0 ,3) PORT 7: Recv/Dropped : 0/205
AGG (1 ,0) PORT 0: Recv/Dropped : 0/64
AGG (1 ,0) PORT 1: Recv/Dropped : 0/62
AGG (1 ,0) PORT 2: Recv/Dropped : 0/43
AGG (1 ,0) PORT 3: Recv/Dropped : 0/43
AGG (1 ,0) PORT 4: Recv/Dropped : 0/49
AGG (1 ,0) PORT 5: Recv/Dropped : 0/63
AGG (1 ,0) PORT 6: Recv/Dropped : 0/73
AGG (1 ,0) PORT 7: Recv/Dropped : 0/79
AGG (1 ,1) PORT 0: Recv/Dropped : 0/33
AGG (1 ,1) PORT 1: Recv/Dropped : 0/31
AGG (1 ,1) PORT 2: Recv/Dropped : 0/38
AGG (1 ,1) PORT 3: Recv/Dropped : 0/40
AGG (1 ,1) PORT 4: Recv/Dropped : 0/77
AGG (1 ,1) PORT 5: Recv/Dropped : 0/67
AGG (1 ,1) PORT 6: Recv/Dropped : 0/58
AGG (1 ,1) PORT 7: Recv/Dropped : 0/64
AGG (1 ,2) PORT 0: Recv/Dropped : 0/55
AGG (1 ,2) PORT 1: Recv/Dropped : 0/66
AGG (1 ,2) PORT 2: Recv/Dropped : 0/66
AGG (1 ,2) PORT 3: Recv/Dropped : 0/72
AGG (1 ,2) PORT 4: Recv/Dropped : 0/55
AGG (1 ,2) PORT 5: Recv/Dropped : 0/79
AGG (1 ,2) PORT 6: Recv/Dropped : 0/73
AGG (1 ,2) PORT 7: Recv/Dropped : 0/51
AGG (1 ,3) PORT 0: Recv/Dropped : 0/34
AGG (1 ,3) PORT 1: Recv/Dropped : 0/31
AGG (1 ,3) PORT 2: Recv/Dropped : 0/46
AGG (1 ,3) PORT 3: Recv/Dropped : 0/29
AGG (1 ,3) PORT 4: Recv/Dropped : 0/58
AGG (1 ,3) PORT 5: Recv/Dropped : 0/101
AGG (1 ,3) PORT 6: Recv/Dropped : 0/84
AGG (1 ,3) PORT 7: Recv/Dropped : 0/76
AGG (2 ,0) PORT 0: Recv/Dropped : 0/60
AGG (2 ,0) PORT 1: Recv/Dropped : 0/68
AGG (2 ,0) PORT 2: Recv/Dropped : 0/67
AGG (2 ,0) PORT 3: Recv/Dropped : 0/57
AGG (2 ,0) PORT 4: Recv/Dropped : 0/76
AGG (2 ,0) PORT 5: Recv/Dropped : 0/46
AGG (2 ,0) PORT 6: Recv/Dropped : 0/60
AGG (2 ,0) PORT 7: Recv/Dropped : 0/78
AGG (2 ,1) PORT 0: Recv/Dropped : 0/66
AGG (2 ,1) PORT 1: Recv/Dropped : 0/76
AGG (2 ,1) PORT 2: Recv/Dropped : 0/51
AGG (2 ,1) PORT 3: Recv/Dropped : 0/64
AGG (2 ,1) PORT 4: Recv/Dropped : 0/79
AGG (2 ,1) PORT 5: Recv/Dropped : 0/80
AGG (2 ,1) PORT 6: Recv/Dropped : 0/72
AGG (2 ,1) PORT 7: Recv/Dropped : 0/90
AGG (2 ,2) PORT 0: Recv/Dropped : 0/79
AGG (2 ,2) PORT 1: Recv/Dropped : 0/78
AGG (2 ,2) PORT 2: Recv/Dropped : 0/45
AGG (2 ,2) PORT 3: Recv/Dropped : 0/58
AGG (2 ,2) PORT 4: Recv/Dropped : 0/78
AGG (2 ,2) PORT 5: Recv/Dropped : 0/71
AGG (2 ,2) PORT 6: Recv/Dropped : 0/81
AGG (2 ,2) PORT 7: Recv/Dropped : 0/66
AGG (2 ,3) PORT 0: Recv/Dropped : 0/2
AGG (2 ,3) PORT 1: Recv/Dropped : 0/2
AGG (2 ,3) PORT 2: Recv/Dropped : 0/2
AGG (2 ,3) PORT 3: Recv/Dropped : 0/2
AGG (2 ,3) PORT 4: Recv/Dropped : 0/103
AGG (2 ,3) PORT 5: Recv/Dropped : 0/82
AGG (2 ,3) PORT 6: Recv/Dropped : 0/87
AGG (2 ,3) PORT 7: Recv/Dropped : 0/59
AGG (3 ,0) PORT 0: Recv/Dropped : 0/37
AGG (3 ,0) PORT 1: Recv/Dropped : 0/65
AGG (3 ,0) PORT 2: Recv/Dropped : 0/40
AGG (3 ,0) PORT 3: Recv/Dropped : 0/56
AGG (3 ,0) PORT 4: Recv/Dropped : 0/74
AGG (3 ,0) PORT 5: Recv/Dropped : 0/46
AGG (3 ,0) PORT 6: Recv/Dropped : 0/65
AGG (3 ,0) PORT 7: Recv/Dropped : 0/59
AGG (3 ,1) PORT 0: Recv/Dropped : 0/31
AGG (3 ,1) PORT 1: Recv/Dropped : 0/41
AGG (3 ,1) PORT 2: Recv/Dropped : 0/29
AGG (3 ,1) PORT 3: Recv/Dropped : 0/32
AGG (3 ,1) PORT 4: Recv/Dropped : 0/69
AGG (3 ,1) PORT 5: Recv/Dropped : 0/69
AGG (3 ,1) PORT 6: Recv/Dropped : 0/69
AGG (3 ,1) PORT 7: Recv/Dropped : 0/69
AGG (3 ,2) PORT 0: Recv/Dropped : 0/55
AGG (3 ,2) PORT 1: Recv/Dropped : 0/54
AGG (3 ,2) PORT 2: Recv/Dropped : 0/51
AGG (3 ,2) PORT 3: Recv/Dropped : 0/49
AGG (3 ,2) PORT 4: Recv/Dropped : 0/69
AGG (3 ,2) PORT 5: Recv/Dropped : 0/55
AGG (3 ,2) PORT 6: Recv/Dropped : 0/64
AGG (3 ,2) PORT 7: Recv/Dropped : 0/69
AGG (3 ,3) PORT 0: Recv/Dropped : 0/40
AGG (3 ,3) PORT 1: Recv/Dropped : 0/36
AGG (3 ,3) PORT 2: Recv/Dropped : 0/36
AGG (3 ,3) PORT 3: Recv/Dropped : 0/25
AGG (3 ,3) PORT 4: Recv/Dropped : 0/52
AGG (3 ,3) PORT 5: Recv/Dropped : 0/69
AGG (3 ,3) PORT 6: Recv/Dropped : 0/75
AGG (3 ,3) PORT 7: Recv/Dropped : 0/44
AGG (4 ,0) PORT 0: Recv/Dropped : 0/14
AGG (4 ,0) PORT 1: Recv/Dropped : 0/44
AGG (4 ,0) PORT 2: Recv/Dropped : 0/40
AGG (4 ,0) PORT 3: Recv/Dropped : 0/36
AGG (4 ,0) PORT 4: Recv/Dropped : 0/57
AGG (4 ,0) PORT 5: Recv/Dropped : 0/55
AGG (4 ,0) PORT 6: Recv/Dropped : 0/54
AGG (4 ,0) PORT 7: Recv/Dropped : 0/53
AGG (4 ,1) PORT 0: Recv/Dropped : 0/33
AGG (4 ,1) PORT 1: Recv/Dropped : 0/28
AGG (4 ,1) PORT 2: Recv/Dropped : 0/45
AGG (4 ,1) PORT 3: Recv/Dropped : 0/31
AGG (4 ,1) PORT 4: Recv/Dropped : 0/62
AGG (4 ,1) PORT 5: Recv/Dropped : 0/51
AGG (4 ,1) PORT 6: Recv/Dropped : 0/33
AGG (4 ,1) PORT 7: Recv/Dropped : 0/48
AGG (4 ,2) PORT 0: Recv/Dropped : 0/50
AGG (4 ,2) PORT 1: Recv/Dropped : 0/50
AGG (4 ,2) PORT 2: Recv/Dropped : 0/53
AGG (4 ,2) PORT 3: Recv/Dropped : 0/48
AGG (4 ,2) PORT 4: Recv/Dropped : 0/46
AGG (4 ,2) PORT 5: Recv/Dropped : 0/53
AGG (4 ,2) PORT 6: Recv/Dropped : 0/58
AGG (4 ,2) PORT 7: Recv/Dropped : 0/61
AGG (4 ,3) PORT 0: Recv/Dropped : 0/18
AGG (4 ,3) PORT 1: Recv/Dropped : 0/18
AGG (4 ,3) PORT 2: Recv/Dropped : 0/12
AGG (4 ,3) PORT 3: Recv/Dropped : 0/26
AGG (4 ,3) PORT 4: Recv/Dropped : 0/65
AGG (4 ,3) PORT 5: Recv/Dropped : 0/54
AGG (4 ,3) PORT 6: Recv/Dropped : 0/43
AGG (4 ,3) PORT 7: Recv/Dropped : 0/40
AGG (5 ,0) PORT 0: Recv/Dropped : 0/21
AGG (5 ,0) PORT 1: Recv/Dropped : 0/24
AGG (5 ,0) PORT 2: Recv/Dropped : 0/12
AGG (5 ,0) PORT 3: Recv/Dropped : 0/12
AGG (5 ,0) PORT 4: Recv/Dropped : 0/34
AGG (5 ,0) PORT 5: Recv/Dropped : 0/28
AGG (5 ,0) PORT 6: Recv/Dropped : 0/25
AGG (5 ,0) PORT 7: Recv/Dropped : 0/40
AGG (5 ,1) PORT 0: Recv/Dropped : 0/3
AGG (5 ,1) PORT 1: Recv/Dropped : 0/0
AGG (5 ,1) PORT 2: Recv/Dropped : 0/3
AGG (5 ,1) PORT 3: Recv/Dropped : 0/2
AGG (5 ,1) PORT 4: Recv/Dropped : 0/27
AGG (5 ,1) PORT 5: Recv/Dropped : 0/37
AGG (5 ,1) PORT 6: Recv/Dropped : 0/50
AGG (5 ,1) PORT 7: Recv/Dropped : 0/21
AGG (5 ,2) PORT 0: Recv/Dropped : 0/8
AGG (5 ,2) PORT 1: Recv/Dropped : 0/36
AGG (5 ,2) PORT 2: Recv/Dropped : 0/18
AGG (5 ,2) PORT 3: Recv/Dropped : 0/10
AGG (5 ,2) PORT 4: Recv/Dropped : 0/30
AGG (5 ,2) PORT 5: Recv/Dropped : 0/19
AGG (5 ,2) PORT 6: Recv/Dropped : 0/31
AGG (5 ,2) PORT 7: Recv/Dropped : 0/19
AGG (5 ,3) PORT 0: Recv/Dropped : 0/40
AGG (5 ,3) PORT 1: Recv/Dropped : 0/30
AGG (5 ,3) PORT 2: Recv/Dropped : 0/30
AGG (5 ,3) PORT 3: Recv/Dropped : 0/36
AGG (5 ,3) PORT 4: Recv/Dropped : 0/21
AGG (5 ,3) PORT 5: Recv/Dropped : 0/34
AGG (5 ,3) PORT 6: Recv/Dropped : 0/16
AGG (5 ,3) PORT 7: Recv/Dropped : 0/26
AGG (6 ,0) PORT 0: Recv/Dropped : 0/17
AGG (6 ,0) PORT 1: Recv/Dropped : 0/19
AGG (6 ,0) PORT 2: Recv/Dropped : 0/15
AGG (6 ,0) PORT 3: Recv/Dropped : 0/21
AGG (6 ,0) PORT 4: Recv/Dropped : 0/25
AGG (6 ,0) PORT 5: Recv/Dropped : 0/31
AGG (6 ,0) PORT 6: Recv/Dropped : 0/28
AGG (6 ,0) PORT 7: Recv/Dropped : 0/40
AGG (6 ,1) PORT 0: Recv/Dropped : 0/19
AGG (6 ,1) PORT 1: Recv/Dropped : 0/14
AGG (6 ,1) PORT 2: Recv/Dropped : 0/26
AGG (6 ,1) PORT 3: Recv/Dropped : 0/19
AGG (6 ,1) PORT 4: Recv/Dropped : 0/12
AGG (6 ,1) PORT 5: Recv/Dropped : 0/16
AGG (6 ,1) PORT 6: Recv/Dropped : 0/29
AGG (6 ,1) PORT 7: Recv/Dropped : 0/34
AGG (6 ,2) PORT 0: Recv/Dropped : 0/23
AGG (6 ,2) PORT 1: Recv/Dropped : 0/19
AGG (6 ,2) PORT 2: Recv/Dropped : 0/10
AGG (6 ,2) PORT 3: Recv/Dropped : 0/19
AGG (6 ,2) PORT 4: Recv/Dropped : 0/21
AGG (6 ,2) PORT 5: Recv/Dropped : 0/34
AGG (6 ,2) PORT 6: Recv/Dropped : 0/40
AGG (6 ,2) PORT 7: Recv/Dropped : 0/28
AGG (6 ,3) PORT 0: Recv/Dropped : 0/23
AGG (6 ,3) PORT 1: Recv/Dropped : 0/23
AGG (6 ,3) PORT 2: Recv/Dropped : 0/15
AGG (6 ,3) PORT 3: Recv/Dropped : 0/12
AGG (6 ,3) PORT 4: Recv/Dropped : 0/30
AGG (6 ,3) PORT 5: Recv/Dropped : 0/49
AGG (6 ,3) PORT 6: Recv/Dropped : 0/20
AGG (6 ,3) PORT 7: Recv/Dropped : 0/20
AGG (7 ,0) PORT 0: Recv/Dropped : 0/1
AGG (7 ,0) PORT 1: Recv/Dropped : 0/4
AGG (7 ,0) PORT 2: Recv/Dropped : 0/1
AGG (7 ,0) PORT 3: Recv/Dropped : 0/3
AGG (7 ,0) PORT 4: Recv/Dropped : 0/19
AGG (7 ,0) PORT 5: Recv/Dropped : 0/12
AGG (7 ,0) PORT 6: Recv/Dropped : 0/6
AGG (7 ,0) PORT 7: Recv/Dropped : 0/1
AGG (7 ,1) PORT 0: Recv/Dropped : 0/17
AGG (7 ,1) PORT 1: Recv/Dropped : 0/26
AGG (7 ,1) PORT 2: Recv/Dropped : 0/5
AGG (7 ,1) PORT 3: Recv/Dropped : 0/24
AGG (7 ,1) PORT 4: Recv/Dropped : 0/8
AGG (7 ,1) PORT 5: Recv/Dropped : 0/6
AGG (7 ,1) PORT 6: Recv/Dropped : 0/4
AGG (7 ,1) PORT 7: Recv/Dropped : 0/9
AGG (7 ,2) PORT 0: Recv/Dropped : 0/3
AGG (7 ,2) PORT 1: Recv/Dropped : 0/2
AGG (7 ,2) PORT 2: Recv/Dropped : 0/0
AGG (7 ,2) PORT 3: Recv/Dropped : 0/4
AGG (7 ,2) PORT 4: Recv/Dropped : 0/14
AGG (7 ,2) PORT 5: Recv/Dropped : 0/12
AGG (7 ,2) PORT 6: Recv/Dropped : 0/15
AGG (7 ,2) PORT 7: Recv/Dropped : 0/8
AGG (7 ,3) PORT 0: Recv/Dropped : 0/5
AGG (7 ,3) PORT 1: Recv/Dropped : 0/3
AGG (7 ,3) PORT 2: Recv/Dropped : 0/3
AGG (7 ,3) PORT 3: Recv/Dropped : 0/0
AGG (7 ,3) PORT 4: Recv/Dropped : 0/24
AGG (7 ,3) PORT 5: Recv/Dropped : 0/9
AGG (7 ,3) PORT 6: Recv/Dropped : 0/15
AGG (7 ,3) PORT 7: Recv/Dropped : 0/12


TOTAL RECEIVED PACKETS = 39616
TOTAL DROPPED PACKETS = 242