QUEUE STATISTICS FOR EXPERIMENT 9256
---------------------------
 -- EDGE QUEUE STATISTICS --
EDGE (0 ,0) PORT 0: Recv/Dropped : 374/7586
EDGE (0 ,0) PORT 1: Recv/Dropped : 0/83
EDGE (0 ,0) PORT 2: Recv/Dropped : 0/73
EDGE (0 ,0) PORT 3: Recv/Dropped : 0/68
EDGE (0 ,0) PORT 4: Recv/Dropped : 0/1277
EDGE (0 ,0) PORT 5: Recv/Dropped : 0/1357
EDGE (0 ,0) PORT 6: Recv/Dropped : 0/1251
EDGE (0 ,0) PORT 7: Recv/Dropped : 0/1239
EDGE (0 ,1) PORT 0: Recv/Dropped : 0/77
EDGE (0 ,1) PORT 1: Recv/Dropped : 0/77
EDGE (0 ,1) PORT 2: Recv/Dropped : 0/66
EDGE (0 ,1) PORT 3: Recv/Dropped : 0/77
EDGE (0 ,1) PORT 4: Recv/Dropped : 0/98
EDGE (0 ,1) PORT 5: Recv/Dropped : 0/96
EDGE (0 ,1) PORT 6: Recv/Dropped : 0/104
EDGE (0 ,1) PORT 7: Recv/Dropped : 0/117
EDGE (0 ,2) PORT 0: Recv/Dropped : 0/68
EDGE (0 ,2) PORT 1: Recv/Dropped : 0/70
EDGE (0 ,2) PORT 2: Recv/Dropped : 0/69
EDGE (0 ,2) PORT 3: Recv/Dropped : 0/77
EDGE (0 ,2) PORT 4: Recv/Dropped : 0/84
EDGE (0 ,2) PORT 5: Recv/Dropped : 0/105
EDGE (0 ,2) PORT 6: Recv/Dropped : 0/102
EDGE (0 ,2) PORT 7: Recv/Dropped : 0/106
EDGE (0 ,3) PORT 0: Recv/Dropped : 0/65
EDGE (0 ,3) PORT 1: Recv/Dropped : 0/4
EDGE (0 ,3) PORT 2: Recv/Dropped : 0/2
EDGE (0 ,3) PORT 3: Recv/Dropped : 0/5
EDGE (0 ,3) PORT 4: Recv/Dropped : 0/29
EDGE (0 ,3) PORT 5: Recv/Dropped : 0/33
EDGE (0 ,3) PORT 6: Recv/Dropped : 0/31
EDGE (0 ,3) PORT 7: Recv/Dropped : 0/24
EDGE (1 ,0) PORT 0: Recv/Dropped : 0/79
EDGE (1 ,0) PORT 1: Recv/Dropped : 0/66
EDGE (1 ,0) PORT 2: Recv/Dropped : 0/66
EDGE (1 ,0) PORT 3: Recv/Dropped : 0/2
EDGE (1 ,0) PORT 4: Recv/Dropped : 0/72
EDGE (1 ,0) PORT 5: Recv/Dropped : 0/84
EDGE (1 ,0) PORT 6: Recv/Dropped : 0/68
EDGE (1 ,0) PORT 7: Recv/Dropped : 0/89
EDGE (1 ,1) PORT 0: Recv/Dropped : 0/67
EDGE (1 ,1) PORT 1: Recv/Dropped : 0/65
EDGE (1 ,1) PORT 2: Recv/Dropped : 0/64
EDGE (1 ,1) PORT 3: Recv/Dropped : 0/2
EDGE (1 ,1) PORT 4: Recv/Dropped : 0/67
EDGE (1 ,1) PORT 5: Recv/Dropped : 0/76
EDGE (1 ,1) PORT 6: Recv/Dropped : 0/83
EDGE (1 ,1) PORT 7: Recv/Dropped : 0/77
EDGE (1 ,2) PORT 0: Recv/Dropped : 0/68
EDGE (1 ,2) PORT 1: Recv/Dropped : 0/79
EDGE (1 ,2) PORT 2: Recv/Dropped : 0/4
EDGE (1 ,2) PORT 3: Recv/Dropped : 0/3
EDGE (1 ,2) PORT 4: Recv/Dropped : 0/60
EDGE (1 ,2) PORT 5: Recv/Dropped : 0/49
EDGE (1 ,2) PORT 6: Recv/Dropped : 0/49
EDGE (1 ,2) PORT 7: Recv/Dropped : 0/55
EDGE (1 ,3) PORT 0: Recv/Dropped : 0/65
EDGE (1 ,3) PORT 1: Recv/Dropped : 0/4
EDGE (1 ,3) PORT 2: Recv/Dropped : 0/2
EDGE (1 ,3) PORT 3: Recv/Dropped : 0/66
EDGE (1 ,3) PORT 4: Recv/Dropped : 0/57
EDGE (1 ,3) PORT 5: Recv/Dropped : 0/45
EDGE (1 ,3) PORT 6: Recv/Dropped : 0/51
EDGE (1 ,3) PORT 7: Recv/Dropped : 0/59
EDGE (2 ,0) PORT 0: Recv/Dropped : 0/66
EDGE (2 ,0) PORT 1: Recv/Dropped : 0/69
EDGE (2 ,0) PORT 2: Recv/Dropped : 0/64
EDGE (2 ,0) PORT 3: Recv/Dropped : 0/3
EDGE (2 ,0) PORT 4: Recv/Dropped : 0/74
EDGE (2 ,0) PORT 5: Recv/Dropped : 0/84
EDGE (2 ,0) PORT 6: Recv/Dropped : 0/73
EDGE (2 ,0) PORT 7: Recv/Dropped : 0/75
EDGE (2 ,1) PORT 0: Recv/Dropped : 0/68
EDGE (2 ,1) PORT 1: Recv/Dropped : 0/64
EDGE (2 ,1) PORT 2: Recv/Dropped : 0/2
EDGE (2 ,1) PORT 3: Recv/Dropped : 0/66
EDGE (2 ,1) PORT 4: Recv/Dropped : 0/66
EDGE (2 ,1) PORT 5: Recv/Dropped : 0/79
EDGE (2 ,1) PORT 6: Recv/Dropped : 0/75
EDGE (2 ,1) PORT 7: Recv/Dropped : 0/86
EDGE (2 ,2) PORT 0: Recv/Dropped : 0/64
EDGE (2 ,2) PORT 1: Recv/Dropped : 0/67
EDGE (2 ,2) PORT 2: Recv/Dropped : 0/5
EDGE (2 ,2) PORT 3: Recv/Dropped : 0/2
EDGE (2 ,2) PORT 4: Recv/Dropped : 0/52
EDGE (2 ,2) PORT 5: Recv/Dropped : 0/50
EDGE (2 ,2) PORT 6: Recv/Dropped : 0/52
EDGE (2 ,2) PORT 7: Recv/Dropped : 0/58
EDGE (2 ,3) PORT 0: Recv/Dropped : 0/3
EDGE (2 ,3) PORT 1: Recv/Dropped : 0/2
EDGE (2 ,3) PORT 2: Recv/Dropped : 0/2
EDGE (2 ,3) PORT 3: Recv/Dropped : 0/3
EDGE (2 ,3) PORT 4: Recv/Dropped : 0/7
EDGE (2 ,3) PORT 5: Recv/Dropped : 0/7
EDGE (2 ,3) PORT 6: Recv/Dropped : 0/5
EDGE (2 ,3) PORT 7: Recv/Dropped : 0/5
EDGE (3 ,0) PORT 0: Recv/Dropped : 0/67
EDGE (3 ,0) PORT 1: Recv/Dropped : 0/3
EDGE (3 ,0) PORT 2: Recv/Dropped : 0/2
EDGE (3 ,0) PORT 3: Recv/Dropped : 0/3
EDGE (3 ,0) PORT 4: Recv/Dropped : 0/25
EDGE (3 ,0) PORT 5: Recv/Dropped : 0/37
EDGE (3 ,0) PORT 6: Recv/Dropped : 0/31
EDGE (3 ,0) PORT 7: Recv/Dropped : 0/25
EDGE (3 ,1) PORT 0: Recv/Dropped : 0/2
EDGE (3 ,1) PORT 1: Recv/Dropped : 0/73
EDGE (3 ,1) PORT 2: Recv/Dropped : 0/67
EDGE (3 ,1) PORT 3: Recv/Dropped : 0/4
EDGE (3 ,1) PORT 4: Recv/Dropped : 0/62
EDGE (3 ,1) PORT 5: Recv/Dropped : 0/49
EDGE (3 ,1) PORT 6: Recv/Dropped : 0/49
EDGE (3 ,1) PORT 7: Recv/Dropped : 0/52
EDGE (3 ,2) PORT 0: Recv/Dropped : 0/2
EDGE (3 ,2) PORT 1: Recv/Dropped : 0/66
EDGE (3 ,2) PORT 2: Recv/Dropped : 0/2
EDGE (3 ,2) PORT 3: Recv/Dropped : 0/72
EDGE (3 ,2) PORT 4: Recv/Dropped : 0/61
EDGE (3 ,2) PORT 5: Recv/Dropped : 0/56
EDGE (3 ,2) PORT 6: Recv/Dropped : 0/51
EDGE (3 ,2) PORT 7: Recv/Dropped : 0/47
EDGE (3 ,3) PORT 0: Recv/Dropped : 0/4
EDGE (3 ,3) PORT 1: Recv/Dropped : 0/2
EDGE (3 ,3) PORT 2: Recv/Dropped : 0/3
EDGE (3 ,3) PORT 3: Recv/Dropped : 0/69
EDGE (3 ,3) PORT 4: Recv/Dropped : 0/28
EDGE (3 ,3) PORT 5: Recv/Dropped : 0/32
EDGE (3 ,3) PORT 6: Recv/Dropped : 0/40
EDGE (3 ,3) PORT 7: Recv/Dropped : 0/22
EDGE (4 ,0) PORT 0: Recv/Dropped : 0/67
EDGE (4 ,0) PORT 1: Recv/Dropped : 0/2
EDGE (4 ,0) PORT 2: Recv/Dropped : 0/4
EDGE (4 ,0) PORT 3: Recv/Dropped : 0/73
EDGE (4 ,0) PORT 4: Recv/Dropped : 0/56
EDGE (4 ,0) PORT 5: Recv/Dropped : 0/58
EDGE (4 ,0) PORT 6: Recv/Dropped : 0/54
EDGE (4 ,0) PORT 7: Recv/Dropped : 0/44
EDGE (4 ,1) PORT 0: Recv/Dropped : 0/3
EDGE (4 ,1) PORT 1: Recv/Dropped : 0/2
EDGE (4 ,1) PORT 2: Recv/Dropped : 0/2
EDGE (4 ,1) PORT 3: Recv/Dropped : 0/4
EDGE (4 ,1) PORT 4: Recv/Dropped : 0/9
EDGE (4 ,1) PORT 5: Recv/Dropped : 0/6
EDGE (4 ,1) PORT 6: Recv/Dropped : 0/4
EDGE (4 ,1) PORT 7: Recv/Dropped : 0/5
EDGE (4 ,2) PORT 0: Recv/Dropped : 0/2
EDGE (4 ,2) PORT 1: Recv/Dropped : 0/4
EDGE (4 ,2) PORT 2: Recv/Dropped : 0/4
EDGE (4 ,2) PORT 3: Recv/Dropped : 0/67
EDGE (4 ,2) PORT 4: Recv/Dropped : 0/25
EDGE (4 ,2) PORT 5: Recv/Dropped : 0/25
EDGE (4 ,2) PORT 6: Recv/Dropped : 0/36
EDGE (4 ,2) PORT 7: Recv/Dropped : 0/31
EDGE (4 ,3) PORT 0: Recv/Dropped : 0/2
EDGE (4 ,3) PORT 1: Recv/Dropped : 0/70
EDGE (4 ,3) PORT 2: Recv/Dropped : 0/68
EDGE (4 ,3) PORT 3: Recv/Dropped : 0/65
EDGE (4 ,3) PORT 4: Recv/Dropped : 0/97
EDGE (4 ,3) PORT 5: Recv/Dropped : 0/71
EDGE (4 ,3) PORT 6: Recv/Dropped : 0/63
EDGE (4 ,3) PORT 7: Recv/Dropped : 0/79
EDGE (5 ,0) PORT 0: Recv/Dropped : 0/66
EDGE (5 ,0) PORT 1: Recv/Dropped : 0/66
EDGE (5 ,0) PORT 2: Recv/Dropped : 0/3
EDGE (5 ,0) PORT 3: Recv/Dropped : 0/69
EDGE (5 ,0) PORT 4: Recv/Dropped : 0/77
EDGE (5 ,0) PORT 5: Recv/Dropped : 0/77
EDGE (5 ,0) PORT 6: Recv/Dropped : 0/77
EDGE (5 ,0) PORT 7: Recv/Dropped : 0/77
EDGE (5 ,1) PORT 0: Recv/Dropped : 0/2
EDGE (5 ,1) PORT 1: Recv/Dropped : 0/2
EDGE (5 ,1) PORT 2: Recv/Dropped : 0/66
EDGE (5 ,1) PORT 3: Recv/Dropped : 0/67
EDGE (5 ,1) PORT 4: Recv/Dropped : 0/53
EDGE (5 ,1) PORT 5: Recv/Dropped : 0/54
EDGE (5 ,1) PORT 6: Recv/Dropped : 0/56
EDGE (5 ,1) PORT 7: Recv/Dropped : 0/50
EDGE (5 ,2) PORT 0: Recv/Dropped : 0/2
EDGE (5 ,2) PORT 1: Recv/Dropped : 0/72
EDGE (5 ,2) PORT 2: Recv/Dropped : 0/65
EDGE (5 ,2) PORT 3: Recv/Dropped : 0/66
EDGE (5 ,2) PORT 4: Recv/Dropped : 0/76
EDGE (5 ,2) PORT 5: Recv/Dropped : 0/77
EDGE (5 ,2) PORT 6: Recv/Dropped : 0/80
EDGE (5 ,2) PORT 7: Recv/Dropped : 0/74
EDGE (5 ,3) PORT 0: Recv/Dropped : 0/2
EDGE (5 ,3) PORT 1: Recv/Dropped : 0/67
EDGE (5 ,3) PORT 2: Recv/Dropped : 0/67
EDGE (5 ,3) PORT 3: Recv/Dropped : 0/70
EDGE (5 ,3) PORT 4: Recv/Dropped : 0/84
EDGE (5 ,3) PORT 5: Recv/Dropped : 0/64
EDGE (5 ,3) PORT 6: Recv/Dropped : 0/83
EDGE (5 ,3) PORT 7: Recv/Dropped : 0/75
EDGE (6 ,0) PORT 0: Recv/Dropped : 0/3
EDGE (6 ,0) PORT 1: Recv/Dropped : 0/3
EDGE (6 ,0) PORT 2: Recv/Dropped : 0/3
EDGE (6 ,0) PORT 3: Recv/Dropped : 0/74
EDGE (6 ,0) PORT 4: Recv/Dropped : 0/26
EDGE (6 ,0) PORT 5: Recv/Dropped : 0/28
EDGE (6 ,0) PORT 6: Recv/Dropped : 0/42
EDGE (6 ,0) PORT 7: Recv/Dropped : 0/26
EDGE (6 ,1) PORT 0: Recv/Dropped : 0/4
EDGE (6 ,1) PORT 1: Recv/Dropped : 0/69
EDGE (6 ,1) PORT 2: Recv/Dropped : 0/67
EDGE (6 ,1) PORT 3: Recv/Dropped : 0/66
EDGE (6 ,1) PORT 4: Recv/Dropped : 0/78
EDGE (6 ,1) PORT 5: Recv/Dropped : 0/81
EDGE (6 ,1) PORT 6: Recv/Dropped : 0/71
EDGE (6 ,1) PORT 7: Recv/Dropped : 0/77
EDGE (6 ,2) PORT 0: Recv/Dropped : 0/67
EDGE (6 ,2) PORT 1: Recv/Dropped : 0/71
EDGE (6 ,2) PORT 2: Recv/Dropped : 0/65
EDGE (6 ,2) PORT 3: Recv/Dropped : 0/66
EDGE (6 ,2) PORT 4: Recv/Dropped : 0/108
EDGE (6 ,2) PORT 5: Recv/Dropped : 0/95
EDGE (6 ,2) PORT 6: Recv/Dropped : 0/103
EDGE (6 ,2) PORT 7: Recv/Dropped : 0/99
EDGE (6 ,3) PORT 0: Recv/Dropped : 0/73
EDGE (6 ,3) PORT 1: Recv/Dropped : 0/67
EDGE (6 ,3) PORT 2: Recv/Dropped : 0/6
EDGE (6 ,3) PORT 3: Recv/Dropped : 0/66
EDGE (6 ,3) PORT 4: Recv/Dropped : 0/74
EDGE (6 ,3) PORT 5: Recv/Dropped : 0/73
EDGE (6 ,3) PORT 6: Recv/Dropped : 0/78
EDGE (6 ,3) PORT 7: Recv/Dropped : 0/85
EDGE (7 ,0) PORT 0: Recv/Dropped : 0/66
EDGE (7 ,0) PORT 1: Recv/Dropped : 0/2
EDGE (7 ,0) PORT 2: Recv/Dropped : 0/67
EDGE (7 ,0) PORT 3: Recv/Dropped : 0/65
EDGE (7 ,0) PORT 4: Recv/Dropped : 0/79
EDGE (7 ,0) PORT 5: Recv/Dropped : 0/81
EDGE (7 ,0) PORT 6: Recv/Dropped : 0/76
EDGE (7 ,0) PORT 7: Recv/Dropped : 0/69
EDGE (7 ,1) PORT 0: Recv/Dropped : 0/66
EDGE (7 ,1) PORT 1: Recv/Dropped : 0/2
EDGE (7 ,1) PORT 2: Recv/Dropped : 0/65
EDGE (7 ,1) PORT 3: Recv/Dropped : 0/66
EDGE (7 ,1) PORT 4: Recv/Dropped : 0/75
EDGE (7 ,1) PORT 5: Recv/Dropped : 0/66
EDGE (7 ,1) PORT 6: Recv/Dropped : 0/87
EDGE (7 ,1) PORT 7: Recv/Dropped : 0/77
EDGE (7 ,2) PORT 0: Recv/Dropped : 0/72
EDGE (7 ,2) PORT 1: Recv/Dropped : 0/67
EDGE (7 ,2) PORT 2: Recv/Dropped : 0/6
EDGE (7 ,2) PORT 3: Recv/Dropped : 0/65
EDGE (7 ,2) PORT 4: Recv/Dropped : 0/81
EDGE (7 ,2) PORT 5: Recv/Dropped : 0/74
EDGE (7 ,2) PORT 6: Recv/Dropped : 0/86
EDGE (7 ,2) PORT 7: Recv/Dropped : 0/67
EDGE (7 ,3) PORT 0: Recv/Dropped : 0/2
EDGE (7 ,3) PORT 1: Recv/Dropped : 0/65
EDGE (7 ,3) PORT 2: Recv/Dropped : 0/70
EDGE (7 ,3) PORT 3: Recv/Dropped : 0/67
EDGE (7 ,3) PORT 4: Recv/Dropped : 0/90
EDGE (7 ,3) PORT 5: Recv/Dropped : 0/73
EDGE (7 ,3) PORT 6: Recv/Dropped : 0/69
EDGE (7 ,3) PORT 7: Recv/Dropped : 0/78
 -- AGG QUEUE STATISTICS --
AGG (0 ,0) PORT 0: Recv/Dropped : 0/1930
AGG (0 ,0) PORT 1: Recv/Dropped : 0/1885
AGG (0 ,0) PORT 2: Recv/Dropped : 0/1929
AGG (0 ,0) PORT 3: Recv/Dropped : 0/1910
AGG (0 ,0) PORT 4: Recv/Dropped : 0/302
AGG (0 ,0) PORT 5: Recv/Dropped : 0/261
AGG (0 ,0) PORT 6: Recv/Dropped : 0/274
AGG (0 ,0) PORT 7: Recv/Dropped : 0/278
AGG (0 ,1) PORT 0: Recv/Dropped : 0/70
AGG (0 ,1) PORT 1: Recv/Dropped : 0/85
AGG (0 ,1) PORT 2: Recv/Dropped : 0/75
AGG (0 ,1) PORT 3: Recv/Dropped : 0/67
AGG (0 ,1) PORT 4: Recv/Dropped : 0/302
AGG (0 ,1) PORT 5: Recv/Dropped : 0/289
AGG (0 ,1) PORT 6: Recv/Dropped : 0/278
AGG (0 ,1) PORT 7: Recv/Dropped : 0/302
AGG (0 ,2) PORT 0: Recv/Dropped : 0/71
AGG (0 ,2) PORT 1: Recv/Dropped : 0/81
AGG (0 ,2) PORT 2: Recv/Dropped : 0/64
AGG (0 ,2) PORT 3: Recv/Dropped : 0/68
AGG (0 ,2) PORT 4: Recv/Dropped : 0/275
AGG (0 ,2) PORT 5: Recv/Dropped : 0/282
AGG (0 ,2) PORT 6: Recv/Dropped : 0/245
AGG (0 ,2) PORT 7: Recv/Dropped : 0/292
AGG (0 ,3) PORT 0: Recv/Dropped : 0/21
AGG (0 ,3) PORT 1: Recv/Dropped : 0/20
AGG (0 ,3) PORT 2: Recv/Dropped : 0/18
AGG (0 ,3) PORT 3: Recv/Dropped : 0/17
AGG (0 ,3) PORT 4: Recv/Dropped : 0/246
AGG (0 ,3) PORT 5: Recv/Dropped : 0/270
AGG (0 ,3) PORT 6: Recv/Dropped : 0/285
AGG (0 ,3) PORT 7: Recv/Dropped : 0/286
AGG (1 ,0) PORT 0: Recv/Dropped : 0/49
AGG (1 ,0) PORT 1: Recv/Dropped : 0/50
AGG (1 ,0) PORT 2: Recv/Dropped : 0/52
AGG (1 ,0) PORT 3: Recv/Dropped : 0/62
AGG (1 ,0) PORT 4: Recv/Dropped : 0/63
AGG (1 ,0) PORT 5: Recv/Dropped : 0/63
AGG (1 ,0) PORT 6: Recv/Dropped : 0/66
AGG (1 ,0) PORT 7: Recv/Dropped : 0/64
AGG (1 ,1) PORT 0: Recv/Dropped : 0/53
AGG (1 ,1) PORT 1: Recv/Dropped : 0/61
AGG (1 ,1) PORT 2: Recv/Dropped : 0/36
AGG (1 ,1) PORT 3: Recv/Dropped : 0/48
AGG (1 ,1) PORT 4: Recv/Dropped : 0/81
AGG (1 ,1) PORT 5: Recv/Dropped : 0/53
AGG (1 ,1) PORT 6: Recv/Dropped : 0/58
AGG (1 ,1) PORT 7: Recv/Dropped : 0/62
AGG (1 ,2) PORT 0: Recv/Dropped : 0/32
AGG (1 ,2) PORT 1: Recv/Dropped : 0/43
AGG (1 ,2) PORT 2: Recv/Dropped : 0/40
AGG (1 ,2) PORT 3: Recv/Dropped : 0/39
AGG (1 ,2) PORT 4: Recv/Dropped : 0/56
AGG (1 ,2) PORT 5: Recv/Dropped : 0/80
AGG (1 ,2) PORT 6: Recv/Dropped : 0/53
AGG (1 ,2) PORT 7: Recv/Dropped : 0/62
AGG (1 ,3) PORT 0: Recv/Dropped : 0/33
AGG (1 ,3) PORT 1: Recv/Dropped : 0/36
AGG (1 ,3) PORT 2: Recv/Dropped : 0/38
AGG (1 ,3) PORT 3: Recv/Dropped : 0/30
AGG (1 ,3) PORT 4: Recv/Dropped : 0/59
AGG (1 ,3) PORT 5: Recv/Dropped : 0/90
AGG (1 ,3) PORT 6: Recv/Dropped : 0/68
AGG (1 ,3) PORT 7: Recv/Dropped : 0/63
AGG (2 ,0) PORT 0: Recv/Dropped : 0/62
AGG (2 ,0) PORT 1: Recv/Dropped : 0/46
AGG (2 ,0) PORT 2: Recv/Dropped : 0/46
AGG (2 ,0) PORT 3: Recv/Dropped : 0/48
AGG (2 ,0) PORT 4: Recv/Dropped : 0/53
AGG (2 ,0) PORT 5: Recv/Dropped : 0/38
AGG (2 ,0) PORT 6: Recv/Dropped : 0/51
AGG (2 ,0) PORT 7: Recv/Dropped : 0/57
AGG (2 ,1) PORT 0: Recv/Dropped : 0/52
AGG (2 ,1) PORT 1: Recv/Dropped : 0/51
AGG (2 ,1) PORT 2: Recv/Dropped : 0/47
AGG (2 ,1) PORT 3: Recv/Dropped : 0/50
AGG (2 ,1) PORT 4: Recv/Dropped : 0/57
AGG (2 ,1) PORT 5: Recv/Dropped : 0/53
AGG (2 ,1) PORT 6: Recv/Dropped : 0/50
AGG (2 ,1) PORT 7: Recv/Dropped : 0/60
AGG (2 ,2) PORT 0: Recv/Dropped : 0/24
AGG (2 ,2) PORT 1: Recv/Dropped : 0/39
AGG (2 ,2) PORT 2: Recv/Dropped : 0/32
AGG (2 ,2) PORT 3: Recv/Dropped : 0/43
AGG (2 ,2) PORT 4: Recv/Dropped : 0/51
AGG (2 ,2) PORT 5: Recv/Dropped : 0/47
AGG (2 ,2) PORT 6: Recv/Dropped : 0/59
AGG (2 ,2) PORT 7: Recv/Dropped : 0/48
AGG (2 ,3) PORT 0: Recv/Dropped : 0/4
AGG (2 ,3) PORT 1: Recv/Dropped : 0/1
AGG (2 ,3) PORT 2: Recv/Dropped : 0/4
AGG (2 ,3) PORT 3: Recv/Dropped : 0/1
AGG (2 ,3) PORT 4: Recv/Dropped : 0/65
AGG (2 ,3) PORT 5: Recv/Dropped : 0/58
AGG (2 ,3) PORT 6: Recv/Dropped : 0/58
AGG (2 ,3) PORT 7: Recv/Dropped : 0/43
AGG (3 ,0) PORT 0: Recv/Dropped : 0/19
AGG (3 ,0) PORT 1: Recv/Dropped : 0/18
AGG (3 ,0) PORT 2: Recv/Dropped : 0/22
AGG (3 ,0) PORT 3: Recv/Dropped : 0/16
AGG (3 ,0) PORT 4: Recv/Dropped : 0/50
AGG (3 ,0) PORT 5: Recv/Dropped : 0/39
AGG (3 ,0) PORT 6: Recv/Dropped : 0/40
AGG (3 ,0) PORT 7: Recv/Dropped : 0/47
AGG (3 ,1) PORT 0: Recv/Dropped : 0/46
AGG (3 ,1) PORT 1: Recv/Dropped : 0/40
AGG (3 ,1) PORT 2: Recv/Dropped : 0/33
AGG (3 ,1) PORT 3: Recv/Dropped : 0/27
AGG (3 ,1) PORT 4: Recv/Dropped : 0/46
AGG (3 ,1) PORT 5: Recv/Dropped : 0/47
AGG (3 ,1) PORT 6: Recv/Dropped : 0/39
AGG (3 ,1) PORT 7: Recv/Dropped : 0/42
AGG (3 ,2) PORT 0: Recv/Dropped : 0/37
AGG (3 ,2) PORT 1: Recv/Dropped : 0/39
AGG (3 ,2) PORT 2: Recv/Dropped : 0/32
AGG (3 ,2) PORT 3: Recv/Dropped : 0/34
AGG (3 ,2) PORT 4: Recv/Dropped : 0/44
AGG (3 ,2) PORT 5: Recv/Dropped : 0/35
AGG (3 ,2) PORT 6: Recv/Dropped : 0/50
AGG (3 ,2) PORT 7: Recv/Dropped : 0/42
AGG (3 ,3) PORT 0: Recv/Dropped : 0/19
AGG (3 ,3) PORT 1: Recv/Dropped : 0/21
AGG (3 ,3) PORT 2: Recv/Dropped : 0/24
AGG (3 ,3) PORT 3: Recv/Dropped : 0/14
AGG (3 ,3) PORT 4: Recv/Dropped : 0/29
AGG (3 ,3) PORT 5: Recv/Dropped : 0/40
AGG (3 ,3) PORT 6: Recv/Dropped : 0/48
AGG (3 ,3) PORT 7: Recv/Dropped : 0/29
AGG (4 ,0) PORT 0: Recv/Dropped : 0/40
AGG (4 ,0) PORT 1: Recv/Dropped : 0/41
AGG (4 ,0) PORT 2: Recv/Dropped : 0/33
AGG (4 ,0) PORT 3: Recv/Dropped : 0/32
AGG (4 ,0) PORT 4: Recv/Dropped : 0/48
AGG (4 ,0) PORT 5: Recv/Dropped : 0/45
AGG (4 ,0) PORT 6: Recv/Dropped : 0/50
AGG (4 ,0) PORT 7: Recv/Dropped : 0/44
AGG (4 ,1) PORT 0: Recv/Dropped : 0/4
AGG (4 ,1) PORT 1: Recv/Dropped : 0/2
AGG (4 ,1) PORT 2: Recv/Dropped : 0/3
AGG (4 ,1) PORT 3: Recv/Dropped : 0/2
AGG (4 ,1) PORT 4: Recv/Dropped : 0/46
AGG (4 ,1) PORT 5: Recv/Dropped : 0/37
AGG (4 ,1) PORT 6: Recv/Dropped : 0/32
AGG (4 ,1) PORT 7: Recv/Dropped : 0/45
AGG (4 ,2) PORT 0: Recv/Dropped : 0/22
AGG (4 ,2) PORT 1: Recv/Dropped : 0/20
AGG (4 ,2) PORT 2: Recv/Dropped : 0/18
AGG (4 ,2) PORT 3: Recv/Dropped : 0/17
AGG (4 ,2) PORT 4: Recv/Dropped : 0/37
AGG (4 ,2) PORT 5: Recv/Dropped : 0/33
AGG (4 ,2) PORT 6: Recv/Dropped : 0/48
AGG (4 ,2) PORT 7: Recv/Dropped : 0/39
AGG (4 ,3) PORT 0: Recv/Dropped : 0/38
AGG (4 ,3) PORT 1: Recv/Dropped : 0/57
AGG (4 ,3) PORT 2: Recv/Dropped : 0/64
AGG (4 ,3) PORT 3: Recv/Dropped : 0/46
AGG (4 ,3) PORT 4: Recv/Dropped : 0/47
AGG (4 ,3) PORT 5: Recv/Dropped : 0/41
AGG (4 ,3) PORT 6: Recv/Dropped : 0/37
AGG (4 ,3) PORT 7: Recv/Dropped : 0/34
AGG (5 ,0) PORT 0: Recv/Dropped : 0/54
AGG (5 ,0) PORT 1: Recv/Dropped : 0/59
AGG (5 ,0) PORT 2: Recv/Dropped : 0/53
AGG (5 ,0) PORT 3: Recv/Dropped : 0/38
AGG (5 ,0) PORT 4: Recv/Dropped : 0/66
AGG (5 ,0) PORT 5: Recv/Dropped : 0/86
AGG (5 ,0) PORT 6: Recv/Dropped : 0/64
AGG (5 ,0) PORT 7: Recv/Dropped : 0/74
AGG (5 ,1) PORT 0: Recv/Dropped : 0/34
AGG (5 ,1) PORT 1: Recv/Dropped : 0/37
AGG (5 ,1) PORT 2: Recv/Dropped : 0/33
AGG (5 ,1) PORT 3: Recv/Dropped : 0/33
AGG (5 ,1) PORT 4: Recv/Dropped : 0/72
AGG (5 ,1) PORT 5: Recv/Dropped : 0/75
AGG (5 ,1) PORT 6: Recv/Dropped : 0/67
AGG (5 ,1) PORT 7: Recv/Dropped : 0/58
AGG (5 ,2) PORT 0: Recv/Dropped : 0/61
AGG (5 ,2) PORT 1: Recv/Dropped : 0/49
AGG (5 ,2) PORT 2: Recv/Dropped : 0/49
AGG (5 ,2) PORT 3: Recv/Dropped : 0/46
AGG (5 ,2) PORT 4: Recv/Dropped : 0/84
AGG (5 ,2) PORT 5: Recv/Dropped : 0/71
AGG (5 ,2) PORT 6: Recv/Dropped : 0/72
AGG (5 ,2) PORT 7: Recv/Dropped : 0/69
AGG (5 ,3) PORT 0: Recv/Dropped : 0/51
AGG (5 ,3) PORT 1: Recv/Dropped : 0/54
AGG (5 ,3) PORT 2: Recv/Dropped : 0/56
AGG (5 ,3) PORT 3: Recv/Dropped : 0/45
AGG (5 ,3) PORT 4: Recv/Dropped : 0/68
AGG (5 ,3) PORT 5: Recv/Dropped : 0/71
AGG (5 ,3) PORT 6: Recv/Dropped : 0/74
AGG (5 ,3) PORT 7: Recv/Dropped : 0/63
AGG (6 ,0) PORT 0: Recv/Dropped : 0/17
AGG (6 ,0) PORT 1: Recv/Dropped : 0/22
AGG (6 ,0) PORT 2: Recv/Dropped : 0/22
AGG (6 ,0) PORT 3: Recv/Dropped : 0/22
AGG (6 ,0) PORT 4: Recv/Dropped : 0/65
AGG (6 ,0) PORT 5: Recv/Dropped : 0/72
AGG (6 ,0) PORT 6: Recv/Dropped : 0/65
AGG (6 ,0) PORT 7: Recv/Dropped : 0/84
AGG (6 ,1) PORT 0: Recv/Dropped : 0/46
AGG (6 ,1) PORT 1: Recv/Dropped : 0/50
AGG (6 ,1) PORT 2: Recv/Dropped : 0/51
AGG (6 ,1) PORT 3: Recv/Dropped : 0/59
AGG (6 ,1) PORT 4: Recv/Dropped : 0/61
AGG (6 ,1) PORT 5: Recv/Dropped : 0/70
AGG (6 ,1) PORT 6: Recv/Dropped : 0/70
AGG (6 ,1) PORT 7: Recv/Dropped : 0/76
AGG (6 ,2) PORT 0: Recv/Dropped : 0/76
AGG (6 ,2) PORT 1: Recv/Dropped : 0/67
AGG (6 ,2) PORT 2: Recv/Dropped : 0/59
AGG (6 ,2) PORT 3: Recv/Dropped : 0/67
AGG (6 ,2) PORT 4: Recv/Dropped : 0/61
AGG (6 ,2) PORT 5: Recv/Dropped : 0/83
AGG (6 ,2) PORT 6: Recv/Dropped : 0/75
AGG (6 ,2) PORT 7: Recv/Dropped : 0/75
AGG (6 ,3) PORT 0: Recv/Dropped : 0/54
AGG (6 ,3) PORT 1: Recv/Dropped : 0/59
AGG (6 ,3) PORT 2: Recv/Dropped : 0/43
AGG (6 ,3) PORT 3: Recv/Dropped : 0/56
AGG (6 ,3) PORT 4: Recv/Dropped : 0/74
AGG (6 ,3) PORT 5: Recv/Dropped : 0/65
AGG (6 ,3) PORT 6: Recv/Dropped : 0/72
AGG (6 ,3) PORT 7: Recv/Dropped : 0/76
AGG (7 ,0) PORT 0: Recv/Dropped : 0/52
AGG (7 ,0) PORT 1: Recv/Dropped : 0/50
AGG (7 ,0) PORT 2: Recv/Dropped : 0/50
AGG (7 ,0) PORT 3: Recv/Dropped : 0/48
AGG (7 ,0) PORT 4: Recv/Dropped : 0/81
AGG (7 ,0) PORT 5: Recv/Dropped : 0/79
AGG (7 ,0) PORT 6: Recv/Dropped : 0/90
AGG (7 ,0) PORT 7: Recv/Dropped : 0/75
AGG (7 ,1) PORT 0: Recv/Dropped : 0/40
AGG (7 ,1) PORT 1: Recv/Dropped : 0/54
AGG (7 ,1) PORT 2: Recv/Dropped : 0/50
AGG (7 ,1) PORT 3: Recv/Dropped : 0/55
AGG (7 ,1) PORT 4: Recv/Dropped : 0/68
AGG (7 ,1) PORT 5: Recv/Dropped : 0/70
AGG (7 ,1) PORT 6: Recv/Dropped : 0/81
AGG (7 ,1) PORT 7: Recv/Dropped : 0/75
AGG (7 ,2) PORT 0: Recv/Dropped : 0/42
AGG (7 ,2) PORT 1: Recv/Dropped : 0/61
AGG (7 ,2) PORT 2: Recv/Dropped : 0/46
AGG (7 ,2) PORT 3: Recv/Dropped : 0/61
AGG (7 ,2) PORT 4: Recv/Dropped : 0/84
AGG (7 ,2) PORT 5: Recv/Dropped : 0/67
AGG (7 ,2) PORT 6: Recv/Dropped : 0/78
AGG (7 ,2) PORT 7: Recv/Dropped : 0/89
AGG (7 ,3) PORT 0: Recv/Dropped : 0/54
AGG (7 ,3) PORT 1: Recv/Dropped : 0/44
AGG (7 ,3) PORT 2: Recv/Dropped : 0/58
AGG (7 ,3) PORT 3: Recv/Dropped : 0/48
AGG (7 ,3) PORT 4: Recv/Dropped : 0/80
AGG (7 ,3) PORT 5: Recv/Dropped : 0/79
AGG (7 ,3) PORT 6: Recv/Dropped : 0/66
AGG (7 ,3) PORT 7: Recv/Dropped : 0/66


TOTAL RECEIVED PACKETS = 49682
TOTAL DROPPED PACKETS = 374