QUEUE STATISTICS FOR EXPERIMENT 8285
---------------------------
 -- EDGE QUEUE STATISTICS --
EDGE (0 ,0) PORT 0: Recv/Dropped : 700/4665
EDGE (0 ,0) PORT 1: Recv/Dropped : 0/70
EDGE (0 ,0) PORT 2: Recv/Dropped : 0/76
EDGE (0 ,0) PORT 3: Recv/Dropped : 0/64
EDGE (0 ,0) PORT 4: Recv/Dropped : 0/955
EDGE (0 ,0) PORT 5: Recv/Dropped : 0/1005
EDGE (0 ,0) PORT 6: Recv/Dropped : 0/900
EDGE (0 ,0) PORT 7: Recv/Dropped : 0/894
EDGE (0 ,1) PORT 0: Recv/Dropped : 0/89
EDGE (0 ,1) PORT 1: Recv/Dropped : 0/2
EDGE (0 ,1) PORT 2: Recv/Dropped : 0/2
EDGE (0 ,1) PORT 3: Recv/Dropped : 0/86
EDGE (0 ,1) PORT 4: Recv/Dropped : 0/52
EDGE (0 ,1) PORT 5: Recv/Dropped : 0/57
EDGE (0 ,1) PORT 6: Recv/Dropped : 0/53
EDGE (0 ,1) PORT 7: Recv/Dropped : 0/63
EDGE (0 ,2) PORT 0: Recv/Dropped : 0/64
EDGE (0 ,2) PORT 1: Recv/Dropped : 0/73
EDGE (0 ,2) PORT 2: Recv/Dropped : 0/2
EDGE (0 ,2) PORT 3: Recv/Dropped : 0/2
EDGE (0 ,2) PORT 4: Recv/Dropped : 0/45
EDGE (0 ,2) PORT 5: Recv/Dropped : 0/67
EDGE (0 ,2) PORT 6: Recv/Dropped : 0/55
EDGE (0 ,2) PORT 7: Recv/Dropped : 0/48
EDGE (0 ,3) PORT 0: Recv/Dropped : 0/2
EDGE (0 ,3) PORT 1: Recv/Dropped : 0/76
EDGE (0 ,3) PORT 2: Recv/Dropped : 0/72
EDGE (0 ,3) PORT 3: Recv/Dropped : 0/71
EDGE (0 ,3) PORT 4: Recv/Dropped : 0/80
EDGE (0 ,3) PORT 5: Recv/Dropped : 0/80
EDGE (0 ,3) PORT 6: Recv/Dropped : 0/77
EDGE (0 ,3) PORT 7: Recv/Dropped : 0/76
EDGE (1 ,0) PORT 0: Recv/Dropped : 0/95
EDGE (1 ,0) PORT 1: Recv/Dropped : 0/2
EDGE (1 ,0) PORT 2: Recv/Dropped : 0/85
EDGE (1 ,0) PORT 3: Recv/Dropped : 0/2
EDGE (1 ,0) PORT 4: Recv/Dropped : 0/57
EDGE (1 ,0) PORT 5: Recv/Dropped : 0/70
EDGE (1 ,0) PORT 6: Recv/Dropped : 0/46
EDGE (1 ,0) PORT 7: Recv/Dropped : 0/61
EDGE (1 ,1) PORT 0: Recv/Dropped : 0/2
EDGE (1 ,1) PORT 1: Recv/Dropped : 0/86
EDGE (1 ,1) PORT 2: Recv/Dropped : 0/2
EDGE (1 ,1) PORT 3: Recv/Dropped : 0/0
EDGE (1 ,1) PORT 4: Recv/Dropped : 0/23
EDGE (1 ,1) PORT 5: Recv/Dropped : 0/32
EDGE (1 ,1) PORT 6: Recv/Dropped : 0/38
EDGE (1 ,1) PORT 7: Recv/Dropped : 0/29
EDGE (1 ,2) PORT 0: Recv/Dropped : 0/87
EDGE (1 ,2) PORT 1: Recv/Dropped : 0/2
EDGE (1 ,2) PORT 2: Recv/Dropped : 0/77
EDGE (1 ,2) PORT 3: Recv/Dropped : 0/65
EDGE (1 ,2) PORT 4: Recv/Dropped : 0/76
EDGE (1 ,2) PORT 5: Recv/Dropped : 0/78
EDGE (1 ,2) PORT 6: Recv/Dropped : 0/76
EDGE (1 ,2) PORT 7: Recv/Dropped : 0/86
EDGE (1 ,3) PORT 0: Recv/Dropped : 0/77
EDGE (1 ,3) PORT 1: Recv/Dropped : 0/2
EDGE (1 ,3) PORT 2: Recv/Dropped : 0/0
EDGE (1 ,3) PORT 3: Recv/Dropped : 0/0
EDGE (1 ,3) PORT 4: Recv/Dropped : 0/33
EDGE (1 ,3) PORT 5: Recv/Dropped : 0/24
EDGE (1 ,3) PORT 6: Recv/Dropped : 0/25
EDGE (1 ,3) PORT 7: Recv/Dropped : 0/40
EDGE (2 ,0) PORT 0: Recv/Dropped : 0/95
EDGE (2 ,0) PORT 1: Recv/Dropped : 0/89
EDGE (2 ,0) PORT 2: Recv/Dropped : 0/2
EDGE (2 ,0) PORT 3: Recv/Dropped : 0/74
EDGE (2 ,0) PORT 4: Recv/Dropped : 0/77
EDGE (2 ,0) PORT 5: Recv/Dropped : 0/94
EDGE (2 ,0) PORT 6: Recv/Dropped : 0/78
EDGE (2 ,0) PORT 7: Recv/Dropped : 0/81
EDGE (2 ,1) PORT 0: Recv/Dropped : 0/76
EDGE (2 ,1) PORT 1: Recv/Dropped : 0/77
EDGE (2 ,1) PORT 2: Recv/Dropped : 0/93
EDGE (2 ,1) PORT 3: Recv/Dropped : 0/2
EDGE (2 ,1) PORT 4: Recv/Dropped : 0/71
EDGE (2 ,1) PORT 5: Recv/Dropped : 0/88
EDGE (2 ,1) PORT 6: Recv/Dropped : 0/78
EDGE (2 ,1) PORT 7: Recv/Dropped : 0/90
EDGE (2 ,2) PORT 0: Recv/Dropped : 0/2
EDGE (2 ,2) PORT 1: Recv/Dropped : 0/0
EDGE (2 ,2) PORT 2: Recv/Dropped : 0/0
EDGE (2 ,2) PORT 3: Recv/Dropped : 0/83
EDGE (2 ,2) PORT 4: Recv/Dropped : 0/25
EDGE (2 ,2) PORT 5: Recv/Dropped : 0/28
EDGE (2 ,2) PORT 6: Recv/Dropped : 0/33
EDGE (2 ,2) PORT 7: Recv/Dropped : 0/30
EDGE (2 ,3) PORT 0: Recv/Dropped : 0/87
EDGE (2 ,3) PORT 1: Recv/Dropped : 0/2
EDGE (2 ,3) PORT 2: Recv/Dropped : 0/0
EDGE (2 ,3) PORT 3: Recv/Dropped : 0/0
EDGE (2 ,3) PORT 4: Recv/Dropped : 0/27
EDGE (2 ,3) PORT 5: Recv/Dropped : 0/32
EDGE (2 ,3) PORT 6: Recv/Dropped : 0/29
EDGE (2 ,3) PORT 7: Recv/Dropped : 0/35
EDGE (3 ,0) PORT 0: Recv/Dropped : 0/83
EDGE (3 ,0) PORT 1: Recv/Dropped : 0/2
EDGE (3 ,0) PORT 2: Recv/Dropped : 0/89
EDGE (3 ,0) PORT 3: Recv/Dropped : 0/85
EDGE (3 ,0) PORT 4: Recv/Dropped : 0/83
EDGE (3 ,0) PORT 5: Recv/Dropped : 0/88
EDGE (3 ,0) PORT 6: Recv/Dropped : 0/76
EDGE (3 ,0) PORT 7: Recv/Dropped : 0/81
EDGE (3 ,1) PORT 0: Recv/Dropped : 0/90
EDGE (3 ,1) PORT 1: Recv/Dropped : 0/3
EDGE (3 ,1) PORT 2: Recv/Dropped : 0/0
EDGE (3 ,1) PORT 3: Recv/Dropped : 0/0
EDGE (3 ,1) PORT 4: Recv/Dropped : 0/36
EDGE (3 ,1) PORT 5: Recv/Dropped : 0/31
EDGE (3 ,1) PORT 6: Recv/Dropped : 0/26
EDGE (3 ,1) PORT 7: Recv/Dropped : 0/27
EDGE (3 ,2) PORT 0: Recv/Dropped : 0/2
EDGE (3 ,2) PORT 1: Recv/Dropped : 0/0
EDGE (3 ,2) PORT 2: Recv/Dropped : 0/0
EDGE (3 ,2) PORT 3: Recv/Dropped : 0/0
EDGE (3 ,2) PORT 4: Recv/Dropped : 0/3
EDGE (3 ,2) PORT 5: Recv/Dropped : 0/5
EDGE (3 ,2) PORT 6: Recv/Dropped : 0/5
EDGE (3 ,2) PORT 7: Recv/Dropped : 0/2
EDGE (3 ,3) PORT 0: Recv/Dropped : 0/0
EDGE (3 ,3) PORT 1: Recv/Dropped : 0/0
EDGE (3 ,3) PORT 2: Recv/Dropped : 0/2
EDGE (3 ,3) PORT 3: Recv/Dropped : 0/0
EDGE (3 ,3) PORT 4: Recv/Dropped : 0/3
EDGE (3 ,3) PORT 5: Recv/Dropped : 0/3
EDGE (3 ,3) PORT 6: Recv/Dropped : 0/7
EDGE (3 ,3) PORT 7: Recv/Dropped : 0/1
EDGE (4 ,0) PORT 0: Recv/Dropped : 0/86
EDGE (4 ,0) PORT 1: Recv/Dropped : 0/96
EDGE (4 ,0) PORT 2: Recv/Dropped : 0/2
EDGE (4 ,0) PORT 3: Recv/Dropped : 0/0
EDGE (4 ,0) PORT 4: Recv/Dropped : 0/62
EDGE (4 ,0) PORT 5: Recv/Dropped : 0/59
EDGE (4 ,0) PORT 6: Recv/Dropped : 0/56
EDGE (4 ,0) PORT 7: Recv/Dropped : 0/49
EDGE (4 ,1) PORT 0: Recv/Dropped : 0/0
EDGE (4 ,1) PORT 1: Recv/Dropped : 0/76
EDGE (4 ,1) PORT 2: Recv/Dropped : 0/0
EDGE (4 ,1) PORT 3: Recv/Dropped : 0/76
EDGE (4 ,1) PORT 4: Recv/Dropped : 0/56
EDGE (4 ,1) PORT 5: Recv/Dropped : 0/57
EDGE (4 ,1) PORT 6: Recv/Dropped : 0/51
EDGE (4 ,1) PORT 7: Recv/Dropped : 0/48
EDGE (4 ,2) PORT 0: Recv/Dropped : 0/84
EDGE (4 ,2) PORT 1: Recv/Dropped : 0/67
EDGE (4 ,2) PORT 2: Recv/Dropped : 0/0
EDGE (4 ,2) PORT 3: Recv/Dropped : 0/0
EDGE (4 ,2) PORT 4: Recv/Dropped : 0/47
EDGE (4 ,2) PORT 5: Recv/Dropped : 0/49
EDGE (4 ,2) PORT 6: Recv/Dropped : 0/63
EDGE (4 ,2) PORT 7: Recv/Dropped : 0/58
EDGE (4 ,3) PORT 0: Recv/Dropped : 0/2
EDGE (4 ,3) PORT 1: Recv/Dropped : 0/0
EDGE (4 ,3) PORT 2: Recv/Dropped : 0/0
EDGE (4 ,3) PORT 3: Recv/Dropped : 0/90
EDGE (4 ,3) PORT 4: Recv/Dropped : 0/40
EDGE (4 ,3) PORT 5: Recv/Dropped : 0/25
EDGE (4 ,3) PORT 6: Recv/Dropped : 0/30
EDGE (4 ,3) PORT 7: Recv/Dropped : 0/32
EDGE (5 ,0) PORT 0: Recv/Dropped : 0/0
EDGE (5 ,0) PORT 1: Recv/Dropped : 0/2
EDGE (5 ,0) PORT 2: Recv/Dropped : 0/75
EDGE (5 ,0) PORT 3: Recv/Dropped : 0/0
EDGE (5 ,0) PORT 4: Recv/Dropped : 0/26
EDGE (5 ,0) PORT 5: Recv/Dropped : 0/35
EDGE (5 ,0) PORT 6: Recv/Dropped : 0/29
EDGE (5 ,0) PORT 7: Recv/Dropped : 0/32
EDGE (5 ,1) PORT 0: Recv/Dropped : 0/90
EDGE (5 ,1) PORT 1: Recv/Dropped : 0/0
EDGE (5 ,1) PORT 2: Recv/Dropped : 0/0
EDGE (5 ,1) PORT 3: Recv/Dropped : 0/2
EDGE (5 ,1) PORT 4: Recv/Dropped : 0/30
EDGE (5 ,1) PORT 5: Recv/Dropped : 0/30
EDGE (5 ,1) PORT 6: Recv/Dropped : 0/30
EDGE (5 ,1) PORT 7: Recv/Dropped : 0/29
EDGE (5 ,2) PORT 0: Recv/Dropped : 0/0
EDGE (5 ,2) PORT 1: Recv/Dropped : 0/0
EDGE (5 ,2) PORT 2: Recv/Dropped : 0/0
EDGE (5 ,2) PORT 3: Recv/Dropped : 0/64
EDGE (5 ,2) PORT 4: Recv/Dropped : 0/33
EDGE (5 ,2) PORT 5: Recv/Dropped : 0/29
EDGE (5 ,2) PORT 6: Recv/Dropped : 0/26
EDGE (5 ,2) PORT 7: Recv/Dropped : 0/21
EDGE (5 ,3) PORT 0: Recv/Dropped : 0/0
EDGE (5 ,3) PORT 1: Recv/Dropped : 0/77
EDGE (5 ,3) PORT 2: Recv/Dropped : 0/85
EDGE (5 ,3) PORT 3: Recv/Dropped : 0/0
EDGE (5 ,3) PORT 4: Recv/Dropped : 0/65
EDGE (5 ,3) PORT 5: Recv/Dropped : 0/46
EDGE (5 ,3) PORT 6: Recv/Dropped : 0/57
EDGE (5 ,3) PORT 7: Recv/Dropped : 0/45
EDGE (6 ,0) PORT 0: Recv/Dropped : 0/77
EDGE (6 ,0) PORT 1: Recv/Dropped : 0/0
EDGE (6 ,0) PORT 2: Recv/Dropped : 0/0
EDGE (6 ,0) PORT 3: Recv/Dropped : 0/0
EDGE (6 ,0) PORT 4: Recv/Dropped : 0/24
EDGE (6 ,0) PORT 5: Recv/Dropped : 0/27
EDGE (6 ,0) PORT 6: Recv/Dropped : 0/40
EDGE (6 ,0) PORT 7: Recv/Dropped : 0/24
EDGE (6 ,1) PORT 0: Recv/Dropped : 0/84
EDGE (6 ,1) PORT 1: Recv/Dropped : 0/0
EDGE (6 ,1) PORT 2: Recv/Dropped : 0/0
EDGE (6 ,1) PORT 3: Recv/Dropped : 0/0
EDGE (6 ,1) PORT 4: Recv/Dropped : 0/31
EDGE (6 ,1) PORT 5: Recv/Dropped : 0/23
EDGE (6 ,1) PORT 6: Recv/Dropped : 0/28
EDGE (6 ,1) PORT 7: Recv/Dropped : 0/35
EDGE (6 ,2) PORT 0: Recv/Dropped : 0/2
EDGE (6 ,2) PORT 1: Recv/Dropped : 0/0
EDGE (6 ,2) PORT 2: Recv/Dropped : 0/0
EDGE (6 ,2) PORT 3: Recv/Dropped : 0/0
EDGE (6 ,2) PORT 4: Recv/Dropped : 0/5
EDGE (6 ,2) PORT 5: Recv/Dropped : 0/2
EDGE (6 ,2) PORT 6: Recv/Dropped : 0/6
EDGE (6 ,2) PORT 7: Recv/Dropped : 0/1
EDGE (6 ,3) PORT 0: Recv/Dropped : 0/95
EDGE (6 ,3) PORT 1: Recv/Dropped : 0/91
EDGE (6 ,3) PORT 2: Recv/Dropped : 0/0
EDGE (6 ,3) PORT 3: Recv/Dropped : 0/80
EDGE (6 ,3) PORT 4: Recv/Dropped : 0/79
EDGE (6 ,3) PORT 5: Recv/Dropped : 0/79
EDGE (6 ,3) PORT 6: Recv/Dropped : 0/82
EDGE (6 ,3) PORT 7: Recv/Dropped : 0/92
EDGE (7 ,0) PORT 0: Recv/Dropped : 0/2
EDGE (7 ,0) PORT 1: Recv/Dropped : 0/0
EDGE (7 ,0) PORT 2: Recv/Dropped : 0/0
EDGE (7 ,0) PORT 3: Recv/Dropped : 0/0
EDGE (7 ,0) PORT 4: Recv/Dropped : 0/1
EDGE (7 ,0) PORT 5: Recv/Dropped : 0/3
EDGE (7 ,0) PORT 6: Recv/Dropped : 0/7
EDGE (7 ,0) PORT 7: Recv/Dropped : 0/4
EDGE (7 ,1) PORT 0: Recv/Dropped : 0/0
EDGE (7 ,1) PORT 1: Recv/Dropped : 0/0
EDGE (7 ,1) PORT 2: Recv/Dropped : 0/92
EDGE (7 ,1) PORT 3: Recv/Dropped : 0/91
EDGE (7 ,1) PORT 4: Recv/Dropped : 0/54
EDGE (7 ,1) PORT 5: Recv/Dropped : 0/49
EDGE (7 ,1) PORT 6: Recv/Dropped : 0/59
EDGE (7 ,1) PORT 7: Recv/Dropped : 0/60
EDGE (7 ,2) PORT 0: Recv/Dropped : 0/0
EDGE (7 ,2) PORT 1: Recv/Dropped : 0/0
EDGE (7 ,2) PORT 2: Recv/Dropped : 0/0
EDGE (7 ,2) PORT 3: Recv/Dropped : 0/0
EDGE (7 ,2) PORT 4: Recv/Dropped : 0/3
EDGE (7 ,2) PORT 5: Recv/Dropped : 0/5
EDGE (7 ,2) PORT 6: Recv/Dropped : 0/1
EDGE (7 ,2) PORT 7: Recv/Dropped : 0/3
EDGE (7 ,3) PORT 0: Recv/Dropped : 0/0
EDGE (7 ,3) PORT 1: Recv/Dropped : 0/3
EDGE (7 ,3) PORT 2: Recv/Dropped : 0/0
EDGE (7 ,3) PORT 3: Recv/Dropped : 0/0
EDGE (7 ,3) PORT 4: Recv/Dropped : 0/5
EDGE (7 ,3) PORT 5: Recv/Dropped : 0/1
EDGE (7 ,3) PORT 6: Recv/Dropped : 0/5
EDGE (7 ,3) PORT 7: Recv/Dropped : 0/2
 -- AGG QUEUE STATISTICS --
AGG (0 ,0) PORT 0: Recv/Dropped : 10/1242
AGG (0 ,0) PORT 1: Recv/Dropped : 13/1283
AGG (0 ,0) PORT 2: Recv/Dropped : 13/1259
AGG (0 ,0) PORT 3: Recv/Dropped : 14/1271
AGG (0 ,0) PORT 4: Recv/Dropped : 0/224
AGG (0 ,0) PORT 5: Recv/Dropped : 0/190
AGG (0 ,0) PORT 6: Recv/Dropped : 0/201
AGG (0 ,0) PORT 7: Recv/Dropped : 0/209
AGG (0 ,1) PORT 0: Recv/Dropped : 0/38
AGG (0 ,1) PORT 1: Recv/Dropped : 0/55
AGG (0 ,1) PORT 2: Recv/Dropped : 0/35
AGG (0 ,1) PORT 3: Recv/Dropped : 0/51
AGG (0 ,1) PORT 4: Recv/Dropped : 0/219
AGG (0 ,1) PORT 5: Recv/Dropped : 0/216
AGG (0 ,1) PORT 6: Recv/Dropped : 0/205
AGG (0 ,1) PORT 7: Recv/Dropped : 0/221
AGG (0 ,2) PORT 0: Recv/Dropped : 0/31
AGG (0 ,2) PORT 1: Recv/Dropped : 0/32
AGG (0 ,2) PORT 2: Recv/Dropped : 0/38
AGG (0 ,2) PORT 3: Recv/Dropped : 0/40
AGG (0 ,2) PORT 4: Recv/Dropped : 0/199
AGG (0 ,2) PORT 5: Recv/Dropped : 0/200
AGG (0 ,2) PORT 6: Recv/Dropped : 0/168
AGG (0 ,2) PORT 7: Recv/Dropped : 0/203
AGG (0 ,3) PORT 0: Recv/Dropped : 0/62
AGG (0 ,3) PORT 1: Recv/Dropped : 0/57
AGG (0 ,3) PORT 2: Recv/Dropped : 0/57
AGG (0 ,3) PORT 3: Recv/Dropped : 0/45
AGG (0 ,3) PORT 4: Recv/Dropped : 0/172
AGG (0 ,3) PORT 5: Recv/Dropped : 0/189
AGG (0 ,3) PORT 6: Recv/Dropped : 0/200
AGG (0 ,3) PORT 7: Recv/Dropped : 0/197
AGG (1 ,0) PORT 0: Recv/Dropped : 0/48
AGG (1 ,0) PORT 1: Recv/Dropped : 0/48
AGG (1 ,0) PORT 2: Recv/Dropped : 0/48
AGG (1 ,0) PORT 3: Recv/Dropped : 0/40
AGG (1 ,0) PORT 4: Recv/Dropped : 0/45
AGG (1 ,0) PORT 5: Recv/Dropped : 0/48
AGG (1 ,0) PORT 6: Recv/Dropped : 0/49
AGG (1 ,0) PORT 7: Recv/Dropped : 0/47
AGG (1 ,1) PORT 0: Recv/Dropped : 0/26
AGG (1 ,1) PORT 1: Recv/Dropped : 0/20
AGG (1 ,1) PORT 2: Recv/Dropped : 0/18
AGG (1 ,1) PORT 3: Recv/Dropped : 0/26
AGG (1 ,1) PORT 4: Recv/Dropped : 0/62
AGG (1 ,1) PORT 5: Recv/Dropped : 0/44
AGG (1 ,1) PORT 6: Recv/Dropped : 0/49
AGG (1 ,1) PORT 7: Recv/Dropped : 0/49
AGG (1 ,2) PORT 0: Recv/Dropped : 0/58
AGG (1 ,2) PORT 1: Recv/Dropped : 0/61
AGG (1 ,2) PORT 2: Recv/Dropped : 0/38
AGG (1 ,2) PORT 3: Recv/Dropped : 0/74
AGG (1 ,2) PORT 4: Recv/Dropped : 0/39
AGG (1 ,2) PORT 5: Recv/Dropped : 0/63
AGG (1 ,2) PORT 6: Recv/Dropped : 0/41
AGG (1 ,2) PORT 7: Recv/Dropped : 0/42
AGG (1 ,3) PORT 0: Recv/Dropped : 0/25
AGG (1 ,3) PORT 1: Recv/Dropped : 0/28
AGG (1 ,3) PORT 2: Recv/Dropped : 0/13
AGG (1 ,3) PORT 3: Recv/Dropped : 0/13
AGG (1 ,3) PORT 4: Recv/Dropped : 0/44
AGG (1 ,3) PORT 5: Recv/Dropped : 0/66
AGG (1 ,3) PORT 6: Recv/Dropped : 0/58
AGG (1 ,3) PORT 7: Recv/Dropped : 0/48
AGG (2 ,0) PORT 0: Recv/Dropped : 0/66
AGG (2 ,0) PORT 1: Recv/Dropped : 0/69
AGG (2 ,0) PORT 2: Recv/Dropped : 0/64
AGG (2 ,0) PORT 3: Recv/Dropped : 0/61
AGG (2 ,0) PORT 4: Recv/Dropped : 0/57
AGG (2 ,0) PORT 5: Recv/Dropped : 0/39
AGG (2 ,0) PORT 6: Recv/Dropped : 0/50
AGG (2 ,0) PORT 7: Recv/Dropped : 0/54
AGG (2 ,1) PORT 0: Recv/Dropped : 0/66
AGG (2 ,1) PORT 1: Recv/Dropped : 0/68
AGG (2 ,1) PORT 2: Recv/Dropped : 0/57
AGG (2 ,1) PORT 3: Recv/Dropped : 0/57
AGG (2 ,1) PORT 4: Recv/Dropped : 0/63
AGG (2 ,1) PORT 5: Recv/Dropped : 0/59
AGG (2 ,1) PORT 6: Recv/Dropped : 0/57
AGG (2 ,1) PORT 7: Recv/Dropped : 0/63
AGG (2 ,2) PORT 0: Recv/Dropped : 0/25
AGG (2 ,2) PORT 1: Recv/Dropped : 0/25
AGG (2 ,2) PORT 2: Recv/Dropped : 0/19
AGG (2 ,2) PORT 3: Recv/Dropped : 0/16
AGG (2 ,2) PORT 4: Recv/Dropped : 0/56
AGG (2 ,2) PORT 5: Recv/Dropped : 0/47
AGG (2 ,2) PORT 6: Recv/Dropped : 0/63
AGG (2 ,2) PORT 7: Recv/Dropped : 0/52
AGG (2 ,3) PORT 0: Recv/Dropped : 0/22
AGG (2 ,3) PORT 1: Recv/Dropped : 0/29
AGG (2 ,3) PORT 2: Recv/Dropped : 0/25
AGG (2 ,3) PORT 3: Recv/Dropped : 0/13
AGG (2 ,3) PORT 4: Recv/Dropped : 0/67
AGG (2 ,3) PORT 5: Recv/Dropped : 0/62
AGG (2 ,3) PORT 6: Recv/Dropped : 0/62
AGG (2 ,3) PORT 7: Recv/Dropped : 0/45
AGG (3 ,0) PORT 0: Recv/Dropped : 0/62
AGG (3 ,0) PORT 1: Recv/Dropped : 0/66
AGG (3 ,0) PORT 2: Recv/Dropped : 0/59
AGG (3 ,0) PORT 3: Recv/Dropped : 0/72
AGG (3 ,0) PORT 4: Recv/Dropped : 0/39
AGG (3 ,0) PORT 5: Recv/Dropped : 0/26
AGG (3 ,0) PORT 6: Recv/Dropped : 0/30
AGG (3 ,0) PORT 7: Recv/Dropped : 0/30
AGG (3 ,1) PORT 0: Recv/Dropped : 0/29
AGG (3 ,1) PORT 1: Recv/Dropped : 0/24
AGG (3 ,1) PORT 2: Recv/Dropped : 0/20
AGG (3 ,1) PORT 3: Recv/Dropped : 0/20
AGG (3 ,1) PORT 4: Recv/Dropped : 0/33
AGG (3 ,1) PORT 5: Recv/Dropped : 0/32
AGG (3 ,1) PORT 6: Recv/Dropped : 0/32
AGG (3 ,1) PORT 7: Recv/Dropped : 0/30
AGG (3 ,2) PORT 0: Recv/Dropped : 0/1
AGG (3 ,2) PORT 1: Recv/Dropped : 0/1
AGG (3 ,2) PORT 2: Recv/Dropped : 0/0
AGG (3 ,2) PORT 3: Recv/Dropped : 0/0
AGG (3 ,2) PORT 4: Recv/Dropped : 0/30
AGG (3 ,2) PORT 5: Recv/Dropped : 0/25
AGG (3 ,2) PORT 6: Recv/Dropped : 0/29
AGG (3 ,2) PORT 7: Recv/Dropped : 0/30
AGG (3 ,3) PORT 0: Recv/Dropped : 0/0
AGG (3 ,3) PORT 1: Recv/Dropped : 0/0
AGG (3 ,3) PORT 2: Recv/Dropped : 0/0
AGG (3 ,3) PORT 3: Recv/Dropped : 0/2
AGG (3 ,3) PORT 4: Recv/Dropped : 0/21
AGG (3 ,3) PORT 5: Recv/Dropped : 0/32
AGG (3 ,3) PORT 6: Recv/Dropped : 0/38
AGG (3 ,3) PORT 7: Recv/Dropped : 0/20
AGG (4 ,0) PORT 0: Recv/Dropped : 0/43
AGG (4 ,0) PORT 1: Recv/Dropped : 0/55
AGG (4 ,0) PORT 2: Recv/Dropped : 0/52
AGG (4 ,0) PORT 3: Recv/Dropped : 0/34
AGG (4 ,0) PORT 4: Recv/Dropped : 0/47
AGG (4 ,0) PORT 5: Recv/Dropped : 0/56
AGG (4 ,0) PORT 6: Recv/Dropped : 0/51
AGG (4 ,0) PORT 7: Recv/Dropped : 0/51
AGG (4 ,1) PORT 0: Recv/Dropped : 0/34
AGG (4 ,1) PORT 1: Recv/Dropped : 0/43
AGG (4 ,1) PORT 2: Recv/Dropped : 0/44
AGG (4 ,1) PORT 3: Recv/Dropped : 0/31
AGG (4 ,1) PORT 4: Recv/Dropped : 0/55
AGG (4 ,1) PORT 5: Recv/Dropped : 0/43
AGG (4 ,1) PORT 6: Recv/Dropped : 0/39
AGG (4 ,1) PORT 7: Recv/Dropped : 0/53
AGG (4 ,2) PORT 0: Recv/Dropped : 0/39
AGG (4 ,2) PORT 1: Recv/Dropped : 0/32
AGG (4 ,2) PORT 2: Recv/Dropped : 0/36
AGG (4 ,2) PORT 3: Recv/Dropped : 0/44
AGG (4 ,2) PORT 4: Recv/Dropped : 0/48
AGG (4 ,2) PORT 5: Recv/Dropped : 0/46
AGG (4 ,2) PORT 6: Recv/Dropped : 0/57
AGG (4 ,2) PORT 7: Recv/Dropped : 0/49
AGG (4 ,3) PORT 0: Recv/Dropped : 0/24
AGG (4 ,3) PORT 1: Recv/Dropped : 0/22
AGG (4 ,3) PORT 2: Recv/Dropped : 0/26
AGG (4 ,3) PORT 3: Recv/Dropped : 0/20
AGG (4 ,3) PORT 4: Recv/Dropped : 0/55
AGG (4 ,3) PORT 5: Recv/Dropped : 0/46
AGG (4 ,3) PORT 6: Recv/Dropped : 0/45
AGG (4 ,3) PORT 7: Recv/Dropped : 0/41
AGG (5 ,0) PORT 0: Recv/Dropped : 0/18
AGG (5 ,0) PORT 1: Recv/Dropped : 0/24
AGG (5 ,0) PORT 2: Recv/Dropped : 0/18
AGG (5 ,0) PORT 3: Recv/Dropped : 0/17
AGG (5 ,0) PORT 4: Recv/Dropped : 0/39
AGG (5 ,0) PORT 5: Recv/Dropped : 0/45
AGG (5 ,0) PORT 6: Recv/Dropped : 0/28
AGG (5 ,0) PORT 7: Recv/Dropped : 0/42
AGG (5 ,1) PORT 0: Recv/Dropped : 0/20
AGG (5 ,1) PORT 1: Recv/Dropped : 0/23
AGG (5 ,1) PORT 2: Recv/Dropped : 0/25
AGG (5 ,1) PORT 3: Recv/Dropped : 0/24
AGG (5 ,1) PORT 4: Recv/Dropped : 0/34
AGG (5 ,1) PORT 5: Recv/Dropped : 0/44
AGG (5 ,1) PORT 6: Recv/Dropped : 0/41
AGG (5 ,1) PORT 7: Recv/Dropped : 0/21
AGG (5 ,2) PORT 0: Recv/Dropped : 0/18
AGG (5 ,2) PORT 1: Recv/Dropped : 0/12
AGG (5 ,2) PORT 2: Recv/Dropped : 0/19
AGG (5 ,2) PORT 3: Recv/Dropped : 0/15
AGG (5 ,2) PORT 4: Recv/Dropped : 0/39
AGG (5 ,2) PORT 5: Recv/Dropped : 0/39
AGG (5 ,2) PORT 6: Recv/Dropped : 0/33
AGG (5 ,2) PORT 7: Recv/Dropped : 0/31
AGG (5 ,3) PORT 0: Recv/Dropped : 0/43
AGG (5 ,3) PORT 1: Recv/Dropped : 0/48
AGG (5 ,3) PORT 2: Recv/Dropped : 0/30
AGG (5 ,3) PORT 3: Recv/Dropped : 0/41
AGG (5 ,3) PORT 4: Recv/Dropped : 0/32
AGG (5 ,3) PORT 5: Recv/Dropped : 0/38
AGG (5 ,3) PORT 6: Recv/Dropped : 0/25
AGG (5 ,3) PORT 7: Recv/Dropped : 0/32
AGG (6 ,0) PORT 0: Recv/Dropped : 0/21
AGG (6 ,0) PORT 1: Recv/Dropped : 0/25
AGG (6 ,0) PORT 2: Recv/Dropped : 0/22
AGG (6 ,0) PORT 3: Recv/Dropped : 0/9
AGG (6 ,0) PORT 4: Recv/Dropped : 0/24
AGG (6 ,0) PORT 5: Recv/Dropped : 0/40
AGG (6 ,0) PORT 6: Recv/Dropped : 0/30
AGG (6 ,0) PORT 7: Recv/Dropped : 0/45
AGG (6 ,1) PORT 0: Recv/Dropped : 0/23
AGG (6 ,1) PORT 1: Recv/Dropped : 0/18
AGG (6 ,1) PORT 2: Recv/Dropped : 0/22
AGG (6 ,1) PORT 3: Recv/Dropped : 0/21
AGG (6 ,1) PORT 4: Recv/Dropped : 0/26
AGG (6 ,1) PORT 5: Recv/Dropped : 0/29
AGG (6 ,1) PORT 6: Recv/Dropped : 0/38
AGG (6 ,1) PORT 7: Recv/Dropped : 0/38
AGG (6 ,2) PORT 0: Recv/Dropped : 0/0
AGG (6 ,2) PORT 1: Recv/Dropped : 0/2
AGG (6 ,2) PORT 2: Recv/Dropped : 0/0
AGG (6 ,2) PORT 3: Recv/Dropped : 0/0
AGG (6 ,2) PORT 4: Recv/Dropped : 0/33
AGG (6 ,2) PORT 5: Recv/Dropped : 0/41
AGG (6 ,2) PORT 6: Recv/Dropped : 0/42
AGG (6 ,2) PORT 7: Recv/Dropped : 0/40
AGG (6 ,3) PORT 0: Recv/Dropped : 0/67
AGG (6 ,3) PORT 1: Recv/Dropped : 0/69
AGG (6 ,3) PORT 2: Recv/Dropped : 0/67
AGG (6 ,3) PORT 3: Recv/Dropped : 0/63
AGG (6 ,3) PORT 4: Recv/Dropped : 0/35
AGG (6 ,3) PORT 5: Recv/Dropped : 0/44
AGG (6 ,3) PORT 6: Recv/Dropped : 0/39
AGG (6 ,3) PORT 7: Recv/Dropped : 0/34
AGG (7 ,0) PORT 0: Recv/Dropped : 0/0
AGG (7 ,0) PORT 1: Recv/Dropped : 0/0
AGG (7 ,0) PORT 2: Recv/Dropped : 0/0
AGG (7 ,0) PORT 3: Recv/Dropped : 0/2
AGG (7 ,0) PORT 4: Recv/Dropped : 0/18
AGG (7 ,0) PORT 5: Recv/Dropped : 0/17
AGG (7 ,0) PORT 6: Recv/Dropped : 0/19
AGG (7 ,0) PORT 7: Recv/Dropped : 0/9
AGG (7 ,1) PORT 0: Recv/Dropped : 0/43
AGG (7 ,1) PORT 1: Recv/Dropped : 0/49
AGG (7 ,1) PORT 2: Recv/Dropped : 0/48
AGG (7 ,1) PORT 3: Recv/Dropped : 0/43
AGG (7 ,1) PORT 4: Recv/Dropped : 0/21
AGG (7 ,1) PORT 5: Recv/Dropped : 0/12
AGG (7 ,1) PORT 6: Recv/Dropped : 0/7
AGG (7 ,1) PORT 7: Recv/Dropped : 0/18
AGG (7 ,2) PORT 0: Recv/Dropped : 0/0
AGG (7 ,2) PORT 1: Recv/Dropped : 0/0
AGG (7 ,2) PORT 2: Recv/Dropped : 0/0
AGG (7 ,2) PORT 3: Recv/Dropped : 0/0
AGG (7 ,2) PORT 4: Recv/Dropped : 0/21
AGG (7 ,2) PORT 5: Recv/Dropped : 0/21
AGG (7 ,2) PORT 6: Recv/Dropped : 0/12
AGG (7 ,2) PORT 7: Recv/Dropped : 0/18
AGG (7 ,3) PORT 0: Recv/Dropped : 0/3
AGG (7 ,3) PORT 1: Recv/Dropped : 0/0
AGG (7 ,3) PORT 2: Recv/Dropped : 0/0
AGG (7 ,3) PORT 3: Recv/Dropped : 0/0
AGG (7 ,3) PORT 4: Recv/Dropped : 0/28
AGG (7 ,3) PORT 5: Recv/Dropped : 0/13
AGG (7 ,3) PORT 6: Recv/Dropped : 0/16
AGG (7 ,3) PORT 7: Recv/Dropped : 0/12


TOTAL RECEIVED PACKETS = 33862
TOTAL DROPPED PACKETS = 750