QUEUE STATISTICS FOR EXPERIMENT 9250
---------------------------
 -- EDGE QUEUE STATISTICS --
EDGE (0 ,0) PORT 0: Recv/Dropped : 370/5677
EDGE (0 ,0) PORT 1: Recv/Dropped : 0/85
EDGE (0 ,0) PORT 2: Recv/Dropped : 0/68
EDGE (0 ,0) PORT 3: Recv/Dropped : 0/65
EDGE (0 ,0) PORT 4: Recv/Dropped : 0/946
EDGE (0 ,0) PORT 5: Recv/Dropped : 0/1004
EDGE (0 ,0) PORT 6: Recv/Dropped : 0/894
EDGE (0 ,0) PORT 7: Recv/Dropped : 0/885
EDGE (0 ,1) PORT 0: Recv/Dropped : 0/77
EDGE (0 ,1) PORT 1: Recv/Dropped : 0/66
EDGE (0 ,1) PORT 2: Recv/Dropped : 0/66
EDGE (0 ,1) PORT 3: Recv/Dropped : 0/62
EDGE (0 ,1) PORT 4: Recv/Dropped : 0/95
EDGE (0 ,1) PORT 5: Recv/Dropped : 0/95
EDGE (0 ,1) PORT 6: Recv/Dropped : 0/100
EDGE (0 ,1) PORT 7: Recv/Dropped : 0/114
EDGE (0 ,2) PORT 0: Recv/Dropped : 0/70
EDGE (0 ,2) PORT 1: Recv/Dropped : 0/66
EDGE (0 ,2) PORT 2: Recv/Dropped : 0/62
EDGE (0 ,2) PORT 3: Recv/Dropped : 0/2
EDGE (0 ,2) PORT 4: Recv/Dropped : 0/60
EDGE (0 ,2) PORT 5: Recv/Dropped : 0/89
EDGE (0 ,2) PORT 6: Recv/Dropped : 0/76
EDGE (0 ,2) PORT 7: Recv/Dropped : 0/78
EDGE (0 ,3) PORT 0: Recv/Dropped : 0/67
EDGE (0 ,3) PORT 1: Recv/Dropped : 0/3
EDGE (0 ,3) PORT 2: Recv/Dropped : 0/77
EDGE (0 ,3) PORT 3: Recv/Dropped : 0/2
EDGE (0 ,3) PORT 4: Recv/Dropped : 0/55
EDGE (0 ,3) PORT 5: Recv/Dropped : 0/55
EDGE (0 ,3) PORT 6: Recv/Dropped : 0/51
EDGE (0 ,3) PORT 7: Recv/Dropped : 0/47
EDGE (1 ,0) PORT 0: Recv/Dropped : 0/71
EDGE (1 ,0) PORT 1: Recv/Dropped : 0/65
EDGE (1 ,0) PORT 2: Recv/Dropped : 0/63
EDGE (1 ,0) PORT 3: Recv/Dropped : 0/64
EDGE (1 ,0) PORT 4: Recv/Dropped : 0/91
EDGE (1 ,0) PORT 5: Recv/Dropped : 0/111
EDGE (1 ,0) PORT 6: Recv/Dropped : 0/95
EDGE (1 ,0) PORT 7: Recv/Dropped : 0/102
EDGE (1 ,1) PORT 0: Recv/Dropped : 0/66
EDGE (1 ,1) PORT 1: Recv/Dropped : 0/64
EDGE (1 ,1) PORT 2: Recv/Dropped : 0/3
EDGE (1 ,1) PORT 3: Recv/Dropped : 0/2
EDGE (1 ,1) PORT 4: Recv/Dropped : 0/45
EDGE (1 ,1) PORT 5: Recv/Dropped : 0/51
EDGE (1 ,1) PORT 6: Recv/Dropped : 0/59
EDGE (1 ,1) PORT 7: Recv/Dropped : 0/58
EDGE (1 ,2) PORT 0: Recv/Dropped : 0/63
EDGE (1 ,2) PORT 1: Recv/Dropped : 0/63
EDGE (1 ,2) PORT 2: Recv/Dropped : 0/2
EDGE (1 ,2) PORT 3: Recv/Dropped : 0/2
EDGE (1 ,2) PORT 4: Recv/Dropped : 0/59
EDGE (1 ,2) PORT 5: Recv/Dropped : 0/48
EDGE (1 ,2) PORT 6: Recv/Dropped : 0/50
EDGE (1 ,2) PORT 7: Recv/Dropped : 0/55
EDGE (1 ,3) PORT 0: Recv/Dropped : 0/63
EDGE (1 ,3) PORT 1: Recv/Dropped : 0/67
EDGE (1 ,3) PORT 2: Recv/Dropped : 0/3
EDGE (1 ,3) PORT 3: Recv/Dropped : 0/63
EDGE (1 ,3) PORT 4: Recv/Dropped : 0/78
EDGE (1 ,3) PORT 5: Recv/Dropped : 0/71
EDGE (1 ,3) PORT 6: Recv/Dropped : 0/67
EDGE (1 ,3) PORT 7: Recv/Dropped : 0/91
EDGE (2 ,0) PORT 0: Recv/Dropped : 0/66
EDGE (2 ,0) PORT 1: Recv/Dropped : 0/68
EDGE (2 ,0) PORT 2: Recv/Dropped : 0/73
EDGE (2 ,0) PORT 3: Recv/Dropped : 0/2
EDGE (2 ,0) PORT 4: Recv/Dropped : 0/73
EDGE (2 ,0) PORT 5: Recv/Dropped : 0/84
EDGE (2 ,0) PORT 6: Recv/Dropped : 0/72
EDGE (2 ,0) PORT 7: Recv/Dropped : 0/76
EDGE (2 ,1) PORT 0: Recv/Dropped : 0/63
EDGE (2 ,1) PORT 1: Recv/Dropped : 0/62
EDGE (2 ,1) PORT 2: Recv/Dropped : 0/3
EDGE (2 ,1) PORT 3: Recv/Dropped : 0/2
EDGE (2 ,1) PORT 4: Recv/Dropped : 0/42
EDGE (2 ,1) PORT 5: Recv/Dropped : 0/57
EDGE (2 ,1) PORT 6: Recv/Dropped : 0/51
EDGE (2 ,1) PORT 7: Recv/Dropped : 0/63
EDGE (2 ,2) PORT 0: Recv/Dropped : 0/64
EDGE (2 ,2) PORT 1: Recv/Dropped : 0/2
EDGE (2 ,2) PORT 2: Recv/Dropped : 0/3
EDGE (2 ,2) PORT 3: Recv/Dropped : 0/2
EDGE (2 ,2) PORT 4: Recv/Dropped : 0/25
EDGE (2 ,2) PORT 5: Recv/Dropped : 0/28
EDGE (2 ,2) PORT 6: Recv/Dropped : 0/33
EDGE (2 ,2) PORT 7: Recv/Dropped : 0/31
EDGE (2 ,3) PORT 0: Recv/Dropped : 0/3
EDGE (2 ,3) PORT 1: Recv/Dropped : 0/2
EDGE (2 ,3) PORT 2: Recv/Dropped : 0/2
EDGE (2 ,3) PORT 3: Recv/Dropped : 0/2
EDGE (2 ,3) PORT 4: Recv/Dropped : 0/7
EDGE (2 ,3) PORT 5: Recv/Dropped : 0/7
EDGE (2 ,3) PORT 6: Recv/Dropped : 0/5
EDGE (2 ,3) PORT 7: Recv/Dropped : 0/5
EDGE (3 ,0) PORT 0: Recv/Dropped : 0/63
EDGE (3 ,0) PORT 1: Recv/Dropped : 0/62
EDGE (3 ,0) PORT 2: Recv/Dropped : 0/3
EDGE (3 ,0) PORT 3: Recv/Dropped : 0/4
EDGE (3 ,0) PORT 4: Recv/Dropped : 0/51
EDGE (3 ,0) PORT 5: Recv/Dropped : 0/62
EDGE (3 ,0) PORT 6: Recv/Dropped : 0/53
EDGE (3 ,0) PORT 7: Recv/Dropped : 0/46
EDGE (3 ,1) PORT 0: Recv/Dropped : 0/2
EDGE (3 ,1) PORT 1: Recv/Dropped : 0/2
EDGE (3 ,1) PORT 2: Recv/Dropped : 0/63
EDGE (3 ,1) PORT 3: Recv/Dropped : 0/3
EDGE (3 ,1) PORT 4: Recv/Dropped : 0/32
EDGE (3 ,1) PORT 5: Recv/Dropped : 0/33
EDGE (3 ,1) PORT 6: Recv/Dropped : 0/26
EDGE (3 ,1) PORT 7: Recv/Dropped : 0/27
EDGE (3 ,2) PORT 0: Recv/Dropped : 0/3
EDGE (3 ,2) PORT 1: Recv/Dropped : 0/2
EDGE (3 ,2) PORT 2: Recv/Dropped : 0/2
EDGE (3 ,2) PORT 3: Recv/Dropped : 0/2
EDGE (3 ,2) PORT 4: Recv/Dropped : 0/5
EDGE (3 ,2) PORT 5: Recv/Dropped : 0/10
EDGE (3 ,2) PORT 6: Recv/Dropped : 0/7
EDGE (3 ,2) PORT 7: Recv/Dropped : 0/2
EDGE (3 ,3) PORT 0: Recv/Dropped : 0/3
EDGE (3 ,3) PORT 1: Recv/Dropped : 0/3
EDGE (3 ,3) PORT 2: Recv/Dropped : 0/2
EDGE (3 ,3) PORT 3: Recv/Dropped : 0/62
EDGE (3 ,3) PORT 4: Recv/Dropped : 0/27
EDGE (3 ,3) PORT 5: Recv/Dropped : 0/31
EDGE (3 ,3) PORT 6: Recv/Dropped : 0/38
EDGE (3 ,3) PORT 7: Recv/Dropped : 0/22
EDGE (4 ,0) PORT 0: Recv/Dropped : 0/63
EDGE (4 ,0) PORT 1: Recv/Dropped : 0/3
EDGE (4 ,0) PORT 2: Recv/Dropped : 0/4
EDGE (4 ,0) PORT 3: Recv/Dropped : 0/2
EDGE (4 ,0) PORT 4: Recv/Dropped : 0/32
EDGE (4 ,0) PORT 5: Recv/Dropped : 0/27
EDGE (4 ,0) PORT 6: Recv/Dropped : 0/32
EDGE (4 ,0) PORT 7: Recv/Dropped : 0/27
EDGE (4 ,1) PORT 0: Recv/Dropped : 0/3
EDGE (4 ,1) PORT 1: Recv/Dropped : 0/2
EDGE (4 ,1) PORT 2: Recv/Dropped : 0/4
EDGE (4 ,1) PORT 3: Recv/Dropped : 0/3
EDGE (4 ,1) PORT 4: Recv/Dropped : 0/9
EDGE (4 ,1) PORT 5: Recv/Dropped : 0/6
EDGE (4 ,1) PORT 6: Recv/Dropped : 0/4
EDGE (4 ,1) PORT 7: Recv/Dropped : 0/5
EDGE (4 ,2) PORT 0: Recv/Dropped : 0/3
EDGE (4 ,2) PORT 1: Recv/Dropped : 0/63
EDGE (4 ,2) PORT 2: Recv/Dropped : 0/3
EDGE (4 ,2) PORT 3: Recv/Dropped : 0/2
EDGE (4 ,2) PORT 4: Recv/Dropped : 0/24
EDGE (4 ,2) PORT 5: Recv/Dropped : 0/25
EDGE (4 ,2) PORT 6: Recv/Dropped : 0/37
EDGE (4 ,2) PORT 7: Recv/Dropped : 0/33
EDGE (4 ,3) PORT 0: Recv/Dropped : 0/2
EDGE (4 ,3) PORT 1: Recv/Dropped : 0/4
EDGE (4 ,3) PORT 2: Recv/Dropped : 0/2
EDGE (4 ,3) PORT 3: Recv/Dropped : 0/2
EDGE (4 ,3) PORT 4: Recv/Dropped : 0/10
EDGE (4 ,3) PORT 5: Recv/Dropped : 0/5
EDGE (4 ,3) PORT 6: Recv/Dropped : 0/5
EDGE (4 ,3) PORT 7: Recv/Dropped : 0/4
EDGE (5 ,0) PORT 0: Recv/Dropped : 0/2
EDGE (5 ,0) PORT 1: Recv/Dropped : 0/2
EDGE (5 ,0) PORT 2: Recv/Dropped : 0/62
EDGE (5 ,0) PORT 3: Recv/Dropped : 0/3
EDGE (5 ,0) PORT 4: Recv/Dropped : 0/27
EDGE (5 ,0) PORT 5: Recv/Dropped : 0/36
EDGE (5 ,0) PORT 6: Recv/Dropped : 0/25
EDGE (5 ,0) PORT 7: Recv/Dropped : 0/30
EDGE (5 ,1) PORT 0: Recv/Dropped : 0/2
EDGE (5 ,1) PORT 1: Recv/Dropped : 0/4
EDGE (5 ,1) PORT 2: Recv/Dropped : 0/3
EDGE (5 ,1) PORT 3: Recv/Dropped : 0/2
EDGE (5 ,1) PORT 4: Recv/Dropped : 0/10
EDGE (5 ,1) PORT 5: Recv/Dropped : 0/5
EDGE (5 ,1) PORT 6: Recv/Dropped : 0/6
EDGE (5 ,1) PORT 7: Recv/Dropped : 0/3
EDGE (5 ,2) PORT 0: Recv/Dropped : 0/3
EDGE (5 ,2) PORT 1: Recv/Dropped : 0/2
EDGE (5 ,2) PORT 2: Recv/Dropped : 0/70
EDGE (5 ,2) PORT 3: Recv/Dropped : 0/3
EDGE (5 ,2) PORT 4: Recv/Dropped : 0/35
EDGE (5 ,2) PORT 5: Recv/Dropped : 0/33
EDGE (5 ,2) PORT 6: Recv/Dropped : 0/26
EDGE (5 ,2) PORT 7: Recv/Dropped : 0/25
EDGE (5 ,3) PORT 0: Recv/Dropped : 0/3
EDGE (5 ,3) PORT 1: Recv/Dropped : 0/2
EDGE (5 ,3) PORT 2: Recv/Dropped : 0/71
EDGE (5 ,3) PORT 3: Recv/Dropped : 0/72
EDGE (5 ,3) PORT 4: Recv/Dropped : 0/64
EDGE (5 ,3) PORT 5: Recv/Dropped : 0/47
EDGE (5 ,3) PORT 6: Recv/Dropped : 0/58
EDGE (5 ,3) PORT 7: Recv/Dropped : 0/48
EDGE (6 ,0) PORT 0: Recv/Dropped : 0/2
EDGE (6 ,0) PORT 1: Recv/Dropped : 0/2
EDGE (6 ,0) PORT 2: Recv/Dropped : 0/3
EDGE (6 ,0) PORT 3: Recv/Dropped : 0/2
EDGE (6 ,0) PORT 4: Recv/Dropped : 0/4
EDGE (6 ,0) PORT 5: Recv/Dropped : 0/8
EDGE (6 ,0) PORT 6: Recv/Dropped : 0/4
EDGE (6 ,0) PORT 7: Recv/Dropped : 0/8
EDGE (6 ,1) PORT 0: Recv/Dropped : 0/2
EDGE (6 ,1) PORT 1: Recv/Dropped : 0/4
EDGE (6 ,1) PORT 2: Recv/Dropped : 0/2
EDGE (6 ,1) PORT 3: Recv/Dropped : 0/72
EDGE (6 ,1) PORT 4: Recv/Dropped : 0/32
EDGE (6 ,1) PORT 5: Recv/Dropped : 0/24
EDGE (6 ,1) PORT 6: Recv/Dropped : 0/28
EDGE (6 ,1) PORT 7: Recv/Dropped : 0/37
EDGE (6 ,2) PORT 0: Recv/Dropped : 0/4
EDGE (6 ,2) PORT 1: Recv/Dropped : 0/62
EDGE (6 ,2) PORT 2: Recv/Dropped : 0/68
EDGE (6 ,2) PORT 3: Recv/Dropped : 0/68
EDGE (6 ,2) PORT 4: Recv/Dropped : 0/79
EDGE (6 ,2) PORT 5: Recv/Dropped : 0/77
EDGE (6 ,2) PORT 6: Recv/Dropped : 0/81
EDGE (6 ,2) PORT 7: Recv/Dropped : 0/71
EDGE (6 ,3) PORT 0: Recv/Dropped : 0/2
EDGE (6 ,3) PORT 1: Recv/Dropped : 0/74
EDGE (6 ,3) PORT 2: Recv/Dropped : 0/67
EDGE (6 ,3) PORT 3: Recv/Dropped : 0/71
EDGE (6 ,3) PORT 4: Recv/Dropped : 0/74
EDGE (6 ,3) PORT 5: Recv/Dropped : 0/73
EDGE (6 ,3) PORT 6: Recv/Dropped : 0/78
EDGE (6 ,3) PORT 7: Recv/Dropped : 0/88
EDGE (7 ,0) PORT 0: Recv/Dropped : 0/74
EDGE (7 ,0) PORT 1: Recv/Dropped : 0/3
EDGE (7 ,0) PORT 2: Recv/Dropped : 0/3
EDGE (7 ,0) PORT 3: Recv/Dropped : 0/73
EDGE (7 ,0) PORT 4: Recv/Dropped : 0/49
EDGE (7 ,0) PORT 5: Recv/Dropped : 0/62
EDGE (7 ,0) PORT 6: Recv/Dropped : 0/53
EDGE (7 ,0) PORT 7: Recv/Dropped : 0/52
EDGE (7 ,1) PORT 0: Recv/Dropped : 0/3
EDGE (7 ,1) PORT 1: Recv/Dropped : 0/3
EDGE (7 ,1) PORT 2: Recv/Dropped : 0/66
EDGE (7 ,1) PORT 3: Recv/Dropped : 0/70
EDGE (7 ,1) PORT 4: Recv/Dropped : 0/53
EDGE (7 ,1) PORT 5: Recv/Dropped : 0/48
EDGE (7 ,1) PORT 6: Recv/Dropped : 0/55
EDGE (7 ,1) PORT 7: Recv/Dropped : 0/58
EDGE (7 ,2) PORT 0: Recv/Dropped : 0/62
EDGE (7 ,2) PORT 1: Recv/Dropped : 0/67
EDGE (7 ,2) PORT 2: Recv/Dropped : 0/6
EDGE (7 ,2) PORT 3: Recv/Dropped : 0/65
EDGE (7 ,2) PORT 4: Recv/Dropped : 0/83
EDGE (7 ,2) PORT 5: Recv/Dropped : 0/73
EDGE (7 ,2) PORT 6: Recv/Dropped : 0/83
EDGE (7 ,2) PORT 7: Recv/Dropped : 0/65
EDGE (7 ,3) PORT 0: Recv/Dropped : 0/74
EDGE (7 ,3) PORT 1: Recv/Dropped : 0/5
EDGE (7 ,3) PORT 2: Recv/Dropped : 0/70
EDGE (7 ,3) PORT 3: Recv/Dropped : 0/65
EDGE (7 ,3) PORT 4: Recv/Dropped : 0/91
EDGE (7 ,3) PORT 5: Recv/Dropped : 0/73
EDGE (7 ,3) PORT 6: Recv/Dropped : 0/69
EDGE (7 ,3) PORT 7: Recv/Dropped : 0/77
 -- AGG QUEUE STATISTICS --
AGG (0 ,0) PORT 0: Recv/Dropped : 0/1421
AGG (0 ,0) PORT 1: Recv/Dropped : 0/1454
AGG (0 ,0) PORT 2: Recv/Dropped : 0/1427
AGG (0 ,0) PORT 3: Recv/Dropped : 0/1448
AGG (0 ,0) PORT 4: Recv/Dropped : 0/215
AGG (0 ,0) PORT 5: Recv/Dropped : 0/182
AGG (0 ,0) PORT 6: Recv/Dropped : 0/195
AGG (0 ,0) PORT 7: Recv/Dropped : 0/202
AGG (0 ,1) PORT 0: Recv/Dropped : 0/74
AGG (0 ,1) PORT 1: Recv/Dropped : 0/73
AGG (0 ,1) PORT 2: Recv/Dropped : 0/58
AGG (0 ,1) PORT 3: Recv/Dropped : 0/66
AGG (0 ,1) PORT 4: Recv/Dropped : 0/207
AGG (0 ,1) PORT 5: Recv/Dropped : 0/209
AGG (0 ,1) PORT 6: Recv/Dropped : 0/198
AGG (0 ,1) PORT 7: Recv/Dropped : 0/218
AGG (0 ,2) PORT 0: Recv/Dropped : 0/44
AGG (0 ,2) PORT 1: Recv/Dropped : 0/60
AGG (0 ,2) PORT 2: Recv/Dropped : 0/43
AGG (0 ,2) PORT 3: Recv/Dropped : 0/53
AGG (0 ,2) PORT 4: Recv/Dropped : 0/196
AGG (0 ,2) PORT 5: Recv/Dropped : 0/199
AGG (0 ,2) PORT 6: Recv/Dropped : 0/164
AGG (0 ,2) PORT 7: Recv/Dropped : 0/203
AGG (0 ,3) PORT 0: Recv/Dropped : 0/34
AGG (0 ,3) PORT 1: Recv/Dropped : 0/39
AGG (0 ,3) PORT 2: Recv/Dropped : 0/31
AGG (0 ,3) PORT 3: Recv/Dropped : 0/45
AGG (0 ,3) PORT 4: Recv/Dropped : 0/157
AGG (0 ,3) PORT 5: Recv/Dropped : 0/181
AGG (0 ,3) PORT 6: Recv/Dropped : 0/190
AGG (0 ,3) PORT 7: Recv/Dropped : 0/193
AGG (1 ,0) PORT 0: Recv/Dropped : 0/64
AGG (1 ,0) PORT 1: Recv/Dropped : 0/87
AGG (1 ,0) PORT 2: Recv/Dropped : 0/63
AGG (1 ,0) PORT 3: Recv/Dropped : 0/49
AGG (1 ,0) PORT 4: Recv/Dropped : 0/68
AGG (1 ,0) PORT 5: Recv/Dropped : 0/65
AGG (1 ,0) PORT 6: Recv/Dropped : 0/71
AGG (1 ,0) PORT 7: Recv/Dropped : 0/69
AGG (1 ,1) PORT 0: Recv/Dropped : 0/36
AGG (1 ,1) PORT 1: Recv/Dropped : 0/29
AGG (1 ,1) PORT 2: Recv/Dropped : 0/41
AGG (1 ,1) PORT 3: Recv/Dropped : 0/29
AGG (1 ,1) PORT 4: Recv/Dropped : 0/90
AGG (1 ,1) PORT 5: Recv/Dropped : 0/61
AGG (1 ,1) PORT 6: Recv/Dropped : 0/61
AGG (1 ,1) PORT 7: Recv/Dropped : 0/69
AGG (1 ,2) PORT 0: Recv/Dropped : 0/32
AGG (1 ,2) PORT 1: Recv/Dropped : 0/38
AGG (1 ,2) PORT 2: Recv/Dropped : 0/33
AGG (1 ,2) PORT 3: Recv/Dropped : 0/27
AGG (1 ,2) PORT 4: Recv/Dropped : 0/58
AGG (1 ,2) PORT 5: Recv/Dropped : 0/82
AGG (1 ,2) PORT 6: Recv/Dropped : 0/60
AGG (1 ,2) PORT 7: Recv/Dropped : 0/71
AGG (1 ,3) PORT 0: Recv/Dropped : 0/53
AGG (1 ,3) PORT 1: Recv/Dropped : 0/44
AGG (1 ,3) PORT 2: Recv/Dropped : 0/44
AGG (1 ,3) PORT 3: Recv/Dropped : 0/55
AGG (1 ,3) PORT 4: Recv/Dropped : 0/67
AGG (1 ,3) PORT 5: Recv/Dropped : 0/95
AGG (1 ,3) PORT 6: Recv/Dropped : 0/76
AGG (1 ,3) PORT 7: Recv/Dropped : 0/68
AGG (2 ,0) PORT 0: Recv/Dropped : 0/51
AGG (2 ,0) PORT 1: Recv/Dropped : 0/65
AGG (2 ,0) PORT 2: Recv/Dropped : 0/38
AGG (2 ,0) PORT 3: Recv/Dropped : 0/55
AGG (2 ,0) PORT 4: Recv/Dropped : 0/44
AGG (2 ,0) PORT 5: Recv/Dropped : 0/25
AGG (2 ,0) PORT 6: Recv/Dropped : 0/36
AGG (2 ,0) PORT 7: Recv/Dropped : 0/42
AGG (2 ,1) PORT 0: Recv/Dropped : 0/30
AGG (2 ,1) PORT 1: Recv/Dropped : 0/39
AGG (2 ,1) PORT 2: Recv/Dropped : 0/39
AGG (2 ,1) PORT 3: Recv/Dropped : 0/22
AGG (2 ,1) PORT 4: Recv/Dropped : 0/43
AGG (2 ,1) PORT 5: Recv/Dropped : 0/42
AGG (2 ,1) PORT 6: Recv/Dropped : 0/41
AGG (2 ,1) PORT 7: Recv/Dropped : 0/50
AGG (2 ,2) PORT 0: Recv/Dropped : 0/17
AGG (2 ,2) PORT 1: Recv/Dropped : 0/17
AGG (2 ,2) PORT 2: Recv/Dropped : 0/21
AGG (2 ,2) PORT 3: Recv/Dropped : 0/16
AGG (2 ,2) PORT 4: Recv/Dropped : 0/41
AGG (2 ,2) PORT 5: Recv/Dropped : 0/36
AGG (2 ,2) PORT 6: Recv/Dropped : 0/48
AGG (2 ,2) PORT 7: Recv/Dropped : 0/36
AGG (2 ,3) PORT 0: Recv/Dropped : 0/1
AGG (2 ,3) PORT 1: Recv/Dropped : 0/4
AGG (2 ,3) PORT 2: Recv/Dropped : 0/4
AGG (2 ,3) PORT 3: Recv/Dropped : 0/0
AGG (2 ,3) PORT 4: Recv/Dropped : 0/51
AGG (2 ,3) PORT 5: Recv/Dropped : 0/48
AGG (2 ,3) PORT 6: Recv/Dropped : 0/42
AGG (2 ,3) PORT 7: Recv/Dropped : 0/34
AGG (3 ,0) PORT 0: Recv/Dropped : 0/35
AGG (3 ,0) PORT 1: Recv/Dropped : 0/40
AGG (3 ,0) PORT 2: Recv/Dropped : 0/27
AGG (3 ,0) PORT 3: Recv/Dropped : 0/30
AGG (3 ,0) PORT 4: Recv/Dropped : 0/35
AGG (3 ,0) PORT 5: Recv/Dropped : 0/23
AGG (3 ,0) PORT 6: Recv/Dropped : 0/29
AGG (3 ,0) PORT 7: Recv/Dropped : 0/28
AGG (3 ,1) PORT 0: Recv/Dropped : 0/19
AGG (3 ,1) PORT 1: Recv/Dropped : 0/15
AGG (3 ,1) PORT 2: Recv/Dropped : 0/22
AGG (3 ,1) PORT 3: Recv/Dropped : 0/14
AGG (3 ,1) PORT 4: Recv/Dropped : 0/35
AGG (3 ,1) PORT 5: Recv/Dropped : 0/34
AGG (3 ,1) PORT 6: Recv/Dropped : 0/34
AGG (3 ,1) PORT 7: Recv/Dropped : 0/33
AGG (3 ,2) PORT 0: Recv/Dropped : 0/4
AGG (3 ,2) PORT 1: Recv/Dropped : 0/1
AGG (3 ,2) PORT 2: Recv/Dropped : 0/4
AGG (3 ,2) PORT 3: Recv/Dropped : 0/0
AGG (3 ,2) PORT 4: Recv/Dropped : 0/32
AGG (3 ,2) PORT 5: Recv/Dropped : 0/27
AGG (3 ,2) PORT 6: Recv/Dropped : 0/33
AGG (3 ,2) PORT 7: Recv/Dropped : 0/32
AGG (3 ,3) PORT 0: Recv/Dropped : 0/22
AGG (3 ,3) PORT 1: Recv/Dropped : 0/11
AGG (3 ,3) PORT 2: Recv/Dropped : 0/20
AGG (3 ,3) PORT 3: Recv/Dropped : 0/17
AGG (3 ,3) PORT 4: Recv/Dropped : 0/16
AGG (3 ,3) PORT 5: Recv/Dropped : 0/30
AGG (3 ,3) PORT 6: Recv/Dropped : 0/31
AGG (3 ,3) PORT 7: Recv/Dropped : 0/20
AGG (4 ,0) PORT 0: Recv/Dropped : 0/21
AGG (4 ,0) PORT 1: Recv/Dropped : 0/22
AGG (4 ,0) PORT 2: Recv/Dropped : 0/14
AGG (4 ,0) PORT 3: Recv/Dropped : 0/15
AGG (4 ,0) PORT 4: Recv/Dropped : 0/23
AGG (4 ,0) PORT 5: Recv/Dropped : 0/12
AGG (4 ,0) PORT 6: Recv/Dropped : 0/22
AGG (4 ,0) PORT 7: Recv/Dropped : 0/18
AGG (4 ,1) PORT 0: Recv/Dropped : 0/3
AGG (4 ,1) PORT 1: Recv/Dropped : 0/3
AGG (4 ,1) PORT 2: Recv/Dropped : 0/4
AGG (4 ,1) PORT 3: Recv/Dropped : 0/2
AGG (4 ,1) PORT 4: Recv/Dropped : 0/21
AGG (4 ,1) PORT 5: Recv/Dropped : 0/15
AGG (4 ,1) PORT 6: Recv/Dropped : 0/15
AGG (4 ,1) PORT 7: Recv/Dropped : 0/12
AGG (4 ,2) PORT 0: Recv/Dropped : 0/19
AGG (4 ,2) PORT 1: Recv/Dropped : 0/21
AGG (4 ,2) PORT 2: Recv/Dropped : 0/18
AGG (4 ,2) PORT 3: Recv/Dropped : 0/13
AGG (4 ,2) PORT 4: Recv/Dropped : 0/13
AGG (4 ,2) PORT 5: Recv/Dropped : 0/21
AGG (4 ,2) PORT 6: Recv/Dropped : 0/22
AGG (4 ,2) PORT 7: Recv/Dropped : 0/22
AGG (4 ,3) PORT 0: Recv/Dropped : 0/1
AGG (4 ,3) PORT 1: Recv/Dropped : 0/4
AGG (4 ,3) PORT 2: Recv/Dropped : 0/2
AGG (4 ,3) PORT 3: Recv/Dropped : 0/3
AGG (4 ,3) PORT 4: Recv/Dropped : 0/22
AGG (4 ,3) PORT 5: Recv/Dropped : 0/20
AGG (4 ,3) PORT 6: Recv/Dropped : 0/11
AGG (4 ,3) PORT 7: Recv/Dropped : 0/16
AGG (5 ,0) PORT 0: Recv/Dropped : 0/20
AGG (5 ,0) PORT 1: Recv/Dropped : 0/12
AGG (5 ,0) PORT 2: Recv/Dropped : 0/19
AGG (5 ,0) PORT 3: Recv/Dropped : 0/18
AGG (5 ,0) PORT 4: Recv/Dropped : 0/37
AGG (5 ,0) PORT 5: Recv/Dropped : 0/39
AGG (5 ,0) PORT 6: Recv/Dropped : 0/25
AGG (5 ,0) PORT 7: Recv/Dropped : 0/35
AGG (5 ,1) PORT 0: Recv/Dropped : 0/5
AGG (5 ,1) PORT 1: Recv/Dropped : 0/0
AGG (5 ,1) PORT 2: Recv/Dropped : 0/1
AGG (5 ,1) PORT 3: Recv/Dropped : 0/5
AGG (5 ,1) PORT 4: Recv/Dropped : 0/27
AGG (5 ,1) PORT 5: Recv/Dropped : 0/40
AGG (5 ,1) PORT 6: Recv/Dropped : 0/37
AGG (5 ,1) PORT 7: Recv/Dropped : 0/17
AGG (5 ,2) PORT 0: Recv/Dropped : 0/18
AGG (5 ,2) PORT 1: Recv/Dropped : 0/25
AGG (5 ,2) PORT 2: Recv/Dropped : 0/16
AGG (5 ,2) PORT 3: Recv/Dropped : 0/19
AGG (5 ,2) PORT 4: Recv/Dropped : 0/32
AGG (5 ,2) PORT 5: Recv/Dropped : 0/34
AGG (5 ,2) PORT 6: Recv/Dropped : 0/24
AGG (5 ,2) PORT 7: Recv/Dropped : 0/25
AGG (5 ,3) PORT 0: Recv/Dropped : 0/37
AGG (5 ,3) PORT 1: Recv/Dropped : 0/33
AGG (5 ,3) PORT 2: Recv/Dropped : 0/38
AGG (5 ,3) PORT 3: Recv/Dropped : 0/40
AGG (5 ,3) PORT 4: Recv/Dropped : 0/25
AGG (5 ,3) PORT 5: Recv/Dropped : 0/33
AGG (5 ,3) PORT 6: Recv/Dropped : 0/24
AGG (5 ,3) PORT 7: Recv/Dropped : 0/24
AGG (6 ,0) PORT 0: Recv/Dropped : 0/1
AGG (6 ,0) PORT 1: Recv/Dropped : 0/1
AGG (6 ,0) PORT 2: Recv/Dropped : 0/4
AGG (6 ,0) PORT 3: Recv/Dropped : 0/3
AGG (6 ,0) PORT 4: Recv/Dropped : 0/40
AGG (6 ,0) PORT 5: Recv/Dropped : 0/50
AGG (6 ,0) PORT 6: Recv/Dropped : 0/43
AGG (6 ,0) PORT 7: Recv/Dropped : 0/56
AGG (6 ,1) PORT 0: Recv/Dropped : 0/20
AGG (6 ,1) PORT 1: Recv/Dropped : 0/26
AGG (6 ,1) PORT 2: Recv/Dropped : 0/17
AGG (6 ,1) PORT 3: Recv/Dropped : 0/17
AGG (6 ,1) PORT 4: Recv/Dropped : 0/36
AGG (6 ,1) PORT 5: Recv/Dropped : 0/45
AGG (6 ,1) PORT 6: Recv/Dropped : 0/48
AGG (6 ,1) PORT 7: Recv/Dropped : 0/53
AGG (6 ,2) PORT 0: Recv/Dropped : 0/47
AGG (6 ,2) PORT 1: Recv/Dropped : 0/57
AGG (6 ,2) PORT 2: Recv/Dropped : 0/49
AGG (6 ,2) PORT 3: Recv/Dropped : 0/49
AGG (6 ,2) PORT 4: Recv/Dropped : 0/44
AGG (6 ,2) PORT 5: Recv/Dropped : 0/47
AGG (6 ,2) PORT 6: Recv/Dropped : 0/51
AGG (6 ,2) PORT 7: Recv/Dropped : 0/49
AGG (6 ,3) PORT 0: Recv/Dropped : 0/61
AGG (6 ,3) PORT 1: Recv/Dropped : 0/47
AGG (6 ,3) PORT 2: Recv/Dropped : 0/51
AGG (6 ,3) PORT 3: Recv/Dropped : 0/55
AGG (6 ,3) PORT 4: Recv/Dropped : 0/46
AGG (6 ,3) PORT 5: Recv/Dropped : 0/57
AGG (6 ,3) PORT 6: Recv/Dropped : 0/53
AGG (6 ,3) PORT 7: Recv/Dropped : 0/48
AGG (7 ,0) PORT 0: Recv/Dropped : 0/42
AGG (7 ,0) PORT 1: Recv/Dropped : 0/35
AGG (7 ,0) PORT 2: Recv/Dropped : 0/37
AGG (7 ,0) PORT 3: Recv/Dropped : 0/39
AGG (7 ,0) PORT 4: Recv/Dropped : 0/72
AGG (7 ,0) PORT 5: Recv/Dropped : 0/67
AGG (7 ,0) PORT 6: Recv/Dropped : 0/71
AGG (7 ,0) PORT 7: Recv/Dropped : 0/66
AGG (7 ,1) PORT 0: Recv/Dropped : 0/39
AGG (7 ,1) PORT 1: Recv/Dropped : 0/38
AGG (7 ,1) PORT 2: Recv/Dropped : 0/30
AGG (7 ,1) PORT 3: Recv/Dropped : 0/35
AGG (7 ,1) PORT 4: Recv/Dropped : 0/66
AGG (7 ,1) PORT 5: Recv/Dropped : 0/60
AGG (7 ,1) PORT 6: Recv/Dropped : 0/67
AGG (7 ,1) PORT 7: Recv/Dropped : 0/63
AGG (7 ,2) PORT 0: Recv/Dropped : 0/43
AGG (7 ,2) PORT 1: Recv/Dropped : 0/57
AGG (7 ,2) PORT 2: Recv/Dropped : 0/54
AGG (7 ,2) PORT 3: Recv/Dropped : 0/46
AGG (7 ,2) PORT 4: Recv/Dropped : 0/72
AGG (7 ,2) PORT 5: Recv/Dropped : 0/60
AGG (7 ,2) PORT 6: Recv/Dropped : 0/58
AGG (7 ,2) PORT 7: Recv/Dropped : 0/70
AGG (7 ,3) PORT 0: Recv/Dropped : 0/53
AGG (7 ,3) PORT 1: Recv/Dropped : 0/61
AGG (7 ,3) PORT 2: Recv/Dropped : 0/52
AGG (7 ,3) PORT 3: Recv/Dropped : 0/48
AGG (7 ,3) PORT 4: Recv/Dropped : 0/69
AGG (7 ,3) PORT 5: Recv/Dropped : 0/65
AGG (7 ,3) PORT 6: Recv/Dropped : 0/61
AGG (7 ,3) PORT 7: Recv/Dropped : 0/57


TOTAL RECEIVED PACKETS = 36526
TOTAL DROPPED PACKETS = 370