QUEUE STATISTICS FOR EXPERIMENT 8838
---------------------------
 -- EDGE QUEUE STATISTICS --
EDGE (0 ,0) PORT 0: Recv/Dropped : 265/7582
EDGE (0 ,0) PORT 1: Recv/Dropped : 0/93
EDGE (0 ,0) PORT 2: Recv/Dropped : 0/70
EDGE (0 ,0) PORT 3: Recv/Dropped : 0/66
EDGE (0 ,0) PORT 4: Recv/Dropped : 0/1244
EDGE (0 ,0) PORT 5: Recv/Dropped : 0/1310
EDGE (0 ,0) PORT 6: Recv/Dropped : 0/1222
EDGE (0 ,0) PORT 7: Recv/Dropped : 0/1169
EDGE (0 ,1) PORT 0: Recv/Dropped : 0/76
EDGE (0 ,1) PORT 1: Recv/Dropped : 0/66
EDGE (0 ,1) PORT 2: Recv/Dropped : 0/2
EDGE (0 ,1) PORT 3: Recv/Dropped : 0/63
EDGE (0 ,1) PORT 4: Recv/Dropped : 0/69
EDGE (0 ,1) PORT 5: Recv/Dropped : 0/76
EDGE (0 ,1) PORT 6: Recv/Dropped : 0/72
EDGE (0 ,1) PORT 7: Recv/Dropped : 0/84
EDGE (0 ,2) PORT 0: Recv/Dropped : 0/67
EDGE (0 ,2) PORT 1: Recv/Dropped : 0/67
EDGE (0 ,2) PORT 2: Recv/Dropped : 0/85
EDGE (0 ,2) PORT 3: Recv/Dropped : 0/4
EDGE (0 ,2) PORT 4: Recv/Dropped : 0/65
EDGE (0 ,2) PORT 5: Recv/Dropped : 0/92
EDGE (0 ,2) PORT 6: Recv/Dropped : 0/77
EDGE (0 ,2) PORT 7: Recv/Dropped : 0/62
EDGE (0 ,3) PORT 0: Recv/Dropped : 0/66
EDGE (0 ,3) PORT 1: Recv/Dropped : 0/63
EDGE (0 ,3) PORT 2: Recv/Dropped : 0/63
EDGE (0 ,3) PORT 3: Recv/Dropped : 0/66
EDGE (0 ,3) PORT 4: Recv/Dropped : 0/103
EDGE (0 ,3) PORT 5: Recv/Dropped : 0/108
EDGE (0 ,3) PORT 6: Recv/Dropped : 0/101
EDGE (0 ,3) PORT 7: Recv/Dropped : 0/84
EDGE (1 ,0) PORT 0: Recv/Dropped : 0/70
EDGE (1 ,0) PORT 1: Recv/Dropped : 0/64
EDGE (1 ,0) PORT 2: Recv/Dropped : 0/64
EDGE (1 ,0) PORT 3: Recv/Dropped : 0/75
EDGE (1 ,0) PORT 4: Recv/Dropped : 0/86
EDGE (1 ,0) PORT 5: Recv/Dropped : 0/120
EDGE (1 ,0) PORT 6: Recv/Dropped : 0/77
EDGE (1 ,0) PORT 7: Recv/Dropped : 0/113
EDGE (1 ,1) PORT 0: Recv/Dropped : 0/66
EDGE (1 ,1) PORT 1: Recv/Dropped : 0/67
EDGE (1 ,1) PORT 2: Recv/Dropped : 0/77
EDGE (1 ,1) PORT 3: Recv/Dropped : 0/3
EDGE (1 ,1) PORT 4: Recv/Dropped : 0/60
EDGE (1 ,1) PORT 5: Recv/Dropped : 0/71
EDGE (1 ,1) PORT 6: Recv/Dropped : 0/87
EDGE (1 ,1) PORT 7: Recv/Dropped : 0/77
EDGE (1 ,2) PORT 0: Recv/Dropped : 0/63
EDGE (1 ,2) PORT 1: Recv/Dropped : 0/63
EDGE (1 ,2) PORT 2: Recv/Dropped : 0/2
EDGE (1 ,2) PORT 3: Recv/Dropped : 0/63
EDGE (1 ,2) PORT 4: Recv/Dropped : 0/88
EDGE (1 ,2) PORT 5: Recv/Dropped : 0/61
EDGE (1 ,2) PORT 6: Recv/Dropped : 0/73
EDGE (1 ,2) PORT 7: Recv/Dropped : 0/79
EDGE (1 ,3) PORT 0: Recv/Dropped : 0/2
EDGE (1 ,3) PORT 1: Recv/Dropped : 0/2
EDGE (1 ,3) PORT 2: Recv/Dropped : 0/62
EDGE (1 ,3) PORT 3: Recv/Dropped : 0/63
EDGE (1 ,3) PORT 4: Recv/Dropped : 0/57
EDGE (1 ,3) PORT 5: Recv/Dropped : 0/38
EDGE (1 ,3) PORT 6: Recv/Dropped : 0/44
EDGE (1 ,3) PORT 7: Recv/Dropped : 0/65
EDGE (2 ,0) PORT 0: Recv/Dropped : 0/62
EDGE (2 ,0) PORT 1: Recv/Dropped : 0/64
EDGE (2 ,0) PORT 2: Recv/Dropped : 0/74
EDGE (2 ,0) PORT 3: Recv/Dropped : 0/2
EDGE (2 ,0) PORT 4: Recv/Dropped : 0/67
EDGE (2 ,0) PORT 5: Recv/Dropped : 0/87
EDGE (2 ,0) PORT 6: Recv/Dropped : 0/67
EDGE (2 ,0) PORT 7: Recv/Dropped : 0/78
EDGE (2 ,1) PORT 0: Recv/Dropped : 0/67
EDGE (2 ,1) PORT 1: Recv/Dropped : 0/63
EDGE (2 ,1) PORT 2: Recv/Dropped : 0/2
EDGE (2 ,1) PORT 3: Recv/Dropped : 0/64
EDGE (2 ,1) PORT 4: Recv/Dropped : 0/58
EDGE (2 ,1) PORT 5: Recv/Dropped : 0/78
EDGE (2 ,1) PORT 6: Recv/Dropped : 0/72
EDGE (2 ,1) PORT 7: Recv/Dropped : 0/91
EDGE (2 ,2) PORT 0: Recv/Dropped : 0/63
EDGE (2 ,2) PORT 1: Recv/Dropped : 0/2
EDGE (2 ,2) PORT 2: Recv/Dropped : 0/62
EDGE (2 ,2) PORT 3: Recv/Dropped : 0/62
EDGE (2 ,2) PORT 4: Recv/Dropped : 0/73
EDGE (2 ,2) PORT 5: Recv/Dropped : 0/65
EDGE (2 ,2) PORT 6: Recv/Dropped : 0/79
EDGE (2 ,2) PORT 7: Recv/Dropped : 0/84
EDGE (2 ,3) PORT 0: Recv/Dropped : 0/63
EDGE (2 ,3) PORT 1: Recv/Dropped : 0/63
EDGE (2 ,3) PORT 2: Recv/Dropped : 0/4
EDGE (2 ,3) PORT 3: Recv/Dropped : 0/2
EDGE (2 ,3) PORT 4: Recv/Dropped : 0/45
EDGE (2 ,3) PORT 5: Recv/Dropped : 0/57
EDGE (2 ,3) PORT 6: Recv/Dropped : 0/50
EDGE (2 ,3) PORT 7: Recv/Dropped : 0/56
EDGE (3 ,0) PORT 0: Recv/Dropped : 0/63
EDGE (3 ,0) PORT 1: Recv/Dropped : 0/63
EDGE (3 ,0) PORT 2: Recv/Dropped : 0/63
EDGE (3 ,0) PORT 3: Recv/Dropped : 0/64
EDGE (3 ,0) PORT 4: Recv/Dropped : 0/101
EDGE (3 ,0) PORT 5: Recv/Dropped : 0/112
EDGE (3 ,0) PORT 6: Recv/Dropped : 0/88
EDGE (3 ,0) PORT 7: Recv/Dropped : 0/93
EDGE (3 ,1) PORT 0: Recv/Dropped : 0/75
EDGE (3 ,1) PORT 1: Recv/Dropped : 0/63
EDGE (3 ,1) PORT 2: Recv/Dropped : 0/64
EDGE (3 ,1) PORT 3: Recv/Dropped : 0/63
EDGE (3 ,1) PORT 4: Recv/Dropped : 0/104
EDGE (3 ,1) PORT 5: Recv/Dropped : 0/92
EDGE (3 ,1) PORT 6: Recv/Dropped : 0/101
EDGE (3 ,1) PORT 7: Recv/Dropped : 0/96
EDGE (3 ,2) PORT 0: Recv/Dropped : 0/63
EDGE (3 ,2) PORT 1: Recv/Dropped : 0/63
EDGE (3 ,2) PORT 2: Recv/Dropped : 0/2
EDGE (3 ,2) PORT 3: Recv/Dropped : 0/2
EDGE (3 ,2) PORT 4: Recv/Dropped : 0/61
EDGE (3 ,2) PORT 5: Recv/Dropped : 0/52
EDGE (3 ,2) PORT 6: Recv/Dropped : 0/51
EDGE (3 ,2) PORT 7: Recv/Dropped : 0/44
EDGE (3 ,3) PORT 0: Recv/Dropped : 0/64
EDGE (3 ,3) PORT 1: Recv/Dropped : 0/2
EDGE (3 ,3) PORT 2: Recv/Dropped : 0/2
EDGE (3 ,3) PORT 3: Recv/Dropped : 0/4
EDGE (3 ,3) PORT 4: Recv/Dropped : 0/24
EDGE (3 ,3) PORT 5: Recv/Dropped : 0/34
EDGE (3 ,3) PORT 6: Recv/Dropped : 0/44
EDGE (3 ,3) PORT 7: Recv/Dropped : 0/13
EDGE (4 ,0) PORT 0: Recv/Dropped : 0/2
EDGE (4 ,0) PORT 1: Recv/Dropped : 0/63
EDGE (4 ,0) PORT 2: Recv/Dropped : 0/64
EDGE (4 ,0) PORT 3: Recv/Dropped : 0/62
EDGE (4 ,0) PORT 4: Recv/Dropped : 0/81
EDGE (4 ,0) PORT 5: Recv/Dropped : 0/86
EDGE (4 ,0) PORT 6: Recv/Dropped : 0/69
EDGE (4 ,0) PORT 7: Recv/Dropped : 0/66
EDGE (4 ,1) PORT 0: Recv/Dropped : 0/2
EDGE (4 ,1) PORT 1: Recv/Dropped : 0/2
EDGE (4 ,1) PORT 2: Recv/Dropped : 0/2
EDGE (4 ,1) PORT 3: Recv/Dropped : 0/2
EDGE (4 ,1) PORT 4: Recv/Dropped : 0/5
EDGE (4 ,1) PORT 5: Recv/Dropped : 0/4
EDGE (4 ,1) PORT 6: Recv/Dropped : 0/4
EDGE (4 ,1) PORT 7: Recv/Dropped : 0/6
EDGE (4 ,2) PORT 0: Recv/Dropped : 0/2
EDGE (4 ,2) PORT 1: Recv/Dropped : 0/2
EDGE (4 ,2) PORT 2: Recv/Dropped : 0/74
EDGE (4 ,2) PORT 3: Recv/Dropped : 0/73
EDGE (4 ,2) PORT 4: Recv/Dropped : 0/46
EDGE (4 ,2) PORT 5: Recv/Dropped : 0/46
EDGE (4 ,2) PORT 6: Recv/Dropped : 0/60
EDGE (4 ,2) PORT 7: Recv/Dropped : 0/53
EDGE (4 ,3) PORT 0: Recv/Dropped : 0/2
EDGE (4 ,3) PORT 1: Recv/Dropped : 0/64
EDGE (4 ,3) PORT 2: Recv/Dropped : 0/2
EDGE (4 ,3) PORT 3: Recv/Dropped : 0/63
EDGE (4 ,3) PORT 4: Recv/Dropped : 0/66
EDGE (4 ,3) PORT 5: Recv/Dropped : 0/42
EDGE (4 ,3) PORT 6: Recv/Dropped : 0/54
EDGE (4 ,3) PORT 7: Recv/Dropped : 0/46
EDGE (5 ,0) PORT 0: Recv/Dropped : 0/63
EDGE (5 ,0) PORT 1: Recv/Dropped : 0/65
EDGE (5 ,0) PORT 2: Recv/Dropped : 0/62
EDGE (5 ,0) PORT 3: Recv/Dropped : 0/4
EDGE (5 ,0) PORT 4: Recv/Dropped : 0/77
EDGE (5 ,0) PORT 5: Recv/Dropped : 0/85
EDGE (5 ,0) PORT 6: Recv/Dropped : 0/61
EDGE (5 ,0) PORT 7: Recv/Dropped : 0/79
EDGE (5 ,1) PORT 0: Recv/Dropped : 0/65
EDGE (5 ,1) PORT 1: Recv/Dropped : 0/70
EDGE (5 ,1) PORT 2: Recv/Dropped : 0/2
EDGE (5 ,1) PORT 3: Recv/Dropped : 0/2
EDGE (5 ,1) PORT 4: Recv/Dropped : 0/52
EDGE (5 ,1) PORT 5: Recv/Dropped : 0/53
EDGE (5 ,1) PORT 6: Recv/Dropped : 0/50
EDGE (5 ,1) PORT 7: Recv/Dropped : 0/50
EDGE (5 ,2) PORT 0: Recv/Dropped : 0/64
EDGE (5 ,2) PORT 1: Recv/Dropped : 0/63
EDGE (5 ,2) PORT 2: Recv/Dropped : 0/63
EDGE (5 ,2) PORT 3: Recv/Dropped : 0/2
EDGE (5 ,2) PORT 4: Recv/Dropped : 0/75
EDGE (5 ,2) PORT 5: Recv/Dropped : 0/80
EDGE (5 ,2) PORT 6: Recv/Dropped : 0/87
EDGE (5 ,2) PORT 7: Recv/Dropped : 0/63
EDGE (5 ,3) PORT 0: Recv/Dropped : 0/2
EDGE (5 ,3) PORT 1: Recv/Dropped : 0/2
EDGE (5 ,3) PORT 2: Recv/Dropped : 0/2
EDGE (5 ,3) PORT 3: Recv/Dropped : 0/2
EDGE (5 ,3) PORT 4: Recv/Dropped : 0/5
EDGE (5 ,3) PORT 5: Recv/Dropped : 0/9
EDGE (5 ,3) PORT 6: Recv/Dropped : 0/6
EDGE (5 ,3) PORT 7: Recv/Dropped : 0/0
EDGE (6 ,0) PORT 0: Recv/Dropped : 0/62
EDGE (6 ,0) PORT 1: Recv/Dropped : 0/2
EDGE (6 ,0) PORT 2: Recv/Dropped : 0/64
EDGE (6 ,0) PORT 3: Recv/Dropped : 0/2
EDGE (6 ,0) PORT 4: Recv/Dropped : 0/44
EDGE (6 ,0) PORT 5: Recv/Dropped : 0/48
EDGE (6 ,0) PORT 6: Recv/Dropped : 0/76
EDGE (6 ,0) PORT 7: Recv/Dropped : 0/43
EDGE (6 ,1) PORT 0: Recv/Dropped : 0/63
EDGE (6 ,1) PORT 1: Recv/Dropped : 0/2
EDGE (6 ,1) PORT 2: Recv/Dropped : 0/2
EDGE (6 ,1) PORT 3: Recv/Dropped : 0/63
EDGE (6 ,1) PORT 4: Recv/Dropped : 0/48
EDGE (6 ,1) PORT 5: Recv/Dropped : 0/42
EDGE (6 ,1) PORT 6: Recv/Dropped : 0/50
EDGE (6 ,1) PORT 7: Recv/Dropped : 0/70
EDGE (6 ,2) PORT 0: Recv/Dropped : 0/2
EDGE (6 ,2) PORT 1: Recv/Dropped : 0/73
EDGE (6 ,2) PORT 2: Recv/Dropped : 0/4
EDGE (6 ,2) PORT 3: Recv/Dropped : 0/62
EDGE (6 ,2) PORT 4: Recv/Dropped : 0/57
EDGE (6 ,2) PORT 5: Recv/Dropped : 0/50
EDGE (6 ,2) PORT 6: Recv/Dropped : 0/58
EDGE (6 ,2) PORT 7: Recv/Dropped : 0/44
EDGE (6 ,3) PORT 0: Recv/Dropped : 0/65
EDGE (6 ,3) PORT 1: Recv/Dropped : 0/4
EDGE (6 ,3) PORT 2: Recv/Dropped : 0/63
EDGE (6 ,3) PORT 3: Recv/Dropped : 0/62
EDGE (6 ,3) PORT 4: Recv/Dropped : 0/70
EDGE (6 ,3) PORT 5: Recv/Dropped : 0/75
EDGE (6 ,3) PORT 6: Recv/Dropped : 0/70
EDGE (6 ,3) PORT 7: Recv/Dropped : 0/85
EDGE (7 ,0) PORT 0: Recv/Dropped : 0/65
EDGE (7 ,0) PORT 1: Recv/Dropped : 0/62
EDGE (7 ,0) PORT 2: Recv/Dropped : 0/2
EDGE (7 ,0) PORT 3: Recv/Dropped : 0/3
EDGE (7 ,0) PORT 4: Recv/Dropped : 0/44
EDGE (7 ,0) PORT 5: Recv/Dropped : 0/64
EDGE (7 ,0) PORT 6: Recv/Dropped : 0/62
EDGE (7 ,0) PORT 7: Recv/Dropped : 0/39
EDGE (7 ,1) PORT 0: Recv/Dropped : 0/2
EDGE (7 ,1) PORT 1: Recv/Dropped : 0/65
EDGE (7 ,1) PORT 2: Recv/Dropped : 0/2
EDGE (7 ,1) PORT 3: Recv/Dropped : 0/64
EDGE (7 ,1) PORT 4: Recv/Dropped : 0/50
EDGE (7 ,1) PORT 5: Recv/Dropped : 0/41
EDGE (7 ,1) PORT 6: Recv/Dropped : 0/56
EDGE (7 ,1) PORT 7: Recv/Dropped : 0/64
EDGE (7 ,2) PORT 0: Recv/Dropped : 0/2
EDGE (7 ,2) PORT 1: Recv/Dropped : 0/63
EDGE (7 ,2) PORT 2: Recv/Dropped : 0/63
EDGE (7 ,2) PORT 3: Recv/Dropped : 0/2
EDGE (7 ,2) PORT 4: Recv/Dropped : 0/55
EDGE (7 ,2) PORT 5: Recv/Dropped : 0/50
EDGE (7 ,2) PORT 6: Recv/Dropped : 0/58
EDGE (7 ,2) PORT 7: Recv/Dropped : 0/47
EDGE (7 ,3) PORT 0: Recv/Dropped : 0/2
EDGE (7 ,3) PORT 1: Recv/Dropped : 0/2
EDGE (7 ,3) PORT 2: Recv/Dropped : 0/2
EDGE (7 ,3) PORT 3: Recv/Dropped : 0/2
EDGE (7 ,3) PORT 4: Recv/Dropped : 0/9
EDGE (7 ,3) PORT 5: Recv/Dropped : 0/1
EDGE (7 ,3) PORT 6: Recv/Dropped : 0/6
EDGE (7 ,3) PORT 7: Recv/Dropped : 0/4
 -- AGG QUEUE STATISTICS --
AGG (0 ,0) PORT 0: Recv/Dropped : 0/1845
AGG (0 ,0) PORT 1: Recv/Dropped : 0/1919
AGG (0 ,0) PORT 2: Recv/Dropped : 0/1910
AGG (0 ,0) PORT 3: Recv/Dropped : 0/1878
AGG (0 ,0) PORT 4: Recv/Dropped : 0/286
AGG (0 ,0) PORT 5: Recv/Dropped : 0/251
AGG (0 ,0) PORT 6: Recv/Dropped : 0/261
AGG (0 ,0) PORT 7: Recv/Dropped : 0/263
AGG (0 ,1) PORT 0: Recv/Dropped : 0/47
AGG (0 ,1) PORT 1: Recv/Dropped : 0/61
AGG (0 ,1) PORT 2: Recv/Dropped : 0/58
AGG (0 ,1) PORT 3: Recv/Dropped : 0/41
AGG (0 ,1) PORT 4: Recv/Dropped : 0/287
AGG (0 ,1) PORT 5: Recv/Dropped : 0/278
AGG (0 ,1) PORT 6: Recv/Dropped : 0/282
AGG (0 ,1) PORT 7: Recv/Dropped : 0/285
AGG (0 ,2) PORT 0: Recv/Dropped : 0/65
AGG (0 ,2) PORT 1: Recv/Dropped : 0/52
AGG (0 ,2) PORT 2: Recv/Dropped : 0/58
AGG (0 ,2) PORT 3: Recv/Dropped : 0/48
AGG (0 ,2) PORT 4: Recv/Dropped : 0/269
AGG (0 ,2) PORT 5: Recv/Dropped : 0/269
AGG (0 ,2) PORT 6: Recv/Dropped : 0/239
AGG (0 ,2) PORT 7: Recv/Dropped : 0/276
AGG (0 ,3) PORT 0: Recv/Dropped : 0/71
AGG (0 ,3) PORT 1: Recv/Dropped : 0/65
AGG (0 ,3) PORT 2: Recv/Dropped : 0/53
AGG (0 ,3) PORT 3: Recv/Dropped : 0/69
AGG (0 ,3) PORT 4: Recv/Dropped : 0/229
AGG (0 ,3) PORT 5: Recv/Dropped : 0/255
AGG (0 ,3) PORT 6: Recv/Dropped : 0/267
AGG (0 ,3) PORT 7: Recv/Dropped : 0/260
AGG (1 ,0) PORT 0: Recv/Dropped : 0/75
AGG (1 ,0) PORT 1: Recv/Dropped : 0/69
AGG (1 ,0) PORT 2: Recv/Dropped : 0/68
AGG (1 ,0) PORT 3: Recv/Dropped : 0/61
AGG (1 ,0) PORT 4: Recv/Dropped : 0/66
AGG (1 ,0) PORT 5: Recv/Dropped : 0/71
AGG (1 ,0) PORT 6: Recv/Dropped : 0/75
AGG (1 ,0) PORT 7: Recv/Dropped : 0/79
AGG (1 ,1) PORT 0: Recv/Dropped : 0/52
AGG (1 ,1) PORT 1: Recv/Dropped : 0/53
AGG (1 ,1) PORT 2: Recv/Dropped : 0/45
AGG (1 ,1) PORT 3: Recv/Dropped : 0/63
AGG (1 ,1) PORT 4: Recv/Dropped : 0/89
AGG (1 ,1) PORT 5: Recv/Dropped : 0/58
AGG (1 ,1) PORT 6: Recv/Dropped : 0/67
AGG (1 ,1) PORT 7: Recv/Dropped : 0/76
AGG (1 ,2) PORT 0: Recv/Dropped : 0/44
AGG (1 ,2) PORT 1: Recv/Dropped : 0/61
AGG (1 ,2) PORT 2: Recv/Dropped : 0/45
AGG (1 ,2) PORT 3: Recv/Dropped : 0/41
AGG (1 ,2) PORT 4: Recv/Dropped : 0/61
AGG (1 ,2) PORT 5: Recv/Dropped : 0/90
AGG (1 ,2) PORT 6: Recv/Dropped : 0/68
AGG (1 ,2) PORT 7: Recv/Dropped : 0/62
AGG (1 ,3) PORT 0: Recv/Dropped : 0/31
AGG (1 ,3) PORT 1: Recv/Dropped : 0/33
AGG (1 ,3) PORT 2: Recv/Dropped : 0/37
AGG (1 ,3) PORT 3: Recv/Dropped : 0/28
AGG (1 ,3) PORT 4: Recv/Dropped : 0/73
AGG (1 ,3) PORT 5: Recv/Dropped : 0/103
AGG (1 ,3) PORT 6: Recv/Dropped : 0/88
AGG (1 ,3) PORT 7: Recv/Dropped : 0/70
AGG (2 ,0) PORT 0: Recv/Dropped : 0/53
AGG (2 ,0) PORT 1: Recv/Dropped : 0/47
AGG (2 ,0) PORT 2: Recv/Dropped : 0/57
AGG (2 ,0) PORT 3: Recv/Dropped : 0/45
AGG (2 ,0) PORT 4: Recv/Dropped : 0/82
AGG (2 ,0) PORT 5: Recv/Dropped : 0/41
AGG (2 ,0) PORT 6: Recv/Dropped : 0/49
AGG (2 ,0) PORT 7: Recv/Dropped : 0/71
AGG (2 ,1) PORT 0: Recv/Dropped : 0/52
AGG (2 ,1) PORT 1: Recv/Dropped : 0/59
AGG (2 ,1) PORT 2: Recv/Dropped : 0/39
AGG (2 ,1) PORT 3: Recv/Dropped : 0/46
AGG (2 ,1) PORT 4: Recv/Dropped : 0/70
AGG (2 ,1) PORT 5: Recv/Dropped : 0/66
AGG (2 ,1) PORT 6: Recv/Dropped : 0/68
AGG (2 ,1) PORT 7: Recv/Dropped : 0/83
AGG (2 ,2) PORT 0: Recv/Dropped : 0/50
AGG (2 ,2) PORT 1: Recv/Dropped : 0/63
AGG (2 ,2) PORT 2: Recv/Dropped : 0/37
AGG (2 ,2) PORT 3: Recv/Dropped : 0/39
AGG (2 ,2) PORT 4: Recv/Dropped : 0/66
AGG (2 ,2) PORT 5: Recv/Dropped : 0/60
AGG (2 ,2) PORT 6: Recv/Dropped : 0/82
AGG (2 ,2) PORT 7: Recv/Dropped : 0/60
AGG (2 ,3) PORT 0: Recv/Dropped : 0/31
AGG (2 ,3) PORT 1: Recv/Dropped : 0/35
AGG (2 ,3) PORT 2: Recv/Dropped : 0/36
AGG (2 ,3) PORT 3: Recv/Dropped : 0/30
AGG (2 ,3) PORT 4: Recv/Dropped : 0/90
AGG (2 ,3) PORT 5: Recv/Dropped : 0/80
AGG (2 ,3) PORT 6: Recv/Dropped : 0/80
AGG (2 ,3) PORT 7: Recv/Dropped : 0/59
AGG (3 ,0) PORT 0: Recv/Dropped : 0/69
AGG (3 ,0) PORT 1: Recv/Dropped : 0/63
AGG (3 ,0) PORT 2: Recv/Dropped : 0/63
AGG (3 ,0) PORT 3: Recv/Dropped : 0/58
AGG (3 ,0) PORT 4: Recv/Dropped : 0/76
AGG (3 ,0) PORT 5: Recv/Dropped : 0/70
AGG (3 ,0) PORT 6: Recv/Dropped : 0/65
AGG (3 ,0) PORT 7: Recv/Dropped : 0/79
AGG (3 ,1) PORT 0: Recv/Dropped : 0/70
AGG (3 ,1) PORT 1: Recv/Dropped : 0/72
AGG (3 ,1) PORT 2: Recv/Dropped : 0/59
AGG (3 ,1) PORT 3: Recv/Dropped : 0/64
AGG (3 ,1) PORT 4: Recv/Dropped : 0/76
AGG (3 ,1) PORT 5: Recv/Dropped : 0/78
AGG (3 ,1) PORT 6: Recv/Dropped : 0/65
AGG (3 ,1) PORT 7: Recv/Dropped : 0/71
AGG (3 ,2) PORT 0: Recv/Dropped : 0/33
AGG (3 ,2) PORT 1: Recv/Dropped : 0/36
AGG (3 ,2) PORT 2: Recv/Dropped : 0/28
AGG (3 ,2) PORT 3: Recv/Dropped : 0/33
AGG (3 ,2) PORT 4: Recv/Dropped : 0/75
AGG (3 ,2) PORT 5: Recv/Dropped : 0/55
AGG (3 ,2) PORT 6: Recv/Dropped : 0/82
AGG (3 ,2) PORT 7: Recv/Dropped : 0/72
AGG (3 ,3) PORT 0: Recv/Dropped : 0/12
AGG (3 ,3) PORT 1: Recv/Dropped : 0/16
AGG (3 ,3) PORT 2: Recv/Dropped : 0/24
AGG (3 ,3) PORT 3: Recv/Dropped : 0/20
AGG (3 ,3) PORT 4: Recv/Dropped : 0/51
AGG (3 ,3) PORT 5: Recv/Dropped : 0/64
AGG (3 ,3) PORT 6: Recv/Dropped : 0/81
AGG (3 ,3) PORT 7: Recv/Dropped : 0/50
AGG (4 ,0) PORT 0: Recv/Dropped : 0/45
AGG (4 ,0) PORT 1: Recv/Dropped : 0/49
AGG (4 ,0) PORT 2: Recv/Dropped : 0/56
AGG (4 ,0) PORT 3: Recv/Dropped : 0/41
AGG (4 ,0) PORT 4: Recv/Dropped : 0/55
AGG (4 ,0) PORT 5: Recv/Dropped : 0/48
AGG (4 ,0) PORT 6: Recv/Dropped : 0/49
AGG (4 ,0) PORT 7: Recv/Dropped : 0/46
AGG (4 ,1) PORT 0: Recv/Dropped : 0/3
AGG (4 ,1) PORT 1: Recv/Dropped : 0/1
AGG (4 ,1) PORT 2: Recv/Dropped : 0/2
AGG (4 ,1) PORT 3: Recv/Dropped : 0/2
AGG (4 ,1) PORT 4: Recv/Dropped : 0/61
AGG (4 ,1) PORT 5: Recv/Dropped : 0/45
AGG (4 ,1) PORT 6: Recv/Dropped : 0/29
AGG (4 ,1) PORT 7: Recv/Dropped : 0/43
AGG (4 ,2) PORT 0: Recv/Dropped : 0/48
AGG (4 ,2) PORT 1: Recv/Dropped : 0/26
AGG (4 ,2) PORT 2: Recv/Dropped : 0/41
AGG (4 ,2) PORT 3: Recv/Dropped : 0/36
AGG (4 ,2) PORT 4: Recv/Dropped : 0/46
AGG (4 ,2) PORT 5: Recv/Dropped : 0/42
AGG (4 ,2) PORT 6: Recv/Dropped : 0/50
AGG (4 ,2) PORT 7: Recv/Dropped : 0/49
AGG (4 ,3) PORT 0: Recv/Dropped : 0/24
AGG (4 ,3) PORT 1: Recv/Dropped : 0/46
AGG (4 ,3) PORT 2: Recv/Dropped : 0/31
AGG (4 ,3) PORT 3: Recv/Dropped : 0/30
AGG (4 ,3) PORT 4: Recv/Dropped : 0/57
AGG (4 ,3) PORT 5: Recv/Dropped : 0/48
AGG (4 ,3) PORT 6: Recv/Dropped : 0/33
AGG (4 ,3) PORT 7: Recv/Dropped : 0/33
AGG (5 ,0) PORT 0: Recv/Dropped : 0/56
AGG (5 ,0) PORT 1: Recv/Dropped : 0/52
AGG (5 ,0) PORT 2: Recv/Dropped : 0/40
AGG (5 ,0) PORT 3: Recv/Dropped : 0/46
AGG (5 ,0) PORT 4: Recv/Dropped : 0/52
AGG (5 ,0) PORT 5: Recv/Dropped : 0/66
AGG (5 ,0) PORT 6: Recv/Dropped : 0/42
AGG (5 ,0) PORT 7: Recv/Dropped : 0/49
AGG (5 ,1) PORT 0: Recv/Dropped : 0/37
AGG (5 ,1) PORT 1: Recv/Dropped : 0/31
AGG (5 ,1) PORT 2: Recv/Dropped : 0/39
AGG (5 ,1) PORT 3: Recv/Dropped : 0/32
AGG (5 ,1) PORT 4: Recv/Dropped : 0/53
AGG (5 ,1) PORT 5: Recv/Dropped : 0/73
AGG (5 ,1) PORT 6: Recv/Dropped : 0/66
AGG (5 ,1) PORT 7: Recv/Dropped : 0/35
AGG (5 ,2) PORT 0: Recv/Dropped : 0/44
AGG (5 ,2) PORT 1: Recv/Dropped : 0/58
AGG (5 ,2) PORT 2: Recv/Dropped : 0/43
AGG (5 ,2) PORT 3: Recv/Dropped : 0/47
AGG (5 ,2) PORT 4: Recv/Dropped : 0/61
AGG (5 ,2) PORT 5: Recv/Dropped : 0/62
AGG (5 ,2) PORT 6: Recv/Dropped : 0/39
AGG (5 ,2) PORT 7: Recv/Dropped : 0/42
AGG (5 ,3) PORT 0: Recv/Dropped : 0/2
AGG (5 ,3) PORT 1: Recv/Dropped : 0/4
AGG (5 ,3) PORT 2: Recv/Dropped : 0/2
AGG (5 ,3) PORT 3: Recv/Dropped : 0/0
AGG (5 ,3) PORT 4: Recv/Dropped : 0/48
AGG (5 ,3) PORT 5: Recv/Dropped : 0/60
AGG (5 ,3) PORT 6: Recv/Dropped : 0/37
AGG (5 ,3) PORT 7: Recv/Dropped : 0/47
AGG (6 ,0) PORT 0: Recv/Dropped : 0/28
AGG (6 ,0) PORT 1: Recv/Dropped : 0/39
AGG (6 ,0) PORT 2: Recv/Dropped : 0/33
AGG (6 ,0) PORT 3: Recv/Dropped : 0/30
AGG (6 ,0) PORT 4: Recv/Dropped : 0/38
AGG (6 ,0) PORT 5: Recv/Dropped : 0/62
AGG (6 ,0) PORT 6: Recv/Dropped : 0/51
AGG (6 ,0) PORT 7: Recv/Dropped : 0/68
AGG (6 ,1) PORT 0: Recv/Dropped : 0/37
AGG (6 ,1) PORT 1: Recv/Dropped : 0/27
AGG (6 ,1) PORT 2: Recv/Dropped : 0/37
AGG (6 ,1) PORT 3: Recv/Dropped : 0/29
AGG (6 ,1) PORT 4: Recv/Dropped : 0/41
AGG (6 ,1) PORT 5: Recv/Dropped : 0/47
AGG (6 ,1) PORT 6: Recv/Dropped : 0/65
AGG (6 ,1) PORT 7: Recv/Dropped : 0/62
AGG (6 ,2) PORT 0: Recv/Dropped : 0/35
AGG (6 ,2) PORT 1: Recv/Dropped : 0/39
AGG (6 ,2) PORT 2: Recv/Dropped : 0/40
AGG (6 ,2) PORT 3: Recv/Dropped : 0/27
AGG (6 ,2) PORT 4: Recv/Dropped : 0/56
AGG (6 ,2) PORT 5: Recv/Dropped : 0/66
AGG (6 ,2) PORT 6: Recv/Dropped : 0/65
AGG (6 ,2) PORT 7: Recv/Dropped : 0/67
AGG (6 ,3) PORT 0: Recv/Dropped : 0/47
AGG (6 ,3) PORT 1: Recv/Dropped : 0/44
AGG (6 ,3) PORT 2: Recv/Dropped : 0/51
AGG (6 ,3) PORT 3: Recv/Dropped : 0/52
AGG (6 ,3) PORT 4: Recv/Dropped : 0/57
AGG (6 ,3) PORT 5: Recv/Dropped : 0/60
AGG (6 ,3) PORT 6: Recv/Dropped : 0/65
AGG (6 ,3) PORT 7: Recv/Dropped : 0/60
AGG (7 ,0) PORT 0: Recv/Dropped : 0/28
AGG (7 ,0) PORT 1: Recv/Dropped : 0/35
AGG (7 ,0) PORT 2: Recv/Dropped : 0/29
AGG (7 ,0) PORT 3: Recv/Dropped : 0/40
AGG (7 ,0) PORT 4: Recv/Dropped : 0/42
AGG (7 ,0) PORT 5: Recv/Dropped : 0/39
AGG (7 ,0) PORT 6: Recv/Dropped : 0/49
AGG (7 ,0) PORT 7: Recv/Dropped : 0/28
AGG (7 ,1) PORT 0: Recv/Dropped : 0/23
AGG (7 ,1) PORT 1: Recv/Dropped : 0/40
AGG (7 ,1) PORT 2: Recv/Dropped : 0/31
AGG (7 ,1) PORT 3: Recv/Dropped : 0/39
AGG (7 ,1) PORT 4: Recv/Dropped : 0/49
AGG (7 ,1) PORT 5: Recv/Dropped : 0/33
AGG (7 ,1) PORT 6: Recv/Dropped : 0/30
AGG (7 ,1) PORT 7: Recv/Dropped : 0/44
AGG (7 ,2) PORT 0: Recv/Dropped : 0/29
AGG (7 ,2) PORT 1: Recv/Dropped : 0/32
AGG (7 ,2) PORT 2: Recv/Dropped : 0/39
AGG (7 ,2) PORT 3: Recv/Dropped : 0/30
AGG (7 ,2) PORT 4: Recv/Dropped : 0/52
AGG (7 ,2) PORT 5: Recv/Dropped : 0/41
AGG (7 ,2) PORT 6: Recv/Dropped : 0/37
AGG (7 ,2) PORT 7: Recv/Dropped : 0/52
AGG (7 ,3) PORT 0: Recv/Dropped : 0/3
AGG (7 ,3) PORT 1: Recv/Dropped : 0/2
AGG (7 ,3) PORT 2: Recv/Dropped : 0/1
AGG (7 ,3) PORT 3: Recv/Dropped : 0/2
AGG (7 ,3) PORT 4: Recv/Dropped : 0/53
AGG (7 ,3) PORT 5: Recv/Dropped : 0/36
AGG (7 ,3) PORT 6: Recv/Dropped : 0/38
AGG (7 ,3) PORT 7: Recv/Dropped : 0/27


TOTAL RECEIVED PACKETS = 48566
TOTAL DROPPED PACKETS = 265