QUEUE STATISTICS FOR EXPERIMENT 8090
---------------------------
 -- EDGE QUEUE STATISTICS --
EDGE (0 ,0) PORT 0: Recv/Dropped : 511/3113
EDGE (0 ,0) PORT 1: Recv/Dropped : 0/87
EDGE (0 ,0) PORT 2: Recv/Dropped : 0/64
EDGE (0 ,0) PORT 3: Recv/Dropped : 0/63
EDGE (0 ,0) PORT 4: Recv/Dropped : 0/556
EDGE (0 ,0) PORT 5: Recv/Dropped : 0/422
EDGE (0 ,0) PORT 6: Recv/Dropped : 0/460
EDGE (0 ,0) PORT 7: Recv/Dropped : 0/766
EDGE (0 ,1) PORT 0: Recv/Dropped : 0/64
EDGE (0 ,1) PORT 1: Recv/Dropped : 0/2
EDGE (0 ,1) PORT 2: Recv/Dropped : 0/63
EDGE (0 ,1) PORT 3: Recv/Dropped : 0/2
EDGE (0 ,1) PORT 4: Recv/Dropped : 0/5
EDGE (0 ,1) PORT 5: Recv/Dropped : 0/96
EDGE (0 ,1) PORT 6: Recv/Dropped : 0/13
EDGE (0 ,1) PORT 7: Recv/Dropped : 0/99
EDGE (0 ,2) PORT 0: Recv/Dropped : 0/2
EDGE (0 ,2) PORT 1: Recv/Dropped : 0/2
EDGE (0 ,2) PORT 2: Recv/Dropped : 0/2
EDGE (0 ,2) PORT 3: Recv/Dropped : 0/76
EDGE (0 ,2) PORT 4: Recv/Dropped : 0/5
EDGE (0 ,2) PORT 5: Recv/Dropped : 0/9
EDGE (0 ,2) PORT 6: Recv/Dropped : 0/6
EDGE (0 ,2) PORT 7: Recv/Dropped : 0/96
EDGE (0 ,3) PORT 0: Recv/Dropped : 0/68
EDGE (0 ,3) PORT 1: Recv/Dropped : 0/80
EDGE (0 ,3) PORT 2: Recv/Dropped : 0/85
EDGE (0 ,3) PORT 3: Recv/Dropped : 0/78
EDGE (0 ,3) PORT 4: Recv/Dropped : 0/76
EDGE (0 ,3) PORT 5: Recv/Dropped : 0/110
EDGE (0 ,3) PORT 6: Recv/Dropped : 0/202
EDGE (0 ,3) PORT 7: Recv/Dropped : 0/40
EDGE (1 ,0) PORT 0: Recv/Dropped : 0/89
EDGE (1 ,0) PORT 1: Recv/Dropped : 0/90
EDGE (1 ,0) PORT 2: Recv/Dropped : 0/0
EDGE (1 ,0) PORT 3: Recv/Dropped : 0/0
EDGE (1 ,0) PORT 4: Recv/Dropped : 0/119
EDGE (1 ,0) PORT 5: Recv/Dropped : 0/41
EDGE (1 ,0) PORT 6: Recv/Dropped : 0/28
EDGE (1 ,0) PORT 7: Recv/Dropped : 0/45
EDGE (1 ,1) PORT 0: Recv/Dropped : 0/67
EDGE (1 ,1) PORT 1: Recv/Dropped : 0/0
EDGE (1 ,1) PORT 2: Recv/Dropped : 0/0
EDGE (1 ,1) PORT 3: Recv/Dropped : 0/0
EDGE (1 ,1) PORT 4: Recv/Dropped : 0/3
EDGE (1 ,1) PORT 5: Recv/Dropped : 0/9
EDGE (1 ,1) PORT 6: Recv/Dropped : 0/24
EDGE (1 ,1) PORT 7: Recv/Dropped : 0/81
EDGE (1 ,2) PORT 0: Recv/Dropped : 0/0
EDGE (1 ,2) PORT 1: Recv/Dropped : 0/2
EDGE (1 ,2) PORT 2: Recv/Dropped : 0/0
EDGE (1 ,2) PORT 3: Recv/Dropped : 0/0
EDGE (1 ,2) PORT 4: Recv/Dropped : 0/3
EDGE (1 ,2) PORT 5: Recv/Dropped : 0/1
EDGE (1 ,2) PORT 6: Recv/Dropped : 0/9
EDGE (1 ,2) PORT 7: Recv/Dropped : 0/1
EDGE (1 ,3) PORT 0: Recv/Dropped : 0/76
EDGE (1 ,3) PORT 1: Recv/Dropped : 0/0
EDGE (1 ,3) PORT 2: Recv/Dropped : 0/0
EDGE (1 ,3) PORT 3: Recv/Dropped : 0/0
EDGE (1 ,3) PORT 4: Recv/Dropped : 0/7
EDGE (1 ,3) PORT 5: Recv/Dropped : 0/95
EDGE (1 ,3) PORT 6: Recv/Dropped : 0/6
EDGE (1 ,3) PORT 7: Recv/Dropped : 0/12
EDGE (2 ,0) PORT 0: Recv/Dropped : 0/62
EDGE (2 ,0) PORT 1: Recv/Dropped : 0/65
EDGE (2 ,0) PORT 2: Recv/Dropped : 0/0
EDGE (2 ,0) PORT 3: Recv/Dropped : 0/0
EDGE (2 ,0) PORT 4: Recv/Dropped : 0/10
EDGE (2 ,0) PORT 5: Recv/Dropped : 0/105
EDGE (2 ,0) PORT 6: Recv/Dropped : 0/97
EDGE (2 ,0) PORT 7: Recv/Dropped : 0/6
EDGE (2 ,1) PORT 0: Recv/Dropped : 0/86
EDGE (2 ,1) PORT 1: Recv/Dropped : 0/2
EDGE (2 ,1) PORT 2: Recv/Dropped : 0/0
EDGE (2 ,1) PORT 3: Recv/Dropped : 0/0
EDGE (2 ,1) PORT 4: Recv/Dropped : 0/18
EDGE (2 ,1) PORT 5: Recv/Dropped : 0/78
EDGE (2 ,1) PORT 6: Recv/Dropped : 0/20
EDGE (2 ,1) PORT 7: Recv/Dropped : 0/13
EDGE (2 ,2) PORT 0: Recv/Dropped : 0/0
EDGE (2 ,2) PORT 1: Recv/Dropped : 0/0
EDGE (2 ,2) PORT 2: Recv/Dropped : 0/0
EDGE (2 ,2) PORT 3: Recv/Dropped : 0/2
EDGE (2 ,2) PORT 4: Recv/Dropped : 0/3
EDGE (2 ,2) PORT 5: Recv/Dropped : 0/1
EDGE (2 ,2) PORT 6: Recv/Dropped : 0/5
EDGE (2 ,2) PORT 7: Recv/Dropped : 0/6
EDGE (2 ,3) PORT 0: Recv/Dropped : 0/0
EDGE (2 ,3) PORT 1: Recv/Dropped : 0/0
EDGE (2 ,3) PORT 2: Recv/Dropped : 0/3
EDGE (2 ,3) PORT 3: Recv/Dropped : 0/70
EDGE (2 ,3) PORT 4: Recv/Dropped : 0/11
EDGE (2 ,3) PORT 5: Recv/Dropped : 0/20
EDGE (2 ,3) PORT 6: Recv/Dropped : 0/81
EDGE (2 ,3) PORT 7: Recv/Dropped : 0/4
EDGE (3 ,0) PORT 0: Recv/Dropped : 0/4
EDGE (3 ,0) PORT 1: Recv/Dropped : 0/0
EDGE (3 ,0) PORT 2: Recv/Dropped : 0/78
EDGE (3 ,0) PORT 3: Recv/Dropped : 0/0
EDGE (3 ,0) PORT 4: Recv/Dropped : 0/83
EDGE (3 ,0) PORT 5: Recv/Dropped : 0/5
EDGE (3 ,0) PORT 6: Recv/Dropped : 0/15
EDGE (3 ,0) PORT 7: Recv/Dropped : 0/20
EDGE (3 ,1) PORT 0: Recv/Dropped : 0/0
EDGE (3 ,1) PORT 1: Recv/Dropped : 0/0
EDGE (3 ,1) PORT 2: Recv/Dropped : 0/0
EDGE (3 ,1) PORT 3: Recv/Dropped : 0/0
EDGE (3 ,1) PORT 4: Recv/Dropped : 0/1
EDGE (3 ,1) PORT 5: Recv/Dropped : 0/2
EDGE (3 ,1) PORT 6: Recv/Dropped : 0/3
EDGE (3 ,1) PORT 7: Recv/Dropped : 0/6
EDGE (3 ,2) PORT 0: Recv/Dropped : 0/0
EDGE (3 ,2) PORT 1: Recv/Dropped : 0/0
EDGE (3 ,2) PORT 2: Recv/Dropped : 0/0
EDGE (3 ,2) PORT 3: Recv/Dropped : 0/0
EDGE (3 ,2) PORT 4: Recv/Dropped : 0/3
EDGE (3 ,2) PORT 5: Recv/Dropped : 0/2
EDGE (3 ,2) PORT 6: Recv/Dropped : 0/5
EDGE (3 ,2) PORT 7: Recv/Dropped : 0/2
EDGE (3 ,3) PORT 0: Recv/Dropped : 0/0
EDGE (3 ,3) PORT 1: Recv/Dropped : 0/69
EDGE (3 ,3) PORT 2: Recv/Dropped : 0/0
EDGE (3 ,3) PORT 3: Recv/Dropped : 0/2
EDGE (3 ,3) PORT 4: Recv/Dropped : 0/87
EDGE (3 ,3) PORT 5: Recv/Dropped : 0/7
EDGE (3 ,3) PORT 6: Recv/Dropped : 0/25
EDGE (3 ,3) PORT 7: Recv/Dropped : 0/2
EDGE (4 ,0) PORT 0: Recv/Dropped : 0/80
EDGE (4 ,0) PORT 1: Recv/Dropped : 0/0
EDGE (4 ,0) PORT 2: Recv/Dropped : 0/0
EDGE (4 ,0) PORT 3: Recv/Dropped : 0/0
EDGE (4 ,0) PORT 4: Recv/Dropped : 0/51
EDGE (4 ,0) PORT 5: Recv/Dropped : 0/12
EDGE (4 ,0) PORT 6: Recv/Dropped : 0/34
EDGE (4 ,0) PORT 7: Recv/Dropped : 0/26
EDGE (4 ,1) PORT 0: Recv/Dropped : 0/0
EDGE (4 ,1) PORT 1: Recv/Dropped : 0/2
EDGE (4 ,1) PORT 2: Recv/Dropped : 0/66
EDGE (4 ,1) PORT 3: Recv/Dropped : 0/0
EDGE (4 ,1) PORT 4: Recv/Dropped : 0/12
EDGE (4 ,1) PORT 5: Recv/Dropped : 0/5
EDGE (4 ,1) PORT 6: Recv/Dropped : 0/3
EDGE (4 ,1) PORT 7: Recv/Dropped : 0/96
EDGE (4 ,2) PORT 0: Recv/Dropped : 0/0
EDGE (4 ,2) PORT 1: Recv/Dropped : 0/0
EDGE (4 ,2) PORT 2: Recv/Dropped : 0/3
EDGE (4 ,2) PORT 3: Recv/Dropped : 0/0
EDGE (4 ,2) PORT 4: Recv/Dropped : 0/3
EDGE (4 ,2) PORT 5: Recv/Dropped : 0/3
EDGE (4 ,2) PORT 6: Recv/Dropped : 0/2
EDGE (4 ,2) PORT 7: Recv/Dropped : 0/7
EDGE (4 ,3) PORT 0: Recv/Dropped : 0/0
EDGE (4 ,3) PORT 1: Recv/Dropped : 0/0
EDGE (4 ,3) PORT 2: Recv/Dropped : 0/2
EDGE (4 ,3) PORT 3: Recv/Dropped : 0/73
EDGE (4 ,3) PORT 4: Recv/Dropped : 0/14
EDGE (4 ,3) PORT 5: Recv/Dropped : 0/7
EDGE (4 ,3) PORT 6: Recv/Dropped : 0/1
EDGE (4 ,3) PORT 7: Recv/Dropped : 0/92
EDGE (5 ,0) PORT 0: Recv/Dropped : 0/0
EDGE (5 ,0) PORT 1: Recv/Dropped : 0/0
EDGE (5 ,0) PORT 2: Recv/Dropped : 0/0
EDGE (5 ,0) PORT 3: Recv/Dropped : 0/0
EDGE (5 ,0) PORT 4: Recv/Dropped : 0/5
EDGE (5 ,0) PORT 5: Recv/Dropped : 0/3
EDGE (5 ,0) PORT 6: Recv/Dropped : 0/2
EDGE (5 ,0) PORT 7: Recv/Dropped : 0/2
EDGE (5 ,1) PORT 0: Recv/Dropped : 0/0
EDGE (5 ,1) PORT 1: Recv/Dropped : 0/88
EDGE (5 ,1) PORT 2: Recv/Dropped : 0/83
EDGE (5 ,1) PORT 3: Recv/Dropped : 0/0
EDGE (5 ,1) PORT 4: Recv/Dropped : 0/105
EDGE (5 ,1) PORT 5: Recv/Dropped : 0/39
EDGE (5 ,1) PORT 6: Recv/Dropped : 0/66
EDGE (5 ,1) PORT 7: Recv/Dropped : 0/30
EDGE (5 ,2) PORT 0: Recv/Dropped : 0/0
EDGE (5 ,2) PORT 1: Recv/Dropped : 0/0
EDGE (5 ,2) PORT 2: Recv/Dropped : 0/0
EDGE (5 ,2) PORT 3: Recv/Dropped : 0/0
EDGE (5 ,2) PORT 4: Recv/Dropped : 0/3
EDGE (5 ,2) PORT 5: Recv/Dropped : 0/5
EDGE (5 ,2) PORT 6: Recv/Dropped : 0/2
EDGE (5 ,2) PORT 7: Recv/Dropped : 0/2
EDGE (5 ,3) PORT 0: Recv/Dropped : 0/0
EDGE (5 ,3) PORT 1: Recv/Dropped : 0/0
EDGE (5 ,3) PORT 2: Recv/Dropped : 0/0
EDGE (5 ,3) PORT 3: Recv/Dropped : 0/91
EDGE (5 ,3) PORT 4: Recv/Dropped : 0/7
EDGE (5 ,3) PORT 5: Recv/Dropped : 0/90
EDGE (5 ,3) PORT 6: Recv/Dropped : 0/15
EDGE (5 ,3) PORT 7: Recv/Dropped : 0/1
EDGE (6 ,0) PORT 0: Recv/Dropped : 0/0
EDGE (6 ,0) PORT 1: Recv/Dropped : 0/0
EDGE (6 ,0) PORT 2: Recv/Dropped : 0/0
EDGE (6 ,0) PORT 3: Recv/Dropped : 0/0
EDGE (6 ,0) PORT 4: Recv/Dropped : 0/3
EDGE (6 ,0) PORT 5: Recv/Dropped : 0/3
EDGE (6 ,0) PORT 6: Recv/Dropped : 0/0
EDGE (6 ,0) PORT 7: Recv/Dropped : 0/6
EDGE (6 ,1) PORT 0: Recv/Dropped : 0/0
EDGE (6 ,1) PORT 1: Recv/Dropped : 0/0
EDGE (6 ,1) PORT 2: Recv/Dropped : 0/0
EDGE (6 ,1) PORT 3: Recv/Dropped : 0/0
EDGE (6 ,1) PORT 4: Recv/Dropped : 0/3
EDGE (6 ,1) PORT 5: Recv/Dropped : 0/3
EDGE (6 ,1) PORT 6: Recv/Dropped : 0/3
EDGE (6 ,1) PORT 7: Recv/Dropped : 0/3
EDGE (6 ,2) PORT 0: Recv/Dropped : 0/0
EDGE (6 ,2) PORT 1: Recv/Dropped : 0/0
EDGE (6 ,2) PORT 2: Recv/Dropped : 0/0
EDGE (6 ,2) PORT 3: Recv/Dropped : 0/0
EDGE (6 ,2) PORT 4: Recv/Dropped : 0/5
EDGE (6 ,2) PORT 5: Recv/Dropped : 0/2
EDGE (6 ,2) PORT 6: Recv/Dropped : 0/4
EDGE (6 ,2) PORT 7: Recv/Dropped : 0/1
EDGE (6 ,3) PORT 0: Recv/Dropped : 0/0
EDGE (6 ,3) PORT 1: Recv/Dropped : 0/0
EDGE (6 ,3) PORT 2: Recv/Dropped : 0/0
EDGE (6 ,3) PORT 3: Recv/Dropped : 0/73
EDGE (6 ,3) PORT 4: Recv/Dropped : 0/2
EDGE (6 ,3) PORT 5: Recv/Dropped : 0/4
EDGE (6 ,3) PORT 6: Recv/Dropped : 0/89
EDGE (6 ,3) PORT 7: Recv/Dropped : 0/21
EDGE (7 ,0) PORT 0: Recv/Dropped : 0/3
EDGE (7 ,0) PORT 1: Recv/Dropped : 0/0
EDGE (7 ,0) PORT 2: Recv/Dropped : 0/0
EDGE (7 ,0) PORT 3: Recv/Dropped : 0/0
EDGE (7 ,0) PORT 4: Recv/Dropped : 0/1
EDGE (7 ,0) PORT 5: Recv/Dropped : 0/2
EDGE (7 ,0) PORT 6: Recv/Dropped : 0/5
EDGE (7 ,0) PORT 7: Recv/Dropped : 0/7
EDGE (7 ,1) PORT 0: Recv/Dropped : 0/0
EDGE (7 ,1) PORT 1: Recv/Dropped : 0/0
EDGE (7 ,1) PORT 2: Recv/Dropped : 0/0
EDGE (7 ,1) PORT 3: Recv/Dropped : 0/69
EDGE (7 ,1) PORT 4: Recv/Dropped : 0/4
EDGE (7 ,1) PORT 5: Recv/Dropped : 0/3
EDGE (7 ,1) PORT 6: Recv/Dropped : 0/4
EDGE (7 ,1) PORT 7: Recv/Dropped : 0/103
EDGE (7 ,2) PORT 0: Recv/Dropped : 0/0
EDGE (7 ,2) PORT 1: Recv/Dropped : 0/0
EDGE (7 ,2) PORT 2: Recv/Dropped : 0/76
EDGE (7 ,2) PORT 3: Recv/Dropped : 0/64
EDGE (7 ,2) PORT 4: Recv/Dropped : 0/80
EDGE (7 ,2) PORT 5: Recv/Dropped : 0/21
EDGE (7 ,2) PORT 6: Recv/Dropped : 0/13
EDGE (7 ,2) PORT 7: Recv/Dropped : 0/109
EDGE (7 ,3) PORT 0: Recv/Dropped : 0/2
EDGE (7 ,3) PORT 1: Recv/Dropped : 0/68
EDGE (7 ,3) PORT 2: Recv/Dropped : 0/70
EDGE (7 ,3) PORT 3: Recv/Dropped : 0/0
EDGE (7 ,3) PORT 4: Recv/Dropped : 0/89
EDGE (7 ,3) PORT 5: Recv/Dropped : 0/17
EDGE (7 ,3) PORT 6: Recv/Dropped : 0/16
EDGE (7 ,3) PORT 7: Recv/Dropped : 0/98
 -- AGG QUEUE STATISTICS --
AGG (0 ,0) PORT 0: Recv/Dropped : 27/791
AGG (0 ,0) PORT 1: Recv/Dropped : 33/764
AGG (0 ,0) PORT 2: Recv/Dropped : 22/776
AGG (0 ,0) PORT 3: Recv/Dropped : 41/993
AGG (0 ,0) PORT 4: Recv/Dropped : 0/105
AGG (0 ,0) PORT 5: Recv/Dropped : 0/84
AGG (0 ,0) PORT 6: Recv/Dropped : 0/183
AGG (0 ,0) PORT 7: Recv/Dropped : 0/17
AGG (0 ,1) PORT 0: Recv/Dropped : 0/1
AGG (0 ,1) PORT 1: Recv/Dropped : 0/9
AGG (0 ,1) PORT 2: Recv/Dropped : 0/63
AGG (0 ,1) PORT 3: Recv/Dropped : 0/58
AGG (0 ,1) PORT 4: Recv/Dropped : 0/29
AGG (0 ,1) PORT 5: Recv/Dropped : 0/81
AGG (0 ,1) PORT 6: Recv/Dropped : 0/82
AGG (0 ,1) PORT 7: Recv/Dropped : 0/139
AGG (0 ,2) PORT 0: Recv/Dropped : 0/1
AGG (0 ,2) PORT 1: Recv/Dropped : 0/74
AGG (0 ,2) PORT 2: Recv/Dropped : 0/4
AGG (0 ,2) PORT 3: Recv/Dropped : 0/3
AGG (0 ,2) PORT 4: Recv/Dropped : 0/124
AGG (0 ,2) PORT 5: Recv/Dropped : 0/160
AGG (0 ,2) PORT 6: Recv/Dropped : 0/54
AGG (0 ,2) PORT 7: Recv/Dropped : 0/48
AGG (0 ,3) PORT 0: Recv/Dropped : 0/165
AGG (0 ,3) PORT 1: Recv/Dropped : 0/8
AGG (0 ,3) PORT 2: Recv/Dropped : 0/7
AGG (0 ,3) PORT 3: Recv/Dropped : 0/131
AGG (0 ,3) PORT 4: Recv/Dropped : 0/172
AGG (0 ,3) PORT 5: Recv/Dropped : 0/89
AGG (0 ,3) PORT 6: Recv/Dropped : 0/156
AGG (0 ,3) PORT 7: Recv/Dropped : 0/157
AGG (1 ,0) PORT 0: Recv/Dropped : 0/11
AGG (1 ,0) PORT 1: Recv/Dropped : 0/73
AGG (1 ,0) PORT 2: Recv/Dropped : 0/23
AGG (1 ,0) PORT 3: Recv/Dropped : 0/72
AGG (1 ,0) PORT 4: Recv/Dropped : 0/1
AGG (1 ,0) PORT 5: Recv/Dropped : 0/7
AGG (1 ,0) PORT 6: Recv/Dropped : 0/80
AGG (1 ,0) PORT 7: Recv/Dropped : 0/44
AGG (1 ,1) PORT 0: Recv/Dropped : 0/3
AGG (1 ,1) PORT 1: Recv/Dropped : 0/7
AGG (1 ,1) PORT 2: Recv/Dropped : 0/5
AGG (1 ,1) PORT 3: Recv/Dropped : 0/52
AGG (1 ,1) PORT 4: Recv/Dropped : 0/7
AGG (1 ,1) PORT 5: Recv/Dropped : 0/37
AGG (1 ,1) PORT 6: Recv/Dropped : 0/6
AGG (1 ,1) PORT 7: Recv/Dropped : 0/96
AGG (1 ,2) PORT 0: Recv/Dropped : 0/0
AGG (1 ,2) PORT 1: Recv/Dropped : 0/1
AGG (1 ,2) PORT 2: Recv/Dropped : 0/1
AGG (1 ,2) PORT 3: Recv/Dropped : 0/0
AGG (1 ,2) PORT 4: Recv/Dropped : 0/14
AGG (1 ,2) PORT 5: Recv/Dropped : 0/21
AGG (1 ,2) PORT 6: Recv/Dropped : 0/10
AGG (1 ,2) PORT 7: Recv/Dropped : 0/22
AGG (1 ,3) PORT 0: Recv/Dropped : 0/1
AGG (1 ,3) PORT 1: Recv/Dropped : 0/3
AGG (1 ,3) PORT 2: Recv/Dropped : 0/2
AGG (1 ,3) PORT 3: Recv/Dropped : 0/70
AGG (1 ,3) PORT 4: Recv/Dropped : 0/24
AGG (1 ,3) PORT 5: Recv/Dropped : 0/25
AGG (1 ,3) PORT 6: Recv/Dropped : 0/88
AGG (1 ,3) PORT 7: Recv/Dropped : 0/2
AGG (2 ,0) PORT 0: Recv/Dropped : 0/113
AGG (2 ,0) PORT 1: Recv/Dropped : 0/5
AGG (2 ,0) PORT 2: Recv/Dropped : 0/3
AGG (2 ,0) PORT 3: Recv/Dropped : 0/6
AGG (2 ,0) PORT 4: Recv/Dropped : 0/5
AGG (2 ,0) PORT 5: Recv/Dropped : 0/5
AGG (2 ,0) PORT 6: Recv/Dropped : 0/10
AGG (2 ,0) PORT 7: Recv/Dropped : 0/22
AGG (2 ,1) PORT 0: Recv/Dropped : 0/6
AGG (2 ,1) PORT 1: Recv/Dropped : 0/55
AGG (2 ,1) PORT 2: Recv/Dropped : 0/9
AGG (2 ,1) PORT 3: Recv/Dropped : 0/18
AGG (2 ,1) PORT 4: Recv/Dropped : 0/104
AGG (2 ,1) PORT 5: Recv/Dropped : 0/6
AGG (2 ,1) PORT 6: Recv/Dropped : 0/9
AGG (2 ,1) PORT 7: Recv/Dropped : 0/85
AGG (2 ,2) PORT 0: Recv/Dropped : 0/2
AGG (2 ,2) PORT 1: Recv/Dropped : 0/0
AGG (2 ,2) PORT 2: Recv/Dropped : 0/0
AGG (2 ,2) PORT 3: Recv/Dropped : 0/0
AGG (2 ,2) PORT 4: Recv/Dropped : 0/90
AGG (2 ,2) PORT 5: Recv/Dropped : 0/14
AGG (2 ,2) PORT 6: Recv/Dropped : 0/24
AGG (2 ,2) PORT 7: Recv/Dropped : 0/75
AGG (2 ,3) PORT 0: Recv/Dropped : 0/51
AGG (2 ,3) PORT 1: Recv/Dropped : 0/11
AGG (2 ,3) PORT 2: Recv/Dropped : 0/6
AGG (2 ,3) PORT 3: Recv/Dropped : 0/5
AGG (2 ,3) PORT 4: Recv/Dropped : 0/16
AGG (2 ,3) PORT 5: Recv/Dropped : 0/6
AGG (2 ,3) PORT 6: Recv/Dropped : 0/4
AGG (2 ,3) PORT 7: Recv/Dropped : 0/3
AGG (3 ,0) PORT 0: Recv/Dropped : 0/5
AGG (3 ,0) PORT 1: Recv/Dropped : 0/1
AGG (3 ,0) PORT 2: Recv/Dropped : 0/75
AGG (3 ,0) PORT 3: Recv/Dropped : 0/1
AGG (3 ,0) PORT 4: Recv/Dropped : 0/7
AGG (3 ,0) PORT 5: Recv/Dropped : 0/83
AGG (3 ,0) PORT 6: Recv/Dropped : 0/82
AGG (3 ,0) PORT 7: Recv/Dropped : 0/2
AGG (3 ,1) PORT 0: Recv/Dropped : 0/0
AGG (3 ,1) PORT 1: Recv/Dropped : 0/0
AGG (3 ,1) PORT 2: Recv/Dropped : 0/0
AGG (3 ,1) PORT 3: Recv/Dropped : 0/0
AGG (3 ,1) PORT 4: Recv/Dropped : 0/3
AGG (3 ,1) PORT 5: Recv/Dropped : 0/5
AGG (3 ,1) PORT 6: Recv/Dropped : 0/3
AGG (3 ,1) PORT 7: Recv/Dropped : 0/5
AGG (3 ,2) PORT 0: Recv/Dropped : 0/0
AGG (3 ,2) PORT 1: Recv/Dropped : 0/0
AGG (3 ,2) PORT 2: Recv/Dropped : 0/0
AGG (3 ,2) PORT 3: Recv/Dropped : 0/0
AGG (3 ,2) PORT 4: Recv/Dropped : 0/15
AGG (3 ,2) PORT 5: Recv/Dropped : 0/9
AGG (3 ,2) PORT 6: Recv/Dropped : 0/14
AGG (3 ,2) PORT 7: Recv/Dropped : 0/10
AGG (3 ,3) PORT 0: Recv/Dropped : 0/53
AGG (3 ,3) PORT 1: Recv/Dropped : 0/9
AGG (3 ,3) PORT 2: Recv/Dropped : 0/2
AGG (3 ,3) PORT 3: Recv/Dropped : 0/7
AGG (3 ,3) PORT 4: Recv/Dropped : 0/14
AGG (3 ,3) PORT 5: Recv/Dropped : 0/2
AGG (3 ,3) PORT 6: Recv/Dropped : 0/8
AGG (3 ,3) PORT 7: Recv/Dropped : 0/6
AGG (4 ,0) PORT 0: Recv/Dropped : 0/1
AGG (4 ,0) PORT 1: Recv/Dropped : 0/6
AGG (4 ,0) PORT 2: Recv/Dropped : 0/24
AGG (4 ,0) PORT 3: Recv/Dropped : 0/49
AGG (4 ,0) PORT 4: Recv/Dropped : 0/11
AGG (4 ,0) PORT 5: Recv/Dropped : 0/2
AGG (4 ,0) PORT 6: Recv/Dropped : 0/53
AGG (4 ,0) PORT 7: Recv/Dropped : 0/14
AGG (4 ,1) PORT 0: Recv/Dropped : 0/59
AGG (4 ,1) PORT 1: Recv/Dropped : 0/3
AGG (4 ,1) PORT 2: Recv/Dropped : 0/1
AGG (4 ,1) PORT 3: Recv/Dropped : 0/5
AGG (4 ,1) PORT 4: Recv/Dropped : 0/8
AGG (4 ,1) PORT 5: Recv/Dropped : 0/7
AGG (4 ,1) PORT 6: Recv/Dropped : 0/11
AGG (4 ,1) PORT 7: Recv/Dropped : 0/1
AGG (4 ,2) PORT 0: Recv/Dropped : 0/2
AGG (4 ,2) PORT 1: Recv/Dropped : 0/0
AGG (4 ,2) PORT 2: Recv/Dropped : 0/1
AGG (4 ,2) PORT 3: Recv/Dropped : 0/0
AGG (4 ,2) PORT 4: Recv/Dropped : 0/2
AGG (4 ,2) PORT 5: Recv/Dropped : 0/26
AGG (4 ,2) PORT 6: Recv/Dropped : 0/1
AGG (4 ,2) PORT 7: Recv/Dropped : 0/11
AGG (4 ,3) PORT 0: Recv/Dropped : 0/0
AGG (4 ,3) PORT 1: Recv/Dropped : 0/3
AGG (4 ,3) PORT 2: Recv/Dropped : 0/5
AGG (4 ,3) PORT 3: Recv/Dropped : 0/67
AGG (4 ,3) PORT 4: Recv/Dropped : 0/102
AGG (4 ,3) PORT 5: Recv/Dropped : 0/89
AGG (4 ,3) PORT 6: Recv/Dropped : 0/6
AGG (4 ,3) PORT 7: Recv/Dropped : 0/24
AGG (5 ,0) PORT 0: Recv/Dropped : 0/0
AGG (5 ,0) PORT 1: Recv/Dropped : 0/0
AGG (5 ,0) PORT 2: Recv/Dropped : 0/0
AGG (5 ,0) PORT 3: Recv/Dropped : 0/0
AGG (5 ,0) PORT 4: Recv/Dropped : 0/28
AGG (5 ,0) PORT 5: Recv/Dropped : 0/28
AGG (5 ,0) PORT 6: Recv/Dropped : 0/12
AGG (5 ,0) PORT 7: Recv/Dropped : 0/52
AGG (5 ,1) PORT 0: Recv/Dropped : 0/44
AGG (5 ,1) PORT 1: Recv/Dropped : 0/57
AGG (5 ,1) PORT 2: Recv/Dropped : 0/52
AGG (5 ,1) PORT 3: Recv/Dropped : 0/18
AGG (5 ,1) PORT 4: Recv/Dropped : 0/8
AGG (5 ,1) PORT 5: Recv/Dropped : 0/26
AGG (5 ,1) PORT 6: Recv/Dropped : 0/98
AGG (5 ,1) PORT 7: Recv/Dropped : 0/5
AGG (5 ,2) PORT 0: Recv/Dropped : 0/0
AGG (5 ,2) PORT 1: Recv/Dropped : 0/0
AGG (5 ,2) PORT 2: Recv/Dropped : 0/0
AGG (5 ,2) PORT 3: Recv/Dropped : 0/0
AGG (5 ,2) PORT 4: Recv/Dropped : 0/11
AGG (5 ,2) PORT 5: Recv/Dropped : 0/8
AGG (5 ,2) PORT 6: Recv/Dropped : 0/50
AGG (5 ,2) PORT 7: Recv/Dropped : 0/16
AGG (5 ,3) PORT 0: Recv/Dropped : 0/2
AGG (5 ,3) PORT 1: Recv/Dropped : 0/1
AGG (5 ,3) PORT 2: Recv/Dropped : 0/42
AGG (5 ,3) PORT 3: Recv/Dropped : 0/46
AGG (5 ,3) PORT 4: Recv/Dropped : 0/13
AGG (5 ,3) PORT 5: Recv/Dropped : 0/7
AGG (5 ,3) PORT 6: Recv/Dropped : 0/10
AGG (5 ,3) PORT 7: Recv/Dropped : 0/5
AGG (6 ,0) PORT 0: Recv/Dropped : 0/0
AGG (6 ,0) PORT 1: Recv/Dropped : 0/0
AGG (6 ,0) PORT 2: Recv/Dropped : 0/0
AGG (6 ,0) PORT 3: Recv/Dropped : 0/0
AGG (6 ,0) PORT 4: Recv/Dropped : 0/2
AGG (6 ,0) PORT 5: Recv/Dropped : 0/6
AGG (6 ,0) PORT 6: Recv/Dropped : 0/2
AGG (6 ,0) PORT 7: Recv/Dropped : 0/3
AGG (6 ,1) PORT 0: Recv/Dropped : 0/0
AGG (6 ,1) PORT 1: Recv/Dropped : 0/0
AGG (6 ,1) PORT 2: Recv/Dropped : 0/0
AGG (6 ,1) PORT 3: Recv/Dropped : 0/0
AGG (6 ,1) PORT 4: Recv/Dropped : 0/1
AGG (6 ,1) PORT 5: Recv/Dropped : 0/3
AGG (6 ,1) PORT 6: Recv/Dropped : 0/5
AGG (6 ,1) PORT 7: Recv/Dropped : 0/3
AGG (6 ,2) PORT 0: Recv/Dropped : 0/0
AGG (6 ,2) PORT 1: Recv/Dropped : 0/0
AGG (6 ,2) PORT 2: Recv/Dropped : 0/0
AGG (6 ,2) PORT 3: Recv/Dropped : 0/0
AGG (6 ,2) PORT 4: Recv/Dropped : 0/2
AGG (6 ,2) PORT 5: Recv/Dropped : 0/5
AGG (6 ,2) PORT 6: Recv/Dropped : 0/86
AGG (6 ,2) PORT 7: Recv/Dropped : 0/3
AGG (6 ,3) PORT 0: Recv/Dropped : 0/3
AGG (6 ,3) PORT 1: Recv/Dropped : 0/7
AGG (6 ,3) PORT 2: Recv/Dropped : 0/0
AGG (6 ,3) PORT 3: Recv/Dropped : 0/63
AGG (6 ,3) PORT 4: Recv/Dropped : 0/4
AGG (6 ,3) PORT 5: Recv/Dropped : 0/6
AGG (6 ,3) PORT 6: Recv/Dropped : 0/6
AGG (6 ,3) PORT 7: Recv/Dropped : 0/15
AGG (7 ,0) PORT 0: Recv/Dropped : 0/0
AGG (7 ,0) PORT 1: Recv/Dropped : 0/1
AGG (7 ,0) PORT 2: Recv/Dropped : 0/2
AGG (7 ,0) PORT 3: Recv/Dropped : 0/0
AGG (7 ,0) PORT 4: Recv/Dropped : 0/97
AGG (7 ,0) PORT 5: Recv/Dropped : 0/72
AGG (7 ,0) PORT 6: Recv/Dropped : 0/4
AGG (7 ,0) PORT 7: Recv/Dropped : 0/1
AGG (7 ,1) PORT 0: Recv/Dropped : 0/4
AGG (7 ,1) PORT 1: Recv/Dropped : 0/2
AGG (7 ,1) PORT 2: Recv/Dropped : 0/62
AGG (7 ,1) PORT 3: Recv/Dropped : 0/1
AGG (7 ,1) PORT 4: Recv/Dropped : 0/26
AGG (7 ,1) PORT 5: Recv/Dropped : 0/2
AGG (7 ,1) PORT 6: Recv/Dropped : 0/3
AGG (7 ,1) PORT 7: Recv/Dropped : 0/12
AGG (7 ,2) PORT 0: Recv/Dropped : 0/22
AGG (7 ,2) PORT 1: Recv/Dropped : 0/29
AGG (7 ,2) PORT 2: Recv/Dropped : 0/2
AGG (7 ,2) PORT 3: Recv/Dropped : 0/87
AGG (7 ,2) PORT 4: Recv/Dropped : 0/12
AGG (7 ,2) PORT 5: Recv/Dropped : 0/3
AGG (7 ,2) PORT 6: Recv/Dropped : 0/12
AGG (7 ,2) PORT 7: Recv/Dropped : 0/11
AGG (7 ,3) PORT 0: Recv/Dropped : 0/7
AGG (7 ,3) PORT 1: Recv/Dropped : 0/57
AGG (7 ,3) PORT 2: Recv/Dropped : 0/69
AGG (7 ,3) PORT 3: Recv/Dropped : 0/7
AGG (7 ,3) PORT 4: Recv/Dropped : 0/199
AGG (7 ,3) PORT 5: Recv/Dropped : 0/3
AGG (7 ,3) PORT 6: Recv/Dropped : 0/27
AGG (7 ,3) PORT 7: Recv/Dropped : 0/88


TOTAL RECEIVED PACKETS = 21098
TOTAL DROPPED PACKETS = 634