QUEUE STATISTICS FOR EXPERIMENT 8897
---------------------------
 -- EDGE QUEUE STATISTICS --
EDGE (0 ,0) PORT 0: Recv/Dropped : 241/6680
EDGE (0 ,0) PORT 1: Recv/Dropped : 0/85
EDGE (0 ,0) PORT 2: Recv/Dropped : 0/69
EDGE (0 ,0) PORT 3: Recv/Dropped : 0/74
EDGE (0 ,0) PORT 4: Recv/Dropped : 0/1130
EDGE (0 ,0) PORT 5: Recv/Dropped : 0/1178
EDGE (0 ,0) PORT 6: Recv/Dropped : 0/1021
EDGE (0 ,0) PORT 7: Recv/Dropped : 0/1013
EDGE (0 ,1) PORT 0: Recv/Dropped : 0/87
EDGE (0 ,1) PORT 1: Recv/Dropped : 0/65
EDGE (0 ,1) PORT 2: Recv/Dropped : 0/75
EDGE (0 ,1) PORT 3: Recv/Dropped : 0/2
EDGE (0 ,1) PORT 4: Recv/Dropped : 0/55
EDGE (0 ,1) PORT 5: Recv/Dropped : 0/79
EDGE (0 ,1) PORT 6: Recv/Dropped : 0/97
EDGE (0 ,1) PORT 7: Recv/Dropped : 0/73
EDGE (0 ,2) PORT 0: Recv/Dropped : 0/65
EDGE (0 ,2) PORT 1: Recv/Dropped : 0/77
EDGE (0 ,2) PORT 2: Recv/Dropped : 0/63
EDGE (0 ,2) PORT 3: Recv/Dropped : 0/4
EDGE (0 ,2) PORT 4: Recv/Dropped : 0/141
EDGE (0 ,2) PORT 5: Recv/Dropped : 0/58
EDGE (0 ,2) PORT 6: Recv/Dropped : 0/53
EDGE (0 ,2) PORT 7: Recv/Dropped : 0/48
EDGE (0 ,3) PORT 0: Recv/Dropped : 0/64
EDGE (0 ,3) PORT 1: Recv/Dropped : 0/78
EDGE (0 ,3) PORT 2: Recv/Dropped : 0/4
EDGE (0 ,3) PORT 3: Recv/Dropped : 0/66
EDGE (0 ,3) PORT 4: Recv/Dropped : 0/76
EDGE (0 ,3) PORT 5: Recv/Dropped : 0/67
EDGE (0 ,3) PORT 6: Recv/Dropped : 0/82
EDGE (0 ,3) PORT 7: Recv/Dropped : 0/73
EDGE (1 ,0) PORT 0: Recv/Dropped : 0/77
EDGE (1 ,0) PORT 1: Recv/Dropped : 0/62
EDGE (1 ,0) PORT 2: Recv/Dropped : 0/63
EDGE (1 ,0) PORT 3: Recv/Dropped : 0/74
EDGE (1 ,0) PORT 4: Recv/Dropped : 0/77
EDGE (1 ,0) PORT 5: Recv/Dropped : 0/99
EDGE (1 ,0) PORT 6: Recv/Dropped : 0/110
EDGE (1 ,0) PORT 7: Recv/Dropped : 0/107
EDGE (1 ,1) PORT 0: Recv/Dropped : 0/64
EDGE (1 ,1) PORT 1: Recv/Dropped : 0/69
EDGE (1 ,1) PORT 2: Recv/Dropped : 0/63
EDGE (1 ,1) PORT 3: Recv/Dropped : 0/2
EDGE (1 ,1) PORT 4: Recv/Dropped : 0/79
EDGE (1 ,1) PORT 5: Recv/Dropped : 0/71
EDGE (1 ,1) PORT 6: Recv/Dropped : 0/77
EDGE (1 ,1) PORT 7: Recv/Dropped : 0/72
EDGE (1 ,2) PORT 0: Recv/Dropped : 0/77
EDGE (1 ,2) PORT 1: Recv/Dropped : 0/63
EDGE (1 ,2) PORT 2: Recv/Dropped : 0/63
EDGE (1 ,2) PORT 3: Recv/Dropped : 0/62
EDGE (1 ,2) PORT 4: Recv/Dropped : 0/113
EDGE (1 ,2) PORT 5: Recv/Dropped : 0/86
EDGE (1 ,2) PORT 6: Recv/Dropped : 0/95
EDGE (1 ,2) PORT 7: Recv/Dropped : 0/100
EDGE (1 ,3) PORT 0: Recv/Dropped : 0/76
EDGE (1 ,3) PORT 1: Recv/Dropped : 0/63
EDGE (1 ,3) PORT 2: Recv/Dropped : 0/64
EDGE (1 ,3) PORT 3: Recv/Dropped : 0/66
EDGE (1 ,3) PORT 4: Recv/Dropped : 0/102
EDGE (1 ,3) PORT 5: Recv/Dropped : 0/83
EDGE (1 ,3) PORT 6: Recv/Dropped : 0/93
EDGE (1 ,3) PORT 7: Recv/Dropped : 0/117
EDGE (2 ,0) PORT 0: Recv/Dropped : 0/64
EDGE (2 ,0) PORT 1: Recv/Dropped : 0/63
EDGE (2 ,0) PORT 2: Recv/Dropped : 0/63
EDGE (2 ,0) PORT 3: Recv/Dropped : 0/2
EDGE (2 ,0) PORT 4: Recv/Dropped : 0/60
EDGE (2 ,0) PORT 5: Recv/Dropped : 0/96
EDGE (2 ,0) PORT 6: Recv/Dropped : 0/65
EDGE (2 ,0) PORT 7: Recv/Dropped : 0/81
EDGE (2 ,1) PORT 0: Recv/Dropped : 0/63
EDGE (2 ,1) PORT 1: Recv/Dropped : 0/2
EDGE (2 ,1) PORT 2: Recv/Dropped : 0/3
EDGE (2 ,1) PORT 3: Recv/Dropped : 0/64
EDGE (2 ,1) PORT 4: Recv/Dropped : 0/31
EDGE (2 ,1) PORT 5: Recv/Dropped : 0/59
EDGE (2 ,1) PORT 6: Recv/Dropped : 0/52
EDGE (2 ,1) PORT 7: Recv/Dropped : 0/66
EDGE (2 ,2) PORT 0: Recv/Dropped : 0/2
EDGE (2 ,2) PORT 1: Recv/Dropped : 0/67
EDGE (2 ,2) PORT 2: Recv/Dropped : 0/69
EDGE (2 ,2) PORT 3: Recv/Dropped : 0/67
EDGE (2 ,2) PORT 4: Recv/Dropped : 0/61
EDGE (2 ,2) PORT 5: Recv/Dropped : 0/69
EDGE (2 ,2) PORT 6: Recv/Dropped : 0/82
EDGE (2 ,2) PORT 7: Recv/Dropped : 0/86
EDGE (2 ,3) PORT 0: Recv/Dropped : 0/63
EDGE (2 ,3) PORT 1: Recv/Dropped : 0/68
EDGE (2 ,3) PORT 2: Recv/Dropped : 0/63
EDGE (2 ,3) PORT 3: Recv/Dropped : 0/2
EDGE (2 ,3) PORT 4: Recv/Dropped : 0/65
EDGE (2 ,3) PORT 5: Recv/Dropped : 0/70
EDGE (2 ,3) PORT 6: Recv/Dropped : 0/72
EDGE (2 ,3) PORT 7: Recv/Dropped : 0/95
EDGE (3 ,0) PORT 0: Recv/Dropped : 0/63
EDGE (3 ,0) PORT 1: Recv/Dropped : 0/2
EDGE (3 ,0) PORT 2: Recv/Dropped : 0/3
EDGE (3 ,0) PORT 3: Recv/Dropped : 0/2
EDGE (3 ,0) PORT 4: Recv/Dropped : 0/20
EDGE (3 ,0) PORT 5: Recv/Dropped : 0/31
EDGE (3 ,0) PORT 6: Recv/Dropped : 0/34
EDGE (3 ,0) PORT 7: Recv/Dropped : 0/27
EDGE (3 ,1) PORT 0: Recv/Dropped : 0/2
EDGE (3 ,1) PORT 1: Recv/Dropped : 0/63
EDGE (3 ,1) PORT 2: Recv/Dropped : 0/2
EDGE (3 ,1) PORT 3: Recv/Dropped : 0/2
EDGE (3 ,1) PORT 4: Recv/Dropped : 0/25
EDGE (3 ,1) PORT 5: Recv/Dropped : 0/30
EDGE (3 ,1) PORT 6: Recv/Dropped : 0/27
EDGE (3 ,1) PORT 7: Recv/Dropped : 0/31
EDGE (3 ,2) PORT 0: Recv/Dropped : 0/66
EDGE (3 ,2) PORT 1: Recv/Dropped : 0/2
EDGE (3 ,2) PORT 2: Recv/Dropped : 0/3
EDGE (3 ,2) PORT 3: Recv/Dropped : 0/63
EDGE (3 ,2) PORT 4: Recv/Dropped : 0/64
EDGE (3 ,2) PORT 5: Recv/Dropped : 0/61
EDGE (3 ,2) PORT 6: Recv/Dropped : 0/35
EDGE (3 ,2) PORT 7: Recv/Dropped : 0/48
EDGE (3 ,3) PORT 0: Recv/Dropped : 0/2
EDGE (3 ,3) PORT 1: Recv/Dropped : 0/62
EDGE (3 ,3) PORT 2: Recv/Dropped : 0/2
EDGE (3 ,3) PORT 3: Recv/Dropped : 0/3
EDGE (3 ,3) PORT 4: Recv/Dropped : 0/28
EDGE (3 ,3) PORT 5: Recv/Dropped : 0/28
EDGE (3 ,3) PORT 6: Recv/Dropped : 0/43
EDGE (3 ,3) PORT 7: Recv/Dropped : 0/15
EDGE (4 ,0) PORT 0: Recv/Dropped : 0/63
EDGE (4 ,0) PORT 1: Recv/Dropped : 0/2
EDGE (4 ,0) PORT 2: Recv/Dropped : 0/65
EDGE (4 ,0) PORT 3: Recv/Dropped : 0/67
EDGE (4 ,0) PORT 4: Recv/Dropped : 0/75
EDGE (4 ,0) PORT 5: Recv/Dropped : 0/82
EDGE (4 ,0) PORT 6: Recv/Dropped : 0/82
EDGE (4 ,0) PORT 7: Recv/Dropped : 0/60
EDGE (4 ,1) PORT 0: Recv/Dropped : 0/3
EDGE (4 ,1) PORT 1: Recv/Dropped : 0/62
EDGE (4 ,1) PORT 2: Recv/Dropped : 0/2
EDGE (4 ,1) PORT 3: Recv/Dropped : 0/2
EDGE (4 ,1) PORT 4: Recv/Dropped : 0/44
EDGE (4 ,1) PORT 5: Recv/Dropped : 0/29
EDGE (4 ,1) PORT 6: Recv/Dropped : 0/21
EDGE (4 ,1) PORT 7: Recv/Dropped : 0/19
EDGE (4 ,2) PORT 0: Recv/Dropped : 0/67
EDGE (4 ,2) PORT 1: Recv/Dropped : 0/2
EDGE (4 ,2) PORT 2: Recv/Dropped : 0/2
EDGE (4 ,2) PORT 3: Recv/Dropped : 0/2
EDGE (4 ,2) PORT 4: Recv/Dropped : 0/15
EDGE (4 ,2) PORT 5: Recv/Dropped : 0/23
EDGE (4 ,2) PORT 6: Recv/Dropped : 0/44
EDGE (4 ,2) PORT 7: Recv/Dropped : 0/31
EDGE (4 ,3) PORT 0: Recv/Dropped : 0/2
EDGE (4 ,3) PORT 1: Recv/Dropped : 0/63
EDGE (4 ,3) PORT 2: Recv/Dropped : 0/2
EDGE (4 ,3) PORT 3: Recv/Dropped : 0/2
EDGE (4 ,3) PORT 4: Recv/Dropped : 0/40
EDGE (4 ,3) PORT 5: Recv/Dropped : 0/23
EDGE (4 ,3) PORT 6: Recv/Dropped : 0/25
EDGE (4 ,3) PORT 7: Recv/Dropped : 0/27
EDGE (5 ,0) PORT 0: Recv/Dropped : 0/63
EDGE (5 ,0) PORT 1: Recv/Dropped : 0/66
EDGE (5 ,0) PORT 2: Recv/Dropped : 0/2
EDGE (5 ,0) PORT 3: Recv/Dropped : 0/2
EDGE (5 ,0) PORT 4: Recv/Dropped : 0/48
EDGE (5 ,0) PORT 5: Recv/Dropped : 0/65
EDGE (5 ,0) PORT 6: Recv/Dropped : 0/44
EDGE (5 ,0) PORT 7: Recv/Dropped : 0/50
EDGE (5 ,1) PORT 0: Recv/Dropped : 0/66
EDGE (5 ,1) PORT 1: Recv/Dropped : 0/2
EDGE (5 ,1) PORT 2: Recv/Dropped : 0/2
EDGE (5 ,1) PORT 3: Recv/Dropped : 0/63
EDGE (5 ,1) PORT 4: Recv/Dropped : 0/56
EDGE (5 ,1) PORT 5: Recv/Dropped : 0/57
EDGE (5 ,1) PORT 6: Recv/Dropped : 0/52
EDGE (5 ,1) PORT 7: Recv/Dropped : 0/43
EDGE (5 ,2) PORT 0: Recv/Dropped : 0/63
EDGE (5 ,2) PORT 1: Recv/Dropped : 0/2
EDGE (5 ,2) PORT 2: Recv/Dropped : 0/2
EDGE (5 ,2) PORT 3: Recv/Dropped : 0/2
EDGE (5 ,2) PORT 4: Recv/Dropped : 0/26
EDGE (5 ,2) PORT 5: Recv/Dropped : 0/43
EDGE (5 ,2) PORT 6: Recv/Dropped : 0/22
EDGE (5 ,2) PORT 7: Recv/Dropped : 0/24
EDGE (5 ,3) PORT 0: Recv/Dropped : 0/62
EDGE (5 ,3) PORT 1: Recv/Dropped : 0/63
EDGE (5 ,3) PORT 2: Recv/Dropped : 0/63
EDGE (5 ,3) PORT 3: Recv/Dropped : 0/2
EDGE (5 ,3) PORT 4: Recv/Dropped : 0/87
EDGE (5 ,3) PORT 5: Recv/Dropped : 0/70
EDGE (5 ,3) PORT 6: Recv/Dropped : 0/80
EDGE (5 ,3) PORT 7: Recv/Dropped : 0/67
EDGE (6 ,0) PORT 0: Recv/Dropped : 0/2
EDGE (6 ,0) PORT 1: Recv/Dropped : 0/66
EDGE (6 ,0) PORT 2: Recv/Dropped : 0/2
EDGE (6 ,0) PORT 3: Recv/Dropped : 0/63
EDGE (6 ,0) PORT 4: Recv/Dropped : 0/44
EDGE (6 ,0) PORT 5: Recv/Dropped : 0/51
EDGE (6 ,0) PORT 6: Recv/Dropped : 0/75
EDGE (6 ,0) PORT 7: Recv/Dropped : 0/38
EDGE (6 ,1) PORT 0: Recv/Dropped : 0/2
EDGE (6 ,1) PORT 1: Recv/Dropped : 0/65
EDGE (6 ,1) PORT 2: Recv/Dropped : 0/2
EDGE (6 ,1) PORT 3: Recv/Dropped : 0/63
EDGE (6 ,1) PORT 4: Recv/Dropped : 0/62
EDGE (6 ,1) PORT 5: Recv/Dropped : 0/38
EDGE (6 ,1) PORT 6: Recv/Dropped : 0/48
EDGE (6 ,1) PORT 7: Recv/Dropped : 0/60
EDGE (6 ,2) PORT 0: Recv/Dropped : 0/2
EDGE (6 ,2) PORT 1: Recv/Dropped : 0/2
EDGE (6 ,2) PORT 2: Recv/Dropped : 0/2
EDGE (6 ,2) PORT 3: Recv/Dropped : 0/2
EDGE (6 ,2) PORT 4: Recv/Dropped : 0/6
EDGE (6 ,2) PORT 5: Recv/Dropped : 0/5
EDGE (6 ,2) PORT 6: Recv/Dropped : 0/5
EDGE (6 ,2) PORT 7: Recv/Dropped : 0/4
EDGE (6 ,3) PORT 0: Recv/Dropped : 0/2
EDGE (6 ,3) PORT 1: Recv/Dropped : 0/4
EDGE (6 ,3) PORT 2: Recv/Dropped : 0/4
EDGE (6 ,3) PORT 3: Recv/Dropped : 0/2
EDGE (6 ,3) PORT 4: Recv/Dropped : 0/1
EDGE (6 ,3) PORT 5: Recv/Dropped : 0/5
EDGE (6 ,3) PORT 6: Recv/Dropped : 0/5
EDGE (6 ,3) PORT 7: Recv/Dropped : 0/9
EDGE (7 ,0) PORT 0: Recv/Dropped : 0/2
EDGE (7 ,0) PORT 1: Recv/Dropped : 0/2
EDGE (7 ,0) PORT 2: Recv/Dropped : 0/2
EDGE (7 ,0) PORT 3: Recv/Dropped : 0/63
EDGE (7 ,0) PORT 4: Recv/Dropped : 0/30
EDGE (7 ,0) PORT 5: Recv/Dropped : 0/27
EDGE (7 ,0) PORT 6: Recv/Dropped : 0/34
EDGE (7 ,0) PORT 7: Recv/Dropped : 0/24
EDGE (7 ,1) PORT 0: Recv/Dropped : 0/63
EDGE (7 ,1) PORT 1: Recv/Dropped : 0/2
EDGE (7 ,1) PORT 2: Recv/Dropped : 0/63
EDGE (7 ,1) PORT 3: Recv/Dropped : 0/2
EDGE (7 ,1) PORT 4: Recv/Dropped : 0/49
EDGE (7 ,1) PORT 5: Recv/Dropped : 0/44
EDGE (7 ,1) PORT 6: Recv/Dropped : 0/53
EDGE (7 ,1) PORT 7: Recv/Dropped : 0/64
EDGE (7 ,2) PORT 0: Recv/Dropped : 0/2
EDGE (7 ,2) PORT 1: Recv/Dropped : 0/63
EDGE (7 ,2) PORT 2: Recv/Dropped : 0/3
EDGE (7 ,2) PORT 3: Recv/Dropped : 0/63
EDGE (7 ,2) PORT 4: Recv/Dropped : 0/50
EDGE (7 ,2) PORT 5: Recv/Dropped : 0/51
EDGE (7 ,2) PORT 6: Recv/Dropped : 0/58
EDGE (7 ,2) PORT 7: Recv/Dropped : 0/51
EDGE (7 ,3) PORT 0: Recv/Dropped : 0/2
EDGE (7 ,3) PORT 1: Recv/Dropped : 0/2
EDGE (7 ,3) PORT 2: Recv/Dropped : 0/63
EDGE (7 ,3) PORT 3: Recv/Dropped : 0/2
EDGE (7 ,3) PORT 4: Recv/Dropped : 0/38
EDGE (7 ,3) PORT 5: Recv/Dropped : 0/26
EDGE (7 ,3) PORT 6: Recv/Dropped : 0/22
EDGE (7 ,3) PORT 7: Recv/Dropped : 0/29
 -- AGG QUEUE STATISTICS --
AGG (0 ,0) PORT 0: Recv/Dropped : 0/1668
AGG (0 ,0) PORT 1: Recv/Dropped : 0/1626
AGG (0 ,0) PORT 2: Recv/Dropped : 0/1687
AGG (0 ,0) PORT 3: Recv/Dropped : 0/1639
AGG (0 ,0) PORT 4: Recv/Dropped : 0/258
AGG (0 ,0) PORT 5: Recv/Dropped : 0/206
AGG (0 ,0) PORT 6: Recv/Dropped : 0/227
AGG (0 ,0) PORT 7: Recv/Dropped : 0/222
AGG (0 ,1) PORT 0: Recv/Dropped : 0/46
AGG (0 ,1) PORT 1: Recv/Dropped : 0/69
AGG (0 ,1) PORT 2: Recv/Dropped : 0/77
AGG (0 ,1) PORT 3: Recv/Dropped : 0/37
AGG (0 ,1) PORT 4: Recv/Dropped : 0/253
AGG (0 ,1) PORT 5: Recv/Dropped : 0/258
AGG (0 ,1) PORT 6: Recv/Dropped : 0/246
AGG (0 ,1) PORT 7: Recv/Dropped : 0/271
AGG (0 ,2) PORT 0: Recv/Dropped : 0/106
AGG (0 ,2) PORT 1: Recv/Dropped : 0/43
AGG (0 ,2) PORT 2: Recv/Dropped : 0/26
AGG (0 ,2) PORT 3: Recv/Dropped : 0/34
AGG (0 ,2) PORT 4: Recv/Dropped : 0/216
AGG (0 ,2) PORT 5: Recv/Dropped : 0/214
AGG (0 ,2) PORT 6: Recv/Dropped : 0/189
AGG (0 ,2) PORT 7: Recv/Dropped : 0/233
AGG (0 ,3) PORT 0: Recv/Dropped : 0/65
AGG (0 ,3) PORT 1: Recv/Dropped : 0/38
AGG (0 ,3) PORT 2: Recv/Dropped : 0/66
AGG (0 ,3) PORT 3: Recv/Dropped : 0/43
AGG (0 ,3) PORT 4: Recv/Dropped : 0/206
AGG (0 ,3) PORT 5: Recv/Dropped : 0/229
AGG (0 ,3) PORT 6: Recv/Dropped : 0/236
AGG (0 ,3) PORT 7: Recv/Dropped : 0/228
AGG (1 ,0) PORT 0: Recv/Dropped : 0/73
AGG (1 ,0) PORT 1: Recv/Dropped : 0/79
AGG (1 ,0) PORT 2: Recv/Dropped : 0/56
AGG (1 ,0) PORT 3: Recv/Dropped : 0/68
AGG (1 ,0) PORT 4: Recv/Dropped : 0/77
AGG (1 ,0) PORT 5: Recv/Dropped : 0/89
AGG (1 ,0) PORT 6: Recv/Dropped : 0/116
AGG (1 ,0) PORT 7: Recv/Dropped : 0/89
AGG (1 ,1) PORT 0: Recv/Dropped : 0/42
AGG (1 ,1) PORT 1: Recv/Dropped : 0/67
AGG (1 ,1) PORT 2: Recv/Dropped : 0/45
AGG (1 ,1) PORT 3: Recv/Dropped : 0/44
AGG (1 ,1) PORT 4: Recv/Dropped : 0/96
AGG (1 ,1) PORT 5: Recv/Dropped : 0/78
AGG (1 ,1) PORT 6: Recv/Dropped : 0/81
AGG (1 ,1) PORT 7: Recv/Dropped : 0/84
AGG (1 ,2) PORT 0: Recv/Dropped : 0/71
AGG (1 ,2) PORT 1: Recv/Dropped : 0/64
AGG (1 ,2) PORT 2: Recv/Dropped : 0/54
AGG (1 ,2) PORT 3: Recv/Dropped : 0/76
AGG (1 ,2) PORT 4: Recv/Dropped : 0/82
AGG (1 ,2) PORT 5: Recv/Dropped : 0/129
AGG (1 ,2) PORT 6: Recv/Dropped : 0/83
AGG (1 ,2) PORT 7: Recv/Dropped : 0/81
AGG (1 ,3) PORT 0: Recv/Dropped : 0/68
AGG (1 ,3) PORT 1: Recv/Dropped : 0/67
AGG (1 ,3) PORT 2: Recv/Dropped : 0/65
AGG (1 ,3) PORT 3: Recv/Dropped : 0/69
AGG (1 ,3) PORT 4: Recv/Dropped : 0/92
AGG (1 ,3) PORT 5: Recv/Dropped : 0/127
AGG (1 ,3) PORT 6: Recv/Dropped : 0/96
AGG (1 ,3) PORT 7: Recv/Dropped : 0/81
AGG (2 ,0) PORT 0: Recv/Dropped : 0/56
AGG (2 ,0) PORT 1: Recv/Dropped : 0/50
AGG (2 ,0) PORT 2: Recv/Dropped : 0/48
AGG (2 ,0) PORT 3: Recv/Dropped : 0/38
AGG (2 ,0) PORT 4: Recv/Dropped : 0/64
AGG (2 ,0) PORT 5: Recv/Dropped : 0/39
AGG (2 ,0) PORT 6: Recv/Dropped : 0/57
AGG (2 ,0) PORT 7: Recv/Dropped : 0/57
AGG (2 ,1) PORT 0: Recv/Dropped : 0/24
AGG (2 ,1) PORT 1: Recv/Dropped : 0/46
AGG (2 ,1) PORT 2: Recv/Dropped : 0/42
AGG (2 ,1) PORT 3: Recv/Dropped : 0/20
AGG (2 ,1) PORT 4: Recv/Dropped : 0/86
AGG (2 ,1) PORT 5: Recv/Dropped : 0/64
AGG (2 ,1) PORT 6: Recv/Dropped : 0/63
AGG (2 ,1) PORT 7: Recv/Dropped : 0/81
AGG (2 ,2) PORT 0: Recv/Dropped : 0/47
AGG (2 ,2) PORT 1: Recv/Dropped : 0/56
AGG (2 ,2) PORT 2: Recv/Dropped : 0/48
AGG (2 ,2) PORT 3: Recv/Dropped : 0/54
AGG (2 ,2) PORT 4: Recv/Dropped : 0/74
AGG (2 ,2) PORT 5: Recv/Dropped : 0/63
AGG (2 ,2) PORT 6: Recv/Dropped : 0/73
AGG (2 ,2) PORT 7: Recv/Dropped : 0/61
AGG (2 ,3) PORT 0: Recv/Dropped : 0/34
AGG (2 ,3) PORT 1: Recv/Dropped : 0/53
AGG (2 ,3) PORT 2: Recv/Dropped : 0/53
AGG (2 ,3) PORT 3: Recv/Dropped : 0/56
AGG (2 ,3) PORT 4: Recv/Dropped : 0/97
AGG (2 ,3) PORT 5: Recv/Dropped : 0/91
AGG (2 ,3) PORT 6: Recv/Dropped : 0/83
AGG (2 ,3) PORT 7: Recv/Dropped : 0/57
AGG (3 ,0) PORT 0: Recv/Dropped : 0/16
AGG (3 ,0) PORT 1: Recv/Dropped : 0/16
AGG (3 ,0) PORT 2: Recv/Dropped : 0/19
AGG (3 ,0) PORT 3: Recv/Dropped : 0/19
AGG (3 ,0) PORT 4: Recv/Dropped : 0/45
AGG (3 ,0) PORT 5: Recv/Dropped : 0/26
AGG (3 ,0) PORT 6: Recv/Dropped : 0/35
AGG (3 ,0) PORT 7: Recv/Dropped : 0/31
AGG (3 ,1) PORT 0: Recv/Dropped : 0/15
AGG (3 ,1) PORT 1: Recv/Dropped : 0/13
AGG (3 ,1) PORT 2: Recv/Dropped : 0/20
AGG (3 ,1) PORT 3: Recv/Dropped : 0/21
AGG (3 ,1) PORT 4: Recv/Dropped : 0/50
AGG (3 ,1) PORT 5: Recv/Dropped : 0/37
AGG (3 ,1) PORT 6: Recv/Dropped : 0/31
AGG (3 ,1) PORT 7: Recv/Dropped : 0/32
AGG (3 ,2) PORT 0: Recv/Dropped : 0/41
AGG (3 ,2) PORT 1: Recv/Dropped : 0/31
AGG (3 ,2) PORT 2: Recv/Dropped : 0/30
AGG (3 ,2) PORT 3: Recv/Dropped : 0/32
AGG (3 ,2) PORT 4: Recv/Dropped : 0/41
AGG (3 ,2) PORT 5: Recv/Dropped : 0/28
AGG (3 ,2) PORT 6: Recv/Dropped : 0/37
AGG (3 ,2) PORT 7: Recv/Dropped : 0/33
AGG (3 ,3) PORT 0: Recv/Dropped : 0/20
AGG (3 ,3) PORT 1: Recv/Dropped : 0/21
AGG (3 ,3) PORT 2: Recv/Dropped : 0/8
AGG (3 ,3) PORT 3: Recv/Dropped : 0/20
AGG (3 ,3) PORT 4: Recv/Dropped : 0/19
AGG (3 ,3) PORT 5: Recv/Dropped : 0/33
AGG (3 ,3) PORT 6: Recv/Dropped : 0/45
AGG (3 ,3) PORT 7: Recv/Dropped : 0/24
AGG (4 ,0) PORT 0: Recv/Dropped : 0/34
AGG (4 ,0) PORT 1: Recv/Dropped : 0/68
AGG (4 ,0) PORT 2: Recv/Dropped : 0/46
AGG (4 ,0) PORT 3: Recv/Dropped : 0/49
AGG (4 ,0) PORT 4: Recv/Dropped : 0/43
AGG (4 ,0) PORT 5: Recv/Dropped : 0/37
AGG (4 ,0) PORT 6: Recv/Dropped : 0/54
AGG (4 ,0) PORT 7: Recv/Dropped : 0/40
AGG (4 ,1) PORT 0: Recv/Dropped : 0/17
AGG (4 ,1) PORT 1: Recv/Dropped : 0/22
AGG (4 ,1) PORT 2: Recv/Dropped : 0/15
AGG (4 ,1) PORT 3: Recv/Dropped : 0/15
AGG (4 ,1) PORT 4: Recv/Dropped : 0/49
AGG (4 ,1) PORT 5: Recv/Dropped : 0/39
AGG (4 ,1) PORT 6: Recv/Dropped : 0/36
AGG (4 ,1) PORT 7: Recv/Dropped : 0/33
AGG (4 ,2) PORT 0: Recv/Dropped : 0/23
AGG (4 ,2) PORT 1: Recv/Dropped : 0/13
AGG (4 ,2) PORT 2: Recv/Dropped : 0/17
AGG (4 ,2) PORT 3: Recv/Dropped : 0/20
AGG (4 ,2) PORT 4: Recv/Dropped : 0/34
AGG (4 ,2) PORT 5: Recv/Dropped : 0/46
AGG (4 ,2) PORT 6: Recv/Dropped : 0/46
AGG (4 ,2) PORT 7: Recv/Dropped : 0/46
AGG (4 ,3) PORT 0: Recv/Dropped : 0/18
AGG (4 ,3) PORT 1: Recv/Dropped : 0/24
AGG (4 ,3) PORT 2: Recv/Dropped : 0/13
AGG (4 ,3) PORT 3: Recv/Dropped : 0/14
AGG (4 ,3) PORT 4: Recv/Dropped : 0/39
AGG (4 ,3) PORT 5: Recv/Dropped : 0/45
AGG (4 ,3) PORT 6: Recv/Dropped : 0/20
AGG (4 ,3) PORT 7: Recv/Dropped : 0/33
AGG (5 ,0) PORT 0: Recv/Dropped : 0/33
AGG (5 ,0) PORT 1: Recv/Dropped : 0/42
AGG (5 ,0) PORT 2: Recv/Dropped : 0/25
AGG (5 ,0) PORT 3: Recv/Dropped : 0/33
AGG (5 ,0) PORT 4: Recv/Dropped : 0/59
AGG (5 ,0) PORT 5: Recv/Dropped : 0/59
AGG (5 ,0) PORT 6: Recv/Dropped : 0/36
AGG (5 ,0) PORT 7: Recv/Dropped : 0/63
AGG (5 ,1) PORT 0: Recv/Dropped : 0/35
AGG (5 ,1) PORT 1: Recv/Dropped : 0/35
AGG (5 ,1) PORT 2: Recv/Dropped : 0/37
AGG (5 ,1) PORT 3: Recv/Dropped : 0/26
AGG (5 ,1) PORT 4: Recv/Dropped : 0/51
AGG (5 ,1) PORT 5: Recv/Dropped : 0/76
AGG (5 ,1) PORT 6: Recv/Dropped : 0/75
AGG (5 ,1) PORT 7: Recv/Dropped : 0/33
AGG (5 ,2) PORT 0: Recv/Dropped : 0/17
AGG (5 ,2) PORT 1: Recv/Dropped : 0/22
AGG (5 ,2) PORT 2: Recv/Dropped : 0/15
AGG (5 ,2) PORT 3: Recv/Dropped : 0/15
AGG (5 ,2) PORT 4: Recv/Dropped : 0/59
AGG (5 ,2) PORT 5: Recv/Dropped : 0/59
AGG (5 ,2) PORT 6: Recv/Dropped : 0/43
AGG (5 ,2) PORT 7: Recv/Dropped : 0/37
AGG (5 ,3) PORT 0: Recv/Dropped : 0/45
AGG (5 ,3) PORT 1: Recv/Dropped : 0/40
AGG (5 ,3) PORT 2: Recv/Dropped : 0/51
AGG (5 ,3) PORT 3: Recv/Dropped : 0/54
AGG (5 ,3) PORT 4: Recv/Dropped : 0/43
AGG (5 ,3) PORT 5: Recv/Dropped : 0/63
AGG (5 ,3) PORT 6: Recv/Dropped : 0/34
AGG (5 ,3) PORT 7: Recv/Dropped : 0/44
AGG (6 ,0) PORT 0: Recv/Dropped : 0/31
AGG (6 ,0) PORT 1: Recv/Dropped : 0/43
AGG (6 ,0) PORT 2: Recv/Dropped : 0/26
AGG (6 ,0) PORT 3: Recv/Dropped : 0/33
AGG (6 ,0) PORT 4: Recv/Dropped : 0/23
AGG (6 ,0) PORT 5: Recv/Dropped : 0/29
AGG (6 ,0) PORT 6: Recv/Dropped : 0/21
AGG (6 ,0) PORT 7: Recv/Dropped : 0/40
AGG (6 ,1) PORT 0: Recv/Dropped : 0/40
AGG (6 ,1) PORT 1: Recv/Dropped : 0/37
AGG (6 ,1) PORT 2: Recv/Dropped : 0/30
AGG (6 ,1) PORT 3: Recv/Dropped : 0/25
AGG (6 ,1) PORT 4: Recv/Dropped : 0/12
AGG (6 ,1) PORT 5: Recv/Dropped : 0/20
AGG (6 ,1) PORT 6: Recv/Dropped : 0/30
AGG (6 ,1) PORT 7: Recv/Dropped : 0/37
AGG (6 ,2) PORT 0: Recv/Dropped : 0/1
AGG (6 ,2) PORT 1: Recv/Dropped : 0/4
AGG (6 ,2) PORT 2: Recv/Dropped : 0/2
AGG (6 ,2) PORT 3: Recv/Dropped : 0/1
AGG (6 ,2) PORT 4: Recv/Dropped : 0/24
AGG (6 ,2) PORT 5: Recv/Dropped : 0/35
AGG (6 ,2) PORT 6: Recv/Dropped : 0/40
AGG (6 ,2) PORT 7: Recv/Dropped : 0/34
AGG (6 ,3) PORT 0: Recv/Dropped : 0/6
AGG (6 ,3) PORT 1: Recv/Dropped : 0/1
AGG (6 ,3) PORT 2: Recv/Dropped : 0/3
AGG (6 ,3) PORT 3: Recv/Dropped : 0/2
AGG (6 ,3) PORT 4: Recv/Dropped : 0/26
AGG (6 ,3) PORT 5: Recv/Dropped : 0/42
AGG (6 ,3) PORT 6: Recv/Dropped : 0/24
AGG (6 ,3) PORT 7: Recv/Dropped : 0/19
AGG (7 ,0) PORT 0: Recv/Dropped : 0/6
AGG (7 ,0) PORT 1: Recv/Dropped : 0/22
AGG (7 ,0) PORT 2: Recv/Dropped : 0/18
AGG (7 ,0) PORT 3: Recv/Dropped : 0/23
AGG (7 ,0) PORT 4: Recv/Dropped : 0/52
AGG (7 ,0) PORT 5: Recv/Dropped : 0/43
AGG (7 ,0) PORT 6: Recv/Dropped : 0/53
AGG (7 ,0) PORT 7: Recv/Dropped : 0/19
AGG (7 ,1) PORT 0: Recv/Dropped : 0/36
AGG (7 ,1) PORT 1: Recv/Dropped : 0/39
AGG (7 ,1) PORT 2: Recv/Dropped : 0/27
AGG (7 ,1) PORT 3: Recv/Dropped : 0/28
AGG (7 ,1) PORT 4: Recv/Dropped : 0/46
AGG (7 ,1) PORT 5: Recv/Dropped : 0/31
AGG (7 ,1) PORT 6: Recv/Dropped : 0/23
AGG (7 ,1) PORT 7: Recv/Dropped : 0/48
AGG (7 ,2) PORT 0: Recv/Dropped : 0/40
AGG (7 ,2) PORT 1: Recv/Dropped : 0/33
AGG (7 ,2) PORT 2: Recv/Dropped : 0/24
AGG (7 ,2) PORT 3: Recv/Dropped : 0/34
AGG (7 ,2) PORT 4: Recv/Dropped : 0/44
AGG (7 ,2) PORT 5: Recv/Dropped : 0/47
AGG (7 ,2) PORT 6: Recv/Dropped : 0/31
AGG (7 ,2) PORT 7: Recv/Dropped : 0/45
AGG (7 ,3) PORT 0: Recv/Dropped : 0/24
AGG (7 ,3) PORT 1: Recv/Dropped : 0/20
AGG (7 ,3) PORT 2: Recv/Dropped : 0/15
AGG (7 ,3) PORT 3: Recv/Dropped : 0/10
AGG (7 ,3) PORT 4: Recv/Dropped : 0/68
AGG (7 ,3) PORT 5: Recv/Dropped : 0/34
AGG (7 ,3) PORT 6: Recv/Dropped : 0/37
AGG (7 ,3) PORT 7: Recv/Dropped : 0/29


TOTAL RECEIVED PACKETS = 42584
TOTAL DROPPED PACKETS = 241