QUEUE STATISTICS FOR EXPERIMENT 8721
---------------------------
 -- EDGE QUEUE STATISTICS --
EDGE (0 ,0) PORT 0: Recv/Dropped : 348/6533
EDGE (0 ,0) PORT 1: Recv/Dropped : 0/92
EDGE (0 ,0) PORT 2: Recv/Dropped : 0/72
EDGE (0 ,0) PORT 3: Recv/Dropped : 0/69
EDGE (0 ,0) PORT 4: Recv/Dropped : 0/1054
EDGE (0 ,0) PORT 5: Recv/Dropped : 0/1260
EDGE (0 ,0) PORT 6: Recv/Dropped : 0/1051
EDGE (0 ,0) PORT 7: Recv/Dropped : 0/1030
EDGE (0 ,1) PORT 0: Recv/Dropped : 0/83
EDGE (0 ,1) PORT 1: Recv/Dropped : 0/80
EDGE (0 ,1) PORT 2: Recv/Dropped : 0/73
EDGE (0 ,1) PORT 3: Recv/Dropped : 0/67
EDGE (0 ,1) PORT 4: Recv/Dropped : 0/93
EDGE (0 ,1) PORT 5: Recv/Dropped : 0/100
EDGE (0 ,1) PORT 6: Recv/Dropped : 0/124
EDGE (0 ,1) PORT 7: Recv/Dropped : 0/83
EDGE (0 ,2) PORT 0: Recv/Dropped : 0/65
EDGE (0 ,2) PORT 1: Recv/Dropped : 0/73
EDGE (0 ,2) PORT 2: Recv/Dropped : 0/62
EDGE (0 ,2) PORT 3: Recv/Dropped : 0/66
EDGE (0 ,2) PORT 4: Recv/Dropped : 0/94
EDGE (0 ,2) PORT 5: Recv/Dropped : 0/126
EDGE (0 ,2) PORT 6: Recv/Dropped : 0/97
EDGE (0 ,2) PORT 7: Recv/Dropped : 0/75
EDGE (0 ,3) PORT 0: Recv/Dropped : 0/69
EDGE (0 ,3) PORT 1: Recv/Dropped : 0/2
EDGE (0 ,3) PORT 2: Recv/Dropped : 0/66
EDGE (0 ,3) PORT 3: Recv/Dropped : 0/2
EDGE (0 ,3) PORT 4: Recv/Dropped : 0/53
EDGE (0 ,3) PORT 5: Recv/Dropped : 0/63
EDGE (0 ,3) PORT 6: Recv/Dropped : 0/52
EDGE (0 ,3) PORT 7: Recv/Dropped : 0/36
EDGE (1 ,0) PORT 0: Recv/Dropped : 0/73
EDGE (1 ,0) PORT 1: Recv/Dropped : 0/75
EDGE (1 ,0) PORT 2: Recv/Dropped : 0/67
EDGE (1 ,0) PORT 3: Recv/Dropped : 0/71
EDGE (1 ,0) PORT 4: Recv/Dropped : 0/64
EDGE (1 ,0) PORT 5: Recv/Dropped : 0/124
EDGE (1 ,0) PORT 6: Recv/Dropped : 0/96
EDGE (1 ,0) PORT 7: Recv/Dropped : 0/114
EDGE (1 ,1) PORT 0: Recv/Dropped : 0/71
EDGE (1 ,1) PORT 1: Recv/Dropped : 0/65
EDGE (1 ,1) PORT 2: Recv/Dropped : 0/2
EDGE (1 ,1) PORT 3: Recv/Dropped : 0/4
EDGE (1 ,1) PORT 4: Recv/Dropped : 0/49
EDGE (1 ,1) PORT 5: Recv/Dropped : 0/48
EDGE (1 ,1) PORT 6: Recv/Dropped : 0/58
EDGE (1 ,1) PORT 7: Recv/Dropped : 0/51
EDGE (1 ,2) PORT 0: Recv/Dropped : 0/65
EDGE (1 ,2) PORT 1: Recv/Dropped : 0/64
EDGE (1 ,2) PORT 2: Recv/Dropped : 0/65
EDGE (1 ,2) PORT 3: Recv/Dropped : 0/64
EDGE (1 ,2) PORT 4: Recv/Dropped : 0/147
EDGE (1 ,2) PORT 5: Recv/Dropped : 0/131
EDGE (1 ,2) PORT 6: Recv/Dropped : 0/62
EDGE (1 ,2) PORT 7: Recv/Dropped : 0/60
EDGE (1 ,3) PORT 0: Recv/Dropped : 0/3
EDGE (1 ,3) PORT 1: Recv/Dropped : 0/3
EDGE (1 ,3) PORT 2: Recv/Dropped : 0/73
EDGE (1 ,3) PORT 3: Recv/Dropped : 0/2
EDGE (1 ,3) PORT 4: Recv/Dropped : 0/16
EDGE (1 ,3) PORT 5: Recv/Dropped : 0/53
EDGE (1 ,3) PORT 6: Recv/Dropped : 0/17
EDGE (1 ,3) PORT 7: Recv/Dropped : 0/27
EDGE (2 ,0) PORT 0: Recv/Dropped : 0/73
EDGE (2 ,0) PORT 1: Recv/Dropped : 0/74
EDGE (2 ,0) PORT 2: Recv/Dropped : 0/2
EDGE (2 ,0) PORT 3: Recv/Dropped : 0/71
EDGE (2 ,0) PORT 4: Recv/Dropped : 0/77
EDGE (2 ,0) PORT 5: Recv/Dropped : 0/96
EDGE (2 ,0) PORT 6: Recv/Dropped : 0/56
EDGE (2 ,0) PORT 7: Recv/Dropped : 0/76
EDGE (2 ,1) PORT 0: Recv/Dropped : 0/73
EDGE (2 ,1) PORT 1: Recv/Dropped : 0/2
EDGE (2 ,1) PORT 2: Recv/Dropped : 0/69
EDGE (2 ,1) PORT 3: Recv/Dropped : 0/64
EDGE (2 ,1) PORT 4: Recv/Dropped : 0/50
EDGE (2 ,1) PORT 5: Recv/Dropped : 0/91
EDGE (2 ,1) PORT 6: Recv/Dropped : 0/73
EDGE (2 ,1) PORT 7: Recv/Dropped : 0/85
EDGE (2 ,2) PORT 0: Recv/Dropped : 0/71
EDGE (2 ,2) PORT 1: Recv/Dropped : 0/67
EDGE (2 ,2) PORT 2: Recv/Dropped : 0/2
EDGE (2 ,2) PORT 3: Recv/Dropped : 0/2
EDGE (2 ,2) PORT 4: Recv/Dropped : 0/103
EDGE (2 ,2) PORT 5: Recv/Dropped : 0/33
EDGE (2 ,2) PORT 6: Recv/Dropped : 0/37
EDGE (2 ,2) PORT 7: Recv/Dropped : 0/41
EDGE (2 ,3) PORT 0: Recv/Dropped : 0/2
EDGE (2 ,3) PORT 1: Recv/Dropped : 0/57
EDGE (2 ,3) PORT 2: Recv/Dropped : 0/70
EDGE (2 ,3) PORT 3: Recv/Dropped : 0/4
EDGE (2 ,3) PORT 4: Recv/Dropped : 0/66
EDGE (2 ,3) PORT 5: Recv/Dropped : 0/40
EDGE (2 ,3) PORT 6: Recv/Dropped : 0/44
EDGE (2 ,3) PORT 7: Recv/Dropped : 0/60
EDGE (3 ,0) PORT 0: Recv/Dropped : 0/75
EDGE (3 ,0) PORT 1: Recv/Dropped : 0/65
EDGE (3 ,0) PORT 2: Recv/Dropped : 0/3
EDGE (3 ,0) PORT 3: Recv/Dropped : 0/2
EDGE (3 ,0) PORT 4: Recv/Dropped : 0/39
EDGE (3 ,0) PORT 5: Recv/Dropped : 0/58
EDGE (3 ,0) PORT 6: Recv/Dropped : 0/64
EDGE (3 ,0) PORT 7: Recv/Dropped : 0/47
EDGE (3 ,1) PORT 0: Recv/Dropped : 0/2
EDGE (3 ,1) PORT 1: Recv/Dropped : 0/3
EDGE (3 ,1) PORT 2: Recv/Dropped : 0/71
EDGE (3 ,1) PORT 3: Recv/Dropped : 0/64
EDGE (3 ,1) PORT 4: Recv/Dropped : 0/60
EDGE (3 ,1) PORT 5: Recv/Dropped : 0/57
EDGE (3 ,1) PORT 6: Recv/Dropped : 0/48
EDGE (3 ,1) PORT 7: Recv/Dropped : 0/46
EDGE (3 ,2) PORT 0: Recv/Dropped : 0/2
EDGE (3 ,2) PORT 1: Recv/Dropped : 0/2
EDGE (3 ,2) PORT 2: Recv/Dropped : 0/2
EDGE (3 ,2) PORT 3: Recv/Dropped : 0/62
EDGE (3 ,2) PORT 4: Recv/Dropped : 0/32
EDGE (3 ,2) PORT 5: Recv/Dropped : 0/35
EDGE (3 ,2) PORT 6: Recv/Dropped : 0/21
EDGE (3 ,2) PORT 7: Recv/Dropped : 0/25
EDGE (3 ,3) PORT 0: Recv/Dropped : 0/2
EDGE (3 ,3) PORT 1: Recv/Dropped : 0/2
EDGE (3 ,3) PORT 2: Recv/Dropped : 0/2
EDGE (3 ,3) PORT 3: Recv/Dropped : 0/71
EDGE (3 ,3) PORT 4: Recv/Dropped : 0/25
EDGE (3 ,3) PORT 5: Recv/Dropped : 0/30
EDGE (3 ,3) PORT 6: Recv/Dropped : 0/48
EDGE (3 ,3) PORT 7: Recv/Dropped : 0/12
EDGE (4 ,0) PORT 0: Recv/Dropped : 0/71
EDGE (4 ,0) PORT 1: Recv/Dropped : 0/2
EDGE (4 ,0) PORT 2: Recv/Dropped : 0/3
EDGE (4 ,0) PORT 3: Recv/Dropped : 0/2
EDGE (4 ,0) PORT 4: Recv/Dropped : 0/41
EDGE (4 ,0) PORT 5: Recv/Dropped : 0/18
EDGE (4 ,0) PORT 6: Recv/Dropped : 0/37
EDGE (4 ,0) PORT 7: Recv/Dropped : 0/17
EDGE (4 ,1) PORT 0: Recv/Dropped : 0/2
EDGE (4 ,1) PORT 1: Recv/Dropped : 0/2
EDGE (4 ,1) PORT 2: Recv/Dropped : 0/64
EDGE (4 ,1) PORT 3: Recv/Dropped : 0/2
EDGE (4 ,1) PORT 4: Recv/Dropped : 0/43
EDGE (4 ,1) PORT 5: Recv/Dropped : 0/29
EDGE (4 ,1) PORT 6: Recv/Dropped : 0/22
EDGE (4 ,1) PORT 7: Recv/Dropped : 0/20
EDGE (4 ,2) PORT 0: Recv/Dropped : 0/2
EDGE (4 ,2) PORT 1: Recv/Dropped : 0/2
EDGE (4 ,2) PORT 2: Recv/Dropped : 0/62
EDGE (4 ,2) PORT 3: Recv/Dropped : 0/2
EDGE (4 ,2) PORT 4: Recv/Dropped : 0/16
EDGE (4 ,2) PORT 5: Recv/Dropped : 0/34
EDGE (4 ,2) PORT 6: Recv/Dropped : 0/34
EDGE (4 ,2) PORT 7: Recv/Dropped : 0/29
EDGE (4 ,3) PORT 0: Recv/Dropped : 0/2
EDGE (4 ,3) PORT 1: Recv/Dropped : 0/63
EDGE (4 ,3) PORT 2: Recv/Dropped : 0/2
EDGE (4 ,3) PORT 3: Recv/Dropped : 0/2
EDGE (4 ,3) PORT 4: Recv/Dropped : 0/46
EDGE (4 ,3) PORT 5: Recv/Dropped : 0/19
EDGE (4 ,3) PORT 6: Recv/Dropped : 0/26
EDGE (4 ,3) PORT 7: Recv/Dropped : 0/24
EDGE (5 ,0) PORT 0: Recv/Dropped : 0/2
EDGE (5 ,0) PORT 1: Recv/Dropped : 0/72
EDGE (5 ,0) PORT 2: Recv/Dropped : 0/2
EDGE (5 ,0) PORT 3: Recv/Dropped : 0/2
EDGE (5 ,0) PORT 4: Recv/Dropped : 0/47
EDGE (5 ,0) PORT 5: Recv/Dropped : 0/28
EDGE (5 ,0) PORT 6: Recv/Dropped : 0/20
EDGE (5 ,0) PORT 7: Recv/Dropped : 0/21
EDGE (5 ,1) PORT 0: Recv/Dropped : 0/66
EDGE (5 ,1) PORT 1: Recv/Dropped : 0/2
EDGE (5 ,1) PORT 2: Recv/Dropped : 0/2
EDGE (5 ,1) PORT 3: Recv/Dropped : 0/2
EDGE (5 ,1) PORT 4: Recv/Dropped : 0/35
EDGE (5 ,1) PORT 5: Recv/Dropped : 0/32
EDGE (5 ,1) PORT 6: Recv/Dropped : 0/16
EDGE (5 ,1) PORT 7: Recv/Dropped : 0/32
EDGE (5 ,2) PORT 0: Recv/Dropped : 0/2
EDGE (5 ,2) PORT 1: Recv/Dropped : 0/2
EDGE (5 ,2) PORT 2: Recv/Dropped : 0/63
EDGE (5 ,2) PORT 3: Recv/Dropped : 0/69
EDGE (5 ,2) PORT 4: Recv/Dropped : 0/60
EDGE (5 ,2) PORT 5: Recv/Dropped : 0/63
EDGE (5 ,2) PORT 6: Recv/Dropped : 0/53
EDGE (5 ,2) PORT 7: Recv/Dropped : 0/35
EDGE (5 ,3) PORT 0: Recv/Dropped : 0/2
EDGE (5 ,3) PORT 1: Recv/Dropped : 0/2
EDGE (5 ,3) PORT 2: Recv/Dropped : 0/63
EDGE (5 ,3) PORT 3: Recv/Dropped : 0/2
EDGE (5 ,3) PORT 4: Recv/Dropped : 0/33
EDGE (5 ,3) PORT 5: Recv/Dropped : 0/30
EDGE (5 ,3) PORT 6: Recv/Dropped : 0/35
EDGE (5 ,3) PORT 7: Recv/Dropped : 0/16
EDGE (6 ,0) PORT 0: Recv/Dropped : 0/2
EDGE (6 ,0) PORT 1: Recv/Dropped : 0/2
EDGE (6 ,0) PORT 2: Recv/Dropped : 0/2
EDGE (6 ,0) PORT 3: Recv/Dropped : 0/70
EDGE (6 ,0) PORT 4: Recv/Dropped : 0/20
EDGE (6 ,0) PORT 5: Recv/Dropped : 0/38
EDGE (6 ,0) PORT 6: Recv/Dropped : 0/28
EDGE (6 ,0) PORT 7: Recv/Dropped : 0/29
EDGE (6 ,1) PORT 0: Recv/Dropped : 0/70
EDGE (6 ,1) PORT 1: Recv/Dropped : 0/2
EDGE (6 ,1) PORT 2: Recv/Dropped : 0/62
EDGE (6 ,1) PORT 3: Recv/Dropped : 0/64
EDGE (6 ,1) PORT 4: Recv/Dropped : 0/138
EDGE (6 ,1) PORT 5: Recv/Dropped : 0/41
EDGE (6 ,1) PORT 6: Recv/Dropped : 0/61
EDGE (6 ,1) PORT 7: Recv/Dropped : 0/69
EDGE (6 ,2) PORT 0: Recv/Dropped : 0/2
EDGE (6 ,2) PORT 1: Recv/Dropped : 0/2
EDGE (6 ,2) PORT 2: Recv/Dropped : 0/64
EDGE (6 ,2) PORT 3: Recv/Dropped : 0/70
EDGE (6 ,2) PORT 4: Recv/Dropped : 0/59
EDGE (6 ,2) PORT 5: Recv/Dropped : 0/46
EDGE (6 ,2) PORT 6: Recv/Dropped : 0/69
EDGE (6 ,2) PORT 7: Recv/Dropped : 0/37
EDGE (6 ,3) PORT 0: Recv/Dropped : 0/2
EDGE (6 ,3) PORT 1: Recv/Dropped : 0/64
EDGE (6 ,3) PORT 2: Recv/Dropped : 0/63
EDGE (6 ,3) PORT 3: Recv/Dropped : 0/2
EDGE (6 ,3) PORT 4: Recv/Dropped : 0/47
EDGE (6 ,3) PORT 5: Recv/Dropped : 0/34
EDGE (6 ,3) PORT 6: Recv/Dropped : 0/55
EDGE (6 ,3) PORT 7: Recv/Dropped : 0/72
EDGE (7 ,0) PORT 0: Recv/Dropped : 0/2
EDGE (7 ,0) PORT 1: Recv/Dropped : 0/2
EDGE (7 ,0) PORT 2: Recv/Dropped : 0/2
EDGE (7 ,0) PORT 3: Recv/Dropped : 0/70
EDGE (7 ,0) PORT 4: Recv/Dropped : 0/32
EDGE (7 ,0) PORT 5: Recv/Dropped : 0/30
EDGE (7 ,0) PORT 6: Recv/Dropped : 0/31
EDGE (7 ,0) PORT 7: Recv/Dropped : 0/25
EDGE (7 ,1) PORT 0: Recv/Dropped : 0/64
EDGE (7 ,1) PORT 1: Recv/Dropped : 0/2
EDGE (7 ,1) PORT 2: Recv/Dropped : 0/2
EDGE (7 ,1) PORT 3: Recv/Dropped : 0/70
EDGE (7 ,1) PORT 4: Recv/Dropped : 0/48
EDGE (7 ,1) PORT 5: Recv/Dropped : 0/48
EDGE (7 ,1) PORT 6: Recv/Dropped : 0/55
EDGE (7 ,1) PORT 7: Recv/Dropped : 0/60
EDGE (7 ,2) PORT 0: Recv/Dropped : 0/64
EDGE (7 ,2) PORT 1: Recv/Dropped : 0/62
EDGE (7 ,2) PORT 2: Recv/Dropped : 0/64
EDGE (7 ,2) PORT 3: Recv/Dropped : 0/62
EDGE (7 ,2) PORT 4: Recv/Dropped : 0/107
EDGE (7 ,2) PORT 5: Recv/Dropped : 0/96
EDGE (7 ,2) PORT 6: Recv/Dropped : 0/111
EDGE (7 ,2) PORT 7: Recv/Dropped : 0/80
EDGE (7 ,3) PORT 0: Recv/Dropped : 0/64
EDGE (7 ,3) PORT 1: Recv/Dropped : 0/2
EDGE (7 ,3) PORT 2: Recv/Dropped : 0/2
EDGE (7 ,3) PORT 3: Recv/Dropped : 0/70
EDGE (7 ,3) PORT 4: Recv/Dropped : 0/55
EDGE (7 ,3) PORT 5: Recv/Dropped : 0/51
EDGE (7 ,3) PORT 6: Recv/Dropped : 0/49
EDGE (7 ,3) PORT 7: Recv/Dropped : 0/56
 -- AGG QUEUE STATISTICS --
AGG (0 ,0) PORT 0: Recv/Dropped : 0/1795
AGG (0 ,0) PORT 1: Recv/Dropped : 0/1722
AGG (0 ,0) PORT 2: Recv/Dropped : 0/1599
AGG (0 ,0) PORT 3: Recv/Dropped : 0/1460
AGG (0 ,0) PORT 4: Recv/Dropped : 0/251
AGG (0 ,0) PORT 5: Recv/Dropped : 0/206
AGG (0 ,0) PORT 6: Recv/Dropped : 0/201
AGG (0 ,0) PORT 7: Recv/Dropped : 0/213
AGG (0 ,1) PORT 0: Recv/Dropped : 0/65
AGG (0 ,1) PORT 1: Recv/Dropped : 0/97
AGG (0 ,1) PORT 2: Recv/Dropped : 0/55
AGG (0 ,1) PORT 3: Recv/Dropped : 0/86
AGG (0 ,1) PORT 4: Recv/Dropped : 0/285
AGG (0 ,1) PORT 5: Recv/Dropped : 0/299
AGG (0 ,1) PORT 6: Recv/Dropped : 0/228
AGG (0 ,1) PORT 7: Recv/Dropped : 0/263
AGG (0 ,2) PORT 0: Recv/Dropped : 0/83
AGG (0 ,2) PORT 1: Recv/Dropped : 0/58
AGG (0 ,2) PORT 2: Recv/Dropped : 0/40
AGG (0 ,2) PORT 3: Recv/Dropped : 0/85
AGG (0 ,2) PORT 4: Recv/Dropped : 0/260
AGG (0 ,2) PORT 5: Recv/Dropped : 0/236
AGG (0 ,2) PORT 6: Recv/Dropped : 0/203
AGG (0 ,2) PORT 7: Recv/Dropped : 0/223
AGG (0 ,3) PORT 0: Recv/Dropped : 0/35
AGG (0 ,3) PORT 1: Recv/Dropped : 0/30
AGG (0 ,3) PORT 2: Recv/Dropped : 0/34
AGG (0 ,3) PORT 3: Recv/Dropped : 0/40
AGG (0 ,3) PORT 4: Recv/Dropped : 0/191
AGG (0 ,3) PORT 5: Recv/Dropped : 0/183
AGG (0 ,3) PORT 6: Recv/Dropped : 0/195
AGG (0 ,3) PORT 7: Recv/Dropped : 0/250
AGG (1 ,0) PORT 0: Recv/Dropped : 0/67
AGG (1 ,0) PORT 1: Recv/Dropped : 0/77
AGG (1 ,0) PORT 2: Recv/Dropped : 0/71
AGG (1 ,0) PORT 3: Recv/Dropped : 0/71
AGG (1 ,0) PORT 4: Recv/Dropped : 0/139
AGG (1 ,0) PORT 5: Recv/Dropped : 0/49
AGG (1 ,0) PORT 6: Recv/Dropped : 0/41
AGG (1 ,0) PORT 7: Recv/Dropped : 0/47
AGG (1 ,1) PORT 0: Recv/Dropped : 0/27
AGG (1 ,1) PORT 1: Recv/Dropped : 0/43
AGG (1 ,1) PORT 2: Recv/Dropped : 0/29
AGG (1 ,1) PORT 3: Recv/Dropped : 0/43
AGG (1 ,1) PORT 4: Recv/Dropped : 0/69
AGG (1 ,1) PORT 5: Recv/Dropped : 0/70
AGG (1 ,1) PORT 6: Recv/Dropped : 0/154
AGG (1 ,1) PORT 7: Recv/Dropped : 0/63
AGG (1 ,2) PORT 0: Recv/Dropped : 0/49
AGG (1 ,2) PORT 1: Recv/Dropped : 0/83
AGG (1 ,2) PORT 2: Recv/Dropped : 0/97
AGG (1 ,2) PORT 3: Recv/Dropped : 0/29
AGG (1 ,2) PORT 4: Recv/Dropped : 0/45
AGG (1 ,2) PORT 5: Recv/Dropped : 0/72
AGG (1 ,2) PORT 6: Recv/Dropped : 0/69
AGG (1 ,2) PORT 7: Recv/Dropped : 0/47
AGG (1 ,3) PORT 0: Recv/Dropped : 0/17
AGG (1 ,3) PORT 1: Recv/Dropped : 0/25
AGG (1 ,3) PORT 2: Recv/Dropped : 0/27
AGG (1 ,3) PORT 3: Recv/Dropped : 0/12
AGG (1 ,3) PORT 4: Recv/Dropped : 0/46
AGG (1 ,3) PORT 5: Recv/Dropped : 0/93
AGG (1 ,3) PORT 6: Recv/Dropped : 0/66
AGG (1 ,3) PORT 7: Recv/Dropped : 0/47
AGG (2 ,0) PORT 0: Recv/Dropped : 0/50
AGG (2 ,0) PORT 1: Recv/Dropped : 0/71
AGG (2 ,0) PORT 2: Recv/Dropped : 0/52
AGG (2 ,0) PORT 3: Recv/Dropped : 0/47
AGG (2 ,0) PORT 4: Recv/Dropped : 0/60
AGG (2 ,0) PORT 5: Recv/Dropped : 0/43
AGG (2 ,0) PORT 6: Recv/Dropped : 0/136
AGG (2 ,0) PORT 7: Recv/Dropped : 0/57
AGG (2 ,1) PORT 0: Recv/Dropped : 0/59
AGG (2 ,1) PORT 1: Recv/Dropped : 0/52
AGG (2 ,1) PORT 2: Recv/Dropped : 0/54
AGG (2 ,1) PORT 3: Recv/Dropped : 0/43
AGG (2 ,1) PORT 4: Recv/Dropped : 0/61
AGG (2 ,1) PORT 5: Recv/Dropped : 0/63
AGG (2 ,1) PORT 6: Recv/Dropped : 0/50
AGG (2 ,1) PORT 7: Recv/Dropped : 0/86
AGG (2 ,2) PORT 0: Recv/Dropped : 0/17
AGG (2 ,2) PORT 1: Recv/Dropped : 0/82
AGG (2 ,2) PORT 2: Recv/Dropped : 0/30
AGG (2 ,2) PORT 3: Recv/Dropped : 0/13
AGG (2 ,2) PORT 4: Recv/Dropped : 0/48
AGG (2 ,2) PORT 5: Recv/Dropped : 0/34
AGG (2 ,2) PORT 6: Recv/Dropped : 0/82
AGG (2 ,2) PORT 7: Recv/Dropped : 0/46
AGG (2 ,3) PORT 0: Recv/Dropped : 0/31
AGG (2 ,3) PORT 1: Recv/Dropped : 0/45
AGG (2 ,3) PORT 2: Recv/Dropped : 0/32
AGG (2 ,3) PORT 3: Recv/Dropped : 0/25
AGG (2 ,3) PORT 4: Recv/Dropped : 0/61
AGG (2 ,3) PORT 5: Recv/Dropped : 0/47
AGG (2 ,3) PORT 6: Recv/Dropped : 0/103
AGG (2 ,3) PORT 7: Recv/Dropped : 0/51
AGG (3 ,0) PORT 0: Recv/Dropped : 0/49
AGG (3 ,0) PORT 1: Recv/Dropped : 0/41
AGG (3 ,0) PORT 2: Recv/Dropped : 0/20
AGG (3 ,0) PORT 3: Recv/Dropped : 0/35
AGG (3 ,0) PORT 4: Recv/Dropped : 0/46
AGG (3 ,0) PORT 5: Recv/Dropped : 0/30
AGG (3 ,0) PORT 6: Recv/Dropped : 0/44
AGG (3 ,0) PORT 7: Recv/Dropped : 0/36
AGG (3 ,1) PORT 0: Recv/Dropped : 0/36
AGG (3 ,1) PORT 1: Recv/Dropped : 0/49
AGG (3 ,1) PORT 2: Recv/Dropped : 0/27
AGG (3 ,1) PORT 3: Recv/Dropped : 0/28
AGG (3 ,1) PORT 4: Recv/Dropped : 0/48
AGG (3 ,1) PORT 5: Recv/Dropped : 0/43
AGG (3 ,1) PORT 6: Recv/Dropped : 0/36
AGG (3 ,1) PORT 7: Recv/Dropped : 0/53
AGG (3 ,2) PORT 0: Recv/Dropped : 0/12
AGG (3 ,2) PORT 1: Recv/Dropped : 0/17
AGG (3 ,2) PORT 2: Recv/Dropped : 0/18
AGG (3 ,2) PORT 3: Recv/Dropped : 0/21
AGG (3 ,2) PORT 4: Recv/Dropped : 0/67
AGG (3 ,2) PORT 5: Recv/Dropped : 0/30
AGG (3 ,2) PORT 6: Recv/Dropped : 0/43
AGG (3 ,2) PORT 7: Recv/Dropped : 0/41
AGG (3 ,3) PORT 0: Recv/Dropped : 0/28
AGG (3 ,3) PORT 1: Recv/Dropped : 0/27
AGG (3 ,3) PORT 2: Recv/Dropped : 0/12
AGG (3 ,3) PORT 3: Recv/Dropped : 0/10
AGG (3 ,3) PORT 4: Recv/Dropped : 0/22
AGG (3 ,3) PORT 5: Recv/Dropped : 0/31
AGG (3 ,3) PORT 6: Recv/Dropped : 0/56
AGG (3 ,3) PORT 7: Recv/Dropped : 0/21
AGG (4 ,0) PORT 0: Recv/Dropped : 0/6
AGG (4 ,0) PORT 1: Recv/Dropped : 0/23
AGG (4 ,0) PORT 2: Recv/Dropped : 0/30
AGG (4 ,0) PORT 3: Recv/Dropped : 0/19
AGG (4 ,0) PORT 4: Recv/Dropped : 0/45
AGG (4 ,0) PORT 5: Recv/Dropped : 0/15
AGG (4 ,0) PORT 6: Recv/Dropped : 0/44
AGG (4 ,0) PORT 7: Recv/Dropped : 0/42
AGG (4 ,1) PORT 0: Recv/Dropped : 0/17
AGG (4 ,1) PORT 1: Recv/Dropped : 0/20
AGG (4 ,1) PORT 2: Recv/Dropped : 0/18
AGG (4 ,1) PORT 3: Recv/Dropped : 0/15
AGG (4 ,1) PORT 4: Recv/Dropped : 0/38
AGG (4 ,1) PORT 5: Recv/Dropped : 0/26
AGG (4 ,1) PORT 6: Recv/Dropped : 0/21
AGG (4 ,1) PORT 7: Recv/Dropped : 0/15
AGG (4 ,2) PORT 0: Recv/Dropped : 0/20
AGG (4 ,2) PORT 1: Recv/Dropped : 0/15
AGG (4 ,2) PORT 2: Recv/Dropped : 0/16
AGG (4 ,2) PORT 3: Recv/Dropped : 0/17
AGG (4 ,2) PORT 4: Recv/Dropped : 0/26
AGG (4 ,2) PORT 5: Recv/Dropped : 0/42
AGG (4 ,2) PORT 6: Recv/Dropped : 0/24
AGG (4 ,2) PORT 7: Recv/Dropped : 0/27
AGG (4 ,3) PORT 0: Recv/Dropped : 0/18
AGG (4 ,3) PORT 1: Recv/Dropped : 0/13
AGG (4 ,3) PORT 2: Recv/Dropped : 0/19
AGG (4 ,3) PORT 3: Recv/Dropped : 0/19
AGG (4 ,3) PORT 4: Recv/Dropped : 0/30
AGG (4 ,3) PORT 5: Recv/Dropped : 0/18
AGG (4 ,3) PORT 6: Recv/Dropped : 0/16
AGG (4 ,3) PORT 7: Recv/Dropped : 0/26
AGG (5 ,0) PORT 0: Recv/Dropped : 0/16
AGG (5 ,0) PORT 1: Recv/Dropped : 0/19
AGG (5 ,0) PORT 2: Recv/Dropped : 0/35
AGG (5 ,0) PORT 3: Recv/Dropped : 0/8
AGG (5 ,0) PORT 4: Recv/Dropped : 0/36
AGG (5 ,0) PORT 5: Recv/Dropped : 0/52
AGG (5 ,0) PORT 6: Recv/Dropped : 0/42
AGG (5 ,0) PORT 7: Recv/Dropped : 0/45
AGG (5 ,1) PORT 0: Recv/Dropped : 0/11
AGG (5 ,1) PORT 1: Recv/Dropped : 0/27
AGG (5 ,1) PORT 2: Recv/Dropped : 0/18
AGG (5 ,1) PORT 3: Recv/Dropped : 0/16
AGG (5 ,1) PORT 4: Recv/Dropped : 0/30
AGG (5 ,1) PORT 5: Recv/Dropped : 0/38
AGG (5 ,1) PORT 6: Recv/Dropped : 0/63
AGG (5 ,1) PORT 7: Recv/Dropped : 0/22
AGG (5 ,2) PORT 0: Recv/Dropped : 0/32
AGG (5 ,2) PORT 1: Recv/Dropped : 0/43
AGG (5 ,2) PORT 2: Recv/Dropped : 0/39
AGG (5 ,2) PORT 3: Recv/Dropped : 0/22
AGG (5 ,2) PORT 4: Recv/Dropped : 0/27
AGG (5 ,2) PORT 5: Recv/Dropped : 0/33
AGG (5 ,2) PORT 6: Recv/Dropped : 0/35
AGG (5 ,2) PORT 7: Recv/Dropped : 0/29
AGG (5 ,3) PORT 0: Recv/Dropped : 0/18
AGG (5 ,3) PORT 1: Recv/Dropped : 0/22
AGG (5 ,3) PORT 2: Recv/Dropped : 0/14
AGG (5 ,3) PORT 3: Recv/Dropped : 0/15
AGG (5 ,3) PORT 4: Recv/Dropped : 0/19
AGG (5 ,3) PORT 5: Recv/Dropped : 0/38
AGG (5 ,3) PORT 6: Recv/Dropped : 0/25
AGG (5 ,3) PORT 7: Recv/Dropped : 0/22
AGG (6 ,0) PORT 0: Recv/Dropped : 0/7
AGG (6 ,0) PORT 1: Recv/Dropped : 0/21
AGG (6 ,0) PORT 2: Recv/Dropped : 0/27
AGG (6 ,0) PORT 3: Recv/Dropped : 0/21
AGG (6 ,0) PORT 4: Recv/Dropped : 0/23
AGG (6 ,0) PORT 5: Recv/Dropped : 0/52
AGG (6 ,0) PORT 6: Recv/Dropped : 0/129
AGG (6 ,0) PORT 7: Recv/Dropped : 0/60
AGG (6 ,1) PORT 0: Recv/Dropped : 0/51
AGG (6 ,1) PORT 1: Recv/Dropped : 0/31
AGG (6 ,1) PORT 2: Recv/Dropped : 0/28
AGG (6 ,1) PORT 3: Recv/Dropped : 0/88
AGG (6 ,1) PORT 4: Recv/Dropped : 0/20
AGG (6 ,1) PORT 5: Recv/Dropped : 0/34
AGG (6 ,1) PORT 6: Recv/Dropped : 0/55
AGG (6 ,1) PORT 7: Recv/Dropped : 0/50
AGG (6 ,2) PORT 0: Recv/Dropped : 0/36
AGG (6 ,2) PORT 1: Recv/Dropped : 0/38
AGG (6 ,2) PORT 2: Recv/Dropped : 0/29
AGG (6 ,2) PORT 3: Recv/Dropped : 0/35
AGG (6 ,2) PORT 4: Recv/Dropped : 0/44
AGG (6 ,2) PORT 5: Recv/Dropped : 0/72
AGG (6 ,2) PORT 6: Recv/Dropped : 0/48
AGG (6 ,2) PORT 7: Recv/Dropped : 0/49
AGG (6 ,3) PORT 0: Recv/Dropped : 0/29
AGG (6 ,3) PORT 1: Recv/Dropped : 0/34
AGG (6 ,3) PORT 2: Recv/Dropped : 0/31
AGG (6 ,3) PORT 3: Recv/Dropped : 0/37
AGG (6 ,3) PORT 4: Recv/Dropped : 0/46
AGG (6 ,3) PORT 5: Recv/Dropped : 0/63
AGG (6 ,3) PORT 6: Recv/Dropped : 0/54
AGG (6 ,3) PORT 7: Recv/Dropped : 0/44
AGG (7 ,0) PORT 0: Recv/Dropped : 0/25
AGG (7 ,0) PORT 1: Recv/Dropped : 0/15
AGG (7 ,0) PORT 2: Recv/Dropped : 0/18
AGG (7 ,0) PORT 3: Recv/Dropped : 0/18
AGG (7 ,0) PORT 4: Recv/Dropped : 0/59
AGG (7 ,0) PORT 5: Recv/Dropped : 0/63
AGG (7 ,0) PORT 6: Recv/Dropped : 0/77
AGG (7 ,0) PORT 7: Recv/Dropped : 0/43
AGG (7 ,1) PORT 0: Recv/Dropped : 0/37
AGG (7 ,1) PORT 1: Recv/Dropped : 0/31
AGG (7 ,1) PORT 2: Recv/Dropped : 0/40
AGG (7 ,1) PORT 3: Recv/Dropped : 0/30
AGG (7 ,1) PORT 4: Recv/Dropped : 0/69
AGG (7 ,1) PORT 5: Recv/Dropped : 0/45
AGG (7 ,1) PORT 6: Recv/Dropped : 0/45
AGG (7 ,1) PORT 7: Recv/Dropped : 0/66
AGG (7 ,2) PORT 0: Recv/Dropped : 0/65
AGG (7 ,2) PORT 1: Recv/Dropped : 0/76
AGG (7 ,2) PORT 2: Recv/Dropped : 0/60
AGG (7 ,2) PORT 3: Recv/Dropped : 0/51
AGG (7 ,2) PORT 4: Recv/Dropped : 0/70
AGG (7 ,2) PORT 5: Recv/Dropped : 0/59
AGG (7 ,2) PORT 6: Recv/Dropped : 0/45
AGG (7 ,2) PORT 7: Recv/Dropped : 0/72
AGG (7 ,3) PORT 0: Recv/Dropped : 0/41
AGG (7 ,3) PORT 1: Recv/Dropped : 0/35
AGG (7 ,3) PORT 2: Recv/Dropped : 0/31
AGG (7 ,3) PORT 3: Recv/Dropped : 0/31
AGG (7 ,3) PORT 4: Recv/Dropped : 0/66
AGG (7 ,3) PORT 5: Recv/Dropped : 0/57
AGG (7 ,3) PORT 6: Recv/Dropped : 0/57
AGG (7 ,3) PORT 7: Recv/Dropped : 0/41


TOTAL RECEIVED PACKETS = 42370
TOTAL DROPPED PACKETS = 348