QUEUE STATISTICS FOR EXPERIMENT 8475
---------------------------
 -- EDGE QUEUE STATISTICS --
EDGE (0 ,0) PORT 0: Recv/Dropped : 466/5812
EDGE (0 ,0) PORT 1: Recv/Dropped : 0/73
EDGE (0 ,0) PORT 2: Recv/Dropped : 0/83
EDGE (0 ,0) PORT 3: Recv/Dropped : 0/78
EDGE (0 ,0) PORT 4: Recv/Dropped : 0/1059
EDGE (0 ,0) PORT 5: Recv/Dropped : 0/1101
EDGE (0 ,0) PORT 6: Recv/Dropped : 0/1011
EDGE (0 ,0) PORT 7: Recv/Dropped : 0/993
EDGE (0 ,1) PORT 0: Recv/Dropped : 0/85
EDGE (0 ,1) PORT 1: Recv/Dropped : 0/79
EDGE (0 ,1) PORT 2: Recv/Dropped : 0/81
EDGE (0 ,1) PORT 3: Recv/Dropped : 0/76
EDGE (0 ,1) PORT 4: Recv/Dropped : 0/94
EDGE (0 ,1) PORT 5: Recv/Dropped : 0/96
EDGE (0 ,1) PORT 6: Recv/Dropped : 0/103
EDGE (0 ,1) PORT 7: Recv/Dropped : 0/113
EDGE (0 ,2) PORT 0: Recv/Dropped : 0/2
EDGE (0 ,2) PORT 1: Recv/Dropped : 0/2
EDGE (0 ,2) PORT 2: Recv/Dropped : 0/75
EDGE (0 ,2) PORT 3: Recv/Dropped : 0/80
EDGE (0 ,2) PORT 4: Recv/Dropped : 0/42
EDGE (0 ,2) PORT 5: Recv/Dropped : 0/65
EDGE (0 ,2) PORT 6: Recv/Dropped : 0/54
EDGE (0 ,2) PORT 7: Recv/Dropped : 0/47
EDGE (0 ,3) PORT 0: Recv/Dropped : 0/2
EDGE (0 ,3) PORT 1: Recv/Dropped : 0/73
EDGE (0 ,3) PORT 2: Recv/Dropped : 0/75
EDGE (0 ,3) PORT 3: Recv/Dropped : 0/2
EDGE (0 ,3) PORT 4: Recv/Dropped : 0/54
EDGE (0 ,3) PORT 5: Recv/Dropped : 0/58
EDGE (0 ,3) PORT 6: Recv/Dropped : 0/52
EDGE (0 ,3) PORT 7: Recv/Dropped : 0/49
EDGE (1 ,0) PORT 0: Recv/Dropped : 0/71
EDGE (1 ,0) PORT 1: Recv/Dropped : 0/77
EDGE (1 ,0) PORT 2: Recv/Dropped : 0/2
EDGE (1 ,0) PORT 3: Recv/Dropped : 0/72
EDGE (1 ,0) PORT 4: Recv/Dropped : 0/74
EDGE (1 ,0) PORT 5: Recv/Dropped : 0/84
EDGE (1 ,0) PORT 6: Recv/Dropped : 0/67
EDGE (1 ,0) PORT 7: Recv/Dropped : 0/86
EDGE (1 ,1) PORT 0: Recv/Dropped : 0/66
EDGE (1 ,1) PORT 1: Recv/Dropped : 0/70
EDGE (1 ,1) PORT 2: Recv/Dropped : 0/2
EDGE (1 ,1) PORT 3: Recv/Dropped : 0/67
EDGE (1 ,1) PORT 4: Recv/Dropped : 0/69
EDGE (1 ,1) PORT 5: Recv/Dropped : 0/76
EDGE (1 ,1) PORT 6: Recv/Dropped : 0/83
EDGE (1 ,1) PORT 7: Recv/Dropped : 0/80
EDGE (1 ,2) PORT 0: Recv/Dropped : 0/4
EDGE (1 ,2) PORT 1: Recv/Dropped : 0/2
EDGE (1 ,2) PORT 2: Recv/Dropped : 0/77
EDGE (1 ,2) PORT 3: Recv/Dropped : 0/2
EDGE (1 ,2) PORT 4: Recv/Dropped : 0/34
EDGE (1 ,2) PORT 5: Recv/Dropped : 0/25
EDGE (1 ,2) PORT 6: Recv/Dropped : 0/29
EDGE (1 ,2) PORT 7: Recv/Dropped : 0/28
EDGE (1 ,3) PORT 0: Recv/Dropped : 0/73
EDGE (1 ,3) PORT 1: Recv/Dropped : 0/2
EDGE (1 ,3) PORT 2: Recv/Dropped : 0/63
EDGE (1 ,3) PORT 3: Recv/Dropped : 0/2
EDGE (1 ,3) PORT 4: Recv/Dropped : 0/57
EDGE (1 ,3) PORT 5: Recv/Dropped : 0/45
EDGE (1 ,3) PORT 6: Recv/Dropped : 0/49
EDGE (1 ,3) PORT 7: Recv/Dropped : 0/59
EDGE (2 ,0) PORT 0: Recv/Dropped : 0/77
EDGE (2 ,0) PORT 1: Recv/Dropped : 0/70
EDGE (2 ,0) PORT 2: Recv/Dropped : 0/68
EDGE (2 ,0) PORT 3: Recv/Dropped : 0/67
EDGE (2 ,0) PORT 4: Recv/Dropped : 0/89
EDGE (2 ,0) PORT 5: Recv/Dropped : 0/110
EDGE (2 ,0) PORT 6: Recv/Dropped : 0/97
EDGE (2 ,0) PORT 7: Recv/Dropped : 0/111
EDGE (2 ,1) PORT 0: Recv/Dropped : 0/79
EDGE (2 ,1) PORT 1: Recv/Dropped : 0/2
EDGE (2 ,1) PORT 2: Recv/Dropped : 0/2
EDGE (2 ,1) PORT 3: Recv/Dropped : 0/72
EDGE (2 ,1) PORT 4: Recv/Dropped : 0/44
EDGE (2 ,1) PORT 5: Recv/Dropped : 0/55
EDGE (2 ,1) PORT 6: Recv/Dropped : 0/48
EDGE (2 ,1) PORT 7: Recv/Dropped : 0/62
EDGE (2 ,2) PORT 0: Recv/Dropped : 0/81
EDGE (2 ,2) PORT 1: Recv/Dropped : 0/2
EDGE (2 ,2) PORT 2: Recv/Dropped : 0/0
EDGE (2 ,2) PORT 3: Recv/Dropped : 0/0
EDGE (2 ,2) PORT 4: Recv/Dropped : 0/22
EDGE (2 ,2) PORT 5: Recv/Dropped : 0/26
EDGE (2 ,2) PORT 6: Recv/Dropped : 0/33
EDGE (2 ,2) PORT 7: Recv/Dropped : 0/30
EDGE (2 ,3) PORT 0: Recv/Dropped : 0/69
EDGE (2 ,3) PORT 1: Recv/Dropped : 0/0
EDGE (2 ,3) PORT 2: Recv/Dropped : 0/68
EDGE (2 ,3) PORT 3: Recv/Dropped : 0/0
EDGE (2 ,3) PORT 4: Recv/Dropped : 0/44
EDGE (2 ,3) PORT 5: Recv/Dropped : 0/54
EDGE (2 ,3) PORT 6: Recv/Dropped : 0/43
EDGE (2 ,3) PORT 7: Recv/Dropped : 0/67
EDGE (3 ,0) PORT 0: Recv/Dropped : 0/70
EDGE (3 ,0) PORT 1: Recv/Dropped : 0/69
EDGE (3 ,0) PORT 2: Recv/Dropped : 0/2
EDGE (3 ,0) PORT 3: Recv/Dropped : 0/2
EDGE (3 ,0) PORT 4: Recv/Dropped : 0/49
EDGE (3 ,0) PORT 5: Recv/Dropped : 0/64
EDGE (3 ,0) PORT 6: Recv/Dropped : 0/54
EDGE (3 ,0) PORT 7: Recv/Dropped : 0/43
EDGE (3 ,1) PORT 0: Recv/Dropped : 0/2
EDGE (3 ,1) PORT 1: Recv/Dropped : 0/0
EDGE (3 ,1) PORT 2: Recv/Dropped : 0/69
EDGE (3 ,1) PORT 3: Recv/Dropped : 0/77
EDGE (3 ,1) PORT 4: Recv/Dropped : 0/60
EDGE (3 ,1) PORT 5: Recv/Dropped : 0/51
EDGE (3 ,1) PORT 6: Recv/Dropped : 0/52
EDGE (3 ,1) PORT 7: Recv/Dropped : 0/51
EDGE (3 ,2) PORT 0: Recv/Dropped : 0/0
EDGE (3 ,2) PORT 1: Recv/Dropped : 0/2
EDGE (3 ,2) PORT 2: Recv/Dropped : 0/2
EDGE (3 ,2) PORT 3: Recv/Dropped : 0/2
EDGE (3 ,2) PORT 4: Recv/Dropped : 0/6
EDGE (3 ,2) PORT 5: Recv/Dropped : 0/8
EDGE (3 ,2) PORT 6: Recv/Dropped : 0/5
EDGE (3 ,2) PORT 7: Recv/Dropped : 0/2
EDGE (3 ,3) PORT 0: Recv/Dropped : 0/70
EDGE (3 ,3) PORT 1: Recv/Dropped : 0/2
EDGE (3 ,3) PORT 2: Recv/Dropped : 0/0
EDGE (3 ,3) PORT 3: Recv/Dropped : 0/70
EDGE (3 ,3) PORT 4: Recv/Dropped : 0/51
EDGE (3 ,3) PORT 5: Recv/Dropped : 0/52
EDGE (3 ,3) PORT 6: Recv/Dropped : 0/58
EDGE (3 ,3) PORT 7: Recv/Dropped : 0/53
EDGE (4 ,0) PORT 0: Recv/Dropped : 0/2
EDGE (4 ,0) PORT 1: Recv/Dropped : 0/2
EDGE (4 ,0) PORT 2: Recv/Dropped : 0/2
EDGE (4 ,0) PORT 3: Recv/Dropped : 0/74
EDGE (4 ,0) PORT 4: Recv/Dropped : 0/31
EDGE (4 ,0) PORT 5: Recv/Dropped : 0/27
EDGE (4 ,0) PORT 6: Recv/Dropped : 0/31
EDGE (4 ,0) PORT 7: Recv/Dropped : 0/26
EDGE (4 ,1) PORT 0: Recv/Dropped : 0/85
EDGE (4 ,1) PORT 1: Recv/Dropped : 0/2
EDGE (4 ,1) PORT 2: Recv/Dropped : 0/0
EDGE (4 ,1) PORT 3: Recv/Dropped : 0/2
EDGE (4 ,1) PORT 4: Recv/Dropped : 0/33
EDGE (4 ,1) PORT 5: Recv/Dropped : 0/29
EDGE (4 ,1) PORT 6: Recv/Dropped : 0/27
EDGE (4 ,1) PORT 7: Recv/Dropped : 0/25
EDGE (4 ,2) PORT 0: Recv/Dropped : 0/0
EDGE (4 ,2) PORT 1: Recv/Dropped : 0/0
EDGE (4 ,2) PORT 2: Recv/Dropped : 0/2
EDGE (4 ,2) PORT 3: Recv/Dropped : 0/69
EDGE (4 ,2) PORT 4: Recv/Dropped : 0/23
EDGE (4 ,2) PORT 5: Recv/Dropped : 0/25
EDGE (4 ,2) PORT 6: Recv/Dropped : 0/35
EDGE (4 ,2) PORT 7: Recv/Dropped : 0/29
EDGE (4 ,3) PORT 0: Recv/Dropped : 0/0
EDGE (4 ,3) PORT 1: Recv/Dropped : 0/82
EDGE (4 ,3) PORT 2: Recv/Dropped : 0/68
EDGE (4 ,3) PORT 3: Recv/Dropped : 0/77
EDGE (4 ,3) PORT 4: Recv/Dropped : 0/97
EDGE (4 ,3) PORT 5: Recv/Dropped : 0/71
EDGE (4 ,3) PORT 6: Recv/Dropped : 0/63
EDGE (4 ,3) PORT 7: Recv/Dropped : 0/79
EDGE (5 ,0) PORT 0: Recv/Dropped : 0/64
EDGE (5 ,0) PORT 1: Recv/Dropped : 0/2
EDGE (5 ,0) PORT 2: Recv/Dropped : 0/2
EDGE (5 ,0) PORT 3: Recv/Dropped : 0/79
EDGE (5 ,0) PORT 4: Recv/Dropped : 0/57
EDGE (5 ,0) PORT 5: Recv/Dropped : 0/55
EDGE (5 ,0) PORT 6: Recv/Dropped : 0/52
EDGE (5 ,0) PORT 7: Recv/Dropped : 0/53
EDGE (5 ,1) PORT 0: Recv/Dropped : 0/69
EDGE (5 ,1) PORT 1: Recv/Dropped : 0/81
EDGE (5 ,1) PORT 2: Recv/Dropped : 0/2
EDGE (5 ,1) PORT 3: Recv/Dropped : 0/0
EDGE (5 ,1) PORT 4: Recv/Dropped : 0/52
EDGE (5 ,1) PORT 5: Recv/Dropped : 0/51
EDGE (5 ,1) PORT 6: Recv/Dropped : 0/55
EDGE (5 ,1) PORT 7: Recv/Dropped : 0/51
EDGE (5 ,2) PORT 0: Recv/Dropped : 0/2
EDGE (5 ,2) PORT 1: Recv/Dropped : 0/67
EDGE (5 ,2) PORT 2: Recv/Dropped : 0/0
EDGE (5 ,2) PORT 3: Recv/Dropped : 0/2
EDGE (5 ,2) PORT 4: Recv/Dropped : 0/33
EDGE (5 ,2) PORT 5: Recv/Dropped : 0/35
EDGE (5 ,2) PORT 6: Recv/Dropped : 0/26
EDGE (5 ,2) PORT 7: Recv/Dropped : 0/24
EDGE (5 ,3) PORT 0: Recv/Dropped : 0/2
EDGE (5 ,3) PORT 1: Recv/Dropped : 0/2
EDGE (5 ,3) PORT 2: Recv/Dropped : 0/0
EDGE (5 ,3) PORT 3: Recv/Dropped : 0/2
EDGE (5 ,3) PORT 4: Recv/Dropped : 0/6
EDGE (5 ,3) PORT 5: Recv/Dropped : 0/6
EDGE (5 ,3) PORT 6: Recv/Dropped : 0/7
EDGE (5 ,3) PORT 7: Recv/Dropped : 0/1
EDGE (6 ,0) PORT 0: Recv/Dropped : 0/2
EDGE (6 ,0) PORT 1: Recv/Dropped : 0/75
EDGE (6 ,0) PORT 2: Recv/Dropped : 0/2
EDGE (6 ,0) PORT 3: Recv/Dropped : 0/0
EDGE (6 ,0) PORT 4: Recv/Dropped : 0/24
EDGE (6 ,0) PORT 5: Recv/Dropped : 0/26
EDGE (6 ,0) PORT 6: Recv/Dropped : 0/38
EDGE (6 ,0) PORT 7: Recv/Dropped : 0/25
EDGE (6 ,1) PORT 0: Recv/Dropped : 0/70
EDGE (6 ,1) PORT 1: Recv/Dropped : 0/2
EDGE (6 ,1) PORT 2: Recv/Dropped : 0/0
EDGE (6 ,1) PORT 3: Recv/Dropped : 0/69
EDGE (6 ,1) PORT 4: Recv/Dropped : 0/49
EDGE (6 ,1) PORT 5: Recv/Dropped : 0/56
EDGE (6 ,1) PORT 6: Recv/Dropped : 0/46
EDGE (6 ,1) PORT 7: Recv/Dropped : 0/61
EDGE (6 ,2) PORT 0: Recv/Dropped : 0/3
EDGE (6 ,2) PORT 1: Recv/Dropped : 0/2
EDGE (6 ,2) PORT 2: Recv/Dropped : 0/70
EDGE (6 ,2) PORT 3: Recv/Dropped : 0/2
EDGE (6 ,2) PORT 4: Recv/Dropped : 0/32
EDGE (6 ,2) PORT 5: Recv/Dropped : 0/28
EDGE (6 ,2) PORT 6: Recv/Dropped : 0/34
EDGE (6 ,2) PORT 7: Recv/Dropped : 0/25
EDGE (6 ,3) PORT 0: Recv/Dropped : 0/2
EDGE (6 ,3) PORT 1: Recv/Dropped : 0/2
EDGE (6 ,3) PORT 2: Recv/Dropped : 0/76
EDGE (6 ,3) PORT 3: Recv/Dropped : 0/0
EDGE (6 ,3) PORT 4: Recv/Dropped : 0/26
EDGE (6 ,3) PORT 5: Recv/Dropped : 0/21
EDGE (6 ,3) PORT 6: Recv/Dropped : 0/31
EDGE (6 ,3) PORT 7: Recv/Dropped : 0/37
EDGE (7 ,0) PORT 0: Recv/Dropped : 0/0
EDGE (7 ,0) PORT 1: Recv/Dropped : 0/2
EDGE (7 ,0) PORT 2: Recv/Dropped : 0/68
EDGE (7 ,0) PORT 3: Recv/Dropped : 0/0
EDGE (7 ,0) PORT 4: Recv/Dropped : 0/25
EDGE (7 ,0) PORT 5: Recv/Dropped : 0/33
EDGE (7 ,0) PORT 6: Recv/Dropped : 0/33
EDGE (7 ,0) PORT 7: Recv/Dropped : 0/24
EDGE (7 ,1) PORT 0: Recv/Dropped : 0/67
EDGE (7 ,1) PORT 1: Recv/Dropped : 0/64
EDGE (7 ,1) PORT 2: Recv/Dropped : 0/69
EDGE (7 ,1) PORT 3: Recv/Dropped : 0/0
EDGE (7 ,1) PORT 4: Recv/Dropped : 0/78
EDGE (7 ,1) PORT 5: Recv/Dropped : 0/70
EDGE (7 ,1) PORT 6: Recv/Dropped : 0/88
EDGE (7 ,1) PORT 7: Recv/Dropped : 0/73
EDGE (7 ,2) PORT 0: Recv/Dropped : 0/0
EDGE (7 ,2) PORT 1: Recv/Dropped : 0/76
EDGE (7 ,2) PORT 2: Recv/Dropped : 0/78
EDGE (7 ,2) PORT 3: Recv/Dropped : 0/0
EDGE (7 ,2) PORT 4: Recv/Dropped : 0/57
EDGE (7 ,2) PORT 5: Recv/Dropped : 0/46
EDGE (7 ,2) PORT 6: Recv/Dropped : 0/59
EDGE (7 ,2) PORT 7: Recv/Dropped : 0/45
EDGE (7 ,3) PORT 0: Recv/Dropped : 0/0
EDGE (7 ,3) PORT 1: Recv/Dropped : 0/2
EDGE (7 ,3) PORT 2: Recv/Dropped : 0/68
EDGE (7 ,3) PORT 3: Recv/Dropped : 0/70
EDGE (7 ,3) PORT 4: Recv/Dropped : 0/56
EDGE (7 ,3) PORT 5: Recv/Dropped : 0/50
EDGE (7 ,3) PORT 6: Recv/Dropped : 0/52
EDGE (7 ,3) PORT 7: Recv/Dropped : 0/53
 -- AGG QUEUE STATISTICS --
AGG (0 ,0) PORT 0: Recv/Dropped : 0/1468
AGG (0 ,0) PORT 1: Recv/Dropped : 5/1493
AGG (0 ,0) PORT 2: Recv/Dropped : 2/1502
AGG (0 ,0) PORT 3: Recv/Dropped : 1/1511
AGG (0 ,0) PORT 4: Recv/Dropped : 0/249
AGG (0 ,0) PORT 5: Recv/Dropped : 0/201
AGG (0 ,0) PORT 6: Recv/Dropped : 0/225
AGG (0 ,0) PORT 7: Recv/Dropped : 0/232
AGG (0 ,1) PORT 0: Recv/Dropped : 0/74
AGG (0 ,1) PORT 1: Recv/Dropped : 0/94
AGG (0 ,1) PORT 2: Recv/Dropped : 0/69
AGG (0 ,1) PORT 3: Recv/Dropped : 0/84
AGG (0 ,1) PORT 4: Recv/Dropped : 0/231
AGG (0 ,1) PORT 5: Recv/Dropped : 0/228
AGG (0 ,1) PORT 6: Recv/Dropped : 0/221
AGG (0 ,1) PORT 7: Recv/Dropped : 0/234
AGG (0 ,2) PORT 0: Recv/Dropped : 0/40
AGG (0 ,2) PORT 1: Recv/Dropped : 0/40
AGG (0 ,2) PORT 2: Recv/Dropped : 0/37
AGG (0 ,2) PORT 3: Recv/Dropped : 0/42
AGG (0 ,2) PORT 4: Recv/Dropped : 0/223
AGG (0 ,2) PORT 5: Recv/Dropped : 0/221
AGG (0 ,2) PORT 6: Recv/Dropped : 0/198
AGG (0 ,2) PORT 7: Recv/Dropped : 0/232
AGG (0 ,3) PORT 0: Recv/Dropped : 0/38
AGG (0 ,3) PORT 1: Recv/Dropped : 0/53
AGG (0 ,3) PORT 2: Recv/Dropped : 0/31
AGG (0 ,3) PORT 3: Recv/Dropped : 0/30
AGG (0 ,3) PORT 4: Recv/Dropped : 0/187
AGG (0 ,3) PORT 5: Recv/Dropped : 0/212
AGG (0 ,3) PORT 6: Recv/Dropped : 0/225
AGG (0 ,3) PORT 7: Recv/Dropped : 0/213
AGG (1 ,0) PORT 0: Recv/Dropped : 0/51
AGG (1 ,0) PORT 1: Recv/Dropped : 0/56
AGG (1 ,0) PORT 2: Recv/Dropped : 0/49
AGG (1 ,0) PORT 3: Recv/Dropped : 0/66
AGG (1 ,0) PORT 4: Recv/Dropped : 0/55
AGG (1 ,0) PORT 5: Recv/Dropped : 0/57
AGG (1 ,0) PORT 6: Recv/Dropped : 0/60
AGG (1 ,0) PORT 7: Recv/Dropped : 0/62
AGG (1 ,1) PORT 0: Recv/Dropped : 0/60
AGG (1 ,1) PORT 1: Recv/Dropped : 0/51
AGG (1 ,1) PORT 2: Recv/Dropped : 0/53
AGG (1 ,1) PORT 3: Recv/Dropped : 0/41
AGG (1 ,1) PORT 4: Recv/Dropped : 0/74
AGG (1 ,1) PORT 5: Recv/Dropped : 0/48
AGG (1 ,1) PORT 6: Recv/Dropped : 0/55
AGG (1 ,1) PORT 7: Recv/Dropped : 0/53
AGG (1 ,2) PORT 0: Recv/Dropped : 0/19
AGG (1 ,2) PORT 1: Recv/Dropped : 0/19
AGG (1 ,2) PORT 2: Recv/Dropped : 0/22
AGG (1 ,2) PORT 3: Recv/Dropped : 0/25
AGG (1 ,2) PORT 4: Recv/Dropped : 0/46
AGG (1 ,2) PORT 5: Recv/Dropped : 0/75
AGG (1 ,2) PORT 6: Recv/Dropped : 0/52
AGG (1 ,2) PORT 7: Recv/Dropped : 0/55
AGG (1 ,3) PORT 0: Recv/Dropped : 0/39
AGG (1 ,3) PORT 1: Recv/Dropped : 0/43
AGG (1 ,3) PORT 2: Recv/Dropped : 0/28
AGG (1 ,3) PORT 3: Recv/Dropped : 0/30
AGG (1 ,3) PORT 4: Recv/Dropped : 0/53
AGG (1 ,3) PORT 5: Recv/Dropped : 0/81
AGG (1 ,3) PORT 6: Recv/Dropped : 0/64
AGG (1 ,3) PORT 7: Recv/Dropped : 0/55
AGG (2 ,0) PORT 0: Recv/Dropped : 0/72
AGG (2 ,0) PORT 1: Recv/Dropped : 0/73
AGG (2 ,0) PORT 2: Recv/Dropped : 0/73
AGG (2 ,0) PORT 3: Recv/Dropped : 0/64
AGG (2 ,0) PORT 4: Recv/Dropped : 0/54
AGG (2 ,0) PORT 5: Recv/Dropped : 0/41
AGG (2 ,0) PORT 6: Recv/Dropped : 0/48
AGG (2 ,0) PORT 7: Recv/Dropped : 0/56
AGG (2 ,1) PORT 0: Recv/Dropped : 0/36
AGG (2 ,1) PORT 1: Recv/Dropped : 0/33
AGG (2 ,1) PORT 2: Recv/Dropped : 0/45
AGG (2 ,1) PORT 3: Recv/Dropped : 0/41
AGG (2 ,1) PORT 4: Recv/Dropped : 0/64
AGG (2 ,1) PORT 5: Recv/Dropped : 0/62
AGG (2 ,1) PORT 6: Recv/Dropped : 0/57
AGG (2 ,1) PORT 7: Recv/Dropped : 0/62
AGG (2 ,2) PORT 0: Recv/Dropped : 0/20
AGG (2 ,2) PORT 1: Recv/Dropped : 0/20
AGG (2 ,2) PORT 2: Recv/Dropped : 0/24
AGG (2 ,2) PORT 3: Recv/Dropped : 0/19
AGG (2 ,2) PORT 4: Recv/Dropped : 0/59
AGG (2 ,2) PORT 5: Recv/Dropped : 0/47
AGG (2 ,2) PORT 6: Recv/Dropped : 0/63
AGG (2 ,2) PORT 7: Recv/Dropped : 0/52
AGG (2 ,3) PORT 0: Recv/Dropped : 0/38
AGG (2 ,3) PORT 1: Recv/Dropped : 0/30
AGG (2 ,3) PORT 2: Recv/Dropped : 0/42
AGG (2 ,3) PORT 3: Recv/Dropped : 0/27
AGG (2 ,3) PORT 4: Recv/Dropped : 0/73
AGG (2 ,3) PORT 5: Recv/Dropped : 0/71
AGG (2 ,3) PORT 6: Recv/Dropped : 0/71
AGG (2 ,3) PORT 7: Recv/Dropped : 0/55
AGG (3 ,0) PORT 0: Recv/Dropped : 0/39
AGG (3 ,0) PORT 1: Recv/Dropped : 0/34
AGG (3 ,0) PORT 2: Recv/Dropped : 0/35
AGG (3 ,0) PORT 3: Recv/Dropped : 0/35
AGG (3 ,0) PORT 4: Recv/Dropped : 0/47
AGG (3 ,0) PORT 5: Recv/Dropped : 0/37
AGG (3 ,0) PORT 6: Recv/Dropped : 0/40
AGG (3 ,0) PORT 7: Recv/Dropped : 0/42
AGG (3 ,1) PORT 0: Recv/Dropped : 0/41
AGG (3 ,1) PORT 1: Recv/Dropped : 0/37
AGG (3 ,1) PORT 2: Recv/Dropped : 0/40
AGG (3 ,1) PORT 3: Recv/Dropped : 0/30
AGG (3 ,1) PORT 4: Recv/Dropped : 0/44
AGG (3 ,1) PORT 5: Recv/Dropped : 0/48
AGG (3 ,1) PORT 6: Recv/Dropped : 0/39
AGG (3 ,1) PORT 7: Recv/Dropped : 0/44
AGG (3 ,2) PORT 0: Recv/Dropped : 0/2
AGG (3 ,2) PORT 1: Recv/Dropped : 0/1
AGG (3 ,2) PORT 2: Recv/Dropped : 0/0
AGG (3 ,2) PORT 3: Recv/Dropped : 0/3
AGG (3 ,2) PORT 4: Recv/Dropped : 0/44
AGG (3 ,2) PORT 5: Recv/Dropped : 0/34
AGG (3 ,2) PORT 6: Recv/Dropped : 0/48
AGG (3 ,2) PORT 7: Recv/Dropped : 0/43
AGG (3 ,3) PORT 0: Recv/Dropped : 0/42
AGG (3 ,3) PORT 1: Recv/Dropped : 0/34
AGG (3 ,3) PORT 2: Recv/Dropped : 0/33
AGG (3 ,3) PORT 3: Recv/Dropped : 0/33
AGG (3 ,3) PORT 4: Recv/Dropped : 0/32
AGG (3 ,3) PORT 5: Recv/Dropped : 0/39
AGG (3 ,3) PORT 6: Recv/Dropped : 0/49
AGG (3 ,3) PORT 7: Recv/Dropped : 0/29
AGG (4 ,0) PORT 0: Recv/Dropped : 0/26
AGG (4 ,0) PORT 1: Recv/Dropped : 0/16
AGG (4 ,0) PORT 2: Recv/Dropped : 0/17
AGG (4 ,0) PORT 3: Recv/Dropped : 0/21
AGG (4 ,0) PORT 4: Recv/Dropped : 0/47
AGG (4 ,0) PORT 5: Recv/Dropped : 0/45
AGG (4 ,0) PORT 6: Recv/Dropped : 0/49
AGG (4 ,0) PORT 7: Recv/Dropped : 0/43
AGG (4 ,1) PORT 0: Recv/Dropped : 0/32
AGG (4 ,1) PORT 1: Recv/Dropped : 0/17
AGG (4 ,1) PORT 2: Recv/Dropped : 0/20
AGG (4 ,1) PORT 3: Recv/Dropped : 0/20
AGG (4 ,1) PORT 4: Recv/Dropped : 0/43
AGG (4 ,1) PORT 5: Recv/Dropped : 0/36
AGG (4 ,1) PORT 6: Recv/Dropped : 0/30
AGG (4 ,1) PORT 7: Recv/Dropped : 0/43
AGG (4 ,2) PORT 0: Recv/Dropped : 0/15
AGG (4 ,2) PORT 1: Recv/Dropped : 0/18
AGG (4 ,2) PORT 2: Recv/Dropped : 0/25
AGG (4 ,2) PORT 3: Recv/Dropped : 0/13
AGG (4 ,2) PORT 4: Recv/Dropped : 0/37
AGG (4 ,2) PORT 5: Recv/Dropped : 0/33
AGG (4 ,2) PORT 6: Recv/Dropped : 0/47
AGG (4 ,2) PORT 7: Recv/Dropped : 0/39
AGG (4 ,3) PORT 0: Recv/Dropped : 0/53
AGG (4 ,3) PORT 1: Recv/Dropped : 0/67
AGG (4 ,3) PORT 2: Recv/Dropped : 0/56
AGG (4 ,3) PORT 3: Recv/Dropped : 0/51
AGG (4 ,3) PORT 4: Recv/Dropped : 0/48
AGG (4 ,3) PORT 5: Recv/Dropped : 0/40
AGG (4 ,3) PORT 6: Recv/Dropped : 0/36
AGG (4 ,3) PORT 7: Recv/Dropped : 0/35
AGG (5 ,0) PORT 0: Recv/Dropped : 0/40
AGG (5 ,0) PORT 1: Recv/Dropped : 0/36
AGG (5 ,0) PORT 2: Recv/Dropped : 0/37
AGG (5 ,0) PORT 3: Recv/Dropped : 0/34
AGG (5 ,0) PORT 4: Recv/Dropped : 0/38
AGG (5 ,0) PORT 5: Recv/Dropped : 0/42
AGG (5 ,0) PORT 6: Recv/Dropped : 0/27
AGG (5 ,0) PORT 7: Recv/Dropped : 0/41
AGG (5 ,1) PORT 0: Recv/Dropped : 0/36
AGG (5 ,1) PORT 1: Recv/Dropped : 0/39
AGG (5 ,1) PORT 2: Recv/Dropped : 0/41
AGG (5 ,1) PORT 3: Recv/Dropped : 0/36
AGG (5 ,1) PORT 4: Recv/Dropped : 0/36
AGG (5 ,1) PORT 5: Recv/Dropped : 0/45
AGG (5 ,1) PORT 6: Recv/Dropped : 0/44
AGG (5 ,1) PORT 7: Recv/Dropped : 0/22
AGG (5 ,2) PORT 0: Recv/Dropped : 0/13
AGG (5 ,2) PORT 1: Recv/Dropped : 0/21
AGG (5 ,2) PORT 2: Recv/Dropped : 0/19
AGG (5 ,2) PORT 3: Recv/Dropped : 0/18
AGG (5 ,2) PORT 4: Recv/Dropped : 0/39
AGG (5 ,2) PORT 5: Recv/Dropped : 0/39
AGG (5 ,2) PORT 6: Recv/Dropped : 0/31
AGG (5 ,2) PORT 7: Recv/Dropped : 0/31
AGG (5 ,3) PORT 0: Recv/Dropped : 0/2
AGG (5 ,3) PORT 1: Recv/Dropped : 0/2
AGG (5 ,3) PORT 2: Recv/Dropped : 0/1
AGG (5 ,3) PORT 3: Recv/Dropped : 0/1
AGG (5 ,3) PORT 4: Recv/Dropped : 0/32
AGG (5 ,3) PORT 5: Recv/Dropped : 0/40
AGG (5 ,3) PORT 6: Recv/Dropped : 0/26
AGG (5 ,3) PORT 7: Recv/Dropped : 0/31
AGG (6 ,0) PORT 0: Recv/Dropped : 0/15
AGG (6 ,0) PORT 1: Recv/Dropped : 0/24
AGG (6 ,0) PORT 2: Recv/Dropped : 0/21
AGG (6 ,0) PORT 3: Recv/Dropped : 0/19
AGG (6 ,0) PORT 4: Recv/Dropped : 0/21
AGG (6 ,0) PORT 5: Recv/Dropped : 0/41
AGG (6 ,0) PORT 6: Recv/Dropped : 0/29
AGG (6 ,0) PORT 7: Recv/Dropped : 0/40
AGG (6 ,1) PORT 0: Recv/Dropped : 0/31
AGG (6 ,1) PORT 1: Recv/Dropped : 0/40
AGG (6 ,1) PORT 2: Recv/Dropped : 0/32
AGG (6 ,1) PORT 3: Recv/Dropped : 0/38
AGG (6 ,1) PORT 4: Recv/Dropped : 0/24
AGG (6 ,1) PORT 5: Recv/Dropped : 0/28
AGG (6 ,1) PORT 6: Recv/Dropped : 0/37
AGG (6 ,1) PORT 7: Recv/Dropped : 0/42
AGG (6 ,2) PORT 0: Recv/Dropped : 0/20
AGG (6 ,2) PORT 1: Recv/Dropped : 0/21
AGG (6 ,2) PORT 2: Recv/Dropped : 0/14
AGG (6 ,2) PORT 3: Recv/Dropped : 0/22
AGG (6 ,2) PORT 4: Recv/Dropped : 0/29
AGG (6 ,2) PORT 5: Recv/Dropped : 0/40
AGG (6 ,2) PORT 6: Recv/Dropped : 0/41
AGG (6 ,2) PORT 7: Recv/Dropped : 0/39
AGG (6 ,3) PORT 0: Recv/Dropped : 0/18
AGG (6 ,3) PORT 1: Recv/Dropped : 0/22
AGG (6 ,3) PORT 2: Recv/Dropped : 0/23
AGG (6 ,3) PORT 3: Recv/Dropped : 0/17
AGG (6 ,3) PORT 4: Recv/Dropped : 0/33
AGG (6 ,3) PORT 5: Recv/Dropped : 0/43
AGG (6 ,3) PORT 6: Recv/Dropped : 0/37
AGG (6 ,3) PORT 7: Recv/Dropped : 0/35
AGG (7 ,0) PORT 0: Recv/Dropped : 0/18
AGG (7 ,0) PORT 1: Recv/Dropped : 0/21
AGG (7 ,0) PORT 2: Recv/Dropped : 0/17
AGG (7 ,0) PORT 3: Recv/Dropped : 0/14
AGG (7 ,0) PORT 4: Recv/Dropped : 0/58
AGG (7 ,0) PORT 5: Recv/Dropped : 0/48
AGG (7 ,0) PORT 6: Recv/Dropped : 0/59
AGG (7 ,0) PORT 7: Recv/Dropped : 0/51
AGG (7 ,1) PORT 0: Recv/Dropped : 0/49
AGG (7 ,1) PORT 1: Recv/Dropped : 0/50
AGG (7 ,1) PORT 2: Recv/Dropped : 0/47
AGG (7 ,1) PORT 3: Recv/Dropped : 0/54
AGG (7 ,1) PORT 4: Recv/Dropped : 0/58
AGG (7 ,1) PORT 5: Recv/Dropped : 0/49
AGG (7 ,1) PORT 6: Recv/Dropped : 0/47
AGG (7 ,1) PORT 7: Recv/Dropped : 0/45
AGG (7 ,2) PORT 0: Recv/Dropped : 0/37
AGG (7 ,2) PORT 1: Recv/Dropped : 0/46
AGG (7 ,2) PORT 2: Recv/Dropped : 0/33
AGG (7 ,2) PORT 3: Recv/Dropped : 0/38
AGG (7 ,2) PORT 4: Recv/Dropped : 0/62
AGG (7 ,2) PORT 5: Recv/Dropped : 0/51
AGG (7 ,2) PORT 6: Recv/Dropped : 0/53
AGG (7 ,2) PORT 7: Recv/Dropped : 0/66
AGG (7 ,3) PORT 0: Recv/Dropped : 0/43
AGG (7 ,3) PORT 1: Recv/Dropped : 0/43
AGG (7 ,3) PORT 2: Recv/Dropped : 0/27
AGG (7 ,3) PORT 3: Recv/Dropped : 0/27
AGG (7 ,3) PORT 4: Recv/Dropped : 0/56
AGG (7 ,3) PORT 5: Recv/Dropped : 0/49
AGG (7 ,3) PORT 6: Recv/Dropped : 0/49
AGG (7 ,3) PORT 7: Recv/Dropped : 0/41


TOTAL RECEIVED PACKETS = 39181
TOTAL DROPPED PACKETS = 474