QUEUE STATISTICS FOR EXPERIMENT 9033
---------------------------
 -- EDGE QUEUE STATISTICS --
EDGE (0 ,0) PORT 0: Recv/Dropped : 177/9129
EDGE (0 ,0) PORT 1: Recv/Dropped : 0/85
EDGE (0 ,0) PORT 2: Recv/Dropped : 0/67
EDGE (0 ,0) PORT 3: Recv/Dropped : 0/65
EDGE (0 ,0) PORT 4: Recv/Dropped : 0/1496
EDGE (0 ,0) PORT 5: Recv/Dropped : 0/1515
EDGE (0 ,0) PORT 6: Recv/Dropped : 0/1400
EDGE (0 ,0) PORT 7: Recv/Dropped : 0/1468
EDGE (0 ,1) PORT 0: Recv/Dropped : 0/70
EDGE (0 ,1) PORT 1: Recv/Dropped : 0/65
EDGE (0 ,1) PORT 2: Recv/Dropped : 0/65
EDGE (0 ,1) PORT 3: Recv/Dropped : 0/64
EDGE (0 ,1) PORT 4: Recv/Dropped : 0/88
EDGE (0 ,1) PORT 5: Recv/Dropped : 0/98
EDGE (0 ,1) PORT 6: Recv/Dropped : 0/100
EDGE (0 ,1) PORT 7: Recv/Dropped : 0/106
EDGE (0 ,2) PORT 0: Recv/Dropped : 0/66
EDGE (0 ,2) PORT 1: Recv/Dropped : 0/65
EDGE (0 ,2) PORT 2: Recv/Dropped : 0/62
EDGE (0 ,2) PORT 3: Recv/Dropped : 0/65
EDGE (0 ,2) PORT 4: Recv/Dropped : 0/78
EDGE (0 ,2) PORT 5: Recv/Dropped : 0/121
EDGE (0 ,2) PORT 6: Recv/Dropped : 0/99
EDGE (0 ,2) PORT 7: Recv/Dropped : 0/90
EDGE (0 ,3) PORT 0: Recv/Dropped : 0/63
EDGE (0 ,3) PORT 1: Recv/Dropped : 0/65
EDGE (0 ,3) PORT 2: Recv/Dropped : 0/64
EDGE (0 ,3) PORT 3: Recv/Dropped : 0/2
EDGE (0 ,3) PORT 4: Recv/Dropped : 0/73
EDGE (0 ,3) PORT 5: Recv/Dropped : 0/80
EDGE (0 ,3) PORT 6: Recv/Dropped : 0/76
EDGE (0 ,3) PORT 7: Recv/Dropped : 0/67
EDGE (1 ,0) PORT 0: Recv/Dropped : 0/70
EDGE (1 ,0) PORT 1: Recv/Dropped : 0/66
EDGE (1 ,0) PORT 2: Recv/Dropped : 0/64
EDGE (1 ,0) PORT 3: Recv/Dropped : 0/63
EDGE (1 ,0) PORT 4: Recv/Dropped : 0/88
EDGE (1 ,0) PORT 5: Recv/Dropped : 0/117
EDGE (1 ,0) PORT 6: Recv/Dropped : 0/83
EDGE (1 ,0) PORT 7: Recv/Dropped : 0/105
EDGE (1 ,1) PORT 0: Recv/Dropped : 0/62
EDGE (1 ,1) PORT 1: Recv/Dropped : 0/63
EDGE (1 ,1) PORT 2: Recv/Dropped : 0/64
EDGE (1 ,1) PORT 3: Recv/Dropped : 0/62
EDGE (1 ,1) PORT 4: Recv/Dropped : 0/82
EDGE (1 ,1) PORT 5: Recv/Dropped : 0/96
EDGE (1 ,1) PORT 6: Recv/Dropped : 0/104
EDGE (1 ,1) PORT 7: Recv/Dropped : 0/105
EDGE (1 ,2) PORT 0: Recv/Dropped : 0/62
EDGE (1 ,2) PORT 1: Recv/Dropped : 0/63
EDGE (1 ,2) PORT 2: Recv/Dropped : 0/76
EDGE (1 ,2) PORT 3: Recv/Dropped : 0/2
EDGE (1 ,2) PORT 4: Recv/Dropped : 0/78
EDGE (1 ,2) PORT 5: Recv/Dropped : 0/60
EDGE (1 ,2) PORT 6: Recv/Dropped : 0/74
EDGE (1 ,2) PORT 7: Recv/Dropped : 0/87
EDGE (1 ,3) PORT 0: Recv/Dropped : 0/63
EDGE (1 ,3) PORT 1: Recv/Dropped : 0/64
EDGE (1 ,3) PORT 2: Recv/Dropped : 0/4
EDGE (1 ,3) PORT 3: Recv/Dropped : 0/63
EDGE (1 ,3) PORT 4: Recv/Dropped : 0/76
EDGE (1 ,3) PORT 5: Recv/Dropped : 0/74
EDGE (1 ,3) PORT 6: Recv/Dropped : 0/59
EDGE (1 ,3) PORT 7: Recv/Dropped : 0/90
EDGE (2 ,0) PORT 0: Recv/Dropped : 0/65
EDGE (2 ,0) PORT 1: Recv/Dropped : 0/63
EDGE (2 ,0) PORT 2: Recv/Dropped : 0/64
EDGE (2 ,0) PORT 3: Recv/Dropped : 0/63
EDGE (2 ,0) PORT 4: Recv/Dropped : 0/86
EDGE (2 ,0) PORT 5: Recv/Dropped : 0/117
EDGE (2 ,0) PORT 6: Recv/Dropped : 0/86
EDGE (2 ,0) PORT 7: Recv/Dropped : 0/105
EDGE (2 ,1) PORT 0: Recv/Dropped : 0/64
EDGE (2 ,1) PORT 1: Recv/Dropped : 0/64
EDGE (2 ,1) PORT 2: Recv/Dropped : 0/65
EDGE (2 ,1) PORT 3: Recv/Dropped : 0/2
EDGE (2 ,1) PORT 4: Recv/Dropped : 0/57
EDGE (2 ,1) PORT 5: Recv/Dropped : 0/75
EDGE (2 ,1) PORT 6: Recv/Dropped : 0/79
EDGE (2 ,1) PORT 7: Recv/Dropped : 0/85
EDGE (2 ,2) PORT 0: Recv/Dropped : 0/64
EDGE (2 ,2) PORT 1: Recv/Dropped : 0/75
EDGE (2 ,2) PORT 2: Recv/Dropped : 0/2
EDGE (2 ,2) PORT 3: Recv/Dropped : 0/2
EDGE (2 ,2) PORT 4: Recv/Dropped : 0/39
EDGE (2 ,2) PORT 5: Recv/Dropped : 0/54
EDGE (2 ,2) PORT 6: Recv/Dropped : 0/57
EDGE (2 ,2) PORT 7: Recv/Dropped : 0/55
EDGE (2 ,3) PORT 0: Recv/Dropped : 0/63
EDGE (2 ,3) PORT 1: Recv/Dropped : 0/2
EDGE (2 ,3) PORT 2: Recv/Dropped : 0/2
EDGE (2 ,3) PORT 3: Recv/Dropped : 0/2
EDGE (2 ,3) PORT 4: Recv/Dropped : 0/31
EDGE (2 ,3) PORT 5: Recv/Dropped : 0/30
EDGE (2 ,3) PORT 6: Recv/Dropped : 0/25
EDGE (2 ,3) PORT 7: Recv/Dropped : 0/25
EDGE (3 ,0) PORT 0: Recv/Dropped : 0/62
EDGE (3 ,0) PORT 1: Recv/Dropped : 0/64
EDGE (3 ,0) PORT 2: Recv/Dropped : 0/63
EDGE (3 ,0) PORT 3: Recv/Dropped : 0/63
EDGE (3 ,0) PORT 4: Recv/Dropped : 0/91
EDGE (3 ,0) PORT 5: Recv/Dropped : 0/123
EDGE (3 ,0) PORT 6: Recv/Dropped : 0/100
EDGE (3 ,0) PORT 7: Recv/Dropped : 0/77
EDGE (3 ,1) PORT 0: Recv/Dropped : 0/62
EDGE (3 ,1) PORT 1: Recv/Dropped : 0/84
EDGE (3 ,1) PORT 2: Recv/Dropped : 0/2
EDGE (3 ,1) PORT 3: Recv/Dropped : 0/64
EDGE (3 ,1) PORT 4: Recv/Dropped : 0/56
EDGE (3 ,1) PORT 5: Recv/Dropped : 0/58
EDGE (3 ,1) PORT 6: Recv/Dropped : 0/42
EDGE (3 ,1) PORT 7: Recv/Dropped : 0/141
EDGE (3 ,2) PORT 0: Recv/Dropped : 0/72
EDGE (3 ,2) PORT 1: Recv/Dropped : 0/2
EDGE (3 ,2) PORT 2: Recv/Dropped : 0/63
EDGE (3 ,2) PORT 3: Recv/Dropped : 0/64
EDGE (3 ,2) PORT 4: Recv/Dropped : 0/88
EDGE (3 ,2) PORT 5: Recv/Dropped : 0/83
EDGE (3 ,2) PORT 6: Recv/Dropped : 0/65
EDGE (3 ,2) PORT 7: Recv/Dropped : 0/60
EDGE (3 ,3) PORT 0: Recv/Dropped : 0/2
EDGE (3 ,3) PORT 1: Recv/Dropped : 0/63
EDGE (3 ,3) PORT 2: Recv/Dropped : 0/3
EDGE (3 ,3) PORT 3: Recv/Dropped : 0/62
EDGE (3 ,3) PORT 4: Recv/Dropped : 0/45
EDGE (3 ,3) PORT 5: Recv/Dropped : 0/46
EDGE (3 ,3) PORT 6: Recv/Dropped : 0/72
EDGE (3 ,3) PORT 7: Recv/Dropped : 0/41
EDGE (4 ,0) PORT 0: Recv/Dropped : 0/64
EDGE (4 ,0) PORT 1: Recv/Dropped : 0/64
EDGE (4 ,0) PORT 2: Recv/Dropped : 0/2
EDGE (4 ,0) PORT 3: Recv/Dropped : 0/2
EDGE (4 ,0) PORT 4: Recv/Dropped : 0/122
EDGE (4 ,0) PORT 5: Recv/Dropped : 0/24
EDGE (4 ,0) PORT 6: Recv/Dropped : 0/37
EDGE (4 ,0) PORT 7: Recv/Dropped : 0/25
EDGE (4 ,1) PORT 0: Recv/Dropped : 0/2
EDGE (4 ,1) PORT 1: Recv/Dropped : 0/63
EDGE (4 ,1) PORT 2: Recv/Dropped : 0/63
EDGE (4 ,1) PORT 3: Recv/Dropped : 0/2
EDGE (4 ,1) PORT 4: Recv/Dropped : 0/59
EDGE (4 ,1) PORT 5: Recv/Dropped : 0/58
EDGE (4 ,1) PORT 6: Recv/Dropped : 0/47
EDGE (4 ,1) PORT 7: Recv/Dropped : 0/42
EDGE (4 ,2) PORT 0: Recv/Dropped : 0/2
EDGE (4 ,2) PORT 1: Recv/Dropped : 0/63
EDGE (4 ,2) PORT 2: Recv/Dropped : 0/62
EDGE (4 ,2) PORT 3: Recv/Dropped : 0/62
EDGE (4 ,2) PORT 4: Recv/Dropped : 0/62
EDGE (4 ,2) PORT 5: Recv/Dropped : 0/57
EDGE (4 ,2) PORT 6: Recv/Dropped : 0/89
EDGE (4 ,2) PORT 7: Recv/Dropped : 0/89
EDGE (4 ,3) PORT 0: Recv/Dropped : 0/2
EDGE (4 ,3) PORT 1: Recv/Dropped : 0/2
EDGE (4 ,3) PORT 2: Recv/Dropped : 0/62
EDGE (4 ,3) PORT 3: Recv/Dropped : 0/62
EDGE (4 ,3) PORT 4: Recv/Dropped : 0/65
EDGE (4 ,3) PORT 5: Recv/Dropped : 0/38
EDGE (4 ,3) PORT 6: Recv/Dropped : 0/53
EDGE (4 ,3) PORT 7: Recv/Dropped : 0/46
EDGE (5 ,0) PORT 0: Recv/Dropped : 0/72
EDGE (5 ,0) PORT 1: Recv/Dropped : 0/4
EDGE (5 ,0) PORT 2: Recv/Dropped : 0/63
EDGE (5 ,0) PORT 3: Recv/Dropped : 0/62
EDGE (5 ,0) PORT 4: Recv/Dropped : 0/71
EDGE (5 ,0) PORT 5: Recv/Dropped : 0/78
EDGE (5 ,0) PORT 6: Recv/Dropped : 0/69
EDGE (5 ,0) PORT 7: Recv/Dropped : 0/78
EDGE (5 ,1) PORT 0: Recv/Dropped : 0/2
EDGE (5 ,1) PORT 1: Recv/Dropped : 0/2
EDGE (5 ,1) PORT 2: Recv/Dropped : 0/62
EDGE (5 ,1) PORT 3: Recv/Dropped : 0/62
EDGE (5 ,1) PORT 4: Recv/Dropped : 0/58
EDGE (5 ,1) PORT 5: Recv/Dropped : 0/55
EDGE (5 ,1) PORT 6: Recv/Dropped : 0/45
EDGE (5 ,1) PORT 7: Recv/Dropped : 0/44
EDGE (5 ,2) PORT 0: Recv/Dropped : 0/63
EDGE (5 ,2) PORT 1: Recv/Dropped : 0/3
EDGE (5 ,2) PORT 2: Recv/Dropped : 0/62
EDGE (5 ,2) PORT 3: Recv/Dropped : 0/62
EDGE (5 ,2) PORT 4: Recv/Dropped : 0/72
EDGE (5 ,2) PORT 5: Recv/Dropped : 0/81
EDGE (5 ,2) PORT 6: Recv/Dropped : 0/81
EDGE (5 ,2) PORT 7: Recv/Dropped : 0/63
EDGE (5 ,3) PORT 0: Recv/Dropped : 0/3
EDGE (5 ,3) PORT 1: Recv/Dropped : 0/62
EDGE (5 ,3) PORT 2: Recv/Dropped : 0/62
EDGE (5 ,3) PORT 3: Recv/Dropped : 0/62
EDGE (5 ,3) PORT 4: Recv/Dropped : 0/79
EDGE (5 ,3) PORT 5: Recv/Dropped : 0/70
EDGE (5 ,3) PORT 6: Recv/Dropped : 0/80
EDGE (5 ,3) PORT 7: Recv/Dropped : 0/66
EDGE (6 ,0) PORT 0: Recv/Dropped : 0/2
EDGE (6 ,0) PORT 1: Recv/Dropped : 0/2
EDGE (6 ,0) PORT 2: Recv/Dropped : 0/2
EDGE (6 ,0) PORT 3: Recv/Dropped : 0/62
EDGE (6 ,0) PORT 4: Recv/Dropped : 0/23
EDGE (6 ,0) PORT 5: Recv/Dropped : 0/24
EDGE (6 ,0) PORT 6: Recv/Dropped : 0/38
EDGE (6 ,0) PORT 7: Recv/Dropped : 0/24
EDGE (6 ,1) PORT 0: Recv/Dropped : 0/2
EDGE (6 ,1) PORT 1: Recv/Dropped : 0/3
EDGE (6 ,1) PORT 2: Recv/Dropped : 0/62
EDGE (6 ,1) PORT 3: Recv/Dropped : 0/62
EDGE (6 ,1) PORT 4: Recv/Dropped : 0/57
EDGE (6 ,1) PORT 5: Recv/Dropped : 0/36
EDGE (6 ,1) PORT 6: Recv/Dropped : 0/51
EDGE (6 ,1) PORT 7: Recv/Dropped : 0/58
EDGE (6 ,2) PORT 0: Recv/Dropped : 0/3
EDGE (6 ,2) PORT 1: Recv/Dropped : 0/2
EDGE (6 ,2) PORT 2: Recv/Dropped : 0/62
EDGE (6 ,2) PORT 3: Recv/Dropped : 0/62
EDGE (6 ,2) PORT 4: Recv/Dropped : 0/56
EDGE (6 ,2) PORT 5: Recv/Dropped : 0/47
EDGE (6 ,2) PORT 6: Recv/Dropped : 0/54
EDGE (6 ,2) PORT 7: Recv/Dropped : 0/45
EDGE (6 ,3) PORT 0: Recv/Dropped : 0/62
EDGE (6 ,3) PORT 1: Recv/Dropped : 0/62
EDGE (6 ,3) PORT 2: Recv/Dropped : 0/62
EDGE (6 ,3) PORT 3: Recv/Dropped : 0/62
EDGE (6 ,3) PORT 4: Recv/Dropped : 0/88
EDGE (6 ,3) PORT 5: Recv/Dropped : 0/93
EDGE (6 ,3) PORT 6: Recv/Dropped : 0/96
EDGE (6 ,3) PORT 7: Recv/Dropped : 0/111
EDGE (7 ,0) PORT 0: Recv/Dropped : 0/63
EDGE (7 ,0) PORT 1: Recv/Dropped : 0/3
EDGE (7 ,0) PORT 2: Recv/Dropped : 0/62
EDGE (7 ,0) PORT 3: Recv/Dropped : 0/62
EDGE (7 ,0) PORT 4: Recv/Dropped : 0/66
EDGE (7 ,0) PORT 5: Recv/Dropped : 0/82
EDGE (7 ,0) PORT 6: Recv/Dropped : 0/77
EDGE (7 ,0) PORT 7: Recv/Dropped : 0/72
EDGE (7 ,1) PORT 0: Recv/Dropped : 0/62
EDGE (7 ,1) PORT 1: Recv/Dropped : 0/62
EDGE (7 ,1) PORT 2: Recv/Dropped : 0/62
EDGE (7 ,1) PORT 3: Recv/Dropped : 0/62
EDGE (7 ,1) PORT 4: Recv/Dropped : 0/94
EDGE (7 ,1) PORT 5: Recv/Dropped : 0/94
EDGE (7 ,1) PORT 6: Recv/Dropped : 0/97
EDGE (7 ,1) PORT 7: Recv/Dropped : 0/103
EDGE (7 ,2) PORT 0: Recv/Dropped : 0/62
EDGE (7 ,2) PORT 1: Recv/Dropped : 0/62
EDGE (7 ,2) PORT 2: Recv/Dropped : 0/62
EDGE (7 ,2) PORT 3: Recv/Dropped : 0/62
EDGE (7 ,2) PORT 4: Recv/Dropped : 0/115
EDGE (7 ,2) PORT 5: Recv/Dropped : 0/80
EDGE (7 ,2) PORT 6: Recv/Dropped : 0/105
EDGE (7 ,2) PORT 7: Recv/Dropped : 0/88
EDGE (7 ,3) PORT 0: Recv/Dropped : 0/62
EDGE (7 ,3) PORT 1: Recv/Dropped : 0/62
EDGE (7 ,3) PORT 2: Recv/Dropped : 0/62
EDGE (7 ,3) PORT 3: Recv/Dropped : 0/62
EDGE (7 ,3) PORT 4: Recv/Dropped : 0/102
EDGE (7 ,3) PORT 5: Recv/Dropped : 0/98
EDGE (7 ,3) PORT 6: Recv/Dropped : 0/92
EDGE (7 ,3) PORT 7: Recv/Dropped : 0/96
 -- AGG QUEUE STATISTICS --
AGG (0 ,0) PORT 0: Recv/Dropped : 0/2245
AGG (0 ,0) PORT 1: Recv/Dropped : 0/2247
AGG (0 ,0) PORT 2: Recv/Dropped : 0/2232
AGG (0 ,0) PORT 3: Recv/Dropped : 0/2289
AGG (0 ,0) PORT 4: Recv/Dropped : 0/340
AGG (0 ,0) PORT 5: Recv/Dropped : 0/347
AGG (0 ,0) PORT 6: Recv/Dropped : 0/323
AGG (0 ,0) PORT 7: Recv/Dropped : 0/319
AGG (0 ,1) PORT 0: Recv/Dropped : 0/65
AGG (0 ,1) PORT 1: Recv/Dropped : 0/78
AGG (0 ,1) PORT 2: Recv/Dropped : 0/47
AGG (0 ,1) PORT 3: Recv/Dropped : 0/74
AGG (0 ,1) PORT 4: Recv/Dropped : 0/333
AGG (0 ,1) PORT 5: Recv/Dropped : 0/323
AGG (0 ,1) PORT 6: Recv/Dropped : 0/314
AGG (0 ,1) PORT 7: Recv/Dropped : 0/344
AGG (0 ,2) PORT 0: Recv/Dropped : 0/59
AGG (0 ,2) PORT 1: Recv/Dropped : 0/69
AGG (0 ,2) PORT 2: Recv/Dropped : 0/62
AGG (0 ,2) PORT 3: Recv/Dropped : 0/68
AGG (0 ,2) PORT 4: Recv/Dropped : 0/332
AGG (0 ,2) PORT 5: Recv/Dropped : 0/301
AGG (0 ,2) PORT 6: Recv/Dropped : 0/280
AGG (0 ,2) PORT 7: Recv/Dropped : 0/330
AGG (0 ,3) PORT 0: Recv/Dropped : 0/43
AGG (0 ,3) PORT 1: Recv/Dropped : 0/54
AGG (0 ,3) PORT 2: Recv/Dropped : 0/48
AGG (0 ,3) PORT 3: Recv/Dropped : 0/49
AGG (0 ,3) PORT 4: Recv/Dropped : 0/276
AGG (0 ,3) PORT 5: Recv/Dropped : 0/311
AGG (0 ,3) PORT 6: Recv/Dropped : 0/308
AGG (0 ,3) PORT 7: Recv/Dropped : 0/382
AGG (1 ,0) PORT 0: Recv/Dropped : 0/40
AGG (1 ,0) PORT 1: Recv/Dropped : 0/84
AGG (1 ,0) PORT 2: Recv/Dropped : 0/78
AGG (1 ,0) PORT 3: Recv/Dropped : 0/61
AGG (1 ,0) PORT 4: Recv/Dropped : 0/68
AGG (1 ,0) PORT 5: Recv/Dropped : 0/88
AGG (1 ,0) PORT 6: Recv/Dropped : 0/81
AGG (1 ,0) PORT 7: Recv/Dropped : 0/87
AGG (1 ,1) PORT 0: Recv/Dropped : 0/50
AGG (1 ,1) PORT 1: Recv/Dropped : 0/67
AGG (1 ,1) PORT 2: Recv/Dropped : 0/67
AGG (1 ,1) PORT 3: Recv/Dropped : 0/67
AGG (1 ,1) PORT 4: Recv/Dropped : 0/94
AGG (1 ,1) PORT 5: Recv/Dropped : 0/77
AGG (1 ,1) PORT 6: Recv/Dropped : 0/81
AGG (1 ,1) PORT 7: Recv/Dropped : 0/95
AGG (1 ,2) PORT 0: Recv/Dropped : 0/47
AGG (1 ,2) PORT 1: Recv/Dropped : 0/47
AGG (1 ,2) PORT 2: Recv/Dropped : 0/54
AGG (1 ,2) PORT 3: Recv/Dropped : 0/55
AGG (1 ,2) PORT 4: Recv/Dropped : 0/68
AGG (1 ,2) PORT 5: Recv/Dropped : 0/103
AGG (1 ,2) PORT 6: Recv/Dropped : 0/83
AGG (1 ,2) PORT 7: Recv/Dropped : 0/66
AGG (1 ,3) PORT 0: Recv/Dropped : 0/64
AGG (1 ,3) PORT 1: Recv/Dropped : 0/45
AGG (1 ,3) PORT 2: Recv/Dropped : 0/52
AGG (1 ,3) PORT 3: Recv/Dropped : 0/33
AGG (1 ,3) PORT 4: Recv/Dropped : 0/83
AGG (1 ,3) PORT 5: Recv/Dropped : 0/119
AGG (1 ,3) PORT 6: Recv/Dropped : 0/105
AGG (1 ,3) PORT 7: Recv/Dropped : 0/80
AGG (2 ,0) PORT 0: Recv/Dropped : 0/80
AGG (2 ,0) PORT 1: Recv/Dropped : 0/56
AGG (2 ,0) PORT 2: Recv/Dropped : 0/64
AGG (2 ,0) PORT 3: Recv/Dropped : 0/55
AGG (2 ,0) PORT 4: Recv/Dropped : 0/65
AGG (2 ,0) PORT 5: Recv/Dropped : 0/41
AGG (2 ,0) PORT 6: Recv/Dropped : 0/52
AGG (2 ,0) PORT 7: Recv/Dropped : 0/55
AGG (2 ,1) PORT 0: Recv/Dropped : 0/60
AGG (2 ,1) PORT 1: Recv/Dropped : 0/56
AGG (2 ,1) PORT 2: Recv/Dropped : 0/46
AGG (2 ,1) PORT 3: Recv/Dropped : 0/33
AGG (2 ,1) PORT 4: Recv/Dropped : 0/73
AGG (2 ,1) PORT 5: Recv/Dropped : 0/67
AGG (2 ,1) PORT 6: Recv/Dropped : 0/55
AGG (2 ,1) PORT 7: Recv/Dropped : 0/81
AGG (2 ,2) PORT 0: Recv/Dropped : 0/46
AGG (2 ,2) PORT 1: Recv/Dropped : 0/36
AGG (2 ,2) PORT 2: Recv/Dropped : 0/24
AGG (2 ,2) PORT 3: Recv/Dropped : 0/37
AGG (2 ,2) PORT 4: Recv/Dropped : 0/64
AGG (2 ,2) PORT 5: Recv/Dropped : 0/59
AGG (2 ,2) PORT 6: Recv/Dropped : 0/71
AGG (2 ,2) PORT 7: Recv/Dropped : 0/53
AGG (2 ,3) PORT 0: Recv/Dropped : 0/15
AGG (2 ,3) PORT 1: Recv/Dropped : 0/16
AGG (2 ,3) PORT 2: Recv/Dropped : 0/18
AGG (2 ,3) PORT 3: Recv/Dropped : 0/20
AGG (2 ,3) PORT 4: Recv/Dropped : 0/79
AGG (2 ,3) PORT 5: Recv/Dropped : 0/75
AGG (2 ,3) PORT 6: Recv/Dropped : 0/69
AGG (2 ,3) PORT 7: Recv/Dropped : 0/47
AGG (3 ,0) PORT 0: Recv/Dropped : 0/56
AGG (3 ,0) PORT 1: Recv/Dropped : 0/69
AGG (3 ,0) PORT 2: Recv/Dropped : 0/58
AGG (3 ,0) PORT 3: Recv/Dropped : 0/69
AGG (3 ,0) PORT 4: Recv/Dropped : 0/78
AGG (3 ,0) PORT 5: Recv/Dropped : 0/63
AGG (3 ,0) PORT 6: Recv/Dropped : 0/67
AGG (3 ,0) PORT 7: Recv/Dropped : 0/72
AGG (3 ,1) PORT 0: Recv/Dropped : 0/54
AGG (3 ,1) PORT 1: Recv/Dropped : 0/34
AGG (3 ,1) PORT 2: Recv/Dropped : 0/30
AGG (3 ,1) PORT 3: Recv/Dropped : 0/94
AGG (3 ,1) PORT 4: Recv/Dropped : 0/79
AGG (3 ,1) PORT 5: Recv/Dropped : 0/89
AGG (3 ,1) PORT 6: Recv/Dropped : 0/70
AGG (3 ,1) PORT 7: Recv/Dropped : 0/72
AGG (3 ,2) PORT 0: Recv/Dropped : 0/30
AGG (3 ,2) PORT 1: Recv/Dropped : 0/67
AGG (3 ,2) PORT 2: Recv/Dropped : 0/43
AGG (3 ,2) PORT 3: Recv/Dropped : 0/61
AGG (3 ,2) PORT 4: Recv/Dropped : 0/75
AGG (3 ,2) PORT 5: Recv/Dropped : 0/60
AGG (3 ,2) PORT 6: Recv/Dropped : 0/70
AGG (3 ,2) PORT 7: Recv/Dropped : 0/74
AGG (3 ,3) PORT 0: Recv/Dropped : 0/43
AGG (3 ,3) PORT 1: Recv/Dropped : 0/26
AGG (3 ,3) PORT 2: Recv/Dropped : 0/37
AGG (3 ,3) PORT 3: Recv/Dropped : 0/24
AGG (3 ,3) PORT 4: Recv/Dropped : 0/135
AGG (3 ,3) PORT 5: Recv/Dropped : 0/62
AGG (3 ,3) PORT 6: Recv/Dropped : 0/73
AGG (3 ,3) PORT 7: Recv/Dropped : 0/49
AGG (4 ,0) PORT 0: Recv/Dropped : 0/80
AGG (4 ,0) PORT 1: Recv/Dropped : 0/26
AGG (4 ,0) PORT 2: Recv/Dropped : 0/12
AGG (4 ,0) PORT 3: Recv/Dropped : 0/14
AGG (4 ,0) PORT 4: Recv/Dropped : 0/67
AGG (4 ,0) PORT 5: Recv/Dropped : 0/138
AGG (4 ,0) PORT 6: Recv/Dropped : 0/53
AGG (4 ,0) PORT 7: Recv/Dropped : 0/50
AGG (4 ,1) PORT 0: Recv/Dropped : 0/29
AGG (4 ,1) PORT 1: Recv/Dropped : 0/37
AGG (4 ,1) PORT 2: Recv/Dropped : 0/24
AGG (4 ,1) PORT 3: Recv/Dropped : 0/40
AGG (4 ,1) PORT 4: Recv/Dropped : 0/65
AGG (4 ,1) PORT 5: Recv/Dropped : 0/41
AGG (4 ,1) PORT 6: Recv/Dropped : 0/34
AGG (4 ,1) PORT 7: Recv/Dropped : 0/37
AGG (4 ,2) PORT 0: Recv/Dropped : 0/44
AGG (4 ,2) PORT 1: Recv/Dropped : 0/52
AGG (4 ,2) PORT 2: Recv/Dropped : 0/58
AGG (4 ,2) PORT 3: Recv/Dropped : 0/35
AGG (4 ,2) PORT 4: Recv/Dropped : 0/55
AGG (4 ,2) PORT 5: Recv/Dropped : 0/55
AGG (4 ,2) PORT 6: Recv/Dropped : 0/60
AGG (4 ,2) PORT 7: Recv/Dropped : 0/56
AGG (4 ,3) PORT 0: Recv/Dropped : 0/31
AGG (4 ,3) PORT 1: Recv/Dropped : 0/37
AGG (4 ,3) PORT 2: Recv/Dropped : 0/30
AGG (4 ,3) PORT 3: Recv/Dropped : 0/30
AGG (4 ,3) PORT 4: Recv/Dropped : 0/73
AGG (4 ,3) PORT 5: Recv/Dropped : 0/49
AGG (4 ,3) PORT 6: Recv/Dropped : 0/41
AGG (4 ,3) PORT 7: Recv/Dropped : 0/39
AGG (5 ,0) PORT 0: Recv/Dropped : 0/49
AGG (5 ,0) PORT 1: Recv/Dropped : 0/54
AGG (5 ,0) PORT 2: Recv/Dropped : 0/57
AGG (5 ,0) PORT 3: Recv/Dropped : 0/41
AGG (5 ,0) PORT 4: Recv/Dropped : 0/66
AGG (5 ,0) PORT 5: Recv/Dropped : 0/82
AGG (5 ,0) PORT 6: Recv/Dropped : 0/55
AGG (5 ,0) PORT 7: Recv/Dropped : 0/77
AGG (5 ,1) PORT 0: Recv/Dropped : 0/28
AGG (5 ,1) PORT 1: Recv/Dropped : 0/36
AGG (5 ,1) PORT 2: Recv/Dropped : 0/32
AGG (5 ,1) PORT 3: Recv/Dropped : 0/32
AGG (5 ,1) PORT 4: Recv/Dropped : 0/74
AGG (5 ,1) PORT 5: Recv/Dropped : 0/83
AGG (5 ,1) PORT 6: Recv/Dropped : 0/88
AGG (5 ,1) PORT 7: Recv/Dropped : 0/39
AGG (5 ,2) PORT 0: Recv/Dropped : 0/54
AGG (5 ,2) PORT 1: Recv/Dropped : 0/44
AGG (5 ,2) PORT 2: Recv/Dropped : 0/41
AGG (5 ,2) PORT 3: Recv/Dropped : 0/51
AGG (5 ,2) PORT 4: Recv/Dropped : 0/82
AGG (5 ,2) PORT 5: Recv/Dropped : 0/72
AGG (5 ,2) PORT 6: Recv/Dropped : 0/67
AGG (5 ,2) PORT 7: Recv/Dropped : 0/54
AGG (5 ,3) PORT 0: Recv/Dropped : 0/47
AGG (5 ,3) PORT 1: Recv/Dropped : 0/47
AGG (5 ,3) PORT 2: Recv/Dropped : 0/44
AGG (5 ,3) PORT 3: Recv/Dropped : 0/51
AGG (5 ,3) PORT 4: Recv/Dropped : 0/59
AGG (5 ,3) PORT 5: Recv/Dropped : 0/76
AGG (5 ,3) PORT 6: Recv/Dropped : 0/50
AGG (5 ,3) PORT 7: Recv/Dropped : 0/66
AGG (6 ,0) PORT 0: Recv/Dropped : 0/14
AGG (6 ,0) PORT 1: Recv/Dropped : 0/16
AGG (6 ,0) PORT 2: Recv/Dropped : 0/14
AGG (6 ,0) PORT 3: Recv/Dropped : 0/24
AGG (6 ,0) PORT 4: Recv/Dropped : 0/33
AGG (6 ,0) PORT 5: Recv/Dropped : 0/78
AGG (6 ,0) PORT 6: Recv/Dropped : 0/46
AGG (6 ,0) PORT 7: Recv/Dropped : 0/67
AGG (6 ,1) PORT 0: Recv/Dropped : 0/32
AGG (6 ,1) PORT 1: Recv/Dropped : 0/39
AGG (6 ,1) PORT 2: Recv/Dropped : 0/32
AGG (6 ,1) PORT 3: Recv/Dropped : 0/26
AGG (6 ,1) PORT 4: Recv/Dropped : 0/38
AGG (6 ,1) PORT 5: Recv/Dropped : 0/48
AGG (6 ,1) PORT 6: Recv/Dropped : 0/63
AGG (6 ,1) PORT 7: Recv/Dropped : 0/51
AGG (6 ,2) PORT 0: Recv/Dropped : 0/30
AGG (6 ,2) PORT 1: Recv/Dropped : 0/36
AGG (6 ,2) PORT 2: Recv/Dropped : 0/30
AGG (6 ,2) PORT 3: Recv/Dropped : 0/33
AGG (6 ,2) PORT 4: Recv/Dropped : 0/41
AGG (6 ,2) PORT 5: Recv/Dropped : 0/58
AGG (6 ,2) PORT 6: Recv/Dropped : 0/75
AGG (6 ,2) PORT 7: Recv/Dropped : 0/65
AGG (6 ,3) PORT 0: Recv/Dropped : 0/67
AGG (6 ,3) PORT 1: Recv/Dropped : 0/60
AGG (6 ,3) PORT 2: Recv/Dropped : 0/63
AGG (6 ,3) PORT 3: Recv/Dropped : 0/58
AGG (6 ,3) PORT 4: Recv/Dropped : 0/50
AGG (6 ,3) PORT 5: Recv/Dropped : 0/66
AGG (6 ,3) PORT 6: Recv/Dropped : 0/64
AGG (6 ,3) PORT 7: Recv/Dropped : 0/58
AGG (7 ,0) PORT 0: Recv/Dropped : 0/52
AGG (7 ,0) PORT 1: Recv/Dropped : 0/42
AGG (7 ,0) PORT 2: Recv/Dropped : 0/46
AGG (7 ,0) PORT 3: Recv/Dropped : 0/50
AGG (7 ,0) PORT 4: Recv/Dropped : 0/98
AGG (7 ,0) PORT 5: Recv/Dropped : 0/84
AGG (7 ,0) PORT 6: Recv/Dropped : 0/107
AGG (7 ,0) PORT 7: Recv/Dropped : 0/88
AGG (7 ,1) PORT 0: Recv/Dropped : 0/66
AGG (7 ,1) PORT 1: Recv/Dropped : 0/58
AGG (7 ,1) PORT 2: Recv/Dropped : 0/65
AGG (7 ,1) PORT 3: Recv/Dropped : 0/59
AGG (7 ,1) PORT 4: Recv/Dropped : 0/104
AGG (7 ,1) PORT 5: Recv/Dropped : 0/86
AGG (7 ,1) PORT 6: Recv/Dropped : 0/86
AGG (7 ,1) PORT 7: Recv/Dropped : 0/78
AGG (7 ,2) PORT 0: Recv/Dropped : 0/59
AGG (7 ,2) PORT 1: Recv/Dropped : 0/68
AGG (7 ,2) PORT 2: Recv/Dropped : 0/56
AGG (7 ,2) PORT 3: Recv/Dropped : 0/65
AGG (7 ,2) PORT 4: Recv/Dropped : 0/106
AGG (7 ,2) PORT 5: Recv/Dropped : 0/81
AGG (7 ,2) PORT 6: Recv/Dropped : 0/82
AGG (7 ,2) PORT 7: Recv/Dropped : 0/102
AGG (7 ,3) PORT 0: Recv/Dropped : 0/62
AGG (7 ,3) PORT 1: Recv/Dropped : 0/59
AGG (7 ,3) PORT 2: Recv/Dropped : 0/68
AGG (7 ,3) PORT 3: Recv/Dropped : 0/59
AGG (7 ,3) PORT 4: Recv/Dropped : 0/102
AGG (7 ,3) PORT 5: Recv/Dropped : 0/87
AGG (7 ,3) PORT 6: Recv/Dropped : 0/93
AGG (7 ,3) PORT 7: Recv/Dropped : 0/77


TOTAL RECEIVED PACKETS = 58109
TOTAL DROPPED PACKETS = 177