QUEUE STATISTICS FOR EXPERIMENT 8495
---------------------------
 -- EDGE QUEUE STATISTICS --
EDGE (0 ,0) PORT 0: Recv/Dropped : 481/5811
EDGE (0 ,0) PORT 1: Recv/Dropped : 0/75
EDGE (0 ,0) PORT 2: Recv/Dropped : 0/79
EDGE (0 ,0) PORT 3: Recv/Dropped : 0/79
EDGE (0 ,0) PORT 4: Recv/Dropped : 0/1051
EDGE (0 ,0) PORT 5: Recv/Dropped : 0/1075
EDGE (0 ,0) PORT 6: Recv/Dropped : 0/1193
EDGE (0 ,0) PORT 7: Recv/Dropped : 0/983
EDGE (0 ,1) PORT 0: Recv/Dropped : 0/78
EDGE (0 ,1) PORT 1: Recv/Dropped : 0/81
EDGE (0 ,1) PORT 2: Recv/Dropped : 0/79
EDGE (0 ,1) PORT 3: Recv/Dropped : 0/79
EDGE (0 ,1) PORT 4: Recv/Dropped : 0/43
EDGE (0 ,1) PORT 5: Recv/Dropped : 0/146
EDGE (0 ,1) PORT 6: Recv/Dropped : 0/101
EDGE (0 ,1) PORT 7: Recv/Dropped : 0/111
EDGE (0 ,2) PORT 0: Recv/Dropped : 0/83
EDGE (0 ,2) PORT 1: Recv/Dropped : 0/76
EDGE (0 ,2) PORT 2: Recv/Dropped : 0/2
EDGE (0 ,2) PORT 3: Recv/Dropped : 0/2
EDGE (0 ,2) PORT 4: Recv/Dropped : 0/12
EDGE (0 ,2) PORT 5: Recv/Dropped : 0/45
EDGE (0 ,2) PORT 6: Recv/Dropped : 0/69
EDGE (0 ,2) PORT 7: Recv/Dropped : 0/82
EDGE (0 ,3) PORT 0: Recv/Dropped : 0/2
EDGE (0 ,3) PORT 1: Recv/Dropped : 0/77
EDGE (0 ,3) PORT 2: Recv/Dropped : 0/2
EDGE (0 ,3) PORT 3: Recv/Dropped : 0/83
EDGE (0 ,3) PORT 4: Recv/Dropped : 0/51
EDGE (0 ,3) PORT 5: Recv/Dropped : 0/76
EDGE (0 ,3) PORT 6: Recv/Dropped : 0/47
EDGE (0 ,3) PORT 7: Recv/Dropped : 0/41
EDGE (1 ,0) PORT 0: Recv/Dropped : 0/76
EDGE (1 ,0) PORT 1: Recv/Dropped : 0/75
EDGE (1 ,0) PORT 2: Recv/Dropped : 0/2
EDGE (1 ,0) PORT 3: Recv/Dropped : 0/2
EDGE (1 ,0) PORT 4: Recv/Dropped : 0/49
EDGE (1 ,0) PORT 5: Recv/Dropped : 0/46
EDGE (1 ,0) PORT 6: Recv/Dropped : 0/26
EDGE (1 ,0) PORT 7: Recv/Dropped : 0/91
EDGE (1 ,1) PORT 0: Recv/Dropped : 0/2
EDGE (1 ,1) PORT 1: Recv/Dropped : 0/78
EDGE (1 ,1) PORT 2: Recv/Dropped : 0/70
EDGE (1 ,1) PORT 3: Recv/Dropped : 0/79
EDGE (1 ,1) PORT 4: Recv/Dropped : 0/53
EDGE (1 ,1) PORT 5: Recv/Dropped : 0/80
EDGE (1 ,1) PORT 6: Recv/Dropped : 0/100
EDGE (1 ,1) PORT 7: Recv/Dropped : 0/73
EDGE (1 ,2) PORT 0: Recv/Dropped : 0/86
EDGE (1 ,2) PORT 1: Recv/Dropped : 0/2
EDGE (1 ,2) PORT 2: Recv/Dropped : 0/79
EDGE (1 ,2) PORT 3: Recv/Dropped : 0/71
EDGE (1 ,2) PORT 4: Recv/Dropped : 0/88
EDGE (1 ,2) PORT 5: Recv/Dropped : 0/98
EDGE (1 ,2) PORT 6: Recv/Dropped : 0/57
EDGE (1 ,2) PORT 7: Recv/Dropped : 0/68
EDGE (1 ,3) PORT 0: Recv/Dropped : 0/2
EDGE (1 ,3) PORT 1: Recv/Dropped : 0/81
EDGE (1 ,3) PORT 2: Recv/Dropped : 0/63
EDGE (1 ,3) PORT 3: Recv/Dropped : 0/4
EDGE (1 ,3) PORT 4: Recv/Dropped : 0/103
EDGE (1 ,3) PORT 5: Recv/Dropped : 0/41
EDGE (1 ,3) PORT 6: Recv/Dropped : 0/24
EDGE (1 ,3) PORT 7: Recv/Dropped : 0/46
EDGE (2 ,0) PORT 0: Recv/Dropped : 0/77
EDGE (2 ,0) PORT 1: Recv/Dropped : 0/75
EDGE (2 ,0) PORT 2: Recv/Dropped : 0/2
EDGE (2 ,0) PORT 3: Recv/Dropped : 0/2
EDGE (2 ,0) PORT 4: Recv/Dropped : 0/39
EDGE (2 ,0) PORT 5: Recv/Dropped : 0/84
EDGE (2 ,0) PORT 6: Recv/Dropped : 0/51
EDGE (2 ,0) PORT 7: Recv/Dropped : 0/34
EDGE (2 ,1) PORT 0: Recv/Dropped : 0/70
EDGE (2 ,1) PORT 1: Recv/Dropped : 0/2
EDGE (2 ,1) PORT 2: Recv/Dropped : 0/71
EDGE (2 ,1) PORT 3: Recv/Dropped : 0/0
EDGE (2 ,1) PORT 4: Recv/Dropped : 0/33
EDGE (2 ,1) PORT 5: Recv/Dropped : 0/55
EDGE (2 ,1) PORT 6: Recv/Dropped : 0/54
EDGE (2 ,1) PORT 7: Recv/Dropped : 0/68
EDGE (2 ,2) PORT 0: Recv/Dropped : 0/2
EDGE (2 ,2) PORT 1: Recv/Dropped : 0/72
EDGE (2 ,2) PORT 2: Recv/Dropped : 0/0
EDGE (2 ,2) PORT 3: Recv/Dropped : 0/4
EDGE (2 ,2) PORT 4: Recv/Dropped : 0/20
EDGE (2 ,2) PORT 5: Recv/Dropped : 0/26
EDGE (2 ,2) PORT 6: Recv/Dropped : 0/31
EDGE (2 ,2) PORT 7: Recv/Dropped : 0/37
EDGE (2 ,3) PORT 0: Recv/Dropped : 0/2
EDGE (2 ,3) PORT 1: Recv/Dropped : 0/77
EDGE (2 ,3) PORT 2: Recv/Dropped : 0/2
EDGE (2 ,3) PORT 3: Recv/Dropped : 0/0
EDGE (2 ,3) PORT 4: Recv/Dropped : 0/53
EDGE (2 ,3) PORT 5: Recv/Dropped : 0/22
EDGE (2 ,3) PORT 6: Recv/Dropped : 0/19
EDGE (2 ,3) PORT 7: Recv/Dropped : 0/16
EDGE (3 ,0) PORT 0: Recv/Dropped : 0/72
EDGE (3 ,0) PORT 1: Recv/Dropped : 0/2
EDGE (3 ,0) PORT 2: Recv/Dropped : 0/74
EDGE (3 ,0) PORT 3: Recv/Dropped : 0/2
EDGE (3 ,0) PORT 4: Recv/Dropped : 0/44
EDGE (3 ,0) PORT 5: Recv/Dropped : 0/49
EDGE (3 ,0) PORT 6: Recv/Dropped : 0/77
EDGE (3 ,0) PORT 7: Recv/Dropped : 0/38
EDGE (3 ,1) PORT 0: Recv/Dropped : 0/2
EDGE (3 ,1) PORT 1: Recv/Dropped : 0/74
EDGE (3 ,1) PORT 2: Recv/Dropped : 0/2
EDGE (3 ,1) PORT 3: Recv/Dropped : 0/2
EDGE (3 ,1) PORT 4: Recv/Dropped : 0/21
EDGE (3 ,1) PORT 5: Recv/Dropped : 0/34
EDGE (3 ,1) PORT 6: Recv/Dropped : 0/23
EDGE (3 ,1) PORT 7: Recv/Dropped : 0/40
EDGE (3 ,2) PORT 0: Recv/Dropped : 0/68
EDGE (3 ,2) PORT 1: Recv/Dropped : 0/73
EDGE (3 ,2) PORT 2: Recv/Dropped : 0/2
EDGE (3 ,2) PORT 3: Recv/Dropped : 0/0
EDGE (3 ,2) PORT 4: Recv/Dropped : 0/75
EDGE (3 ,2) PORT 5: Recv/Dropped : 0/58
EDGE (3 ,2) PORT 6: Recv/Dropped : 0/26
EDGE (3 ,2) PORT 7: Recv/Dropped : 0/51
EDGE (3 ,3) PORT 0: Recv/Dropped : 0/71
EDGE (3 ,3) PORT 1: Recv/Dropped : 0/73
EDGE (3 ,3) PORT 2: Recv/Dropped : 0/62
EDGE (3 ,3) PORT 3: Recv/Dropped : 0/75
EDGE (3 ,3) PORT 4: Recv/Dropped : 0/151
EDGE (3 ,3) PORT 5: Recv/Dropped : 0/72
EDGE (3 ,3) PORT 6: Recv/Dropped : 0/106
EDGE (3 ,3) PORT 7: Recv/Dropped : 0/75
EDGE (4 ,0) PORT 0: Recv/Dropped : 0/2
EDGE (4 ,0) PORT 1: Recv/Dropped : 0/72
EDGE (4 ,0) PORT 2: Recv/Dropped : 0/63
EDGE (4 ,0) PORT 3: Recv/Dropped : 0/75
EDGE (4 ,0) PORT 4: Recv/Dropped : 0/87
EDGE (4 ,0) PORT 5: Recv/Dropped : 0/62
EDGE (4 ,0) PORT 6: Recv/Dropped : 0/89
EDGE (4 ,0) PORT 7: Recv/Dropped : 0/69
EDGE (4 ,1) PORT 0: Recv/Dropped : 0/2
EDGE (4 ,1) PORT 1: Recv/Dropped : 0/80
EDGE (4 ,1) PORT 2: Recv/Dropped : 0/0
EDGE (4 ,1) PORT 3: Recv/Dropped : 0/0
EDGE (4 ,1) PORT 4: Recv/Dropped : 0/45
EDGE (4 ,1) PORT 5: Recv/Dropped : 0/25
EDGE (4 ,1) PORT 6: Recv/Dropped : 0/25
EDGE (4 ,1) PORT 7: Recv/Dropped : 0/21
EDGE (4 ,2) PORT 0: Recv/Dropped : 0/73
EDGE (4 ,2) PORT 1: Recv/Dropped : 0/2
EDGE (4 ,2) PORT 2: Recv/Dropped : 0/69
EDGE (4 ,2) PORT 3: Recv/Dropped : 0/0
EDGE (4 ,2) PORT 4: Recv/Dropped : 0/33
EDGE (4 ,2) PORT 5: Recv/Dropped : 0/46
EDGE (4 ,2) PORT 6: Recv/Dropped : 0/66
EDGE (4 ,2) PORT 7: Recv/Dropped : 0/63
EDGE (4 ,3) PORT 0: Recv/Dropped : 0/0
EDGE (4 ,3) PORT 1: Recv/Dropped : 0/2
EDGE (4 ,3) PORT 2: Recv/Dropped : 0/79
EDGE (4 ,3) PORT 3: Recv/Dropped : 0/76
EDGE (4 ,3) PORT 4: Recv/Dropped : 0/76
EDGE (4 ,3) PORT 5: Recv/Dropped : 0/45
EDGE (4 ,3) PORT 6: Recv/Dropped : 0/52
EDGE (4 ,3) PORT 7: Recv/Dropped : 0/41
EDGE (5 ,0) PORT 0: Recv/Dropped : 0/77
EDGE (5 ,0) PORT 1: Recv/Dropped : 0/72
EDGE (5 ,0) PORT 2: Recv/Dropped : 0/2
EDGE (5 ,0) PORT 3: Recv/Dropped : 0/81
EDGE (5 ,0) PORT 4: Recv/Dropped : 0/64
EDGE (5 ,0) PORT 5: Recv/Dropped : 0/82
EDGE (5 ,0) PORT 6: Recv/Dropped : 0/76
EDGE (5 ,0) PORT 7: Recv/Dropped : 0/90
EDGE (5 ,1) PORT 0: Recv/Dropped : 0/78
EDGE (5 ,1) PORT 1: Recv/Dropped : 0/77
EDGE (5 ,1) PORT 2: Recv/Dropped : 0/2
EDGE (5 ,1) PORT 3: Recv/Dropped : 0/2
EDGE (5 ,1) PORT 4: Recv/Dropped : 0/88
EDGE (5 ,1) PORT 5: Recv/Dropped : 0/45
EDGE (5 ,1) PORT 6: Recv/Dropped : 0/44
EDGE (5 ,1) PORT 7: Recv/Dropped : 0/38
EDGE (5 ,2) PORT 0: Recv/Dropped : 0/2
EDGE (5 ,2) PORT 1: Recv/Dropped : 0/2
EDGE (5 ,2) PORT 2: Recv/Dropped : 0/2
EDGE (5 ,2) PORT 3: Recv/Dropped : 0/2
EDGE (5 ,2) PORT 4: Recv/Dropped : 0/3
EDGE (5 ,2) PORT 5: Recv/Dropped : 0/14
EDGE (5 ,2) PORT 6: Recv/Dropped : 0/4
EDGE (5 ,2) PORT 7: Recv/Dropped : 0/1
EDGE (5 ,3) PORT 0: Recv/Dropped : 0/2
EDGE (5 ,3) PORT 1: Recv/Dropped : 0/2
EDGE (5 ,3) PORT 2: Recv/Dropped : 0/2
EDGE (5 ,3) PORT 3: Recv/Dropped : 0/0
EDGE (5 ,3) PORT 4: Recv/Dropped : 0/6
EDGE (5 ,3) PORT 5: Recv/Dropped : 0/11
EDGE (5 ,3) PORT 6: Recv/Dropped : 0/4
EDGE (5 ,3) PORT 7: Recv/Dropped : 0/0
EDGE (6 ,0) PORT 0: Recv/Dropped : 0/2
EDGE (6 ,0) PORT 1: Recv/Dropped : 0/0
EDGE (6 ,0) PORT 2: Recv/Dropped : 0/72
EDGE (6 ,0) PORT 3: Recv/Dropped : 0/76
EDGE (6 ,0) PORT 4: Recv/Dropped : 0/37
EDGE (6 ,0) PORT 5: Recv/Dropped : 0/59
EDGE (6 ,0) PORT 6: Recv/Dropped : 0/79
EDGE (6 ,0) PORT 7: Recv/Dropped : 0/40
EDGE (6 ,1) PORT 0: Recv/Dropped : 0/78
EDGE (6 ,1) PORT 1: Recv/Dropped : 0/2
EDGE (6 ,1) PORT 2: Recv/Dropped : 0/0
EDGE (6 ,1) PORT 3: Recv/Dropped : 0/0
EDGE (6 ,1) PORT 4: Recv/Dropped : 0/30
EDGE (6 ,1) PORT 5: Recv/Dropped : 0/33
EDGE (6 ,1) PORT 6: Recv/Dropped : 0/21
EDGE (6 ,1) PORT 7: Recv/Dropped : 0/30
EDGE (6 ,2) PORT 0: Recv/Dropped : 0/78
EDGE (6 ,2) PORT 1: Recv/Dropped : 0/2
EDGE (6 ,2) PORT 2: Recv/Dropped : 0/0
EDGE (6 ,2) PORT 3: Recv/Dropped : 0/2
EDGE (6 ,2) PORT 4: Recv/Dropped : 0/46
EDGE (6 ,2) PORT 5: Recv/Dropped : 0/9
EDGE (6 ,2) PORT 6: Recv/Dropped : 0/36
EDGE (6 ,2) PORT 7: Recv/Dropped : 0/25
EDGE (6 ,3) PORT 0: Recv/Dropped : 0/2
EDGE (6 ,3) PORT 1: Recv/Dropped : 0/74
EDGE (6 ,3) PORT 2: Recv/Dropped : 0/2
EDGE (6 ,3) PORT 3: Recv/Dropped : 0/0
EDGE (6 ,3) PORT 4: Recv/Dropped : 0/28
EDGE (6 ,3) PORT 5: Recv/Dropped : 0/16
EDGE (6 ,3) PORT 6: Recv/Dropped : 0/39
EDGE (6 ,3) PORT 7: Recv/Dropped : 0/34
EDGE (7 ,0) PORT 0: Recv/Dropped : 0/2
EDGE (7 ,0) PORT 1: Recv/Dropped : 0/73
EDGE (7 ,0) PORT 2: Recv/Dropped : 0/75
EDGE (7 ,0) PORT 3: Recv/Dropped : 0/2
EDGE (7 ,0) PORT 4: Recv/Dropped : 0/53
EDGE (7 ,0) PORT 5: Recv/Dropped : 0/67
EDGE (7 ,0) PORT 6: Recv/Dropped : 0/58
EDGE (7 ,0) PORT 7: Recv/Dropped : 0/35
EDGE (7 ,1) PORT 0: Recv/Dropped : 0/76
EDGE (7 ,1) PORT 1: Recv/Dropped : 0/0
EDGE (7 ,1) PORT 2: Recv/Dropped : 0/0
EDGE (7 ,1) PORT 3: Recv/Dropped : 0/2
EDGE (7 ,1) PORT 4: Recv/Dropped : 0/23
EDGE (7 ,1) PORT 5: Recv/Dropped : 0/14
EDGE (7 ,1) PORT 6: Recv/Dropped : 0/36
EDGE (7 ,1) PORT 7: Recv/Dropped : 0/41
EDGE (7 ,2) PORT 0: Recv/Dropped : 0/74
EDGE (7 ,2) PORT 1: Recv/Dropped : 0/74
EDGE (7 ,2) PORT 2: Recv/Dropped : 0/2
EDGE (7 ,2) PORT 3: Recv/Dropped : 0/0
EDGE (7 ,2) PORT 4: Recv/Dropped : 0/46
EDGE (7 ,2) PORT 5: Recv/Dropped : 0/59
EDGE (7 ,2) PORT 6: Recv/Dropped : 0/50
EDGE (7 ,2) PORT 7: Recv/Dropped : 0/56
EDGE (7 ,3) PORT 0: Recv/Dropped : 0/0
EDGE (7 ,3) PORT 1: Recv/Dropped : 0/0
EDGE (7 ,3) PORT 2: Recv/Dropped : 0/2
EDGE (7 ,3) PORT 3: Recv/Dropped : 0/2
EDGE (7 ,3) PORT 4: Recv/Dropped : 0/7
EDGE (7 ,3) PORT 5: Recv/Dropped : 0/1
EDGE (7 ,3) PORT 6: Recv/Dropped : 0/4
EDGE (7 ,3) PORT 7: Recv/Dropped : 0/5
 -- AGG QUEUE STATISTICS --
AGG (0 ,0) PORT 0: Recv/Dropped : 0/1507
AGG (0 ,0) PORT 1: Recv/Dropped : 0/1520
AGG (0 ,0) PORT 2: Recv/Dropped : 0/1494
AGG (0 ,0) PORT 3: Recv/Dropped : 0/1460
AGG (0 ,0) PORT 4: Recv/Dropped : 0/241
AGG (0 ,0) PORT 5: Recv/Dropped : 0/173
AGG (0 ,0) PORT 6: Recv/Dropped : 0/189
AGG (0 ,0) PORT 7: Recv/Dropped : 0/230
AGG (0 ,1) PORT 0: Recv/Dropped : 0/107
AGG (0 ,1) PORT 1: Recv/Dropped : 0/66
AGG (0 ,1) PORT 2: Recv/Dropped : 0/107
AGG (0 ,1) PORT 3: Recv/Dropped : 0/37
AGG (0 ,1) PORT 4: Recv/Dropped : 0/215
AGG (0 ,1) PORT 5: Recv/Dropped : 0/267
AGG (0 ,1) PORT 6: Recv/Dropped : 0/202
AGG (0 ,1) PORT 7: Recv/Dropped : 0/247
AGG (0 ,2) PORT 0: Recv/Dropped : 0/76
AGG (0 ,2) PORT 1: Recv/Dropped : 0/25
AGG (0 ,2) PORT 2: Recv/Dropped : 0/21
AGG (0 ,2) PORT 3: Recv/Dropped : 0/41
AGG (0 ,2) PORT 4: Recv/Dropped : 0/245
AGG (0 ,2) PORT 5: Recv/Dropped : 0/263
AGG (0 ,2) PORT 6: Recv/Dropped : 0/201
AGG (0 ,2) PORT 7: Recv/Dropped : 0/325
AGG (0 ,3) PORT 0: Recv/Dropped : 0/35
AGG (0 ,3) PORT 1: Recv/Dropped : 0/53
AGG (0 ,3) PORT 2: Recv/Dropped : 0/31
AGG (0 ,3) PORT 3: Recv/Dropped : 0/45
AGG (0 ,3) PORT 4: Recv/Dropped : 0/193
AGG (0 ,3) PORT 5: Recv/Dropped : 0/220
AGG (0 ,3) PORT 6: Recv/Dropped : 0/200
AGG (0 ,3) PORT 7: Recv/Dropped : 0/247
AGG (1 ,0) PORT 0: Recv/Dropped : 0/24
AGG (1 ,0) PORT 1: Recv/Dropped : 0/61
AGG (1 ,0) PORT 2: Recv/Dropped : 0/44
AGG (1 ,0) PORT 3: Recv/Dropped : 0/26
AGG (1 ,0) PORT 4: Recv/Dropped : 0/121
AGG (1 ,0) PORT 5: Recv/Dropped : 0/47
AGG (1 ,0) PORT 6: Recv/Dropped : 0/83
AGG (1 ,0) PORT 7: Recv/Dropped : 0/42
AGG (1 ,1) PORT 0: Recv/Dropped : 0/39
AGG (1 ,1) PORT 1: Recv/Dropped : 0/46
AGG (1 ,1) PORT 2: Recv/Dropped : 0/75
AGG (1 ,1) PORT 3: Recv/Dropped : 0/69
AGG (1 ,1) PORT 4: Recv/Dropped : 0/119
AGG (1 ,1) PORT 5: Recv/Dropped : 0/41
AGG (1 ,1) PORT 6: Recv/Dropped : 0/49
AGG (1 ,1) PORT 7: Recv/Dropped : 0/56
AGG (1 ,2) PORT 0: Recv/Dropped : 0/37
AGG (1 ,2) PORT 1: Recv/Dropped : 0/57
AGG (1 ,2) PORT 2: Recv/Dropped : 0/43
AGG (1 ,2) PORT 3: Recv/Dropped : 0/101
AGG (1 ,2) PORT 4: Recv/Dropped : 0/43
AGG (1 ,2) PORT 5: Recv/Dropped : 0/65
AGG (1 ,2) PORT 6: Recv/Dropped : 0/56
AGG (1 ,2) PORT 7: Recv/Dropped : 0/43
AGG (1 ,3) PORT 0: Recv/Dropped : 0/38
AGG (1 ,3) PORT 1: Recv/Dropped : 0/28
AGG (1 ,3) PORT 2: Recv/Dropped : 0/68
AGG (1 ,3) PORT 3: Recv/Dropped : 0/16
AGG (1 ,3) PORT 4: Recv/Dropped : 0/89
AGG (1 ,3) PORT 5: Recv/Dropped : 0/81
AGG (1 ,3) PORT 6: Recv/Dropped : 0/80
AGG (1 ,3) PORT 7: Recv/Dropped : 0/28
AGG (2 ,0) PORT 0: Recv/Dropped : 0/27
AGG (2 ,0) PORT 1: Recv/Dropped : 0/36
AGG (2 ,0) PORT 2: Recv/Dropped : 0/65
AGG (2 ,0) PORT 3: Recv/Dropped : 0/28
AGG (2 ,0) PORT 4: Recv/Dropped : 0/35
AGG (2 ,0) PORT 5: Recv/Dropped : 0/28
AGG (2 ,0) PORT 6: Recv/Dropped : 0/33
AGG (2 ,0) PORT 7: Recv/Dropped : 0/49
AGG (2 ,1) PORT 0: Recv/Dropped : 0/39
AGG (2 ,1) PORT 1: Recv/Dropped : 0/32
AGG (2 ,1) PORT 2: Recv/Dropped : 0/38
AGG (2 ,1) PORT 3: Recv/Dropped : 0/34
AGG (2 ,1) PORT 4: Recv/Dropped : 0/39
AGG (2 ,1) PORT 5: Recv/Dropped : 0/43
AGG (2 ,1) PORT 6: Recv/Dropped : 0/31
AGG (2 ,1) PORT 7: Recv/Dropped : 0/74
AGG (2 ,2) PORT 0: Recv/Dropped : 0/24
AGG (2 ,2) PORT 1: Recv/Dropped : 0/17
AGG (2 ,2) PORT 2: Recv/Dropped : 0/17
AGG (2 ,2) PORT 3: Recv/Dropped : 0/20
AGG (2 ,2) PORT 4: Recv/Dropped : 0/34
AGG (2 ,2) PORT 5: Recv/Dropped : 0/21
AGG (2 ,2) PORT 6: Recv/Dropped : 0/45
AGG (2 ,2) PORT 7: Recv/Dropped : 0/55
AGG (2 ,3) PORT 0: Recv/Dropped : 0/9
AGG (2 ,3) PORT 1: Recv/Dropped : 0/19
AGG (2 ,3) PORT 2: Recv/Dropped : 0/37
AGG (2 ,3) PORT 3: Recv/Dropped : 0/16
AGG (2 ,3) PORT 4: Recv/Dropped : 0/34
AGG (2 ,3) PORT 5: Recv/Dropped : 0/25
AGG (2 ,3) PORT 6: Recv/Dropped : 0/51
AGG (2 ,3) PORT 7: Recv/Dropped : 0/45
AGG (3 ,0) PORT 0: Recv/Dropped : 0/39
AGG (3 ,0) PORT 1: Recv/Dropped : 0/39
AGG (3 ,0) PORT 2: Recv/Dropped : 0/28
AGG (3 ,0) PORT 3: Recv/Dropped : 0/44
AGG (3 ,0) PORT 4: Recv/Dropped : 0/135
AGG (3 ,0) PORT 5: Recv/Dropped : 0/32
AGG (3 ,0) PORT 6: Recv/Dropped : 0/71
AGG (3 ,0) PORT 7: Recv/Dropped : 0/53
AGG (3 ,1) PORT 0: Recv/Dropped : 0/22
AGG (3 ,1) PORT 1: Recv/Dropped : 0/21
AGG (3 ,1) PORT 2: Recv/Dropped : 0/20
AGG (3 ,1) PORT 3: Recv/Dropped : 0/17
AGG (3 ,1) PORT 4: Recv/Dropped : 0/63
AGG (3 ,1) PORT 5: Recv/Dropped : 0/48
AGG (3 ,1) PORT 6: Recv/Dropped : 0/49
AGG (3 ,1) PORT 7: Recv/Dropped : 0/53
AGG (3 ,2) PORT 0: Recv/Dropped : 0/44
AGG (3 ,2) PORT 1: Recv/Dropped : 0/36
AGG (3 ,2) PORT 2: Recv/Dropped : 0/36
AGG (3 ,2) PORT 3: Recv/Dropped : 0/27
AGG (3 ,2) PORT 4: Recv/Dropped : 0/50
AGG (3 ,2) PORT 5: Recv/Dropped : 0/43
AGG (3 ,2) PORT 6: Recv/Dropped : 0/55
AGG (3 ,2) PORT 7: Recv/Dropped : 0/84
AGG (3 ,3) PORT 0: Recv/Dropped : 0/53
AGG (3 ,3) PORT 1: Recv/Dropped : 0/59
AGG (3 ,3) PORT 2: Recv/Dropped : 0/114
AGG (3 ,3) PORT 3: Recv/Dropped : 0/55
AGG (3 ,3) PORT 4: Recv/Dropped : 0/31
AGG (3 ,3) PORT 5: Recv/Dropped : 0/60
AGG (3 ,3) PORT 6: Recv/Dropped : 0/75
AGG (3 ,3) PORT 7: Recv/Dropped : 0/38
AGG (4 ,0) PORT 0: Recv/Dropped : 0/56
AGG (4 ,0) PORT 1: Recv/Dropped : 0/56
AGG (4 ,0) PORT 2: Recv/Dropped : 0/43
AGG (4 ,0) PORT 3: Recv/Dropped : 0/57
AGG (4 ,0) PORT 4: Recv/Dropped : 0/72
AGG (4 ,0) PORT 5: Recv/Dropped : 0/51
AGG (4 ,0) PORT 6: Recv/Dropped : 0/65
AGG (4 ,0) PORT 7: Recv/Dropped : 0/53
AGG (4 ,1) PORT 0: Recv/Dropped : 0/20
AGG (4 ,1) PORT 1: Recv/Dropped : 0/24
AGG (4 ,1) PORT 2: Recv/Dropped : 0/22
AGG (4 ,1) PORT 3: Recv/Dropped : 0/16
AGG (4 ,1) PORT 4: Recv/Dropped : 0/58
AGG (4 ,1) PORT 5: Recv/Dropped : 0/43
AGG (4 ,1) PORT 6: Recv/Dropped : 0/33
AGG (4 ,1) PORT 7: Recv/Dropped : 0/44
AGG (4 ,2) PORT 0: Recv/Dropped : 0/39
AGG (4 ,2) PORT 1: Recv/Dropped : 0/50
AGG (4 ,2) PORT 2: Recv/Dropped : 0/22
AGG (4 ,2) PORT 3: Recv/Dropped : 0/33
AGG (4 ,2) PORT 4: Recv/Dropped : 0/33
AGG (4 ,2) PORT 5: Recv/Dropped : 0/63
AGG (4 ,2) PORT 6: Recv/Dropped : 0/78
AGG (4 ,2) PORT 7: Recv/Dropped : 0/58
AGG (4 ,3) PORT 0: Recv/Dropped : 0/55
AGG (4 ,3) PORT 1: Recv/Dropped : 0/35
AGG (4 ,3) PORT 2: Recv/Dropped : 0/28
AGG (4 ,3) PORT 3: Recv/Dropped : 0/39
AGG (4 ,3) PORT 4: Recv/Dropped : 0/65
AGG (4 ,3) PORT 5: Recv/Dropped : 0/60
AGG (4 ,3) PORT 6: Recv/Dropped : 0/32
AGG (4 ,3) PORT 7: Recv/Dropped : 0/37
AGG (5 ,0) PORT 0: Recv/Dropped : 0/64
AGG (5 ,0) PORT 1: Recv/Dropped : 0/56
AGG (5 ,0) PORT 2: Recv/Dropped : 0/57
AGG (5 ,0) PORT 3: Recv/Dropped : 0/55
AGG (5 ,0) PORT 4: Recv/Dropped : 0/33
AGG (5 ,0) PORT 5: Recv/Dropped : 0/73
AGG (5 ,0) PORT 6: Recv/Dropped : 0/20
AGG (5 ,0) PORT 7: Recv/Dropped : 0/35
AGG (5 ,1) PORT 0: Recv/Dropped : 0/27
AGG (5 ,1) PORT 1: Recv/Dropped : 0/24
AGG (5 ,1) PORT 2: Recv/Dropped : 0/85
AGG (5 ,1) PORT 3: Recv/Dropped : 0/23
AGG (5 ,1) PORT 4: Recv/Dropped : 0/31
AGG (5 ,1) PORT 5: Recv/Dropped : 0/39
AGG (5 ,1) PORT 6: Recv/Dropped : 0/60
AGG (5 ,1) PORT 7: Recv/Dropped : 0/22
AGG (5 ,2) PORT 0: Recv/Dropped : 0/4
AGG (5 ,2) PORT 1: Recv/Dropped : 0/2
AGG (5 ,2) PORT 2: Recv/Dropped : 0/1
AGG (5 ,2) PORT 3: Recv/Dropped : 0/1
AGG (5 ,2) PORT 4: Recv/Dropped : 0/26
AGG (5 ,2) PORT 5: Recv/Dropped : 0/24
AGG (5 ,2) PORT 6: Recv/Dropped : 0/48
AGG (5 ,2) PORT 7: Recv/Dropped : 0/30
AGG (5 ,3) PORT 0: Recv/Dropped : 0/1
AGG (5 ,3) PORT 1: Recv/Dropped : 0/1
AGG (5 ,3) PORT 2: Recv/Dropped : 0/1
AGG (5 ,3) PORT 3: Recv/Dropped : 0/3
AGG (5 ,3) PORT 4: Recv/Dropped : 0/32
AGG (5 ,3) PORT 5: Recv/Dropped : 0/46
AGG (5 ,3) PORT 6: Recv/Dropped : 0/26
AGG (5 ,3) PORT 7: Recv/Dropped : 0/25
AGG (6 ,0) PORT 0: Recv/Dropped : 0/19
AGG (6 ,0) PORT 1: Recv/Dropped : 0/65
AGG (6 ,0) PORT 2: Recv/Dropped : 0/38
AGG (6 ,0) PORT 3: Recv/Dropped : 0/28
AGG (6 ,0) PORT 4: Recv/Dropped : 0/22
AGG (6 ,0) PORT 5: Recv/Dropped : 0/23
AGG (6 ,0) PORT 6: Recv/Dropped : 0/35
AGG (6 ,0) PORT 7: Recv/Dropped : 0/61
AGG (6 ,1) PORT 0: Recv/Dropped : 0/14
AGG (6 ,1) PORT 1: Recv/Dropped : 0/27
AGG (6 ,1) PORT 2: Recv/Dropped : 0/14
AGG (6 ,1) PORT 3: Recv/Dropped : 0/25
AGG (6 ,1) PORT 4: Recv/Dropped : 0/13
AGG (6 ,1) PORT 5: Recv/Dropped : 0/24
AGG (6 ,1) PORT 6: Recv/Dropped : 0/41
AGG (6 ,1) PORT 7: Recv/Dropped : 0/39
AGG (6 ,2) PORT 0: Recv/Dropped : 0/22
AGG (6 ,2) PORT 1: Recv/Dropped : 0/28
AGG (6 ,2) PORT 2: Recv/Dropped : 0/16
AGG (6 ,2) PORT 3: Recv/Dropped : 0/16
AGG (6 ,2) PORT 4: Recv/Dropped : 0/25
AGG (6 ,2) PORT 5: Recv/Dropped : 0/57
AGG (6 ,2) PORT 6: Recv/Dropped : 0/38
AGG (6 ,2) PORT 7: Recv/Dropped : 0/55
AGG (6 ,3) PORT 0: Recv/Dropped : 0/14
AGG (6 ,3) PORT 1: Recv/Dropped : 0/23
AGG (6 ,3) PORT 2: Recv/Dropped : 0/21
AGG (6 ,3) PORT 3: Recv/Dropped : 0/20
AGG (6 ,3) PORT 4: Recv/Dropped : 0/34
AGG (6 ,3) PORT 5: Recv/Dropped : 0/51
AGG (6 ,3) PORT 6: Recv/Dropped : 0/25
AGG (6 ,3) PORT 7: Recv/Dropped : 0/19
AGG (7 ,0) PORT 0: Recv/Dropped : 0/41
AGG (7 ,0) PORT 1: Recv/Dropped : 0/35
AGG (7 ,0) PORT 2: Recv/Dropped : 0/34
AGG (7 ,0) PORT 3: Recv/Dropped : 0/42
AGG (7 ,0) PORT 4: Recv/Dropped : 0/35
AGG (7 ,0) PORT 5: Recv/Dropped : 0/39
AGG (7 ,0) PORT 6: Recv/Dropped : 0/36
AGG (7 ,0) PORT 7: Recv/Dropped : 0/19
AGG (7 ,1) PORT 0: Recv/Dropped : 0/12
AGG (7 ,1) PORT 1: Recv/Dropped : 0/17
AGG (7 ,1) PORT 2: Recv/Dropped : 0/31
AGG (7 ,1) PORT 3: Recv/Dropped : 0/18
AGG (7 ,1) PORT 4: Recv/Dropped : 0/38
AGG (7 ,1) PORT 5: Recv/Dropped : 0/30
AGG (7 ,1) PORT 6: Recv/Dropped : 0/14
AGG (7 ,1) PORT 7: Recv/Dropped : 0/59
AGG (7 ,2) PORT 0: Recv/Dropped : 0/49
AGG (7 ,2) PORT 1: Recv/Dropped : 0/35
AGG (7 ,2) PORT 2: Recv/Dropped : 0/35
AGG (7 ,2) PORT 3: Recv/Dropped : 0/31
AGG (7 ,2) PORT 4: Recv/Dropped : 0/50
AGG (7 ,2) PORT 5: Recv/Dropped : 0/47
AGG (7 ,2) PORT 6: Recv/Dropped : 0/19
AGG (7 ,2) PORT 7: Recv/Dropped : 0/32
AGG (7 ,3) PORT 0: Recv/Dropped : 0/1
AGG (7 ,3) PORT 1: Recv/Dropped : 0/2
AGG (7 ,3) PORT 2: Recv/Dropped : 0/1
AGG (7 ,3) PORT 3: Recv/Dropped : 0/0
AGG (7 ,3) PORT 4: Recv/Dropped : 0/57
AGG (7 ,3) PORT 5: Recv/Dropped : 0/33
AGG (7 ,3) PORT 6: Recv/Dropped : 0/25
AGG (7 ,3) PORT 7: Recv/Dropped : 0/22


TOTAL RECEIVED PACKETS = 39727
TOTAL DROPPED PACKETS = 481