QUEUE STATISTICS FOR EXPERIMENT 2834
---------------------------
 -- EDGE QUEUE STATISTICS --
EDGE (0 ,0) PORT 0: Recv/Dropped : 0/1992
EDGE (0 ,0) PORT 1: Recv/Dropped : 0/1709
EDGE (0 ,0) PORT 2: Recv/Dropped : 0/2414
EDGE (0 ,0) PORT 3: Recv/Dropped : 0/3035
EDGE (0 ,0) PORT 4: Recv/Dropped : 0/2077
EDGE (0 ,0) PORT 5: Recv/Dropped : 0/1535
EDGE (0 ,0) PORT 6: Recv/Dropped : 0/2102
EDGE (0 ,0) PORT 7: Recv/Dropped : 0/2585
EDGE (0 ,1) PORT 0: Recv/Dropped : 0/1966
EDGE (0 ,1) PORT 1: Recv/Dropped : 0/1716
EDGE (0 ,1) PORT 2: Recv/Dropped : 0/2329
EDGE (0 ,1) PORT 3: Recv/Dropped : 0/2901
EDGE (0 ,1) PORT 4: Recv/Dropped : 0/2013
EDGE (0 ,1) PORT 5: Recv/Dropped : 0/1272
EDGE (0 ,1) PORT 6: Recv/Dropped : 0/1894
EDGE (0 ,1) PORT 7: Recv/Dropped : 0/1519
EDGE (0 ,2) PORT 0: Recv/Dropped : 0/1533
EDGE (0 ,2) PORT 1: Recv/Dropped : 0/1968
EDGE (0 ,2) PORT 2: Recv/Dropped : 0/4082
EDGE (0 ,2) PORT 3: Recv/Dropped : 0/1401
EDGE (0 ,2) PORT 4: Recv/Dropped : 0/2581
EDGE (0 ,2) PORT 5: Recv/Dropped : 0/1705
EDGE (0 ,2) PORT 6: Recv/Dropped : 0/1028
EDGE (0 ,2) PORT 7: Recv/Dropped : 0/2406
EDGE (0 ,3) PORT 0: Recv/Dropped : 0/4838
EDGE (0 ,3) PORT 1: Recv/Dropped : 0/2689
EDGE (0 ,3) PORT 2: Recv/Dropped : 0/3347
EDGE (0 ,3) PORT 3: Recv/Dropped : 0/3256
EDGE (0 ,3) PORT 4: Recv/Dropped : 0/4753
EDGE (0 ,3) PORT 5: Recv/Dropped : 0/3784
EDGE (0 ,3) PORT 6: Recv/Dropped : 0/1957
EDGE (0 ,3) PORT 7: Recv/Dropped : 0/2035
EDGE (1 ,0) PORT 0: Recv/Dropped : 0/2652
EDGE (1 ,0) PORT 1: Recv/Dropped : 0/1711
EDGE (1 ,0) PORT 2: Recv/Dropped : 0/3060
EDGE (1 ,0) PORT 3: Recv/Dropped : 0/2982
EDGE (1 ,0) PORT 4: Recv/Dropped : 0/1785
EDGE (1 ,0) PORT 5: Recv/Dropped : 0/2350
EDGE (1 ,0) PORT 6: Recv/Dropped : 0/1842
EDGE (1 ,0) PORT 7: Recv/Dropped : 0/1326
EDGE (1 ,1) PORT 0: Recv/Dropped : 0/3776
EDGE (1 ,1) PORT 1: Recv/Dropped : 0/2185
EDGE (1 ,1) PORT 2: Recv/Dropped : 0/2554
EDGE (1 ,1) PORT 3: Recv/Dropped : 0/1856
EDGE (1 ,1) PORT 4: Recv/Dropped : 0/2959
EDGE (1 ,1) PORT 5: Recv/Dropped : 0/1404
EDGE (1 ,1) PORT 6: Recv/Dropped : 0/1559
EDGE (1 ,1) PORT 7: Recv/Dropped : 0/1860
EDGE (1 ,2) PORT 0: Recv/Dropped : 0/1489
EDGE (1 ,2) PORT 1: Recv/Dropped : 0/1216
EDGE (1 ,2) PORT 2: Recv/Dropped : 0/2317
EDGE (1 ,2) PORT 3: Recv/Dropped : 0/1811
EDGE (1 ,2) PORT 4: Recv/Dropped : 0/1810
EDGE (1 ,2) PORT 5: Recv/Dropped : 0/2086
EDGE (1 ,2) PORT 6: Recv/Dropped : 0/1248
EDGE (1 ,2) PORT 7: Recv/Dropped : 0/1443
EDGE (1 ,3) PORT 0: Recv/Dropped : 0/1621
EDGE (1 ,3) PORT 1: Recv/Dropped : 0/3258
EDGE (1 ,3) PORT 2: Recv/Dropped : 0/2276
EDGE (1 ,3) PORT 3: Recv/Dropped : 0/1894
EDGE (1 ,3) PORT 4: Recv/Dropped : 0/1666
EDGE (1 ,3) PORT 5: Recv/Dropped : 0/3480
EDGE (1 ,3) PORT 6: Recv/Dropped : 0/1826
EDGE (1 ,3) PORT 7: Recv/Dropped : 0/1234
EDGE (2 ,0) PORT 0: Recv/Dropped : 0/2898
EDGE (2 ,0) PORT 1: Recv/Dropped : 0/2791
EDGE (2 ,0) PORT 2: Recv/Dropped : 0/5096
EDGE (2 ,0) PORT 3: Recv/Dropped : 0/3926
EDGE (2 ,0) PORT 4: Recv/Dropped : 0/2108
EDGE (2 ,0) PORT 5: Recv/Dropped : 0/4384
EDGE (2 ,0) PORT 6: Recv/Dropped : 0/4485
EDGE (2 ,0) PORT 7: Recv/Dropped : 0/2523
EDGE (2 ,1) PORT 0: Recv/Dropped : 0/3345
EDGE (2 ,1) PORT 1: Recv/Dropped : 0/1942
EDGE (2 ,1) PORT 2: Recv/Dropped : 0/2033
EDGE (2 ,1) PORT 3: Recv/Dropped : 0/2867
EDGE (2 ,1) PORT 4: Recv/Dropped : 0/2501
EDGE (2 ,1) PORT 5: Recv/Dropped : 0/2819
EDGE (2 ,1) PORT 6: Recv/Dropped : 0/829
EDGE (2 ,1) PORT 7: Recv/Dropped : 0/3256
EDGE (2 ,2) PORT 0: Recv/Dropped : 0/4349
EDGE (2 ,2) PORT 1: Recv/Dropped : 0/3092
EDGE (2 ,2) PORT 2: Recv/Dropped : 0/2202
EDGE (2 ,2) PORT 3: Recv/Dropped : 0/2801
EDGE (2 ,2) PORT 4: Recv/Dropped : 0/2955
EDGE (2 ,2) PORT 5: Recv/Dropped : 0/1791
EDGE (2 ,2) PORT 6: Recv/Dropped : 0/3992
EDGE (2 ,2) PORT 7: Recv/Dropped : 0/1916
EDGE (2 ,3) PORT 0: Recv/Dropped : 0/2397
EDGE (2 ,3) PORT 1: Recv/Dropped : 0/2443
EDGE (2 ,3) PORT 2: Recv/Dropped : 0/1810
EDGE (2 ,3) PORT 3: Recv/Dropped : 0/2819
EDGE (2 ,3) PORT 4: Recv/Dropped : 0/1750
EDGE (2 ,3) PORT 5: Recv/Dropped : 0/2171
EDGE (2 ,3) PORT 6: Recv/Dropped : 0/2185
EDGE (2 ,3) PORT 7: Recv/Dropped : 0/2288
EDGE (3 ,0) PORT 0: Recv/Dropped : 0/1434
EDGE (3 ,0) PORT 1: Recv/Dropped : 0/2684
EDGE (3 ,0) PORT 2: Recv/Dropped : 0/2726
EDGE (3 ,0) PORT 3: Recv/Dropped : 0/3920
EDGE (3 ,0) PORT 4: Recv/Dropped : 0/1887
EDGE (3 ,0) PORT 5: Recv/Dropped : 0/2413
EDGE (3 ,0) PORT 6: Recv/Dropped : 0/1449
EDGE (3 ,0) PORT 7: Recv/Dropped : 0/2536
EDGE (3 ,1) PORT 0: Recv/Dropped : 0/3929
EDGE (3 ,1) PORT 1: Recv/Dropped : 0/1921
EDGE (3 ,1) PORT 2: Recv/Dropped : 0/2718
EDGE (3 ,1) PORT 3: Recv/Dropped : 0/3160
EDGE (3 ,1) PORT 4: Recv/Dropped : 0/2724
EDGE (3 ,1) PORT 5: Recv/Dropped : 0/2838
EDGE (3 ,1) PORT 6: Recv/Dropped : 0/2162
EDGE (3 ,1) PORT 7: Recv/Dropped : 0/1999
EDGE (3 ,2) PORT 0: Recv/Dropped : 0/2128
EDGE (3 ,2) PORT 1: Recv/Dropped : 0/1501
EDGE (3 ,2) PORT 2: Recv/Dropped : 0/1853
EDGE (3 ,2) PORT 3: Recv/Dropped : 0/1562
EDGE (3 ,2) PORT 4: Recv/Dropped : 0/1157
EDGE (3 ,2) PORT 5: Recv/Dropped : 0/1022
EDGE (3 ,2) PORT 6: Recv/Dropped : 0/1718
EDGE (3 ,2) PORT 7: Recv/Dropped : 0/1444
EDGE (3 ,3) PORT 0: Recv/Dropped : 0/2098
EDGE (3 ,3) PORT 1: Recv/Dropped : 0/4235
EDGE (3 ,3) PORT 2: Recv/Dropped : 0/2626
EDGE (3 ,3) PORT 3: Recv/Dropped : 0/2240
EDGE (3 ,3) PORT 4: Recv/Dropped : 0/2524
EDGE (3 ,3) PORT 5: Recv/Dropped : 0/1823
EDGE (3 ,3) PORT 6: Recv/Dropped : 0/1767
EDGE (3 ,3) PORT 7: Recv/Dropped : 0/1288
EDGE (4 ,0) PORT 0: Recv/Dropped : 0/2790
EDGE (4 ,0) PORT 1: Recv/Dropped : 0/4489
EDGE (4 ,0) PORT 2: Recv/Dropped : 0/2520
EDGE (4 ,0) PORT 3: Recv/Dropped : 0/1843
EDGE (4 ,0) PORT 4: Recv/Dropped : 0/767
EDGE (4 ,0) PORT 5: Recv/Dropped : 0/1983
EDGE (4 ,0) PORT 6: Recv/Dropped : 0/3259
EDGE (4 ,0) PORT 7: Recv/Dropped : 0/3829
EDGE (4 ,1) PORT 0: Recv/Dropped : 0/1495
EDGE (4 ,1) PORT 1: Recv/Dropped : 0/2971
EDGE (4 ,1) PORT 2: Recv/Dropped : 0/2442
EDGE (4 ,1) PORT 3: Recv/Dropped : 0/3044
EDGE (4 ,1) PORT 4: Recv/Dropped : 0/1826
EDGE (4 ,1) PORT 5: Recv/Dropped : 0/1223
EDGE (4 ,1) PORT 6: Recv/Dropped : 0/1622
EDGE (4 ,1) PORT 7: Recv/Dropped : 0/2046
EDGE (4 ,2) PORT 0: Recv/Dropped : 0/3162
EDGE (4 ,2) PORT 1: Recv/Dropped : 0/3358
EDGE (4 ,2) PORT 2: Recv/Dropped : 0/2525
EDGE (4 ,2) PORT 3: Recv/Dropped : 0/2620
EDGE (4 ,2) PORT 4: Recv/Dropped : 0/1888
EDGE (4 ,2) PORT 5: Recv/Dropped : 0/1518
EDGE (4 ,2) PORT 6: Recv/Dropped : 0/2034
EDGE (4 ,2) PORT 7: Recv/Dropped : 0/2395
EDGE (4 ,3) PORT 0: Recv/Dropped : 0/2262
EDGE (4 ,3) PORT 1: Recv/Dropped : 0/1947
EDGE (4 ,3) PORT 2: Recv/Dropped : 0/2596
EDGE (4 ,3) PORT 3: Recv/Dropped : 0/2980
EDGE (4 ,3) PORT 4: Recv/Dropped : 0/1321
EDGE (4 ,3) PORT 5: Recv/Dropped : 0/1619
EDGE (4 ,3) PORT 6: Recv/Dropped : 0/1941
EDGE (4 ,3) PORT 7: Recv/Dropped : 0/2228
EDGE (5 ,0) PORT 0: Recv/Dropped : 0/3889
EDGE (5 ,0) PORT 1: Recv/Dropped : 0/2551
EDGE (5 ,0) PORT 2: Recv/Dropped : 0/2855
EDGE (5 ,0) PORT 3: Recv/Dropped : 0/3722
EDGE (5 ,0) PORT 4: Recv/Dropped : 0/1406
EDGE (5 ,0) PORT 5: Recv/Dropped : 0/2285
EDGE (5 ,0) PORT 6: Recv/Dropped : 0/2465
EDGE (5 ,0) PORT 7: Recv/Dropped : 0/1681
EDGE (5 ,1) PORT 0: Recv/Dropped : 0/1189
EDGE (5 ,1) PORT 1: Recv/Dropped : 0/3750
EDGE (5 ,1) PORT 2: Recv/Dropped : 0/2594
EDGE (5 ,1) PORT 3: Recv/Dropped : 0/2837
EDGE (5 ,1) PORT 4: Recv/Dropped : 0/2905
EDGE (5 ,1) PORT 5: Recv/Dropped : 0/2308
EDGE (5 ,1) PORT 6: Recv/Dropped : 0/1341
EDGE (5 ,1) PORT 7: Recv/Dropped : 0/2195
EDGE (5 ,2) PORT 0: Recv/Dropped : 0/1876
EDGE (5 ,2) PORT 1: Recv/Dropped : 0/3746
EDGE (5 ,2) PORT 2: Recv/Dropped : 0/3561
EDGE (5 ,2) PORT 3: Recv/Dropped : 0/3343
EDGE (5 ,2) PORT 4: Recv/Dropped : 0/2462
EDGE (5 ,2) PORT 5: Recv/Dropped : 0/2967
EDGE (5 ,2) PORT 6: Recv/Dropped : 0/2126
EDGE (5 ,2) PORT 7: Recv/Dropped : 0/3039
EDGE (5 ,3) PORT 0: Recv/Dropped : 0/3024
EDGE (5 ,3) PORT 1: Recv/Dropped : 0/1783
EDGE (5 ,3) PORT 2: Recv/Dropped : 0/2351
EDGE (5 ,3) PORT 3: Recv/Dropped : 0/3746
EDGE (5 ,3) PORT 4: Recv/Dropped : 0/1498
EDGE (5 ,3) PORT 5: Recv/Dropped : 0/2543
EDGE (5 ,3) PORT 6: Recv/Dropped : 0/3287
EDGE (5 ,3) PORT 7: Recv/Dropped : 0/2237
EDGE (6 ,0) PORT 0: Recv/Dropped : 0/2269
EDGE (6 ,0) PORT 1: Recv/Dropped : 0/1916
EDGE (6 ,0) PORT 2: Recv/Dropped : 0/1784
EDGE (6 ,0) PORT 3: Recv/Dropped : 0/1699
EDGE (6 ,0) PORT 4: Recv/Dropped : 0/1628
EDGE (6 ,0) PORT 5: Recv/Dropped : 0/2214
EDGE (6 ,0) PORT 6: Recv/Dropped : 0/1202
EDGE (6 ,0) PORT 7: Recv/Dropped : 0/3126
EDGE (6 ,1) PORT 0: Recv/Dropped : 0/3089
EDGE (6 ,1) PORT 1: Recv/Dropped : 0/1659
EDGE (6 ,1) PORT 2: Recv/Dropped : 0/3419
EDGE (6 ,1) PORT 3: Recv/Dropped : 0/4318
EDGE (6 ,1) PORT 4: Recv/Dropped : 0/3298
EDGE (6 ,1) PORT 5: Recv/Dropped : 0/2646
EDGE (6 ,1) PORT 6: Recv/Dropped : 0/2874
EDGE (6 ,1) PORT 7: Recv/Dropped : 0/3516
EDGE (6 ,2) PORT 0: Recv/Dropped : 0/4414
EDGE (6 ,2) PORT 1: Recv/Dropped : 0/2206
EDGE (6 ,2) PORT 2: Recv/Dropped : 0/2431
EDGE (6 ,2) PORT 3: Recv/Dropped : 0/4645
EDGE (6 ,2) PORT 4: Recv/Dropped : 0/2641
EDGE (6 ,2) PORT 5: Recv/Dropped : 0/2144
EDGE (6 ,2) PORT 6: Recv/Dropped : 0/2553
EDGE (6 ,2) PORT 7: Recv/Dropped : 0/2381
EDGE (6 ,3) PORT 0: Recv/Dropped : 0/1737
EDGE (6 ,3) PORT 1: Recv/Dropped : 0/3633
EDGE (6 ,3) PORT 2: Recv/Dropped : 0/2287
EDGE (6 ,3) PORT 3: Recv/Dropped : 0/3054
EDGE (6 ,3) PORT 4: Recv/Dropped : 0/2213
EDGE (6 ,3) PORT 5: Recv/Dropped : 0/2105
EDGE (6 ,3) PORT 6: Recv/Dropped : 0/3092
EDGE (6 ,3) PORT 7: Recv/Dropped : 0/2085
EDGE (7 ,0) PORT 0: Recv/Dropped : 0/2815
EDGE (7 ,0) PORT 1: Recv/Dropped : 0/1863
EDGE (7 ,0) PORT 2: Recv/Dropped : 0/1428
EDGE (7 ,0) PORT 3: Recv/Dropped : 0/2908
EDGE (7 ,0) PORT 4: Recv/Dropped : 0/1847
EDGE (7 ,0) PORT 5: Recv/Dropped : 0/1237
EDGE (7 ,0) PORT 6: Recv/Dropped : 0/1917
EDGE (7 ,0) PORT 7: Recv/Dropped : 0/2061
EDGE (7 ,1) PORT 0: Recv/Dropped : 0/1462
EDGE (7 ,1) PORT 1: Recv/Dropped : 0/2809
EDGE (7 ,1) PORT 2: Recv/Dropped : 0/1865
EDGE (7 ,1) PORT 3: Recv/Dropped : 0/999
EDGE (7 ,1) PORT 4: Recv/Dropped : 0/1918
EDGE (7 ,1) PORT 5: Recv/Dropped : 0/1658
EDGE (7 ,1) PORT 6: Recv/Dropped : 0/2447
EDGE (7 ,1) PORT 7: Recv/Dropped : 0/1038
EDGE (7 ,2) PORT 0: Recv/Dropped : 0/4279
EDGE (7 ,2) PORT 1: Recv/Dropped : 0/5235
EDGE (7 ,2) PORT 2: Recv/Dropped : 0/6414
EDGE (7 ,2) PORT 3: Recv/Dropped : 0/2442
EDGE (7 ,2) PORT 4: Recv/Dropped : 0/4285
EDGE (7 ,2) PORT 5: Recv/Dropped : 0/3344
EDGE (7 ,2) PORT 6: Recv/Dropped : 0/3843
EDGE (7 ,2) PORT 7: Recv/Dropped : 0/2815
EDGE (7 ,3) PORT 0: Recv/Dropped : 0/3777
EDGE (7 ,3) PORT 1: Recv/Dropped : 0/3630
EDGE (7 ,3) PORT 2: Recv/Dropped : 0/3023
EDGE (7 ,3) PORT 3: Recv/Dropped : 0/3545
EDGE (7 ,3) PORT 4: Recv/Dropped : 0/5317
EDGE (7 ,3) PORT 5: Recv/Dropped : 0/2810
EDGE (7 ,3) PORT 6: Recv/Dropped : 0/1911
EDGE (7 ,3) PORT 7: Recv/Dropped : 0/1830
 -- AGG QUEUE STATISTICS --
AGG (0 ,0) PORT 0: Recv/Dropped : 0/1475
AGG (0 ,0) PORT 1: Recv/Dropped : 0/2423
AGG (0 ,0) PORT 2: Recv/Dropped : 0/1883
AGG (0 ,0) PORT 3: Recv/Dropped : 0/1693
AGG (0 ,0) PORT 4: Recv/Dropped : 0/2790
AGG (0 ,0) PORT 5: Recv/Dropped : 0/1156
AGG (0 ,0) PORT 6: Recv/Dropped : 0/967
AGG (0 ,0) PORT 7: Recv/Dropped : 0/1628
AGG (0 ,1) PORT 0: Recv/Dropped : 0/2624
AGG (0 ,1) PORT 1: Recv/Dropped : 0/1341
AGG (0 ,1) PORT 2: Recv/Dropped : 0/1682
AGG (0 ,1) PORT 3: Recv/Dropped : 0/1575
AGG (0 ,1) PORT 4: Recv/Dropped : 0/860
AGG (0 ,1) PORT 5: Recv/Dropped : 0/1274
AGG (0 ,1) PORT 6: Recv/Dropped : 0/642
AGG (0 ,1) PORT 7: Recv/Dropped : 0/2404
AGG (0 ,2) PORT 0: Recv/Dropped : 0/2068
AGG (0 ,2) PORT 1: Recv/Dropped : 0/2211
AGG (0 ,2) PORT 2: Recv/Dropped : 0/1695
AGG (0 ,2) PORT 3: Recv/Dropped : 0/1600
AGG (0 ,2) PORT 4: Recv/Dropped : 0/718
AGG (0 ,2) PORT 5: Recv/Dropped : 0/1198
AGG (0 ,2) PORT 6: Recv/Dropped : 0/1525
AGG (0 ,2) PORT 7: Recv/Dropped : 0/912
AGG (0 ,3) PORT 0: Recv/Dropped : 0/3693
AGG (0 ,3) PORT 1: Recv/Dropped : 0/2392
AGG (0 ,3) PORT 2: Recv/Dropped : 0/2042
AGG (0 ,3) PORT 3: Recv/Dropped : 0/3258
AGG (0 ,3) PORT 4: Recv/Dropped : 0/1729
AGG (0 ,3) PORT 5: Recv/Dropped : 0/1113
AGG (0 ,3) PORT 6: Recv/Dropped : 0/1944
AGG (0 ,3) PORT 7: Recv/Dropped : 0/546
AGG (1 ,0) PORT 0: Recv/Dropped : 0/2681
AGG (1 ,0) PORT 1: Recv/Dropped : 0/2508
AGG (1 ,0) PORT 2: Recv/Dropped : 0/1467
AGG (1 ,0) PORT 3: Recv/Dropped : 0/2068
AGG (1 ,0) PORT 4: Recv/Dropped : 0/1179
AGG (1 ,0) PORT 5: Recv/Dropped : 0/1441
AGG (1 ,0) PORT 6: Recv/Dropped : 0/867
AGG (1 ,0) PORT 7: Recv/Dropped : 0/2462
AGG (1 ,1) PORT 0: Recv/Dropped : 0/1516
AGG (1 ,1) PORT 1: Recv/Dropped : 0/2031
AGG (1 ,1) PORT 2: Recv/Dropped : 0/2260
AGG (1 ,1) PORT 3: Recv/Dropped : 0/2591
AGG (1 ,1) PORT 4: Recv/Dropped : 0/2487
AGG (1 ,1) PORT 5: Recv/Dropped : 0/1357
AGG (1 ,1) PORT 6: Recv/Dropped : 0/1097
AGG (1 ,1) PORT 7: Recv/Dropped : 0/1487
AGG (1 ,2) PORT 0: Recv/Dropped : 0/1497
AGG (1 ,2) PORT 1: Recv/Dropped : 0/1255
AGG (1 ,2) PORT 2: Recv/Dropped : 0/1721
AGG (1 ,2) PORT 3: Recv/Dropped : 0/1077
AGG (1 ,2) PORT 4: Recv/Dropped : 0/1113
AGG (1 ,2) PORT 5: Recv/Dropped : 0/1194
AGG (1 ,2) PORT 6: Recv/Dropped : 0/610
AGG (1 ,2) PORT 7: Recv/Dropped : 0/1482
AGG (1 ,3) PORT 0: Recv/Dropped : 0/2879
AGG (1 ,3) PORT 1: Recv/Dropped : 0/1857
AGG (1 ,3) PORT 2: Recv/Dropped : 0/2176
AGG (1 ,3) PORT 3: Recv/Dropped : 0/1821
AGG (1 ,3) PORT 4: Recv/Dropped : 0/581
AGG (1 ,3) PORT 5: Recv/Dropped : 0/760
AGG (1 ,3) PORT 6: Recv/Dropped : 0/868
AGG (1 ,3) PORT 7: Recv/Dropped : 0/826
AGG (2 ,0) PORT 0: Recv/Dropped : 0/2707
AGG (2 ,0) PORT 1: Recv/Dropped : 0/3009
AGG (2 ,0) PORT 2: Recv/Dropped : 0/4939
AGG (2 ,0) PORT 3: Recv/Dropped : 0/3105
AGG (2 ,0) PORT 4: Recv/Dropped : 0/2803
AGG (2 ,0) PORT 5: Recv/Dropped : 0/555
AGG (2 ,0) PORT 6: Recv/Dropped : 0/1158
AGG (2 ,0) PORT 7: Recv/Dropped : 0/1965
AGG (2 ,1) PORT 0: Recv/Dropped : 0/2562
AGG (2 ,1) PORT 1: Recv/Dropped : 0/2387
AGG (2 ,1) PORT 2: Recv/Dropped : 0/2685
AGG (2 ,1) PORT 3: Recv/Dropped : 0/2079
AGG (2 ,1) PORT 4: Recv/Dropped : 0/874
AGG (2 ,1) PORT 5: Recv/Dropped : 0/3315
AGG (2 ,1) PORT 6: Recv/Dropped : 0/1695
AGG (2 ,1) PORT 7: Recv/Dropped : 0/936
AGG (2 ,2) PORT 0: Recv/Dropped : 0/3858
AGG (2 ,2) PORT 1: Recv/Dropped : 0/2173
AGG (2 ,2) PORT 2: Recv/Dropped : 0/1886
AGG (2 ,2) PORT 3: Recv/Dropped : 0/3579
AGG (2 ,2) PORT 4: Recv/Dropped : 0/326
AGG (2 ,2) PORT 5: Recv/Dropped : 0/3752
AGG (2 ,2) PORT 6: Recv/Dropped : 0/1348
AGG (2 ,2) PORT 7: Recv/Dropped : 0/2199
AGG (2 ,3) PORT 0: Recv/Dropped : 0/1145
AGG (2 ,3) PORT 1: Recv/Dropped : 0/2054
AGG (2 ,3) PORT 2: Recv/Dropped : 0/1419
AGG (2 ,3) PORT 3: Recv/Dropped : 0/2206
AGG (2 ,3) PORT 4: Recv/Dropped : 0/1250
AGG (2 ,3) PORT 5: Recv/Dropped : 0/1293
AGG (2 ,3) PORT 6: Recv/Dropped : 0/1394
AGG (2 ,3) PORT 7: Recv/Dropped : 0/1121
AGG (3 ,0) PORT 0: Recv/Dropped : 0/2587
AGG (3 ,0) PORT 1: Recv/Dropped : 0/2716
AGG (3 ,0) PORT 2: Recv/Dropped : 0/1291
AGG (3 ,0) PORT 3: Recv/Dropped : 0/1705
AGG (3 ,0) PORT 4: Recv/Dropped : 0/711
AGG (3 ,0) PORT 5: Recv/Dropped : 0/2761
AGG (3 ,0) PORT 6: Recv/Dropped : 0/1546
AGG (3 ,0) PORT 7: Recv/Dropped : 0/841
AGG (3 ,1) PORT 0: Recv/Dropped : 0/2268
AGG (3 ,1) PORT 1: Recv/Dropped : 0/2461
AGG (3 ,1) PORT 2: Recv/Dropped : 0/2124
AGG (3 ,1) PORT 3: Recv/Dropped : 0/2418
AGG (3 ,1) PORT 4: Recv/Dropped : 0/1684
AGG (3 ,1) PORT 5: Recv/Dropped : 0/1123
AGG (3 ,1) PORT 6: Recv/Dropped : 0/894
AGG (3 ,1) PORT 7: Recv/Dropped : 0/1296
AGG (3 ,2) PORT 0: Recv/Dropped : 0/1389
AGG (3 ,2) PORT 1: Recv/Dropped : 0/1860
AGG (3 ,2) PORT 2: Recv/Dropped : 0/834
AGG (3 ,2) PORT 3: Recv/Dropped : 0/1245
AGG (3 ,2) PORT 4: Recv/Dropped : 0/546
AGG (3 ,2) PORT 5: Recv/Dropped : 0/1898
AGG (3 ,2) PORT 6: Recv/Dropped : 0/1528
AGG (3 ,2) PORT 7: Recv/Dropped : 0/805
AGG (3 ,3) PORT 0: Recv/Dropped : 0/2264
AGG (3 ,3) PORT 1: Recv/Dropped : 0/1422
AGG (3 ,3) PORT 2: Recv/Dropped : 0/1562
AGG (3 ,3) PORT 3: Recv/Dropped : 0/3059
AGG (3 ,3) PORT 4: Recv/Dropped : 0/1156
AGG (3 ,3) PORT 5: Recv/Dropped : 0/1161
AGG (3 ,3) PORT 6: Recv/Dropped : 0/389
AGG (3 ,3) PORT 7: Recv/Dropped : 0/829
AGG (4 ,0) PORT 0: Recv/Dropped : 0/2256
AGG (4 ,0) PORT 1: Recv/Dropped : 0/1330
AGG (4 ,0) PORT 2: Recv/Dropped : 0/2503
AGG (4 ,0) PORT 3: Recv/Dropped : 0/2930
AGG (4 ,0) PORT 4: Recv/Dropped : 0/231
AGG (4 ,0) PORT 5: Recv/Dropped : 0/666
AGG (4 ,0) PORT 6: Recv/Dropped : 0/1492
AGG (4 ,0) PORT 7: Recv/Dropped : 0/1972
AGG (4 ,1) PORT 0: Recv/Dropped : 0/2559
AGG (4 ,1) PORT 1: Recv/Dropped : 0/1587
AGG (4 ,1) PORT 2: Recv/Dropped : 0/1770
AGG (4 ,1) PORT 3: Recv/Dropped : 0/1340
AGG (4 ,1) PORT 4: Recv/Dropped : 0/1230
AGG (4 ,1) PORT 5: Recv/Dropped : 0/787
AGG (4 ,1) PORT 6: Recv/Dropped : 0/1208
AGG (4 ,1) PORT 7: Recv/Dropped : 0/1234
AGG (4 ,2) PORT 0: Recv/Dropped : 0/2237
AGG (4 ,2) PORT 1: Recv/Dropped : 0/1176
AGG (4 ,2) PORT 2: Recv/Dropped : 0/2568
AGG (4 ,2) PORT 3: Recv/Dropped : 0/2046
AGG (4 ,2) PORT 4: Recv/Dropped : 0/1227
AGG (4 ,2) PORT 5: Recv/Dropped : 0/1620
AGG (4 ,2) PORT 6: Recv/Dropped : 0/969
AGG (4 ,2) PORT 7: Recv/Dropped : 0/1193
AGG (4 ,3) PORT 0: Recv/Dropped : 0/935
AGG (4 ,3) PORT 1: Recv/Dropped : 0/1857
AGG (4 ,3) PORT 2: Recv/Dropped : 0/3780
AGG (4 ,3) PORT 3: Recv/Dropped : 0/1531
AGG (4 ,3) PORT 4: Recv/Dropped : 0/1756
AGG (4 ,3) PORT 5: Recv/Dropped : 0/1862
AGG (4 ,3) PORT 6: Recv/Dropped : 0/2043
AGG (4 ,3) PORT 7: Recv/Dropped : 0/1258
AGG (5 ,0) PORT 0: Recv/Dropped : 0/1957
AGG (5 ,0) PORT 1: Recv/Dropped : 0/1997
AGG (5 ,0) PORT 2: Recv/Dropped : 0/1576
AGG (5 ,0) PORT 3: Recv/Dropped : 0/2176
AGG (5 ,0) PORT 4: Recv/Dropped : 0/1916
AGG (5 ,0) PORT 5: Recv/Dropped : 0/1069
AGG (5 ,0) PORT 6: Recv/Dropped : 0/2362
AGG (5 ,0) PORT 7: Recv/Dropped : 0/486
AGG (5 ,1) PORT 0: Recv/Dropped : 0/2939
AGG (5 ,1) PORT 1: Recv/Dropped : 0/2104
AGG (5 ,1) PORT 2: Recv/Dropped : 0/1039
AGG (5 ,1) PORT 3: Recv/Dropped : 0/2571
AGG (5 ,1) PORT 4: Recv/Dropped : 0/344
AGG (5 ,1) PORT 5: Recv/Dropped : 0/1258
AGG (5 ,1) PORT 6: Recv/Dropped : 0/1190
AGG (5 ,1) PORT 7: Recv/Dropped : 0/1636
AGG (5 ,2) PORT 0: Recv/Dropped : 0/2026
AGG (5 ,2) PORT 1: Recv/Dropped : 0/2991
AGG (5 ,2) PORT 2: Recv/Dropped : 0/2870
AGG (5 ,2) PORT 3: Recv/Dropped : 0/2476
AGG (5 ,2) PORT 4: Recv/Dropped : 0/1838
AGG (5 ,2) PORT 5: Recv/Dropped : 0/2065
AGG (5 ,2) PORT 6: Recv/Dropped : 0/946
AGG (5 ,2) PORT 7: Recv/Dropped : 0/1460
AGG (5 ,3) PORT 0: Recv/Dropped : 0/2630
AGG (5 ,3) PORT 1: Recv/Dropped : 0/3993
AGG (5 ,3) PORT 2: Recv/Dropped : 0/2017
AGG (5 ,3) PORT 3: Recv/Dropped : 0/1453
AGG (5 ,3) PORT 4: Recv/Dropped : 0/1101
AGG (5 ,3) PORT 5: Recv/Dropped : 0/1552
AGG (5 ,3) PORT 6: Recv/Dropped : 0/1559
AGG (5 ,3) PORT 7: Recv/Dropped : 0/1090
AGG (6 ,0) PORT 0: Recv/Dropped : 0/1355
AGG (6 ,0) PORT 1: Recv/Dropped : 0/2083
AGG (6 ,0) PORT 2: Recv/Dropped : 0/2179
AGG (6 ,0) PORT 3: Recv/Dropped : 0/1735
AGG (6 ,0) PORT 4: Recv/Dropped : 0/1308
AGG (6 ,0) PORT 5: Recv/Dropped : 0/1749
AGG (6 ,0) PORT 6: Recv/Dropped : 0/3005
AGG (6 ,0) PORT 7: Recv/Dropped : 0/800
AGG (6 ,1) PORT 0: Recv/Dropped : 0/1949
AGG (6 ,1) PORT 1: Recv/Dropped : 0/3058
AGG (6 ,1) PORT 2: Recv/Dropped : 0/3174
AGG (6 ,1) PORT 3: Recv/Dropped : 0/3228
AGG (6 ,1) PORT 4: Recv/Dropped : 0/1749
AGG (6 ,1) PORT 5: Recv/Dropped : 0/2068
AGG (6 ,1) PORT 6: Recv/Dropped : 0/1273
AGG (6 ,1) PORT 7: Recv/Dropped : 0/1534
AGG (6 ,2) PORT 0: Recv/Dropped : 0/2436
AGG (6 ,2) PORT 1: Recv/Dropped : 0/2513
AGG (6 ,2) PORT 2: Recv/Dropped : 0/3319
AGG (6 ,2) PORT 3: Recv/Dropped : 0/2384
AGG (6 ,2) PORT 4: Recv/Dropped : 0/1518
AGG (6 ,2) PORT 5: Recv/Dropped : 0/1146
AGG (6 ,2) PORT 6: Recv/Dropped : 0/1833
AGG (6 ,2) PORT 7: Recv/Dropped : 0/752
AGG (6 ,3) PORT 0: Recv/Dropped : 0/3131
AGG (6 ,3) PORT 1: Recv/Dropped : 0/1596
AGG (6 ,3) PORT 2: Recv/Dropped : 0/3180
AGG (6 ,3) PORT 3: Recv/Dropped : 0/1844
AGG (6 ,3) PORT 4: Recv/Dropped : 0/363
AGG (6 ,3) PORT 5: Recv/Dropped : 0/1506
AGG (6 ,3) PORT 6: Recv/Dropped : 0/2006
AGG (6 ,3) PORT 7: Recv/Dropped : 0/3290
AGG (7 ,0) PORT 0: Recv/Dropped : 0/2090
AGG (7 ,0) PORT 1: Recv/Dropped : 0/1416
AGG (7 ,0) PORT 2: Recv/Dropped : 0/1957
AGG (7 ,0) PORT 3: Recv/Dropped : 0/2166
AGG (7 ,0) PORT 4: Recv/Dropped : 0/1861
AGG (7 ,0) PORT 5: Recv/Dropped : 0/2028
AGG (7 ,0) PORT 6: Recv/Dropped : 0/2305
AGG (7 ,0) PORT 7: Recv/Dropped : 0/1915
AGG (7 ,1) PORT 0: Recv/Dropped : 0/1278
AGG (7 ,1) PORT 1: Recv/Dropped : 0/2072
AGG (7 ,1) PORT 2: Recv/Dropped : 0/1471
AGG (7 ,1) PORT 3: Recv/Dropped : 0/888
AGG (7 ,1) PORT 4: Recv/Dropped : 0/1645
AGG (7 ,1) PORT 5: Recv/Dropped : 0/1179
AGG (7 ,1) PORT 6: Recv/Dropped : 0/642
AGG (7 ,1) PORT 7: Recv/Dropped : 0/606
AGG (7 ,2) PORT 0: Recv/Dropped : 0/3797
AGG (7 ,2) PORT 1: Recv/Dropped : 0/4022
AGG (7 ,2) PORT 2: Recv/Dropped : 0/2292
AGG (7 ,2) PORT 3: Recv/Dropped : 0/4049
AGG (7 ,2) PORT 4: Recv/Dropped : 0/1721
AGG (7 ,2) PORT 5: Recv/Dropped : 0/1305
AGG (7 ,2) PORT 6: Recv/Dropped : 0/623
AGG (7 ,2) PORT 7: Recv/Dropped : 0/2593
AGG (7 ,3) PORT 0: Recv/Dropped : 0/3682
AGG (7 ,3) PORT 1: Recv/Dropped : 0/3586
AGG (7 ,3) PORT 2: Recv/Dropped : 0/2596
AGG (7 ,3) PORT 3: Recv/Dropped : 0/2264
AGG (7 ,3) PORT 4: Recv/Dropped : 0/1111
AGG (7 ,3) PORT 5: Recv/Dropped : 0/1325
AGG (7 ,3) PORT 6: Recv/Dropped : 0/1315
AGG (7 ,3) PORT 7: Recv/Dropped : 0/1049


TOTAL RECEIVED PACKETS = 1098543
TOTAL DROPPED PACKETS = 0