QUEUE STATISTICS FOR EXPERIMENT 9315
---------------------------
 -- EDGE QUEUE STATISTICS --
EDGE (0 ,0) PORT 0: Recv/Dropped : 369/6795
EDGE (0 ,0) PORT 1: Recv/Dropped : 0/83
EDGE (0 ,0) PORT 2: Recv/Dropped : 0/67
EDGE (0 ,0) PORT 3: Recv/Dropped : 0/63
EDGE (0 ,0) PORT 4: Recv/Dropped : 0/1119
EDGE (0 ,0) PORT 5: Recv/Dropped : 0/1185
EDGE (0 ,0) PORT 6: Recv/Dropped : 0/1087
EDGE (0 ,0) PORT 7: Recv/Dropped : 0/1066
EDGE (0 ,1) PORT 0: Recv/Dropped : 0/76
EDGE (0 ,1) PORT 1: Recv/Dropped : 0/63
EDGE (0 ,1) PORT 2: Recv/Dropped : 0/65
EDGE (0 ,1) PORT 3: Recv/Dropped : 0/72
EDGE (0 ,1) PORT 4: Recv/Dropped : 0/94
EDGE (0 ,1) PORT 5: Recv/Dropped : 0/96
EDGE (0 ,1) PORT 6: Recv/Dropped : 0/100
EDGE (0 ,1) PORT 7: Recv/Dropped : 0/115
EDGE (0 ,2) PORT 0: Recv/Dropped : 0/68
EDGE (0 ,2) PORT 1: Recv/Dropped : 0/66
EDGE (0 ,2) PORT 2: Recv/Dropped : 0/63
EDGE (0 ,2) PORT 3: Recv/Dropped : 0/3
EDGE (0 ,2) PORT 4: Recv/Dropped : 0/59
EDGE (0 ,2) PORT 5: Recv/Dropped : 0/88
EDGE (0 ,2) PORT 6: Recv/Dropped : 0/76
EDGE (0 ,2) PORT 7: Recv/Dropped : 0/78
EDGE (0 ,3) PORT 0: Recv/Dropped : 0/65
EDGE (0 ,3) PORT 1: Recv/Dropped : 0/75
EDGE (0 ,3) PORT 2: Recv/Dropped : 0/2
EDGE (0 ,3) PORT 3: Recv/Dropped : 0/4
EDGE (0 ,3) PORT 4: Recv/Dropped : 0/54
EDGE (0 ,3) PORT 5: Recv/Dropped : 0/57
EDGE (0 ,3) PORT 6: Recv/Dropped : 0/51
EDGE (0 ,3) PORT 7: Recv/Dropped : 0/49
EDGE (1 ,0) PORT 0: Recv/Dropped : 0/69
EDGE (1 ,0) PORT 1: Recv/Dropped : 0/66
EDGE (1 ,0) PORT 2: Recv/Dropped : 0/64
EDGE (1 ,0) PORT 3: Recv/Dropped : 0/3
EDGE (1 ,0) PORT 4: Recv/Dropped : 0/73
EDGE (1 ,0) PORT 5: Recv/Dropped : 0/80
EDGE (1 ,0) PORT 6: Recv/Dropped : 0/68
EDGE (1 ,0) PORT 7: Recv/Dropped : 0/85
EDGE (1 ,1) PORT 0: Recv/Dropped : 0/66
EDGE (1 ,1) PORT 1: Recv/Dropped : 0/63
EDGE (1 ,1) PORT 2: Recv/Dropped : 0/63
EDGE (1 ,1) PORT 3: Recv/Dropped : 0/2
EDGE (1 ,1) PORT 4: Recv/Dropped : 0/69
EDGE (1 ,1) PORT 5: Recv/Dropped : 0/76
EDGE (1 ,1) PORT 6: Recv/Dropped : 0/83
EDGE (1 ,1) PORT 7: Recv/Dropped : 0/78
EDGE (1 ,2) PORT 0: Recv/Dropped : 0/63
EDGE (1 ,2) PORT 1: Recv/Dropped : 0/62
EDGE (1 ,2) PORT 2: Recv/Dropped : 0/84
EDGE (1 ,2) PORT 3: Recv/Dropped : 0/4
EDGE (1 ,2) PORT 4: Recv/Dropped : 0/78
EDGE (1 ,2) PORT 5: Recv/Dropped : 0/73
EDGE (1 ,2) PORT 6: Recv/Dropped : 0/71
EDGE (1 ,2) PORT 7: Recv/Dropped : 0/84
EDGE (1 ,3) PORT 0: Recv/Dropped : 0/63
EDGE (1 ,3) PORT 1: Recv/Dropped : 0/63
EDGE (1 ,3) PORT 2: Recv/Dropped : 0/4
EDGE (1 ,3) PORT 3: Recv/Dropped : 0/2
EDGE (1 ,3) PORT 4: Recv/Dropped : 0/56
EDGE (1 ,3) PORT 5: Recv/Dropped : 0/46
EDGE (1 ,3) PORT 6: Recv/Dropped : 0/51
EDGE (1 ,3) PORT 7: Recv/Dropped : 0/59
EDGE (2 ,0) PORT 0: Recv/Dropped : 0/65
EDGE (2 ,0) PORT 1: Recv/Dropped : 0/64
EDGE (2 ,0) PORT 2: Recv/Dropped : 0/63
EDGE (2 ,0) PORT 3: Recv/Dropped : 0/3
EDGE (2 ,0) PORT 4: Recv/Dropped : 0/72
EDGE (2 ,0) PORT 5: Recv/Dropped : 0/85
EDGE (2 ,0) PORT 6: Recv/Dropped : 0/72
EDGE (2 ,0) PORT 7: Recv/Dropped : 0/76
EDGE (2 ,1) PORT 0: Recv/Dropped : 0/64
EDGE (2 ,1) PORT 1: Recv/Dropped : 0/63
EDGE (2 ,1) PORT 2: Recv/Dropped : 0/2
EDGE (2 ,1) PORT 3: Recv/Dropped : 0/63
EDGE (2 ,1) PORT 4: Recv/Dropped : 0/66
EDGE (2 ,1) PORT 5: Recv/Dropped : 0/80
EDGE (2 ,1) PORT 6: Recv/Dropped : 0/75
EDGE (2 ,1) PORT 7: Recv/Dropped : 0/85
EDGE (2 ,2) PORT 0: Recv/Dropped : 0/63
EDGE (2 ,2) PORT 1: Recv/Dropped : 0/2
EDGE (2 ,2) PORT 2: Recv/Dropped : 0/2
EDGE (2 ,2) PORT 3: Recv/Dropped : 0/4
EDGE (2 ,2) PORT 4: Recv/Dropped : 0/26
EDGE (2 ,2) PORT 5: Recv/Dropped : 0/28
EDGE (2 ,2) PORT 6: Recv/Dropped : 0/33
EDGE (2 ,2) PORT 7: Recv/Dropped : 0/31
EDGE (2 ,3) PORT 0: Recv/Dropped : 0/3
EDGE (2 ,3) PORT 1: Recv/Dropped : 0/63
EDGE (2 ,3) PORT 2: Recv/Dropped : 0/63
EDGE (2 ,3) PORT 3: Recv/Dropped : 0/3
EDGE (2 ,3) PORT 4: Recv/Dropped : 0/46
EDGE (2 ,3) PORT 5: Recv/Dropped : 0/54
EDGE (2 ,3) PORT 6: Recv/Dropped : 0/43
EDGE (2 ,3) PORT 7: Recv/Dropped : 0/69
EDGE (3 ,0) PORT 0: Recv/Dropped : 0/63
EDGE (3 ,0) PORT 1: Recv/Dropped : 0/63
EDGE (3 ,0) PORT 2: Recv/Dropped : 0/63
EDGE (3 ,0) PORT 3: Recv/Dropped : 0/2
EDGE (3 ,0) PORT 4: Recv/Dropped : 0/78
EDGE (3 ,0) PORT 5: Recv/Dropped : 0/85
EDGE (3 ,0) PORT 6: Recv/Dropped : 0/74
EDGE (3 ,0) PORT 7: Recv/Dropped : 0/68
EDGE (3 ,1) PORT 0: Recv/Dropped : 0/3
EDGE (3 ,1) PORT 1: Recv/Dropped : 0/78
EDGE (3 ,1) PORT 2: Recv/Dropped : 0/2
EDGE (3 ,1) PORT 3: Recv/Dropped : 0/4
EDGE (3 ,1) PORT 4: Recv/Dropped : 0/32
EDGE (3 ,1) PORT 5: Recv/Dropped : 0/32
EDGE (3 ,1) PORT 6: Recv/Dropped : 0/26
EDGE (3 ,1) PORT 7: Recv/Dropped : 0/27
EDGE (3 ,2) PORT 0: Recv/Dropped : 0/4
EDGE (3 ,2) PORT 1: Recv/Dropped : 0/2
EDGE (3 ,2) PORT 2: Recv/Dropped : 0/2
EDGE (3 ,2) PORT 3: Recv/Dropped : 0/2
EDGE (3 ,2) PORT 4: Recv/Dropped : 0/5
EDGE (3 ,2) PORT 5: Recv/Dropped : 0/10
EDGE (3 ,2) PORT 6: Recv/Dropped : 0/7
EDGE (3 ,2) PORT 7: Recv/Dropped : 0/2
EDGE (3 ,3) PORT 0: Recv/Dropped : 0/63
EDGE (3 ,3) PORT 1: Recv/Dropped : 0/2
EDGE (3 ,3) PORT 2: Recv/Dropped : 0/3
EDGE (3 ,3) PORT 3: Recv/Dropped : 0/63
EDGE (3 ,3) PORT 4: Recv/Dropped : 0/52
EDGE (3 ,3) PORT 5: Recv/Dropped : 0/53
EDGE (3 ,3) PORT 6: Recv/Dropped : 0/58
EDGE (3 ,3) PORT 7: Recv/Dropped : 0/49
EDGE (4 ,0) PORT 0: Recv/Dropped : 0/64
EDGE (4 ,0) PORT 1: Recv/Dropped : 0/2
EDGE (4 ,0) PORT 2: Recv/Dropped : 0/63
EDGE (4 ,0) PORT 3: Recv/Dropped : 0/2
EDGE (4 ,0) PORT 4: Recv/Dropped : 0/56
EDGE (4 ,0) PORT 5: Recv/Dropped : 0/58
EDGE (4 ,0) PORT 6: Recv/Dropped : 0/53
EDGE (4 ,0) PORT 7: Recv/Dropped : 0/43
EDGE (4 ,1) PORT 0: Recv/Dropped : 0/2
EDGE (4 ,1) PORT 1: Recv/Dropped : 0/3
EDGE (4 ,1) PORT 2: Recv/Dropped : 0/63
EDGE (4 ,1) PORT 3: Recv/Dropped : 0/4
EDGE (4 ,1) PORT 4: Recv/Dropped : 0/34
EDGE (4 ,1) PORT 5: Recv/Dropped : 0/32
EDGE (4 ,1) PORT 6: Recv/Dropped : 0/28
EDGE (4 ,1) PORT 7: Recv/Dropped : 0/24
EDGE (4 ,2) PORT 0: Recv/Dropped : 0/3
EDGE (4 ,2) PORT 1: Recv/Dropped : 0/63
EDGE (4 ,2) PORT 2: Recv/Dropped : 0/3
EDGE (4 ,2) PORT 3: Recv/Dropped : 0/2
EDGE (4 ,2) PORT 4: Recv/Dropped : 0/24
EDGE (4 ,2) PORT 5: Recv/Dropped : 0/25
EDGE (4 ,2) PORT 6: Recv/Dropped : 0/36
EDGE (4 ,2) PORT 7: Recv/Dropped : 0/33
EDGE (4 ,3) PORT 0: Recv/Dropped : 0/63
EDGE (4 ,3) PORT 1: Recv/Dropped : 0/2
EDGE (4 ,3) PORT 2: Recv/Dropped : 0/63
EDGE (4 ,3) PORT 3: Recv/Dropped : 0/70
EDGE (4 ,3) PORT 4: Recv/Dropped : 0/99
EDGE (4 ,3) PORT 5: Recv/Dropped : 0/70
EDGE (4 ,3) PORT 6: Recv/Dropped : 0/62
EDGE (4 ,3) PORT 7: Recv/Dropped : 0/77
EDGE (5 ,0) PORT 0: Recv/Dropped : 0/2
EDGE (5 ,0) PORT 1: Recv/Dropped : 0/63
EDGE (5 ,0) PORT 2: Recv/Dropped : 0/2
EDGE (5 ,0) PORT 3: Recv/Dropped : 0/2
EDGE (5 ,0) PORT 4: Recv/Dropped : 0/27
EDGE (5 ,0) PORT 5: Recv/Dropped : 0/35
EDGE (5 ,0) PORT 6: Recv/Dropped : 0/26
EDGE (5 ,0) PORT 7: Recv/Dropped : 0/30
EDGE (5 ,1) PORT 0: Recv/Dropped : 0/3
EDGE (5 ,1) PORT 1: Recv/Dropped : 0/63
EDGE (5 ,1) PORT 2: Recv/Dropped : 0/2
EDGE (5 ,1) PORT 3: Recv/Dropped : 0/2
EDGE (5 ,1) PORT 4: Recv/Dropped : 0/31
EDGE (5 ,1) PORT 5: Recv/Dropped : 0/31
EDGE (5 ,1) PORT 6: Recv/Dropped : 0/29
EDGE (5 ,1) PORT 7: Recv/Dropped : 0/27
EDGE (5 ,2) PORT 0: Recv/Dropped : 0/3
EDGE (5 ,2) PORT 1: Recv/Dropped : 0/3
EDGE (5 ,2) PORT 2: Recv/Dropped : 0/3
EDGE (5 ,2) PORT 3: Recv/Dropped : 0/71
EDGE (5 ,2) PORT 4: Recv/Dropped : 0/35
EDGE (5 ,2) PORT 5: Recv/Dropped : 0/33
EDGE (5 ,2) PORT 6: Recv/Dropped : 0/26
EDGE (5 ,2) PORT 7: Recv/Dropped : 0/26
EDGE (5 ,3) PORT 0: Recv/Dropped : 0/63
EDGE (5 ,3) PORT 1: Recv/Dropped : 0/2
EDGE (5 ,3) PORT 2: Recv/Dropped : 0/70
EDGE (5 ,3) PORT 3: Recv/Dropped : 0/68
EDGE (5 ,3) PORT 4: Recv/Dropped : 0/86
EDGE (5 ,3) PORT 5: Recv/Dropped : 0/66
EDGE (5 ,3) PORT 6: Recv/Dropped : 0/82
EDGE (5 ,3) PORT 7: Recv/Dropped : 0/74
EDGE (6 ,0) PORT 0: Recv/Dropped : 0/2
EDGE (6 ,0) PORT 1: Recv/Dropped : 0/2
EDGE (6 ,0) PORT 2: Recv/Dropped : 0/3
EDGE (6 ,0) PORT 3: Recv/Dropped : 0/3
EDGE (6 ,0) PORT 4: Recv/Dropped : 0/4
EDGE (6 ,0) PORT 5: Recv/Dropped : 0/8
EDGE (6 ,0) PORT 6: Recv/Dropped : 0/4
EDGE (6 ,0) PORT 7: Recv/Dropped : 0/8
EDGE (6 ,1) PORT 0: Recv/Dropped : 0/2
EDGE (6 ,1) PORT 1: Recv/Dropped : 0/3
EDGE (6 ,1) PORT 2: Recv/Dropped : 0/2
EDGE (6 ,1) PORT 3: Recv/Dropped : 0/72
EDGE (6 ,1) PORT 4: Recv/Dropped : 0/32
EDGE (6 ,1) PORT 5: Recv/Dropped : 0/24
EDGE (6 ,1) PORT 6: Recv/Dropped : 0/28
EDGE (6 ,1) PORT 7: Recv/Dropped : 0/37
EDGE (6 ,2) PORT 0: Recv/Dropped : 0/3
EDGE (6 ,2) PORT 1: Recv/Dropped : 0/63
EDGE (6 ,2) PORT 2: Recv/Dropped : 0/74
EDGE (6 ,2) PORT 3: Recv/Dropped : 0/74
EDGE (6 ,2) PORT 4: Recv/Dropped : 0/77
EDGE (6 ,2) PORT 5: Recv/Dropped : 0/80
EDGE (6 ,2) PORT 6: Recv/Dropped : 0/81
EDGE (6 ,2) PORT 7: Recv/Dropped : 0/74
EDGE (6 ,3) PORT 0: Recv/Dropped : 0/2
EDGE (6 ,3) PORT 1: Recv/Dropped : 0/70
EDGE (6 ,3) PORT 2: Recv/Dropped : 0/67
EDGE (6 ,3) PORT 3: Recv/Dropped : 0/68
EDGE (6 ,3) PORT 4: Recv/Dropped : 0/72
EDGE (6 ,3) PORT 5: Recv/Dropped : 0/72
EDGE (6 ,3) PORT 6: Recv/Dropped : 0/79
EDGE (6 ,3) PORT 7: Recv/Dropped : 0/85
EDGE (7 ,0) PORT 0: Recv/Dropped : 0/2
EDGE (7 ,0) PORT 1: Recv/Dropped : 0/2
EDGE (7 ,0) PORT 2: Recv/Dropped : 0/4
EDGE (7 ,0) PORT 3: Recv/Dropped : 0/68
EDGE (7 ,0) PORT 4: Recv/Dropped : 0/26
EDGE (7 ,0) PORT 5: Recv/Dropped : 0/33
EDGE (7 ,0) PORT 6: Recv/Dropped : 0/34
EDGE (7 ,0) PORT 7: Recv/Dropped : 0/26
EDGE (7 ,1) PORT 0: Recv/Dropped : 0/2
EDGE (7 ,1) PORT 1: Recv/Dropped : 0/3
EDGE (7 ,1) PORT 2: Recv/Dropped : 0/68
EDGE (7 ,1) PORT 3: Recv/Dropped : 0/67
EDGE (7 ,1) PORT 4: Recv/Dropped : 0/52
EDGE (7 ,1) PORT 5: Recv/Dropped : 0/47
EDGE (7 ,1) PORT 6: Recv/Dropped : 0/55
EDGE (7 ,1) PORT 7: Recv/Dropped : 0/58
EDGE (7 ,2) PORT 0: Recv/Dropped : 0/63
EDGE (7 ,2) PORT 1: Recv/Dropped : 0/69
EDGE (7 ,2) PORT 2: Recv/Dropped : 0/62
EDGE (7 ,2) PORT 3: Recv/Dropped : 0/66
EDGE (7 ,2) PORT 4: Recv/Dropped : 0/105
EDGE (7 ,2) PORT 5: Recv/Dropped : 0/101
EDGE (7 ,2) PORT 6: Recv/Dropped : 0/105
EDGE (7 ,2) PORT 7: Recv/Dropped : 0/87
EDGE (7 ,3) PORT 0: Recv/Dropped : 0/66
EDGE (7 ,3) PORT 1: Recv/Dropped : 0/2
EDGE (7 ,3) PORT 2: Recv/Dropped : 0/66
EDGE (7 ,3) PORT 3: Recv/Dropped : 0/71
EDGE (7 ,3) PORT 4: Recv/Dropped : 0/91
EDGE (7 ,3) PORT 5: Recv/Dropped : 0/70
EDGE (7 ,3) PORT 6: Recv/Dropped : 0/69
EDGE (7 ,3) PORT 7: Recv/Dropped : 0/76
 -- AGG QUEUE STATISTICS --
AGG (0 ,0) PORT 0: Recv/Dropped : 0/1711
AGG (0 ,0) PORT 1: Recv/Dropped : 0/1728
AGG (0 ,0) PORT 2: Recv/Dropped : 0/1685
AGG (0 ,0) PORT 3: Recv/Dropped : 0/1740
AGG (0 ,0) PORT 4: Recv/Dropped : 0/257
AGG (0 ,0) PORT 5: Recv/Dropped : 0/220
AGG (0 ,0) PORT 6: Recv/Dropped : 0/236
AGG (0 ,0) PORT 7: Recv/Dropped : 0/241
AGG (0 ,1) PORT 0: Recv/Dropped : 0/79
AGG (0 ,1) PORT 1: Recv/Dropped : 0/80
AGG (0 ,1) PORT 2: Recv/Dropped : 0/53
AGG (0 ,1) PORT 3: Recv/Dropped : 0/64
AGG (0 ,1) PORT 4: Recv/Dropped : 0/260
AGG (0 ,1) PORT 5: Recv/Dropped : 0/257
AGG (0 ,1) PORT 6: Recv/Dropped : 0/243
AGG (0 ,1) PORT 7: Recv/Dropped : 0/258
AGG (0 ,2) PORT 0: Recv/Dropped : 0/43
AGG (0 ,2) PORT 1: Recv/Dropped : 0/56
AGG (0 ,2) PORT 2: Recv/Dropped : 0/54
AGG (0 ,2) PORT 3: Recv/Dropped : 0/47
AGG (0 ,2) PORT 4: Recv/Dropped : 0/240
AGG (0 ,2) PORT 5: Recv/Dropped : 0/240
AGG (0 ,2) PORT 6: Recv/Dropped : 0/214
AGG (0 ,2) PORT 7: Recv/Dropped : 0/253
AGG (0 ,3) PORT 0: Recv/Dropped : 0/43
AGG (0 ,3) PORT 1: Recv/Dropped : 0/31
AGG (0 ,3) PORT 2: Recv/Dropped : 0/33
AGG (0 ,3) PORT 3: Recv/Dropped : 0/39
AGG (0 ,3) PORT 4: Recv/Dropped : 0/209
AGG (0 ,3) PORT 5: Recv/Dropped : 0/227
AGG (0 ,3) PORT 6: Recv/Dropped : 0/247
AGG (0 ,3) PORT 7: Recv/Dropped : 0/233
AGG (1 ,0) PORT 0: Recv/Dropped : 0/53
AGG (1 ,0) PORT 1: Recv/Dropped : 0/65
AGG (1 ,0) PORT 2: Recv/Dropped : 0/42
AGG (1 ,0) PORT 3: Recv/Dropped : 0/42
AGG (1 ,0) PORT 4: Recv/Dropped : 0/69
AGG (1 ,0) PORT 5: Recv/Dropped : 0/66
AGG (1 ,0) PORT 6: Recv/Dropped : 0/73
AGG (1 ,0) PORT 7: Recv/Dropped : 0/68
AGG (1 ,1) PORT 0: Recv/Dropped : 0/57
AGG (1 ,1) PORT 1: Recv/Dropped : 0/42
AGG (1 ,1) PORT 2: Recv/Dropped : 0/53
AGG (1 ,1) PORT 3: Recv/Dropped : 0/42
AGG (1 ,1) PORT 4: Recv/Dropped : 0/89
AGG (1 ,1) PORT 5: Recv/Dropped : 0/57
AGG (1 ,1) PORT 6: Recv/Dropped : 0/61
AGG (1 ,1) PORT 7: Recv/Dropped : 0/68
AGG (1 ,2) PORT 0: Recv/Dropped : 0/58
AGG (1 ,2) PORT 1: Recv/Dropped : 0/55
AGG (1 ,2) PORT 2: Recv/Dropped : 0/53
AGG (1 ,2) PORT 3: Recv/Dropped : 0/47
AGG (1 ,2) PORT 4: Recv/Dropped : 0/59
AGG (1 ,2) PORT 5: Recv/Dropped : 0/84
AGG (1 ,2) PORT 6: Recv/Dropped : 0/60
AGG (1 ,2) PORT 7: Recv/Dropped : 0/70
AGG (1 ,3) PORT 0: Recv/Dropped : 0/36
AGG (1 ,3) PORT 1: Recv/Dropped : 0/39
AGG (1 ,3) PORT 2: Recv/Dropped : 0/26
AGG (1 ,3) PORT 3: Recv/Dropped : 0/31
AGG (1 ,3) PORT 4: Recv/Dropped : 0/66
AGG (1 ,3) PORT 5: Recv/Dropped : 0/97
AGG (1 ,3) PORT 6: Recv/Dropped : 0/76
AGG (1 ,3) PORT 7: Recv/Dropped : 0/67
AGG (2 ,0) PORT 0: Recv/Dropped : 0/47
AGG (2 ,0) PORT 1: Recv/Dropped : 0/55
AGG (2 ,0) PORT 2: Recv/Dropped : 0/48
AGG (2 ,0) PORT 3: Recv/Dropped : 0/45
AGG (2 ,0) PORT 4: Recv/Dropped : 0/60
AGG (2 ,0) PORT 5: Recv/Dropped : 0/42
AGG (2 ,0) PORT 6: Recv/Dropped : 0/52
AGG (2 ,0) PORT 7: Recv/Dropped : 0/56
AGG (2 ,1) PORT 0: Recv/Dropped : 0/52
AGG (2 ,1) PORT 1: Recv/Dropped : 0/48
AGG (2 ,1) PORT 2: Recv/Dropped : 0/44
AGG (2 ,1) PORT 3: Recv/Dropped : 0/48
AGG (2 ,1) PORT 4: Recv/Dropped : 0/64
AGG (2 ,1) PORT 5: Recv/Dropped : 0/60
AGG (2 ,1) PORT 6: Recv/Dropped : 0/59
AGG (2 ,1) PORT 7: Recv/Dropped : 0/64
AGG (2 ,2) PORT 0: Recv/Dropped : 0/17
AGG (2 ,2) PORT 1: Recv/Dropped : 0/16
AGG (2 ,2) PORT 2: Recv/Dropped : 0/15
AGG (2 ,2) PORT 3: Recv/Dropped : 0/23
AGG (2 ,2) PORT 4: Recv/Dropped : 0/59
AGG (2 ,2) PORT 5: Recv/Dropped : 0/47
AGG (2 ,2) PORT 6: Recv/Dropped : 0/64
AGG (2 ,2) PORT 7: Recv/Dropped : 0/53
AGG (2 ,3) PORT 0: Recv/Dropped : 0/32
AGG (2 ,3) PORT 1: Recv/Dropped : 0/38
AGG (2 ,3) PORT 2: Recv/Dropped : 0/35
AGG (2 ,3) PORT 3: Recv/Dropped : 0/27
AGG (2 ,3) PORT 4: Recv/Dropped : 0/71
AGG (2 ,3) PORT 5: Recv/Dropped : 0/68
AGG (2 ,3) PORT 6: Recv/Dropped : 0/70
AGG (2 ,3) PORT 7: Recv/Dropped : 0/52
AGG (3 ,0) PORT 0: Recv/Dropped : 0/39
AGG (3 ,0) PORT 1: Recv/Dropped : 0/51
AGG (3 ,0) PORT 2: Recv/Dropped : 0/50
AGG (3 ,0) PORT 3: Recv/Dropped : 0/51
AGG (3 ,0) PORT 4: Recv/Dropped : 0/48
AGG (3 ,0) PORT 5: Recv/Dropped : 0/37
AGG (3 ,0) PORT 6: Recv/Dropped : 0/40
AGG (3 ,0) PORT 7: Recv/Dropped : 0/42
AGG (3 ,1) PORT 0: Recv/Dropped : 0/27
AGG (3 ,1) PORT 1: Recv/Dropped : 0/21
AGG (3 ,1) PORT 2: Recv/Dropped : 0/20
AGG (3 ,1) PORT 3: Recv/Dropped : 0/19
AGG (3 ,1) PORT 4: Recv/Dropped : 0/48
AGG (3 ,1) PORT 5: Recv/Dropped : 0/47
AGG (3 ,1) PORT 6: Recv/Dropped : 0/39
AGG (3 ,1) PORT 7: Recv/Dropped : 0/46
AGG (3 ,2) PORT 0: Recv/Dropped : 0/4
AGG (3 ,2) PORT 1: Recv/Dropped : 0/2
AGG (3 ,2) PORT 2: Recv/Dropped : 0/4
AGG (3 ,2) PORT 3: Recv/Dropped : 0/0
AGG (3 ,2) PORT 4: Recv/Dropped : 0/43
AGG (3 ,2) PORT 5: Recv/Dropped : 0/34
AGG (3 ,2) PORT 6: Recv/Dropped : 0/46
AGG (3 ,2) PORT 7: Recv/Dropped : 0/42
AGG (3 ,3) PORT 0: Recv/Dropped : 0/29
AGG (3 ,3) PORT 1: Recv/Dropped : 0/38
AGG (3 ,3) PORT 2: Recv/Dropped : 0/32
AGG (3 ,3) PORT 3: Recv/Dropped : 0/32
AGG (3 ,3) PORT 4: Recv/Dropped : 0/29
AGG (3 ,3) PORT 5: Recv/Dropped : 0/40
AGG (3 ,3) PORT 6: Recv/Dropped : 0/48
AGG (3 ,3) PORT 7: Recv/Dropped : 0/29
AGG (4 ,0) PORT 0: Recv/Dropped : 0/33
AGG (4 ,0) PORT 1: Recv/Dropped : 0/26
AGG (4 ,0) PORT 2: Recv/Dropped : 0/32
AGG (4 ,0) PORT 3: Recv/Dropped : 0/40
AGG (4 ,0) PORT 4: Recv/Dropped : 0/51
AGG (4 ,0) PORT 5: Recv/Dropped : 0/58
AGG (4 ,0) PORT 6: Recv/Dropped : 0/51
AGG (4 ,0) PORT 7: Recv/Dropped : 0/53
AGG (4 ,1) PORT 0: Recv/Dropped : 0/17
AGG (4 ,1) PORT 1: Recv/Dropped : 0/18
AGG (4 ,1) PORT 2: Recv/Dropped : 0/18
AGG (4 ,1) PORT 3: Recv/Dropped : 0/19
AGG (4 ,1) PORT 4: Recv/Dropped : 0/53
AGG (4 ,1) PORT 5: Recv/Dropped : 0/43
AGG (4 ,1) PORT 6: Recv/Dropped : 0/38
AGG (4 ,1) PORT 7: Recv/Dropped : 0/51
AGG (4 ,2) PORT 0: Recv/Dropped : 0/14
AGG (4 ,2) PORT 1: Recv/Dropped : 0/25
AGG (4 ,2) PORT 2: Recv/Dropped : 0/15
AGG (4 ,2) PORT 3: Recv/Dropped : 0/17
AGG (4 ,2) PORT 4: Recv/Dropped : 0/41
AGG (4 ,2) PORT 5: Recv/Dropped : 0/43
AGG (4 ,2) PORT 6: Recv/Dropped : 0/52
AGG (4 ,2) PORT 7: Recv/Dropped : 0/43
AGG (4 ,3) PORT 0: Recv/Dropped : 0/50
AGG (4 ,3) PORT 1: Recv/Dropped : 0/54
AGG (4 ,3) PORT 2: Recv/Dropped : 0/53
AGG (4 ,3) PORT 3: Recv/Dropped : 0/41
AGG (4 ,3) PORT 4: Recv/Dropped : 0/54
AGG (4 ,3) PORT 5: Recv/Dropped : 0/45
AGG (4 ,3) PORT 6: Recv/Dropped : 0/41
AGG (4 ,3) PORT 7: Recv/Dropped : 0/37
AGG (5 ,0) PORT 0: Recv/Dropped : 0/18
AGG (5 ,0) PORT 1: Recv/Dropped : 0/30
AGG (5 ,0) PORT 2: Recv/Dropped : 0/14
AGG (5 ,0) PORT 3: Recv/Dropped : 0/7
AGG (5 ,0) PORT 4: Recv/Dropped : 0/48
AGG (5 ,0) PORT 5: Recv/Dropped : 0/49
AGG (5 ,0) PORT 6: Recv/Dropped : 0/36
AGG (5 ,0) PORT 7: Recv/Dropped : 0/46
AGG (5 ,1) PORT 0: Recv/Dropped : 0/10
AGG (5 ,1) PORT 1: Recv/Dropped : 0/17
AGG (5 ,1) PORT 2: Recv/Dropped : 0/18
AGG (5 ,1) PORT 3: Recv/Dropped : 0/25
AGG (5 ,1) PORT 4: Recv/Dropped : 0/43
AGG (5 ,1) PORT 5: Recv/Dropped : 0/52
AGG (5 ,1) PORT 6: Recv/Dropped : 0/46
AGG (5 ,1) PORT 7: Recv/Dropped : 0/24
AGG (5 ,2) PORT 0: Recv/Dropped : 0/19
AGG (5 ,2) PORT 1: Recv/Dropped : 0/19
AGG (5 ,2) PORT 2: Recv/Dropped : 0/17
AGG (5 ,2) PORT 3: Recv/Dropped : 0/25
AGG (5 ,2) PORT 4: Recv/Dropped : 0/44
AGG (5 ,2) PORT 5: Recv/Dropped : 0/44
AGG (5 ,2) PORT 6: Recv/Dropped : 0/39
AGG (5 ,2) PORT 7: Recv/Dropped : 0/36
AGG (5 ,3) PORT 0: Recv/Dropped : 0/48
AGG (5 ,3) PORT 1: Recv/Dropped : 0/59
AGG (5 ,3) PORT 2: Recv/Dropped : 0/43
AGG (5 ,3) PORT 3: Recv/Dropped : 0/53
AGG (5 ,3) PORT 4: Recv/Dropped : 0/34
AGG (5 ,3) PORT 5: Recv/Dropped : 0/43
AGG (5 ,3) PORT 6: Recv/Dropped : 0/38
AGG (5 ,3) PORT 7: Recv/Dropped : 0/42
AGG (6 ,0) PORT 0: Recv/Dropped : 0/1
AGG (6 ,0) PORT 1: Recv/Dropped : 0/2
AGG (6 ,0) PORT 2: Recv/Dropped : 0/3
AGG (6 ,0) PORT 3: Recv/Dropped : 0/4
AGG (6 ,0) PORT 4: Recv/Dropped : 0/37
AGG (6 ,0) PORT 5: Recv/Dropped : 0/50
AGG (6 ,0) PORT 6: Recv/Dropped : 0/43
AGG (6 ,0) PORT 7: Recv/Dropped : 0/55
AGG (6 ,1) PORT 0: Recv/Dropped : 0/21
AGG (6 ,1) PORT 1: Recv/Dropped : 0/18
AGG (6 ,1) PORT 2: Recv/Dropped : 0/26
AGG (6 ,1) PORT 3: Recv/Dropped : 0/14
AGG (6 ,1) PORT 4: Recv/Dropped : 0/37
AGG (6 ,1) PORT 5: Recv/Dropped : 0/44
AGG (6 ,1) PORT 6: Recv/Dropped : 0/49
AGG (6 ,1) PORT 7: Recv/Dropped : 0/54
AGG (6 ,2) PORT 0: Recv/Dropped : 0/45
AGG (6 ,2) PORT 1: Recv/Dropped : 0/54
AGG (6 ,2) PORT 2: Recv/Dropped : 0/59
AGG (6 ,2) PORT 3: Recv/Dropped : 0/56
AGG (6 ,2) PORT 4: Recv/Dropped : 0/45
AGG (6 ,2) PORT 5: Recv/Dropped : 0/47
AGG (6 ,2) PORT 6: Recv/Dropped : 0/52
AGG (6 ,2) PORT 7: Recv/Dropped : 0/48
AGG (6 ,3) PORT 0: Recv/Dropped : 0/41
AGG (6 ,3) PORT 1: Recv/Dropped : 0/61
AGG (6 ,3) PORT 2: Recv/Dropped : 0/62
AGG (6 ,3) PORT 3: Recv/Dropped : 0/43
AGG (6 ,3) PORT 4: Recv/Dropped : 0/47
AGG (6 ,3) PORT 5: Recv/Dropped : 0/57
AGG (6 ,3) PORT 6: Recv/Dropped : 0/53
AGG (6 ,3) PORT 7: Recv/Dropped : 0/47
AGG (7 ,0) PORT 0: Recv/Dropped : 0/25
AGG (7 ,0) PORT 1: Recv/Dropped : 0/16
AGG (7 ,0) PORT 2: Recv/Dropped : 0/18
AGG (7 ,0) PORT 3: Recv/Dropped : 0/17
AGG (7 ,0) PORT 4: Recv/Dropped : 0/70
AGG (7 ,0) PORT 5: Recv/Dropped : 0/64
AGG (7 ,0) PORT 6: Recv/Dropped : 0/71
AGG (7 ,0) PORT 7: Recv/Dropped : 0/69
AGG (7 ,1) PORT 0: Recv/Dropped : 0/32
AGG (7 ,1) PORT 1: Recv/Dropped : 0/35
AGG (7 ,1) PORT 2: Recv/Dropped : 0/40
AGG (7 ,1) PORT 3: Recv/Dropped : 0/33
AGG (7 ,1) PORT 4: Recv/Dropped : 0/65
AGG (7 ,1) PORT 5: Recv/Dropped : 0/60
AGG (7 ,1) PORT 6: Recv/Dropped : 0/66
AGG (7 ,1) PORT 7: Recv/Dropped : 0/60
AGG (7 ,2) PORT 0: Recv/Dropped : 0/73
AGG (7 ,2) PORT 1: Recv/Dropped : 0/59
AGG (7 ,2) PORT 2: Recv/Dropped : 0/63
AGG (7 ,2) PORT 3: Recv/Dropped : 0/65
AGG (7 ,2) PORT 4: Recv/Dropped : 0/74
AGG (7 ,2) PORT 5: Recv/Dropped : 0/60
AGG (7 ,2) PORT 6: Recv/Dropped : 0/60
AGG (7 ,2) PORT 7: Recv/Dropped : 0/69
AGG (7 ,3) PORT 0: Recv/Dropped : 0/56
AGG (7 ,3) PORT 1: Recv/Dropped : 0/55
AGG (7 ,3) PORT 2: Recv/Dropped : 0/44
AGG (7 ,3) PORT 3: Recv/Dropped : 0/50
AGG (7 ,3) PORT 4: Recv/Dropped : 0/69
AGG (7 ,3) PORT 5: Recv/Dropped : 0/64
AGG (7 ,3) PORT 6: Recv/Dropped : 0/58
AGG (7 ,3) PORT 7: Recv/Dropped : 0/56


TOTAL RECEIVED PACKETS = 43889
TOTAL DROPPED PACKETS = 369