QUEUE STATISTICS FOR EXPERIMENT 3207
---------------------------
 -- EDGE QUEUE STATISTICS --
EDGE (0 ,0) PORT 0: Recv/Dropped : 571/9992
EDGE (0 ,0) PORT 1: Recv/Dropped : 0/81
EDGE (0 ,0) PORT 2: Recv/Dropped : 0/68
EDGE (0 ,0) PORT 3: Recv/Dropped : 0/64
EDGE (0 ,0) PORT 4: Recv/Dropped : 0/1822
EDGE (0 ,0) PORT 5: Recv/Dropped : 0/1934
EDGE (0 ,0) PORT 6: Recv/Dropped : 0/1820
EDGE (0 ,0) PORT 7: Recv/Dropped : 0/1797
EDGE (0 ,1) PORT 0: Recv/Dropped : 0/89
EDGE (0 ,1) PORT 1: Recv/Dropped : 0/72
EDGE (0 ,1) PORT 2: Recv/Dropped : 0/80
EDGE (0 ,1) PORT 3: Recv/Dropped : 0/66
EDGE (0 ,1) PORT 4: Recv/Dropped : 0/104
EDGE (0 ,1) PORT 5: Recv/Dropped : 0/101
EDGE (0 ,1) PORT 6: Recv/Dropped : 0/104
EDGE (0 ,1) PORT 7: Recv/Dropped : 0/104
EDGE (0 ,2) PORT 0: Recv/Dropped : 0/74
EDGE (0 ,2) PORT 1: Recv/Dropped : 0/67
EDGE (0 ,2) PORT 2: Recv/Dropped : 0/65
EDGE (0 ,2) PORT 3: Recv/Dropped : 0/64
EDGE (0 ,2) PORT 4: Recv/Dropped : 0/108
EDGE (0 ,2) PORT 5: Recv/Dropped : 0/104
EDGE (0 ,2) PORT 6: Recv/Dropped : 0/99
EDGE (0 ,2) PORT 7: Recv/Dropped : 0/83
EDGE (0 ,3) PORT 0: Recv/Dropped : 0/68
EDGE (0 ,3) PORT 1: Recv/Dropped : 0/66
EDGE (0 ,3) PORT 2: Recv/Dropped : 0/65
EDGE (0 ,3) PORT 3: Recv/Dropped : 0/3
EDGE (0 ,3) PORT 4: Recv/Dropped : 0/77
EDGE (0 ,3) PORT 5: Recv/Dropped : 0/76
EDGE (0 ,3) PORT 6: Recv/Dropped : 0/81
EDGE (0 ,3) PORT 7: Recv/Dropped : 0/65
EDGE (1 ,0) PORT 0: Recv/Dropped : 0/77
EDGE (1 ,0) PORT 1: Recv/Dropped : 0/68
EDGE (1 ,0) PORT 2: Recv/Dropped : 0/71
EDGE (1 ,0) PORT 3: Recv/Dropped : 0/70
EDGE (1 ,0) PORT 4: Recv/Dropped : 0/109
EDGE (1 ,0) PORT 5: Recv/Dropped : 0/113
EDGE (1 ,0) PORT 6: Recv/Dropped : 0/88
EDGE (1 ,0) PORT 7: Recv/Dropped : 0/104
EDGE (1 ,1) PORT 0: Recv/Dropped : 0/83
EDGE (1 ,1) PORT 1: Recv/Dropped : 0/66
EDGE (1 ,1) PORT 2: Recv/Dropped : 0/65
EDGE (1 ,1) PORT 3: Recv/Dropped : 0/76
EDGE (1 ,1) PORT 4: Recv/Dropped : 0/112
EDGE (1 ,1) PORT 5: Recv/Dropped : 0/92
EDGE (1 ,1) PORT 6: Recv/Dropped : 0/101
EDGE (1 ,1) PORT 7: Recv/Dropped : 0/98
EDGE (1 ,2) PORT 0: Recv/Dropped : 0/72
EDGE (1 ,2) PORT 1: Recv/Dropped : 0/82
EDGE (1 ,2) PORT 2: Recv/Dropped : 0/75
EDGE (1 ,2) PORT 3: Recv/Dropped : 0/2
EDGE (1 ,2) PORT 4: Recv/Dropped : 0/84
EDGE (1 ,2) PORT 5: Recv/Dropped : 0/69
EDGE (1 ,2) PORT 6: Recv/Dropped : 0/87
EDGE (1 ,2) PORT 7: Recv/Dropped : 0/64
EDGE (1 ,3) PORT 0: Recv/Dropped : 0/70
EDGE (1 ,3) PORT 1: Recv/Dropped : 0/71
EDGE (1 ,3) PORT 2: Recv/Dropped : 0/76
EDGE (1 ,3) PORT 3: Recv/Dropped : 0/83
EDGE (1 ,3) PORT 4: Recv/Dropped : 0/98
EDGE (1 ,3) PORT 5: Recv/Dropped : 0/96
EDGE (1 ,3) PORT 6: Recv/Dropped : 0/123
EDGE (1 ,3) PORT 7: Recv/Dropped : 0/83
EDGE (2 ,0) PORT 0: Recv/Dropped : 0/69
EDGE (2 ,0) PORT 1: Recv/Dropped : 0/66
EDGE (2 ,0) PORT 2: Recv/Dropped : 0/71
EDGE (2 ,0) PORT 3: Recv/Dropped : 0/74
EDGE (2 ,0) PORT 4: Recv/Dropped : 0/93
EDGE (2 ,0) PORT 5: Recv/Dropped : 0/111
EDGE (2 ,0) PORT 6: Recv/Dropped : 0/101
EDGE (2 ,0) PORT 7: Recv/Dropped : 0/99
EDGE (2 ,1) PORT 0: Recv/Dropped : 0/70
EDGE (2 ,1) PORT 1: Recv/Dropped : 0/86
EDGE (2 ,1) PORT 2: Recv/Dropped : 0/65
EDGE (2 ,1) PORT 3: Recv/Dropped : 0/77
EDGE (2 ,1) PORT 4: Recv/Dropped : 0/101
EDGE (2 ,1) PORT 5: Recv/Dropped : 0/116
EDGE (2 ,1) PORT 6: Recv/Dropped : 0/92
EDGE (2 ,1) PORT 7: Recv/Dropped : 0/93
EDGE (2 ,2) PORT 0: Recv/Dropped : 0/64
EDGE (2 ,2) PORT 1: Recv/Dropped : 0/65
EDGE (2 ,2) PORT 2: Recv/Dropped : 0/2
EDGE (2 ,2) PORT 3: Recv/Dropped : 0/78
EDGE (2 ,2) PORT 4: Recv/Dropped : 0/67
EDGE (2 ,2) PORT 5: Recv/Dropped : 0/78
EDGE (2 ,2) PORT 6: Recv/Dropped : 0/73
EDGE (2 ,2) PORT 7: Recv/Dropped : 0/84
EDGE (2 ,3) PORT 0: Recv/Dropped : 0/75
EDGE (2 ,3) PORT 1: Recv/Dropped : 0/2
EDGE (2 ,3) PORT 2: Recv/Dropped : 0/64
EDGE (2 ,3) PORT 3: Recv/Dropped : 0/4
EDGE (2 ,3) PORT 4: Recv/Dropped : 0/45
EDGE (2 ,3) PORT 5: Recv/Dropped : 0/51
EDGE (2 ,3) PORT 6: Recv/Dropped : 0/50
EDGE (2 ,3) PORT 7: Recv/Dropped : 0/62
EDGE (3 ,0) PORT 0: Recv/Dropped : 0/64
EDGE (3 ,0) PORT 1: Recv/Dropped : 0/66
EDGE (3 ,0) PORT 2: Recv/Dropped : 0/70
EDGE (3 ,0) PORT 3: Recv/Dropped : 0/2
EDGE (3 ,0) PORT 4: Recv/Dropped : 0/70
EDGE (3 ,0) PORT 5: Recv/Dropped : 0/85
EDGE (3 ,0) PORT 6: Recv/Dropped : 0/60
EDGE (3 ,0) PORT 7: Recv/Dropped : 0/83
EDGE (3 ,1) PORT 0: Recv/Dropped : 0/64
EDGE (3 ,1) PORT 1: Recv/Dropped : 0/78
EDGE (3 ,1) PORT 2: Recv/Dropped : 0/2
EDGE (3 ,1) PORT 3: Recv/Dropped : 0/64
EDGE (3 ,1) PORT 4: Recv/Dropped : 0/79
EDGE (3 ,1) PORT 5: Recv/Dropped : 0/83
EDGE (3 ,1) PORT 6: Recv/Dropped : 0/79
EDGE (3 ,1) PORT 7: Recv/Dropped : 0/68
EDGE (3 ,2) PORT 0: Recv/Dropped : 0/66
EDGE (3 ,2) PORT 1: Recv/Dropped : 0/84
EDGE (3 ,2) PORT 2: Recv/Dropped : 0/74
EDGE (3 ,2) PORT 3: Recv/Dropped : 0/3
EDGE (3 ,2) PORT 4: Recv/Dropped : 0/75
EDGE (3 ,2) PORT 5: Recv/Dropped : 0/83
EDGE (3 ,2) PORT 6: Recv/Dropped : 0/67
EDGE (3 ,2) PORT 7: Recv/Dropped : 0/82
EDGE (3 ,3) PORT 0: Recv/Dropped : 0/64
EDGE (3 ,3) PORT 1: Recv/Dropped : 0/74
EDGE (3 ,3) PORT 2: Recv/Dropped : 0/3
EDGE (3 ,3) PORT 3: Recv/Dropped : 0/78
EDGE (3 ,3) PORT 4: Recv/Dropped : 0/72
EDGE (3 ,3) PORT 5: Recv/Dropped : 0/93
EDGE (3 ,3) PORT 6: Recv/Dropped : 0/82
EDGE (3 ,3) PORT 7: Recv/Dropped : 0/62
EDGE (4 ,0) PORT 0: Recv/Dropped : 0/78
EDGE (4 ,0) PORT 1: Recv/Dropped : 0/72
EDGE (4 ,0) PORT 2: Recv/Dropped : 0/64
EDGE (4 ,0) PORT 3: Recv/Dropped : 0/75
EDGE (4 ,0) PORT 4: Recv/Dropped : 0/88
EDGE (4 ,0) PORT 5: Recv/Dropped : 0/97
EDGE (4 ,0) PORT 6: Recv/Dropped : 0/120
EDGE (4 ,0) PORT 7: Recv/Dropped : 0/96
EDGE (4 ,1) PORT 0: Recv/Dropped : 0/65
EDGE (4 ,1) PORT 1: Recv/Dropped : 0/85
EDGE (4 ,1) PORT 2: Recv/Dropped : 0/65
EDGE (4 ,1) PORT 3: Recv/Dropped : 0/3
EDGE (4 ,1) PORT 4: Recv/Dropped : 0/79
EDGE (4 ,1) PORT 5: Recv/Dropped : 0/64
EDGE (4 ,1) PORT 6: Recv/Dropped : 0/70
EDGE (4 ,1) PORT 7: Recv/Dropped : 0/90
EDGE (4 ,2) PORT 0: Recv/Dropped : 0/2
EDGE (4 ,2) PORT 1: Recv/Dropped : 0/2
EDGE (4 ,2) PORT 2: Recv/Dropped : 0/2
EDGE (4 ,2) PORT 3: Recv/Dropped : 0/76
EDGE (4 ,2) PORT 4: Recv/Dropped : 0/21
EDGE (4 ,2) PORT 5: Recv/Dropped : 0/28
EDGE (4 ,2) PORT 6: Recv/Dropped : 0/26
EDGE (4 ,2) PORT 7: Recv/Dropped : 0/39
EDGE (4 ,3) PORT 0: Recv/Dropped : 0/87
EDGE (4 ,3) PORT 1: Recv/Dropped : 0/2
EDGE (4 ,3) PORT 2: Recv/Dropped : 0/72
EDGE (4 ,3) PORT 3: Recv/Dropped : 0/2
EDGE (4 ,3) PORT 4: Recv/Dropped : 0/49
EDGE (4 ,3) PORT 5: Recv/Dropped : 0/53
EDGE (4 ,3) PORT 6: Recv/Dropped : 0/55
EDGE (4 ,3) PORT 7: Recv/Dropped : 0/62
EDGE (5 ,0) PORT 0: Recv/Dropped : 0/66
EDGE (5 ,0) PORT 1: Recv/Dropped : 0/78
EDGE (5 ,0) PORT 2: Recv/Dropped : 0/83
EDGE (5 ,0) PORT 3: Recv/Dropped : 0/2
EDGE (5 ,0) PORT 4: Recv/Dropped : 0/71
EDGE (5 ,0) PORT 5: Recv/Dropped : 0/74
EDGE (5 ,0) PORT 6: Recv/Dropped : 0/72
EDGE (5 ,0) PORT 7: Recv/Dropped : 0/90
EDGE (5 ,1) PORT 0: Recv/Dropped : 0/2
EDGE (5 ,1) PORT 1: Recv/Dropped : 0/79
EDGE (5 ,1) PORT 2: Recv/Dropped : 0/4
EDGE (5 ,1) PORT 3: Recv/Dropped : 0/76
EDGE (5 ,1) PORT 4: Recv/Dropped : 0/58
EDGE (5 ,1) PORT 5: Recv/Dropped : 0/43
EDGE (5 ,1) PORT 6: Recv/Dropped : 0/59
EDGE (5 ,1) PORT 7: Recv/Dropped : 0/54
EDGE (5 ,2) PORT 0: Recv/Dropped : 0/84
EDGE (5 ,2) PORT 1: Recv/Dropped : 0/2
EDGE (5 ,2) PORT 2: Recv/Dropped : 0/74
EDGE (5 ,2) PORT 3: Recv/Dropped : 0/73
EDGE (5 ,2) PORT 4: Recv/Dropped : 0/83
EDGE (5 ,2) PORT 5: Recv/Dropped : 0/80
EDGE (5 ,2) PORT 6: Recv/Dropped : 0/72
EDGE (5 ,2) PORT 7: Recv/Dropped : 0/77
EDGE (5 ,3) PORT 0: Recv/Dropped : 0/64
EDGE (5 ,3) PORT 1: Recv/Dropped : 0/75
EDGE (5 ,3) PORT 2: Recv/Dropped : 0/73
EDGE (5 ,3) PORT 3: Recv/Dropped : 0/4
EDGE (5 ,3) PORT 4: Recv/Dropped : 0/58
EDGE (5 ,3) PORT 5: Recv/Dropped : 0/89
EDGE (5 ,3) PORT 6: Recv/Dropped : 0/84
EDGE (5 ,3) PORT 7: Recv/Dropped : 0/76
EDGE (6 ,0) PORT 0: Recv/Dropped : 0/77
EDGE (6 ,0) PORT 1: Recv/Dropped : 0/64
EDGE (6 ,0) PORT 2: Recv/Dropped : 0/78
EDGE (6 ,0) PORT 3: Recv/Dropped : 0/74
EDGE (6 ,0) PORT 4: Recv/Dropped : 0/102
EDGE (6 ,0) PORT 5: Recv/Dropped : 0/94
EDGE (6 ,0) PORT 6: Recv/Dropped : 0/93
EDGE (6 ,0) PORT 7: Recv/Dropped : 0/117
EDGE (6 ,1) PORT 0: Recv/Dropped : 0/81
EDGE (6 ,1) PORT 1: Recv/Dropped : 0/2
EDGE (6 ,1) PORT 2: Recv/Dropped : 0/77
EDGE (6 ,1) PORT 3: Recv/Dropped : 0/83
EDGE (6 ,1) PORT 4: Recv/Dropped : 0/74
EDGE (6 ,1) PORT 5: Recv/Dropped : 0/79
EDGE (6 ,1) PORT 6: Recv/Dropped : 0/71
EDGE (6 ,1) PORT 7: Recv/Dropped : 0/87
EDGE (6 ,2) PORT 0: Recv/Dropped : 0/74
EDGE (6 ,2) PORT 1: Recv/Dropped : 0/74
EDGE (6 ,2) PORT 2: Recv/Dropped : 0/74
EDGE (6 ,2) PORT 3: Recv/Dropped : 0/4
EDGE (6 ,2) PORT 4: Recv/Dropped : 0/87
EDGE (6 ,2) PORT 5: Recv/Dropped : 0/67
EDGE (6 ,2) PORT 6: Recv/Dropped : 0/82
EDGE (6 ,2) PORT 7: Recv/Dropped : 0/76
EDGE (6 ,3) PORT 0: Recv/Dropped : 0/81
EDGE (6 ,3) PORT 1: Recv/Dropped : 0/80
EDGE (6 ,3) PORT 2: Recv/Dropped : 0/73
EDGE (6 ,3) PORT 3: Recv/Dropped : 0/73
EDGE (6 ,3) PORT 4: Recv/Dropped : 0/106
EDGE (6 ,3) PORT 5: Recv/Dropped : 0/84
EDGE (6 ,3) PORT 6: Recv/Dropped : 0/108
EDGE (6 ,3) PORT 7: Recv/Dropped : 0/114
EDGE (7 ,0) PORT 0: Recv/Dropped : 0/74
EDGE (7 ,0) PORT 1: Recv/Dropped : 0/2
EDGE (7 ,0) PORT 2: Recv/Dropped : 0/75
EDGE (7 ,0) PORT 3: Recv/Dropped : 0/83
EDGE (7 ,0) PORT 4: Recv/Dropped : 0/74
EDGE (7 ,0) PORT 5: Recv/Dropped : 0/86
EDGE (7 ,0) PORT 6: Recv/Dropped : 0/77
EDGE (7 ,0) PORT 7: Recv/Dropped : 0/78
EDGE (7 ,1) PORT 0: Recv/Dropped : 0/2
EDGE (7 ,1) PORT 1: Recv/Dropped : 0/71
EDGE (7 ,1) PORT 2: Recv/Dropped : 0/72
EDGE (7 ,1) PORT 3: Recv/Dropped : 0/74
EDGE (7 ,1) PORT 4: Recv/Dropped : 0/73
EDGE (7 ,1) PORT 5: Recv/Dropped : 0/85
EDGE (7 ,1) PORT 6: Recv/Dropped : 0/83
EDGE (7 ,1) PORT 7: Recv/Dropped : 0/80
EDGE (7 ,2) PORT 0: Recv/Dropped : 0/71
EDGE (7 ,2) PORT 1: Recv/Dropped : 0/73
EDGE (7 ,2) PORT 2: Recv/Dropped : 0/72
EDGE (7 ,2) PORT 3: Recv/Dropped : 0/69
EDGE (7 ,2) PORT 4: Recv/Dropped : 0/107
EDGE (7 ,2) PORT 5: Recv/Dropped : 0/126
EDGE (7 ,2) PORT 6: Recv/Dropped : 0/89
EDGE (7 ,2) PORT 7: Recv/Dropped : 0/95
EDGE (7 ,3) PORT 0: Recv/Dropped : 0/72
EDGE (7 ,3) PORT 1: Recv/Dropped : 0/77
EDGE (7 ,3) PORT 2: Recv/Dropped : 0/74
EDGE (7 ,3) PORT 3: Recv/Dropped : 0/78
EDGE (7 ,3) PORT 4: Recv/Dropped : 0/116
EDGE (7 ,3) PORT 5: Recv/Dropped : 0/107
EDGE (7 ,3) PORT 6: Recv/Dropped : 0/90
EDGE (7 ,3) PORT 7: Recv/Dropped : 0/109
 -- AGG QUEUE STATISTICS --
AGG (0 ,0) PORT 0: Recv/Dropped : 0/2540
AGG (0 ,0) PORT 1: Recv/Dropped : 0/2607
AGG (0 ,0) PORT 2: Recv/Dropped : 0/2538
AGG (0 ,0) PORT 3: Recv/Dropped : 0/2574
AGG (0 ,0) PORT 4: Recv/Dropped : 0/436
AGG (0 ,0) PORT 5: Recv/Dropped : 0/401
AGG (0 ,0) PORT 6: Recv/Dropped : 0/400
AGG (0 ,0) PORT 7: Recv/Dropped : 0/391
AGG (0 ,1) PORT 0: Recv/Dropped : 0/71
AGG (0 ,1) PORT 1: Recv/Dropped : 0/86
AGG (0 ,1) PORT 2: Recv/Dropped : 0/77
AGG (0 ,1) PORT 3: Recv/Dropped : 0/73
AGG (0 ,1) PORT 4: Recv/Dropped : 0/434
AGG (0 ,1) PORT 5: Recv/Dropped : 0/419
AGG (0 ,1) PORT 6: Recv/Dropped : 0/423
AGG (0 ,1) PORT 7: Recv/Dropped : 0/438
AGG (0 ,2) PORT 0: Recv/Dropped : 0/77
AGG (0 ,2) PORT 1: Recv/Dropped : 0/73
AGG (0 ,2) PORT 2: Recv/Dropped : 0/57
AGG (0 ,2) PORT 3: Recv/Dropped : 0/63
AGG (0 ,2) PORT 4: Recv/Dropped : 0/384
AGG (0 ,2) PORT 5: Recv/Dropped : 0/405
AGG (0 ,2) PORT 6: Recv/Dropped : 0/439
AGG (0 ,2) PORT 7: Recv/Dropped : 0/419
AGG (0 ,3) PORT 0: Recv/Dropped : 0/46
AGG (0 ,3) PORT 1: Recv/Dropped : 0/61
AGG (0 ,3) PORT 2: Recv/Dropped : 0/39
AGG (0 ,3) PORT 3: Recv/Dropped : 0/56
AGG (0 ,3) PORT 4: Recv/Dropped : 0/385
AGG (0 ,3) PORT 5: Recv/Dropped : 0/443
AGG (0 ,3) PORT 6: Recv/Dropped : 0/392
AGG (0 ,3) PORT 7: Recv/Dropped : 0/385
AGG (1 ,0) PORT 0: Recv/Dropped : 0/81
AGG (1 ,0) PORT 1: Recv/Dropped : 0/72
AGG (1 ,0) PORT 2: Recv/Dropped : 0/63
AGG (1 ,0) PORT 3: Recv/Dropped : 0/70
AGG (1 ,0) PORT 4: Recv/Dropped : 0/100
AGG (1 ,0) PORT 5: Recv/Dropped : 0/87
AGG (1 ,0) PORT 6: Recv/Dropped : 0/112
AGG (1 ,0) PORT 7: Recv/Dropped : 0/104
AGG (1 ,1) PORT 0: Recv/Dropped : 0/82
AGG (1 ,1) PORT 1: Recv/Dropped : 0/83
AGG (1 ,1) PORT 2: Recv/Dropped : 0/66
AGG (1 ,1) PORT 3: Recv/Dropped : 0/59
AGG (1 ,1) PORT 4: Recv/Dropped : 0/79
AGG (1 ,1) PORT 5: Recv/Dropped : 0/74
AGG (1 ,1) PORT 6: Recv/Dropped : 0/112
AGG (1 ,1) PORT 7: Recv/Dropped : 0/105
AGG (1 ,2) PORT 0: Recv/Dropped : 0/57
AGG (1 ,2) PORT 1: Recv/Dropped : 0/54
AGG (1 ,2) PORT 2: Recv/Dropped : 0/60
AGG (1 ,2) PORT 3: Recv/Dropped : 0/60
AGG (1 ,2) PORT 4: Recv/Dropped : 0/103
AGG (1 ,2) PORT 5: Recv/Dropped : 0/102
AGG (1 ,2) PORT 6: Recv/Dropped : 0/102
AGG (1 ,2) PORT 7: Recv/Dropped : 0/92
AGG (1 ,3) PORT 0: Recv/Dropped : 0/77
AGG (1 ,3) PORT 1: Recv/Dropped : 0/79
AGG (1 ,3) PORT 2: Recv/Dropped : 0/66
AGG (1 ,3) PORT 3: Recv/Dropped : 0/78
AGG (1 ,3) PORT 4: Recv/Dropped : 0/98
AGG (1 ,3) PORT 5: Recv/Dropped : 0/89
AGG (1 ,3) PORT 6: Recv/Dropped : 0/79
AGG (1 ,3) PORT 7: Recv/Dropped : 0/83
AGG (2 ,0) PORT 0: Recv/Dropped : 0/60
AGG (2 ,0) PORT 1: Recv/Dropped : 0/74
AGG (2 ,0) PORT 2: Recv/Dropped : 0/67
AGG (2 ,0) PORT 3: Recv/Dropped : 0/79
AGG (2 ,0) PORT 4: Recv/Dropped : 0/84
AGG (2 ,0) PORT 5: Recv/Dropped : 0/74
AGG (2 ,0) PORT 6: Recv/Dropped : 0/81
AGG (2 ,0) PORT 7: Recv/Dropped : 0/67
AGG (2 ,1) PORT 0: Recv/Dropped : 0/74
AGG (2 ,1) PORT 1: Recv/Dropped : 0/82
AGG (2 ,1) PORT 2: Recv/Dropped : 0/76
AGG (2 ,1) PORT 3: Recv/Dropped : 0/66
AGG (2 ,1) PORT 4: Recv/Dropped : 0/98
AGG (2 ,1) PORT 5: Recv/Dropped : 0/90
AGG (2 ,1) PORT 6: Recv/Dropped : 0/84
AGG (2 ,1) PORT 7: Recv/Dropped : 0/84
AGG (2 ,2) PORT 0: Recv/Dropped : 0/47
AGG (2 ,2) PORT 1: Recv/Dropped : 0/44
AGG (2 ,2) PORT 2: Recv/Dropped : 0/53
AGG (2 ,2) PORT 3: Recv/Dropped : 0/65
AGG (2 ,2) PORT 4: Recv/Dropped : 0/72
AGG (2 ,2) PORT 5: Recv/Dropped : 0/83
AGG (2 ,2) PORT 6: Recv/Dropped : 0/80
AGG (2 ,2) PORT 7: Recv/Dropped : 0/81
AGG (2 ,3) PORT 0: Recv/Dropped : 0/38
AGG (2 ,3) PORT 1: Recv/Dropped : 0/33
AGG (2 ,3) PORT 2: Recv/Dropped : 0/36
AGG (2 ,3) PORT 3: Recv/Dropped : 0/38
AGG (2 ,3) PORT 4: Recv/Dropped : 0/87
AGG (2 ,3) PORT 5: Recv/Dropped : 0/77
AGG (2 ,3) PORT 6: Recv/Dropped : 0/90
AGG (2 ,3) PORT 7: Recv/Dropped : 0/84
AGG (3 ,0) PORT 0: Recv/Dropped : 0/53
AGG (3 ,0) PORT 1: Recv/Dropped : 0/43
AGG (3 ,0) PORT 2: Recv/Dropped : 0/56
AGG (3 ,0) PORT 3: Recv/Dropped : 0/50
AGG (3 ,0) PORT 4: Recv/Dropped : 0/73
AGG (3 ,0) PORT 5: Recv/Dropped : 0/77
AGG (3 ,0) PORT 6: Recv/Dropped : 0/81
AGG (3 ,0) PORT 7: Recv/Dropped : 0/65
AGG (3 ,1) PORT 0: Recv/Dropped : 0/38
AGG (3 ,1) PORT 1: Recv/Dropped : 0/62
AGG (3 ,1) PORT 2: Recv/Dropped : 0/62
AGG (3 ,1) PORT 3: Recv/Dropped : 0/46
AGG (3 ,1) PORT 4: Recv/Dropped : 0/100
AGG (3 ,1) PORT 5: Recv/Dropped : 0/86
AGG (3 ,1) PORT 6: Recv/Dropped : 0/79
AGG (3 ,1) PORT 7: Recv/Dropped : 0/79
AGG (3 ,2) PORT 0: Recv/Dropped : 0/50
AGG (3 ,2) PORT 1: Recv/Dropped : 0/65
AGG (3 ,2) PORT 2: Recv/Dropped : 0/65
AGG (3 ,2) PORT 3: Recv/Dropped : 0/47
AGG (3 ,2) PORT 4: Recv/Dropped : 0/73
AGG (3 ,2) PORT 5: Recv/Dropped : 0/64
AGG (3 ,2) PORT 6: Recv/Dropped : 0/90
AGG (3 ,2) PORT 7: Recv/Dropped : 0/61
AGG (3 ,3) PORT 0: Recv/Dropped : 0/44
AGG (3 ,3) PORT 1: Recv/Dropped : 0/64
AGG (3 ,3) PORT 2: Recv/Dropped : 0/60
AGG (3 ,3) PORT 3: Recv/Dropped : 0/51
AGG (3 ,3) PORT 4: Recv/Dropped : 0/78
AGG (3 ,3) PORT 5: Recv/Dropped : 0/71
AGG (3 ,3) PORT 6: Recv/Dropped : 0/74
AGG (3 ,3) PORT 7: Recv/Dropped : 0/72
AGG (4 ,0) PORT 0: Recv/Dropped : 0/72
AGG (4 ,0) PORT 1: Recv/Dropped : 0/82
AGG (4 ,0) PORT 2: Recv/Dropped : 0/71
AGG (4 ,0) PORT 3: Recv/Dropped : 0/64
AGG (4 ,0) PORT 4: Recv/Dropped : 0/53
AGG (4 ,0) PORT 5: Recv/Dropped : 0/66
AGG (4 ,0) PORT 6: Recv/Dropped : 0/53
AGG (4 ,0) PORT 7: Recv/Dropped : 0/65
AGG (4 ,1) PORT 0: Recv/Dropped : 0/56
AGG (4 ,1) PORT 1: Recv/Dropped : 0/55
AGG (4 ,1) PORT 2: Recv/Dropped : 0/52
AGG (4 ,1) PORT 3: Recv/Dropped : 0/55
AGG (4 ,1) PORT 4: Recv/Dropped : 0/51
AGG (4 ,1) PORT 5: Recv/Dropped : 0/64
AGG (4 ,1) PORT 6: Recv/Dropped : 0/64
AGG (4 ,1) PORT 7: Recv/Dropped : 0/63
AGG (4 ,2) PORT 0: Recv/Dropped : 0/24
AGG (4 ,2) PORT 1: Recv/Dropped : 0/20
AGG (4 ,2) PORT 2: Recv/Dropped : 0/18
AGG (4 ,2) PORT 3: Recv/Dropped : 0/20
AGG (4 ,2) PORT 4: Recv/Dropped : 0/70
AGG (4 ,2) PORT 5: Recv/Dropped : 0/66
AGG (4 ,2) PORT 6: Recv/Dropped : 0/60
AGG (4 ,2) PORT 7: Recv/Dropped : 0/75
AGG (4 ,3) PORT 0: Recv/Dropped : 0/45
AGG (4 ,3) PORT 1: Recv/Dropped : 0/37
AGG (4 ,3) PORT 2: Recv/Dropped : 0/43
AGG (4 ,3) PORT 3: Recv/Dropped : 0/38
AGG (4 ,3) PORT 4: Recv/Dropped : 0/77
AGG (4 ,3) PORT 5: Recv/Dropped : 0/73
AGG (4 ,3) PORT 6: Recv/Dropped : 0/60
AGG (4 ,3) PORT 7: Recv/Dropped : 0/77
AGG (5 ,0) PORT 0: Recv/Dropped : 0/52
AGG (5 ,0) PORT 1: Recv/Dropped : 0/54
AGG (5 ,0) PORT 2: Recv/Dropped : 0/54
AGG (5 ,0) PORT 3: Recv/Dropped : 0/69
AGG (5 ,0) PORT 4: Recv/Dropped : 0/60
AGG (5 ,0) PORT 5: Recv/Dropped : 0/66
AGG (5 ,0) PORT 6: Recv/Dropped : 0/69
AGG (5 ,0) PORT 7: Recv/Dropped : 0/75
AGG (5 ,1) PORT 0: Recv/Dropped : 0/38
AGG (5 ,1) PORT 1: Recv/Dropped : 0/41
AGG (5 ,1) PORT 2: Recv/Dropped : 0/45
AGG (5 ,1) PORT 3: Recv/Dropped : 0/37
AGG (5 ,1) PORT 4: Recv/Dropped : 0/68
AGG (5 ,1) PORT 5: Recv/Dropped : 0/76
AGG (5 ,1) PORT 6: Recv/Dropped : 0/69
AGG (5 ,1) PORT 7: Recv/Dropped : 0/73
AGG (5 ,2) PORT 0: Recv/Dropped : 0/52
AGG (5 ,2) PORT 1: Recv/Dropped : 0/59
AGG (5 ,2) PORT 2: Recv/Dropped : 0/57
AGG (5 ,2) PORT 3: Recv/Dropped : 0/65
AGG (5 ,2) PORT 4: Recv/Dropped : 0/72
AGG (5 ,2) PORT 5: Recv/Dropped : 0/65
AGG (5 ,2) PORT 6: Recv/Dropped : 0/81
AGG (5 ,2) PORT 7: Recv/Dropped : 0/69
AGG (5 ,3) PORT 0: Recv/Dropped : 0/59
AGG (5 ,3) PORT 1: Recv/Dropped : 0/46
AGG (5 ,3) PORT 2: Recv/Dropped : 0/51
AGG (5 ,3) PORT 3: Recv/Dropped : 0/60
AGG (5 ,3) PORT 4: Recv/Dropped : 0/70
AGG (5 ,3) PORT 5: Recv/Dropped : 0/79
AGG (5 ,3) PORT 6: Recv/Dropped : 0/79
AGG (5 ,3) PORT 7: Recv/Dropped : 0/69
AGG (6 ,0) PORT 0: Recv/Dropped : 0/79
AGG (6 ,0) PORT 1: Recv/Dropped : 0/77
AGG (6 ,0) PORT 2: Recv/Dropped : 0/76
AGG (6 ,0) PORT 3: Recv/Dropped : 0/61
AGG (6 ,0) PORT 4: Recv/Dropped : 0/77
AGG (6 ,0) PORT 5: Recv/Dropped : 0/103
AGG (6 ,0) PORT 6: Recv/Dropped : 0/92
AGG (6 ,0) PORT 7: Recv/Dropped : 0/97
AGG (6 ,1) PORT 0: Recv/Dropped : 0/55
AGG (6 ,1) PORT 1: Recv/Dropped : 0/70
AGG (6 ,1) PORT 2: Recv/Dropped : 0/56
AGG (6 ,1) PORT 3: Recv/Dropped : 0/62
AGG (6 ,1) PORT 4: Recv/Dropped : 0/70
AGG (6 ,1) PORT 5: Recv/Dropped : 0/92
AGG (6 ,1) PORT 6: Recv/Dropped : 0/80
AGG (6 ,1) PORT 7: Recv/Dropped : 0/82
AGG (6 ,2) PORT 0: Recv/Dropped : 0/56
AGG (6 ,2) PORT 1: Recv/Dropped : 0/65
AGG (6 ,2) PORT 2: Recv/Dropped : 0/50
AGG (6 ,2) PORT 3: Recv/Dropped : 0/55
AGG (6 ,2) PORT 4: Recv/Dropped : 0/97
AGG (6 ,2) PORT 5: Recv/Dropped : 0/80
AGG (6 ,2) PORT 6: Recv/Dropped : 0/86
AGG (6 ,2) PORT 7: Recv/Dropped : 0/91
AGG (6 ,3) PORT 0: Recv/Dropped : 0/88
AGG (6 ,3) PORT 1: Recv/Dropped : 0/83
AGG (6 ,3) PORT 2: Recv/Dropped : 0/72
AGG (6 ,3) PORT 3: Recv/Dropped : 0/64
AGG (6 ,3) PORT 4: Recv/Dropped : 0/84
AGG (6 ,3) PORT 5: Recv/Dropped : 0/90
AGG (6 ,3) PORT 6: Recv/Dropped : 0/107
AGG (6 ,3) PORT 7: Recv/Dropped : 0/113
AGG (7 ,0) PORT 0: Recv/Dropped : 0/58
AGG (7 ,0) PORT 1: Recv/Dropped : 0/54
AGG (7 ,0) PORT 2: Recv/Dropped : 0/59
AGG (7 ,0) PORT 3: Recv/Dropped : 0/63
AGG (7 ,0) PORT 4: Recv/Dropped : 0/94
AGG (7 ,0) PORT 5: Recv/Dropped : 0/103
AGG (7 ,0) PORT 6: Recv/Dropped : 0/74
AGG (7 ,0) PORT 7: Recv/Dropped : 0/99
AGG (7 ,1) PORT 0: Recv/Dropped : 0/43
AGG (7 ,1) PORT 1: Recv/Dropped : 0/57
AGG (7 ,1) PORT 2: Recv/Dropped : 0/64
AGG (7 ,1) PORT 3: Recv/Dropped : 0/55
AGG (7 ,1) PORT 4: Recv/Dropped : 0/100
AGG (7 ,1) PORT 5: Recv/Dropped : 0/97
AGG (7 ,1) PORT 6: Recv/Dropped : 0/105
AGG (7 ,1) PORT 7: Recv/Dropped : 0/102
AGG (7 ,2) PORT 0: Recv/Dropped : 0/71
AGG (7 ,2) PORT 1: Recv/Dropped : 0/78
AGG (7 ,2) PORT 2: Recv/Dropped : 0/67
AGG (7 ,2) PORT 3: Recv/Dropped : 0/69
AGG (7 ,2) PORT 4: Recv/Dropped : 0/67
AGG (7 ,2) PORT 5: Recv/Dropped : 0/92
AGG (7 ,2) PORT 6: Recv/Dropped : 0/84
AGG (7 ,2) PORT 7: Recv/Dropped : 0/96
AGG (7 ,3) PORT 0: Recv/Dropped : 0/79
AGG (7 ,3) PORT 1: Recv/Dropped : 0/81
AGG (7 ,3) PORT 2: Recv/Dropped : 0/82
AGG (7 ,3) PORT 3: Recv/Dropped : 0/59
AGG (7 ,3) PORT 4: Recv/Dropped : 0/86
AGG (7 ,3) PORT 5: Recv/Dropped : 0/87
AGG (7 ,3) PORT 6: Recv/Dropped : 0/84
AGG (7 ,3) PORT 7: Recv/Dropped : 0/105


TOTAL RECEIVED PACKETS = 68589
TOTAL DROPPED PACKETS = 571