QUEUE STATISTICS FOR EXPERIMENT 8249
---------------------------
 -- EDGE QUEUE STATISTICS --
EDGE (0 ,0) PORT 0: Recv/Dropped : 495/4688
EDGE (0 ,0) PORT 1: Recv/Dropped : 0/82
EDGE (0 ,0) PORT 2: Recv/Dropped : 0/73
EDGE (0 ,0) PORT 3: Recv/Dropped : 0/65
EDGE (0 ,0) PORT 4: Recv/Dropped : 0/889
EDGE (0 ,0) PORT 5: Recv/Dropped : 0/940
EDGE (0 ,0) PORT 6: Recv/Dropped : 0/847
EDGE (0 ,0) PORT 7: Recv/Dropped : 0/828
EDGE (0 ,1) PORT 0: Recv/Dropped : 0/74
EDGE (0 ,1) PORT 1: Recv/Dropped : 0/2
EDGE (0 ,1) PORT 2: Recv/Dropped : 0/75
EDGE (0 ,1) PORT 3: Recv/Dropped : 0/2
EDGE (0 ,1) PORT 4: Recv/Dropped : 0/49
EDGE (0 ,1) PORT 5: Recv/Dropped : 0/56
EDGE (0 ,1) PORT 6: Recv/Dropped : 0/53
EDGE (0 ,1) PORT 7: Recv/Dropped : 0/58
EDGE (0 ,2) PORT 0: Recv/Dropped : 0/82
EDGE (0 ,2) PORT 1: Recv/Dropped : 0/84
EDGE (0 ,2) PORT 2: Recv/Dropped : 0/87
EDGE (0 ,2) PORT 3: Recv/Dropped : 0/73
EDGE (0 ,2) PORT 4: Recv/Dropped : 0/84
EDGE (0 ,2) PORT 5: Recv/Dropped : 0/111
EDGE (0 ,2) PORT 6: Recv/Dropped : 0/104
EDGE (0 ,2) PORT 7: Recv/Dropped : 0/111
EDGE (0 ,3) PORT 0: Recv/Dropped : 0/2
EDGE (0 ,3) PORT 1: Recv/Dropped : 0/2
EDGE (0 ,3) PORT 2: Recv/Dropped : 0/73
EDGE (0 ,3) PORT 3: Recv/Dropped : 0/81
EDGE (0 ,3) PORT 4: Recv/Dropped : 0/55
EDGE (0 ,3) PORT 5: Recv/Dropped : 0/57
EDGE (0 ,3) PORT 6: Recv/Dropped : 0/53
EDGE (0 ,3) PORT 7: Recv/Dropped : 0/50
EDGE (1 ,0) PORT 0: Recv/Dropped : 0/72
EDGE (1 ,0) PORT 1: Recv/Dropped : 0/74
EDGE (1 ,0) PORT 2: Recv/Dropped : 0/2
EDGE (1 ,0) PORT 3: Recv/Dropped : 0/86
EDGE (1 ,0) PORT 4: Recv/Dropped : 0/75
EDGE (1 ,0) PORT 5: Recv/Dropped : 0/84
EDGE (1 ,0) PORT 6: Recv/Dropped : 0/67
EDGE (1 ,0) PORT 7: Recv/Dropped : 0/86
EDGE (1 ,1) PORT 0: Recv/Dropped : 0/3
EDGE (1 ,1) PORT 1: Recv/Dropped : 0/75
EDGE (1 ,1) PORT 2: Recv/Dropped : 0/73
EDGE (1 ,1) PORT 3: Recv/Dropped : 0/2
EDGE (1 ,1) PORT 4: Recv/Dropped : 0/46
EDGE (1 ,1) PORT 5: Recv/Dropped : 0/51
EDGE (1 ,1) PORT 6: Recv/Dropped : 0/60
EDGE (1 ,1) PORT 7: Recv/Dropped : 0/57
EDGE (1 ,2) PORT 0: Recv/Dropped : 0/2
EDGE (1 ,2) PORT 1: Recv/Dropped : 0/0
EDGE (1 ,2) PORT 2: Recv/Dropped : 0/70
EDGE (1 ,2) PORT 3: Recv/Dropped : 0/80
EDGE (1 ,2) PORT 4: Recv/Dropped : 0/57
EDGE (1 ,2) PORT 5: Recv/Dropped : 0/48
EDGE (1 ,2) PORT 6: Recv/Dropped : 0/51
EDGE (1 ,2) PORT 7: Recv/Dropped : 0/57
EDGE (1 ,3) PORT 0: Recv/Dropped : 0/2
EDGE (1 ,3) PORT 1: Recv/Dropped : 0/0
EDGE (1 ,3) PORT 2: Recv/Dropped : 0/79
EDGE (1 ,3) PORT 3: Recv/Dropped : 0/66
EDGE (1 ,3) PORT 4: Recv/Dropped : 0/57
EDGE (1 ,3) PORT 5: Recv/Dropped : 0/45
EDGE (1 ,3) PORT 6: Recv/Dropped : 0/48
EDGE (1 ,3) PORT 7: Recv/Dropped : 0/60
EDGE (2 ,0) PORT 0: Recv/Dropped : 0/66
EDGE (2 ,0) PORT 1: Recv/Dropped : 0/2
EDGE (2 ,0) PORT 2: Recv/Dropped : 0/3
EDGE (2 ,0) PORT 3: Recv/Dropped : 0/69
EDGE (2 ,0) PORT 4: Recv/Dropped : 0/51
EDGE (2 ,0) PORT 5: Recv/Dropped : 0/63
EDGE (2 ,0) PORT 6: Recv/Dropped : 0/47
EDGE (2 ,0) PORT 7: Recv/Dropped : 0/57
EDGE (2 ,1) PORT 0: Recv/Dropped : 0/2
EDGE (2 ,1) PORT 1: Recv/Dropped : 0/2
EDGE (2 ,1) PORT 2: Recv/Dropped : 0/0
EDGE (2 ,1) PORT 3: Recv/Dropped : 0/69
EDGE (2 ,1) PORT 4: Recv/Dropped : 0/22
EDGE (2 ,1) PORT 5: Recv/Dropped : 0/31
EDGE (2 ,1) PORT 6: Recv/Dropped : 0/28
EDGE (2 ,1) PORT 7: Recv/Dropped : 0/36
EDGE (2 ,2) PORT 0: Recv/Dropped : 0/2
EDGE (2 ,2) PORT 1: Recv/Dropped : 0/2
EDGE (2 ,2) PORT 2: Recv/Dropped : 0/73
EDGE (2 ,2) PORT 3: Recv/Dropped : 0/72
EDGE (2 ,2) PORT 4: Recv/Dropped : 0/52
EDGE (2 ,2) PORT 5: Recv/Dropped : 0/52
EDGE (2 ,2) PORT 6: Recv/Dropped : 0/54
EDGE (2 ,2) PORT 7: Recv/Dropped : 0/60
EDGE (2 ,3) PORT 0: Recv/Dropped : 0/0
EDGE (2 ,3) PORT 1: Recv/Dropped : 0/0
EDGE (2 ,3) PORT 2: Recv/Dropped : 0/2
EDGE (2 ,3) PORT 3: Recv/Dropped : 0/0
EDGE (2 ,3) PORT 4: Recv/Dropped : 0/2
EDGE (2 ,3) PORT 5: Recv/Dropped : 0/4
EDGE (2 ,3) PORT 6: Recv/Dropped : 0/5
EDGE (2 ,3) PORT 7: Recv/Dropped : 0/2
EDGE (3 ,0) PORT 0: Recv/Dropped : 0/86
EDGE (3 ,0) PORT 1: Recv/Dropped : 0/84
EDGE (3 ,0) PORT 2: Recv/Dropped : 0/82
EDGE (3 ,0) PORT 3: Recv/Dropped : 0/2
EDGE (3 ,0) PORT 4: Recv/Dropped : 0/77
EDGE (3 ,0) PORT 5: Recv/Dropped : 0/86
EDGE (3 ,0) PORT 6: Recv/Dropped : 0/78
EDGE (3 ,0) PORT 7: Recv/Dropped : 0/71
EDGE (3 ,1) PORT 0: Recv/Dropped : 0/68
EDGE (3 ,1) PORT 1: Recv/Dropped : 0/4
EDGE (3 ,1) PORT 2: Recv/Dropped : 0/65
EDGE (3 ,1) PORT 3: Recv/Dropped : 0/0
EDGE (3 ,1) PORT 4: Recv/Dropped : 0/60
EDGE (3 ,1) PORT 5: Recv/Dropped : 0/48
EDGE (3 ,1) PORT 6: Recv/Dropped : 0/48
EDGE (3 ,1) PORT 7: Recv/Dropped : 0/52
EDGE (3 ,2) PORT 0: Recv/Dropped : 0/2
EDGE (3 ,2) PORT 1: Recv/Dropped : 0/0
EDGE (3 ,2) PORT 2: Recv/Dropped : 0/2
EDGE (3 ,2) PORT 3: Recv/Dropped : 0/82
EDGE (3 ,2) PORT 4: Recv/Dropped : 0/37
EDGE (3 ,2) PORT 5: Recv/Dropped : 0/35
EDGE (3 ,2) PORT 6: Recv/Dropped : 0/24
EDGE (3 ,2) PORT 7: Recv/Dropped : 0/23
EDGE (3 ,3) PORT 0: Recv/Dropped : 0/0
EDGE (3 ,3) PORT 1: Recv/Dropped : 0/0
EDGE (3 ,3) PORT 2: Recv/Dropped : 0/0
EDGE (3 ,3) PORT 3: Recv/Dropped : 0/0
EDGE (3 ,3) PORT 4: Recv/Dropped : 0/3
EDGE (3 ,3) PORT 5: Recv/Dropped : 0/1
EDGE (3 ,3) PORT 6: Recv/Dropped : 0/7
EDGE (3 ,3) PORT 7: Recv/Dropped : 0/1
EDGE (4 ,0) PORT 0: Recv/Dropped : 0/2
EDGE (4 ,0) PORT 1: Recv/Dropped : 0/64
EDGE (4 ,0) PORT 2: Recv/Dropped : 0/0
EDGE (4 ,0) PORT 3: Recv/Dropped : 0/77
EDGE (4 ,0) PORT 4: Recv/Dropped : 0/58
EDGE (4 ,0) PORT 5: Recv/Dropped : 0/57
EDGE (4 ,0) PORT 6: Recv/Dropped : 0/52
EDGE (4 ,0) PORT 7: Recv/Dropped : 0/43
EDGE (4 ,1) PORT 0: Recv/Dropped : 0/0
EDGE (4 ,1) PORT 1: Recv/Dropped : 0/0
EDGE (4 ,1) PORT 2: Recv/Dropped : 0/0
EDGE (4 ,1) PORT 3: Recv/Dropped : 0/0
EDGE (4 ,1) PORT 4: Recv/Dropped : 0/3
EDGE (4 ,1) PORT 5: Recv/Dropped : 0/3
EDGE (4 ,1) PORT 6: Recv/Dropped : 0/2
EDGE (4 ,1) PORT 7: Recv/Dropped : 0/4
EDGE (4 ,2) PORT 0: Recv/Dropped : 0/0
EDGE (4 ,2) PORT 1: Recv/Dropped : 0/3
EDGE (4 ,2) PORT 2: Recv/Dropped : 0/78
EDGE (4 ,2) PORT 3: Recv/Dropped : 0/85
EDGE (4 ,2) PORT 4: Recv/Dropped : 0/45
EDGE (4 ,2) PORT 5: Recv/Dropped : 0/48
EDGE (4 ,2) PORT 6: Recv/Dropped : 0/65
EDGE (4 ,2) PORT 7: Recv/Dropped : 0/56
EDGE (4 ,3) PORT 0: Recv/Dropped : 0/0
EDGE (4 ,3) PORT 1: Recv/Dropped : 0/76
EDGE (4 ,3) PORT 2: Recv/Dropped : 0/0
EDGE (4 ,3) PORT 3: Recv/Dropped : 0/0
EDGE (4 ,3) PORT 4: Recv/Dropped : 0/37
EDGE (4 ,3) PORT 5: Recv/Dropped : 0/22
EDGE (4 ,3) PORT 6: Recv/Dropped : 0/29
EDGE (4 ,3) PORT 7: Recv/Dropped : 0/25
EDGE (5 ,0) PORT 0: Recv/Dropped : 0/0
EDGE (5 ,0) PORT 1: Recv/Dropped : 0/2
EDGE (5 ,0) PORT 2: Recv/Dropped : 0/0
EDGE (5 ,0) PORT 3: Recv/Dropped : 0/65
EDGE (5 ,0) PORT 4: Recv/Dropped : 0/26
EDGE (5 ,0) PORT 5: Recv/Dropped : 0/34
EDGE (5 ,0) PORT 6: Recv/Dropped : 0/26
EDGE (5 ,0) PORT 7: Recv/Dropped : 0/30
EDGE (5 ,1) PORT 0: Recv/Dropped : 0/83
EDGE (5 ,1) PORT 1: Recv/Dropped : 0/0
EDGE (5 ,1) PORT 2: Recv/Dropped : 0/81
EDGE (5 ,1) PORT 3: Recv/Dropped : 0/76
EDGE (5 ,1) PORT 4: Recv/Dropped : 0/79
EDGE (5 ,1) PORT 5: Recv/Dropped : 0/77
EDGE (5 ,1) PORT 6: Recv/Dropped : 0/82
EDGE (5 ,1) PORT 7: Recv/Dropped : 0/75
EDGE (5 ,2) PORT 0: Recv/Dropped : 0/0
EDGE (5 ,2) PORT 1: Recv/Dropped : 0/87
EDGE (5 ,2) PORT 2: Recv/Dropped : 0/0
EDGE (5 ,2) PORT 3: Recv/Dropped : 0/81
EDGE (5 ,2) PORT 4: Recv/Dropped : 0/56
EDGE (5 ,2) PORT 5: Recv/Dropped : 0/55
EDGE (5 ,2) PORT 6: Recv/Dropped : 0/59
EDGE (5 ,2) PORT 7: Recv/Dropped : 0/45
EDGE (5 ,3) PORT 0: Recv/Dropped : 0/0
EDGE (5 ,3) PORT 1: Recv/Dropped : 0/0
EDGE (5 ,3) PORT 2: Recv/Dropped : 0/0
EDGE (5 ,3) PORT 3: Recv/Dropped : 0/0
EDGE (5 ,3) PORT 4: Recv/Dropped : 0/3
EDGE (5 ,3) PORT 5: Recv/Dropped : 0/5
EDGE (5 ,3) PORT 6: Recv/Dropped : 0/4
EDGE (5 ,3) PORT 7: Recv/Dropped : 0/0
EDGE (6 ,0) PORT 0: Recv/Dropped : 0/2
EDGE (6 ,0) PORT 1: Recv/Dropped : 0/0
EDGE (6 ,0) PORT 2: Recv/Dropped : 0/0
EDGE (6 ,0) PORT 3: Recv/Dropped : 0/0
EDGE (6 ,0) PORT 4: Recv/Dropped : 0/3
EDGE (6 ,0) PORT 5: Recv/Dropped : 0/4
EDGE (6 ,0) PORT 6: Recv/Dropped : 0/1
EDGE (6 ,0) PORT 7: Recv/Dropped : 0/6
EDGE (6 ,1) PORT 0: Recv/Dropped : 0/82
EDGE (6 ,1) PORT 1: Recv/Dropped : 0/0
EDGE (6 ,1) PORT 2: Recv/Dropped : 0/0
EDGE (6 ,1) PORT 3: Recv/Dropped : 0/85
EDGE (6 ,1) PORT 4: Recv/Dropped : 0/51
EDGE (6 ,1) PORT 5: Recv/Dropped : 0/54
EDGE (6 ,1) PORT 6: Recv/Dropped : 0/48
EDGE (6 ,1) PORT 7: Recv/Dropped : 0/61
EDGE (6 ,2) PORT 0: Recv/Dropped : 0/0
EDGE (6 ,2) PORT 1: Recv/Dropped : 0/66
EDGE (6 ,2) PORT 2: Recv/Dropped : 0/0
EDGE (6 ,2) PORT 3: Recv/Dropped : 0/0
EDGE (6 ,2) PORT 4: Recv/Dropped : 0/32
EDGE (6 ,2) PORT 5: Recv/Dropped : 0/27
EDGE (6 ,2) PORT 6: Recv/Dropped : 0/32
EDGE (6 ,2) PORT 7: Recv/Dropped : 0/22
EDGE (6 ,3) PORT 0: Recv/Dropped : 0/0
EDGE (6 ,3) PORT 1: Recv/Dropped : 0/2
EDGE (6 ,3) PORT 2: Recv/Dropped : 0/0
EDGE (6 ,3) PORT 3: Recv/Dropped : 0/0
EDGE (6 ,3) PORT 4: Recv/Dropped : 0/3
EDGE (6 ,3) PORT 5: Recv/Dropped : 0/3
EDGE (6 ,3) PORT 6: Recv/Dropped : 0/4
EDGE (6 ,3) PORT 7: Recv/Dropped : 0/5
EDGE (7 ,0) PORT 0: Recv/Dropped : 0/73
EDGE (7 ,0) PORT 1: Recv/Dropped : 0/0
EDGE (7 ,0) PORT 2: Recv/Dropped : 0/0
EDGE (7 ,0) PORT 3: Recv/Dropped : 0/0
EDGE (7 ,0) PORT 4: Recv/Dropped : 0/25
EDGE (7 ,0) PORT 5: Recv/Dropped : 0/33
EDGE (7 ,0) PORT 6: Recv/Dropped : 0/34
EDGE (7 ,0) PORT 7: Recv/Dropped : 0/24
EDGE (7 ,1) PORT 0: Recv/Dropped : 0/0
EDGE (7 ,1) PORT 1: Recv/Dropped : 0/81
EDGE (7 ,1) PORT 2: Recv/Dropped : 0/85
EDGE (7 ,1) PORT 3: Recv/Dropped : 0/2
EDGE (7 ,1) PORT 4: Recv/Dropped : 0/56
EDGE (7 ,1) PORT 5: Recv/Dropped : 0/48
EDGE (7 ,1) PORT 6: Recv/Dropped : 0/55
EDGE (7 ,1) PORT 7: Recv/Dropped : 0/59
EDGE (7 ,2) PORT 0: Recv/Dropped : 0/0
EDGE (7 ,2) PORT 1: Recv/Dropped : 0/0
EDGE (7 ,2) PORT 2: Recv/Dropped : 0/0
EDGE (7 ,2) PORT 3: Recv/Dropped : 0/0
EDGE (7 ,2) PORT 4: Recv/Dropped : 0/3
EDGE (7 ,2) PORT 5: Recv/Dropped : 0/5
EDGE (7 ,2) PORT 6: Recv/Dropped : 0/1
EDGE (7 ,2) PORT 7: Recv/Dropped : 0/3
EDGE (7 ,3) PORT 0: Recv/Dropped : 0/0
EDGE (7 ,3) PORT 1: Recv/Dropped : 0/2
EDGE (7 ,3) PORT 2: Recv/Dropped : 0/0
EDGE (7 ,3) PORT 3: Recv/Dropped : 0/0
EDGE (7 ,3) PORT 4: Recv/Dropped : 0/6
EDGE (7 ,3) PORT 5: Recv/Dropped : 0/1
EDGE (7 ,3) PORT 6: Recv/Dropped : 0/5
EDGE (7 ,3) PORT 7: Recv/Dropped : 0/2
 -- AGG QUEUE STATISTICS --
AGG (0 ,0) PORT 0: Recv/Dropped : 9/1204
AGG (0 ,0) PORT 1: Recv/Dropped : 19/1229
AGG (0 ,0) PORT 2: Recv/Dropped : 8/1218
AGG (0 ,0) PORT 3: Recv/Dropped : 14/1227
AGG (0 ,0) PORT 4: Recv/Dropped : 0/197
AGG (0 ,0) PORT 5: Recv/Dropped : 0/165
AGG (0 ,0) PORT 6: Recv/Dropped : 0/178
AGG (0 ,0) PORT 7: Recv/Dropped : 0/185
AGG (0 ,1) PORT 0: Recv/Dropped : 0/40
AGG (0 ,1) PORT 1: Recv/Dropped : 0/45
AGG (0 ,1) PORT 2: Recv/Dropped : 0/35
AGG (0 ,1) PORT 3: Recv/Dropped : 0/33
AGG (0 ,1) PORT 4: Recv/Dropped : 0/196
AGG (0 ,1) PORT 5: Recv/Dropped : 0/191
AGG (0 ,1) PORT 6: Recv/Dropped : 0/182
AGG (0 ,1) PORT 7: Recv/Dropped : 0/207
AGG (0 ,2) PORT 0: Recv/Dropped : 0/87
AGG (0 ,2) PORT 1: Recv/Dropped : 0/81
AGG (0 ,2) PORT 2: Recv/Dropped : 0/83
AGG (0 ,2) PORT 3: Recv/Dropped : 0/75
AGG (0 ,2) PORT 4: Recv/Dropped : 0/178
AGG (0 ,2) PORT 5: Recv/Dropped : 0/179
AGG (0 ,2) PORT 6: Recv/Dropped : 0/151
AGG (0 ,2) PORT 7: Recv/Dropped : 0/185
AGG (0 ,3) PORT 0: Recv/Dropped : 0/37
AGG (0 ,3) PORT 1: Recv/Dropped : 0/38
AGG (0 ,3) PORT 2: Recv/Dropped : 0/36
AGG (0 ,3) PORT 3: Recv/Dropped : 0/47
AGG (0 ,3) PORT 4: Recv/Dropped : 0/147
AGG (0 ,3) PORT 5: Recv/Dropped : 0/174
AGG (0 ,3) PORT 6: Recv/Dropped : 0/169
AGG (0 ,3) PORT 7: Recv/Dropped : 0/183
AGG (1 ,0) PORT 0: Recv/Dropped : 0/55
AGG (1 ,0) PORT 1: Recv/Dropped : 0/56
AGG (1 ,0) PORT 2: Recv/Dropped : 0/61
AGG (1 ,0) PORT 3: Recv/Dropped : 0/62
AGG (1 ,0) PORT 4: Recv/Dropped : 0/55
AGG (1 ,0) PORT 5: Recv/Dropped : 0/58
AGG (1 ,0) PORT 6: Recv/Dropped : 0/60
AGG (1 ,0) PORT 7: Recv/Dropped : 0/62
AGG (1 ,1) PORT 0: Recv/Dropped : 0/30
AGG (1 ,1) PORT 1: Recv/Dropped : 0/43
AGG (1 ,1) PORT 2: Recv/Dropped : 0/37
AGG (1 ,1) PORT 3: Recv/Dropped : 0/43
AGG (1 ,1) PORT 4: Recv/Dropped : 0/74
AGG (1 ,1) PORT 5: Recv/Dropped : 0/47
AGG (1 ,1) PORT 6: Recv/Dropped : 0/55
AGG (1 ,1) PORT 7: Recv/Dropped : 0/52
AGG (1 ,2) PORT 0: Recv/Dropped : 0/40
AGG (1 ,2) PORT 1: Recv/Dropped : 0/42
AGG (1 ,2) PORT 2: Recv/Dropped : 0/34
AGG (1 ,2) PORT 3: Recv/Dropped : 0/36
AGG (1 ,2) PORT 4: Recv/Dropped : 0/47
AGG (1 ,2) PORT 5: Recv/Dropped : 0/74
AGG (1 ,2) PORT 6: Recv/Dropped : 0/49
AGG (1 ,2) PORT 7: Recv/Dropped : 0/56
AGG (1 ,3) PORT 0: Recv/Dropped : 0/38
AGG (1 ,3) PORT 1: Recv/Dropped : 0/47
AGG (1 ,3) PORT 2: Recv/Dropped : 0/35
AGG (1 ,3) PORT 3: Recv/Dropped : 0/27
AGG (1 ,3) PORT 4: Recv/Dropped : 0/57
AGG (1 ,3) PORT 5: Recv/Dropped : 0/82
AGG (1 ,3) PORT 6: Recv/Dropped : 0/65
AGG (1 ,3) PORT 7: Recv/Dropped : 0/56
AGG (2 ,0) PORT 0: Recv/Dropped : 0/35
AGG (2 ,0) PORT 1: Recv/Dropped : 0/38
AGG (2 ,0) PORT 2: Recv/Dropped : 0/35
AGG (2 ,0) PORT 3: Recv/Dropped : 0/32
AGG (2 ,0) PORT 4: Recv/Dropped : 0/35
AGG (2 ,0) PORT 5: Recv/Dropped : 0/28
AGG (2 ,0) PORT 6: Recv/Dropped : 0/30
AGG (2 ,0) PORT 7: Recv/Dropped : 0/34
AGG (2 ,1) PORT 0: Recv/Dropped : 0/18
AGG (2 ,1) PORT 1: Recv/Dropped : 0/20
AGG (2 ,1) PORT 2: Recv/Dropped : 0/22
AGG (2 ,1) PORT 3: Recv/Dropped : 0/13
AGG (2 ,1) PORT 4: Recv/Dropped : 0/41
AGG (2 ,1) PORT 5: Recv/Dropped : 0/35
AGG (2 ,1) PORT 6: Recv/Dropped : 0/32
AGG (2 ,1) PORT 7: Recv/Dropped : 0/42
AGG (2 ,2) PORT 0: Recv/Dropped : 0/30
AGG (2 ,2) PORT 1: Recv/Dropped : 0/40
AGG (2 ,2) PORT 2: Recv/Dropped : 0/34
AGG (2 ,2) PORT 3: Recv/Dropped : 0/45
AGG (2 ,2) PORT 4: Recv/Dropped : 0/34
AGG (2 ,2) PORT 5: Recv/Dropped : 0/31
AGG (2 ,2) PORT 6: Recv/Dropped : 0/37
AGG (2 ,2) PORT 7: Recv/Dropped : 0/32
AGG (2 ,3) PORT 0: Recv/Dropped : 0/0
AGG (2 ,3) PORT 1: Recv/Dropped : 0/2
AGG (2 ,3) PORT 2: Recv/Dropped : 0/0
AGG (2 ,3) PORT 3: Recv/Dropped : 0/0
AGG (2 ,3) PORT 4: Recv/Dropped : 0/45
AGG (2 ,3) PORT 5: Recv/Dropped : 0/44
AGG (2 ,3) PORT 6: Recv/Dropped : 0/39
AGG (2 ,3) PORT 7: Recv/Dropped : 0/27
AGG (3 ,0) PORT 0: Recv/Dropped : 0/67
AGG (3 ,0) PORT 1: Recv/Dropped : 0/78
AGG (3 ,0) PORT 2: Recv/Dropped : 0/57
AGG (3 ,0) PORT 3: Recv/Dropped : 0/52
AGG (3 ,0) PORT 4: Recv/Dropped : 0/50
AGG (3 ,0) PORT 5: Recv/Dropped : 0/40
AGG (3 ,0) PORT 6: Recv/Dropped : 0/42
AGG (3 ,0) PORT 7: Recv/Dropped : 0/45
AGG (3 ,1) PORT 0: Recv/Dropped : 0/42
AGG (3 ,1) PORT 1: Recv/Dropped : 0/36
AGG (3 ,1) PORT 2: Recv/Dropped : 0/31
AGG (3 ,1) PORT 3: Recv/Dropped : 0/28
AGG (3 ,1) PORT 4: Recv/Dropped : 0/43
AGG (3 ,1) PORT 5: Recv/Dropped : 0/47
AGG (3 ,1) PORT 6: Recv/Dropped : 0/39
AGG (3 ,1) PORT 7: Recv/Dropped : 0/41
AGG (3 ,2) PORT 0: Recv/Dropped : 0/21
AGG (3 ,2) PORT 1: Recv/Dropped : 0/21
AGG (3 ,2) PORT 2: Recv/Dropped : 0/20
AGG (3 ,2) PORT 3: Recv/Dropped : 0/24
AGG (3 ,2) PORT 4: Recv/Dropped : 0/40
AGG (3 ,2) PORT 5: Recv/Dropped : 0/32
AGG (3 ,2) PORT 6: Recv/Dropped : 0/45
AGG (3 ,2) PORT 7: Recv/Dropped : 0/40
AGG (3 ,3) PORT 0: Recv/Dropped : 0/0
AGG (3 ,3) PORT 1: Recv/Dropped : 0/0
AGG (3 ,3) PORT 2: Recv/Dropped : 0/0
AGG (3 ,3) PORT 3: Recv/Dropped : 0/0
AGG (3 ,3) PORT 4: Recv/Dropped : 0/29
AGG (3 ,3) PORT 5: Recv/Dropped : 0/39
AGG (3 ,3) PORT 6: Recv/Dropped : 0/51
AGG (3 ,3) PORT 7: Recv/Dropped : 0/28
AGG (4 ,0) PORT 0: Recv/Dropped : 0/43
AGG (4 ,0) PORT 1: Recv/Dropped : 0/40
AGG (4 ,0) PORT 2: Recv/Dropped : 0/30
AGG (4 ,0) PORT 3: Recv/Dropped : 0/30
AGG (4 ,0) PORT 4: Recv/Dropped : 0/40
AGG (4 ,0) PORT 5: Recv/Dropped : 0/34
AGG (4 ,0) PORT 6: Recv/Dropped : 0/35
AGG (4 ,0) PORT 7: Recv/Dropped : 0/34
AGG (4 ,1) PORT 0: Recv/Dropped : 0/0
AGG (4 ,1) PORT 1: Recv/Dropped : 0/0
AGG (4 ,1) PORT 2: Recv/Dropped : 0/0
AGG (4 ,1) PORT 3: Recv/Dropped : 0/0
AGG (4 ,1) PORT 4: Recv/Dropped : 0/38
AGG (4 ,1) PORT 5: Recv/Dropped : 0/30
AGG (4 ,1) PORT 6: Recv/Dropped : 0/24
AGG (4 ,1) PORT 7: Recv/Dropped : 0/38
AGG (4 ,2) PORT 0: Recv/Dropped : 0/41
AGG (4 ,2) PORT 1: Recv/Dropped : 0/45
AGG (4 ,2) PORT 2: Recv/Dropped : 0/46
AGG (4 ,2) PORT 3: Recv/Dropped : 0/34
AGG (4 ,2) PORT 4: Recv/Dropped : 0/36
AGG (4 ,2) PORT 5: Recv/Dropped : 0/30
AGG (4 ,2) PORT 6: Recv/Dropped : 0/44
AGG (4 ,2) PORT 7: Recv/Dropped : 0/38
AGG (4 ,3) PORT 0: Recv/Dropped : 0/18
AGG (4 ,3) PORT 1: Recv/Dropped : 0/25
AGG (4 ,3) PORT 2: Recv/Dropped : 0/18
AGG (4 ,3) PORT 3: Recv/Dropped : 0/15
AGG (4 ,3) PORT 4: Recv/Dropped : 0/40
AGG (4 ,3) PORT 5: Recv/Dropped : 0/35
AGG (4 ,3) PORT 6: Recv/Dropped : 0/25
AGG (4 ,3) PORT 7: Recv/Dropped : 0/28
AGG (5 ,0) PORT 0: Recv/Dropped : 0/13
AGG (5 ,0) PORT 1: Recv/Dropped : 0/17
AGG (5 ,0) PORT 2: Recv/Dropped : 0/20
AGG (5 ,0) PORT 3: Recv/Dropped : 0/17
AGG (5 ,0) PORT 4: Recv/Dropped : 0/43
AGG (5 ,0) PORT 5: Recv/Dropped : 0/44
AGG (5 ,0) PORT 6: Recv/Dropped : 0/32
AGG (5 ,0) PORT 7: Recv/Dropped : 0/45
AGG (5 ,1) PORT 0: Recv/Dropped : 0/61
AGG (5 ,1) PORT 1: Recv/Dropped : 0/61
AGG (5 ,1) PORT 2: Recv/Dropped : 0/52
AGG (5 ,1) PORT 3: Recv/Dropped : 0/66
AGG (5 ,1) PORT 4: Recv/Dropped : 0/44
AGG (5 ,1) PORT 5: Recv/Dropped : 0/51
AGG (5 ,1) PORT 6: Recv/Dropped : 0/46
AGG (5 ,1) PORT 7: Recv/Dropped : 0/30
AGG (5 ,2) PORT 0: Recv/Dropped : 0/48
AGG (5 ,2) PORT 1: Recv/Dropped : 0/34
AGG (5 ,2) PORT 2: Recv/Dropped : 0/41
AGG (5 ,2) PORT 3: Recv/Dropped : 0/45
AGG (5 ,2) PORT 4: Recv/Dropped : 0/46
AGG (5 ,2) PORT 5: Recv/Dropped : 0/46
AGG (5 ,2) PORT 6: Recv/Dropped : 0/43
AGG (5 ,2) PORT 7: Recv/Dropped : 0/36
AGG (5 ,3) PORT 0: Recv/Dropped : 0/0
AGG (5 ,3) PORT 1: Recv/Dropped : 0/0
AGG (5 ,3) PORT 2: Recv/Dropped : 0/0
AGG (5 ,3) PORT 3: Recv/Dropped : 0/0
AGG (5 ,3) PORT 4: Recv/Dropped : 0/36
AGG (5 ,3) PORT 5: Recv/Dropped : 0/43
AGG (5 ,3) PORT 6: Recv/Dropped : 0/33
AGG (5 ,3) PORT 7: Recv/Dropped : 0/38
AGG (6 ,0) PORT 0: Recv/Dropped : 0/1
AGG (6 ,0) PORT 1: Recv/Dropped : 0/0
AGG (6 ,0) PORT 2: Recv/Dropped : 0/1
AGG (6 ,0) PORT 3: Recv/Dropped : 0/0
AGG (6 ,0) PORT 4: Recv/Dropped : 0/13
AGG (6 ,0) PORT 5: Recv/Dropped : 0/23
AGG (6 ,0) PORT 6: Recv/Dropped : 0/22
AGG (6 ,0) PORT 7: Recv/Dropped : 0/31
AGG (6 ,1) PORT 0: Recv/Dropped : 0/44
AGG (6 ,1) PORT 1: Recv/Dropped : 0/44
AGG (6 ,1) PORT 2: Recv/Dropped : 0/47
AGG (6 ,1) PORT 3: Recv/Dropped : 0/32
AGG (6 ,1) PORT 4: Recv/Dropped : 0/14
AGG (6 ,1) PORT 5: Recv/Dropped : 0/21
AGG (6 ,1) PORT 6: Recv/Dropped : 0/26
AGG (6 ,1) PORT 7: Recv/Dropped : 0/27
AGG (6 ,2) PORT 0: Recv/Dropped : 0/19
AGG (6 ,2) PORT 1: Recv/Dropped : 0/19
AGG (6 ,2) PORT 2: Recv/Dropped : 0/11
AGG (6 ,2) PORT 3: Recv/Dropped : 0/17
AGG (6 ,2) PORT 4: Recv/Dropped : 0/14
AGG (6 ,2) PORT 5: Recv/Dropped : 0/29
AGG (6 ,2) PORT 6: Recv/Dropped : 0/20
AGG (6 ,2) PORT 7: Recv/Dropped : 0/22
AGG (6 ,3) PORT 0: Recv/Dropped : 0/1
AGG (6 ,3) PORT 1: Recv/Dropped : 0/0
AGG (6 ,3) PORT 2: Recv/Dropped : 0/1
AGG (6 ,3) PORT 3: Recv/Dropped : 0/0
AGG (6 ,3) PORT 4: Recv/Dropped : 0/20
AGG (6 ,3) PORT 5: Recv/Dropped : 0/32
AGG (6 ,3) PORT 6: Recv/Dropped : 0/24
AGG (6 ,3) PORT 7: Recv/Dropped : 0/18
AGG (7 ,0) PORT 0: Recv/Dropped : 0/14
AGG (7 ,0) PORT 1: Recv/Dropped : 0/20
AGG (7 ,0) PORT 2: Recv/Dropped : 0/17
AGG (7 ,0) PORT 3: Recv/Dropped : 0/22
AGG (7 ,0) PORT 4: Recv/Dropped : 0/26
AGG (7 ,0) PORT 5: Recv/Dropped : 0/24
AGG (7 ,0) PORT 6: Recv/Dropped : 0/27
AGG (7 ,0) PORT 7: Recv/Dropped : 0/13
AGG (7 ,1) PORT 0: Recv/Dropped : 0/45
AGG (7 ,1) PORT 1: Recv/Dropped : 0/47
AGG (7 ,1) PORT 2: Recv/Dropped : 0/43
AGG (7 ,1) PORT 3: Recv/Dropped : 0/33
AGG (7 ,1) PORT 4: Recv/Dropped : 0/29
AGG (7 ,1) PORT 5: Recv/Dropped : 0/17
AGG (7 ,1) PORT 6: Recv/Dropped : 0/15
AGG (7 ,1) PORT 7: Recv/Dropped : 0/26
AGG (7 ,2) PORT 0: Recv/Dropped : 0/0
AGG (7 ,2) PORT 1: Recv/Dropped : 0/0
AGG (7 ,2) PORT 2: Recv/Dropped : 0/0
AGG (7 ,2) PORT 3: Recv/Dropped : 0/0
AGG (7 ,2) PORT 4: Recv/Dropped : 0/25
AGG (7 ,2) PORT 5: Recv/Dropped : 0/24
AGG (7 ,2) PORT 6: Recv/Dropped : 0/17
AGG (7 ,2) PORT 7: Recv/Dropped : 0/29
AGG (7 ,3) PORT 0: Recv/Dropped : 0/1
AGG (7 ,3) PORT 1: Recv/Dropped : 0/1
AGG (7 ,3) PORT 2: Recv/Dropped : 0/0
AGG (7 ,3) PORT 3: Recv/Dropped : 0/0
AGG (7 ,3) PORT 4: Recv/Dropped : 0/33
AGG (7 ,3) PORT 5: Recv/Dropped : 0/21
AGG (7 ,3) PORT 6: Recv/Dropped : 0/21
AGG (7 ,3) PORT 7: Recv/Dropped : 0/13


TOTAL RECEIVED PACKETS = 32180
TOTAL DROPPED PACKETS = 545