QUEUE STATISTICS FOR EXPERIMENT 8551
---------------------------
 -- EDGE QUEUE STATISTICS --
EDGE (0 ,0) PORT 0: Recv/Dropped : 347/6624
EDGE (0 ,0) PORT 1: Recv/Dropped : 0/93
EDGE (0 ,0) PORT 2: Recv/Dropped : 0/79
EDGE (0 ,0) PORT 3: Recv/Dropped : 0/70
EDGE (0 ,0) PORT 4: Recv/Dropped : 0/1165
EDGE (0 ,0) PORT 5: Recv/Dropped : 0/1240
EDGE (0 ,0) PORT 6: Recv/Dropped : 0/1141
EDGE (0 ,0) PORT 7: Recv/Dropped : 0/1117
EDGE (0 ,1) PORT 0: Recv/Dropped : 0/79
EDGE (0 ,1) PORT 1: Recv/Dropped : 0/72
EDGE (0 ,1) PORT 2: Recv/Dropped : 0/71
EDGE (0 ,1) PORT 3: Recv/Dropped : 0/2
EDGE (0 ,1) PORT 4: Recv/Dropped : 0/70
EDGE (0 ,1) PORT 5: Recv/Dropped : 0/72
EDGE (0 ,1) PORT 6: Recv/Dropped : 0/75
EDGE (0 ,1) PORT 7: Recv/Dropped : 0/85
EDGE (0 ,2) PORT 0: Recv/Dropped : 0/71
EDGE (0 ,2) PORT 1: Recv/Dropped : 0/78
EDGE (0 ,2) PORT 2: Recv/Dropped : 0/2
EDGE (0 ,2) PORT 3: Recv/Dropped : 0/79
EDGE (0 ,2) PORT 4: Recv/Dropped : 0/57
EDGE (0 ,2) PORT 5: Recv/Dropped : 0/88
EDGE (0 ,2) PORT 6: Recv/Dropped : 0/78
EDGE (0 ,2) PORT 7: Recv/Dropped : 0/76
EDGE (0 ,3) PORT 0: Recv/Dropped : 0/68
EDGE (0 ,3) PORT 1: Recv/Dropped : 0/80
EDGE (0 ,3) PORT 2: Recv/Dropped : 0/64
EDGE (0 ,3) PORT 3: Recv/Dropped : 0/64
EDGE (0 ,3) PORT 4: Recv/Dropped : 0/99
EDGE (0 ,3) PORT 5: Recv/Dropped : 0/107
EDGE (0 ,3) PORT 6: Recv/Dropped : 0/96
EDGE (0 ,3) PORT 7: Recv/Dropped : 0/91
EDGE (1 ,0) PORT 0: Recv/Dropped : 0/71
EDGE (1 ,0) PORT 1: Recv/Dropped : 0/69
EDGE (1 ,0) PORT 2: Recv/Dropped : 0/66
EDGE (1 ,0) PORT 3: Recv/Dropped : 0/74
EDGE (1 ,0) PORT 4: Recv/Dropped : 0/91
EDGE (1 ,0) PORT 5: Recv/Dropped : 0/112
EDGE (1 ,0) PORT 6: Recv/Dropped : 0/95
EDGE (1 ,0) PORT 7: Recv/Dropped : 0/98
EDGE (1 ,1) PORT 0: Recv/Dropped : 0/66
EDGE (1 ,1) PORT 1: Recv/Dropped : 0/73
EDGE (1 ,1) PORT 2: Recv/Dropped : 0/74
EDGE (1 ,1) PORT 3: Recv/Dropped : 0/4
EDGE (1 ,1) PORT 4: Recv/Dropped : 0/67
EDGE (1 ,1) PORT 5: Recv/Dropped : 0/75
EDGE (1 ,1) PORT 6: Recv/Dropped : 0/82
EDGE (1 ,1) PORT 7: Recv/Dropped : 0/76
EDGE (1 ,2) PORT 0: Recv/Dropped : 0/2
EDGE (1 ,2) PORT 1: Recv/Dropped : 0/75
EDGE (1 ,2) PORT 2: Recv/Dropped : 0/87
EDGE (1 ,2) PORT 3: Recv/Dropped : 0/71
EDGE (1 ,2) PORT 4: Recv/Dropped : 0/78
EDGE (1 ,2) PORT 5: Recv/Dropped : 0/71
EDGE (1 ,2) PORT 6: Recv/Dropped : 0/71
EDGE (1 ,2) PORT 7: Recv/Dropped : 0/82
EDGE (1 ,3) PORT 0: Recv/Dropped : 0/2
EDGE (1 ,3) PORT 1: Recv/Dropped : 0/70
EDGE (1 ,3) PORT 2: Recv/Dropped : 0/2
EDGE (1 ,3) PORT 3: Recv/Dropped : 0/2
EDGE (1 ,3) PORT 4: Recv/Dropped : 0/34
EDGE (1 ,3) PORT 5: Recv/Dropped : 0/24
EDGE (1 ,3) PORT 6: Recv/Dropped : 0/23
EDGE (1 ,3) PORT 7: Recv/Dropped : 0/35
EDGE (2 ,0) PORT 0: Recv/Dropped : 0/66
EDGE (2 ,0) PORT 1: Recv/Dropped : 0/63
EDGE (2 ,0) PORT 2: Recv/Dropped : 0/2
EDGE (2 ,0) PORT 3: Recv/Dropped : 0/2
EDGE (2 ,0) PORT 4: Recv/Dropped : 0/48
EDGE (2 ,0) PORT 5: Recv/Dropped : 0/62
EDGE (2 ,0) PORT 6: Recv/Dropped : 0/44
EDGE (2 ,0) PORT 7: Recv/Dropped : 0/53
EDGE (2 ,1) PORT 0: Recv/Dropped : 0/72
EDGE (2 ,1) PORT 1: Recv/Dropped : 0/76
EDGE (2 ,1) PORT 2: Recv/Dropped : 0/2
EDGE (2 ,1) PORT 3: Recv/Dropped : 0/2
EDGE (2 ,1) PORT 4: Recv/Dropped : 0/42
EDGE (2 ,1) PORT 5: Recv/Dropped : 0/56
EDGE (2 ,1) PORT 6: Recv/Dropped : 0/49
EDGE (2 ,1) PORT 7: Recv/Dropped : 0/61
EDGE (2 ,2) PORT 0: Recv/Dropped : 0/87
EDGE (2 ,2) PORT 1: Recv/Dropped : 0/69
EDGE (2 ,2) PORT 2: Recv/Dropped : 0/2
EDGE (2 ,2) PORT 3: Recv/Dropped : 0/70
EDGE (2 ,2) PORT 4: Recv/Dropped : 0/76
EDGE (2 ,2) PORT 5: Recv/Dropped : 0/69
EDGE (2 ,2) PORT 6: Recv/Dropped : 0/80
EDGE (2 ,2) PORT 7: Recv/Dropped : 0/81
EDGE (2 ,3) PORT 0: Recv/Dropped : 0/78
EDGE (2 ,3) PORT 1: Recv/Dropped : 0/70
EDGE (2 ,3) PORT 2: Recv/Dropped : 0/2
EDGE (2 ,3) PORT 3: Recv/Dropped : 0/66
EDGE (2 ,3) PORT 4: Recv/Dropped : 0/57
EDGE (2 ,3) PORT 5: Recv/Dropped : 0/84
EDGE (2 ,3) PORT 6: Recv/Dropped : 0/65
EDGE (2 ,3) PORT 7: Recv/Dropped : 0/96
EDGE (3 ,0) PORT 0: Recv/Dropped : 0/74
EDGE (3 ,0) PORT 1: Recv/Dropped : 0/68
EDGE (3 ,0) PORT 2: Recv/Dropped : 0/64
EDGE (3 ,0) PORT 3: Recv/Dropped : 0/81
EDGE (3 ,0) PORT 4: Recv/Dropped : 0/103
EDGE (3 ,0) PORT 5: Recv/Dropped : 0/106
EDGE (3 ,0) PORT 6: Recv/Dropped : 0/91
EDGE (3 ,0) PORT 7: Recv/Dropped : 0/100
EDGE (3 ,1) PORT 0: Recv/Dropped : 0/71
EDGE (3 ,1) PORT 1: Recv/Dropped : 0/66
EDGE (3 ,1) PORT 2: Recv/Dropped : 0/3
EDGE (3 ,1) PORT 3: Recv/Dropped : 0/73
EDGE (3 ,1) PORT 4: Recv/Dropped : 0/78
EDGE (3 ,1) PORT 5: Recv/Dropped : 0/70
EDGE (3 ,1) PORT 6: Recv/Dropped : 0/84
EDGE (3 ,1) PORT 7: Recv/Dropped : 0/72
EDGE (3 ,2) PORT 0: Recv/Dropped : 0/2
EDGE (3 ,2) PORT 1: Recv/Dropped : 0/66
EDGE (3 ,2) PORT 2: Recv/Dropped : 0/66
EDGE (3 ,2) PORT 3: Recv/Dropped : 0/73
EDGE (3 ,2) PORT 4: Recv/Dropped : 0/94
EDGE (3 ,2) PORT 5: Recv/Dropped : 0/61
EDGE (3 ,2) PORT 6: Recv/Dropped : 0/82
EDGE (3 ,2) PORT 7: Recv/Dropped : 0/65
EDGE (3 ,3) PORT 0: Recv/Dropped : 0/2
EDGE (3 ,3) PORT 1: Recv/Dropped : 0/78
EDGE (3 ,3) PORT 2: Recv/Dropped : 0/65
EDGE (3 ,3) PORT 3: Recv/Dropped : 0/2
EDGE (3 ,3) PORT 4: Recv/Dropped : 0/50
EDGE (3 ,3) PORT 5: Recv/Dropped : 0/54
EDGE (3 ,3) PORT 6: Recv/Dropped : 0/58
EDGE (3 ,3) PORT 7: Recv/Dropped : 0/48
EDGE (4 ,0) PORT 0: Recv/Dropped : 0/77
EDGE (4 ,0) PORT 1: Recv/Dropped : 0/2
EDGE (4 ,0) PORT 2: Recv/Dropped : 0/71
EDGE (4 ,0) PORT 3: Recv/Dropped : 0/2
EDGE (4 ,0) PORT 4: Recv/Dropped : 0/57
EDGE (4 ,0) PORT 5: Recv/Dropped : 0/57
EDGE (4 ,0) PORT 6: Recv/Dropped : 0/56
EDGE (4 ,0) PORT 7: Recv/Dropped : 0/44
EDGE (4 ,1) PORT 0: Recv/Dropped : 0/2
EDGE (4 ,1) PORT 1: Recv/Dropped : 0/2
EDGE (4 ,1) PORT 2: Recv/Dropped : 0/71
EDGE (4 ,1) PORT 3: Recv/Dropped : 0/2
EDGE (4 ,1) PORT 4: Recv/Dropped : 0/34
EDGE (4 ,1) PORT 5: Recv/Dropped : 0/30
EDGE (4 ,1) PORT 6: Recv/Dropped : 0/27
EDGE (4 ,1) PORT 7: Recv/Dropped : 0/24
EDGE (4 ,2) PORT 0: Recv/Dropped : 0/2
EDGE (4 ,2) PORT 1: Recv/Dropped : 0/2
EDGE (4 ,2) PORT 2: Recv/Dropped : 0/65
EDGE (4 ,2) PORT 3: Recv/Dropped : 0/69
EDGE (4 ,2) PORT 4: Recv/Dropped : 0/46
EDGE (4 ,2) PORT 5: Recv/Dropped : 0/48
EDGE (4 ,2) PORT 6: Recv/Dropped : 0/58
EDGE (4 ,2) PORT 7: Recv/Dropped : 0/57
EDGE (4 ,3) PORT 0: Recv/Dropped : 0/2
EDGE (4 ,3) PORT 1: Recv/Dropped : 0/70
EDGE (4 ,3) PORT 2: Recv/Dropped : 0/66
EDGE (4 ,3) PORT 3: Recv/Dropped : 0/4
EDGE (4 ,3) PORT 4: Recv/Dropped : 0/65
EDGE (4 ,3) PORT 5: Recv/Dropped : 0/45
EDGE (4 ,3) PORT 6: Recv/Dropped : 0/45
EDGE (4 ,3) PORT 7: Recv/Dropped : 0/54
EDGE (5 ,0) PORT 0: Recv/Dropped : 0/2
EDGE (5 ,0) PORT 1: Recv/Dropped : 0/2
EDGE (5 ,0) PORT 2: Recv/Dropped : 0/2
EDGE (5 ,0) PORT 3: Recv/Dropped : 0/2
EDGE (5 ,0) PORT 4: Recv/Dropped : 0/13
EDGE (5 ,0) PORT 5: Recv/Dropped : 0/4
EDGE (5 ,0) PORT 6: Recv/Dropped : 0/2
EDGE (5 ,0) PORT 7: Recv/Dropped : 0/2
EDGE (5 ,1) PORT 0: Recv/Dropped : 0/2
EDGE (5 ,1) PORT 1: Recv/Dropped : 0/2
EDGE (5 ,1) PORT 2: Recv/Dropped : 0/66
EDGE (5 ,1) PORT 3: Recv/Dropped : 0/2
EDGE (5 ,1) PORT 4: Recv/Dropped : 0/31
EDGE (5 ,1) PORT 5: Recv/Dropped : 0/29
EDGE (5 ,1) PORT 6: Recv/Dropped : 0/28
EDGE (5 ,1) PORT 7: Recv/Dropped : 0/26
EDGE (5 ,2) PORT 0: Recv/Dropped : 0/2
EDGE (5 ,2) PORT 1: Recv/Dropped : 0/2
EDGE (5 ,2) PORT 2: Recv/Dropped : 0/2
EDGE (5 ,2) PORT 3: Recv/Dropped : 0/2
EDGE (5 ,2) PORT 4: Recv/Dropped : 0/5
EDGE (5 ,2) PORT 5: Recv/Dropped : 0/9
EDGE (5 ,2) PORT 6: Recv/Dropped : 0/3
EDGE (5 ,2) PORT 7: Recv/Dropped : 0/5
EDGE (5 ,3) PORT 0: Recv/Dropped : 0/73
EDGE (5 ,3) PORT 1: Recv/Dropped : 0/2
EDGE (5 ,3) PORT 2: Recv/Dropped : 0/3
EDGE (5 ,3) PORT 3: Recv/Dropped : 0/2
EDGE (5 ,3) PORT 4: Recv/Dropped : 0/33
EDGE (5 ,3) PORT 5: Recv/Dropped : 0/31
EDGE (5 ,3) PORT 6: Recv/Dropped : 0/32
EDGE (5 ,3) PORT 7: Recv/Dropped : 0/22
EDGE (6 ,0) PORT 0: Recv/Dropped : 0/73
EDGE (6 ,0) PORT 1: Recv/Dropped : 0/2
EDGE (6 ,0) PORT 2: Recv/Dropped : 0/68
EDGE (6 ,0) PORT 3: Recv/Dropped : 0/69
EDGE (6 ,0) PORT 4: Recv/Dropped : 0/74
EDGE (6 ,0) PORT 5: Recv/Dropped : 0/74
EDGE (6 ,0) PORT 6: Recv/Dropped : 0/87
EDGE (6 ,0) PORT 7: Recv/Dropped : 0/72
EDGE (6 ,1) PORT 0: Recv/Dropped : 0/2
EDGE (6 ,1) PORT 1: Recv/Dropped : 0/69
EDGE (6 ,1) PORT 2: Recv/Dropped : 0/2
EDGE (6 ,1) PORT 3: Recv/Dropped : 0/4
EDGE (6 ,1) PORT 4: Recv/Dropped : 0/31
EDGE (6 ,1) PORT 5: Recv/Dropped : 0/22
EDGE (6 ,1) PORT 6: Recv/Dropped : 0/28
EDGE (6 ,1) PORT 7: Recv/Dropped : 0/34
EDGE (6 ,2) PORT 0: Recv/Dropped : 0/2
EDGE (6 ,2) PORT 1: Recv/Dropped : 0/2
EDGE (6 ,2) PORT 2: Recv/Dropped : 0/2
EDGE (6 ,2) PORT 3: Recv/Dropped : 0/71
EDGE (6 ,2) PORT 4: Recv/Dropped : 0/32
EDGE (6 ,2) PORT 5: Recv/Dropped : 0/27
EDGE (6 ,2) PORT 6: Recv/Dropped : 0/34
EDGE (6 ,2) PORT 7: Recv/Dropped : 0/24
EDGE (6 ,3) PORT 0: Recv/Dropped : 0/2
EDGE (6 ,3) PORT 1: Recv/Dropped : 0/66
EDGE (6 ,3) PORT 2: Recv/Dropped : 0/66
EDGE (6 ,3) PORT 3: Recv/Dropped : 0/2
EDGE (6 ,3) PORT 4: Recv/Dropped : 0/50
EDGE (6 ,3) PORT 5: Recv/Dropped : 0/49
EDGE (6 ,3) PORT 6: Recv/Dropped : 0/52
EDGE (6 ,3) PORT 7: Recv/Dropped : 0/58
EDGE (7 ,0) PORT 0: Recv/Dropped : 0/2
EDGE (7 ,0) PORT 1: Recv/Dropped : 0/2
EDGE (7 ,0) PORT 2: Recv/Dropped : 0/2
EDGE (7 ,0) PORT 3: Recv/Dropped : 0/2
EDGE (7 ,0) PORT 4: Recv/Dropped : 0/3
EDGE (7 ,0) PORT 5: Recv/Dropped : 0/6
EDGE (7 ,0) PORT 6: Recv/Dropped : 0/9
EDGE (7 ,0) PORT 7: Recv/Dropped : 0/5
EDGE (7 ,1) PORT 0: Recv/Dropped : 0/66
EDGE (7 ,1) PORT 1: Recv/Dropped : 0/65
EDGE (7 ,1) PORT 2: Recv/Dropped : 0/2
EDGE (7 ,1) PORT 3: Recv/Dropped : 0/2
EDGE (7 ,1) PORT 4: Recv/Dropped : 0/51
EDGE (7 ,1) PORT 5: Recv/Dropped : 0/47
EDGE (7 ,1) PORT 6: Recv/Dropped : 0/53
EDGE (7 ,1) PORT 7: Recv/Dropped : 0/57
EDGE (7 ,2) PORT 0: Recv/Dropped : 0/2
EDGE (7 ,2) PORT 1: Recv/Dropped : 0/2
EDGE (7 ,2) PORT 2: Recv/Dropped : 0/2
EDGE (7 ,2) PORT 3: Recv/Dropped : 0/2
EDGE (7 ,2) PORT 4: Recv/Dropped : 0/3
EDGE (7 ,2) PORT 5: Recv/Dropped : 0/9
EDGE (7 ,2) PORT 6: Recv/Dropped : 0/4
EDGE (7 ,2) PORT 7: Recv/Dropped : 0/6
EDGE (7 ,3) PORT 0: Recv/Dropped : 0/70
EDGE (7 ,3) PORT 1: Recv/Dropped : 0/2
EDGE (7 ,3) PORT 2: Recv/Dropped : 0/68
EDGE (7 ,3) PORT 3: Recv/Dropped : 0/72
EDGE (7 ,3) PORT 4: Recv/Dropped : 0/87
EDGE (7 ,3) PORT 5: Recv/Dropped : 0/74
EDGE (7 ,3) PORT 6: Recv/Dropped : 0/69
EDGE (7 ,3) PORT 7: Recv/Dropped : 0/78
 -- AGG QUEUE STATISTICS --
AGG (0 ,0) PORT 0: Recv/Dropped : 0/1659
AGG (0 ,0) PORT 1: Recv/Dropped : 0/1672
AGG (0 ,0) PORT 2: Recv/Dropped : 0/1660
AGG (0 ,0) PORT 3: Recv/Dropped : 0/1687
AGG (0 ,0) PORT 4: Recv/Dropped : 0/265
AGG (0 ,0) PORT 5: Recv/Dropped : 0/227
AGG (0 ,0) PORT 6: Recv/Dropped : 0/242
AGG (0 ,0) PORT 7: Recv/Dropped : 0/248
AGG (0 ,1) PORT 0: Recv/Dropped : 0/56
AGG (0 ,1) PORT 1: Recv/Dropped : 0/63
AGG (0 ,1) PORT 2: Recv/Dropped : 0/57
AGG (0 ,1) PORT 3: Recv/Dropped : 0/48
AGG (0 ,1) PORT 4: Recv/Dropped : 0/271
AGG (0 ,1) PORT 5: Recv/Dropped : 0/264
AGG (0 ,1) PORT 6: Recv/Dropped : 0/248
AGG (0 ,1) PORT 7: Recv/Dropped : 0/265
AGG (0 ,2) PORT 0: Recv/Dropped : 0/62
AGG (0 ,2) PORT 1: Recv/Dropped : 0/57
AGG (0 ,2) PORT 2: Recv/Dropped : 0/54
AGG (0 ,2) PORT 3: Recv/Dropped : 0/57
AGG (0 ,2) PORT 4: Recv/Dropped : 0/243
AGG (0 ,2) PORT 5: Recv/Dropped : 0/244
AGG (0 ,2) PORT 6: Recv/Dropped : 0/219
AGG (0 ,2) PORT 7: Recv/Dropped : 0/261
AGG (0 ,3) PORT 0: Recv/Dropped : 0/65
AGG (0 ,3) PORT 1: Recv/Dropped : 0/72
AGG (0 ,3) PORT 2: Recv/Dropped : 0/63
AGG (0 ,3) PORT 3: Recv/Dropped : 0/76
AGG (0 ,3) PORT 4: Recv/Dropped : 0/212
AGG (0 ,3) PORT 5: Recv/Dropped : 0/232
AGG (0 ,3) PORT 6: Recv/Dropped : 0/252
AGG (0 ,3) PORT 7: Recv/Dropped : 0/240
AGG (1 ,0) PORT 0: Recv/Dropped : 0/74
AGG (1 ,0) PORT 1: Recv/Dropped : 0/78
AGG (1 ,0) PORT 2: Recv/Dropped : 0/58
AGG (1 ,0) PORT 3: Recv/Dropped : 0/70
AGG (1 ,0) PORT 4: Recv/Dropped : 0/67
AGG (1 ,0) PORT 5: Recv/Dropped : 0/65
AGG (1 ,0) PORT 6: Recv/Dropped : 0/71
AGG (1 ,0) PORT 7: Recv/Dropped : 0/67
AGG (1 ,1) PORT 0: Recv/Dropped : 0/51
AGG (1 ,1) PORT 1: Recv/Dropped : 0/61
AGG (1 ,1) PORT 2: Recv/Dropped : 0/60
AGG (1 ,1) PORT 3: Recv/Dropped : 0/45
AGG (1 ,1) PORT 4: Recv/Dropped : 0/89
AGG (1 ,1) PORT 5: Recv/Dropped : 0/61
AGG (1 ,1) PORT 6: Recv/Dropped : 0/61
AGG (1 ,1) PORT 7: Recv/Dropped : 0/71
AGG (1 ,2) PORT 0: Recv/Dropped : 0/49
AGG (1 ,2) PORT 1: Recv/Dropped : 0/67
AGG (1 ,2) PORT 2: Recv/Dropped : 0/63
AGG (1 ,2) PORT 3: Recv/Dropped : 0/56
AGG (1 ,2) PORT 4: Recv/Dropped : 0/60
AGG (1 ,2) PORT 5: Recv/Dropped : 0/82
AGG (1 ,2) PORT 6: Recv/Dropped : 0/59
AGG (1 ,2) PORT 7: Recv/Dropped : 0/70
AGG (1 ,3) PORT 0: Recv/Dropped : 0/26
AGG (1 ,3) PORT 1: Recv/Dropped : 0/23
AGG (1 ,3) PORT 2: Recv/Dropped : 0/10
AGG (1 ,3) PORT 3: Recv/Dropped : 0/17
AGG (1 ,3) PORT 4: Recv/Dropped : 0/64
AGG (1 ,3) PORT 5: Recv/Dropped : 0/91
AGG (1 ,3) PORT 6: Recv/Dropped : 0/70
AGG (1 ,3) PORT 7: Recv/Dropped : 0/66
AGG (2 ,0) PORT 0: Recv/Dropped : 0/27
AGG (2 ,0) PORT 1: Recv/Dropped : 0/34
AGG (2 ,0) PORT 2: Recv/Dropped : 0/29
AGG (2 ,0) PORT 3: Recv/Dropped : 0/43
AGG (2 ,0) PORT 4: Recv/Dropped : 0/63
AGG (2 ,0) PORT 5: Recv/Dropped : 0/47
AGG (2 ,0) PORT 6: Recv/Dropped : 0/53
AGG (2 ,0) PORT 7: Recv/Dropped : 0/60
AGG (2 ,1) PORT 0: Recv/Dropped : 0/43
AGG (2 ,1) PORT 1: Recv/Dropped : 0/35
AGG (2 ,1) PORT 2: Recv/Dropped : 0/41
AGG (2 ,1) PORT 3: Recv/Dropped : 0/33
AGG (2 ,1) PORT 4: Recv/Dropped : 0/71
AGG (2 ,1) PORT 5: Recv/Dropped : 0/63
AGG (2 ,1) PORT 6: Recv/Dropped : 0/68
AGG (2 ,1) PORT 7: Recv/Dropped : 0/69
AGG (2 ,2) PORT 0: Recv/Dropped : 0/41
AGG (2 ,2) PORT 1: Recv/Dropped : 0/63
AGG (2 ,2) PORT 2: Recv/Dropped : 0/68
AGG (2 ,2) PORT 3: Recv/Dropped : 0/56
AGG (2 ,2) PORT 4: Recv/Dropped : 0/64
AGG (2 ,2) PORT 5: Recv/Dropped : 0/50
AGG (2 ,2) PORT 6: Recv/Dropped : 0/68
AGG (2 ,2) PORT 7: Recv/Dropped : 0/56
AGG (2 ,3) PORT 0: Recv/Dropped : 0/49
AGG (2 ,3) PORT 1: Recv/Dropped : 0/59
AGG (2 ,3) PORT 2: Recv/Dropped : 0/49
AGG (2 ,3) PORT 3: Recv/Dropped : 0/59
AGG (2 ,3) PORT 4: Recv/Dropped : 0/79
AGG (2 ,3) PORT 5: Recv/Dropped : 0/73
AGG (2 ,3) PORT 6: Recv/Dropped : 0/76
AGG (2 ,3) PORT 7: Recv/Dropped : 0/63
AGG (3 ,0) PORT 0: Recv/Dropped : 0/76
AGG (3 ,0) PORT 1: Recv/Dropped : 0/77
AGG (3 ,0) PORT 2: Recv/Dropped : 0/72
AGG (3 ,0) PORT 3: Recv/Dropped : 0/62
AGG (3 ,0) PORT 4: Recv/Dropped : 0/88
AGG (3 ,0) PORT 5: Recv/Dropped : 0/75
AGG (3 ,0) PORT 6: Recv/Dropped : 0/72
AGG (3 ,0) PORT 7: Recv/Dropped : 0/90
AGG (3 ,1) PORT 0: Recv/Dropped : 0/50
AGG (3 ,1) PORT 1: Recv/Dropped : 0/50
AGG (3 ,1) PORT 2: Recv/Dropped : 0/51
AGG (3 ,1) PORT 3: Recv/Dropped : 0/62
AGG (3 ,1) PORT 4: Recv/Dropped : 0/67
AGG (3 ,1) PORT 5: Recv/Dropped : 0/74
AGG (3 ,1) PORT 6: Recv/Dropped : 0/70
AGG (3 ,1) PORT 7: Recv/Dropped : 0/80
AGG (3 ,2) PORT 0: Recv/Dropped : 0/53
AGG (3 ,2) PORT 1: Recv/Dropped : 0/55
AGG (3 ,2) PORT 2: Recv/Dropped : 0/58
AGG (3 ,2) PORT 3: Recv/Dropped : 0/41
AGG (3 ,2) PORT 4: Recv/Dropped : 0/72
AGG (3 ,2) PORT 5: Recv/Dropped : 0/72
AGG (3 ,2) PORT 6: Recv/Dropped : 0/82
AGG (3 ,2) PORT 7: Recv/Dropped : 0/89
AGG (3 ,3) PORT 0: Recv/Dropped : 0/46
AGG (3 ,3) PORT 1: Recv/Dropped : 0/37
AGG (3 ,3) PORT 2: Recv/Dropped : 0/31
AGG (3 ,3) PORT 3: Recv/Dropped : 0/33
AGG (3 ,3) PORT 4: Recv/Dropped : 0/64
AGG (3 ,3) PORT 5: Recv/Dropped : 0/77
AGG (3 ,3) PORT 6: Recv/Dropped : 0/79
AGG (3 ,3) PORT 7: Recv/Dropped : 0/65
AGG (4 ,0) PORT 0: Recv/Dropped : 0/36
AGG (4 ,0) PORT 1: Recv/Dropped : 0/39
AGG (4 ,0) PORT 2: Recv/Dropped : 0/37
AGG (4 ,0) PORT 3: Recv/Dropped : 0/40
AGG (4 ,0) PORT 4: Recv/Dropped : 0/47
AGG (4 ,0) PORT 5: Recv/Dropped : 0/53
AGG (4 ,0) PORT 6: Recv/Dropped : 0/51
AGG (4 ,0) PORT 7: Recv/Dropped : 0/51
AGG (4 ,1) PORT 0: Recv/Dropped : 0/12
AGG (4 ,1) PORT 1: Recv/Dropped : 0/25
AGG (4 ,1) PORT 2: Recv/Dropped : 0/25
AGG (4 ,1) PORT 3: Recv/Dropped : 0/15
AGG (4 ,1) PORT 4: Recv/Dropped : 0/53
AGG (4 ,1) PORT 5: Recv/Dropped : 0/42
AGG (4 ,1) PORT 6: Recv/Dropped : 0/35
AGG (4 ,1) PORT 7: Recv/Dropped : 0/50
AGG (4 ,2) PORT 0: Recv/Dropped : 0/46
AGG (4 ,2) PORT 1: Recv/Dropped : 0/32
AGG (4 ,2) PORT 2: Recv/Dropped : 0/36
AGG (4 ,2) PORT 3: Recv/Dropped : 0/24
AGG (4 ,2) PORT 4: Recv/Dropped : 0/46
AGG (4 ,2) PORT 5: Recv/Dropped : 0/44
AGG (4 ,2) PORT 6: Recv/Dropped : 0/52
AGG (4 ,2) PORT 7: Recv/Dropped : 0/44
AGG (4 ,3) PORT 0: Recv/Dropped : 0/31
AGG (4 ,3) PORT 1: Recv/Dropped : 0/29
AGG (4 ,3) PORT 2: Recv/Dropped : 0/40
AGG (4 ,3) PORT 3: Recv/Dropped : 0/42
AGG (4 ,3) PORT 4: Recv/Dropped : 0/55
AGG (4 ,3) PORT 5: Recv/Dropped : 0/44
AGG (4 ,3) PORT 6: Recv/Dropped : 0/43
AGG (4 ,3) PORT 7: Recv/Dropped : 0/37
AGG (5 ,0) PORT 0: Recv/Dropped : 0/4
AGG (5 ,0) PORT 1: Recv/Dropped : 0/0
AGG (5 ,0) PORT 2: Recv/Dropped : 0/1
AGG (5 ,0) PORT 3: Recv/Dropped : 0/3
AGG (5 ,0) PORT 4: Recv/Dropped : 0/21
AGG (5 ,0) PORT 5: Recv/Dropped : 0/23
AGG (5 ,0) PORT 6: Recv/Dropped : 0/14
AGG (5 ,0) PORT 7: Recv/Dropped : 0/24
AGG (5 ,1) PORT 0: Recv/Dropped : 0/23
AGG (5 ,1) PORT 1: Recv/Dropped : 0/15
AGG (5 ,1) PORT 2: Recv/Dropped : 0/17
AGG (5 ,1) PORT 3: Recv/Dropped : 0/17
AGG (5 ,1) PORT 4: Recv/Dropped : 0/14
AGG (5 ,1) PORT 5: Recv/Dropped : 0/20
AGG (5 ,1) PORT 6: Recv/Dropped : 0/27
AGG (5 ,1) PORT 7: Recv/Dropped : 0/12
AGG (5 ,2) PORT 0: Recv/Dropped : 0/1
AGG (5 ,2) PORT 1: Recv/Dropped : 0/2
AGG (5 ,2) PORT 2: Recv/Dropped : 0/1
AGG (5 ,2) PORT 3: Recv/Dropped : 0/4
AGG (5 ,2) PORT 4: Recv/Dropped : 0/17
AGG (5 ,2) PORT 5: Recv/Dropped : 0/16
AGG (5 ,2) PORT 6: Recv/Dropped : 0/18
AGG (5 ,2) PORT 7: Recv/Dropped : 0/14
AGG (5 ,3) PORT 0: Recv/Dropped : 0/21
AGG (5 ,3) PORT 1: Recv/Dropped : 0/27
AGG (5 ,3) PORT 2: Recv/Dropped : 0/15
AGG (5 ,3) PORT 3: Recv/Dropped : 0/17
AGG (5 ,3) PORT 4: Recv/Dropped : 0/14
AGG (5 ,3) PORT 5: Recv/Dropped : 0/20
AGG (5 ,3) PORT 6: Recv/Dropped : 0/10
AGG (5 ,3) PORT 7: Recv/Dropped : 0/11
AGG (6 ,0) PORT 0: Recv/Dropped : 0/47
AGG (6 ,0) PORT 1: Recv/Dropped : 0/63
AGG (6 ,0) PORT 2: Recv/Dropped : 0/52
AGG (6 ,0) PORT 3: Recv/Dropped : 0/50
AGG (6 ,0) PORT 4: Recv/Dropped : 0/37
AGG (6 ,0) PORT 5: Recv/Dropped : 0/48
AGG (6 ,0) PORT 6: Recv/Dropped : 0/46
AGG (6 ,0) PORT 7: Recv/Dropped : 0/56
AGG (6 ,1) PORT 0: Recv/Dropped : 0/28
AGG (6 ,1) PORT 1: Recv/Dropped : 0/20
AGG (6 ,1) PORT 2: Recv/Dropped : 0/14
AGG (6 ,1) PORT 3: Recv/Dropped : 0/15
AGG (6 ,1) PORT 4: Recv/Dropped : 0/32
AGG (6 ,1) PORT 5: Recv/Dropped : 0/42
AGG (6 ,1) PORT 6: Recv/Dropped : 0/47
AGG (6 ,1) PORT 7: Recv/Dropped : 0/51
AGG (6 ,2) PORT 0: Recv/Dropped : 0/24
AGG (6 ,2) PORT 1: Recv/Dropped : 0/16
AGG (6 ,2) PORT 2: Recv/Dropped : 0/22
AGG (6 ,2) PORT 3: Recv/Dropped : 0/15
AGG (6 ,2) PORT 4: Recv/Dropped : 0/46
AGG (6 ,2) PORT 5: Recv/Dropped : 0/50
AGG (6 ,2) PORT 6: Recv/Dropped : 0/51
AGG (6 ,2) PORT 7: Recv/Dropped : 0/54
AGG (6 ,3) PORT 0: Recv/Dropped : 0/36
AGG (6 ,3) PORT 1: Recv/Dropped : 0/31
AGG (6 ,3) PORT 2: Recv/Dropped : 0/33
AGG (6 ,3) PORT 3: Recv/Dropped : 0/36
AGG (6 ,3) PORT 4: Recv/Dropped : 0/42
AGG (6 ,3) PORT 5: Recv/Dropped : 0/53
AGG (6 ,3) PORT 6: Recv/Dropped : 0/50
AGG (6 ,3) PORT 7: Recv/Dropped : 0/43
AGG (7 ,0) PORT 0: Recv/Dropped : 0/2
AGG (7 ,0) PORT 1: Recv/Dropped : 0/1
AGG (7 ,0) PORT 2: Recv/Dropped : 0/3
AGG (7 ,0) PORT 3: Recv/Dropped : 0/2
AGG (7 ,0) PORT 4: Recv/Dropped : 0/42
AGG (7 ,0) PORT 5: Recv/Dropped : 0/33
AGG (7 ,0) PORT 6: Recv/Dropped : 0/41
AGG (7 ,0) PORT 7: Recv/Dropped : 0/28
AGG (7 ,1) PORT 0: Recv/Dropped : 0/26
AGG (7 ,1) PORT 1: Recv/Dropped : 0/39
AGG (7 ,1) PORT 2: Recv/Dropped : 0/36
AGG (7 ,1) PORT 3: Recv/Dropped : 0/34
AGG (7 ,1) PORT 4: Recv/Dropped : 0/39
AGG (7 ,1) PORT 5: Recv/Dropped : 0/35
AGG (7 ,1) PORT 6: Recv/Dropped : 0/28
AGG (7 ,1) PORT 7: Recv/Dropped : 0/34
AGG (7 ,2) PORT 0: Recv/Dropped : 0/2
AGG (7 ,2) PORT 1: Recv/Dropped : 0/4
AGG (7 ,2) PORT 2: Recv/Dropped : 0/0
AGG (7 ,2) PORT 3: Recv/Dropped : 0/2
AGG (7 ,2) PORT 4: Recv/Dropped : 0/39
AGG (7 ,2) PORT 5: Recv/Dropped : 0/31
AGG (7 ,2) PORT 6: Recv/Dropped : 0/24
AGG (7 ,2) PORT 7: Recv/Dropped : 0/41
AGG (7 ,3) PORT 0: Recv/Dropped : 0/58
AGG (7 ,3) PORT 1: Recv/Dropped : 0/66
AGG (7 ,3) PORT 2: Recv/Dropped : 0/45
AGG (7 ,3) PORT 3: Recv/Dropped : 0/43
AGG (7 ,3) PORT 4: Recv/Dropped : 0/46
AGG (7 ,3) PORT 5: Recv/Dropped : 0/33
AGG (7 ,3) PORT 6: Recv/Dropped : 0/35
AGG (7 ,3) PORT 7: Recv/Dropped : 0/32


TOTAL RECEIVED PACKETS = 43828
TOTAL DROPPED PACKETS = 347