QUEUE STATISTICS FOR EXPERIMENT 8163
---------------------------
 -- EDGE QUEUE STATISTICS --
EDGE (0 ,0) PORT 0: Recv/Dropped : 435/4723
EDGE (0 ,0) PORT 1: Recv/Dropped : 0/69
EDGE (0 ,0) PORT 2: Recv/Dropped : 0/68
EDGE (0 ,0) PORT 3: Recv/Dropped : 0/69
EDGE (0 ,0) PORT 4: Recv/Dropped : 0/895
EDGE (0 ,0) PORT 5: Recv/Dropped : 0/934
EDGE (0 ,0) PORT 6: Recv/Dropped : 0/797
EDGE (0 ,0) PORT 7: Recv/Dropped : 0/878
EDGE (0 ,1) PORT 0: Recv/Dropped : 0/72
EDGE (0 ,1) PORT 1: Recv/Dropped : 0/70
EDGE (0 ,1) PORT 2: Recv/Dropped : 0/69
EDGE (0 ,1) PORT 3: Recv/Dropped : 0/82
EDGE (0 ,1) PORT 4: Recv/Dropped : 0/85
EDGE (0 ,1) PORT 5: Recv/Dropped : 0/91
EDGE (0 ,1) PORT 6: Recv/Dropped : 0/86
EDGE (0 ,1) PORT 7: Recv/Dropped : 0/139
EDGE (0 ,2) PORT 0: Recv/Dropped : 0/74
EDGE (0 ,2) PORT 1: Recv/Dropped : 0/2
EDGE (0 ,2) PORT 2: Recv/Dropped : 0/86
EDGE (0 ,2) PORT 3: Recv/Dropped : 0/68
EDGE (0 ,2) PORT 4: Recv/Dropped : 0/63
EDGE (0 ,2) PORT 5: Recv/Dropped : 0/92
EDGE (0 ,2) PORT 6: Recv/Dropped : 0/82
EDGE (0 ,2) PORT 7: Recv/Dropped : 0/73
EDGE (0 ,3) PORT 0: Recv/Dropped : 0/67
EDGE (0 ,3) PORT 1: Recv/Dropped : 0/81
EDGE (0 ,3) PORT 2: Recv/Dropped : 0/2
EDGE (0 ,3) PORT 3: Recv/Dropped : 0/3
EDGE (0 ,3) PORT 4: Recv/Dropped : 0/48
EDGE (0 ,3) PORT 5: Recv/Dropped : 0/61
EDGE (0 ,3) PORT 6: Recv/Dropped : 0/54
EDGE (0 ,3) PORT 7: Recv/Dropped : 0/47
EDGE (1 ,0) PORT 0: Recv/Dropped : 0/83
EDGE (1 ,0) PORT 1: Recv/Dropped : 0/81
EDGE (1 ,0) PORT 2: Recv/Dropped : 0/2
EDGE (1 ,0) PORT 3: Recv/Dropped : 0/2
EDGE (1 ,0) PORT 4: Recv/Dropped : 0/28
EDGE (1 ,0) PORT 5: Recv/Dropped : 0/47
EDGE (1 ,0) PORT 6: Recv/Dropped : 0/52
EDGE (1 ,0) PORT 7: Recv/Dropped : 0/89
EDGE (1 ,1) PORT 0: Recv/Dropped : 0/67
EDGE (1 ,1) PORT 1: Recv/Dropped : 0/73
EDGE (1 ,1) PORT 2: Recv/Dropped : 0/0
EDGE (1 ,1) PORT 3: Recv/Dropped : 0/76
EDGE (1 ,1) PORT 4: Recv/Dropped : 0/64
EDGE (1 ,1) PORT 5: Recv/Dropped : 0/74
EDGE (1 ,1) PORT 6: Recv/Dropped : 0/89
EDGE (1 ,1) PORT 7: Recv/Dropped : 0/83
EDGE (1 ,2) PORT 0: Recv/Dropped : 0/85
EDGE (1 ,2) PORT 1: Recv/Dropped : 0/81
EDGE (1 ,2) PORT 2: Recv/Dropped : 0/2
EDGE (1 ,2) PORT 3: Recv/Dropped : 0/4
EDGE (1 ,2) PORT 4: Recv/Dropped : 0/56
EDGE (1 ,2) PORT 5: Recv/Dropped : 0/62
EDGE (1 ,2) PORT 6: Recv/Dropped : 0/45
EDGE (1 ,2) PORT 7: Recv/Dropped : 0/53
EDGE (1 ,3) PORT 0: Recv/Dropped : 0/73
EDGE (1 ,3) PORT 1: Recv/Dropped : 0/73
EDGE (1 ,3) PORT 2: Recv/Dropped : 0/2
EDGE (1 ,3) PORT 3: Recv/Dropped : 0/4
EDGE (1 ,3) PORT 4: Recv/Dropped : 0/53
EDGE (1 ,3) PORT 5: Recv/Dropped : 0/43
EDGE (1 ,3) PORT 6: Recv/Dropped : 0/41
EDGE (1 ,3) PORT 7: Recv/Dropped : 0/72
EDGE (2 ,0) PORT 0: Recv/Dropped : 0/72
EDGE (2 ,0) PORT 1: Recv/Dropped : 0/70
EDGE (2 ,0) PORT 2: Recv/Dropped : 0/76
EDGE (2 ,0) PORT 3: Recv/Dropped : 0/2
EDGE (2 ,0) PORT 4: Recv/Dropped : 0/76
EDGE (2 ,0) PORT 5: Recv/Dropped : 0/93
EDGE (2 ,0) PORT 6: Recv/Dropped : 0/62
EDGE (2 ,0) PORT 7: Recv/Dropped : 0/80
EDGE (2 ,1) PORT 0: Recv/Dropped : 0/2
EDGE (2 ,1) PORT 1: Recv/Dropped : 0/0
EDGE (2 ,1) PORT 2: Recv/Dropped : 0/2
EDGE (2 ,1) PORT 3: Recv/Dropped : 0/85
EDGE (2 ,1) PORT 4: Recv/Dropped : 0/22
EDGE (2 ,1) PORT 5: Recv/Dropped : 0/29
EDGE (2 ,1) PORT 6: Recv/Dropped : 0/30
EDGE (2 ,1) PORT 7: Recv/Dropped : 0/38
EDGE (2 ,2) PORT 0: Recv/Dropped : 0/0
EDGE (2 ,2) PORT 1: Recv/Dropped : 0/0
EDGE (2 ,2) PORT 2: Recv/Dropped : 0/0
EDGE (2 ,2) PORT 3: Recv/Dropped : 0/0
EDGE (2 ,2) PORT 4: Recv/Dropped : 0/3
EDGE (2 ,2) PORT 5: Recv/Dropped : 0/1
EDGE (2 ,2) PORT 6: Recv/Dropped : 0/5
EDGE (2 ,2) PORT 7: Recv/Dropped : 0/3
EDGE (2 ,3) PORT 0: Recv/Dropped : 0/2
EDGE (2 ,3) PORT 1: Recv/Dropped : 0/2
EDGE (2 ,3) PORT 2: Recv/Dropped : 0/3
EDGE (2 ,3) PORT 3: Recv/Dropped : 0/4
EDGE (2 ,3) PORT 4: Recv/Dropped : 0/2
EDGE (2 ,3) PORT 5: Recv/Dropped : 0/10
EDGE (2 ,3) PORT 6: Recv/Dropped : 0/5
EDGE (2 ,3) PORT 7: Recv/Dropped : 0/2
EDGE (3 ,0) PORT 0: Recv/Dropped : 0/2
EDGE (3 ,0) PORT 1: Recv/Dropped : 0/0
EDGE (3 ,0) PORT 2: Recv/Dropped : 0/68
EDGE (3 ,0) PORT 3: Recv/Dropped : 0/84
EDGE (3 ,0) PORT 4: Recv/Dropped : 0/43
EDGE (3 ,0) PORT 5: Recv/Dropped : 0/73
EDGE (3 ,0) PORT 6: Recv/Dropped : 0/51
EDGE (3 ,0) PORT 7: Recv/Dropped : 0/48
EDGE (3 ,1) PORT 0: Recv/Dropped : 0/66
EDGE (3 ,1) PORT 1: Recv/Dropped : 0/67
EDGE (3 ,1) PORT 2: Recv/Dropped : 0/79
EDGE (3 ,1) PORT 3: Recv/Dropped : 0/0
EDGE (3 ,1) PORT 4: Recv/Dropped : 0/87
EDGE (3 ,1) PORT 5: Recv/Dropped : 0/75
EDGE (3 ,1) PORT 6: Recv/Dropped : 0/73
EDGE (3 ,1) PORT 7: Recv/Dropped : 0/75
EDGE (3 ,2) PORT 0: Recv/Dropped : 0/0
EDGE (3 ,2) PORT 1: Recv/Dropped : 0/0
EDGE (3 ,2) PORT 2: Recv/Dropped : 0/0
EDGE (3 ,2) PORT 3: Recv/Dropped : 0/0
EDGE (3 ,2) PORT 4: Recv/Dropped : 0/3
EDGE (3 ,2) PORT 5: Recv/Dropped : 0/2
EDGE (3 ,2) PORT 6: Recv/Dropped : 0/5
EDGE (3 ,2) PORT 7: Recv/Dropped : 0/2
EDGE (3 ,3) PORT 0: Recv/Dropped : 0/0
EDGE (3 ,3) PORT 1: Recv/Dropped : 0/68
EDGE (3 ,3) PORT 2: Recv/Dropped : 0/0
EDGE (3 ,3) PORT 3: Recv/Dropped : 0/0
EDGE (3 ,3) PORT 4: Recv/Dropped : 0/20
EDGE (3 ,3) PORT 5: Recv/Dropped : 0/30
EDGE (3 ,3) PORT 6: Recv/Dropped : 0/43
EDGE (3 ,3) PORT 7: Recv/Dropped : 0/16
EDGE (4 ,0) PORT 0: Recv/Dropped : 0/2
EDGE (4 ,0) PORT 1: Recv/Dropped : 0/69
EDGE (4 ,0) PORT 2: Recv/Dropped : 0/0
EDGE (4 ,0) PORT 3: Recv/Dropped : 0/75
EDGE (4 ,0) PORT 4: Recv/Dropped : 0/60
EDGE (4 ,0) PORT 5: Recv/Dropped : 0/48
EDGE (4 ,0) PORT 6: Recv/Dropped : 0/56
EDGE (4 ,0) PORT 7: Recv/Dropped : 0/47
EDGE (4 ,1) PORT 0: Recv/Dropped : 0/78
EDGE (4 ,1) PORT 1: Recv/Dropped : 0/0
EDGE (4 ,1) PORT 2: Recv/Dropped : 0/0
EDGE (4 ,1) PORT 3: Recv/Dropped : 0/83
EDGE (4 ,1) PORT 4: Recv/Dropped : 0/53
EDGE (4 ,1) PORT 5: Recv/Dropped : 0/49
EDGE (4 ,1) PORT 6: Recv/Dropped : 0/73
EDGE (4 ,1) PORT 7: Recv/Dropped : 0/36
EDGE (4 ,2) PORT 0: Recv/Dropped : 0/79
EDGE (4 ,2) PORT 1: Recv/Dropped : 0/0
EDGE (4 ,2) PORT 2: Recv/Dropped : 0/0
EDGE (4 ,2) PORT 3: Recv/Dropped : 0/78
EDGE (4 ,2) PORT 4: Recv/Dropped : 0/43
EDGE (4 ,2) PORT 5: Recv/Dropped : 0/51
EDGE (4 ,2) PORT 6: Recv/Dropped : 0/66
EDGE (4 ,2) PORT 7: Recv/Dropped : 0/52
EDGE (4 ,3) PORT 0: Recv/Dropped : 0/0
EDGE (4 ,3) PORT 1: Recv/Dropped : 0/0
EDGE (4 ,3) PORT 2: Recv/Dropped : 0/0
EDGE (4 ,3) PORT 3: Recv/Dropped : 0/2
EDGE (4 ,3) PORT 4: Recv/Dropped : 0/4
EDGE (4 ,3) PORT 5: Recv/Dropped : 0/6
EDGE (4 ,3) PORT 6: Recv/Dropped : 0/1
EDGE (4 ,3) PORT 7: Recv/Dropped : 0/4
EDGE (5 ,0) PORT 0: Recv/Dropped : 0/0
EDGE (5 ,0) PORT 1: Recv/Dropped : 0/77
EDGE (5 ,0) PORT 2: Recv/Dropped : 0/0
EDGE (5 ,0) PORT 3: Recv/Dropped : 0/67
EDGE (5 ,0) PORT 4: Recv/Dropped : 0/54
EDGE (5 ,0) PORT 5: Recv/Dropped : 0/58
EDGE (5 ,0) PORT 6: Recv/Dropped : 0/46
EDGE (5 ,0) PORT 7: Recv/Dropped : 0/52
EDGE (5 ,1) PORT 0: Recv/Dropped : 0/0
EDGE (5 ,1) PORT 1: Recv/Dropped : 0/2
EDGE (5 ,1) PORT 2: Recv/Dropped : 0/75
EDGE (5 ,1) PORT 3: Recv/Dropped : 0/4
EDGE (5 ,1) PORT 4: Recv/Dropped : 0/38
EDGE (5 ,1) PORT 5: Recv/Dropped : 0/27
EDGE (5 ,1) PORT 6: Recv/Dropped : 0/28
EDGE (5 ,1) PORT 7: Recv/Dropped : 0/22
EDGE (5 ,2) PORT 0: Recv/Dropped : 0/77
EDGE (5 ,2) PORT 1: Recv/Dropped : 0/85
EDGE (5 ,2) PORT 2: Recv/Dropped : 0/4
EDGE (5 ,2) PORT 3: Recv/Dropped : 0/82
EDGE (5 ,2) PORT 4: Recv/Dropped : 0/76
EDGE (5 ,2) PORT 5: Recv/Dropped : 0/62
EDGE (5 ,2) PORT 6: Recv/Dropped : 0/83
EDGE (5 ,2) PORT 7: Recv/Dropped : 0/98
EDGE (5 ,3) PORT 0: Recv/Dropped : 0/4
EDGE (5 ,3) PORT 1: Recv/Dropped : 0/0
EDGE (5 ,3) PORT 2: Recv/Dropped : 0/4
EDGE (5 ,3) PORT 3: Recv/Dropped : 0/4
EDGE (5 ,3) PORT 4: Recv/Dropped : 0/4
EDGE (5 ,3) PORT 5: Recv/Dropped : 0/3
EDGE (5 ,3) PORT 6: Recv/Dropped : 0/8
EDGE (5 ,3) PORT 7: Recv/Dropped : 0/0
EDGE (6 ,0) PORT 0: Recv/Dropped : 0/2
EDGE (6 ,0) PORT 1: Recv/Dropped : 0/77
EDGE (6 ,0) PORT 2: Recv/Dropped : 0/0
EDGE (6 ,0) PORT 3: Recv/Dropped : 0/79
EDGE (6 ,0) PORT 4: Recv/Dropped : 0/45
EDGE (6 ,0) PORT 5: Recv/Dropped : 0/57
EDGE (6 ,0) PORT 6: Recv/Dropped : 0/69
EDGE (6 ,0) PORT 7: Recv/Dropped : 0/50
EDGE (6 ,1) PORT 0: Recv/Dropped : 0/0
EDGE (6 ,1) PORT 1: Recv/Dropped : 0/79
EDGE (6 ,1) PORT 2: Recv/Dropped : 0/0
EDGE (6 ,1) PORT 3: Recv/Dropped : 0/3
EDGE (6 ,1) PORT 4: Recv/Dropped : 0/25
EDGE (6 ,1) PORT 5: Recv/Dropped : 0/25
EDGE (6 ,1) PORT 6: Recv/Dropped : 0/25
EDGE (6 ,1) PORT 7: Recv/Dropped : 0/38
EDGE (6 ,2) PORT 0: Recv/Dropped : 0/0
EDGE (6 ,2) PORT 1: Recv/Dropped : 0/0
EDGE (6 ,2) PORT 2: Recv/Dropped : 0/0
EDGE (6 ,2) PORT 3: Recv/Dropped : 0/4
EDGE (6 ,2) PORT 4: Recv/Dropped : 0/4
EDGE (6 ,2) PORT 5: Recv/Dropped : 0/5
EDGE (6 ,2) PORT 6: Recv/Dropped : 0/3
EDGE (6 ,2) PORT 7: Recv/Dropped : 0/1
EDGE (6 ,3) PORT 0: Recv/Dropped : 0/0
EDGE (6 ,3) PORT 1: Recv/Dropped : 0/0
EDGE (6 ,3) PORT 2: Recv/Dropped : 0/79
EDGE (6 ,3) PORT 3: Recv/Dropped : 0/4
EDGE (6 ,3) PORT 4: Recv/Dropped : 0/27
EDGE (6 ,3) PORT 5: Recv/Dropped : 0/18
EDGE (6 ,3) PORT 6: Recv/Dropped : 0/33
EDGE (6 ,3) PORT 7: Recv/Dropped : 0/38
EDGE (7 ,0) PORT 0: Recv/Dropped : 0/0
EDGE (7 ,0) PORT 1: Recv/Dropped : 0/74
EDGE (7 ,0) PORT 2: Recv/Dropped : 0/0
EDGE (7 ,0) PORT 3: Recv/Dropped : 0/0
EDGE (7 ,0) PORT 4: Recv/Dropped : 0/32
EDGE (7 ,0) PORT 5: Recv/Dropped : 0/26
EDGE (7 ,0) PORT 6: Recv/Dropped : 0/36
EDGE (7 ,0) PORT 7: Recv/Dropped : 0/16
EDGE (7 ,1) PORT 0: Recv/Dropped : 0/0
EDGE (7 ,1) PORT 1: Recv/Dropped : 0/0
EDGE (7 ,1) PORT 2: Recv/Dropped : 0/0
EDGE (7 ,1) PORT 3: Recv/Dropped : 0/0
EDGE (7 ,1) PORT 4: Recv/Dropped : 0/2
EDGE (7 ,1) PORT 5: Recv/Dropped : 0/3
EDGE (7 ,1) PORT 6: Recv/Dropped : 0/3
EDGE (7 ,1) PORT 7: Recv/Dropped : 0/4
EDGE (7 ,2) PORT 0: Recv/Dropped : 0/0
EDGE (7 ,2) PORT 1: Recv/Dropped : 0/0
EDGE (7 ,2) PORT 2: Recv/Dropped : 0/2
EDGE (7 ,2) PORT 3: Recv/Dropped : 0/4
EDGE (7 ,2) PORT 4: Recv/Dropped : 0/5
EDGE (7 ,2) PORT 5: Recv/Dropped : 0/6
EDGE (7 ,2) PORT 6: Recv/Dropped : 0/1
EDGE (7 ,2) PORT 7: Recv/Dropped : 0/3
EDGE (7 ,3) PORT 0: Recv/Dropped : 0/0
EDGE (7 ,3) PORT 1: Recv/Dropped : 0/4
EDGE (7 ,3) PORT 2: Recv/Dropped : 0/0
EDGE (7 ,3) PORT 3: Recv/Dropped : 0/4
EDGE (7 ,3) PORT 4: Recv/Dropped : 0/3
EDGE (7 ,3) PORT 5: Recv/Dropped : 0/3
EDGE (7 ,3) PORT 6: Recv/Dropped : 0/6
EDGE (7 ,3) PORT 7: Recv/Dropped : 0/2
 -- AGG QUEUE STATISTICS --
AGG (0 ,0) PORT 0: Recv/Dropped : 4/1124
AGG (0 ,0) PORT 1: Recv/Dropped : 18/1212
AGG (0 ,0) PORT 2: Recv/Dropped : 11/1249
AGG (0 ,0) PORT 3: Recv/Dropped : 7/1276
AGG (0 ,0) PORT 4: Recv/Dropped : 0/191
AGG (0 ,0) PORT 5: Recv/Dropped : 0/163
AGG (0 ,0) PORT 6: Recv/Dropped : 0/161
AGG (0 ,0) PORT 7: Recv/Dropped : 0/190
AGG (0 ,1) PORT 0: Recv/Dropped : 0/99
AGG (0 ,1) PORT 1: Recv/Dropped : 0/59
AGG (0 ,1) PORT 2: Recv/Dropped : 0/63
AGG (0 ,1) PORT 3: Recv/Dropped : 0/72
AGG (0 ,1) PORT 4: Recv/Dropped : 0/209
AGG (0 ,1) PORT 5: Recv/Dropped : 0/193
AGG (0 ,1) PORT 6: Recv/Dropped : 0/156
AGG (0 ,1) PORT 7: Recv/Dropped : 0/199
AGG (0 ,2) PORT 0: Recv/Dropped : 0/63
AGG (0 ,2) PORT 1: Recv/Dropped : 0/60
AGG (0 ,2) PORT 2: Recv/Dropped : 0/62
AGG (0 ,2) PORT 3: Recv/Dropped : 0/45
AGG (0 ,2) PORT 4: Recv/Dropped : 0/161
AGG (0 ,2) PORT 5: Recv/Dropped : 0/154
AGG (0 ,2) PORT 6: Recv/Dropped : 0/142
AGG (0 ,2) PORT 7: Recv/Dropped : 0/179
AGG (0 ,3) PORT 0: Recv/Dropped : 0/28
AGG (0 ,3) PORT 1: Recv/Dropped : 0/58
AGG (0 ,3) PORT 2: Recv/Dropped : 0/36
AGG (0 ,3) PORT 3: Recv/Dropped : 0/31
AGG (0 ,3) PORT 4: Recv/Dropped : 0/166
AGG (0 ,3) PORT 5: Recv/Dropped : 0/212
AGG (0 ,3) PORT 6: Recv/Dropped : 0/173
AGG (0 ,3) PORT 7: Recv/Dropped : 0/179
AGG (1 ,0) PORT 0: Recv/Dropped : 0/30
AGG (1 ,0) PORT 1: Recv/Dropped : 0/44
AGG (1 ,0) PORT 2: Recv/Dropped : 0/38
AGG (1 ,0) PORT 3: Recv/Dropped : 0/56
AGG (1 ,0) PORT 4: Recv/Dropped : 0/40
AGG (1 ,0) PORT 5: Recv/Dropped : 0/46
AGG (1 ,0) PORT 6: Recv/Dropped : 0/50
AGG (1 ,0) PORT 7: Recv/Dropped : 0/65
AGG (1 ,1) PORT 0: Recv/Dropped : 0/52
AGG (1 ,1) PORT 1: Recv/Dropped : 0/59
AGG (1 ,1) PORT 2: Recv/Dropped : 0/47
AGG (1 ,1) PORT 3: Recv/Dropped : 0/58
AGG (1 ,1) PORT 4: Recv/Dropped : 0/52
AGG (1 ,1) PORT 5: Recv/Dropped : 0/63
AGG (1 ,1) PORT 6: Recv/Dropped : 0/59
AGG (1 ,1) PORT 7: Recv/Dropped : 0/52
AGG (1 ,2) PORT 0: Recv/Dropped : 0/51
AGG (1 ,2) PORT 1: Recv/Dropped : 0/36
AGG (1 ,2) PORT 2: Recv/Dropped : 0/28
AGG (1 ,2) PORT 3: Recv/Dropped : 0/57
AGG (1 ,2) PORT 4: Recv/Dropped : 0/47
AGG (1 ,2) PORT 5: Recv/Dropped : 0/81
AGG (1 ,2) PORT 6: Recv/Dropped : 0/60
AGG (1 ,2) PORT 7: Recv/Dropped : 0/39
AGG (1 ,3) PORT 0: Recv/Dropped : 0/40
AGG (1 ,3) PORT 1: Recv/Dropped : 0/41
AGG (1 ,3) PORT 2: Recv/Dropped : 0/27
AGG (1 ,3) PORT 3: Recv/Dropped : 0/44
AGG (1 ,3) PORT 4: Recv/Dropped : 0/93
AGG (1 ,3) PORT 5: Recv/Dropped : 0/81
AGG (1 ,3) PORT 6: Recv/Dropped : 0/69
AGG (1 ,3) PORT 7: Recv/Dropped : 0/54
AGG (2 ,0) PORT 0: Recv/Dropped : 0/57
AGG (2 ,0) PORT 1: Recv/Dropped : 0/69
AGG (2 ,0) PORT 2: Recv/Dropped : 0/45
AGG (2 ,0) PORT 3: Recv/Dropped : 0/49
AGG (2 ,0) PORT 4: Recv/Dropped : 0/32
AGG (2 ,0) PORT 5: Recv/Dropped : 0/17
AGG (2 ,0) PORT 6: Recv/Dropped : 0/32
AGG (2 ,0) PORT 7: Recv/Dropped : 0/22
AGG (2 ,1) PORT 0: Recv/Dropped : 0/23
AGG (2 ,1) PORT 1: Recv/Dropped : 0/24
AGG (2 ,1) PORT 2: Recv/Dropped : 0/20
AGG (2 ,1) PORT 3: Recv/Dropped : 0/22
AGG (2 ,1) PORT 4: Recv/Dropped : 0/39
AGG (2 ,1) PORT 5: Recv/Dropped : 0/33
AGG (2 ,1) PORT 6: Recv/Dropped : 0/28
AGG (2 ,1) PORT 7: Recv/Dropped : 0/33
AGG (2 ,2) PORT 0: Recv/Dropped : 0/0
AGG (2 ,2) PORT 1: Recv/Dropped : 0/0
AGG (2 ,2) PORT 2: Recv/Dropped : 0/0
AGG (2 ,2) PORT 3: Recv/Dropped : 0/0
AGG (2 ,2) PORT 4: Recv/Dropped : 0/30
AGG (2 ,2) PORT 5: Recv/Dropped : 0/16
AGG (2 ,2) PORT 6: Recv/Dropped : 0/30
AGG (2 ,2) PORT 7: Recv/Dropped : 0/26
AGG (2 ,3) PORT 0: Recv/Dropped : 0/1
AGG (2 ,3) PORT 1: Recv/Dropped : 0/2
AGG (2 ,3) PORT 2: Recv/Dropped : 0/3
AGG (2 ,3) PORT 3: Recv/Dropped : 0/5
AGG (2 ,3) PORT 4: Recv/Dropped : 0/31
AGG (2 ,3) PORT 5: Recv/Dropped : 0/24
AGG (2 ,3) PORT 6: Recv/Dropped : 0/45
AGG (2 ,3) PORT 7: Recv/Dropped : 0/23
AGG (3 ,0) PORT 0: Recv/Dropped : 0/30
AGG (3 ,0) PORT 1: Recv/Dropped : 0/45
AGG (3 ,0) PORT 2: Recv/Dropped : 0/37
AGG (3 ,0) PORT 3: Recv/Dropped : 0/42
AGG (3 ,0) PORT 4: Recv/Dropped : 0/50
AGG (3 ,0) PORT 5: Recv/Dropped : 0/22
AGG (3 ,0) PORT 6: Recv/Dropped : 0/41
AGG (3 ,0) PORT 7: Recv/Dropped : 0/40
AGG (3 ,1) PORT 0: Recv/Dropped : 0/55
AGG (3 ,1) PORT 1: Recv/Dropped : 0/58
AGG (3 ,1) PORT 2: Recv/Dropped : 0/53
AGG (3 ,1) PORT 3: Recv/Dropped : 0/46
AGG (3 ,1) PORT 4: Recv/Dropped : 0/55
AGG (3 ,1) PORT 5: Recv/Dropped : 0/41
AGG (3 ,1) PORT 6: Recv/Dropped : 0/45
AGG (3 ,1) PORT 7: Recv/Dropped : 0/39
AGG (3 ,2) PORT 0: Recv/Dropped : 0/0
AGG (3 ,2) PORT 1: Recv/Dropped : 0/0
AGG (3 ,2) PORT 2: Recv/Dropped : 0/0
AGG (3 ,2) PORT 3: Recv/Dropped : 0/0
AGG (3 ,2) PORT 4: Recv/Dropped : 0/46
AGG (3 ,2) PORT 5: Recv/Dropped : 0/40
AGG (3 ,2) PORT 6: Recv/Dropped : 0/39
AGG (3 ,2) PORT 7: Recv/Dropped : 0/47
AGG (3 ,3) PORT 0: Recv/Dropped : 0/19
AGG (3 ,3) PORT 1: Recv/Dropped : 0/21
AGG (3 ,3) PORT 2: Recv/Dropped : 0/18
AGG (3 ,3) PORT 3: Recv/Dropped : 0/10
AGG (3 ,3) PORT 4: Recv/Dropped : 0/20
AGG (3 ,3) PORT 5: Recv/Dropped : 0/54
AGG (3 ,3) PORT 6: Recv/Dropped : 0/45
AGG (3 ,3) PORT 7: Recv/Dropped : 0/22
AGG (4 ,0) PORT 0: Recv/Dropped : 0/34
AGG (4 ,0) PORT 1: Recv/Dropped : 0/45
AGG (4 ,0) PORT 2: Recv/Dropped : 0/30
AGG (4 ,0) PORT 3: Recv/Dropped : 0/37
AGG (4 ,0) PORT 4: Recv/Dropped : 0/41
AGG (4 ,0) PORT 5: Recv/Dropped : 0/36
AGG (4 ,0) PORT 6: Recv/Dropped : 0/49
AGG (4 ,0) PORT 7: Recv/Dropped : 0/34
AGG (4 ,1) PORT 0: Recv/Dropped : 0/37
AGG (4 ,1) PORT 1: Recv/Dropped : 0/37
AGG (4 ,1) PORT 2: Recv/Dropped : 0/42
AGG (4 ,1) PORT 3: Recv/Dropped : 0/45
AGG (4 ,1) PORT 4: Recv/Dropped : 0/52
AGG (4 ,1) PORT 5: Recv/Dropped : 0/34
AGG (4 ,1) PORT 6: Recv/Dropped : 0/27
AGG (4 ,1) PORT 7: Recv/Dropped : 0/41
AGG (4 ,2) PORT 0: Recv/Dropped : 0/36
AGG (4 ,2) PORT 1: Recv/Dropped : 0/32
AGG (4 ,2) PORT 2: Recv/Dropped : 0/51
AGG (4 ,2) PORT 3: Recv/Dropped : 0/38
AGG (4 ,2) PORT 4: Recv/Dropped : 0/30
AGG (4 ,2) PORT 5: Recv/Dropped : 0/43
AGG (4 ,2) PORT 6: Recv/Dropped : 0/77
AGG (4 ,2) PORT 7: Recv/Dropped : 0/46
AGG (4 ,3) PORT 0: Recv/Dropped : 0/0
AGG (4 ,3) PORT 1: Recv/Dropped : 0/0
AGG (4 ,3) PORT 2: Recv/Dropped : 0/2
AGG (4 ,3) PORT 3: Recv/Dropped : 0/0
AGG (4 ,3) PORT 4: Recv/Dropped : 0/46
AGG (4 ,3) PORT 5: Recv/Dropped : 0/36
AGG (4 ,3) PORT 6: Recv/Dropped : 0/28
AGG (4 ,3) PORT 7: Recv/Dropped : 0/29
AGG (5 ,0) PORT 0: Recv/Dropped : 0/31
AGG (5 ,0) PORT 1: Recv/Dropped : 0/38
AGG (5 ,0) PORT 2: Recv/Dropped : 0/40
AGG (5 ,0) PORT 3: Recv/Dropped : 0/35
AGG (5 ,0) PORT 4: Recv/Dropped : 0/45
AGG (5 ,0) PORT 5: Recv/Dropped : 0/46
AGG (5 ,0) PORT 6: Recv/Dropped : 0/23
AGG (5 ,0) PORT 7: Recv/Dropped : 0/58
AGG (5 ,1) PORT 0: Recv/Dropped : 0/21
AGG (5 ,1) PORT 1: Recv/Dropped : 0/22
AGG (5 ,1) PORT 2: Recv/Dropped : 0/23
AGG (5 ,1) PORT 3: Recv/Dropped : 0/15
AGG (5 ,1) PORT 4: Recv/Dropped : 0/28
AGG (5 ,1) PORT 5: Recv/Dropped : 0/53
AGG (5 ,1) PORT 6: Recv/Dropped : 0/45
AGG (5 ,1) PORT 7: Recv/Dropped : 0/24
AGG (5 ,2) PORT 0: Recv/Dropped : 0/72
AGG (5 ,2) PORT 1: Recv/Dropped : 0/67
AGG (5 ,2) PORT 2: Recv/Dropped : 0/44
AGG (5 ,2) PORT 3: Recv/Dropped : 0/65
AGG (5 ,2) PORT 4: Recv/Dropped : 0/39
AGG (5 ,2) PORT 5: Recv/Dropped : 0/57
AGG (5 ,2) PORT 6: Recv/Dropped : 0/34
AGG (5 ,2) PORT 7: Recv/Dropped : 0/35
AGG (5 ,3) PORT 0: Recv/Dropped : 0/4
AGG (5 ,3) PORT 1: Recv/Dropped : 0/4
AGG (5 ,3) PORT 2: Recv/Dropped : 0/2
AGG (5 ,3) PORT 3: Recv/Dropped : 0/2
AGG (5 ,3) PORT 4: Recv/Dropped : 0/62
AGG (5 ,3) PORT 5: Recv/Dropped : 0/54
AGG (5 ,3) PORT 6: Recv/Dropped : 0/26
AGG (5 ,3) PORT 7: Recv/Dropped : 0/30
AGG (6 ,0) PORT 0: Recv/Dropped : 0/43
AGG (6 ,0) PORT 1: Recv/Dropped : 0/43
AGG (6 ,0) PORT 2: Recv/Dropped : 0/40
AGG (6 ,0) PORT 3: Recv/Dropped : 0/32
AGG (6 ,0) PORT 4: Recv/Dropped : 0/17
AGG (6 ,0) PORT 5: Recv/Dropped : 0/24
AGG (6 ,0) PORT 6: Recv/Dropped : 0/21
AGG (6 ,0) PORT 7: Recv/Dropped : 0/39
AGG (6 ,1) PORT 0: Recv/Dropped : 0/24
AGG (6 ,1) PORT 1: Recv/Dropped : 0/18
AGG (6 ,1) PORT 2: Recv/Dropped : 0/13
AGG (6 ,1) PORT 3: Recv/Dropped : 0/27
AGG (6 ,1) PORT 4: Recv/Dropped : 0/12
AGG (6 ,1) PORT 5: Recv/Dropped : 0/20
AGG (6 ,1) PORT 6: Recv/Dropped : 0/44
AGG (6 ,1) PORT 7: Recv/Dropped : 0/29
AGG (6 ,2) PORT 0: Recv/Dropped : 0/3
AGG (6 ,2) PORT 1: Recv/Dropped : 0/0
AGG (6 ,2) PORT 2: Recv/Dropped : 0/1
AGG (6 ,2) PORT 3: Recv/Dropped : 0/0
AGG (6 ,2) PORT 4: Recv/Dropped : 0/22
AGG (6 ,2) PORT 5: Recv/Dropped : 0/43
AGG (6 ,2) PORT 6: Recv/Dropped : 0/30
AGG (6 ,2) PORT 7: Recv/Dropped : 0/35
AGG (6 ,3) PORT 0: Recv/Dropped : 0/21
AGG (6 ,3) PORT 1: Recv/Dropped : 0/27
AGG (6 ,3) PORT 2: Recv/Dropped : 0/11
AGG (6 ,3) PORT 3: Recv/Dropped : 0/24
AGG (6 ,3) PORT 4: Recv/Dropped : 0/28
AGG (6 ,3) PORT 5: Recv/Dropped : 0/45
AGG (6 ,3) PORT 6: Recv/Dropped : 0/26
AGG (6 ,3) PORT 7: Recv/Dropped : 0/28
AGG (7 ,0) PORT 0: Recv/Dropped : 0/19
AGG (7 ,0) PORT 1: Recv/Dropped : 0/23
AGG (7 ,0) PORT 2: Recv/Dropped : 0/19
AGG (7 ,0) PORT 3: Recv/Dropped : 0/13
AGG (7 ,0) PORT 4: Recv/Dropped : 0/11
AGG (7 ,0) PORT 5: Recv/Dropped : 0/13
AGG (7 ,0) PORT 6: Recv/Dropped : 0/15
AGG (7 ,0) PORT 7: Recv/Dropped : 0/3
AGG (7 ,1) PORT 0: Recv/Dropped : 0/0
AGG (7 ,1) PORT 1: Recv/Dropped : 0/0
AGG (7 ,1) PORT 2: Recv/Dropped : 0/0
AGG (7 ,1) PORT 3: Recv/Dropped : 0/0
AGG (7 ,1) PORT 4: Recv/Dropped : 0/11
AGG (7 ,1) PORT 5: Recv/Dropped : 0/6
AGG (7 ,1) PORT 6: Recv/Dropped : 0/5
AGG (7 ,1) PORT 7: Recv/Dropped : 0/16
AGG (7 ,2) PORT 0: Recv/Dropped : 0/1
AGG (7 ,2) PORT 1: Recv/Dropped : 0/2
AGG (7 ,2) PORT 2: Recv/Dropped : 0/1
AGG (7 ,2) PORT 3: Recv/Dropped : 0/2
AGG (7 ,2) PORT 4: Recv/Dropped : 0/13
AGG (7 ,2) PORT 5: Recv/Dropped : 0/20
AGG (7 ,2) PORT 6: Recv/Dropped : 0/9
AGG (7 ,2) PORT 7: Recv/Dropped : 0/4
AGG (7 ,3) PORT 0: Recv/Dropped : 0/1
AGG (7 ,3) PORT 1: Recv/Dropped : 0/0
AGG (7 ,3) PORT 2: Recv/Dropped : 0/1
AGG (7 ,3) PORT 3: Recv/Dropped : 0/6
AGG (7 ,3) PORT 4: Recv/Dropped : 0/9
AGG (7 ,3) PORT 5: Recv/Dropped : 0/3
AGG (7 ,3) PORT 6: Recv/Dropped : 0/9
AGG (7 ,3) PORT 7: Recv/Dropped : 0/4


TOTAL RECEIVED PACKETS = 32011
TOTAL DROPPED PACKETS = 475