QUEUE STATISTICS FOR EXPERIMENT 8441
---------------------------
 -- EDGE QUEUE STATISTICS --
EDGE (0 ,0) PORT 0: Recv/Dropped : 421/4498
EDGE (0 ,0) PORT 1: Recv/Dropped : 0/73
EDGE (0 ,0) PORT 2: Recv/Dropped : 0/69
EDGE (0 ,0) PORT 3: Recv/Dropped : 0/79
EDGE (0 ,0) PORT 4: Recv/Dropped : 0/804
EDGE (0 ,0) PORT 5: Recv/Dropped : 0/883
EDGE (0 ,0) PORT 6: Recv/Dropped : 0/769
EDGE (0 ,0) PORT 7: Recv/Dropped : 0/719
EDGE (0 ,1) PORT 0: Recv/Dropped : 0/77
EDGE (0 ,1) PORT 1: Recv/Dropped : 0/74
EDGE (0 ,1) PORT 2: Recv/Dropped : 0/74
EDGE (0 ,1) PORT 3: Recv/Dropped : 0/78
EDGE (0 ,1) PORT 4: Recv/Dropped : 0/105
EDGE (0 ,1) PORT 5: Recv/Dropped : 0/103
EDGE (0 ,1) PORT 6: Recv/Dropped : 0/95
EDGE (0 ,1) PORT 7: Recv/Dropped : 0/101
EDGE (0 ,2) PORT 0: Recv/Dropped : 0/77
EDGE (0 ,2) PORT 1: Recv/Dropped : 0/77
EDGE (0 ,2) PORT 2: Recv/Dropped : 0/74
EDGE (0 ,2) PORT 3: Recv/Dropped : 0/76
EDGE (0 ,2) PORT 4: Recv/Dropped : 0/91
EDGE (0 ,2) PORT 5: Recv/Dropped : 0/119
EDGE (0 ,2) PORT 6: Recv/Dropped : 0/106
EDGE (0 ,2) PORT 7: Recv/Dropped : 0/86
EDGE (0 ,3) PORT 0: Recv/Dropped : 0/72
EDGE (0 ,3) PORT 1: Recv/Dropped : 0/76
EDGE (0 ,3) PORT 2: Recv/Dropped : 0/77
EDGE (0 ,3) PORT 3: Recv/Dropped : 0/3
EDGE (0 ,3) PORT 4: Recv/Dropped : 0/82
EDGE (0 ,3) PORT 5: Recv/Dropped : 0/78
EDGE (0 ,3) PORT 6: Recv/Dropped : 0/79
EDGE (0 ,3) PORT 7: Recv/Dropped : 0/69
EDGE (1 ,0) PORT 0: Recv/Dropped : 0/75
EDGE (1 ,0) PORT 1: Recv/Dropped : 0/73
EDGE (1 ,0) PORT 2: Recv/Dropped : 0/75
EDGE (1 ,0) PORT 3: Recv/Dropped : 0/79
EDGE (1 ,0) PORT 4: Recv/Dropped : 0/82
EDGE (1 ,0) PORT 5: Recv/Dropped : 0/118
EDGE (1 ,0) PORT 6: Recv/Dropped : 0/82
EDGE (1 ,0) PORT 7: Recv/Dropped : 0/120
EDGE (1 ,1) PORT 0: Recv/Dropped : 0/64
EDGE (1 ,1) PORT 1: Recv/Dropped : 0/71
EDGE (1 ,1) PORT 2: Recv/Dropped : 0/2
EDGE (1 ,1) PORT 3: Recv/Dropped : 0/2
EDGE (1 ,1) PORT 4: Recv/Dropped : 0/40
EDGE (1 ,1) PORT 5: Recv/Dropped : 0/65
EDGE (1 ,1) PORT 6: Recv/Dropped : 0/61
EDGE (1 ,1) PORT 7: Recv/Dropped : 0/48
EDGE (1 ,2) PORT 0: Recv/Dropped : 0/74
EDGE (1 ,2) PORT 1: Recv/Dropped : 0/62
EDGE (1 ,2) PORT 2: Recv/Dropped : 0/3
EDGE (1 ,2) PORT 3: Recv/Dropped : 0/2
EDGE (1 ,2) PORT 4: Recv/Dropped : 0/41
EDGE (1 ,2) PORT 5: Recv/Dropped : 0/43
EDGE (1 ,2) PORT 6: Recv/Dropped : 0/87
EDGE (1 ,2) PORT 7: Recv/Dropped : 0/36
EDGE (1 ,3) PORT 0: Recv/Dropped : 0/2
EDGE (1 ,3) PORT 1: Recv/Dropped : 0/2
EDGE (1 ,3) PORT 2: Recv/Dropped : 0/2
EDGE (1 ,3) PORT 3: Recv/Dropped : 0/0
EDGE (1 ,3) PORT 4: Recv/Dropped : 0/9
EDGE (1 ,3) PORT 5: Recv/Dropped : 0/5
EDGE (1 ,3) PORT 6: Recv/Dropped : 0/1
EDGE (1 ,3) PORT 7: Recv/Dropped : 0/5
EDGE (2 ,0) PORT 0: Recv/Dropped : 0/65
EDGE (2 ,0) PORT 1: Recv/Dropped : 0/2
EDGE (2 ,0) PORT 2: Recv/Dropped : 0/3
EDGE (2 ,0) PORT 3: Recv/Dropped : 0/2
EDGE (2 ,0) PORT 4: Recv/Dropped : 0/18
EDGE (2 ,0) PORT 5: Recv/Dropped : 0/52
EDGE (2 ,0) PORT 6: Recv/Dropped : 0/28
EDGE (2 ,0) PORT 7: Recv/Dropped : 0/19
EDGE (2 ,1) PORT 0: Recv/Dropped : 0/78
EDGE (2 ,1) PORT 1: Recv/Dropped : 0/2
EDGE (2 ,1) PORT 2: Recv/Dropped : 0/0
EDGE (2 ,1) PORT 3: Recv/Dropped : 0/0
EDGE (2 ,1) PORT 4: Recv/Dropped : 0/18
EDGE (2 ,1) PORT 5: Recv/Dropped : 0/29
EDGE (2 ,1) PORT 6: Recv/Dropped : 0/28
EDGE (2 ,1) PORT 7: Recv/Dropped : 0/35
EDGE (2 ,2) PORT 0: Recv/Dropped : 0/2
EDGE (2 ,2) PORT 1: Recv/Dropped : 0/77
EDGE (2 ,2) PORT 2: Recv/Dropped : 0/75
EDGE (2 ,2) PORT 3: Recv/Dropped : 0/74
EDGE (2 ,2) PORT 4: Recv/Dropped : 0/70
EDGE (2 ,2) PORT 5: Recv/Dropped : 0/72
EDGE (2 ,2) PORT 6: Recv/Dropped : 0/83
EDGE (2 ,2) PORT 7: Recv/Dropped : 0/86
EDGE (2 ,3) PORT 0: Recv/Dropped : 0/2
EDGE (2 ,3) PORT 1: Recv/Dropped : 0/2
EDGE (2 ,3) PORT 2: Recv/Dropped : 0/74
EDGE (2 ,3) PORT 3: Recv/Dropped : 0/2
EDGE (2 ,3) PORT 4: Recv/Dropped : 0/38
EDGE (2 ,3) PORT 5: Recv/Dropped : 0/27
EDGE (2 ,3) PORT 6: Recv/Dropped : 0/24
EDGE (2 ,3) PORT 7: Recv/Dropped : 0/30
EDGE (3 ,0) PORT 0: Recv/Dropped : 0/2
EDGE (3 ,0) PORT 1: Recv/Dropped : 0/72
EDGE (3 ,0) PORT 2: Recv/Dropped : 0/75
EDGE (3 ,0) PORT 3: Recv/Dropped : 0/2
EDGE (3 ,0) PORT 4: Recv/Dropped : 0/41
EDGE (3 ,0) PORT 5: Recv/Dropped : 0/64
EDGE (3 ,0) PORT 6: Recv/Dropped : 0/54
EDGE (3 ,0) PORT 7: Recv/Dropped : 0/53
EDGE (3 ,1) PORT 0: Recv/Dropped : 0/2
EDGE (3 ,1) PORT 1: Recv/Dropped : 0/2
EDGE (3 ,1) PORT 2: Recv/Dropped : 0/74
EDGE (3 ,1) PORT 3: Recv/Dropped : 0/0
EDGE (3 ,1) PORT 4: Recv/Dropped : 0/27
EDGE (3 ,1) PORT 5: Recv/Dropped : 0/29
EDGE (3 ,1) PORT 6: Recv/Dropped : 0/31
EDGE (3 ,1) PORT 7: Recv/Dropped : 0/29
EDGE (3 ,2) PORT 0: Recv/Dropped : 0/2
EDGE (3 ,2) PORT 1: Recv/Dropped : 0/68
EDGE (3 ,2) PORT 2: Recv/Dropped : 0/0
EDGE (3 ,2) PORT 3: Recv/Dropped : 0/2
EDGE (3 ,2) PORT 4: Recv/Dropped : 0/32
EDGE (3 ,2) PORT 5: Recv/Dropped : 0/40
EDGE (3 ,2) PORT 6: Recv/Dropped : 0/24
EDGE (3 ,2) PORT 7: Recv/Dropped : 0/21
EDGE (3 ,3) PORT 0: Recv/Dropped : 0/72
EDGE (3 ,3) PORT 1: Recv/Dropped : 0/74
EDGE (3 ,3) PORT 2: Recv/Dropped : 0/0
EDGE (3 ,3) PORT 3: Recv/Dropped : 0/0
EDGE (3 ,3) PORT 4: Recv/Dropped : 0/46
EDGE (3 ,3) PORT 5: Recv/Dropped : 0/57
EDGE (3 ,3) PORT 6: Recv/Dropped : 0/61
EDGE (3 ,3) PORT 7: Recv/Dropped : 0/42
EDGE (4 ,0) PORT 0: Recv/Dropped : 0/2
EDGE (4 ,0) PORT 1: Recv/Dropped : 0/73
EDGE (4 ,0) PORT 2: Recv/Dropped : 0/72
EDGE (4 ,0) PORT 3: Recv/Dropped : 0/0
EDGE (4 ,0) PORT 4: Recv/Dropped : 0/58
EDGE (4 ,0) PORT 5: Recv/Dropped : 0/50
EDGE (4 ,0) PORT 6: Recv/Dropped : 0/59
EDGE (4 ,0) PORT 7: Recv/Dropped : 0/46
EDGE (4 ,1) PORT 0: Recv/Dropped : 0/2
EDGE (4 ,1) PORT 1: Recv/Dropped : 0/2
EDGE (4 ,1) PORT 2: Recv/Dropped : 0/69
EDGE (4 ,1) PORT 3: Recv/Dropped : 0/73
EDGE (4 ,1) PORT 4: Recv/Dropped : 0/64
EDGE (4 ,1) PORT 5: Recv/Dropped : 0/50
EDGE (4 ,1) PORT 6: Recv/Dropped : 0/52
EDGE (4 ,1) PORT 7: Recv/Dropped : 0/45
EDGE (4 ,2) PORT 0: Recv/Dropped : 0/2
EDGE (4 ,2) PORT 1: Recv/Dropped : 0/0
EDGE (4 ,2) PORT 2: Recv/Dropped : 0/2
EDGE (4 ,2) PORT 3: Recv/Dropped : 0/2
EDGE (4 ,2) PORT 4: Recv/Dropped : 0/3
EDGE (4 ,2) PORT 5: Recv/Dropped : 0/6
EDGE (4 ,2) PORT 6: Recv/Dropped : 0/2
EDGE (4 ,2) PORT 7: Recv/Dropped : 0/10
EDGE (4 ,3) PORT 0: Recv/Dropped : 0/2
EDGE (4 ,3) PORT 1: Recv/Dropped : 0/2
EDGE (4 ,3) PORT 2: Recv/Dropped : 0/75
EDGE (4 ,3) PORT 3: Recv/Dropped : 0/2
EDGE (4 ,3) PORT 4: Recv/Dropped : 0/45
EDGE (4 ,3) PORT 5: Recv/Dropped : 0/23
EDGE (4 ,3) PORT 6: Recv/Dropped : 0/28
EDGE (4 ,3) PORT 7: Recv/Dropped : 0/23
EDGE (5 ,0) PORT 0: Recv/Dropped : 0/2
EDGE (5 ,0) PORT 1: Recv/Dropped : 0/2
EDGE (5 ,0) PORT 2: Recv/Dropped : 0/0
EDGE (5 ,0) PORT 3: Recv/Dropped : 0/0
EDGE (5 ,0) PORT 4: Recv/Dropped : 0/7
EDGE (5 ,0) PORT 5: Recv/Dropped : 0/3
EDGE (5 ,0) PORT 6: Recv/Dropped : 0/2
EDGE (5 ,0) PORT 7: Recv/Dropped : 0/5
EDGE (5 ,1) PORT 0: Recv/Dropped : 0/0
EDGE (5 ,1) PORT 1: Recv/Dropped : 0/2
EDGE (5 ,1) PORT 2: Recv/Dropped : 0/0
EDGE (5 ,1) PORT 3: Recv/Dropped : 0/2
EDGE (5 ,1) PORT 4: Recv/Dropped : 0/11
EDGE (5 ,1) PORT 5: Recv/Dropped : 0/3
EDGE (5 ,1) PORT 6: Recv/Dropped : 0/2
EDGE (5 ,1) PORT 7: Recv/Dropped : 0/0
EDGE (5 ,2) PORT 0: Recv/Dropped : 0/2
EDGE (5 ,2) PORT 1: Recv/Dropped : 0/2
EDGE (5 ,2) PORT 2: Recv/Dropped : 0/0
EDGE (5 ,2) PORT 3: Recv/Dropped : 0/74
EDGE (5 ,2) PORT 4: Recv/Dropped : 0/37
EDGE (5 ,2) PORT 5: Recv/Dropped : 0/34
EDGE (5 ,2) PORT 6: Recv/Dropped : 0/16
EDGE (5 ,2) PORT 7: Recv/Dropped : 0/29
EDGE (5 ,3) PORT 0: Recv/Dropped : 0/2
EDGE (5 ,3) PORT 1: Recv/Dropped : 0/0
EDGE (5 ,3) PORT 2: Recv/Dropped : 0/2
EDGE (5 ,3) PORT 3: Recv/Dropped : 0/0
EDGE (5 ,3) PORT 4: Recv/Dropped : 0/6
EDGE (5 ,3) PORT 5: Recv/Dropped : 0/7
EDGE (5 ,3) PORT 6: Recv/Dropped : 0/3
EDGE (5 ,3) PORT 7: Recv/Dropped : 0/0
EDGE (6 ,0) PORT 0: Recv/Dropped : 0/0
EDGE (6 ,0) PORT 1: Recv/Dropped : 0/2
EDGE (6 ,0) PORT 2: Recv/Dropped : 0/2
EDGE (6 ,0) PORT 3: Recv/Dropped : 0/2
EDGE (6 ,0) PORT 4: Recv/Dropped : 0/6
EDGE (6 ,0) PORT 5: Recv/Dropped : 0/2
EDGE (6 ,0) PORT 6: Recv/Dropped : 0/0
EDGE (6 ,0) PORT 7: Recv/Dropped : 0/12
EDGE (6 ,1) PORT 0: Recv/Dropped : 0/2
EDGE (6 ,1) PORT 1: Recv/Dropped : 0/0
EDGE (6 ,1) PORT 2: Recv/Dropped : 0/2
EDGE (6 ,1) PORT 3: Recv/Dropped : 0/72
EDGE (6 ,1) PORT 4: Recv/Dropped : 0/35
EDGE (6 ,1) PORT 5: Recv/Dropped : 0/31
EDGE (6 ,1) PORT 6: Recv/Dropped : 0/24
EDGE (6 ,1) PORT 7: Recv/Dropped : 0/26
EDGE (6 ,2) PORT 0: Recv/Dropped : 0/74
EDGE (6 ,2) PORT 1: Recv/Dropped : 0/0
EDGE (6 ,2) PORT 2: Recv/Dropped : 0/0
EDGE (6 ,2) PORT 3: Recv/Dropped : 0/0
EDGE (6 ,2) PORT 4: Recv/Dropped : 0/35
EDGE (6 ,2) PORT 5: Recv/Dropped : 0/11
EDGE (6 ,2) PORT 6: Recv/Dropped : 0/41
EDGE (6 ,2) PORT 7: Recv/Dropped : 0/22
EDGE (6 ,3) PORT 0: Recv/Dropped : 0/68
EDGE (6 ,3) PORT 1: Recv/Dropped : 0/2
EDGE (6 ,3) PORT 2: Recv/Dropped : 0/0
EDGE (6 ,3) PORT 3: Recv/Dropped : 0/0
EDGE (6 ,3) PORT 4: Recv/Dropped : 0/25
EDGE (6 ,3) PORT 5: Recv/Dropped : 0/17
EDGE (6 ,3) PORT 6: Recv/Dropped : 0/36
EDGE (6 ,3) PORT 7: Recv/Dropped : 0/36
EDGE (7 ,0) PORT 0: Recv/Dropped : 0/69
EDGE (7 ,0) PORT 1: Recv/Dropped : 0/2
EDGE (7 ,0) PORT 2: Recv/Dropped : 0/0
EDGE (7 ,0) PORT 3: Recv/Dropped : 0/2
EDGE (7 ,0) PORT 4: Recv/Dropped : 0/32
EDGE (7 ,0) PORT 5: Recv/Dropped : 0/36
EDGE (7 ,0) PORT 6: Recv/Dropped : 0/32
EDGE (7 ,0) PORT 7: Recv/Dropped : 0/16
EDGE (7 ,1) PORT 0: Recv/Dropped : 0/2
EDGE (7 ,1) PORT 1: Recv/Dropped : 0/2
EDGE (7 ,1) PORT 2: Recv/Dropped : 0/2
EDGE (7 ,1) PORT 3: Recv/Dropped : 0/66
EDGE (7 ,1) PORT 4: Recv/Dropped : 0/28
EDGE (7 ,1) PORT 5: Recv/Dropped : 0/18
EDGE (7 ,1) PORT 6: Recv/Dropped : 0/51
EDGE (7 ,1) PORT 7: Recv/Dropped : 0/24
EDGE (7 ,2) PORT 0: Recv/Dropped : 0/2
EDGE (7 ,2) PORT 1: Recv/Dropped : 0/0
EDGE (7 ,2) PORT 2: Recv/Dropped : 0/0
EDGE (7 ,2) PORT 3: Recv/Dropped : 0/0
EDGE (7 ,2) PORT 4: Recv/Dropped : 0/6
EDGE (7 ,2) PORT 5: Recv/Dropped : 0/4
EDGE (7 ,2) PORT 6: Recv/Dropped : 0/1
EDGE (7 ,2) PORT 7: Recv/Dropped : 0/3
EDGE (7 ,3) PORT 0: Recv/Dropped : 0/0
EDGE (7 ,3) PORT 1: Recv/Dropped : 0/2
EDGE (7 ,3) PORT 2: Recv/Dropped : 0/0
EDGE (7 ,3) PORT 3: Recv/Dropped : 0/0
EDGE (7 ,3) PORT 4: Recv/Dropped : 0/5
EDGE (7 ,3) PORT 5: Recv/Dropped : 0/1
EDGE (7 ,3) PORT 6: Recv/Dropped : 0/4
EDGE (7 ,3) PORT 7: Recv/Dropped : 0/5
 -- AGG QUEUE STATISTICS --
AGG (0 ,0) PORT 0: Recv/Dropped : 0/1143
AGG (0 ,0) PORT 1: Recv/Dropped : 1/1196
AGG (0 ,0) PORT 2: Recv/Dropped : 0/1197
AGG (0 ,0) PORT 3: Recv/Dropped : 3/1079
AGG (0 ,0) PORT 4: Recv/Dropped : 0/160
AGG (0 ,0) PORT 5: Recv/Dropped : 0/131
AGG (0 ,0) PORT 6: Recv/Dropped : 0/127
AGG (0 ,0) PORT 7: Recv/Dropped : 0/147
AGG (0 ,1) PORT 0: Recv/Dropped : 0/100
AGG (0 ,1) PORT 1: Recv/Dropped : 0/77
AGG (0 ,1) PORT 2: Recv/Dropped : 0/64
AGG (0 ,1) PORT 3: Recv/Dropped : 0/62
AGG (0 ,1) PORT 4: Recv/Dropped : 0/168
AGG (0 ,1) PORT 5: Recv/Dropped : 0/161
AGG (0 ,1) PORT 6: Recv/Dropped : 0/154
AGG (0 ,1) PORT 7: Recv/Dropped : 0/186
AGG (0 ,2) PORT 0: Recv/Dropped : 0/88
AGG (0 ,2) PORT 1: Recv/Dropped : 0/76
AGG (0 ,2) PORT 2: Recv/Dropped : 0/65
AGG (0 ,2) PORT 3: Recv/Dropped : 0/75
AGG (0 ,2) PORT 4: Recv/Dropped : 0/151
AGG (0 ,2) PORT 5: Recv/Dropped : 0/145
AGG (0 ,2) PORT 6: Recv/Dropped : 0/126
AGG (0 ,2) PORT 7: Recv/Dropped : 0/159
AGG (0 ,3) PORT 0: Recv/Dropped : 0/51
AGG (0 ,3) PORT 1: Recv/Dropped : 0/61
AGG (0 ,3) PORT 2: Recv/Dropped : 0/59
AGG (0 ,3) PORT 3: Recv/Dropped : 0/57
AGG (0 ,3) PORT 4: Recv/Dropped : 0/112
AGG (0 ,3) PORT 5: Recv/Dropped : 0/143
AGG (0 ,3) PORT 6: Recv/Dropped : 0/107
AGG (0 ,3) PORT 7: Recv/Dropped : 0/163
AGG (1 ,0) PORT 0: Recv/Dropped : 0/67
AGG (1 ,0) PORT 1: Recv/Dropped : 0/75
AGG (1 ,0) PORT 2: Recv/Dropped : 0/67
AGG (1 ,0) PORT 3: Recv/Dropped : 0/93
AGG (1 ,0) PORT 4: Recv/Dropped : 0/30
AGG (1 ,0) PORT 5: Recv/Dropped : 0/41
AGG (1 ,0) PORT 6: Recv/Dropped : 0/47
AGG (1 ,0) PORT 7: Recv/Dropped : 0/54
AGG (1 ,1) PORT 0: Recv/Dropped : 0/29
AGG (1 ,1) PORT 1: Recv/Dropped : 0/42
AGG (1 ,1) PORT 2: Recv/Dropped : 0/37
AGG (1 ,1) PORT 3: Recv/Dropped : 0/31
AGG (1 ,1) PORT 4: Recv/Dropped : 0/68
AGG (1 ,1) PORT 5: Recv/Dropped : 0/51
AGG (1 ,1) PORT 6: Recv/Dropped : 0/56
AGG (1 ,1) PORT 7: Recv/Dropped : 0/56
AGG (1 ,2) PORT 0: Recv/Dropped : 0/33
AGG (1 ,2) PORT 1: Recv/Dropped : 0/61
AGG (1 ,2) PORT 2: Recv/Dropped : 0/29
AGG (1 ,2) PORT 3: Recv/Dropped : 0/18
AGG (1 ,2) PORT 4: Recv/Dropped : 0/29
AGG (1 ,2) PORT 5: Recv/Dropped : 0/58
AGG (1 ,2) PORT 6: Recv/Dropped : 0/43
AGG (1 ,2) PORT 7: Recv/Dropped : 0/101
AGG (1 ,3) PORT 0: Recv/Dropped : 0/0
AGG (1 ,3) PORT 1: Recv/Dropped : 0/1
AGG (1 ,3) PORT 2: Recv/Dropped : 0/0
AGG (1 ,3) PORT 3: Recv/Dropped : 0/5
AGG (1 ,3) PORT 4: Recv/Dropped : 0/45
AGG (1 ,3) PORT 5: Recv/Dropped : 0/66
AGG (1 ,3) PORT 6: Recv/Dropped : 0/53
AGG (1 ,3) PORT 7: Recv/Dropped : 0/45
AGG (2 ,0) PORT 0: Recv/Dropped : 0/9
AGG (2 ,0) PORT 1: Recv/Dropped : 0/32
AGG (2 ,0) PORT 2: Recv/Dropped : 0/16
AGG (2 ,0) PORT 3: Recv/Dropped : 0/15
AGG (2 ,0) PORT 4: Recv/Dropped : 0/37
AGG (2 ,0) PORT 5: Recv/Dropped : 0/25
AGG (2 ,0) PORT 6: Recv/Dropped : 0/39
AGG (2 ,0) PORT 7: Recv/Dropped : 0/43
AGG (2 ,1) PORT 0: Recv/Dropped : 0/24
AGG (2 ,1) PORT 1: Recv/Dropped : 0/20
AGG (2 ,1) PORT 2: Recv/Dropped : 0/20
AGG (2 ,1) PORT 3: Recv/Dropped : 0/16
AGG (2 ,1) PORT 4: Recv/Dropped : 0/52
AGG (2 ,1) PORT 5: Recv/Dropped : 0/44
AGG (2 ,1) PORT 6: Recv/Dropped : 0/35
AGG (2 ,1) PORT 7: Recv/Dropped : 0/49
AGG (2 ,2) PORT 0: Recv/Dropped : 0/55
AGG (2 ,2) PORT 1: Recv/Dropped : 0/59
AGG (2 ,2) PORT 2: Recv/Dropped : 0/65
AGG (2 ,2) PORT 3: Recv/Dropped : 0/49
AGG (2 ,2) PORT 4: Recv/Dropped : 0/40
AGG (2 ,2) PORT 5: Recv/Dropped : 0/36
AGG (2 ,2) PORT 6: Recv/Dropped : 0/43
AGG (2 ,2) PORT 7: Recv/Dropped : 0/44
AGG (2 ,3) PORT 0: Recv/Dropped : 0/29
AGG (2 ,3) PORT 1: Recv/Dropped : 0/16
AGG (2 ,3) PORT 2: Recv/Dropped : 0/24
AGG (2 ,3) PORT 3: Recv/Dropped : 0/11
AGG (2 ,3) PORT 4: Recv/Dropped : 0/44
AGG (2 ,3) PORT 5: Recv/Dropped : 0/39
AGG (2 ,3) PORT 6: Recv/Dropped : 0/48
AGG (2 ,3) PORT 7: Recv/Dropped : 0/39
AGG (3 ,0) PORT 0: Recv/Dropped : 0/42
AGG (3 ,0) PORT 1: Recv/Dropped : 0/49
AGG (3 ,0) PORT 2: Recv/Dropped : 0/38
AGG (3 ,0) PORT 3: Recv/Dropped : 0/22
AGG (3 ,0) PORT 4: Recv/Dropped : 0/41
AGG (3 ,0) PORT 5: Recv/Dropped : 0/25
AGG (3 ,0) PORT 6: Recv/Dropped : 0/38
AGG (3 ,0) PORT 7: Recv/Dropped : 0/42
AGG (3 ,1) PORT 0: Recv/Dropped : 0/19
AGG (3 ,1) PORT 1: Recv/Dropped : 0/23
AGG (3 ,1) PORT 2: Recv/Dropped : 0/21
AGG (3 ,1) PORT 3: Recv/Dropped : 0/15
AGG (3 ,1) PORT 4: Recv/Dropped : 0/59
AGG (3 ,1) PORT 5: Recv/Dropped : 0/41
AGG (3 ,1) PORT 6: Recv/Dropped : 0/48
AGG (3 ,1) PORT 7: Recv/Dropped : 0/42
AGG (3 ,2) PORT 0: Recv/Dropped : 0/24
AGG (3 ,2) PORT 1: Recv/Dropped : 0/19
AGG (3 ,2) PORT 2: Recv/Dropped : 0/21
AGG (3 ,2) PORT 3: Recv/Dropped : 0/8
AGG (3 ,2) PORT 4: Recv/Dropped : 0/50
AGG (3 ,2) PORT 5: Recv/Dropped : 0/41
AGG (3 ,2) PORT 6: Recv/Dropped : 0/34
AGG (3 ,2) PORT 7: Recv/Dropped : 0/45
AGG (3 ,3) PORT 0: Recv/Dropped : 0/30
AGG (3 ,3) PORT 1: Recv/Dropped : 0/36
AGG (3 ,3) PORT 2: Recv/Dropped : 0/31
AGG (3 ,3) PORT 3: Recv/Dropped : 0/49
AGG (3 ,3) PORT 4: Recv/Dropped : 0/23
AGG (3 ,3) PORT 5: Recv/Dropped : 0/49
AGG (3 ,3) PORT 6: Recv/Dropped : 0/45
AGG (3 ,3) PORT 7: Recv/Dropped : 0/28
AGG (4 ,0) PORT 0: Recv/Dropped : 0/23
AGG (4 ,0) PORT 1: Recv/Dropped : 0/36
AGG (4 ,0) PORT 2: Recv/Dropped : 0/50
AGG (4 ,0) PORT 3: Recv/Dropped : 0/38
AGG (4 ,0) PORT 4: Recv/Dropped : 0/47
AGG (4 ,0) PORT 5: Recv/Dropped : 0/36
AGG (4 ,0) PORT 6: Recv/Dropped : 0/49
AGG (4 ,0) PORT 7: Recv/Dropped : 0/38
AGG (4 ,1) PORT 0: Recv/Dropped : 0/44
AGG (4 ,1) PORT 1: Recv/Dropped : 0/32
AGG (4 ,1) PORT 2: Recv/Dropped : 0/34
AGG (4 ,1) PORT 3: Recv/Dropped : 0/36
AGG (4 ,1) PORT 4: Recv/Dropped : 0/39
AGG (4 ,1) PORT 5: Recv/Dropped : 0/35
AGG (4 ,1) PORT 6: Recv/Dropped : 0/24
AGG (4 ,1) PORT 7: Recv/Dropped : 0/31
AGG (4 ,2) PORT 0: Recv/Dropped : 0/1
AGG (4 ,2) PORT 1: Recv/Dropped : 0/2
AGG (4 ,2) PORT 2: Recv/Dropped : 0/2
AGG (4 ,2) PORT 3: Recv/Dropped : 0/1
AGG (4 ,2) PORT 4: Recv/Dropped : 0/22
AGG (4 ,2) PORT 5: Recv/Dropped : 0/39
AGG (4 ,2) PORT 6: Recv/Dropped : 0/42
AGG (4 ,2) PORT 7: Recv/Dropped : 0/38
AGG (4 ,3) PORT 0: Recv/Dropped : 0/18
AGG (4 ,3) PORT 1: Recv/Dropped : 0/13
AGG (4 ,3) PORT 2: Recv/Dropped : 0/31
AGG (4 ,3) PORT 3: Recv/Dropped : 0/19
AGG (4 ,3) PORT 4: Recv/Dropped : 0/34
AGG (4 ,3) PORT 5: Recv/Dropped : 0/39
AGG (4 ,3) PORT 6: Recv/Dropped : 0/17
AGG (4 ,3) PORT 7: Recv/Dropped : 0/34
AGG (5 ,0) PORT 0: Recv/Dropped : 0/0
AGG (5 ,0) PORT 1: Recv/Dropped : 0/3
AGG (5 ,0) PORT 2: Recv/Dropped : 0/1
AGG (5 ,0) PORT 3: Recv/Dropped : 0/0
AGG (5 ,0) PORT 4: Recv/Dropped : 0/11
AGG (5 ,0) PORT 5: Recv/Dropped : 0/22
AGG (5 ,0) PORT 6: Recv/Dropped : 0/17
AGG (5 ,0) PORT 7: Recv/Dropped : 0/11
AGG (5 ,1) PORT 0: Recv/Dropped : 0/1
AGG (5 ,1) PORT 1: Recv/Dropped : 0/2
AGG (5 ,1) PORT 2: Recv/Dropped : 0/1
AGG (5 ,1) PORT 3: Recv/Dropped : 0/0
AGG (5 ,1) PORT 4: Recv/Dropped : 0/10
AGG (5 ,1) PORT 5: Recv/Dropped : 0/10
AGG (5 ,1) PORT 6: Recv/Dropped : 0/17
AGG (5 ,1) PORT 7: Recv/Dropped : 0/10
AGG (5 ,2) PORT 0: Recv/Dropped : 0/21
AGG (5 ,2) PORT 1: Recv/Dropped : 0/29
AGG (5 ,2) PORT 2: Recv/Dropped : 0/10
AGG (5 ,2) PORT 3: Recv/Dropped : 0/18
AGG (5 ,2) PORT 4: Recv/Dropped : 0/10
AGG (5 ,2) PORT 5: Recv/Dropped : 0/6
AGG (5 ,2) PORT 6: Recv/Dropped : 0/3
AGG (5 ,2) PORT 7: Recv/Dropped : 0/4
AGG (5 ,3) PORT 0: Recv/Dropped : 0/1
AGG (5 ,3) PORT 1: Recv/Dropped : 0/1
AGG (5 ,3) PORT 2: Recv/Dropped : 0/0
AGG (5 ,3) PORT 3: Recv/Dropped : 0/2
AGG (5 ,3) PORT 4: Recv/Dropped : 0/9
AGG (5 ,3) PORT 5: Recv/Dropped : 0/9
AGG (5 ,3) PORT 6: Recv/Dropped : 0/8
AGG (5 ,3) PORT 7: Recv/Dropped : 0/8
AGG (6 ,0) PORT 0: Recv/Dropped : 0/2
AGG (6 ,0) PORT 1: Recv/Dropped : 0/1
AGG (6 ,0) PORT 2: Recv/Dropped : 0/0
AGG (6 ,0) PORT 3: Recv/Dropped : 0/3
AGG (6 ,0) PORT 4: Recv/Dropped : 0/15
AGG (6 ,0) PORT 5: Recv/Dropped : 0/21
AGG (6 ,0) PORT 6: Recv/Dropped : 0/25
AGG (6 ,0) PORT 7: Recv/Dropped : 0/40
AGG (6 ,1) PORT 0: Recv/Dropped : 0/11
AGG (6 ,1) PORT 1: Recv/Dropped : 0/30
AGG (6 ,1) PORT 2: Recv/Dropped : 0/18
AGG (6 ,1) PORT 3: Recv/Dropped : 0/17
AGG (6 ,1) PORT 4: Recv/Dropped : 0/6
AGG (6 ,1) PORT 5: Recv/Dropped : 0/11
AGG (6 ,1) PORT 6: Recv/Dropped : 0/20
AGG (6 ,1) PORT 7: Recv/Dropped : 0/24
AGG (6 ,2) PORT 0: Recv/Dropped : 0/20
AGG (6 ,2) PORT 1: Recv/Dropped : 0/17
AGG (6 ,2) PORT 2: Recv/Dropped : 0/22
AGG (6 ,2) PORT 3: Recv/Dropped : 0/15
AGG (6 ,2) PORT 4: Recv/Dropped : 0/13
AGG (6 ,2) PORT 5: Recv/Dropped : 0/31
AGG (6 ,2) PORT 6: Recv/Dropped : 0/29
AGG (6 ,2) PORT 7: Recv/Dropped : 0/28
AGG (6 ,3) PORT 0: Recv/Dropped : 0/22
AGG (6 ,3) PORT 1: Recv/Dropped : 0/25
AGG (6 ,3) PORT 2: Recv/Dropped : 0/7
AGG (6 ,3) PORT 3: Recv/Dropped : 0/16
AGG (6 ,3) PORT 4: Recv/Dropped : 0/28
AGG (6 ,3) PORT 5: Recv/Dropped : 0/33
AGG (6 ,3) PORT 6: Recv/Dropped : 0/15
AGG (6 ,3) PORT 7: Recv/Dropped : 0/20
AGG (7 ,0) PORT 0: Recv/Dropped : 0/15
AGG (7 ,0) PORT 1: Recv/Dropped : 0/29
AGG (7 ,0) PORT 2: Recv/Dropped : 0/12
AGG (7 ,0) PORT 3: Recv/Dropped : 0/17
AGG (7 ,0) PORT 4: Recv/Dropped : 0/19
AGG (7 ,0) PORT 5: Recv/Dropped : 0/22
AGG (7 ,0) PORT 6: Recv/Dropped : 0/22
AGG (7 ,0) PORT 7: Recv/Dropped : 0/8
AGG (7 ,1) PORT 0: Recv/Dropped : 0/25
AGG (7 ,1) PORT 1: Recv/Dropped : 0/15
AGG (7 ,1) PORT 2: Recv/Dropped : 0/23
AGG (7 ,1) PORT 3: Recv/Dropped : 0/9
AGG (7 ,1) PORT 4: Recv/Dropped : 0/16
AGG (7 ,1) PORT 5: Recv/Dropped : 0/10
AGG (7 ,1) PORT 6: Recv/Dropped : 0/9
AGG (7 ,1) PORT 7: Recv/Dropped : 0/24
AGG (7 ,2) PORT 0: Recv/Dropped : 0/0
AGG (7 ,2) PORT 1: Recv/Dropped : 0/0
AGG (7 ,2) PORT 2: Recv/Dropped : 0/0
AGG (7 ,2) PORT 3: Recv/Dropped : 0/2
AGG (7 ,2) PORT 4: Recv/Dropped : 0/21
AGG (7 ,2) PORT 5: Recv/Dropped : 0/46
AGG (7 ,2) PORT 6: Recv/Dropped : 0/13
AGG (7 ,2) PORT 7: Recv/Dropped : 0/8
AGG (7 ,3) PORT 0: Recv/Dropped : 0/0
AGG (7 ,3) PORT 1: Recv/Dropped : 0/1
AGG (7 ,3) PORT 2: Recv/Dropped : 0/1
AGG (7 ,3) PORT 3: Recv/Dropped : 0/0
AGG (7 ,3) PORT 4: Recv/Dropped : 0/14
AGG (7 ,3) PORT 5: Recv/Dropped : 0/4
AGG (7 ,3) PORT 6: Recv/Dropped : 0/14
AGG (7 ,3) PORT 7: Recv/Dropped : 0/16


TOTAL RECEIVED PACKETS = 29323
TOTAL DROPPED PACKETS = 425