QUEUE STATISTICS FOR EXPERIMENT 8654
---------------------------
 -- EDGE QUEUE STATISTICS --
EDGE (0 ,0) PORT 0: Recv/Dropped : 343/6365
EDGE (0 ,0) PORT 1: Recv/Dropped : 0/92
EDGE (0 ,0) PORT 2: Recv/Dropped : 0/78
EDGE (0 ,0) PORT 3: Recv/Dropped : 0/75
EDGE (0 ,0) PORT 4: Recv/Dropped : 0/1125
EDGE (0 ,0) PORT 5: Recv/Dropped : 0/1191
EDGE (0 ,0) PORT 6: Recv/Dropped : 0/1090
EDGE (0 ,0) PORT 7: Recv/Dropped : 0/1069
EDGE (0 ,1) PORT 0: Recv/Dropped : 0/83
EDGE (0 ,1) PORT 1: Recv/Dropped : 0/75
EDGE (0 ,1) PORT 2: Recv/Dropped : 0/71
EDGE (0 ,1) PORT 3: Recv/Dropped : 0/67
EDGE (0 ,1) PORT 4: Recv/Dropped : 0/93
EDGE (0 ,1) PORT 5: Recv/Dropped : 0/93
EDGE (0 ,1) PORT 6: Recv/Dropped : 0/102
EDGE (0 ,1) PORT 7: Recv/Dropped : 0/106
EDGE (0 ,2) PORT 0: Recv/Dropped : 0/69
EDGE (0 ,2) PORT 1: Recv/Dropped : 0/76
EDGE (0 ,2) PORT 2: Recv/Dropped : 0/72
EDGE (0 ,2) PORT 3: Recv/Dropped : 0/69
EDGE (0 ,2) PORT 4: Recv/Dropped : 0/82
EDGE (0 ,2) PORT 5: Recv/Dropped : 0/104
EDGE (0 ,2) PORT 6: Recv/Dropped : 0/103
EDGE (0 ,2) PORT 7: Recv/Dropped : 0/107
EDGE (0 ,3) PORT 0: Recv/Dropped : 0/69
EDGE (0 ,3) PORT 1: Recv/Dropped : 0/2
EDGE (0 ,3) PORT 2: Recv/Dropped : 0/2
EDGE (0 ,3) PORT 3: Recv/Dropped : 0/81
EDGE (0 ,3) PORT 4: Recv/Dropped : 0/57
EDGE (0 ,3) PORT 5: Recv/Dropped : 0/55
EDGE (0 ,3) PORT 6: Recv/Dropped : 0/51
EDGE (0 ,3) PORT 7: Recv/Dropped : 0/44
EDGE (1 ,0) PORT 0: Recv/Dropped : 0/78
EDGE (1 ,0) PORT 1: Recv/Dropped : 0/70
EDGE (1 ,0) PORT 2: Recv/Dropped : 0/67
EDGE (1 ,0) PORT 3: Recv/Dropped : 0/67
EDGE (1 ,0) PORT 4: Recv/Dropped : 0/93
EDGE (1 ,0) PORT 5: Recv/Dropped : 0/112
EDGE (1 ,0) PORT 6: Recv/Dropped : 0/94
EDGE (1 ,0) PORT 7: Recv/Dropped : 0/101
EDGE (1 ,1) PORT 0: Recv/Dropped : 0/78
EDGE (1 ,1) PORT 1: Recv/Dropped : 0/67
EDGE (1 ,1) PORT 2: Recv/Dropped : 0/2
EDGE (1 ,1) PORT 3: Recv/Dropped : 0/67
EDGE (1 ,1) PORT 4: Recv/Dropped : 0/67
EDGE (1 ,1) PORT 5: Recv/Dropped : 0/76
EDGE (1 ,1) PORT 6: Recv/Dropped : 0/83
EDGE (1 ,1) PORT 7: Recv/Dropped : 0/78
EDGE (1 ,2) PORT 0: Recv/Dropped : 0/67
EDGE (1 ,2) PORT 1: Recv/Dropped : 0/2
EDGE (1 ,2) PORT 2: Recv/Dropped : 0/2
EDGE (1 ,2) PORT 3: Recv/Dropped : 0/2
EDGE (1 ,2) PORT 4: Recv/Dropped : 0/36
EDGE (1 ,2) PORT 5: Recv/Dropped : 0/22
EDGE (1 ,2) PORT 6: Recv/Dropped : 0/27
EDGE (1 ,2) PORT 7: Recv/Dropped : 0/29
EDGE (1 ,3) PORT 0: Recv/Dropped : 0/67
EDGE (1 ,3) PORT 1: Recv/Dropped : 0/2
EDGE (1 ,3) PORT 2: Recv/Dropped : 0/2
EDGE (1 ,3) PORT 3: Recv/Dropped : 0/2
EDGE (1 ,3) PORT 4: Recv/Dropped : 0/35
EDGE (1 ,3) PORT 5: Recv/Dropped : 0/23
EDGE (1 ,3) PORT 6: Recv/Dropped : 0/22
EDGE (1 ,3) PORT 7: Recv/Dropped : 0/35
EDGE (2 ,0) PORT 0: Recv/Dropped : 0/67
EDGE (2 ,0) PORT 1: Recv/Dropped : 0/67
EDGE (2 ,0) PORT 2: Recv/Dropped : 0/3
EDGE (2 ,0) PORT 3: Recv/Dropped : 0/75
EDGE (2 ,0) PORT 4: Recv/Dropped : 0/71
EDGE (2 ,0) PORT 5: Recv/Dropped : 0/84
EDGE (2 ,0) PORT 6: Recv/Dropped : 0/70
EDGE (2 ,0) PORT 7: Recv/Dropped : 0/77
EDGE (2 ,1) PORT 0: Recv/Dropped : 0/67
EDGE (2 ,1) PORT 1: Recv/Dropped : 0/2
EDGE (2 ,1) PORT 2: Recv/Dropped : 0/70
EDGE (2 ,1) PORT 3: Recv/Dropped : 0/3
EDGE (2 ,1) PORT 4: Recv/Dropped : 0/43
EDGE (2 ,1) PORT 5: Recv/Dropped : 0/56
EDGE (2 ,1) PORT 6: Recv/Dropped : 0/48
EDGE (2 ,1) PORT 7: Recv/Dropped : 0/60
EDGE (2 ,2) PORT 0: Recv/Dropped : 0/2
EDGE (2 ,2) PORT 1: Recv/Dropped : 0/67
EDGE (2 ,2) PORT 2: Recv/Dropped : 0/2
EDGE (2 ,2) PORT 3: Recv/Dropped : 0/2
EDGE (2 ,2) PORT 4: Recv/Dropped : 0/22
EDGE (2 ,2) PORT 5: Recv/Dropped : 0/26
EDGE (2 ,2) PORT 6: Recv/Dropped : 0/34
EDGE (2 ,2) PORT 7: Recv/Dropped : 0/31
EDGE (2 ,3) PORT 0: Recv/Dropped : 0/64
EDGE (2 ,3) PORT 1: Recv/Dropped : 0/2
EDGE (2 ,3) PORT 2: Recv/Dropped : 0/2
EDGE (2 ,3) PORT 3: Recv/Dropped : 0/4
EDGE (2 ,3) PORT 4: Recv/Dropped : 0/26
EDGE (2 ,3) PORT 5: Recv/Dropped : 0/33
EDGE (2 ,3) PORT 6: Recv/Dropped : 0/26
EDGE (2 ,3) PORT 7: Recv/Dropped : 0/29
EDGE (3 ,0) PORT 0: Recv/Dropped : 0/84
EDGE (3 ,0) PORT 1: Recv/Dropped : 0/2
EDGE (3 ,0) PORT 2: Recv/Dropped : 0/65
EDGE (3 ,0) PORT 3: Recv/Dropped : 0/2
EDGE (3 ,0) PORT 4: Recv/Dropped : 0/49
EDGE (3 ,0) PORT 5: Recv/Dropped : 0/63
EDGE (3 ,0) PORT 6: Recv/Dropped : 0/54
EDGE (3 ,0) PORT 7: Recv/Dropped : 0/43
EDGE (3 ,1) PORT 0: Recv/Dropped : 0/80
EDGE (3 ,1) PORT 1: Recv/Dropped : 0/68
EDGE (3 ,1) PORT 2: Recv/Dropped : 0/72
EDGE (3 ,1) PORT 3: Recv/Dropped : 0/2
EDGE (3 ,1) PORT 4: Recv/Dropped : 0/78
EDGE (3 ,1) PORT 5: Recv/Dropped : 0/69
EDGE (3 ,1) PORT 6: Recv/Dropped : 0/83
EDGE (3 ,1) PORT 7: Recv/Dropped : 0/73
EDGE (3 ,2) PORT 0: Recv/Dropped : 0/2
EDGE (3 ,2) PORT 1: Recv/Dropped : 0/3
EDGE (3 ,2) PORT 2: Recv/Dropped : 0/70
EDGE (3 ,2) PORT 3: Recv/Dropped : 0/2
EDGE (3 ,2) PORT 4: Recv/Dropped : 0/36
EDGE (3 ,2) PORT 5: Recv/Dropped : 0/32
EDGE (3 ,2) PORT 6: Recv/Dropped : 0/22
EDGE (3 ,2) PORT 7: Recv/Dropped : 0/24
EDGE (3 ,3) PORT 0: Recv/Dropped : 0/69
EDGE (3 ,3) PORT 1: Recv/Dropped : 0/80
EDGE (3 ,3) PORT 2: Recv/Dropped : 0/64
EDGE (3 ,3) PORT 3: Recv/Dropped : 0/2
EDGE (3 ,3) PORT 4: Recv/Dropped : 0/76
EDGE (3 ,3) PORT 5: Recv/Dropped : 0/82
EDGE (3 ,3) PORT 6: Recv/Dropped : 0/80
EDGE (3 ,3) PORT 7: Recv/Dropped : 0/70
EDGE (4 ,0) PORT 0: Recv/Dropped : 0/66
EDGE (4 ,0) PORT 1: Recv/Dropped : 0/2
EDGE (4 ,0) PORT 2: Recv/Dropped : 0/66
EDGE (4 ,0) PORT 3: Recv/Dropped : 0/70
EDGE (4 ,0) PORT 4: Recv/Dropped : 0/80
EDGE (4 ,0) PORT 5: Recv/Dropped : 0/78
EDGE (4 ,0) PORT 6: Recv/Dropped : 0/77
EDGE (4 ,0) PORT 7: Recv/Dropped : 0/71
EDGE (4 ,1) PORT 0: Recv/Dropped : 0/2
EDGE (4 ,1) PORT 1: Recv/Dropped : 0/77
EDGE (4 ,1) PORT 2: Recv/Dropped : 0/78
EDGE (4 ,1) PORT 3: Recv/Dropped : 0/2
EDGE (4 ,1) PORT 4: Recv/Dropped : 0/56
EDGE (4 ,1) PORT 5: Recv/Dropped : 0/55
EDGE (4 ,1) PORT 6: Recv/Dropped : 0/51
EDGE (4 ,1) PORT 7: Recv/Dropped : 0/48
EDGE (4 ,2) PORT 0: Recv/Dropped : 0/2
EDGE (4 ,2) PORT 1: Recv/Dropped : 0/2
EDGE (4 ,2) PORT 2: Recv/Dropped : 0/71
EDGE (4 ,2) PORT 3: Recv/Dropped : 0/78
EDGE (4 ,2) PORT 4: Recv/Dropped : 0/46
EDGE (4 ,2) PORT 5: Recv/Dropped : 0/48
EDGE (4 ,2) PORT 6: Recv/Dropped : 0/59
EDGE (4 ,2) PORT 7: Recv/Dropped : 0/58
EDGE (4 ,3) PORT 0: Recv/Dropped : 0/2
EDGE (4 ,3) PORT 1: Recv/Dropped : 0/2
EDGE (4 ,3) PORT 2: Recv/Dropped : 0/2
EDGE (4 ,3) PORT 3: Recv/Dropped : 0/2
EDGE (4 ,3) PORT 4: Recv/Dropped : 0/8
EDGE (4 ,3) PORT 5: Recv/Dropped : 0/4
EDGE (4 ,3) PORT 6: Recv/Dropped : 0/7
EDGE (4 ,3) PORT 7: Recv/Dropped : 0/4
EDGE (5 ,0) PORT 0: Recv/Dropped : 0/68
EDGE (5 ,0) PORT 1: Recv/Dropped : 0/2
EDGE (5 ,0) PORT 2: Recv/Dropped : 0/79
EDGE (5 ,0) PORT 3: Recv/Dropped : 0/2
EDGE (5 ,0) PORT 4: Recv/Dropped : 0/58
EDGE (5 ,0) PORT 5: Recv/Dropped : 0/52
EDGE (5 ,0) PORT 6: Recv/Dropped : 0/52
EDGE (5 ,0) PORT 7: Recv/Dropped : 0/50
EDGE (5 ,1) PORT 0: Recv/Dropped : 0/2
EDGE (5 ,1) PORT 1: Recv/Dropped : 0/2
EDGE (5 ,1) PORT 2: Recv/Dropped : 0/76
EDGE (5 ,1) PORT 3: Recv/Dropped : 0/2
EDGE (5 ,1) PORT 4: Recv/Dropped : 0/31
EDGE (5 ,1) PORT 5: Recv/Dropped : 0/29
EDGE (5 ,1) PORT 6: Recv/Dropped : 0/29
EDGE (5 ,1) PORT 7: Recv/Dropped : 0/24
EDGE (5 ,2) PORT 0: Recv/Dropped : 0/66
EDGE (5 ,2) PORT 1: Recv/Dropped : 0/2
EDGE (5 ,2) PORT 2: Recv/Dropped : 0/2
EDGE (5 ,2) PORT 3: Recv/Dropped : 0/2
EDGE (5 ,2) PORT 4: Recv/Dropped : 0/33
EDGE (5 ,2) PORT 5: Recv/Dropped : 0/34
EDGE (5 ,2) PORT 6: Recv/Dropped : 0/26
EDGE (5 ,2) PORT 7: Recv/Dropped : 0/25
EDGE (5 ,3) PORT 0: Recv/Dropped : 0/2
EDGE (5 ,3) PORT 1: Recv/Dropped : 0/2
EDGE (5 ,3) PORT 2: Recv/Dropped : 0/2
EDGE (5 ,3) PORT 3: Recv/Dropped : 0/2
EDGE (5 ,3) PORT 4: Recv/Dropped : 0/6
EDGE (5 ,3) PORT 5: Recv/Dropped : 0/7
EDGE (5 ,3) PORT 6: Recv/Dropped : 0/6
EDGE (5 ,3) PORT 7: Recv/Dropped : 0/2
EDGE (6 ,0) PORT 0: Recv/Dropped : 0/69
EDGE (6 ,0) PORT 1: Recv/Dropped : 0/67
EDGE (6 ,0) PORT 2: Recv/Dropped : 0/2
EDGE (6 ,0) PORT 3: Recv/Dropped : 0/64
EDGE (6 ,0) PORT 4: Recv/Dropped : 0/75
EDGE (6 ,0) PORT 5: Recv/Dropped : 0/72
EDGE (6 ,0) PORT 6: Recv/Dropped : 0/86
EDGE (6 ,0) PORT 7: Recv/Dropped : 0/73
EDGE (6 ,1) PORT 0: Recv/Dropped : 0/64
EDGE (6 ,1) PORT 1: Recv/Dropped : 0/2
EDGE (6 ,1) PORT 2: Recv/Dropped : 0/66
EDGE (6 ,1) PORT 3: Recv/Dropped : 0/2
EDGE (6 ,1) PORT 4: Recv/Dropped : 0/49
EDGE (6 ,1) PORT 5: Recv/Dropped : 0/55
EDGE (6 ,1) PORT 6: Recv/Dropped : 0/47
EDGE (6 ,1) PORT 7: Recv/Dropped : 0/62
EDGE (6 ,2) PORT 0: Recv/Dropped : 0/80
EDGE (6 ,2) PORT 1: Recv/Dropped : 0/2
EDGE (6 ,2) PORT 2: Recv/Dropped : 0/2
EDGE (6 ,2) PORT 3: Recv/Dropped : 0/64
EDGE (6 ,2) PORT 4: Recv/Dropped : 0/54
EDGE (6 ,2) PORT 5: Recv/Dropped : 0/54
EDGE (6 ,2) PORT 6: Recv/Dropped : 0/60
EDGE (6 ,2) PORT 7: Recv/Dropped : 0/45
EDGE (6 ,3) PORT 0: Recv/Dropped : 0/2
EDGE (6 ,3) PORT 1: Recv/Dropped : 0/2
EDGE (6 ,3) PORT 2: Recv/Dropped : 0/81
EDGE (6 ,3) PORT 3: Recv/Dropped : 0/4
EDGE (6 ,3) PORT 4: Recv/Dropped : 0/27
EDGE (6 ,3) PORT 5: Recv/Dropped : 0/21
EDGE (6 ,3) PORT 6: Recv/Dropped : 0/28
EDGE (6 ,3) PORT 7: Recv/Dropped : 0/37
EDGE (7 ,0) PORT 0: Recv/Dropped : 0/80
EDGE (7 ,0) PORT 1: Recv/Dropped : 0/2
EDGE (7 ,0) PORT 2: Recv/Dropped : 0/2
EDGE (7 ,0) PORT 3: Recv/Dropped : 0/74
EDGE (7 ,0) PORT 4: Recv/Dropped : 0/47
EDGE (7 ,0) PORT 5: Recv/Dropped : 0/64
EDGE (7 ,0) PORT 6: Recv/Dropped : 0/53
EDGE (7 ,0) PORT 7: Recv/Dropped : 0/48
EDGE (7 ,1) PORT 0: Recv/Dropped : 0/2
EDGE (7 ,1) PORT 1: Recv/Dropped : 0/2
EDGE (7 ,1) PORT 2: Recv/Dropped : 0/65
EDGE (7 ,1) PORT 3: Recv/Dropped : 0/70
EDGE (7 ,1) PORT 4: Recv/Dropped : 0/52
EDGE (7 ,1) PORT 5: Recv/Dropped : 0/48
EDGE (7 ,1) PORT 6: Recv/Dropped : 0/53
EDGE (7 ,1) PORT 7: Recv/Dropped : 0/57
EDGE (7 ,2) PORT 0: Recv/Dropped : 0/64
EDGE (7 ,2) PORT 1: Recv/Dropped : 0/2
EDGE (7 ,2) PORT 2: Recv/Dropped : 0/2
EDGE (7 ,2) PORT 3: Recv/Dropped : 0/4
EDGE (7 ,2) PORT 4: Recv/Dropped : 0/31
EDGE (7 ,2) PORT 5: Recv/Dropped : 0/25
EDGE (7 ,2) PORT 6: Recv/Dropped : 0/36
EDGE (7 ,2) PORT 7: Recv/Dropped : 0/26
EDGE (7 ,3) PORT 0: Recv/Dropped : 0/69
EDGE (7 ,3) PORT 1: Recv/Dropped : 0/79
EDGE (7 ,3) PORT 2: Recv/Dropped : 0/2
EDGE (7 ,3) PORT 3: Recv/Dropped : 0/2
EDGE (7 ,3) PORT 4: Recv/Dropped : 0/55
EDGE (7 ,3) PORT 5: Recv/Dropped : 0/52
EDGE (7 ,3) PORT 6: Recv/Dropped : 0/51
EDGE (7 ,3) PORT 7: Recv/Dropped : 0/56
 -- AGG QUEUE STATISTICS --
AGG (0 ,0) PORT 0: Recv/Dropped : 0/1572
AGG (0 ,0) PORT 1: Recv/Dropped : 0/1628
AGG (0 ,0) PORT 2: Recv/Dropped : 0/1620
AGG (0 ,0) PORT 3: Recv/Dropped : 0/1593
AGG (0 ,0) PORT 4: Recv/Dropped : 0/253
AGG (0 ,0) PORT 5: Recv/Dropped : 0/213
AGG (0 ,0) PORT 6: Recv/Dropped : 0/232
AGG (0 ,0) PORT 7: Recv/Dropped : 0/239
AGG (0 ,1) PORT 0: Recv/Dropped : 0/73
AGG (0 ,1) PORT 1: Recv/Dropped : 0/74
AGG (0 ,1) PORT 2: Recv/Dropped : 0/74
AGG (0 ,1) PORT 3: Recv/Dropped : 0/75
AGG (0 ,1) PORT 4: Recv/Dropped : 0/255
AGG (0 ,1) PORT 5: Recv/Dropped : 0/250
AGG (0 ,1) PORT 6: Recv/Dropped : 0/235
AGG (0 ,1) PORT 7: Recv/Dropped : 0/257
AGG (0 ,2) PORT 0: Recv/Dropped : 0/73
AGG (0 ,2) PORT 1: Recv/Dropped : 0/76
AGG (0 ,2) PORT 2: Recv/Dropped : 0/73
AGG (0 ,2) PORT 3: Recv/Dropped : 0/64
AGG (0 ,2) PORT 4: Recv/Dropped : 0/233
AGG (0 ,2) PORT 5: Recv/Dropped : 0/233
AGG (0 ,2) PORT 6: Recv/Dropped : 0/204
AGG (0 ,2) PORT 7: Recv/Dropped : 0/239
AGG (0 ,3) PORT 0: Recv/Dropped : 0/42
AGG (0 ,3) PORT 1: Recv/Dropped : 0/44
AGG (0 ,3) PORT 2: Recv/Dropped : 0/34
AGG (0 ,3) PORT 3: Recv/Dropped : 0/34
AGG (0 ,3) PORT 4: Recv/Dropped : 0/202
AGG (0 ,3) PORT 5: Recv/Dropped : 0/226
AGG (0 ,3) PORT 6: Recv/Dropped : 0/241
AGG (0 ,3) PORT 7: Recv/Dropped : 0/227
AGG (1 ,0) PORT 0: Recv/Dropped : 0/62
AGG (1 ,0) PORT 1: Recv/Dropped : 0/80
AGG (1 ,0) PORT 2: Recv/Dropped : 0/70
AGG (1 ,0) PORT 3: Recv/Dropped : 0/70
AGG (1 ,0) PORT 4: Recv/Dropped : 0/53
AGG (1 ,0) PORT 5: Recv/Dropped : 0/58
AGG (1 ,0) PORT 6: Recv/Dropped : 0/58
AGG (1 ,0) PORT 7: Recv/Dropped : 0/62
AGG (1 ,1) PORT 0: Recv/Dropped : 0/57
AGG (1 ,1) PORT 1: Recv/Dropped : 0/53
AGG (1 ,1) PORT 2: Recv/Dropped : 0/53
AGG (1 ,1) PORT 3: Recv/Dropped : 0/51
AGG (1 ,1) PORT 4: Recv/Dropped : 0/75
AGG (1 ,1) PORT 5: Recv/Dropped : 0/48
AGG (1 ,1) PORT 6: Recv/Dropped : 0/55
AGG (1 ,1) PORT 7: Recv/Dropped : 0/55
AGG (1 ,2) PORT 0: Recv/Dropped : 0/17
AGG (1 ,2) PORT 1: Recv/Dropped : 0/19
AGG (1 ,2) PORT 2: Recv/Dropped : 0/18
AGG (1 ,2) PORT 3: Recv/Dropped : 0/19
AGG (1 ,2) PORT 4: Recv/Dropped : 0/46
AGG (1 ,2) PORT 5: Recv/Dropped : 0/75
AGG (1 ,2) PORT 6: Recv/Dropped : 0/50
AGG (1 ,2) PORT 7: Recv/Dropped : 0/55
AGG (1 ,3) PORT 0: Recv/Dropped : 0/13
AGG (1 ,3) PORT 1: Recv/Dropped : 0/16
AGG (1 ,3) PORT 2: Recv/Dropped : 0/20
AGG (1 ,3) PORT 3: Recv/Dropped : 0/24
AGG (1 ,3) PORT 4: Recv/Dropped : 0/50
AGG (1 ,3) PORT 5: Recv/Dropped : 0/76
AGG (1 ,3) PORT 6: Recv/Dropped : 0/63
AGG (1 ,3) PORT 7: Recv/Dropped : 0/54
AGG (2 ,0) PORT 0: Recv/Dropped : 0/60
AGG (2 ,0) PORT 1: Recv/Dropped : 0/65
AGG (2 ,0) PORT 2: Recv/Dropped : 0/52
AGG (2 ,0) PORT 3: Recv/Dropped : 0/35
AGG (2 ,0) PORT 4: Recv/Dropped : 0/50
AGG (2 ,0) PORT 5: Recv/Dropped : 0/29
AGG (2 ,0) PORT 6: Recv/Dropped : 0/36
AGG (2 ,0) PORT 7: Recv/Dropped : 0/47
AGG (2 ,1) PORT 0: Recv/Dropped : 0/35
AGG (2 ,1) PORT 1: Recv/Dropped : 0/41
AGG (2 ,1) PORT 2: Recv/Dropped : 0/30
AGG (2 ,1) PORT 3: Recv/Dropped : 0/36
AGG (2 ,1) PORT 4: Recv/Dropped : 0/54
AGG (2 ,1) PORT 5: Recv/Dropped : 0/46
AGG (2 ,1) PORT 6: Recv/Dropped : 0/44
AGG (2 ,1) PORT 7: Recv/Dropped : 0/55
AGG (2 ,2) PORT 0: Recv/Dropped : 0/24
AGG (2 ,2) PORT 1: Recv/Dropped : 0/19
AGG (2 ,2) PORT 2: Recv/Dropped : 0/16
AGG (2 ,2) PORT 3: Recv/Dropped : 0/14
AGG (2 ,2) PORT 4: Recv/Dropped : 0/44
AGG (2 ,2) PORT 5: Recv/Dropped : 0/40
AGG (2 ,2) PORT 6: Recv/Dropped : 0/53
AGG (2 ,2) PORT 7: Recv/Dropped : 0/41
AGG (2 ,3) PORT 0: Recv/Dropped : 0/17
AGG (2 ,3) PORT 1: Recv/Dropped : 0/24
AGG (2 ,3) PORT 2: Recv/Dropped : 0/20
AGG (2 ,3) PORT 3: Recv/Dropped : 0/11
AGG (2 ,3) PORT 4: Recv/Dropped : 0/56
AGG (2 ,3) PORT 5: Recv/Dropped : 0/53
AGG (2 ,3) PORT 6: Recv/Dropped : 0/51
AGG (2 ,3) PORT 7: Recv/Dropped : 0/37
AGG (3 ,0) PORT 0: Recv/Dropped : 0/39
AGG (3 ,0) PORT 1: Recv/Dropped : 0/41
AGG (3 ,0) PORT 2: Recv/Dropped : 0/41
AGG (3 ,0) PORT 3: Recv/Dropped : 0/32
AGG (3 ,0) PORT 4: Recv/Dropped : 0/69
AGG (3 ,0) PORT 5: Recv/Dropped : 0/52
AGG (3 ,0) PORT 6: Recv/Dropped : 0/52
AGG (3 ,0) PORT 7: Recv/Dropped : 0/66
AGG (3 ,1) PORT 0: Recv/Dropped : 0/69
AGG (3 ,1) PORT 1: Recv/Dropped : 0/57
AGG (3 ,1) PORT 2: Recv/Dropped : 0/54
AGG (3 ,1) PORT 3: Recv/Dropped : 0/42
AGG (3 ,1) PORT 4: Recv/Dropped : 0/54
AGG (3 ,1) PORT 5: Recv/Dropped : 0/65
AGG (3 ,1) PORT 6: Recv/Dropped : 0/57
AGG (3 ,1) PORT 7: Recv/Dropped : 0/70
AGG (3 ,2) PORT 0: Recv/Dropped : 0/13
AGG (3 ,2) PORT 1: Recv/Dropped : 0/26
AGG (3 ,2) PORT 2: Recv/Dropped : 0/18
AGG (3 ,2) PORT 3: Recv/Dropped : 0/20
AGG (3 ,2) PORT 4: Recv/Dropped : 0/60
AGG (3 ,2) PORT 5: Recv/Dropped : 0/52
AGG (3 ,2) PORT 6: Recv/Dropped : 0/62
AGG (3 ,2) PORT 7: Recv/Dropped : 0/65
AGG (3 ,3) PORT 0: Recv/Dropped : 0/54
AGG (3 ,3) PORT 1: Recv/Dropped : 0/53
AGG (3 ,3) PORT 2: Recv/Dropped : 0/61
AGG (3 ,3) PORT 3: Recv/Dropped : 0/47
AGG (3 ,3) PORT 4: Recv/Dropped : 0/47
AGG (3 ,3) PORT 5: Recv/Dropped : 0/58
AGG (3 ,3) PORT 6: Recv/Dropped : 0/62
AGG (3 ,3) PORT 7: Recv/Dropped : 0/43
AGG (4 ,0) PORT 0: Recv/Dropped : 0/56
AGG (4 ,0) PORT 1: Recv/Dropped : 0/51
AGG (4 ,0) PORT 2: Recv/Dropped : 0/56
AGG (4 ,0) PORT 3: Recv/Dropped : 0/41
AGG (4 ,0) PORT 4: Recv/Dropped : 0/48
AGG (4 ,0) PORT 5: Recv/Dropped : 0/47
AGG (4 ,0) PORT 6: Recv/Dropped : 0/50
AGG (4 ,0) PORT 7: Recv/Dropped : 0/45
AGG (4 ,1) PORT 0: Recv/Dropped : 0/40
AGG (4 ,1) PORT 1: Recv/Dropped : 0/42
AGG (4 ,1) PORT 2: Recv/Dropped : 0/36
AGG (4 ,1) PORT 3: Recv/Dropped : 0/41
AGG (4 ,1) PORT 4: Recv/Dropped : 0/54
AGG (4 ,1) PORT 5: Recv/Dropped : 0/43
AGG (4 ,1) PORT 6: Recv/Dropped : 0/37
AGG (4 ,1) PORT 7: Recv/Dropped : 0/51
AGG (4 ,2) PORT 0: Recv/Dropped : 0/44
AGG (4 ,2) PORT 1: Recv/Dropped : 0/34
AGG (4 ,2) PORT 2: Recv/Dropped : 0/31
AGG (4 ,2) PORT 3: Recv/Dropped : 0/44
AGG (4 ,2) PORT 4: Recv/Dropped : 0/50
AGG (4 ,2) PORT 5: Recv/Dropped : 0/46
AGG (4 ,2) PORT 6: Recv/Dropped : 0/53
AGG (4 ,2) PORT 7: Recv/Dropped : 0/45
AGG (4 ,3) PORT 0: Recv/Dropped : 0/2
AGG (4 ,3) PORT 1: Recv/Dropped : 0/1
AGG (4 ,3) PORT 2: Recv/Dropped : 0/2
AGG (4 ,3) PORT 3: Recv/Dropped : 0/3
AGG (4 ,3) PORT 4: Recv/Dropped : 0/55
AGG (4 ,3) PORT 5: Recv/Dropped : 0/44
AGG (4 ,3) PORT 6: Recv/Dropped : 0/43
AGG (4 ,3) PORT 7: Recv/Dropped : 0/39
AGG (5 ,0) PORT 0: Recv/Dropped : 0/41
AGG (5 ,0) PORT 1: Recv/Dropped : 0/37
AGG (5 ,0) PORT 2: Recv/Dropped : 0/34
AGG (5 ,0) PORT 3: Recv/Dropped : 0/39
AGG (5 ,0) PORT 4: Recv/Dropped : 0/34
AGG (5 ,0) PORT 5: Recv/Dropped : 0/37
AGG (5 ,0) PORT 6: Recv/Dropped : 0/23
AGG (5 ,0) PORT 7: Recv/Dropped : 0/34
AGG (5 ,1) PORT 0: Recv/Dropped : 0/16
AGG (5 ,1) PORT 1: Recv/Dropped : 0/19
AGG (5 ,1) PORT 2: Recv/Dropped : 0/21
AGG (5 ,1) PORT 3: Recv/Dropped : 0/26
AGG (5 ,1) PORT 4: Recv/Dropped : 0/25
AGG (5 ,1) PORT 5: Recv/Dropped : 0/40
AGG (5 ,1) PORT 6: Recv/Dropped : 0/39
AGG (5 ,1) PORT 7: Recv/Dropped : 0/18
AGG (5 ,2) PORT 0: Recv/Dropped : 0/14
AGG (5 ,2) PORT 1: Recv/Dropped : 0/14
AGG (5 ,2) PORT 2: Recv/Dropped : 0/21
AGG (5 ,2) PORT 3: Recv/Dropped : 0/23
AGG (5 ,2) PORT 4: Recv/Dropped : 0/31
AGG (5 ,2) PORT 5: Recv/Dropped : 0/33
AGG (5 ,2) PORT 6: Recv/Dropped : 0/25
AGG (5 ,2) PORT 7: Recv/Dropped : 0/24
AGG (5 ,3) PORT 0: Recv/Dropped : 0/1
AGG (5 ,3) PORT 1: Recv/Dropped : 0/3
AGG (5 ,3) PORT 2: Recv/Dropped : 0/3
AGG (5 ,3) PORT 3: Recv/Dropped : 0/1
AGG (5 ,3) PORT 4: Recv/Dropped : 0/24
AGG (5 ,3) PORT 5: Recv/Dropped : 0/34
AGG (5 ,3) PORT 6: Recv/Dropped : 0/19
AGG (5 ,3) PORT 7: Recv/Dropped : 0/24
AGG (6 ,0) PORT 0: Recv/Dropped : 0/46
AGG (6 ,0) PORT 1: Recv/Dropped : 0/58
AGG (6 ,0) PORT 2: Recv/Dropped : 0/43
AGG (6 ,0) PORT 3: Recv/Dropped : 0/55
AGG (6 ,0) PORT 4: Recv/Dropped : 0/42
AGG (6 ,0) PORT 5: Recv/Dropped : 0/51
AGG (6 ,0) PORT 6: Recv/Dropped : 0/50
AGG (6 ,0) PORT 7: Recv/Dropped : 0/62
AGG (6 ,1) PORT 0: Recv/Dropped : 0/35
AGG (6 ,1) PORT 1: Recv/Dropped : 0/29
AGG (6 ,1) PORT 2: Recv/Dropped : 0/35
AGG (6 ,1) PORT 3: Recv/Dropped : 0/35
AGG (6 ,1) PORT 4: Recv/Dropped : 0/42
AGG (6 ,1) PORT 5: Recv/Dropped : 0/49
AGG (6 ,1) PORT 6: Recv/Dropped : 0/50
AGG (6 ,1) PORT 7: Recv/Dropped : 0/61
AGG (6 ,2) PORT 0: Recv/Dropped : 0/35
AGG (6 ,2) PORT 1: Recv/Dropped : 0/45
AGG (6 ,2) PORT 2: Recv/Dropped : 0/33
AGG (6 ,2) PORT 3: Recv/Dropped : 0/35
AGG (6 ,2) PORT 4: Recv/Dropped : 0/51
AGG (6 ,2) PORT 5: Recv/Dropped : 0/59
AGG (6 ,2) PORT 6: Recv/Dropped : 0/56
AGG (6 ,2) PORT 7: Recv/Dropped : 0/55
AGG (6 ,3) PORT 0: Recv/Dropped : 0/29
AGG (6 ,3) PORT 1: Recv/Dropped : 0/23
AGG (6 ,3) PORT 2: Recv/Dropped : 0/15
AGG (6 ,3) PORT 3: Recv/Dropped : 0/22
AGG (6 ,3) PORT 4: Recv/Dropped : 0/50
AGG (6 ,3) PORT 5: Recv/Dropped : 0/56
AGG (6 ,3) PORT 6: Recv/Dropped : 0/55
AGG (6 ,3) PORT 7: Recv/Dropped : 0/56
AGG (7 ,0) PORT 0: Recv/Dropped : 0/35
AGG (7 ,0) PORT 1: Recv/Dropped : 0/44
AGG (7 ,0) PORT 2: Recv/Dropped : 0/39
AGG (7 ,0) PORT 3: Recv/Dropped : 0/40
AGG (7 ,0) PORT 4: Recv/Dropped : 0/50
AGG (7 ,0) PORT 5: Recv/Dropped : 0/37
AGG (7 ,0) PORT 6: Recv/Dropped : 0/50
AGG (7 ,0) PORT 7: Recv/Dropped : 0/48
AGG (7 ,1) PORT 0: Recv/Dropped : 0/34
AGG (7 ,1) PORT 1: Recv/Dropped : 0/44
AGG (7 ,1) PORT 2: Recv/Dropped : 0/30
AGG (7 ,1) PORT 3: Recv/Dropped : 0/31
AGG (7 ,1) PORT 4: Recv/Dropped : 0/54
AGG (7 ,1) PORT 5: Recv/Dropped : 0/48
AGG (7 ,1) PORT 6: Recv/Dropped : 0/43
AGG (7 ,1) PORT 7: Recv/Dropped : 0/44
AGG (7 ,2) PORT 0: Recv/Dropped : 0/11
AGG (7 ,2) PORT 1: Recv/Dropped : 0/15
AGG (7 ,2) PORT 2: Recv/Dropped : 0/20
AGG (7 ,2) PORT 3: Recv/Dropped : 0/26
AGG (7 ,2) PORT 4: Recv/Dropped : 0/52
AGG (7 ,2) PORT 5: Recv/Dropped : 0/42
AGG (7 ,2) PORT 6: Recv/Dropped : 0/45
AGG (7 ,2) PORT 7: Recv/Dropped : 0/54
AGG (7 ,3) PORT 0: Recv/Dropped : 0/38
AGG (7 ,3) PORT 1: Recv/Dropped : 0/44
AGG (7 ,3) PORT 2: Recv/Dropped : 0/37
AGG (7 ,3) PORT 3: Recv/Dropped : 0/33
AGG (7 ,3) PORT 4: Recv/Dropped : 0/52
AGG (7 ,3) PORT 5: Recv/Dropped : 0/46
AGG (7 ,3) PORT 6: Recv/Dropped : 0/49
AGG (7 ,3) PORT 7: Recv/Dropped : 0/40


TOTAL RECEIVED PACKETS = 42016
TOTAL DROPPED PACKETS = 343