QUEUE STATISTICS FOR EXPERIMENT 8563
---------------------------
 -- EDGE QUEUE STATISTICS --
EDGE (0 ,0) PORT 0: Recv/Dropped : 359/6635
EDGE (0 ,0) PORT 1: Recv/Dropped : 0/76
EDGE (0 ,0) PORT 2: Recv/Dropped : 0/80
EDGE (0 ,0) PORT 3: Recv/Dropped : 0/81
EDGE (0 ,0) PORT 4: Recv/Dropped : 0/1141
EDGE (0 ,0) PORT 5: Recv/Dropped : 0/1208
EDGE (0 ,0) PORT 6: Recv/Dropped : 0/1113
EDGE (0 ,0) PORT 7: Recv/Dropped : 0/1086
EDGE (0 ,1) PORT 0: Recv/Dropped : 0/72
EDGE (0 ,1) PORT 1: Recv/Dropped : 0/74
EDGE (0 ,1) PORT 2: Recv/Dropped : 0/70
EDGE (0 ,1) PORT 3: Recv/Dropped : 0/2
EDGE (0 ,1) PORT 4: Recv/Dropped : 0/73
EDGE (0 ,1) PORT 5: Recv/Dropped : 0/72
EDGE (0 ,1) PORT 6: Recv/Dropped : 0/78
EDGE (0 ,1) PORT 7: Recv/Dropped : 0/85
EDGE (0 ,2) PORT 0: Recv/Dropped : 0/69
EDGE (0 ,2) PORT 1: Recv/Dropped : 0/67
EDGE (0 ,2) PORT 2: Recv/Dropped : 0/2
EDGE (0 ,2) PORT 3: Recv/Dropped : 0/70
EDGE (0 ,2) PORT 4: Recv/Dropped : 0/59
EDGE (0 ,2) PORT 5: Recv/Dropped : 0/87
EDGE (0 ,2) PORT 6: Recv/Dropped : 0/77
EDGE (0 ,2) PORT 7: Recv/Dropped : 0/78
EDGE (0 ,3) PORT 0: Recv/Dropped : 0/68
EDGE (0 ,3) PORT 1: Recv/Dropped : 0/69
EDGE (0 ,3) PORT 2: Recv/Dropped : 0/2
EDGE (0 ,3) PORT 3: Recv/Dropped : 0/2
EDGE (0 ,3) PORT 4: Recv/Dropped : 0/54
EDGE (0 ,3) PORT 5: Recv/Dropped : 0/57
EDGE (0 ,3) PORT 6: Recv/Dropped : 0/53
EDGE (0 ,3) PORT 7: Recv/Dropped : 0/46
EDGE (1 ,0) PORT 0: Recv/Dropped : 0/69
EDGE (1 ,0) PORT 1: Recv/Dropped : 0/67
EDGE (1 ,0) PORT 2: Recv/Dropped : 0/67
EDGE (1 ,0) PORT 3: Recv/Dropped : 0/2
EDGE (1 ,0) PORT 4: Recv/Dropped : 0/75
EDGE (1 ,0) PORT 5: Recv/Dropped : 0/80
EDGE (1 ,0) PORT 6: Recv/Dropped : 0/66
EDGE (1 ,0) PORT 7: Recv/Dropped : 0/81
EDGE (1 ,1) PORT 0: Recv/Dropped : 0/67
EDGE (1 ,1) PORT 1: Recv/Dropped : 0/81
EDGE (1 ,1) PORT 2: Recv/Dropped : 0/2
EDGE (1 ,1) PORT 3: Recv/Dropped : 0/2
EDGE (1 ,1) PORT 4: Recv/Dropped : 0/44
EDGE (1 ,1) PORT 5: Recv/Dropped : 0/48
EDGE (1 ,1) PORT 6: Recv/Dropped : 0/56
EDGE (1 ,1) PORT 7: Recv/Dropped : 0/58
EDGE (1 ,2) PORT 0: Recv/Dropped : 0/67
EDGE (1 ,2) PORT 1: Recv/Dropped : 0/77
EDGE (1 ,2) PORT 2: Recv/Dropped : 0/2
EDGE (1 ,2) PORT 3: Recv/Dropped : 0/2
EDGE (1 ,2) PORT 4: Recv/Dropped : 0/58
EDGE (1 ,2) PORT 5: Recv/Dropped : 0/46
EDGE (1 ,2) PORT 6: Recv/Dropped : 0/49
EDGE (1 ,2) PORT 7: Recv/Dropped : 0/55
EDGE (1 ,3) PORT 0: Recv/Dropped : 0/68
EDGE (1 ,3) PORT 1: Recv/Dropped : 0/2
EDGE (1 ,3) PORT 2: Recv/Dropped : 0/77
EDGE (1 ,3) PORT 3: Recv/Dropped : 0/2
EDGE (1 ,3) PORT 4: Recv/Dropped : 0/58
EDGE (1 ,3) PORT 5: Recv/Dropped : 0/43
EDGE (1 ,3) PORT 6: Recv/Dropped : 0/50
EDGE (1 ,3) PORT 7: Recv/Dropped : 0/60
EDGE (2 ,0) PORT 0: Recv/Dropped : 0/67
EDGE (2 ,0) PORT 1: Recv/Dropped : 0/83
EDGE (2 ,0) PORT 2: Recv/Dropped : 0/2
EDGE (2 ,0) PORT 3: Recv/Dropped : 0/2
EDGE (2 ,0) PORT 4: Recv/Dropped : 0/47
EDGE (2 ,0) PORT 5: Recv/Dropped : 0/63
EDGE (2 ,0) PORT 6: Recv/Dropped : 0/45
EDGE (2 ,0) PORT 7: Recv/Dropped : 0/54
EDGE (2 ,1) PORT 0: Recv/Dropped : 0/82
EDGE (2 ,1) PORT 1: Recv/Dropped : 0/69
EDGE (2 ,1) PORT 2: Recv/Dropped : 0/66
EDGE (2 ,1) PORT 3: Recv/Dropped : 0/2
EDGE (2 ,1) PORT 4: Recv/Dropped : 0/66
EDGE (2 ,1) PORT 5: Recv/Dropped : 0/78
EDGE (2 ,1) PORT 6: Recv/Dropped : 0/75
EDGE (2 ,1) PORT 7: Recv/Dropped : 0/85
EDGE (2 ,2) PORT 0: Recv/Dropped : 0/68
EDGE (2 ,2) PORT 1: Recv/Dropped : 0/66
EDGE (2 ,2) PORT 2: Recv/Dropped : 0/2
EDGE (2 ,2) PORT 3: Recv/Dropped : 0/75
EDGE (2 ,2) PORT 4: Recv/Dropped : 0/76
EDGE (2 ,2) PORT 5: Recv/Dropped : 0/70
EDGE (2 ,2) PORT 6: Recv/Dropped : 0/80
EDGE (2 ,2) PORT 7: Recv/Dropped : 0/80
EDGE (2 ,3) PORT 0: Recv/Dropped : 0/69
EDGE (2 ,3) PORT 1: Recv/Dropped : 0/3
EDGE (2 ,3) PORT 2: Recv/Dropped : 0/68
EDGE (2 ,3) PORT 3: Recv/Dropped : 0/2
EDGE (2 ,3) PORT 4: Recv/Dropped : 0/46
EDGE (2 ,3) PORT 5: Recv/Dropped : 0/54
EDGE (2 ,3) PORT 6: Recv/Dropped : 0/44
EDGE (2 ,3) PORT 7: Recv/Dropped : 0/67
EDGE (3 ,0) PORT 0: Recv/Dropped : 0/2
EDGE (3 ,0) PORT 1: Recv/Dropped : 0/76
EDGE (3 ,0) PORT 2: Recv/Dropped : 0/2
EDGE (3 ,0) PORT 3: Recv/Dropped : 0/2
EDGE (3 ,0) PORT 4: Recv/Dropped : 0/24
EDGE (3 ,0) PORT 5: Recv/Dropped : 0/34
EDGE (3 ,0) PORT 6: Recv/Dropped : 0/31
EDGE (3 ,0) PORT 7: Recv/Dropped : 0/24
EDGE (3 ,1) PORT 0: Recv/Dropped : 0/2
EDGE (3 ,1) PORT 1: Recv/Dropped : 0/66
EDGE (3 ,1) PORT 2: Recv/Dropped : 0/2
EDGE (3 ,1) PORT 3: Recv/Dropped : 0/68
EDGE (3 ,1) PORT 4: Recv/Dropped : 0/59
EDGE (3 ,1) PORT 5: Recv/Dropped : 0/49
EDGE (3 ,1) PORT 6: Recv/Dropped : 0/51
EDGE (3 ,1) PORT 7: Recv/Dropped : 0/51
EDGE (3 ,2) PORT 0: Recv/Dropped : 0/68
EDGE (3 ,2) PORT 1: Recv/Dropped : 0/66
EDGE (3 ,2) PORT 2: Recv/Dropped : 0/69
EDGE (3 ,2) PORT 3: Recv/Dropped : 0/68
EDGE (3 ,2) PORT 4: Recv/Dropped : 0/120
EDGE (3 ,2) PORT 5: Recv/Dropped : 0/92
EDGE (3 ,2) PORT 6: Recv/Dropped : 0/101
EDGE (3 ,2) PORT 7: Recv/Dropped : 0/87
EDGE (3 ,3) PORT 0: Recv/Dropped : 0/2
EDGE (3 ,3) PORT 1: Recv/Dropped : 0/2
EDGE (3 ,3) PORT 2: Recv/Dropped : 0/65
EDGE (3 ,3) PORT 3: Recv/Dropped : 0/2
EDGE (3 ,3) PORT 4: Recv/Dropped : 0/27
EDGE (3 ,3) PORT 5: Recv/Dropped : 0/28
EDGE (3 ,3) PORT 6: Recv/Dropped : 0/40
EDGE (3 ,3) PORT 7: Recv/Dropped : 0/21
EDGE (4 ,0) PORT 0: Recv/Dropped : 0/67
EDGE (4 ,0) PORT 1: Recv/Dropped : 0/2
EDGE (4 ,0) PORT 2: Recv/Dropped : 0/65
EDGE (4 ,0) PORT 3: Recv/Dropped : 0/66
EDGE (4 ,0) PORT 4: Recv/Dropped : 0/79
EDGE (4 ,0) PORT 5: Recv/Dropped : 0/77
EDGE (4 ,0) PORT 6: Recv/Dropped : 0/76
EDGE (4 ,0) PORT 7: Recv/Dropped : 0/72
EDGE (4 ,1) PORT 0: Recv/Dropped : 0/65
EDGE (4 ,1) PORT 1: Recv/Dropped : 0/2
EDGE (4 ,1) PORT 2: Recv/Dropped : 0/65
EDGE (4 ,1) PORT 3: Recv/Dropped : 0/2
EDGE (4 ,1) PORT 4: Recv/Dropped : 0/56
EDGE (4 ,1) PORT 5: Recv/Dropped : 0/55
EDGE (4 ,1) PORT 6: Recv/Dropped : 0/51
EDGE (4 ,1) PORT 7: Recv/Dropped : 0/47
EDGE (4 ,2) PORT 0: Recv/Dropped : 0/84
EDGE (4 ,2) PORT 1: Recv/Dropped : 0/2
EDGE (4 ,2) PORT 2: Recv/Dropped : 0/2
EDGE (4 ,2) PORT 3: Recv/Dropped : 0/2
EDGE (4 ,2) PORT 4: Recv/Dropped : 0/25
EDGE (4 ,2) PORT 5: Recv/Dropped : 0/25
EDGE (4 ,2) PORT 6: Recv/Dropped : 0/37
EDGE (4 ,2) PORT 7: Recv/Dropped : 0/28
EDGE (4 ,3) PORT 0: Recv/Dropped : 0/74
EDGE (4 ,3) PORT 1: Recv/Dropped : 0/2
EDGE (4 ,3) PORT 2: Recv/Dropped : 0/2
EDGE (4 ,3) PORT 3: Recv/Dropped : 0/2
EDGE (4 ,3) PORT 4: Recv/Dropped : 0/38
EDGE (4 ,3) PORT 5: Recv/Dropped : 0/24
EDGE (4 ,3) PORT 6: Recv/Dropped : 0/29
EDGE (4 ,3) PORT 7: Recv/Dropped : 0/26
EDGE (5 ,0) PORT 0: Recv/Dropped : 0/2
EDGE (5 ,0) PORT 1: Recv/Dropped : 0/73
EDGE (5 ,0) PORT 2: Recv/Dropped : 0/68
EDGE (5 ,0) PORT 3: Recv/Dropped : 0/2
EDGE (5 ,0) PORT 4: Recv/Dropped : 0/58
EDGE (5 ,0) PORT 5: Recv/Dropped : 0/52
EDGE (5 ,0) PORT 6: Recv/Dropped : 0/52
EDGE (5 ,0) PORT 7: Recv/Dropped : 0/50
EDGE (5 ,1) PORT 0: Recv/Dropped : 0/73
EDGE (5 ,1) PORT 1: Recv/Dropped : 0/2
EDGE (5 ,1) PORT 2: Recv/Dropped : 0/2
EDGE (5 ,1) PORT 3: Recv/Dropped : 0/2
EDGE (5 ,1) PORT 4: Recv/Dropped : 0/32
EDGE (5 ,1) PORT 5: Recv/Dropped : 0/31
EDGE (5 ,1) PORT 6: Recv/Dropped : 0/29
EDGE (5 ,1) PORT 7: Recv/Dropped : 0/26
EDGE (5 ,2) PORT 0: Recv/Dropped : 0/65
EDGE (5 ,2) PORT 1: Recv/Dropped : 0/2
EDGE (5 ,2) PORT 2: Recv/Dropped : 0/64
EDGE (5 ,2) PORT 3: Recv/Dropped : 0/65
EDGE (5 ,2) PORT 4: Recv/Dropped : 0/74
EDGE (5 ,2) PORT 5: Recv/Dropped : 0/77
EDGE (5 ,2) PORT 6: Recv/Dropped : 0/80
EDGE (5 ,2) PORT 7: Recv/Dropped : 0/72
EDGE (5 ,3) PORT 0: Recv/Dropped : 0/2
EDGE (5 ,3) PORT 1: Recv/Dropped : 0/2
EDGE (5 ,3) PORT 2: Recv/Dropped : 0/65
EDGE (5 ,3) PORT 3: Recv/Dropped : 0/65
EDGE (5 ,3) PORT 4: Recv/Dropped : 0/62
EDGE (5 ,3) PORT 5: Recv/Dropped : 0/45
EDGE (5 ,3) PORT 6: Recv/Dropped : 0/57
EDGE (5 ,3) PORT 7: Recv/Dropped : 0/45
EDGE (6 ,0) PORT 0: Recv/Dropped : 0/2
EDGE (6 ,0) PORT 1: Recv/Dropped : 0/63
EDGE (6 ,0) PORT 2: Recv/Dropped : 0/2
EDGE (6 ,0) PORT 3: Recv/Dropped : 0/2
EDGE (6 ,0) PORT 4: Recv/Dropped : 0/23
EDGE (6 ,0) PORT 5: Recv/Dropped : 0/27
EDGE (6 ,0) PORT 6: Recv/Dropped : 0/38
EDGE (6 ,0) PORT 7: Recv/Dropped : 0/26
EDGE (6 ,1) PORT 0: Recv/Dropped : 0/66
EDGE (6 ,1) PORT 1: Recv/Dropped : 0/65
EDGE (6 ,1) PORT 2: Recv/Dropped : 0/68
EDGE (6 ,1) PORT 3: Recv/Dropped : 0/4
EDGE (6 ,1) PORT 4: Recv/Dropped : 0/76
EDGE (6 ,1) PORT 5: Recv/Dropped : 0/82
EDGE (6 ,1) PORT 6: Recv/Dropped : 0/72
EDGE (6 ,1) PORT 7: Recv/Dropped : 0/76
EDGE (6 ,2) PORT 0: Recv/Dropped : 0/2
EDGE (6 ,2) PORT 1: Recv/Dropped : 0/74
EDGE (6 ,2) PORT 2: Recv/Dropped : 0/65
EDGE (6 ,2) PORT 3: Recv/Dropped : 0/2
EDGE (6 ,2) PORT 4: Recv/Dropped : 0/54
EDGE (6 ,2) PORT 5: Recv/Dropped : 0/51
EDGE (6 ,2) PORT 6: Recv/Dropped : 0/62
EDGE (6 ,2) PORT 7: Recv/Dropped : 0/44
EDGE (6 ,3) PORT 0: Recv/Dropped : 0/73
EDGE (6 ,3) PORT 1: Recv/Dropped : 0/4
EDGE (6 ,3) PORT 2: Recv/Dropped : 0/65
EDGE (6 ,3) PORT 3: Recv/Dropped : 0/2
EDGE (6 ,3) PORT 4: Recv/Dropped : 0/51
EDGE (6 ,3) PORT 5: Recv/Dropped : 0/49
EDGE (6 ,3) PORT 6: Recv/Dropped : 0/52
EDGE (6 ,3) PORT 7: Recv/Dropped : 0/60
EDGE (7 ,0) PORT 0: Recv/Dropped : 0/2
EDGE (7 ,0) PORT 1: Recv/Dropped : 0/2
EDGE (7 ,0) PORT 2: Recv/Dropped : 0/69
EDGE (7 ,0) PORT 3: Recv/Dropped : 0/2
EDGE (7 ,0) PORT 4: Recv/Dropped : 0/25
EDGE (7 ,0) PORT 5: Recv/Dropped : 0/34
EDGE (7 ,0) PORT 6: Recv/Dropped : 0/34
EDGE (7 ,0) PORT 7: Recv/Dropped : 0/24
EDGE (7 ,1) PORT 0: Recv/Dropped : 0/2
EDGE (7 ,1) PORT 1: Recv/Dropped : 0/65
EDGE (7 ,1) PORT 2: Recv/Dropped : 0/4
EDGE (7 ,1) PORT 3: Recv/Dropped : 0/2
EDGE (7 ,1) PORT 4: Recv/Dropped : 0/29
EDGE (7 ,1) PORT 5: Recv/Dropped : 0/21
EDGE (7 ,1) PORT 6: Recv/Dropped : 0/32
EDGE (7 ,1) PORT 7: Recv/Dropped : 0/34
EDGE (7 ,2) PORT 0: Recv/Dropped : 0/65
EDGE (7 ,2) PORT 1: Recv/Dropped : 0/73
EDGE (7 ,2) PORT 2: Recv/Dropped : 0/2
EDGE (7 ,2) PORT 3: Recv/Dropped : 0/65
EDGE (7 ,2) PORT 4: Recv/Dropped : 0/81
EDGE (7 ,2) PORT 5: Recv/Dropped : 0/75
EDGE (7 ,2) PORT 6: Recv/Dropped : 0/85
EDGE (7 ,2) PORT 7: Recv/Dropped : 0/67
EDGE (7 ,3) PORT 0: Recv/Dropped : 0/63
EDGE (7 ,3) PORT 1: Recv/Dropped : 0/2
EDGE (7 ,3) PORT 2: Recv/Dropped : 0/2
EDGE (7 ,3) PORT 3: Recv/Dropped : 0/2
EDGE (7 ,3) PORT 4: Recv/Dropped : 0/29
EDGE (7 ,3) PORT 5: Recv/Dropped : 0/29
EDGE (7 ,3) PORT 6: Recv/Dropped : 0/29
EDGE (7 ,3) PORT 7: Recv/Dropped : 0/28
 -- AGG QUEUE STATISTICS --
AGG (0 ,0) PORT 0: Recv/Dropped : 0/1678
AGG (0 ,0) PORT 1: Recv/Dropped : 0/1655
AGG (0 ,0) PORT 2: Recv/Dropped : 0/1711
AGG (0 ,0) PORT 3: Recv/Dropped : 0/1657
AGG (0 ,0) PORT 4: Recv/Dropped : 0/271
AGG (0 ,0) PORT 5: Recv/Dropped : 0/233
AGG (0 ,0) PORT 6: Recv/Dropped : 0/251
AGG (0 ,0) PORT 7: Recv/Dropped : 0/254
AGG (0 ,1) PORT 0: Recv/Dropped : 0/55
AGG (0 ,1) PORT 1: Recv/Dropped : 0/49
AGG (0 ,1) PORT 2: Recv/Dropped : 0/59
AGG (0 ,1) PORT 3: Recv/Dropped : 0/55
AGG (0 ,1) PORT 4: Recv/Dropped : 0/272
AGG (0 ,1) PORT 5: Recv/Dropped : 0/264
AGG (0 ,1) PORT 6: Recv/Dropped : 0/251
AGG (0 ,1) PORT 7: Recv/Dropped : 0/268
AGG (0 ,2) PORT 0: Recv/Dropped : 0/51
AGG (0 ,2) PORT 1: Recv/Dropped : 0/61
AGG (0 ,2) PORT 2: Recv/Dropped : 0/47
AGG (0 ,2) PORT 3: Recv/Dropped : 0/49
AGG (0 ,2) PORT 4: Recv/Dropped : 0/245
AGG (0 ,2) PORT 5: Recv/Dropped : 0/245
AGG (0 ,2) PORT 6: Recv/Dropped : 0/221
AGG (0 ,2) PORT 7: Recv/Dropped : 0/263
AGG (0 ,3) PORT 0: Recv/Dropped : 0/26
AGG (0 ,3) PORT 1: Recv/Dropped : 0/43
AGG (0 ,3) PORT 2: Recv/Dropped : 0/33
AGG (0 ,3) PORT 3: Recv/Dropped : 0/39
AGG (0 ,3) PORT 4: Recv/Dropped : 0/215
AGG (0 ,3) PORT 5: Recv/Dropped : 0/232
AGG (0 ,3) PORT 6: Recv/Dropped : 0/253
AGG (0 ,3) PORT 7: Recv/Dropped : 0/243
AGG (1 ,0) PORT 0: Recv/Dropped : 0/53
AGG (1 ,0) PORT 1: Recv/Dropped : 0/49
AGG (1 ,0) PORT 2: Recv/Dropped : 0/50
AGG (1 ,0) PORT 3: Recv/Dropped : 0/53
AGG (1 ,0) PORT 4: Recv/Dropped : 0/55
AGG (1 ,0) PORT 5: Recv/Dropped : 0/60
AGG (1 ,0) PORT 6: Recv/Dropped : 0/59
AGG (1 ,0) PORT 7: Recv/Dropped : 0/61
AGG (1 ,1) PORT 0: Recv/Dropped : 0/37
AGG (1 ,1) PORT 1: Recv/Dropped : 0/52
AGG (1 ,1) PORT 2: Recv/Dropped : 0/31
AGG (1 ,1) PORT 3: Recv/Dropped : 0/32
AGG (1 ,1) PORT 4: Recv/Dropped : 0/67
AGG (1 ,1) PORT 5: Recv/Dropped : 0/48
AGG (1 ,1) PORT 6: Recv/Dropped : 0/51
AGG (1 ,1) PORT 7: Recv/Dropped : 0/51
AGG (1 ,2) PORT 0: Recv/Dropped : 0/37
AGG (1 ,2) PORT 1: Recv/Dropped : 0/36
AGG (1 ,2) PORT 2: Recv/Dropped : 0/42
AGG (1 ,2) PORT 3: Recv/Dropped : 0/33
AGG (1 ,2) PORT 4: Recv/Dropped : 0/44
AGG (1 ,2) PORT 5: Recv/Dropped : 0/74
AGG (1 ,2) PORT 6: Recv/Dropped : 0/49
AGG (1 ,2) PORT 7: Recv/Dropped : 0/54
AGG (1 ,3) PORT 0: Recv/Dropped : 0/43
AGG (1 ,3) PORT 1: Recv/Dropped : 0/33
AGG (1 ,3) PORT 2: Recv/Dropped : 0/47
AGG (1 ,3) PORT 3: Recv/Dropped : 0/26
AGG (1 ,3) PORT 4: Recv/Dropped : 0/53
AGG (1 ,3) PORT 5: Recv/Dropped : 0/81
AGG (1 ,3) PORT 6: Recv/Dropped : 0/62
AGG (1 ,3) PORT 7: Recv/Dropped : 0/58
AGG (2 ,0) PORT 0: Recv/Dropped : 0/48
AGG (2 ,0) PORT 1: Recv/Dropped : 0/40
AGG (2 ,0) PORT 2: Recv/Dropped : 0/30
AGG (2 ,0) PORT 3: Recv/Dropped : 0/36
AGG (2 ,0) PORT 4: Recv/Dropped : 0/63
AGG (2 ,0) PORT 5: Recv/Dropped : 0/51
AGG (2 ,0) PORT 6: Recv/Dropped : 0/55
AGG (2 ,0) PORT 7: Recv/Dropped : 0/66
AGG (2 ,1) PORT 0: Recv/Dropped : 0/62
AGG (2 ,1) PORT 1: Recv/Dropped : 0/46
AGG (2 ,1) PORT 2: Recv/Dropped : 0/61
AGG (2 ,1) PORT 3: Recv/Dropped : 0/50
AGG (2 ,1) PORT 4: Recv/Dropped : 0/74
AGG (2 ,1) PORT 5: Recv/Dropped : 0/62
AGG (2 ,1) PORT 6: Recv/Dropped : 0/64
AGG (2 ,1) PORT 7: Recv/Dropped : 0/65
AGG (2 ,2) PORT 0: Recv/Dropped : 0/57
AGG (2 ,2) PORT 1: Recv/Dropped : 0/71
AGG (2 ,2) PORT 2: Recv/Dropped : 0/40
AGG (2 ,2) PORT 3: Recv/Dropped : 0/43
AGG (2 ,2) PORT 4: Recv/Dropped : 0/67
AGG (2 ,2) PORT 5: Recv/Dropped : 0/52
AGG (2 ,2) PORT 6: Recv/Dropped : 0/69
AGG (2 ,2) PORT 7: Recv/Dropped : 0/56
AGG (2 ,3) PORT 0: Recv/Dropped : 0/43
AGG (2 ,3) PORT 1: Recv/Dropped : 0/37
AGG (2 ,3) PORT 2: Recv/Dropped : 0/26
AGG (2 ,3) PORT 3: Recv/Dropped : 0/36
AGG (2 ,3) PORT 4: Recv/Dropped : 0/78
AGG (2 ,3) PORT 5: Recv/Dropped : 0/72
AGG (2 ,3) PORT 6: Recv/Dropped : 0/75
AGG (2 ,3) PORT 7: Recv/Dropped : 0/61
AGG (3 ,0) PORT 0: Recv/Dropped : 0/21
AGG (3 ,0) PORT 1: Recv/Dropped : 0/21
AGG (3 ,0) PORT 2: Recv/Dropped : 0/24
AGG (3 ,0) PORT 3: Recv/Dropped : 0/16
AGG (3 ,0) PORT 4: Recv/Dropped : 0/66
AGG (3 ,0) PORT 5: Recv/Dropped : 0/49
AGG (3 ,0) PORT 6: Recv/Dropped : 0/51
AGG (3 ,0) PORT 7: Recv/Dropped : 0/64
AGG (3 ,1) PORT 0: Recv/Dropped : 0/25
AGG (3 ,1) PORT 1: Recv/Dropped : 0/41
AGG (3 ,1) PORT 2: Recv/Dropped : 0/32
AGG (3 ,1) PORT 3: Recv/Dropped : 0/40
AGG (3 ,1) PORT 4: Recv/Dropped : 0/49
AGG (3 ,1) PORT 5: Recv/Dropped : 0/53
AGG (3 ,1) PORT 6: Recv/Dropped : 0/46
AGG (3 ,1) PORT 7: Recv/Dropped : 0/55
AGG (3 ,2) PORT 0: Recv/Dropped : 0/66
AGG (3 ,2) PORT 1: Recv/Dropped : 0/73
AGG (3 ,2) PORT 2: Recv/Dropped : 0/63
AGG (3 ,2) PORT 3: Recv/Dropped : 0/69
AGG (3 ,2) PORT 4: Recv/Dropped : 0/55
AGG (3 ,2) PORT 5: Recv/Dropped : 0/47
AGG (3 ,2) PORT 6: Recv/Dropped : 0/62
AGG (3 ,2) PORT 7: Recv/Dropped : 0/59
AGG (3 ,3) PORT 0: Recv/Dropped : 0/23
AGG (3 ,3) PORT 1: Recv/Dropped : 0/17
AGG (3 ,3) PORT 2: Recv/Dropped : 0/20
AGG (3 ,3) PORT 3: Recv/Dropped : 0/11
AGG (3 ,3) PORT 4: Recv/Dropped : 0/39
AGG (3 ,3) PORT 5: Recv/Dropped : 0/50
AGG (3 ,3) PORT 6: Recv/Dropped : 0/58
AGG (3 ,3) PORT 7: Recv/Dropped : 0/36
AGG (4 ,0) PORT 0: Recv/Dropped : 0/51
AGG (4 ,0) PORT 1: Recv/Dropped : 0/54
AGG (4 ,0) PORT 2: Recv/Dropped : 0/47
AGG (4 ,0) PORT 3: Recv/Dropped : 0/48
AGG (4 ,0) PORT 4: Recv/Dropped : 0/47
AGG (4 ,0) PORT 5: Recv/Dropped : 0/49
AGG (4 ,0) PORT 6: Recv/Dropped : 0/52
AGG (4 ,0) PORT 7: Recv/Dropped : 0/50
AGG (4 ,1) PORT 0: Recv/Dropped : 0/30
AGG (4 ,1) PORT 1: Recv/Dropped : 0/35
AGG (4 ,1) PORT 2: Recv/Dropped : 0/37
AGG (4 ,1) PORT 3: Recv/Dropped : 0/32
AGG (4 ,1) PORT 4: Recv/Dropped : 0/53
AGG (4 ,1) PORT 5: Recv/Dropped : 0/43
AGG (4 ,1) PORT 6: Recv/Dropped : 0/36
AGG (4 ,1) PORT 7: Recv/Dropped : 0/49
AGG (4 ,2) PORT 0: Recv/Dropped : 0/17
AGG (4 ,2) PORT 1: Recv/Dropped : 0/26
AGG (4 ,2) PORT 2: Recv/Dropped : 0/31
AGG (4 ,2) PORT 3: Recv/Dropped : 0/16
AGG (4 ,2) PORT 4: Recv/Dropped : 0/47
AGG (4 ,2) PORT 5: Recv/Dropped : 0/47
AGG (4 ,2) PORT 6: Recv/Dropped : 0/53
AGG (4 ,2) PORT 7: Recv/Dropped : 0/46
AGG (4 ,3) PORT 0: Recv/Dropped : 0/20
AGG (4 ,3) PORT 1: Recv/Dropped : 0/25
AGG (4 ,3) PORT 2: Recv/Dropped : 0/19
AGG (4 ,3) PORT 3: Recv/Dropped : 0/16
AGG (4 ,3) PORT 4: Recv/Dropped : 0/54
AGG (4 ,3) PORT 5: Recv/Dropped : 0/44
AGG (4 ,3) PORT 6: Recv/Dropped : 0/38
AGG (4 ,3) PORT 7: Recv/Dropped : 0/37
AGG (5 ,0) PORT 0: Recv/Dropped : 0/40
AGG (5 ,0) PORT 1: Recv/Dropped : 0/41
AGG (5 ,0) PORT 2: Recv/Dropped : 0/38
AGG (5 ,0) PORT 3: Recv/Dropped : 0/26
AGG (5 ,0) PORT 4: Recv/Dropped : 0/56
AGG (5 ,0) PORT 5: Recv/Dropped : 0/60
AGG (5 ,0) PORT 6: Recv/Dropped : 0/51
AGG (5 ,0) PORT 7: Recv/Dropped : 0/59
AGG (5 ,1) PORT 0: Recv/Dropped : 0/17
AGG (5 ,1) PORT 1: Recv/Dropped : 0/24
AGG (5 ,1) PORT 2: Recv/Dropped : 0/18
AGG (5 ,1) PORT 3: Recv/Dropped : 0/20
AGG (5 ,1) PORT 4: Recv/Dropped : 0/52
AGG (5 ,1) PORT 5: Recv/Dropped : 0/58
AGG (5 ,1) PORT 6: Recv/Dropped : 0/56
AGG (5 ,1) PORT 7: Recv/Dropped : 0/39
AGG (5 ,2) PORT 0: Recv/Dropped : 0/43
AGG (5 ,2) PORT 1: Recv/Dropped : 0/44
AGG (5 ,2) PORT 2: Recv/Dropped : 0/58
AGG (5 ,2) PORT 3: Recv/Dropped : 0/51
AGG (5 ,2) PORT 4: Recv/Dropped : 0/61
AGG (5 ,2) PORT 5: Recv/Dropped : 0/52
AGG (5 ,2) PORT 6: Recv/Dropped : 0/56
AGG (5 ,2) PORT 7: Recv/Dropped : 0/49
AGG (5 ,3) PORT 0: Recv/Dropped : 0/37
AGG (5 ,3) PORT 1: Recv/Dropped : 0/31
AGG (5 ,3) PORT 2: Recv/Dropped : 0/31
AGG (5 ,3) PORT 3: Recv/Dropped : 0/35
AGG (5 ,3) PORT 4: Recv/Dropped : 0/49
AGG (5 ,3) PORT 5: Recv/Dropped : 0/51
AGG (5 ,3) PORT 6: Recv/Dropped : 0/48
AGG (5 ,3) PORT 7: Recv/Dropped : 0/45
AGG (6 ,0) PORT 0: Recv/Dropped : 0/12
AGG (6 ,0) PORT 1: Recv/Dropped : 0/22
AGG (6 ,0) PORT 2: Recv/Dropped : 0/16
AGG (6 ,0) PORT 3: Recv/Dropped : 0/19
AGG (6 ,0) PORT 4: Recv/Dropped : 0/42
AGG (6 ,0) PORT 5: Recv/Dropped : 0/53
AGG (6 ,0) PORT 6: Recv/Dropped : 0/48
AGG (6 ,0) PORT 7: Recv/Dropped : 0/61
AGG (6 ,1) PORT 0: Recv/Dropped : 0/59
AGG (6 ,1) PORT 1: Recv/Dropped : 0/47
AGG (6 ,1) PORT 2: Recv/Dropped : 0/56
AGG (6 ,1) PORT 3: Recv/Dropped : 0/41
AGG (6 ,1) PORT 4: Recv/Dropped : 0/44
AGG (6 ,1) PORT 5: Recv/Dropped : 0/52
AGG (6 ,1) PORT 6: Recv/Dropped : 0/52
AGG (6 ,1) PORT 7: Recv/Dropped : 0/61
AGG (6 ,2) PORT 0: Recv/Dropped : 0/38
AGG (6 ,2) PORT 1: Recv/Dropped : 0/42
AGG (6 ,2) PORT 2: Recv/Dropped : 0/27
AGG (6 ,2) PORT 3: Recv/Dropped : 0/36
AGG (6 ,2) PORT 4: Recv/Dropped : 0/52
AGG (6 ,2) PORT 5: Recv/Dropped : 0/60
AGG (6 ,2) PORT 6: Recv/Dropped : 0/57
AGG (6 ,2) PORT 7: Recv/Dropped : 0/55
AGG (6 ,3) PORT 0: Recv/Dropped : 0/31
AGG (6 ,3) PORT 1: Recv/Dropped : 0/41
AGG (6 ,3) PORT 2: Recv/Dropped : 0/32
AGG (6 ,3) PORT 3: Recv/Dropped : 0/40
AGG (6 ,3) PORT 4: Recv/Dropped : 0/47
AGG (6 ,3) PORT 5: Recv/Dropped : 0/56
AGG (6 ,3) PORT 6: Recv/Dropped : 0/55
AGG (6 ,3) PORT 7: Recv/Dropped : 0/48
AGG (7 ,0) PORT 0: Recv/Dropped : 0/20
AGG (7 ,0) PORT 1: Recv/Dropped : 0/19
AGG (7 ,0) PORT 2: Recv/Dropped : 0/16
AGG (7 ,0) PORT 3: Recv/Dropped : 0/20
AGG (7 ,0) PORT 4: Recv/Dropped : 0/46
AGG (7 ,0) PORT 5: Recv/Dropped : 0/35
AGG (7 ,0) PORT 6: Recv/Dropped : 0/44
AGG (7 ,0) PORT 7: Recv/Dropped : 0/39
AGG (7 ,1) PORT 0: Recv/Dropped : 0/15
AGG (7 ,1) PORT 1: Recv/Dropped : 0/23
AGG (7 ,1) PORT 2: Recv/Dropped : 0/15
AGG (7 ,1) PORT 3: Recv/Dropped : 0/20
AGG (7 ,1) PORT 4: Recv/Dropped : 0/46
AGG (7 ,1) PORT 5: Recv/Dropped : 0/42
AGG (7 ,1) PORT 6: Recv/Dropped : 0/34
AGG (7 ,1) PORT 7: Recv/Dropped : 0/37
AGG (7 ,2) PORT 0: Recv/Dropped : 0/48
AGG (7 ,2) PORT 1: Recv/Dropped : 0/46
AGG (7 ,2) PORT 2: Recv/Dropped : 0/50
AGG (7 ,2) PORT 3: Recv/Dropped : 0/61
AGG (7 ,2) PORT 4: Recv/Dropped : 0/50
AGG (7 ,2) PORT 5: Recv/Dropped : 0/40
AGG (7 ,2) PORT 6: Recv/Dropped : 0/38
AGG (7 ,2) PORT 7: Recv/Dropped : 0/52
AGG (7 ,3) PORT 0: Recv/Dropped : 0/16
AGG (7 ,3) PORT 1: Recv/Dropped : 0/19
AGG (7 ,3) PORT 2: Recv/Dropped : 0/17
AGG (7 ,3) PORT 3: Recv/Dropped : 0/17
AGG (7 ,3) PORT 4: Recv/Dropped : 0/48
AGG (7 ,3) PORT 5: Recv/Dropped : 0/34
AGG (7 ,3) PORT 6: Recv/Dropped : 0/38
AGG (7 ,3) PORT 7: Recv/Dropped : 0/33


TOTAL RECEIVED PACKETS = 43781
TOTAL DROPPED PACKETS = 359