QUEUE STATISTICS FOR EXPERIMENT 2841
---------------------------
 -- EDGE QUEUE STATISTICS --
EDGE (0 ,0) PORT 0: Recv/Dropped : 0/1992
EDGE (0 ,0) PORT 1: Recv/Dropped : 0/1709
EDGE (0 ,0) PORT 2: Recv/Dropped : 0/2414
EDGE (0 ,0) PORT 3: Recv/Dropped : 0/3035
EDGE (0 ,0) PORT 4: Recv/Dropped : 0/2077
EDGE (0 ,0) PORT 5: Recv/Dropped : 0/1535
EDGE (0 ,0) PORT 6: Recv/Dropped : 0/2102
EDGE (0 ,0) PORT 7: Recv/Dropped : 0/2585
EDGE (0 ,1) PORT 0: Recv/Dropped : 0/1966
EDGE (0 ,1) PORT 1: Recv/Dropped : 0/1716
EDGE (0 ,1) PORT 2: Recv/Dropped : 0/2329
EDGE (0 ,1) PORT 3: Recv/Dropped : 0/2887
EDGE (0 ,1) PORT 4: Recv/Dropped : 0/2013
EDGE (0 ,1) PORT 5: Recv/Dropped : 0/1272
EDGE (0 ,1) PORT 6: Recv/Dropped : 0/1894
EDGE (0 ,1) PORT 7: Recv/Dropped : 0/1519
EDGE (0 ,2) PORT 0: Recv/Dropped : 0/1533
EDGE (0 ,2) PORT 1: Recv/Dropped : 0/1968
EDGE (0 ,2) PORT 2: Recv/Dropped : 0/4082
EDGE (0 ,2) PORT 3: Recv/Dropped : 0/1401
EDGE (0 ,2) PORT 4: Recv/Dropped : 0/2581
EDGE (0 ,2) PORT 5: Recv/Dropped : 0/1705
EDGE (0 ,2) PORT 6: Recv/Dropped : 0/1028
EDGE (0 ,2) PORT 7: Recv/Dropped : 0/2406
EDGE (0 ,3) PORT 0: Recv/Dropped : 0/4837
EDGE (0 ,3) PORT 1: Recv/Dropped : 0/2689
EDGE (0 ,3) PORT 2: Recv/Dropped : 0/3347
EDGE (0 ,3) PORT 3: Recv/Dropped : 0/3256
EDGE (0 ,3) PORT 4: Recv/Dropped : 0/3437
EDGE (0 ,3) PORT 5: Recv/Dropped : 0/3570
EDGE (0 ,3) PORT 6: Recv/Dropped : 0/2852
EDGE (0 ,3) PORT 7: Recv/Dropped : 0/2670
EDGE (1 ,0) PORT 0: Recv/Dropped : 0/2652
EDGE (1 ,0) PORT 1: Recv/Dropped : 0/1711
EDGE (1 ,0) PORT 2: Recv/Dropped : 0/3060
EDGE (1 ,0) PORT 3: Recv/Dropped : 0/2982
EDGE (1 ,0) PORT 4: Recv/Dropped : 0/1785
EDGE (1 ,0) PORT 5: Recv/Dropped : 0/2350
EDGE (1 ,0) PORT 6: Recv/Dropped : 0/1842
EDGE (1 ,0) PORT 7: Recv/Dropped : 0/1326
EDGE (1 ,1) PORT 0: Recv/Dropped : 0/3776
EDGE (1 ,1) PORT 1: Recv/Dropped : 0/2185
EDGE (1 ,1) PORT 2: Recv/Dropped : 0/2554
EDGE (1 ,1) PORT 3: Recv/Dropped : 0/1856
EDGE (1 ,1) PORT 4: Recv/Dropped : 0/2958
EDGE (1 ,1) PORT 5: Recv/Dropped : 0/1404
EDGE (1 ,1) PORT 6: Recv/Dropped : 0/1559
EDGE (1 ,1) PORT 7: Recv/Dropped : 0/1860
EDGE (1 ,2) PORT 0: Recv/Dropped : 0/1489
EDGE (1 ,2) PORT 1: Recv/Dropped : 0/1216
EDGE (1 ,2) PORT 2: Recv/Dropped : 0/2317
EDGE (1 ,2) PORT 3: Recv/Dropped : 0/1811
EDGE (1 ,2) PORT 4: Recv/Dropped : 0/1810
EDGE (1 ,2) PORT 5: Recv/Dropped : 0/2086
EDGE (1 ,2) PORT 6: Recv/Dropped : 0/1248
EDGE (1 ,2) PORT 7: Recv/Dropped : 0/1443
EDGE (1 ,3) PORT 0: Recv/Dropped : 0/1621
EDGE (1 ,3) PORT 1: Recv/Dropped : 0/3258
EDGE (1 ,3) PORT 2: Recv/Dropped : 0/2276
EDGE (1 ,3) PORT 3: Recv/Dropped : 0/1894
EDGE (1 ,3) PORT 4: Recv/Dropped : 0/1513
EDGE (1 ,3) PORT 5: Recv/Dropped : 0/3194
EDGE (1 ,3) PORT 6: Recv/Dropped : 0/1792
EDGE (1 ,3) PORT 7: Recv/Dropped : 0/1676
EDGE (2 ,0) PORT 0: Recv/Dropped : 0/2898
EDGE (2 ,0) PORT 1: Recv/Dropped : 0/2791
EDGE (2 ,0) PORT 2: Recv/Dropped : 0/5096
EDGE (2 ,0) PORT 3: Recv/Dropped : 0/3926
EDGE (2 ,0) PORT 4: Recv/Dropped : 0/2108
EDGE (2 ,0) PORT 5: Recv/Dropped : 0/4384
EDGE (2 ,0) PORT 6: Recv/Dropped : 0/4485
EDGE (2 ,0) PORT 7: Recv/Dropped : 0/2523
EDGE (2 ,1) PORT 0: Recv/Dropped : 0/3345
EDGE (2 ,1) PORT 1: Recv/Dropped : 0/1942
EDGE (2 ,1) PORT 2: Recv/Dropped : 0/2033
EDGE (2 ,1) PORT 3: Recv/Dropped : 0/2867
EDGE (2 ,1) PORT 4: Recv/Dropped : 0/2501
EDGE (2 ,1) PORT 5: Recv/Dropped : 0/2819
EDGE (2 ,1) PORT 6: Recv/Dropped : 0/829
EDGE (2 ,1) PORT 7: Recv/Dropped : 0/3256
EDGE (2 ,2) PORT 0: Recv/Dropped : 0/4349
EDGE (2 ,2) PORT 1: Recv/Dropped : 0/3092
EDGE (2 ,2) PORT 2: Recv/Dropped : 0/2202
EDGE (2 ,2) PORT 3: Recv/Dropped : 0/2801
EDGE (2 ,2) PORT 4: Recv/Dropped : 0/3545
EDGE (2 ,2) PORT 5: Recv/Dropped : 0/1672
EDGE (2 ,2) PORT 6: Recv/Dropped : 0/3428
EDGE (2 ,2) PORT 7: Recv/Dropped : 0/2009
EDGE (2 ,3) PORT 0: Recv/Dropped : 0/2397
EDGE (2 ,3) PORT 1: Recv/Dropped : 0/2443
EDGE (2 ,3) PORT 2: Recv/Dropped : 0/1810
EDGE (2 ,3) PORT 3: Recv/Dropped : 0/2819
EDGE (2 ,3) PORT 4: Recv/Dropped : 0/1750
EDGE (2 ,3) PORT 5: Recv/Dropped : 0/2171
EDGE (2 ,3) PORT 6: Recv/Dropped : 0/2185
EDGE (2 ,3) PORT 7: Recv/Dropped : 0/2288
EDGE (3 ,0) PORT 0: Recv/Dropped : 0/1434
EDGE (3 ,0) PORT 1: Recv/Dropped : 0/2668
EDGE (3 ,0) PORT 2: Recv/Dropped : 0/2726
EDGE (3 ,0) PORT 3: Recv/Dropped : 0/3920
EDGE (3 ,0) PORT 4: Recv/Dropped : 0/1887
EDGE (3 ,0) PORT 5: Recv/Dropped : 0/2413
EDGE (3 ,0) PORT 6: Recv/Dropped : 0/1449
EDGE (3 ,0) PORT 7: Recv/Dropped : 0/2536
EDGE (3 ,1) PORT 0: Recv/Dropped : 0/3929
EDGE (3 ,1) PORT 1: Recv/Dropped : 0/1921
EDGE (3 ,1) PORT 2: Recv/Dropped : 0/2718
EDGE (3 ,1) PORT 3: Recv/Dropped : 0/3160
EDGE (3 ,1) PORT 4: Recv/Dropped : 0/2724
EDGE (3 ,1) PORT 5: Recv/Dropped : 0/2838
EDGE (3 ,1) PORT 6: Recv/Dropped : 0/2162
EDGE (3 ,1) PORT 7: Recv/Dropped : 0/1999
EDGE (3 ,2) PORT 0: Recv/Dropped : 0/2128
EDGE (3 ,2) PORT 1: Recv/Dropped : 0/1501
EDGE (3 ,2) PORT 2: Recv/Dropped : 0/1853
EDGE (3 ,2) PORT 3: Recv/Dropped : 0/1562
EDGE (3 ,2) PORT 4: Recv/Dropped : 0/1157
EDGE (3 ,2) PORT 5: Recv/Dropped : 0/1022
EDGE (3 ,2) PORT 6: Recv/Dropped : 0/1718
EDGE (3 ,2) PORT 7: Recv/Dropped : 0/1444
EDGE (3 ,3) PORT 0: Recv/Dropped : 0/2098
EDGE (3 ,3) PORT 1: Recv/Dropped : 0/4235
EDGE (3 ,3) PORT 2: Recv/Dropped : 0/2626
EDGE (3 ,3) PORT 3: Recv/Dropped : 0/2240
EDGE (3 ,3) PORT 4: Recv/Dropped : 0/2524
EDGE (3 ,3) PORT 5: Recv/Dropped : 0/1823
EDGE (3 ,3) PORT 6: Recv/Dropped : 0/1767
EDGE (3 ,3) PORT 7: Recv/Dropped : 0/1288
EDGE (4 ,0) PORT 0: Recv/Dropped : 0/2790
EDGE (4 ,0) PORT 1: Recv/Dropped : 0/4489
EDGE (4 ,0) PORT 2: Recv/Dropped : 0/2520
EDGE (4 ,0) PORT 3: Recv/Dropped : 0/1843
EDGE (4 ,0) PORT 4: Recv/Dropped : 0/767
EDGE (4 ,0) PORT 5: Recv/Dropped : 0/1983
EDGE (4 ,0) PORT 6: Recv/Dropped : 0/3259
EDGE (4 ,0) PORT 7: Recv/Dropped : 0/3829
EDGE (4 ,1) PORT 0: Recv/Dropped : 0/1495
EDGE (4 ,1) PORT 1: Recv/Dropped : 0/2971
EDGE (4 ,1) PORT 2: Recv/Dropped : 0/2442
EDGE (4 ,1) PORT 3: Recv/Dropped : 0/3044
EDGE (4 ,1) PORT 4: Recv/Dropped : 0/1826
EDGE (4 ,1) PORT 5: Recv/Dropped : 0/1207
EDGE (4 ,1) PORT 6: Recv/Dropped : 0/1622
EDGE (4 ,1) PORT 7: Recv/Dropped : 0/2046
EDGE (4 ,2) PORT 0: Recv/Dropped : 0/3162
EDGE (4 ,2) PORT 1: Recv/Dropped : 0/3358
EDGE (4 ,2) PORT 2: Recv/Dropped : 0/2525
EDGE (4 ,2) PORT 3: Recv/Dropped : 0/2620
EDGE (4 ,2) PORT 4: Recv/Dropped : 0/1888
EDGE (4 ,2) PORT 5: Recv/Dropped : 0/1518
EDGE (4 ,2) PORT 6: Recv/Dropped : 0/2034
EDGE (4 ,2) PORT 7: Recv/Dropped : 0/2381
EDGE (4 ,3) PORT 0: Recv/Dropped : 0/2262
EDGE (4 ,3) PORT 1: Recv/Dropped : 0/1947
EDGE (4 ,3) PORT 2: Recv/Dropped : 0/2596
EDGE (4 ,3) PORT 3: Recv/Dropped : 0/2980
EDGE (4 ,3) PORT 4: Recv/Dropped : 0/1321
EDGE (4 ,3) PORT 5: Recv/Dropped : 0/1619
EDGE (4 ,3) PORT 6: Recv/Dropped : 0/1941
EDGE (4 ,3) PORT 7: Recv/Dropped : 0/2228
EDGE (5 ,0) PORT 0: Recv/Dropped : 0/3889
EDGE (5 ,0) PORT 1: Recv/Dropped : 0/2551
EDGE (5 ,0) PORT 2: Recv/Dropped : 0/2855
EDGE (5 ,0) PORT 3: Recv/Dropped : 0/3722
EDGE (5 ,0) PORT 4: Recv/Dropped : 0/1498
EDGE (5 ,0) PORT 5: Recv/Dropped : 0/2313
EDGE (5 ,0) PORT 6: Recv/Dropped : 0/2396
EDGE (5 ,0) PORT 7: Recv/Dropped : 0/1630
EDGE (5 ,1) PORT 0: Recv/Dropped : 0/1189
EDGE (5 ,1) PORT 1: Recv/Dropped : 0/3750
EDGE (5 ,1) PORT 2: Recv/Dropped : 0/2594
EDGE (5 ,1) PORT 3: Recv/Dropped : 0/2836
EDGE (5 ,1) PORT 4: Recv/Dropped : 0/2019
EDGE (5 ,1) PORT 5: Recv/Dropped : 0/1892
EDGE (5 ,1) PORT 6: Recv/Dropped : 0/2517
EDGE (5 ,1) PORT 7: Recv/Dropped : 0/2320
EDGE (5 ,2) PORT 0: Recv/Dropped : 0/1876
EDGE (5 ,2) PORT 1: Recv/Dropped : 0/3746
EDGE (5 ,2) PORT 2: Recv/Dropped : 0/3561
EDGE (5 ,2) PORT 3: Recv/Dropped : 0/3343
EDGE (5 ,2) PORT 4: Recv/Dropped : 0/2462
EDGE (5 ,2) PORT 5: Recv/Dropped : 0/2967
EDGE (5 ,2) PORT 6: Recv/Dropped : 0/2126
EDGE (5 ,2) PORT 7: Recv/Dropped : 0/3039
EDGE (5 ,3) PORT 0: Recv/Dropped : 0/3024
EDGE (5 ,3) PORT 1: Recv/Dropped : 0/1783
EDGE (5 ,3) PORT 2: Recv/Dropped : 0/2351
EDGE (5 ,3) PORT 3: Recv/Dropped : 0/3746
EDGE (5 ,3) PORT 4: Recv/Dropped : 0/1465
EDGE (5 ,3) PORT 5: Recv/Dropped : 0/2146
EDGE (5 ,3) PORT 6: Recv/Dropped : 0/3010
EDGE (5 ,3) PORT 7: Recv/Dropped : 0/2944
EDGE (6 ,0) PORT 0: Recv/Dropped : 0/2269
EDGE (6 ,0) PORT 1: Recv/Dropped : 0/1916
EDGE (6 ,0) PORT 2: Recv/Dropped : 0/1784
EDGE (6 ,0) PORT 3: Recv/Dropped : 0/1699
EDGE (6 ,0) PORT 4: Recv/Dropped : 0/1628
EDGE (6 ,0) PORT 5: Recv/Dropped : 0/2214
EDGE (6 ,0) PORT 6: Recv/Dropped : 0/1202
EDGE (6 ,0) PORT 7: Recv/Dropped : 0/3126
EDGE (6 ,1) PORT 0: Recv/Dropped : 0/3058
EDGE (6 ,1) PORT 1: Recv/Dropped : 0/1659
EDGE (6 ,1) PORT 2: Recv/Dropped : 0/3419
EDGE (6 ,1) PORT 3: Recv/Dropped : 0/4318
EDGE (6 ,1) PORT 4: Recv/Dropped : 0/3298
EDGE (6 ,1) PORT 5: Recv/Dropped : 0/2646
EDGE (6 ,1) PORT 6: Recv/Dropped : 0/2874
EDGE (6 ,1) PORT 7: Recv/Dropped : 0/3516
EDGE (6 ,2) PORT 0: Recv/Dropped : 0/4414
EDGE (6 ,2) PORT 1: Recv/Dropped : 0/2206
EDGE (6 ,2) PORT 2: Recv/Dropped : 0/2431
EDGE (6 ,2) PORT 3: Recv/Dropped : 0/4645
EDGE (6 ,2) PORT 4: Recv/Dropped : 0/2641
EDGE (6 ,2) PORT 5: Recv/Dropped : 0/2144
EDGE (6 ,2) PORT 6: Recv/Dropped : 0/2553
EDGE (6 ,2) PORT 7: Recv/Dropped : 0/2381
EDGE (6 ,3) PORT 0: Recv/Dropped : 0/1737
EDGE (6 ,3) PORT 1: Recv/Dropped : 0/3633
EDGE (6 ,3) PORT 2: Recv/Dropped : 0/2287
EDGE (6 ,3) PORT 3: Recv/Dropped : 0/3054
EDGE (6 ,3) PORT 4: Recv/Dropped : 0/2213
EDGE (6 ,3) PORT 5: Recv/Dropped : 0/2105
EDGE (6 ,3) PORT 6: Recv/Dropped : 0/3092
EDGE (6 ,3) PORT 7: Recv/Dropped : 0/2085
EDGE (7 ,0) PORT 0: Recv/Dropped : 0/2815
EDGE (7 ,0) PORT 1: Recv/Dropped : 0/1863
EDGE (7 ,0) PORT 2: Recv/Dropped : 0/1428
EDGE (7 ,0) PORT 3: Recv/Dropped : 0/2908
EDGE (7 ,0) PORT 4: Recv/Dropped : 0/1847
EDGE (7 ,0) PORT 5: Recv/Dropped : 0/1237
EDGE (7 ,0) PORT 6: Recv/Dropped : 0/1917
EDGE (7 ,0) PORT 7: Recv/Dropped : 0/2061
EDGE (7 ,1) PORT 0: Recv/Dropped : 0/1462
EDGE (7 ,1) PORT 1: Recv/Dropped : 0/2809
EDGE (7 ,1) PORT 2: Recv/Dropped : 0/1865
EDGE (7 ,1) PORT 3: Recv/Dropped : 0/999
EDGE (7 ,1) PORT 4: Recv/Dropped : 0/1619
EDGE (7 ,1) PORT 5: Recv/Dropped : 0/1622
EDGE (7 ,1) PORT 6: Recv/Dropped : 0/2661
EDGE (7 ,1) PORT 7: Recv/Dropped : 0/1159
EDGE (7 ,2) PORT 0: Recv/Dropped : 0/4279
EDGE (7 ,2) PORT 1: Recv/Dropped : 0/5235
EDGE (7 ,2) PORT 2: Recv/Dropped : 0/6414
EDGE (7 ,2) PORT 3: Recv/Dropped : 0/2442
EDGE (7 ,2) PORT 4: Recv/Dropped : 0/4285
EDGE (7 ,2) PORT 5: Recv/Dropped : 0/3344
EDGE (7 ,2) PORT 6: Recv/Dropped : 0/3843
EDGE (7 ,2) PORT 7: Recv/Dropped : 0/2815
EDGE (7 ,3) PORT 0: Recv/Dropped : 0/3777
EDGE (7 ,3) PORT 1: Recv/Dropped : 0/3630
EDGE (7 ,3) PORT 2: Recv/Dropped : 0/3023
EDGE (7 ,3) PORT 3: Recv/Dropped : 0/3545
EDGE (7 ,3) PORT 4: Recv/Dropped : 0/3360
EDGE (7 ,3) PORT 5: Recv/Dropped : 0/3572
EDGE (7 ,3) PORT 6: Recv/Dropped : 0/1808
EDGE (7 ,3) PORT 7: Recv/Dropped : 0/3128
 -- AGG QUEUE STATISTICS --
AGG (0 ,0) PORT 0: Recv/Dropped : 0/1399
AGG (0 ,0) PORT 1: Recv/Dropped : 0/2385
AGG (0 ,0) PORT 2: Recv/Dropped : 0/2076
AGG (0 ,0) PORT 3: Recv/Dropped : 0/1614
AGG (0 ,0) PORT 4: Recv/Dropped : 0/1145
AGG (0 ,0) PORT 5: Recv/Dropped : 0/1226
AGG (0 ,0) PORT 6: Recv/Dropped : 0/1790
AGG (0 ,0) PORT 7: Recv/Dropped : 0/2200
AGG (0 ,1) PORT 0: Recv/Dropped : 0/1469
AGG (0 ,1) PORT 1: Recv/Dropped : 0/1894
AGG (0 ,1) PORT 2: Recv/Dropped : 0/1523
AGG (0 ,1) PORT 3: Recv/Dropped : 0/2322
AGG (0 ,1) PORT 4: Recv/Dropped : 0/1276
AGG (0 ,1) PORT 5: Recv/Dropped : 0/858
AGG (0 ,1) PORT 6: Recv/Dropped : 0/1007
AGG (0 ,1) PORT 7: Recv/Dropped : 0/1448
AGG (0 ,2) PORT 0: Recv/Dropped : 0/2028
AGG (0 ,2) PORT 1: Recv/Dropped : 0/2450
AGG (0 ,2) PORT 2: Recv/Dropped : 0/1695
AGG (0 ,2) PORT 3: Recv/Dropped : 0/1401
AGG (0 ,2) PORT 4: Recv/Dropped : 0/704
AGG (0 ,2) PORT 5: Recv/Dropped : 0/1867
AGG (0 ,2) PORT 6: Recv/Dropped : 0/1544
AGG (0 ,2) PORT 7: Recv/Dropped : 0/947
AGG (0 ,3) PORT 0: Recv/Dropped : 0/3438
AGG (0 ,3) PORT 1: Recv/Dropped : 0/2392
AGG (0 ,3) PORT 2: Recv/Dropped : 0/2356
AGG (0 ,3) PORT 3: Recv/Dropped : 0/3198
AGG (0 ,3) PORT 4: Recv/Dropped : 0/1789
AGG (0 ,3) PORT 5: Recv/Dropped : 0/1299
AGG (0 ,3) PORT 6: Recv/Dropped : 0/1553
AGG (0 ,3) PORT 7: Recv/Dropped : 0/753
AGG (1 ,0) PORT 0: Recv/Dropped : 0/2584
AGG (1 ,0) PORT 1: Recv/Dropped : 0/2498
AGG (1 ,0) PORT 2: Recv/Dropped : 0/1538
AGG (1 ,0) PORT 3: Recv/Dropped : 0/2104
AGG (1 ,0) PORT 4: Recv/Dropped : 0/1178
AGG (1 ,0) PORT 5: Recv/Dropped : 0/1315
AGG (1 ,0) PORT 6: Recv/Dropped : 0/900
AGG (1 ,0) PORT 7: Recv/Dropped : 0/2402
AGG (1 ,1) PORT 0: Recv/Dropped : 0/1519
AGG (1 ,1) PORT 1: Recv/Dropped : 0/2030
AGG (1 ,1) PORT 2: Recv/Dropped : 0/2163
AGG (1 ,1) PORT 3: Recv/Dropped : 0/2686
AGG (1 ,1) PORT 4: Recv/Dropped : 0/2457
AGG (1 ,1) PORT 5: Recv/Dropped : 0/1357
AGG (1 ,1) PORT 6: Recv/Dropped : 0/1342
AGG (1 ,1) PORT 7: Recv/Dropped : 0/985
AGG (1 ,2) PORT 0: Recv/Dropped : 0/1558
AGG (1 ,2) PORT 1: Recv/Dropped : 0/1101
AGG (1 ,2) PORT 2: Recv/Dropped : 0/1721
AGG (1 ,2) PORT 3: Recv/Dropped : 0/1170
AGG (1 ,2) PORT 4: Recv/Dropped : 0/1080
AGG (1 ,2) PORT 5: Recv/Dropped : 0/1287
AGG (1 ,2) PORT 6: Recv/Dropped : 0/671
AGG (1 ,2) PORT 7: Recv/Dropped : 0/1422
AGG (1 ,3) PORT 0: Recv/Dropped : 0/2878
AGG (1 ,3) PORT 1: Recv/Dropped : 0/1858
AGG (1 ,3) PORT 2: Recv/Dropped : 0/2269
AGG (1 ,3) PORT 3: Recv/Dropped : 0/1728
AGG (1 ,3) PORT 4: Recv/Dropped : 0/1023
AGG (1 ,3) PORT 5: Recv/Dropped : 0/574
AGG (1 ,3) PORT 6: Recv/Dropped : 0/867
AGG (1 ,3) PORT 7: Recv/Dropped : 0/919
AGG (2 ,0) PORT 0: Recv/Dropped : 0/2067
AGG (2 ,0) PORT 1: Recv/Dropped : 0/3161
AGG (2 ,0) PORT 2: Recv/Dropped : 0/5488
AGG (2 ,0) PORT 3: Recv/Dropped : 0/3044
AGG (2 ,0) PORT 4: Recv/Dropped : 0/2639
AGG (2 ,0) PORT 5: Recv/Dropped : 0/647
AGG (2 ,0) PORT 6: Recv/Dropped : 0/1158
AGG (2 ,0) PORT 7: Recv/Dropped : 0/2625
AGG (2 ,1) PORT 0: Recv/Dropped : 0/2566
AGG (2 ,1) PORT 1: Recv/Dropped : 0/2384
AGG (2 ,1) PORT 2: Recv/Dropped : 0/2685
AGG (2 ,1) PORT 3: Recv/Dropped : 0/2078
AGG (2 ,1) PORT 4: Recv/Dropped : 0/934
AGG (2 ,1) PORT 5: Recv/Dropped : 0/3333
AGG (2 ,1) PORT 6: Recv/Dropped : 0/1593
AGG (2 ,1) PORT 7: Recv/Dropped : 0/844
AGG (2 ,2) PORT 0: Recv/Dropped : 0/2783
AGG (2 ,2) PORT 1: Recv/Dropped : 0/2617
AGG (2 ,2) PORT 2: Recv/Dropped : 0/2546
AGG (2 ,2) PORT 3: Recv/Dropped : 0/3550
AGG (2 ,2) PORT 4: Recv/Dropped : 0/489
AGG (2 ,2) PORT 5: Recv/Dropped : 0/2751
AGG (2 ,2) PORT 6: Recv/Dropped : 0/1347
AGG (2 ,2) PORT 7: Recv/Dropped : 0/2473
AGG (2 ,3) PORT 0: Recv/Dropped : 0/821
AGG (2 ,3) PORT 1: Recv/Dropped : 0/2053
AGG (2 ,3) PORT 2: Recv/Dropped : 0/1420
AGG (2 ,3) PORT 3: Recv/Dropped : 0/2530
AGG (2 ,3) PORT 4: Recv/Dropped : 0/1250
AGG (2 ,3) PORT 5: Recv/Dropped : 0/1446
AGG (2 ,3) PORT 6: Recv/Dropped : 0/1394
AGG (2 ,3) PORT 7: Recv/Dropped : 0/1061
AGG (3 ,0) PORT 0: Recv/Dropped : 0/2491
AGG (3 ,0) PORT 1: Recv/Dropped : 0/2736
AGG (3 ,0) PORT 2: Recv/Dropped : 0/1257
AGG (3 ,0) PORT 3: Recv/Dropped : 0/1799
AGG (3 ,0) PORT 4: Recv/Dropped : 0/711
AGG (3 ,0) PORT 5: Recv/Dropped : 0/2761
AGG (3 ,0) PORT 6: Recv/Dropped : 0/1546
AGG (3 ,0) PORT 7: Recv/Dropped : 0/841
AGG (3 ,1) PORT 0: Recv/Dropped : 0/2206
AGG (3 ,1) PORT 1: Recv/Dropped : 0/2462
AGG (3 ,1) PORT 2: Recv/Dropped : 0/2186
AGG (3 ,1) PORT 3: Recv/Dropped : 0/2417
AGG (3 ,1) PORT 4: Recv/Dropped : 0/1684
AGG (3 ,1) PORT 5: Recv/Dropped : 0/1123
AGG (3 ,1) PORT 6: Recv/Dropped : 0/894
AGG (3 ,1) PORT 7: Recv/Dropped : 0/1296
AGG (3 ,2) PORT 0: Recv/Dropped : 0/1420
AGG (3 ,2) PORT 1: Recv/Dropped : 0/1958
AGG (3 ,2) PORT 2: Recv/Dropped : 0/833
AGG (3 ,2) PORT 3: Recv/Dropped : 0/1117
AGG (3 ,2) PORT 4: Recv/Dropped : 0/546
AGG (3 ,2) PORT 5: Recv/Dropped : 0/1898
AGG (3 ,2) PORT 6: Recv/Dropped : 0/1528
AGG (3 ,2) PORT 7: Recv/Dropped : 0/805
AGG (3 ,3) PORT 0: Recv/Dropped : 0/2264
AGG (3 ,3) PORT 1: Recv/Dropped : 0/1422
AGG (3 ,3) PORT 2: Recv/Dropped : 0/1564
AGG (3 ,3) PORT 3: Recv/Dropped : 0/3057
AGG (3 ,3) PORT 4: Recv/Dropped : 0/1156
AGG (3 ,3) PORT 5: Recv/Dropped : 0/1161
AGG (3 ,3) PORT 6: Recv/Dropped : 0/389
AGG (3 ,3) PORT 7: Recv/Dropped : 0/829
AGG (4 ,0) PORT 0: Recv/Dropped : 0/1649
AGG (4 ,0) PORT 1: Recv/Dropped : 0/1329
AGG (4 ,0) PORT 2: Recv/Dropped : 0/2564
AGG (4 ,0) PORT 3: Recv/Dropped : 0/3477
AGG (4 ,0) PORT 4: Recv/Dropped : 0/231
AGG (4 ,0) PORT 5: Recv/Dropped : 0/666
AGG (4 ,0) PORT 6: Recv/Dropped : 0/1492
AGG (4 ,0) PORT 7: Recv/Dropped : 0/1972
AGG (4 ,1) PORT 0: Recv/Dropped : 0/2390
AGG (4 ,1) PORT 1: Recv/Dropped : 0/1682
AGG (4 ,1) PORT 2: Recv/Dropped : 0/1937
AGG (4 ,1) PORT 3: Recv/Dropped : 0/1247
AGG (4 ,1) PORT 4: Recv/Dropped : 0/1214
AGG (4 ,1) PORT 5: Recv/Dropped : 0/787
AGG (4 ,1) PORT 6: Recv/Dropped : 0/1208
AGG (4 ,1) PORT 7: Recv/Dropped : 0/1234
AGG (4 ,2) PORT 0: Recv/Dropped : 0/2146
AGG (4 ,2) PORT 1: Recv/Dropped : 0/1208
AGG (4 ,2) PORT 2: Recv/Dropped : 0/2566
AGG (4 ,2) PORT 3: Recv/Dropped : 0/2107
AGG (4 ,2) PORT 4: Recv/Dropped : 0/1227
AGG (4 ,2) PORT 5: Recv/Dropped : 0/1620
AGG (4 ,2) PORT 6: Recv/Dropped : 0/969
AGG (4 ,2) PORT 7: Recv/Dropped : 0/1193
AGG (4 ,3) PORT 0: Recv/Dropped : 0/902
AGG (4 ,3) PORT 1: Recv/Dropped : 0/1882
AGG (4 ,3) PORT 2: Recv/Dropped : 0/3781
AGG (4 ,3) PORT 3: Recv/Dropped : 0/1538
AGG (4 ,3) PORT 4: Recv/Dropped : 0/1756
AGG (4 ,3) PORT 5: Recv/Dropped : 0/1862
AGG (4 ,3) PORT 6: Recv/Dropped : 0/2043
AGG (4 ,3) PORT 7: Recv/Dropped : 0/1244
AGG (5 ,0) PORT 0: Recv/Dropped : 0/2017
AGG (5 ,0) PORT 1: Recv/Dropped : 0/1684
AGG (5 ,0) PORT 2: Recv/Dropped : 0/1578
AGG (5 ,0) PORT 3: Recv/Dropped : 0/2427
AGG (5 ,0) PORT 4: Recv/Dropped : 0/819
AGG (5 ,0) PORT 5: Recv/Dropped : 0/1219
AGG (5 ,0) PORT 6: Recv/Dropped : 0/2543
AGG (5 ,0) PORT 7: Recv/Dropped : 0/333
AGG (5 ,1) PORT 0: Recv/Dropped : 0/2946
AGG (5 ,1) PORT 1: Recv/Dropped : 0/1832
AGG (5 ,1) PORT 2: Recv/Dropped : 0/1032
AGG (5 ,1) PORT 3: Recv/Dropped : 0/2842
AGG (5 ,1) PORT 4: Recv/Dropped : 0/740
AGG (5 ,1) PORT 5: Recv/Dropped : 0/1036
AGG (5 ,1) PORT 6: Recv/Dropped : 0/1693
AGG (5 ,1) PORT 7: Recv/Dropped : 0/1009
AGG (5 ,2) PORT 0: Recv/Dropped : 0/2192
AGG (5 ,2) PORT 1: Recv/Dropped : 0/2551
AGG (5 ,2) PORT 2: Recv/Dropped : 0/2515
AGG (5 ,2) PORT 3: Recv/Dropped : 0/3105
AGG (5 ,2) PORT 4: Recv/Dropped : 0/1981
AGG (5 ,2) PORT 5: Recv/Dropped : 0/2076
AGG (5 ,2) PORT 6: Recv/Dropped : 0/1597
AGG (5 ,2) PORT 7: Recv/Dropped : 0/1392
AGG (5 ,3) PORT 0: Recv/Dropped : 0/2631
AGG (5 ,3) PORT 1: Recv/Dropped : 0/3652
AGG (5 ,3) PORT 2: Recv/Dropped : 0/2108
AGG (5 ,3) PORT 3: Recv/Dropped : 0/1702
AGG (5 ,3) PORT 4: Recv/Dropped : 0/1284
AGG (5 ,3) PORT 5: Recv/Dropped : 0/1144
AGG (5 ,3) PORT 6: Recv/Dropped : 0/1267
AGG (5 ,3) PORT 7: Recv/Dropped : 0/1738
AGG (6 ,0) PORT 0: Recv/Dropped : 0/1382
AGG (6 ,0) PORT 1: Recv/Dropped : 0/2020
AGG (6 ,0) PORT 2: Recv/Dropped : 0/2181
AGG (6 ,0) PORT 3: Recv/Dropped : 0/1769
AGG (6 ,0) PORT 4: Recv/Dropped : 0/1308
AGG (6 ,0) PORT 5: Recv/Dropped : 0/1749
AGG (6 ,0) PORT 6: Recv/Dropped : 0/3005
AGG (6 ,0) PORT 7: Recv/Dropped : 0/800
AGG (6 ,1) PORT 0: Recv/Dropped : 0/2500
AGG (6 ,1) PORT 1: Recv/Dropped : 0/2481
AGG (6 ,1) PORT 2: Recv/Dropped : 0/3111
AGG (6 ,1) PORT 3: Recv/Dropped : 0/3286
AGG (6 ,1) PORT 4: Recv/Dropped : 0/1749
AGG (6 ,1) PORT 5: Recv/Dropped : 0/2068
AGG (6 ,1) PORT 6: Recv/Dropped : 0/1273
AGG (6 ,1) PORT 7: Recv/Dropped : 0/1534
AGG (6 ,2) PORT 0: Recv/Dropped : 0/2225
AGG (6 ,2) PORT 1: Recv/Dropped : 0/2638
AGG (6 ,2) PORT 2: Recv/Dropped : 0/3193
AGG (6 ,2) PORT 3: Recv/Dropped : 0/2596
AGG (6 ,2) PORT 4: Recv/Dropped : 0/1518
AGG (6 ,2) PORT 5: Recv/Dropped : 0/1146
AGG (6 ,2) PORT 6: Recv/Dropped : 0/1833
AGG (6 ,2) PORT 7: Recv/Dropped : 0/752
AGG (6 ,3) PORT 0: Recv/Dropped : 0/3132
AGG (6 ,3) PORT 1: Recv/Dropped : 0/1595
AGG (6 ,3) PORT 2: Recv/Dropped : 0/3180
AGG (6 ,3) PORT 3: Recv/Dropped : 0/1844
AGG (6 ,3) PORT 4: Recv/Dropped : 0/363
AGG (6 ,3) PORT 5: Recv/Dropped : 0/1506
AGG (6 ,3) PORT 6: Recv/Dropped : 0/2006
AGG (6 ,3) PORT 7: Recv/Dropped : 0/3290
AGG (7 ,0) PORT 0: Recv/Dropped : 0/1374
AGG (7 ,0) PORT 1: Recv/Dropped : 0/1543
AGG (7 ,0) PORT 2: Recv/Dropped : 0/2330
AGG (7 ,0) PORT 3: Recv/Dropped : 0/2382
AGG (7 ,0) PORT 4: Recv/Dropped : 0/1320
AGG (7 ,0) PORT 5: Recv/Dropped : 0/1402
AGG (7 ,0) PORT 6: Recv/Dropped : 0/2400
AGG (7 ,0) PORT 7: Recv/Dropped : 0/1653
AGG (7 ,1) PORT 0: Recv/Dropped : 0/1279
AGG (7 ,1) PORT 1: Recv/Dropped : 0/1959
AGG (7 ,1) PORT 2: Recv/Dropped : 0/1693
AGG (7 ,1) PORT 3: Recv/Dropped : 0/778
AGG (7 ,1) PORT 4: Recv/Dropped : 0/1198
AGG (7 ,1) PORT 5: Recv/Dropped : 0/1633
AGG (7 ,1) PORT 6: Recv/Dropped : 0/1024
AGG (7 ,1) PORT 7: Recv/Dropped : 0/1114
AGG (7 ,2) PORT 0: Recv/Dropped : 0/3885
AGG (7 ,2) PORT 1: Recv/Dropped : 0/3536
AGG (7 ,2) PORT 2: Recv/Dropped : 0/2308
AGG (7 ,2) PORT 3: Recv/Dropped : 0/4431
AGG (7 ,2) PORT 4: Recv/Dropped : 0/1384
AGG (7 ,2) PORT 5: Recv/Dropped : 0/1059
AGG (7 ,2) PORT 6: Recv/Dropped : 0/1024
AGG (7 ,2) PORT 7: Recv/Dropped : 0/2193
AGG (7 ,3) PORT 0: Recv/Dropped : 0/4366
AGG (7 ,3) PORT 1: Recv/Dropped : 0/3794
AGG (7 ,3) PORT 2: Recv/Dropped : 0/1798
AGG (7 ,3) PORT 3: Recv/Dropped : 0/2170
AGG (7 ,3) PORT 4: Recv/Dropped : 0/1662
AGG (7 ,3) PORT 5: Recv/Dropped : 0/1380
AGG (7 ,3) PORT 6: Recv/Dropped : 0/1194
AGG (7 ,3) PORT 7: Recv/Dropped : 0/1583


TOTAL RECEIVED PACKETS = 1098291
TOTAL DROPPED PACKETS = 0