QUEUE STATISTICS FOR EXPERIMENT 8815
---------------------------
 -- EDGE QUEUE STATISTICS --
EDGE (0 ,0) PORT 0: Recv/Dropped : 254/6760
EDGE (0 ,0) PORT 1: Recv/Dropped : 0/86
EDGE (0 ,0) PORT 2: Recv/Dropped : 0/70
EDGE (0 ,0) PORT 3: Recv/Dropped : 0/69
EDGE (0 ,0) PORT 4: Recv/Dropped : 0/1155
EDGE (0 ,0) PORT 5: Recv/Dropped : 0/1231
EDGE (0 ,0) PORT 6: Recv/Dropped : 0/1034
EDGE (0 ,0) PORT 7: Recv/Dropped : 0/1006
EDGE (0 ,1) PORT 0: Recv/Dropped : 0/77
EDGE (0 ,1) PORT 1: Recv/Dropped : 0/66
EDGE (0 ,1) PORT 2: Recv/Dropped : 0/63
EDGE (0 ,1) PORT 3: Recv/Dropped : 0/63
EDGE (0 ,1) PORT 4: Recv/Dropped : 0/88
EDGE (0 ,1) PORT 5: Recv/Dropped : 0/100
EDGE (0 ,1) PORT 6: Recv/Dropped : 0/113
EDGE (0 ,1) PORT 7: Recv/Dropped : 0/95
EDGE (0 ,2) PORT 0: Recv/Dropped : 0/68
EDGE (0 ,2) PORT 1: Recv/Dropped : 0/67
EDGE (0 ,2) PORT 2: Recv/Dropped : 0/63
EDGE (0 ,2) PORT 3: Recv/Dropped : 0/4
EDGE (0 ,2) PORT 4: Recv/Dropped : 0/77
EDGE (0 ,2) PORT 5: Recv/Dropped : 0/87
EDGE (0 ,2) PORT 6: Recv/Dropped : 0/64
EDGE (0 ,2) PORT 7: Recv/Dropped : 0/70
EDGE (0 ,3) PORT 0: Recv/Dropped : 0/67
EDGE (0 ,3) PORT 1: Recv/Dropped : 0/76
EDGE (0 ,3) PORT 2: Recv/Dropped : 0/4
EDGE (0 ,3) PORT 3: Recv/Dropped : 0/70
EDGE (0 ,3) PORT 4: Recv/Dropped : 0/61
EDGE (0 ,3) PORT 5: Recv/Dropped : 0/135
EDGE (0 ,3) PORT 6: Recv/Dropped : 0/58
EDGE (0 ,3) PORT 7: Recv/Dropped : 0/42
EDGE (1 ,0) PORT 0: Recv/Dropped : 0/71
EDGE (1 ,0) PORT 1: Recv/Dropped : 0/66
EDGE (1 ,0) PORT 2: Recv/Dropped : 0/63
EDGE (1 ,0) PORT 3: Recv/Dropped : 0/72
EDGE (1 ,0) PORT 4: Recv/Dropped : 0/84
EDGE (1 ,0) PORT 5: Recv/Dropped : 0/95
EDGE (1 ,0) PORT 6: Recv/Dropped : 0/109
EDGE (1 ,0) PORT 7: Recv/Dropped : 0/105
EDGE (1 ,1) PORT 0: Recv/Dropped : 0/65
EDGE (1 ,1) PORT 1: Recv/Dropped : 0/67
EDGE (1 ,1) PORT 2: Recv/Dropped : 0/75
EDGE (1 ,1) PORT 3: Recv/Dropped : 0/63
EDGE (1 ,1) PORT 4: Recv/Dropped : 0/77
EDGE (1 ,1) PORT 5: Recv/Dropped : 0/93
EDGE (1 ,1) PORT 6: Recv/Dropped : 0/119
EDGE (1 ,1) PORT 7: Recv/Dropped : 0/106
EDGE (1 ,2) PORT 0: Recv/Dropped : 0/62
EDGE (1 ,2) PORT 1: Recv/Dropped : 0/63
EDGE (1 ,2) PORT 2: Recv/Dropped : 0/2
EDGE (1 ,2) PORT 3: Recv/Dropped : 0/68
EDGE (1 ,2) PORT 4: Recv/Dropped : 0/110
EDGE (1 ,2) PORT 5: Recv/Dropped : 0/49
EDGE (1 ,2) PORT 6: Recv/Dropped : 0/69
EDGE (1 ,2) PORT 7: Recv/Dropped : 0/73
EDGE (1 ,3) PORT 0: Recv/Dropped : 0/71
EDGE (1 ,3) PORT 1: Recv/Dropped : 0/4
EDGE (1 ,3) PORT 2: Recv/Dropped : 0/68
EDGE (1 ,3) PORT 3: Recv/Dropped : 0/2
EDGE (1 ,3) PORT 4: Recv/Dropped : 0/59
EDGE (1 ,3) PORT 5: Recv/Dropped : 0/58
EDGE (1 ,3) PORT 6: Recv/Dropped : 0/36
EDGE (1 ,3) PORT 7: Recv/Dropped : 0/49
EDGE (2 ,0) PORT 0: Recv/Dropped : 0/66
EDGE (2 ,0) PORT 1: Recv/Dropped : 0/66
EDGE (2 ,0) PORT 2: Recv/Dropped : 0/63
EDGE (2 ,0) PORT 3: Recv/Dropped : 0/63
EDGE (2 ,0) PORT 4: Recv/Dropped : 0/97
EDGE (2 ,0) PORT 5: Recv/Dropped : 0/105
EDGE (2 ,0) PORT 6: Recv/Dropped : 0/79
EDGE (2 ,0) PORT 7: Recv/Dropped : 0/113
EDGE (2 ,1) PORT 0: Recv/Dropped : 0/64
EDGE (2 ,1) PORT 1: Recv/Dropped : 0/63
EDGE (2 ,1) PORT 2: Recv/Dropped : 0/2
EDGE (2 ,1) PORT 3: Recv/Dropped : 0/63
EDGE (2 ,1) PORT 4: Recv/Dropped : 0/48
EDGE (2 ,1) PORT 5: Recv/Dropped : 0/82
EDGE (2 ,1) PORT 6: Recv/Dropped : 0/83
EDGE (2 ,1) PORT 7: Recv/Dropped : 0/89
EDGE (2 ,2) PORT 0: Recv/Dropped : 0/2
EDGE (2 ,2) PORT 1: Recv/Dropped : 0/63
EDGE (2 ,2) PORT 2: Recv/Dropped : 0/68
EDGE (2 ,2) PORT 3: Recv/Dropped : 0/2
EDGE (2 ,2) PORT 4: Recv/Dropped : 0/59
EDGE (2 ,2) PORT 5: Recv/Dropped : 0/41
EDGE (2 ,2) PORT 6: Recv/Dropped : 0/53
EDGE (2 ,2) PORT 7: Recv/Dropped : 0/53
EDGE (2 ,3) PORT 0: Recv/Dropped : 0/63
EDGE (2 ,3) PORT 1: Recv/Dropped : 0/66
EDGE (2 ,3) PORT 2: Recv/Dropped : 0/62
EDGE (2 ,3) PORT 3: Recv/Dropped : 0/67
EDGE (2 ,3) PORT 4: Recv/Dropped : 0/90
EDGE (2 ,3) PORT 5: Recv/Dropped : 0/101
EDGE (2 ,3) PORT 6: Recv/Dropped : 0/96
EDGE (2 ,3) PORT 7: Recv/Dropped : 0/113
EDGE (3 ,0) PORT 0: Recv/Dropped : 0/66
EDGE (3 ,0) PORT 1: Recv/Dropped : 0/63
EDGE (3 ,0) PORT 2: Recv/Dropped : 0/2
EDGE (3 ,0) PORT 3: Recv/Dropped : 0/62
EDGE (3 ,0) PORT 4: Recv/Dropped : 0/67
EDGE (3 ,0) PORT 5: Recv/Dropped : 0/80
EDGE (3 ,0) PORT 6: Recv/Dropped : 0/75
EDGE (3 ,0) PORT 7: Recv/Dropped : 0/79
EDGE (3 ,1) PORT 0: Recv/Dropped : 0/63
EDGE (3 ,1) PORT 1: Recv/Dropped : 0/63
EDGE (3 ,1) PORT 2: Recv/Dropped : 0/67
EDGE (3 ,1) PORT 3: Recv/Dropped : 0/2
EDGE (3 ,1) PORT 4: Recv/Dropped : 0/97
EDGE (3 ,1) PORT 5: Recv/Dropped : 0/65
EDGE (3 ,1) PORT 6: Recv/Dropped : 0/72
EDGE (3 ,1) PORT 7: Recv/Dropped : 0/67
EDGE (3 ,2) PORT 0: Recv/Dropped : 0/63
EDGE (3 ,2) PORT 1: Recv/Dropped : 0/62
EDGE (3 ,2) PORT 2: Recv/Dropped : 0/63
EDGE (3 ,2) PORT 3: Recv/Dropped : 0/2
EDGE (3 ,2) PORT 4: Recv/Dropped : 0/89
EDGE (3 ,2) PORT 5: Recv/Dropped : 0/75
EDGE (3 ,2) PORT 6: Recv/Dropped : 0/75
EDGE (3 ,2) PORT 7: Recv/Dropped : 0/66
EDGE (3 ,3) PORT 0: Recv/Dropped : 0/66
EDGE (3 ,3) PORT 1: Recv/Dropped : 0/73
EDGE (3 ,3) PORT 2: Recv/Dropped : 0/2
EDGE (3 ,3) PORT 3: Recv/Dropped : 0/2
EDGE (3 ,3) PORT 4: Recv/Dropped : 0/55
EDGE (3 ,3) PORT 5: Recv/Dropped : 0/47
EDGE (3 ,3) PORT 6: Recv/Dropped : 0/68
EDGE (3 ,3) PORT 7: Recv/Dropped : 0/38
EDGE (4 ,0) PORT 0: Recv/Dropped : 0/2
EDGE (4 ,0) PORT 1: Recv/Dropped : 0/2
EDGE (4 ,0) PORT 2: Recv/Dropped : 0/66
EDGE (4 ,0) PORT 3: Recv/Dropped : 0/2
EDGE (4 ,0) PORT 4: Recv/Dropped : 0/23
EDGE (4 ,0) PORT 5: Recv/Dropped : 0/15
EDGE (4 ,0) PORT 6: Recv/Dropped : 0/41
EDGE (4 ,0) PORT 7: Recv/Dropped : 0/33
EDGE (4 ,1) PORT 0: Recv/Dropped : 0/64
EDGE (4 ,1) PORT 1: Recv/Dropped : 0/66
EDGE (4 ,1) PORT 2: Recv/Dropped : 0/2
EDGE (4 ,1) PORT 3: Recv/Dropped : 0/2
EDGE (4 ,1) PORT 4: Recv/Dropped : 0/45
EDGE (4 ,1) PORT 5: Recv/Dropped : 0/34
EDGE (4 ,1) PORT 6: Recv/Dropped : 0/28
EDGE (4 ,1) PORT 7: Recv/Dropped : 0/104
EDGE (4 ,2) PORT 0: Recv/Dropped : 0/76
EDGE (4 ,2) PORT 1: Recv/Dropped : 0/2
EDGE (4 ,2) PORT 2: Recv/Dropped : 0/2
EDGE (4 ,2) PORT 3: Recv/Dropped : 0/2
EDGE (4 ,2) PORT 4: Recv/Dropped : 0/12
EDGE (4 ,2) PORT 5: Recv/Dropped : 0/14
EDGE (4 ,2) PORT 6: Recv/Dropped : 0/39
EDGE (4 ,2) PORT 7: Recv/Dropped : 0/48
EDGE (4 ,3) PORT 0: Recv/Dropped : 0/66
EDGE (4 ,3) PORT 1: Recv/Dropped : 0/67
EDGE (4 ,3) PORT 2: Recv/Dropped : 0/2
EDGE (4 ,3) PORT 3: Recv/Dropped : 0/2
EDGE (4 ,3) PORT 4: Recv/Dropped : 0/87
EDGE (4 ,3) PORT 5: Recv/Dropped : 0/28
EDGE (4 ,3) PORT 6: Recv/Dropped : 0/54
EDGE (4 ,3) PORT 7: Recv/Dropped : 0/37
EDGE (5 ,0) PORT 0: Recv/Dropped : 0/63
EDGE (5 ,0) PORT 1: Recv/Dropped : 0/66
EDGE (5 ,0) PORT 2: Recv/Dropped : 0/2
EDGE (5 ,0) PORT 3: Recv/Dropped : 0/2
EDGE (5 ,0) PORT 4: Recv/Dropped : 0/51
EDGE (5 ,0) PORT 5: Recv/Dropped : 0/61
EDGE (5 ,0) PORT 6: Recv/Dropped : 0/44
EDGE (5 ,0) PORT 7: Recv/Dropped : 0/54
EDGE (5 ,1) PORT 0: Recv/Dropped : 0/64
EDGE (5 ,1) PORT 1: Recv/Dropped : 0/2
EDGE (5 ,1) PORT 2: Recv/Dropped : 0/4
EDGE (5 ,1) PORT 3: Recv/Dropped : 0/2
EDGE (5 ,1) PORT 4: Recv/Dropped : 0/42
EDGE (5 ,1) PORT 5: Recv/Dropped : 0/28
EDGE (5 ,1) PORT 6: Recv/Dropped : 0/28
EDGE (5 ,1) PORT 7: Recv/Dropped : 0/17
EDGE (5 ,2) PORT 0: Recv/Dropped : 0/2
EDGE (5 ,2) PORT 1: Recv/Dropped : 0/63
EDGE (5 ,2) PORT 2: Recv/Dropped : 0/2
EDGE (5 ,2) PORT 3: Recv/Dropped : 0/2
EDGE (5 ,2) PORT 4: Recv/Dropped : 0/24
EDGE (5 ,2) PORT 5: Recv/Dropped : 0/49
EDGE (5 ,2) PORT 6: Recv/Dropped : 0/19
EDGE (5 ,2) PORT 7: Recv/Dropped : 0/23
EDGE (5 ,3) PORT 0: Recv/Dropped : 0/67
EDGE (5 ,3) PORT 1: Recv/Dropped : 0/2
EDGE (5 ,3) PORT 2: Recv/Dropped : 0/2
EDGE (5 ,3) PORT 3: Recv/Dropped : 0/2
EDGE (5 ,3) PORT 4: Recv/Dropped : 0/46
EDGE (5 ,3) PORT 5: Recv/Dropped : 0/24
EDGE (5 ,3) PORT 6: Recv/Dropped : 0/31
EDGE (5 ,3) PORT 7: Recv/Dropped : 0/13
EDGE (6 ,0) PORT 0: Recv/Dropped : 0/2
EDGE (6 ,0) PORT 1: Recv/Dropped : 0/73
EDGE (6 ,0) PORT 2: Recv/Dropped : 0/2
EDGE (6 ,0) PORT 3: Recv/Dropped : 0/2
EDGE (6 ,0) PORT 4: Recv/Dropped : 0/26
EDGE (6 ,0) PORT 5: Recv/Dropped : 0/25
EDGE (6 ,0) PORT 6: Recv/Dropped : 0/32
EDGE (6 ,0) PORT 7: Recv/Dropped : 0/31
EDGE (6 ,1) PORT 0: Recv/Dropped : 0/2
EDGE (6 ,1) PORT 1: Recv/Dropped : 0/64
EDGE (6 ,1) PORT 2: Recv/Dropped : 0/2
EDGE (6 ,1) PORT 3: Recv/Dropped : 0/3
EDGE (6 ,1) PORT 4: Recv/Dropped : 0/40
EDGE (6 ,1) PORT 5: Recv/Dropped : 0/28
EDGE (6 ,1) PORT 6: Recv/Dropped : 0/23
EDGE (6 ,1) PORT 7: Recv/Dropped : 0/25
EDGE (6 ,2) PORT 0: Recv/Dropped : 0/2
EDGE (6 ,2) PORT 1: Recv/Dropped : 0/2
EDGE (6 ,2) PORT 2: Recv/Dropped : 0/2
EDGE (6 ,2) PORT 3: Recv/Dropped : 0/77
EDGE (6 ,2) PORT 4: Recv/Dropped : 0/34
EDGE (6 ,2) PORT 5: Recv/Dropped : 0/11
EDGE (6 ,2) PORT 6: Recv/Dropped : 0/37
EDGE (6 ,2) PORT 7: Recv/Dropped : 0/32
EDGE (6 ,3) PORT 0: Recv/Dropped : 0/2
EDGE (6 ,3) PORT 1: Recv/Dropped : 0/63
EDGE (6 ,3) PORT 2: Recv/Dropped : 0/2
EDGE (6 ,3) PORT 3: Recv/Dropped : 0/2
EDGE (6 ,3) PORT 4: Recv/Dropped : 0/30
EDGE (6 ,3) PORT 5: Recv/Dropped : 0/15
EDGE (6 ,3) PORT 6: Recv/Dropped : 0/35
EDGE (6 ,3) PORT 7: Recv/Dropped : 0/35
EDGE (7 ,0) PORT 0: Recv/Dropped : 0/2
EDGE (7 ,0) PORT 1: Recv/Dropped : 0/2
EDGE (7 ,0) PORT 2: Recv/Dropped : 0/2
EDGE (7 ,0) PORT 3: Recv/Dropped : 0/63
EDGE (7 ,0) PORT 4: Recv/Dropped : 0/25
EDGE (7 ,0) PORT 5: Recv/Dropped : 0/31
EDGE (7 ,0) PORT 6: Recv/Dropped : 0/34
EDGE (7 ,0) PORT 7: Recv/Dropped : 0/25
EDGE (7 ,1) PORT 0: Recv/Dropped : 0/2
EDGE (7 ,1) PORT 1: Recv/Dropped : 0/2
EDGE (7 ,1) PORT 2: Recv/Dropped : 0/3
EDGE (7 ,1) PORT 3: Recv/Dropped : 0/2
EDGE (7 ,1) PORT 4: Recv/Dropped : 0/5
EDGE (7 ,1) PORT 5: Recv/Dropped : 0/9
EDGE (7 ,1) PORT 6: Recv/Dropped : 0/2
EDGE (7 ,1) PORT 7: Recv/Dropped : 0/4
EDGE (7 ,2) PORT 0: Recv/Dropped : 0/63
EDGE (7 ,2) PORT 1: Recv/Dropped : 0/2
EDGE (7 ,2) PORT 2: Recv/Dropped : 0/2
EDGE (7 ,2) PORT 3: Recv/Dropped : 0/2
EDGE (7 ,2) PORT 4: Recv/Dropped : 0/32
EDGE (7 ,2) PORT 5: Recv/Dropped : 0/32
EDGE (7 ,2) PORT 6: Recv/Dropped : 0/21
EDGE (7 ,2) PORT 7: Recv/Dropped : 0/30
EDGE (7 ,3) PORT 0: Recv/Dropped : 0/2
EDGE (7 ,3) PORT 1: Recv/Dropped : 0/63
EDGE (7 ,3) PORT 2: Recv/Dropped : 0/2
EDGE (7 ,3) PORT 3: Recv/Dropped : 0/4
EDGE (7 ,3) PORT 4: Recv/Dropped : 0/36
EDGE (7 ,3) PORT 5: Recv/Dropped : 0/28
EDGE (7 ,3) PORT 6: Recv/Dropped : 0/18
EDGE (7 ,3) PORT 7: Recv/Dropped : 0/33
 -- AGG QUEUE STATISTICS --
AGG (0 ,0) PORT 0: Recv/Dropped : 0/1716
AGG (0 ,0) PORT 1: Recv/Dropped : 0/1645
AGG (0 ,0) PORT 2: Recv/Dropped : 0/1655
AGG (0 ,0) PORT 3: Recv/Dropped : 0/1702
AGG (0 ,0) PORT 4: Recv/Dropped : 0/250
AGG (0 ,0) PORT 5: Recv/Dropped : 0/199
AGG (0 ,0) PORT 6: Recv/Dropped : 0/234
AGG (0 ,0) PORT 7: Recv/Dropped : 0/306
AGG (0 ,1) PORT 0: Recv/Dropped : 0/55
AGG (0 ,1) PORT 1: Recv/Dropped : 0/91
AGG (0 ,1) PORT 2: Recv/Dropped : 0/71
AGG (0 ,1) PORT 3: Recv/Dropped : 0/52
AGG (0 ,1) PORT 4: Recv/Dropped : 0/257
AGG (0 ,1) PORT 5: Recv/Dropped : 0/276
AGG (0 ,1) PORT 6: Recv/Dropped : 0/233
AGG (0 ,1) PORT 7: Recv/Dropped : 0/291
AGG (0 ,2) PORT 0: Recv/Dropped : 0/53
AGG (0 ,2) PORT 1: Recv/Dropped : 0/33
AGG (0 ,2) PORT 2: Recv/Dropped : 0/49
AGG (0 ,2) PORT 3: Recv/Dropped : 0/67
AGG (0 ,2) PORT 4: Recv/Dropped : 0/212
AGG (0 ,2) PORT 5: Recv/Dropped : 0/220
AGG (0 ,2) PORT 6: Recv/Dropped : 0/207
AGG (0 ,2) PORT 7: Recv/Dropped : 0/229
AGG (0 ,3) PORT 0: Recv/Dropped : 0/58
AGG (0 ,3) PORT 1: Recv/Dropped : 0/50
AGG (0 ,3) PORT 2: Recv/Dropped : 0/46
AGG (0 ,3) PORT 3: Recv/Dropped : 0/63
AGG (0 ,3) PORT 4: Recv/Dropped : 0/187
AGG (0 ,3) PORT 5: Recv/Dropped : 0/202
AGG (0 ,3) PORT 6: Recv/Dropped : 0/239
AGG (0 ,3) PORT 7: Recv/Dropped : 0/196
AGG (1 ,0) PORT 0: Recv/Dropped : 0/52
AGG (1 ,0) PORT 1: Recv/Dropped : 0/62
AGG (1 ,0) PORT 2: Recv/Dropped : 0/93
AGG (1 ,0) PORT 3: Recv/Dropped : 0/65
AGG (1 ,0) PORT 4: Recv/Dropped : 0/47
AGG (1 ,0) PORT 5: Recv/Dropped : 0/76
AGG (1 ,0) PORT 6: Recv/Dropped : 0/108
AGG (1 ,0) PORT 7: Recv/Dropped : 0/99
AGG (1 ,1) PORT 0: Recv/Dropped : 0/82
AGG (1 ,1) PORT 1: Recv/Dropped : 0/70
AGG (1 ,1) PORT 2: Recv/Dropped : 0/57
AGG (1 ,1) PORT 3: Recv/Dropped : 0/61
AGG (1 ,1) PORT 4: Recv/Dropped : 0/98
AGG (1 ,1) PORT 5: Recv/Dropped : 0/58
AGG (1 ,1) PORT 6: Recv/Dropped : 0/73
AGG (1 ,1) PORT 7: Recv/Dropped : 0/66
AGG (1 ,2) PORT 0: Recv/Dropped : 0/34
AGG (1 ,2) PORT 1: Recv/Dropped : 0/84
AGG (1 ,2) PORT 2: Recv/Dropped : 0/36
AGG (1 ,2) PORT 3: Recv/Dropped : 0/41
AGG (1 ,2) PORT 4: Recv/Dropped : 0/81
AGG (1 ,2) PORT 5: Recv/Dropped : 0/110
AGG (1 ,2) PORT 6: Recv/Dropped : 0/74
AGG (1 ,2) PORT 7: Recv/Dropped : 0/68
AGG (1 ,3) PORT 0: Recv/Dropped : 0/47
AGG (1 ,3) PORT 1: Recv/Dropped : 0/34
AGG (1 ,3) PORT 2: Recv/Dropped : 0/18
AGG (1 ,3) PORT 3: Recv/Dropped : 0/46
AGG (1 ,3) PORT 4: Recv/Dropped : 0/58
AGG (1 ,3) PORT 5: Recv/Dropped : 0/112
AGG (1 ,3) PORT 6: Recv/Dropped : 0/97
AGG (1 ,3) PORT 7: Recv/Dropped : 0/66
AGG (2 ,0) PORT 0: Recv/Dropped : 0/52
AGG (2 ,0) PORT 1: Recv/Dropped : 0/76
AGG (2 ,0) PORT 2: Recv/Dropped : 0/60
AGG (2 ,0) PORT 3: Recv/Dropped : 0/70
AGG (2 ,0) PORT 4: Recv/Dropped : 0/72
AGG (2 ,0) PORT 5: Recv/Dropped : 0/60
AGG (2 ,0) PORT 6: Recv/Dropped : 0/64
AGG (2 ,0) PORT 7: Recv/Dropped : 0/98
AGG (2 ,1) PORT 0: Recv/Dropped : 0/32
AGG (2 ,1) PORT 1: Recv/Dropped : 0/62
AGG (2 ,1) PORT 2: Recv/Dropped : 0/44
AGG (2 ,1) PORT 3: Recv/Dropped : 0/54
AGG (2 ,1) PORT 4: Recv/Dropped : 0/87
AGG (2 ,1) PORT 5: Recv/Dropped : 0/79
AGG (2 ,1) PORT 6: Recv/Dropped : 0/71
AGG (2 ,1) PORT 7: Recv/Dropped : 0/92
AGG (2 ,2) PORT 0: Recv/Dropped : 0/28
AGG (2 ,2) PORT 1: Recv/Dropped : 0/53
AGG (2 ,2) PORT 2: Recv/Dropped : 0/22
AGG (2 ,2) PORT 3: Recv/Dropped : 0/32
AGG (2 ,2) PORT 4: Recv/Dropped : 0/71
AGG (2 ,2) PORT 5: Recv/Dropped : 0/65
AGG (2 ,2) PORT 6: Recv/Dropped : 0/88
AGG (2 ,2) PORT 7: Recv/Dropped : 0/87
AGG (2 ,3) PORT 0: Recv/Dropped : 0/77
AGG (2 ,3) PORT 1: Recv/Dropped : 0/76
AGG (2 ,3) PORT 2: Recv/Dropped : 0/74
AGG (2 ,3) PORT 3: Recv/Dropped : 0/31
AGG (2 ,3) PORT 4: Recv/Dropped : 0/99
AGG (2 ,3) PORT 5: Recv/Dropped : 0/94
AGG (2 ,3) PORT 6: Recv/Dropped : 0/104
AGG (2 ,3) PORT 7: Recv/Dropped : 0/71
AGG (3 ,0) PORT 0: Recv/Dropped : 0/62
AGG (3 ,0) PORT 1: Recv/Dropped : 0/60
AGG (3 ,0) PORT 2: Recv/Dropped : 0/37
AGG (3 ,0) PORT 3: Recv/Dropped : 0/34
AGG (3 ,0) PORT 4: Recv/Dropped : 0/87
AGG (3 ,0) PORT 5: Recv/Dropped : 0/68
AGG (3 ,0) PORT 6: Recv/Dropped : 0/88
AGG (3 ,0) PORT 7: Recv/Dropped : 0/65
AGG (3 ,1) PORT 0: Recv/Dropped : 0/53
AGG (3 ,1) PORT 1: Recv/Dropped : 0/61
AGG (3 ,1) PORT 2: Recv/Dropped : 0/50
AGG (3 ,1) PORT 3: Recv/Dropped : 0/31
AGG (3 ,1) PORT 4: Recv/Dropped : 0/70
AGG (3 ,1) PORT 5: Recv/Dropped : 0/71
AGG (3 ,1) PORT 6: Recv/Dropped : 0/66
AGG (3 ,1) PORT 7: Recv/Dropped : 0/60
AGG (3 ,2) PORT 0: Recv/Dropped : 0/41
AGG (3 ,2) PORT 1: Recv/Dropped : 0/58
AGG (3 ,2) PORT 2: Recv/Dropped : 0/42
AGG (3 ,2) PORT 3: Recv/Dropped : 0/49
AGG (3 ,2) PORT 4: Recv/Dropped : 0/73
AGG (3 ,2) PORT 5: Recv/Dropped : 0/60
AGG (3 ,2) PORT 6: Recv/Dropped : 0/75
AGG (3 ,2) PORT 7: Recv/Dropped : 0/82
AGG (3 ,3) PORT 0: Recv/Dropped : 0/35
AGG (3 ,3) PORT 1: Recv/Dropped : 0/44
AGG (3 ,3) PORT 2: Recv/Dropped : 0/28
AGG (3 ,3) PORT 3: Recv/Dropped : 0/36
AGG (3 ,3) PORT 4: Recv/Dropped : 0/49
AGG (3 ,3) PORT 5: Recv/Dropped : 0/72
AGG (3 ,3) PORT 6: Recv/Dropped : 0/79
AGG (3 ,3) PORT 7: Recv/Dropped : 0/50
AGG (4 ,0) PORT 0: Recv/Dropped : 0/12
AGG (4 ,0) PORT 1: Recv/Dropped : 0/8
AGG (4 ,0) PORT 2: Recv/Dropped : 0/40
AGG (4 ,0) PORT 3: Recv/Dropped : 0/12
AGG (4 ,0) PORT 4: Recv/Dropped : 0/41
AGG (4 ,0) PORT 5: Recv/Dropped : 0/18
AGG (4 ,0) PORT 6: Recv/Dropped : 0/41
AGG (4 ,0) PORT 7: Recv/Dropped : 0/67
AGG (4 ,1) PORT 0: Recv/Dropped : 0/81
AGG (4 ,1) PORT 1: Recv/Dropped : 0/17
AGG (4 ,1) PORT 2: Recv/Dropped : 0/15
AGG (4 ,1) PORT 3: Recv/Dropped : 0/21
AGG (4 ,1) PORT 4: Recv/Dropped : 0/27
AGG (4 ,1) PORT 5: Recv/Dropped : 0/25
AGG (4 ,1) PORT 6: Recv/Dropped : 0/28
AGG (4 ,1) PORT 7: Recv/Dropped : 0/11
AGG (4 ,2) PORT 0: Recv/Dropped : 0/22
AGG (4 ,2) PORT 1: Recv/Dropped : 0/24
AGG (4 ,2) PORT 2: Recv/Dropped : 0/24
AGG (4 ,2) PORT 3: Recv/Dropped : 0/12
AGG (4 ,2) PORT 4: Recv/Dropped : 0/31
AGG (4 ,2) PORT 5: Recv/Dropped : 0/37
AGG (4 ,2) PORT 6: Recv/Dropped : 0/42
AGG (4 ,2) PORT 7: Recv/Dropped : 0/52
AGG (4 ,3) PORT 0: Recv/Dropped : 0/42
AGG (4 ,3) PORT 1: Recv/Dropped : 0/38
AGG (4 ,3) PORT 2: Recv/Dropped : 0/26
AGG (4 ,3) PORT 3: Recv/Dropped : 0/31
AGG (4 ,3) PORT 4: Recv/Dropped : 0/131
AGG (4 ,3) PORT 5: Recv/Dropped : 0/26
AGG (4 ,3) PORT 6: Recv/Dropped : 0/18
AGG (4 ,3) PORT 7: Recv/Dropped : 0/47
AGG (5 ,0) PORT 0: Recv/Dropped : 0/41
AGG (5 ,0) PORT 1: Recv/Dropped : 0/32
AGG (5 ,0) PORT 2: Recv/Dropped : 0/30
AGG (5 ,0) PORT 3: Recv/Dropped : 0/30
AGG (5 ,0) PORT 4: Recv/Dropped : 0/33
AGG (5 ,0) PORT 5: Recv/Dropped : 0/36
AGG (5 ,0) PORT 6: Recv/Dropped : 0/52
AGG (5 ,0) PORT 7: Recv/Dropped : 0/42
AGG (5 ,1) PORT 0: Recv/Dropped : 0/12
AGG (5 ,1) PORT 1: Recv/Dropped : 0/24
AGG (5 ,1) PORT 2: Recv/Dropped : 0/15
AGG (5 ,1) PORT 3: Recv/Dropped : 0/21
AGG (5 ,1) PORT 4: Recv/Dropped : 0/28
AGG (5 ,1) PORT 5: Recv/Dropped : 0/55
AGG (5 ,1) PORT 6: Recv/Dropped : 0/57
AGG (5 ,1) PORT 7: Recv/Dropped : 0/22
AGG (5 ,2) PORT 0: Recv/Dropped : 0/17
AGG (5 ,2) PORT 1: Recv/Dropped : 0/15
AGG (5 ,2) PORT 2: Recv/Dropped : 0/17
AGG (5 ,2) PORT 3: Recv/Dropped : 0/20
AGG (5 ,2) PORT 4: Recv/Dropped : 0/34
AGG (5 ,2) PORT 5: Recv/Dropped : 0/30
AGG (5 ,2) PORT 6: Recv/Dropped : 0/37
AGG (5 ,2) PORT 7: Recv/Dropped : 0/21
AGG (5 ,3) PORT 0: Recv/Dropped : 0/24
AGG (5 ,3) PORT 1: Recv/Dropped : 0/9
AGG (5 ,3) PORT 2: Recv/Dropped : 0/27
AGG (5 ,3) PORT 3: Recv/Dropped : 0/13
AGG (5 ,3) PORT 4: Recv/Dropped : 0/24
AGG (5 ,3) PORT 5: Recv/Dropped : 0/38
AGG (5 ,3) PORT 6: Recv/Dropped : 0/19
AGG (5 ,3) PORT 7: Recv/Dropped : 0/26
AGG (6 ,0) PORT 0: Recv/Dropped : 0/21
AGG (6 ,0) PORT 1: Recv/Dropped : 0/18
AGG (6 ,0) PORT 2: Recv/Dropped : 0/25
AGG (6 ,0) PORT 3: Recv/Dropped : 0/15
AGG (6 ,0) PORT 4: Recv/Dropped : 0/21
AGG (6 ,0) PORT 5: Recv/Dropped : 0/29
AGG (6 ,0) PORT 6: Recv/Dropped : 0/24
AGG (6 ,0) PORT 7: Recv/Dropped : 0/56
AGG (6 ,1) PORT 0: Recv/Dropped : 0/15
AGG (6 ,1) PORT 1: Recv/Dropped : 0/17
AGG (6 ,1) PORT 2: Recv/Dropped : 0/20
AGG (6 ,1) PORT 3: Recv/Dropped : 0/19
AGG (6 ,1) PORT 4: Recv/Dropped : 0/9
AGG (6 ,1) PORT 5: Recv/Dropped : 0/14
AGG (6 ,1) PORT 6: Recv/Dropped : 0/24
AGG (6 ,1) PORT 7: Recv/Dropped : 0/32
AGG (6 ,2) PORT 0: Recv/Dropped : 0/25
AGG (6 ,2) PORT 1: Recv/Dropped : 0/23
AGG (6 ,2) PORT 2: Recv/Dropped : 0/19
AGG (6 ,2) PORT 3: Recv/Dropped : 0/16
AGG (6 ,2) PORT 4: Recv/Dropped : 0/16
AGG (6 ,2) PORT 5: Recv/Dropped : 0/37
AGG (6 ,2) PORT 6: Recv/Dropped : 0/41
AGG (6 ,2) PORT 7: Recv/Dropped : 0/33
AGG (6 ,3) PORT 0: Recv/Dropped : 0/15
AGG (6 ,3) PORT 1: Recv/Dropped : 0/30
AGG (6 ,3) PORT 2: Recv/Dropped : 0/5
AGG (6 ,3) PORT 3: Recv/Dropped : 0/19
AGG (6 ,3) PORT 4: Recv/Dropped : 0/33
AGG (6 ,3) PORT 5: Recv/Dropped : 0/47
AGG (6 ,3) PORT 6: Recv/Dropped : 0/21
AGG (6 ,3) PORT 7: Recv/Dropped : 0/22
AGG (7 ,0) PORT 0: Recv/Dropped : 0/20
AGG (7 ,0) PORT 1: Recv/Dropped : 0/23
AGG (7 ,0) PORT 2: Recv/Dropped : 0/11
AGG (7 ,0) PORT 3: Recv/Dropped : 0/15
AGG (7 ,0) PORT 4: Recv/Dropped : 0/26
AGG (7 ,0) PORT 5: Recv/Dropped : 0/27
AGG (7 ,0) PORT 6: Recv/Dropped : 0/26
AGG (7 ,0) PORT 7: Recv/Dropped : 0/19
AGG (7 ,1) PORT 0: Recv/Dropped : 0/4
AGG (7 ,1) PORT 1: Recv/Dropped : 0/2
AGG (7 ,1) PORT 2: Recv/Dropped : 0/2
AGG (7 ,1) PORT 3: Recv/Dropped : 0/1
AGG (7 ,1) PORT 4: Recv/Dropped : 0/33
AGG (7 ,1) PORT 5: Recv/Dropped : 0/24
AGG (7 ,1) PORT 6: Recv/Dropped : 0/13
AGG (7 ,1) PORT 7: Recv/Dropped : 0/30
AGG (7 ,2) PORT 0: Recv/Dropped : 0/23
AGG (7 ,2) PORT 1: Recv/Dropped : 0/18
AGG (7 ,2) PORT 2: Recv/Dropped : 0/18
AGG (7 ,2) PORT 3: Recv/Dropped : 0/10
AGG (7 ,2) PORT 4: Recv/Dropped : 0/22
AGG (7 ,2) PORT 5: Recv/Dropped : 0/26
AGG (7 ,2) PORT 6: Recv/Dropped : 0/17
AGG (7 ,2) PORT 7: Recv/Dropped : 0/10
AGG (7 ,3) PORT 0: Recv/Dropped : 0/20
AGG (7 ,3) PORT 1: Recv/Dropped : 0/19
AGG (7 ,3) PORT 2: Recv/Dropped : 0/13
AGG (7 ,3) PORT 3: Recv/Dropped : 0/19
AGG (7 ,3) PORT 4: Recv/Dropped : 0/36
AGG (7 ,3) PORT 5: Recv/Dropped : 0/24
AGG (7 ,3) PORT 6: Recv/Dropped : 0/15
AGG (7 ,3) PORT 7: Recv/Dropped : 0/17


TOTAL RECEIVED PACKETS = 43165
TOTAL DROPPED PACKETS = 254