QUEUE STATISTICS FOR EXPERIMENT 8707
---------------------------
 -- EDGE QUEUE STATISTICS --
EDGE (0 ,0) PORT 0: Recv/Dropped : 355/6912
EDGE (0 ,0) PORT 1: Recv/Dropped : 0/87
EDGE (0 ,0) PORT 2: Recv/Dropped : 0/70
EDGE (0 ,0) PORT 3: Recv/Dropped : 0/75
EDGE (0 ,0) PORT 4: Recv/Dropped : 0/1210
EDGE (0 ,0) PORT 5: Recv/Dropped : 0/1301
EDGE (0 ,0) PORT 6: Recv/Dropped : 0/1131
EDGE (0 ,0) PORT 7: Recv/Dropped : 0/1140
EDGE (0 ,1) PORT 0: Recv/Dropped : 0/85
EDGE (0 ,1) PORT 1: Recv/Dropped : 0/67
EDGE (0 ,1) PORT 2: Recv/Dropped : 0/87
EDGE (0 ,1) PORT 3: Recv/Dropped : 0/2
EDGE (0 ,1) PORT 4: Recv/Dropped : 0/82
EDGE (0 ,1) PORT 5: Recv/Dropped : 0/80
EDGE (0 ,1) PORT 6: Recv/Dropped : 0/70
EDGE (0 ,1) PORT 7: Recv/Dropped : 0/74
EDGE (0 ,2) PORT 0: Recv/Dropped : 0/66
EDGE (0 ,2) PORT 1: Recv/Dropped : 0/2
EDGE (0 ,2) PORT 2: Recv/Dropped : 0/74
EDGE (0 ,2) PORT 3: Recv/Dropped : 0/67
EDGE (0 ,2) PORT 4: Recv/Dropped : 0/80
EDGE (0 ,2) PORT 5: Recv/Dropped : 0/83
EDGE (0 ,2) PORT 6: Recv/Dropped : 0/75
EDGE (0 ,2) PORT 7: Recv/Dropped : 0/65
EDGE (0 ,3) PORT 0: Recv/Dropped : 0/73
EDGE (0 ,3) PORT 1: Recv/Dropped : 0/2
EDGE (0 ,3) PORT 2: Recv/Dropped : 0/79
EDGE (0 ,3) PORT 3: Recv/Dropped : 0/69
EDGE (0 ,3) PORT 4: Recv/Dropped : 0/80
EDGE (0 ,3) PORT 5: Recv/Dropped : 0/79
EDGE (0 ,3) PORT 6: Recv/Dropped : 0/65
EDGE (0 ,3) PORT 7: Recv/Dropped : 0/74
EDGE (1 ,0) PORT 0: Recv/Dropped : 0/73
EDGE (1 ,0) PORT 1: Recv/Dropped : 0/66
EDGE (1 ,0) PORT 2: Recv/Dropped : 0/87
EDGE (1 ,0) PORT 3: Recv/Dropped : 0/70
EDGE (1 ,0) PORT 4: Recv/Dropped : 0/82
EDGE (1 ,0) PORT 5: Recv/Dropped : 0/131
EDGE (1 ,0) PORT 6: Recv/Dropped : 0/74
EDGE (1 ,0) PORT 7: Recv/Dropped : 0/113
EDGE (1 ,1) PORT 0: Recv/Dropped : 0/73
EDGE (1 ,1) PORT 1: Recv/Dropped : 0/79
EDGE (1 ,1) PORT 2: Recv/Dropped : 0/2
EDGE (1 ,1) PORT 3: Recv/Dropped : 0/64
EDGE (1 ,1) PORT 4: Recv/Dropped : 0/53
EDGE (1 ,1) PORT 5: Recv/Dropped : 0/79
EDGE (1 ,1) PORT 6: Recv/Dropped : 0/85
EDGE (1 ,1) PORT 7: Recv/Dropped : 0/81
EDGE (1 ,2) PORT 0: Recv/Dropped : 0/2
EDGE (1 ,2) PORT 1: Recv/Dropped : 0/70
EDGE (1 ,2) PORT 2: Recv/Dropped : 0/64
EDGE (1 ,2) PORT 3: Recv/Dropped : 0/2
EDGE (1 ,2) PORT 4: Recv/Dropped : 0/105
EDGE (1 ,2) PORT 5: Recv/Dropped : 0/39
EDGE (1 ,2) PORT 6: Recv/Dropped : 0/32
EDGE (1 ,2) PORT 7: Recv/Dropped : 0/34
EDGE (1 ,3) PORT 0: Recv/Dropped : 0/2
EDGE (1 ,3) PORT 1: Recv/Dropped : 0/2
EDGE (1 ,3) PORT 2: Recv/Dropped : 0/2
EDGE (1 ,3) PORT 3: Recv/Dropped : 0/2
EDGE (1 ,3) PORT 4: Recv/Dropped : 0/7
EDGE (1 ,3) PORT 5: Recv/Dropped : 0/5
EDGE (1 ,3) PORT 6: Recv/Dropped : 0/4
EDGE (1 ,3) PORT 7: Recv/Dropped : 0/4
EDGE (2 ,0) PORT 0: Recv/Dropped : 0/70
EDGE (2 ,0) PORT 1: Recv/Dropped : 0/71
EDGE (2 ,0) PORT 2: Recv/Dropped : 0/2
EDGE (2 ,0) PORT 3: Recv/Dropped : 0/2
EDGE (2 ,0) PORT 4: Recv/Dropped : 0/51
EDGE (2 ,0) PORT 5: Recv/Dropped : 0/65
EDGE (2 ,0) PORT 6: Recv/Dropped : 0/35
EDGE (2 ,0) PORT 7: Recv/Dropped : 0/56
EDGE (2 ,1) PORT 0: Recv/Dropped : 0/74
EDGE (2 ,1) PORT 1: Recv/Dropped : 0/64
EDGE (2 ,1) PORT 2: Recv/Dropped : 0/64
EDGE (2 ,1) PORT 3: Recv/Dropped : 0/2
EDGE (2 ,1) PORT 4: Recv/Dropped : 0/56
EDGE (2 ,1) PORT 5: Recv/Dropped : 0/83
EDGE (2 ,1) PORT 6: Recv/Dropped : 0/81
EDGE (2 ,1) PORT 7: Recv/Dropped : 0/83
EDGE (2 ,2) PORT 0: Recv/Dropped : 0/72
EDGE (2 ,2) PORT 1: Recv/Dropped : 0/64
EDGE (2 ,2) PORT 2: Recv/Dropped : 0/75
EDGE (2 ,2) PORT 3: Recv/Dropped : 0/70
EDGE (2 ,2) PORT 4: Recv/Dropped : 0/102
EDGE (2 ,2) PORT 5: Recv/Dropped : 0/84
EDGE (2 ,2) PORT 6: Recv/Dropped : 0/94
EDGE (2 ,2) PORT 7: Recv/Dropped : 0/122
EDGE (2 ,3) PORT 0: Recv/Dropped : 0/62
EDGE (2 ,3) PORT 1: Recv/Dropped : 0/2
EDGE (2 ,3) PORT 2: Recv/Dropped : 0/2
EDGE (2 ,3) PORT 3: Recv/Dropped : 0/3
EDGE (2 ,3) PORT 4: Recv/Dropped : 0/30
EDGE (2 ,3) PORT 5: Recv/Dropped : 0/32
EDGE (2 ,3) PORT 6: Recv/Dropped : 0/23
EDGE (2 ,3) PORT 7: Recv/Dropped : 0/27
EDGE (3 ,0) PORT 0: Recv/Dropped : 0/71
EDGE (3 ,0) PORT 1: Recv/Dropped : 0/75
EDGE (3 ,0) PORT 2: Recv/Dropped : 0/73
EDGE (3 ,0) PORT 3: Recv/Dropped : 0/71
EDGE (3 ,0) PORT 4: Recv/Dropped : 0/110
EDGE (3 ,0) PORT 5: Recv/Dropped : 0/108
EDGE (3 ,0) PORT 6: Recv/Dropped : 0/106
EDGE (3 ,0) PORT 7: Recv/Dropped : 0/84
EDGE (3 ,1) PORT 0: Recv/Dropped : 0/2
EDGE (3 ,1) PORT 1: Recv/Dropped : 0/3
EDGE (3 ,1) PORT 2: Recv/Dropped : 0/70
EDGE (3 ,1) PORT 3: Recv/Dropped : 0/64
EDGE (3 ,1) PORT 4: Recv/Dropped : 0/58
EDGE (3 ,1) PORT 5: Recv/Dropped : 0/55
EDGE (3 ,1) PORT 6: Recv/Dropped : 0/49
EDGE (3 ,1) PORT 7: Recv/Dropped : 0/49
EDGE (3 ,2) PORT 0: Recv/Dropped : 0/64
EDGE (3 ,2) PORT 1: Recv/Dropped : 0/69
EDGE (3 ,2) PORT 2: Recv/Dropped : 0/2
EDGE (3 ,2) PORT 3: Recv/Dropped : 0/62
EDGE (3 ,2) PORT 4: Recv/Dropped : 0/89
EDGE (3 ,2) PORT 5: Recv/Dropped : 0/78
EDGE (3 ,2) PORT 6: Recv/Dropped : 0/69
EDGE (3 ,2) PORT 7: Recv/Dropped : 0/67
EDGE (3 ,3) PORT 0: Recv/Dropped : 0/70
EDGE (3 ,3) PORT 1: Recv/Dropped : 0/2
EDGE (3 ,3) PORT 2: Recv/Dropped : 0/3
EDGE (3 ,3) PORT 3: Recv/Dropped : 0/4
EDGE (3 ,3) PORT 4: Recv/Dropped : 0/21
EDGE (3 ,3) PORT 5: Recv/Dropped : 0/40
EDGE (3 ,3) PORT 6: Recv/Dropped : 0/37
EDGE (3 ,3) PORT 7: Recv/Dropped : 0/16
EDGE (4 ,0) PORT 0: Recv/Dropped : 0/3
EDGE (4 ,0) PORT 1: Recv/Dropped : 0/69
EDGE (4 ,0) PORT 2: Recv/Dropped : 0/2
EDGE (4 ,0) PORT 3: Recv/Dropped : 0/62
EDGE (4 ,0) PORT 4: Recv/Dropped : 0/54
EDGE (4 ,0) PORT 5: Recv/Dropped : 0/46
EDGE (4 ,0) PORT 6: Recv/Dropped : 0/66
EDGE (4 ,0) PORT 7: Recv/Dropped : 0/43
EDGE (4 ,1) PORT 0: Recv/Dropped : 0/78
EDGE (4 ,1) PORT 1: Recv/Dropped : 0/2
EDGE (4 ,1) PORT 2: Recv/Dropped : 0/75
EDGE (4 ,1) PORT 3: Recv/Dropped : 0/2
EDGE (4 ,1) PORT 4: Recv/Dropped : 0/67
EDGE (4 ,1) PORT 5: Recv/Dropped : 0/52
EDGE (4 ,1) PORT 6: Recv/Dropped : 0/50
EDGE (4 ,1) PORT 7: Recv/Dropped : 0/46
EDGE (4 ,2) PORT 0: Recv/Dropped : 0/2
EDGE (4 ,2) PORT 1: Recv/Dropped : 0/2
EDGE (4 ,2) PORT 2: Recv/Dropped : 0/64
EDGE (4 ,2) PORT 3: Recv/Dropped : 0/2
EDGE (4 ,2) PORT 4: Recv/Dropped : 0/20
EDGE (4 ,2) PORT 5: Recv/Dropped : 0/24
EDGE (4 ,2) PORT 6: Recv/Dropped : 0/38
EDGE (4 ,2) PORT 7: Recv/Dropped : 0/31
EDGE (4 ,3) PORT 0: Recv/Dropped : 0/2
EDGE (4 ,3) PORT 1: Recv/Dropped : 0/2
EDGE (4 ,3) PORT 2: Recv/Dropped : 0/64
EDGE (4 ,3) PORT 3: Recv/Dropped : 0/63
EDGE (4 ,3) PORT 4: Recv/Dropped : 0/60
EDGE (4 ,3) PORT 5: Recv/Dropped : 0/43
EDGE (4 ,3) PORT 6: Recv/Dropped : 0/51
EDGE (4 ,3) PORT 7: Recv/Dropped : 0/53
EDGE (5 ,0) PORT 0: Recv/Dropped : 0/2
EDGE (5 ,0) PORT 1: Recv/Dropped : 0/70
EDGE (5 ,0) PORT 2: Recv/Dropped : 0/68
EDGE (5 ,0) PORT 3: Recv/Dropped : 0/2
EDGE (5 ,0) PORT 4: Recv/Dropped : 0/52
EDGE (5 ,0) PORT 5: Recv/Dropped : 0/65
EDGE (5 ,0) PORT 6: Recv/Dropped : 0/39
EDGE (5 ,0) PORT 7: Recv/Dropped : 0/54
EDGE (5 ,1) PORT 0: Recv/Dropped : 0/2
EDGE (5 ,1) PORT 1: Recv/Dropped : 0/68
EDGE (5 ,1) PORT 2: Recv/Dropped : 0/63
EDGE (5 ,1) PORT 3: Recv/Dropped : 0/2
EDGE (5 ,1) PORT 4: Recv/Dropped : 0/67
EDGE (5 ,1) PORT 5: Recv/Dropped : 0/49
EDGE (5 ,1) PORT 6: Recv/Dropped : 0/58
EDGE (5 ,1) PORT 7: Recv/Dropped : 0/35
EDGE (5 ,2) PORT 0: Recv/Dropped : 0/2
EDGE (5 ,2) PORT 1: Recv/Dropped : 0/70
EDGE (5 ,2) PORT 2: Recv/Dropped : 0/3
EDGE (5 ,2) PORT 3: Recv/Dropped : 0/2
EDGE (5 ,2) PORT 4: Recv/Dropped : 0/27
EDGE (5 ,2) PORT 5: Recv/Dropped : 0/46
EDGE (5 ,2) PORT 6: Recv/Dropped : 0/18
EDGE (5 ,2) PORT 7: Recv/Dropped : 0/26
EDGE (5 ,3) PORT 0: Recv/Dropped : 0/2
EDGE (5 ,3) PORT 1: Recv/Dropped : 0/2
EDGE (5 ,3) PORT 2: Recv/Dropped : 0/64
EDGE (5 ,3) PORT 3: Recv/Dropped : 0/68
EDGE (5 ,3) PORT 4: Recv/Dropped : 0/56
EDGE (5 ,3) PORT 5: Recv/Dropped : 0/56
EDGE (5 ,3) PORT 6: Recv/Dropped : 0/51
EDGE (5 ,3) PORT 7: Recv/Dropped : 0/45
EDGE (6 ,0) PORT 0: Recv/Dropped : 0/2
EDGE (6 ,0) PORT 1: Recv/Dropped : 0/2
EDGE (6 ,0) PORT 2: Recv/Dropped : 0/2
EDGE (6 ,0) PORT 3: Recv/Dropped : 0/74
EDGE (6 ,0) PORT 4: Recv/Dropped : 0/24
EDGE (6 ,0) PORT 5: Recv/Dropped : 0/30
EDGE (6 ,0) PORT 6: Recv/Dropped : 0/29
EDGE (6 ,0) PORT 7: Recv/Dropped : 0/34
EDGE (6 ,1) PORT 0: Recv/Dropped : 0/2
EDGE (6 ,1) PORT 1: Recv/Dropped : 0/2
EDGE (6 ,1) PORT 2: Recv/Dropped : 0/2
EDGE (6 ,1) PORT 3: Recv/Dropped : 0/69
EDGE (6 ,1) PORT 4: Recv/Dropped : 0/36
EDGE (6 ,1) PORT 5: Recv/Dropped : 0/28
EDGE (6 ,1) PORT 6: Recv/Dropped : 0/24
EDGE (6 ,1) PORT 7: Recv/Dropped : 0/27
EDGE (6 ,2) PORT 0: Recv/Dropped : 0/2
EDGE (6 ,2) PORT 1: Recv/Dropped : 0/2
EDGE (6 ,2) PORT 2: Recv/Dropped : 0/66
EDGE (6 ,2) PORT 3: Recv/Dropped : 0/4
EDGE (6 ,2) PORT 4: Recv/Dropped : 0/38
EDGE (6 ,2) PORT 5: Recv/Dropped : 0/11
EDGE (6 ,2) PORT 6: Recv/Dropped : 0/43
EDGE (6 ,2) PORT 7: Recv/Dropped : 0/23
EDGE (6 ,3) PORT 0: Recv/Dropped : 0/3
EDGE (6 ,3) PORT 1: Recv/Dropped : 0/64
EDGE (6 ,3) PORT 2: Recv/Dropped : 0/64
EDGE (6 ,3) PORT 3: Recv/Dropped : 0/2
EDGE (6 ,3) PORT 4: Recv/Dropped : 0/48
EDGE (6 ,3) PORT 5: Recv/Dropped : 0/37
EDGE (6 ,3) PORT 6: Recv/Dropped : 0/52
EDGE (6 ,3) PORT 7: Recv/Dropped : 0/70
EDGE (7 ,0) PORT 0: Recv/Dropped : 0/68
EDGE (7 ,0) PORT 1: Recv/Dropped : 0/75
EDGE (7 ,0) PORT 2: Recv/Dropped : 0/68
EDGE (7 ,0) PORT 3: Recv/Dropped : 0/70
EDGE (7 ,0) PORT 4: Recv/Dropped : 0/87
EDGE (7 ,0) PORT 5: Recv/Dropped : 0/113
EDGE (7 ,0) PORT 6: Recv/Dropped : 0/110
EDGE (7 ,0) PORT 7: Recv/Dropped : 0/90
EDGE (7 ,1) PORT 0: Recv/Dropped : 0/72
EDGE (7 ,1) PORT 1: Recv/Dropped : 0/71
EDGE (7 ,1) PORT 2: Recv/Dropped : 0/64
EDGE (7 ,1) PORT 3: Recv/Dropped : 0/2
EDGE (7 ,1) PORT 4: Recv/Dropped : 0/68
EDGE (7 ,1) PORT 5: Recv/Dropped : 0/53
EDGE (7 ,1) PORT 6: Recv/Dropped : 0/79
EDGE (7 ,1) PORT 7: Recv/Dropped : 0/104
EDGE (7 ,2) PORT 0: Recv/Dropped : 0/2
EDGE (7 ,2) PORT 1: Recv/Dropped : 0/64
EDGE (7 ,2) PORT 2: Recv/Dropped : 0/3
EDGE (7 ,2) PORT 3: Recv/Dropped : 0/2
EDGE (7 ,2) PORT 4: Recv/Dropped : 0/27
EDGE (7 ,2) PORT 5: Recv/Dropped : 0/33
EDGE (7 ,2) PORT 6: Recv/Dropped : 0/29
EDGE (7 ,2) PORT 7: Recv/Dropped : 0/26
EDGE (7 ,3) PORT 0: Recv/Dropped : 0/2
EDGE (7 ,3) PORT 1: Recv/Dropped : 0/70
EDGE (7 ,3) PORT 2: Recv/Dropped : 0/2
EDGE (7 ,3) PORT 3: Recv/Dropped : 0/64
EDGE (7 ,3) PORT 4: Recv/Dropped : 0/57
EDGE (7 ,3) PORT 5: Recv/Dropped : 0/55
EDGE (7 ,3) PORT 6: Recv/Dropped : 0/48
EDGE (7 ,3) PORT 7: Recv/Dropped : 0/49
 -- AGG QUEUE STATISTICS --
AGG (0 ,0) PORT 0: Recv/Dropped : 0/1794
AGG (0 ,0) PORT 1: Recv/Dropped : 0/1782
AGG (0 ,0) PORT 2: Recv/Dropped : 0/1684
AGG (0 ,0) PORT 3: Recv/Dropped : 0/1705
AGG (0 ,0) PORT 4: Recv/Dropped : 0/289
AGG (0 ,0) PORT 5: Recv/Dropped : 0/225
AGG (0 ,0) PORT 6: Recv/Dropped : 0/232
AGG (0 ,0) PORT 7: Recv/Dropped : 0/286
AGG (0 ,1) PORT 0: Recv/Dropped : 0/73
AGG (0 ,1) PORT 1: Recv/Dropped : 0/67
AGG (0 ,1) PORT 2: Recv/Dropped : 0/40
AGG (0 ,1) PORT 3: Recv/Dropped : 0/61
AGG (0 ,1) PORT 4: Recv/Dropped : 0/284
AGG (0 ,1) PORT 5: Recv/Dropped : 0/256
AGG (0 ,1) PORT 6: Recv/Dropped : 0/290
AGG (0 ,1) PORT 7: Recv/Dropped : 0/295
AGG (0 ,2) PORT 0: Recv/Dropped : 0/53
AGG (0 ,2) PORT 1: Recv/Dropped : 0/45
AGG (0 ,2) PORT 2: Recv/Dropped : 0/49
AGG (0 ,2) PORT 3: Recv/Dropped : 0/62
AGG (0 ,2) PORT 4: Recv/Dropped : 0/263
AGG (0 ,2) PORT 5: Recv/Dropped : 0/246
AGG (0 ,2) PORT 6: Recv/Dropped : 0/218
AGG (0 ,2) PORT 7: Recv/Dropped : 0/262
AGG (0 ,3) PORT 0: Recv/Dropped : 0/52
AGG (0 ,3) PORT 1: Recv/Dropped : 0/64
AGG (0 ,3) PORT 2: Recv/Dropped : 0/53
AGG (0 ,3) PORT 3: Recv/Dropped : 0/54
AGG (0 ,3) PORT 4: Recv/Dropped : 0/201
AGG (0 ,3) PORT 5: Recv/Dropped : 0/258
AGG (0 ,3) PORT 6: Recv/Dropped : 0/237
AGG (0 ,3) PORT 7: Recv/Dropped : 0/267
AGG (1 ,0) PORT 0: Recv/Dropped : 0/84
AGG (1 ,0) PORT 1: Recv/Dropped : 0/63
AGG (1 ,0) PORT 2: Recv/Dropped : 0/72
AGG (1 ,0) PORT 3: Recv/Dropped : 0/77
AGG (1 ,0) PORT 4: Recv/Dropped : 0/27
AGG (1 ,0) PORT 5: Recv/Dropped : 0/102
AGG (1 ,0) PORT 6: Recv/Dropped : 0/61
AGG (1 ,0) PORT 7: Recv/Dropped : 0/57
AGG (1 ,1) PORT 0: Recv/Dropped : 0/49
AGG (1 ,1) PORT 1: Recv/Dropped : 0/67
AGG (1 ,1) PORT 2: Recv/Dropped : 0/41
AGG (1 ,1) PORT 3: Recv/Dropped : 0/61
AGG (1 ,1) PORT 4: Recv/Dropped : 0/76
AGG (1 ,1) PORT 5: Recv/Dropped : 0/56
AGG (1 ,1) PORT 6: Recv/Dropped : 0/65
AGG (1 ,1) PORT 7: Recv/Dropped : 0/57
AGG (1 ,2) PORT 0: Recv/Dropped : 0/22
AGG (1 ,2) PORT 1: Recv/Dropped : 0/68
AGG (1 ,2) PORT 2: Recv/Dropped : 0/26
AGG (1 ,2) PORT 3: Recv/Dropped : 0/22
AGG (1 ,2) PORT 4: Recv/Dropped : 0/48
AGG (1 ,2) PORT 5: Recv/Dropped : 0/52
AGG (1 ,2) PORT 6: Recv/Dropped : 0/51
AGG (1 ,2) PORT 7: Recv/Dropped : 0/44
AGG (1 ,3) PORT 0: Recv/Dropped : 0/0
AGG (1 ,3) PORT 1: Recv/Dropped : 0/2
AGG (1 ,3) PORT 2: Recv/Dropped : 0/4
AGG (1 ,3) PORT 3: Recv/Dropped : 0/2
AGG (1 ,3) PORT 4: Recv/Dropped : 0/44
AGG (1 ,3) PORT 5: Recv/Dropped : 0/84
AGG (1 ,3) PORT 6: Recv/Dropped : 0/57
AGG (1 ,3) PORT 7: Recv/Dropped : 0/47
AGG (2 ,0) PORT 0: Recv/Dropped : 0/34
AGG (2 ,0) PORT 1: Recv/Dropped : 0/24
AGG (2 ,0) PORT 2: Recv/Dropped : 0/36
AGG (2 ,0) PORT 3: Recv/Dropped : 0/51
AGG (2 ,0) PORT 4: Recv/Dropped : 0/80
AGG (2 ,0) PORT 5: Recv/Dropped : 0/44
AGG (2 ,0) PORT 6: Recv/Dropped : 0/54
AGG (2 ,0) PORT 7: Recv/Dropped : 0/61
AGG (2 ,1) PORT 0: Recv/Dropped : 0/51
AGG (2 ,1) PORT 1: Recv/Dropped : 0/73
AGG (2 ,1) PORT 2: Recv/Dropped : 0/36
AGG (2 ,1) PORT 3: Recv/Dropped : 0/44
AGG (2 ,1) PORT 4: Recv/Dropped : 0/65
AGG (2 ,1) PORT 5: Recv/Dropped : 0/63
AGG (2 ,1) PORT 6: Recv/Dropped : 0/59
AGG (2 ,1) PORT 7: Recv/Dropped : 0/77
AGG (2 ,2) PORT 0: Recv/Dropped : 0/64
AGG (2 ,2) PORT 1: Recv/Dropped : 0/102
AGG (2 ,2) PORT 2: Recv/Dropped : 0/71
AGG (2 ,2) PORT 3: Recv/Dropped : 0/44
AGG (2 ,2) PORT 4: Recv/Dropped : 0/55
AGG (2 ,2) PORT 5: Recv/Dropped : 0/55
AGG (2 ,2) PORT 6: Recv/Dropped : 0/64
AGG (2 ,2) PORT 7: Recv/Dropped : 0/59
AGG (2 ,3) PORT 0: Recv/Dropped : 0/15
AGG (2 ,3) PORT 1: Recv/Dropped : 0/16
AGG (2 ,3) PORT 2: Recv/Dropped : 0/18
AGG (2 ,3) PORT 3: Recv/Dropped : 0/20
AGG (2 ,3) PORT 4: Recv/Dropped : 0/85
AGG (2 ,3) PORT 5: Recv/Dropped : 0/80
AGG (2 ,3) PORT 6: Recv/Dropped : 0/73
AGG (2 ,3) PORT 7: Recv/Dropped : 0/50
AGG (3 ,0) PORT 0: Recv/Dropped : 0/67
AGG (3 ,0) PORT 1: Recv/Dropped : 0/68
AGG (3 ,0) PORT 2: Recv/Dropped : 0/85
AGG (3 ,0) PORT 3: Recv/Dropped : 0/70
AGG (3 ,0) PORT 4: Recv/Dropped : 0/79
AGG (3 ,0) PORT 5: Recv/Dropped : 0/43
AGG (3 ,0) PORT 6: Recv/Dropped : 0/96
AGG (3 ,0) PORT 7: Recv/Dropped : 0/60
AGG (3 ,1) PORT 0: Recv/Dropped : 0/41
AGG (3 ,1) PORT 1: Recv/Dropped : 0/40
AGG (3 ,1) PORT 2: Recv/Dropped : 0/37
AGG (3 ,1) PORT 3: Recv/Dropped : 0/21
AGG (3 ,1) PORT 4: Recv/Dropped : 0/75
AGG (3 ,1) PORT 5: Recv/Dropped : 0/65
AGG (3 ,1) PORT 6: Recv/Dropped : 0/65
AGG (3 ,1) PORT 7: Recv/Dropped : 0/76
AGG (3 ,2) PORT 0: Recv/Dropped : 0/39
AGG (3 ,2) PORT 1: Recv/Dropped : 0/58
AGG (3 ,2) PORT 2: Recv/Dropped : 0/46
AGG (3 ,2) PORT 3: Recv/Dropped : 0/54
AGG (3 ,2) PORT 4: Recv/Dropped : 0/63
AGG (3 ,2) PORT 5: Recv/Dropped : 0/58
AGG (3 ,2) PORT 6: Recv/Dropped : 0/69
AGG (3 ,2) PORT 7: Recv/Dropped : 0/71
AGG (3 ,3) PORT 0: Recv/Dropped : 0/23
AGG (3 ,3) PORT 1: Recv/Dropped : 0/23
AGG (3 ,3) PORT 2: Recv/Dropped : 0/19
AGG (3 ,3) PORT 3: Recv/Dropped : 0/14
AGG (3 ,3) PORT 4: Recv/Dropped : 0/32
AGG (3 ,3) PORT 5: Recv/Dropped : 0/68
AGG (3 ,3) PORT 6: Recv/Dropped : 0/77
AGG (3 ,3) PORT 7: Recv/Dropped : 0/39
AGG (4 ,0) PORT 0: Recv/Dropped : 0/40
AGG (4 ,0) PORT 1: Recv/Dropped : 0/33
AGG (4 ,0) PORT 2: Recv/Dropped : 0/35
AGG (4 ,0) PORT 3: Recv/Dropped : 0/28
AGG (4 ,0) PORT 4: Recv/Dropped : 0/58
AGG (4 ,0) PORT 5: Recv/Dropped : 0/42
AGG (4 ,0) PORT 6: Recv/Dropped : 0/56
AGG (4 ,0) PORT 7: Recv/Dropped : 0/45
AGG (4 ,1) PORT 0: Recv/Dropped : 0/31
AGG (4 ,1) PORT 1: Recv/Dropped : 0/37
AGG (4 ,1) PORT 2: Recv/Dropped : 0/44
AGG (4 ,1) PORT 3: Recv/Dropped : 0/45
AGG (4 ,1) PORT 4: Recv/Dropped : 0/56
AGG (4 ,1) PORT 5: Recv/Dropped : 0/34
AGG (4 ,1) PORT 6: Recv/Dropped : 0/31
AGG (4 ,1) PORT 7: Recv/Dropped : 0/44
AGG (4 ,2) PORT 0: Recv/Dropped : 0/15
AGG (4 ,2) PORT 1: Recv/Dropped : 0/19
AGG (4 ,2) PORT 2: Recv/Dropped : 0/18
AGG (4 ,2) PORT 3: Recv/Dropped : 0/18
AGG (4 ,2) PORT 4: Recv/Dropped : 0/43
AGG (4 ,2) PORT 5: Recv/Dropped : 0/54
AGG (4 ,2) PORT 6: Recv/Dropped : 0/55
AGG (4 ,2) PORT 7: Recv/Dropped : 0/53
AGG (4 ,3) PORT 0: Recv/Dropped : 0/50
AGG (4 ,3) PORT 1: Recv/Dropped : 0/31
AGG (4 ,3) PORT 2: Recv/Dropped : 0/24
AGG (4 ,3) PORT 3: Recv/Dropped : 0/26
AGG (4 ,3) PORT 4: Recv/Dropped : 0/58
AGG (4 ,3) PORT 5: Recv/Dropped : 0/48
AGG (4 ,3) PORT 6: Recv/Dropped : 0/29
AGG (4 ,3) PORT 7: Recv/Dropped : 0/38
AGG (5 ,0) PORT 0: Recv/Dropped : 0/40
AGG (5 ,0) PORT 1: Recv/Dropped : 0/48
AGG (5 ,0) PORT 2: Recv/Dropped : 0/27
AGG (5 ,0) PORT 3: Recv/Dropped : 0/27
AGG (5 ,0) PORT 4: Recv/Dropped : 0/58
AGG (5 ,0) PORT 5: Recv/Dropped : 0/53
AGG (5 ,0) PORT 6: Recv/Dropped : 0/27
AGG (5 ,0) PORT 7: Recv/Dropped : 0/64
AGG (5 ,1) PORT 0: Recv/Dropped : 0/25
AGG (5 ,1) PORT 1: Recv/Dropped : 0/40
AGG (5 ,1) PORT 2: Recv/Dropped : 0/33
AGG (5 ,1) PORT 3: Recv/Dropped : 0/37
AGG (5 ,1) PORT 4: Recv/Dropped : 0/42
AGG (5 ,1) PORT 5: Recv/Dropped : 0/75
AGG (5 ,1) PORT 6: Recv/Dropped : 0/61
AGG (5 ,1) PORT 7: Recv/Dropped : 0/38
AGG (5 ,2) PORT 0: Recv/Dropped : 0/21
AGG (5 ,2) PORT 1: Recv/Dropped : 0/27
AGG (5 ,2) PORT 2: Recv/Dropped : 0/14
AGG (5 ,2) PORT 3: Recv/Dropped : 0/15
AGG (5 ,2) PORT 4: Recv/Dropped : 0/38
AGG (5 ,2) PORT 5: Recv/Dropped : 0/45
AGG (5 ,2) PORT 6: Recv/Dropped : 0/43
AGG (5 ,2) PORT 7: Recv/Dropped : 0/40
AGG (5 ,3) PORT 0: Recv/Dropped : 0/30
AGG (5 ,3) PORT 1: Recv/Dropped : 0/36
AGG (5 ,3) PORT 2: Recv/Dropped : 0/33
AGG (5 ,3) PORT 3: Recv/Dropped : 0/37
AGG (5 ,3) PORT 4: Recv/Dropped : 0/33
AGG (5 ,3) PORT 5: Recv/Dropped : 0/54
AGG (5 ,3) PORT 6: Recv/Dropped : 0/32
AGG (5 ,3) PORT 7: Recv/Dropped : 0/41
AGG (6 ,0) PORT 0: Recv/Dropped : 0/32
AGG (6 ,0) PORT 1: Recv/Dropped : 0/16
AGG (6 ,0) PORT 2: Recv/Dropped : 0/12
AGG (6 ,0) PORT 3: Recv/Dropped : 0/20
AGG (6 ,0) PORT 4: Recv/Dropped : 0/23
AGG (6 ,0) PORT 5: Recv/Dropped : 0/40
AGG (6 ,0) PORT 6: Recv/Dropped : 0/30
AGG (6 ,0) PORT 7: Recv/Dropped : 0/53
AGG (6 ,1) PORT 0: Recv/Dropped : 0/24
AGG (6 ,1) PORT 1: Recv/Dropped : 0/13
AGG (6 ,1) PORT 2: Recv/Dropped : 0/22
AGG (6 ,1) PORT 3: Recv/Dropped : 0/16
AGG (6 ,1) PORT 4: Recv/Dropped : 0/10
AGG (6 ,1) PORT 5: Recv/Dropped : 0/22
AGG (6 ,1) PORT 6: Recv/Dropped : 0/38
AGG (6 ,1) PORT 7: Recv/Dropped : 0/36
AGG (6 ,2) PORT 0: Recv/Dropped : 0/16
AGG (6 ,2) PORT 1: Recv/Dropped : 0/12
AGG (6 ,2) PORT 2: Recv/Dropped : 0/18
AGG (6 ,2) PORT 3: Recv/Dropped : 0/28
AGG (6 ,2) PORT 4: Recv/Dropped : 0/26
AGG (6 ,2) PORT 5: Recv/Dropped : 0/49
AGG (6 ,2) PORT 6: Recv/Dropped : 0/39
AGG (6 ,2) PORT 7: Recv/Dropped : 0/34
AGG (6 ,3) PORT 0: Recv/Dropped : 0/36
AGG (6 ,3) PORT 1: Recv/Dropped : 0/33
AGG (6 ,3) PORT 2: Recv/Dropped : 0/36
AGG (6 ,3) PORT 3: Recv/Dropped : 0/28
AGG (6 ,3) PORT 4: Recv/Dropped : 0/34
AGG (6 ,3) PORT 5: Recv/Dropped : 0/58
AGG (6 ,3) PORT 6: Recv/Dropped : 0/28
AGG (6 ,3) PORT 7: Recv/Dropped : 0/34
AGG (7 ,0) PORT 0: Recv/Dropped : 0/80
AGG (7 ,0) PORT 1: Recv/Dropped : 0/60
AGG (7 ,0) PORT 2: Recv/Dropped : 0/80
AGG (7 ,0) PORT 3: Recv/Dropped : 0/61
AGG (7 ,0) PORT 4: Recv/Dropped : 0/67
AGG (7 ,0) PORT 5: Recv/Dropped : 0/54
AGG (7 ,0) PORT 6: Recv/Dropped : 0/73
AGG (7 ,0) PORT 7: Recv/Dropped : 0/45
AGG (7 ,1) PORT 0: Recv/Dropped : 0/47
AGG (7 ,1) PORT 1: Recv/Dropped : 0/63
AGG (7 ,1) PORT 2: Recv/Dropped : 0/52
AGG (7 ,1) PORT 3: Recv/Dropped : 0/47
AGG (7 ,1) PORT 4: Recv/Dropped : 0/78
AGG (7 ,1) PORT 5: Recv/Dropped : 0/61
AGG (7 ,1) PORT 6: Recv/Dropped : 0/49
AGG (7 ,1) PORT 7: Recv/Dropped : 0/66
AGG (7 ,2) PORT 0: Recv/Dropped : 0/14
AGG (7 ,2) PORT 1: Recv/Dropped : 0/18
AGG (7 ,2) PORT 2: Recv/Dropped : 0/22
AGG (7 ,2) PORT 3: Recv/Dropped : 0/17
AGG (7 ,2) PORT 4: Recv/Dropped : 0/82
AGG (7 ,2) PORT 5: Recv/Dropped : 0/66
AGG (7 ,2) PORT 6: Recv/Dropped : 0/49
AGG (7 ,2) PORT 7: Recv/Dropped : 0/69
AGG (7 ,3) PORT 0: Recv/Dropped : 0/42
AGG (7 ,3) PORT 1: Recv/Dropped : 0/35
AGG (7 ,3) PORT 2: Recv/Dropped : 0/28
AGG (7 ,3) PORT 3: Recv/Dropped : 0/33
AGG (7 ,3) PORT 4: Recv/Dropped : 0/82
AGG (7 ,3) PORT 5: Recv/Dropped : 0/62
AGG (7 ,3) PORT 6: Recv/Dropped : 0/63
AGG (7 ,3) PORT 7: Recv/Dropped : 0/62


TOTAL RECEIVED PACKETS = 45587
TOTAL DROPPED PACKETS = 355