QUEUE STATISTICS FOR EXPERIMENT 7907
---------------------------
 -- EDGE QUEUE STATISTICS --
EDGE (0 ,0) PORT 0: Recv/Dropped : 359/4072
EDGE (0 ,0) PORT 1: Recv/Dropped : 0/79
EDGE (0 ,0) PORT 2: Recv/Dropped : 0/67
EDGE (0 ,0) PORT 3: Recv/Dropped : 0/70
EDGE (0 ,0) PORT 4: Recv/Dropped : 0/883
EDGE (0 ,0) PORT 5: Recv/Dropped : 0/642
EDGE (0 ,0) PORT 6: Recv/Dropped : 0/567
EDGE (0 ,0) PORT 7: Recv/Dropped : 0/772
EDGE (0 ,1) PORT 0: Recv/Dropped : 0/75
EDGE (0 ,1) PORT 1: Recv/Dropped : 0/2
EDGE (0 ,1) PORT 2: Recv/Dropped : 0/65
EDGE (0 ,1) PORT 3: Recv/Dropped : 0/70
EDGE (0 ,1) PORT 4: Recv/Dropped : 0/90
EDGE (0 ,1) PORT 5: Recv/Dropped : 0/16
EDGE (0 ,1) PORT 6: Recv/Dropped : 0/100
EDGE (0 ,1) PORT 7: Recv/Dropped : 0/95
EDGE (0 ,2) PORT 0: Recv/Dropped : 0/72
EDGE (0 ,2) PORT 1: Recv/Dropped : 0/82
EDGE (0 ,2) PORT 2: Recv/Dropped : 0/71
EDGE (0 ,2) PORT 3: Recv/Dropped : 0/66
EDGE (0 ,2) PORT 4: Recv/Dropped : 0/91
EDGE (0 ,2) PORT 5: Recv/Dropped : 0/121
EDGE (0 ,2) PORT 6: Recv/Dropped : 0/153
EDGE (0 ,2) PORT 7: Recv/Dropped : 0/39
EDGE (0 ,3) PORT 0: Recv/Dropped : 0/2
EDGE (0 ,3) PORT 1: Recv/Dropped : 0/83
EDGE (0 ,3) PORT 2: Recv/Dropped : 0/67
EDGE (0 ,3) PORT 3: Recv/Dropped : 0/69
EDGE (0 ,3) PORT 4: Recv/Dropped : 0/7
EDGE (0 ,3) PORT 5: Recv/Dropped : 0/14
EDGE (0 ,3) PORT 6: Recv/Dropped : 0/166
EDGE (0 ,3) PORT 7: Recv/Dropped : 0/118
EDGE (1 ,0) PORT 0: Recv/Dropped : 0/67
EDGE (1 ,0) PORT 1: Recv/Dropped : 0/70
EDGE (1 ,0) PORT 2: Recv/Dropped : 0/67
EDGE (1 ,0) PORT 3: Recv/Dropped : 0/70
EDGE (1 ,0) PORT 4: Recv/Dropped : 0/98
EDGE (1 ,0) PORT 5: Recv/Dropped : 0/96
EDGE (1 ,0) PORT 6: Recv/Dropped : 0/12
EDGE (1 ,0) PORT 7: Recv/Dropped : 0/196
EDGE (1 ,1) PORT 0: Recv/Dropped : 0/87
EDGE (1 ,1) PORT 1: Recv/Dropped : 0/0
EDGE (1 ,1) PORT 2: Recv/Dropped : 0/0
EDGE (1 ,1) PORT 3: Recv/Dropped : 0/0
EDGE (1 ,1) PORT 4: Recv/Dropped : 0/3
EDGE (1 ,1) PORT 5: Recv/Dropped : 0/39
EDGE (1 ,1) PORT 6: Recv/Dropped : 0/17
EDGE (1 ,1) PORT 7: Recv/Dropped : 0/54
EDGE (1 ,2) PORT 0: Recv/Dropped : 0/73
EDGE (1 ,2) PORT 1: Recv/Dropped : 0/71
EDGE (1 ,2) PORT 2: Recv/Dropped : 0/0
EDGE (1 ,2) PORT 3: Recv/Dropped : 0/0
EDGE (1 ,2) PORT 4: Recv/Dropped : 0/12
EDGE (1 ,2) PORT 5: Recv/Dropped : 0/94
EDGE (1 ,2) PORT 6: Recv/Dropped : 0/12
EDGE (1 ,2) PORT 7: Recv/Dropped : 0/89
EDGE (1 ,3) PORT 0: Recv/Dropped : 0/0
EDGE (1 ,3) PORT 1: Recv/Dropped : 0/0
EDGE (1 ,3) PORT 2: Recv/Dropped : 0/82
EDGE (1 ,3) PORT 3: Recv/Dropped : 0/70
EDGE (1 ,3) PORT 4: Recv/Dropped : 0/10
EDGE (1 ,3) PORT 5: Recv/Dropped : 0/61
EDGE (1 ,3) PORT 6: Recv/Dropped : 0/16
EDGE (1 ,3) PORT 7: Recv/Dropped : 0/120
EDGE (2 ,0) PORT 0: Recv/Dropped : 0/78
EDGE (2 ,0) PORT 1: Recv/Dropped : 0/73
EDGE (2 ,0) PORT 2: Recv/Dropped : 0/0
EDGE (2 ,0) PORT 3: Recv/Dropped : 0/0
EDGE (2 ,0) PORT 4: Recv/Dropped : 0/93
EDGE (2 ,0) PORT 5: Recv/Dropped : 0/16
EDGE (2 ,0) PORT 6: Recv/Dropped : 0/102
EDGE (2 ,0) PORT 7: Recv/Dropped : 0/10
EDGE (2 ,1) PORT 0: Recv/Dropped : 0/2
EDGE (2 ,1) PORT 1: Recv/Dropped : 0/0
EDGE (2 ,1) PORT 2: Recv/Dropped : 0/0
EDGE (2 ,1) PORT 3: Recv/Dropped : 0/0
EDGE (2 ,1) PORT 4: Recv/Dropped : 0/6
EDGE (2 ,1) PORT 5: Recv/Dropped : 0/4
EDGE (2 ,1) PORT 6: Recv/Dropped : 0/3
EDGE (2 ,1) PORT 7: Recv/Dropped : 0/1
EDGE (2 ,2) PORT 0: Recv/Dropped : 0/0
EDGE (2 ,2) PORT 1: Recv/Dropped : 0/0
EDGE (2 ,2) PORT 2: Recv/Dropped : 0/69
EDGE (2 ,2) PORT 3: Recv/Dropped : 0/0
EDGE (2 ,2) PORT 4: Recv/Dropped : 0/87
EDGE (2 ,2) PORT 5: Recv/Dropped : 0/7
EDGE (2 ,2) PORT 6: Recv/Dropped : 0/11
EDGE (2 ,2) PORT 7: Recv/Dropped : 0/6
EDGE (2 ,3) PORT 0: Recv/Dropped : 0/0
EDGE (2 ,3) PORT 1: Recv/Dropped : 0/67
EDGE (2 ,3) PORT 2: Recv/Dropped : 0/3
EDGE (2 ,3) PORT 3: Recv/Dropped : 0/0
EDGE (2 ,3) PORT 4: Recv/Dropped : 0/7
EDGE (2 ,3) PORT 5: Recv/Dropped : 0/13
EDGE (2 ,3) PORT 6: Recv/Dropped : 0/5
EDGE (2 ,3) PORT 7: Recv/Dropped : 0/89
EDGE (3 ,0) PORT 0: Recv/Dropped : 0/78
EDGE (3 ,0) PORT 1: Recv/Dropped : 0/67
EDGE (3 ,0) PORT 2: Recv/Dropped : 0/0
EDGE (3 ,0) PORT 3: Recv/Dropped : 0/0
EDGE (3 ,0) PORT 4: Recv/Dropped : 0/10
EDGE (3 ,0) PORT 5: Recv/Dropped : 0/106
EDGE (3 ,0) PORT 6: Recv/Dropped : 0/9
EDGE (3 ,0) PORT 7: Recv/Dropped : 0/88
EDGE (3 ,1) PORT 0: Recv/Dropped : 0/0
EDGE (3 ,1) PORT 1: Recv/Dropped : 0/75
EDGE (3 ,1) PORT 2: Recv/Dropped : 0/3
EDGE (3 ,1) PORT 3: Recv/Dropped : 0/0
EDGE (3 ,1) PORT 4: Recv/Dropped : 0/6
EDGE (3 ,1) PORT 5: Recv/Dropped : 0/3
EDGE (3 ,1) PORT 6: Recv/Dropped : 0/90
EDGE (3 ,1) PORT 7: Recv/Dropped : 0/13
EDGE (3 ,2) PORT 0: Recv/Dropped : 0/68
EDGE (3 ,2) PORT 1: Recv/Dropped : 0/0
EDGE (3 ,2) PORT 2: Recv/Dropped : 0/0
EDGE (3 ,2) PORT 3: Recv/Dropped : 0/0
EDGE (3 ,2) PORT 4: Recv/Dropped : 0/5
EDGE (3 ,2) PORT 5: Recv/Dropped : 0/96
EDGE (3 ,2) PORT 6: Recv/Dropped : 0/10
EDGE (3 ,2) PORT 7: Recv/Dropped : 0/2
EDGE (3 ,3) PORT 0: Recv/Dropped : 0/69
EDGE (3 ,3) PORT 1: Recv/Dropped : 0/0
EDGE (3 ,3) PORT 2: Recv/Dropped : 0/84
EDGE (3 ,3) PORT 3: Recv/Dropped : 0/4
EDGE (3 ,3) PORT 4: Recv/Dropped : 0/97
EDGE (3 ,3) PORT 5: Recv/Dropped : 0/7
EDGE (3 ,3) PORT 6: Recv/Dropped : 0/77
EDGE (3 ,3) PORT 7: Recv/Dropped : 0/26
EDGE (4 ,0) PORT 0: Recv/Dropped : 0/0
EDGE (4 ,0) PORT 1: Recv/Dropped : 0/0
EDGE (4 ,0) PORT 2: Recv/Dropped : 0/0
EDGE (4 ,0) PORT 3: Recv/Dropped : 0/0
EDGE (4 ,0) PORT 4: Recv/Dropped : 0/3
EDGE (4 ,0) PORT 5: Recv/Dropped : 0/4
EDGE (4 ,0) PORT 6: Recv/Dropped : 0/2
EDGE (4 ,0) PORT 7: Recv/Dropped : 0/3
EDGE (4 ,1) PORT 0: Recv/Dropped : 0/0
EDGE (4 ,1) PORT 1: Recv/Dropped : 0/69
EDGE (4 ,1) PORT 2: Recv/Dropped : 0/0
EDGE (4 ,1) PORT 3: Recv/Dropped : 0/0
EDGE (4 ,1) PORT 4: Recv/Dropped : 0/10
EDGE (4 ,1) PORT 5: Recv/Dropped : 0/87
EDGE (4 ,1) PORT 6: Recv/Dropped : 0/3
EDGE (4 ,1) PORT 7: Recv/Dropped : 0/11
EDGE (4 ,2) PORT 0: Recv/Dropped : 0/0
EDGE (4 ,2) PORT 1: Recv/Dropped : 0/0
EDGE (4 ,2) PORT 2: Recv/Dropped : 0/2
EDGE (4 ,2) PORT 3: Recv/Dropped : 0/0
EDGE (4 ,2) PORT 4: Recv/Dropped : 0/3
EDGE (4 ,2) PORT 5: Recv/Dropped : 0/3
EDGE (4 ,2) PORT 6: Recv/Dropped : 0/2
EDGE (4 ,2) PORT 7: Recv/Dropped : 0/6
EDGE (4 ,3) PORT 0: Recv/Dropped : 0/0
EDGE (4 ,3) PORT 1: Recv/Dropped : 0/0
EDGE (4 ,3) PORT 2: Recv/Dropped : 0/0
EDGE (4 ,3) PORT 3: Recv/Dropped : 0/0
EDGE (4 ,3) PORT 4: Recv/Dropped : 0/4
EDGE (4 ,3) PORT 5: Recv/Dropped : 0/3
EDGE (4 ,3) PORT 6: Recv/Dropped : 0/1
EDGE (4 ,3) PORT 7: Recv/Dropped : 0/4
EDGE (5 ,0) PORT 0: Recv/Dropped : 0/0
EDGE (5 ,0) PORT 1: Recv/Dropped : 0/0
EDGE (5 ,0) PORT 2: Recv/Dropped : 0/0
EDGE (5 ,0) PORT 3: Recv/Dropped : 0/74
EDGE (5 ,0) PORT 4: Recv/Dropped : 0/103
EDGE (5 ,0) PORT 5: Recv/Dropped : 0/6
EDGE (5 ,0) PORT 6: Recv/Dropped : 0/2
EDGE (5 ,0) PORT 7: Recv/Dropped : 0/3
EDGE (5 ,1) PORT 0: Recv/Dropped : 0/0
EDGE (5 ,1) PORT 1: Recv/Dropped : 0/77
EDGE (5 ,1) PORT 2: Recv/Dropped : 0/0
EDGE (5 ,1) PORT 3: Recv/Dropped : 0/2
EDGE (5 ,1) PORT 4: Recv/Dropped : 0/102
EDGE (5 ,1) PORT 5: Recv/Dropped : 0/6
EDGE (5 ,1) PORT 6: Recv/Dropped : 0/2
EDGE (5 ,1) PORT 7: Recv/Dropped : 0/1
EDGE (5 ,2) PORT 0: Recv/Dropped : 0/0
EDGE (5 ,2) PORT 1: Recv/Dropped : 0/0
EDGE (5 ,2) PORT 2: Recv/Dropped : 0/0
EDGE (5 ,2) PORT 3: Recv/Dropped : 0/0
EDGE (5 ,2) PORT 4: Recv/Dropped : 0/3
EDGE (5 ,2) PORT 5: Recv/Dropped : 0/5
EDGE (5 ,2) PORT 6: Recv/Dropped : 0/2
EDGE (5 ,2) PORT 7: Recv/Dropped : 0/2
EDGE (5 ,3) PORT 0: Recv/Dropped : 0/0
EDGE (5 ,3) PORT 1: Recv/Dropped : 0/0
EDGE (5 ,3) PORT 2: Recv/Dropped : 0/74
EDGE (5 ,3) PORT 3: Recv/Dropped : 0/3
EDGE (5 ,3) PORT 4: Recv/Dropped : 0/87
EDGE (5 ,3) PORT 5: Recv/Dropped : 0/12
EDGE (5 ,3) PORT 6: Recv/Dropped : 0/12
EDGE (5 ,3) PORT 7: Recv/Dropped : 0/5
EDGE (6 ,0) PORT 0: Recv/Dropped : 0/0
EDGE (6 ,0) PORT 1: Recv/Dropped : 0/0
EDGE (6 ,0) PORT 2: Recv/Dropped : 0/3
EDGE (6 ,0) PORT 3: Recv/Dropped : 0/0
EDGE (6 ,0) PORT 4: Recv/Dropped : 0/3
EDGE (6 ,0) PORT 5: Recv/Dropped : 0/2
EDGE (6 ,0) PORT 6: Recv/Dropped : 0/0
EDGE (6 ,0) PORT 7: Recv/Dropped : 0/9
EDGE (6 ,1) PORT 0: Recv/Dropped : 0/0
EDGE (6 ,1) PORT 1: Recv/Dropped : 0/0
EDGE (6 ,1) PORT 2: Recv/Dropped : 0/0
EDGE (6 ,1) PORT 3: Recv/Dropped : 0/4
EDGE (6 ,1) PORT 4: Recv/Dropped : 0/3
EDGE (6 ,1) PORT 5: Recv/Dropped : 0/3
EDGE (6 ,1) PORT 6: Recv/Dropped : 0/2
EDGE (6 ,1) PORT 7: Recv/Dropped : 0/5
EDGE (6 ,2) PORT 0: Recv/Dropped : 0/75
EDGE (6 ,2) PORT 1: Recv/Dropped : 0/74
EDGE (6 ,2) PORT 2: Recv/Dropped : 0/66
EDGE (6 ,2) PORT 3: Recv/Dropped : 0/0
EDGE (6 ,2) PORT 4: Recv/Dropped : 0/178
EDGE (6 ,2) PORT 5: Recv/Dropped : 0/8
EDGE (6 ,2) PORT 6: Recv/Dropped : 0/38
EDGE (6 ,2) PORT 7: Recv/Dropped : 0/92
EDGE (6 ,3) PORT 0: Recv/Dropped : 0/0
EDGE (6 ,3) PORT 1: Recv/Dropped : 0/0
EDGE (6 ,3) PORT 2: Recv/Dropped : 0/0
EDGE (6 ,3) PORT 3: Recv/Dropped : 0/0
EDGE (6 ,3) PORT 4: Recv/Dropped : 0/1
EDGE (6 ,3) PORT 5: Recv/Dropped : 0/3
EDGE (6 ,3) PORT 6: Recv/Dropped : 0/4
EDGE (6 ,3) PORT 7: Recv/Dropped : 0/4
EDGE (7 ,0) PORT 0: Recv/Dropped : 0/0
EDGE (7 ,0) PORT 1: Recv/Dropped : 0/0
EDGE (7 ,0) PORT 2: Recv/Dropped : 0/67
EDGE (7 ,0) PORT 3: Recv/Dropped : 0/66
EDGE (7 ,0) PORT 4: Recv/Dropped : 0/3
EDGE (7 ,0) PORT 5: Recv/Dropped : 0/6
EDGE (7 ,0) PORT 6: Recv/Dropped : 0/195
EDGE (7 ,0) PORT 7: Recv/Dropped : 0/4
EDGE (7 ,1) PORT 0: Recv/Dropped : 0/0
EDGE (7 ,1) PORT 1: Recv/Dropped : 0/0
EDGE (7 ,1) PORT 2: Recv/Dropped : 0/0
EDGE (7 ,1) PORT 3: Recv/Dropped : 0/0
EDGE (7 ,1) PORT 4: Recv/Dropped : 0/2
EDGE (7 ,1) PORT 5: Recv/Dropped : 0/3
EDGE (7 ,1) PORT 6: Recv/Dropped : 0/3
EDGE (7 ,1) PORT 7: Recv/Dropped : 0/4
EDGE (7 ,2) PORT 0: Recv/Dropped : 0/77
EDGE (7 ,2) PORT 1: Recv/Dropped : 0/0
EDGE (7 ,2) PORT 2: Recv/Dropped : 0/0
EDGE (7 ,2) PORT 3: Recv/Dropped : 0/4
EDGE (7 ,2) PORT 4: Recv/Dropped : 0/11
EDGE (7 ,2) PORT 5: Recv/Dropped : 0/94
EDGE (7 ,2) PORT 6: Recv/Dropped : 0/2
EDGE (7 ,2) PORT 7: Recv/Dropped : 0/3
EDGE (7 ,3) PORT 0: Recv/Dropped : 0/0
EDGE (7 ,3) PORT 1: Recv/Dropped : 0/0
EDGE (7 ,3) PORT 2: Recv/Dropped : 0/3
EDGE (7 ,3) PORT 3: Recv/Dropped : 0/3
EDGE (7 ,3) PORT 4: Recv/Dropped : 0/3
EDGE (7 ,3) PORT 5: Recv/Dropped : 0/1
EDGE (7 ,3) PORT 6: Recv/Dropped : 0/7
EDGE (7 ,3) PORT 7: Recv/Dropped : 0/4
 -- AGG QUEUE STATISTICS --
AGG (0 ,0) PORT 0: Recv/Dropped : 23/1118
AGG (0 ,0) PORT 1: Recv/Dropped : 19/916
AGG (0 ,0) PORT 2: Recv/Dropped : 40/1018
AGG (0 ,0) PORT 3: Recv/Dropped : 24/1079
AGG (0 ,0) PORT 4: Recv/Dropped : 0/362
AGG (0 ,0) PORT 5: Recv/Dropped : 0/259
AGG (0 ,0) PORT 6: Recv/Dropped : 0/11
AGG (0 ,0) PORT 7: Recv/Dropped : 0/74
AGG (0 ,1) PORT 0: Recv/Dropped : 0/64
AGG (0 ,1) PORT 1: Recv/Dropped : 0/83
AGG (0 ,1) PORT 2: Recv/Dropped : 0/1
AGG (0 ,1) PORT 3: Recv/Dropped : 0/64
AGG (0 ,1) PORT 4: Recv/Dropped : 0/48
AGG (0 ,1) PORT 5: Recv/Dropped : 0/30
AGG (0 ,1) PORT 6: Recv/Dropped : 0/49
AGG (0 ,1) PORT 7: Recv/Dropped : 0/317
AGG (0 ,2) PORT 0: Recv/Dropped : 0/83
AGG (0 ,2) PORT 1: Recv/Dropped : 0/3
AGG (0 ,2) PORT 2: Recv/Dropped : 0/31
AGG (0 ,2) PORT 3: Recv/Dropped : 0/174
AGG (0 ,2) PORT 4: Recv/Dropped : 0/144
AGG (0 ,2) PORT 5: Recv/Dropped : 0/129
AGG (0 ,2) PORT 6: Recv/Dropped : 0/95
AGG (0 ,2) PORT 7: Recv/Dropped : 0/103
AGG (0 ,3) PORT 0: Recv/Dropped : 0/30
AGG (0 ,3) PORT 1: Recv/Dropped : 0/112
AGG (0 ,3) PORT 2: Recv/Dropped : 0/64
AGG (0 ,3) PORT 3: Recv/Dropped : 0/15
AGG (0 ,3) PORT 4: Recv/Dropped : 0/179
AGG (0 ,3) PORT 5: Recv/Dropped : 0/78
AGG (0 ,3) PORT 6: Recv/Dropped : 0/147
AGG (0 ,3) PORT 7: Recv/Dropped : 0/115
AGG (1 ,0) PORT 0: Recv/Dropped : 0/128
AGG (1 ,0) PORT 1: Recv/Dropped : 0/50
AGG (1 ,0) PORT 2: Recv/Dropped : 0/87
AGG (1 ,0) PORT 3: Recv/Dropped : 0/9
AGG (1 ,0) PORT 4: Recv/Dropped : 0/2
AGG (1 ,0) PORT 5: Recv/Dropped : 0/12
AGG (1 ,0) PORT 6: Recv/Dropped : 0/103
AGG (1 ,0) PORT 7: Recv/Dropped : 0/6
AGG (1 ,1) PORT 0: Recv/Dropped : 0/47
AGG (1 ,1) PORT 1: Recv/Dropped : 0/8
AGG (1 ,1) PORT 2: Recv/Dropped : 0/30
AGG (1 ,1) PORT 3: Recv/Dropped : 0/2
AGG (1 ,1) PORT 4: Recv/Dropped : 0/16
AGG (1 ,1) PORT 5: Recv/Dropped : 0/180
AGG (1 ,1) PORT 6: Recv/Dropped : 0/84
AGG (1 ,1) PORT 7: Recv/Dropped : 0/10
AGG (1 ,2) PORT 0: Recv/Dropped : 0/3
AGG (1 ,2) PORT 1: Recv/Dropped : 0/66
AGG (1 ,2) PORT 2: Recv/Dropped : 0/46
AGG (1 ,2) PORT 3: Recv/Dropped : 0/29
AGG (1 ,2) PORT 4: Recv/Dropped : 0/6
AGG (1 ,2) PORT 5: Recv/Dropped : 0/22
AGG (1 ,2) PORT 6: Recv/Dropped : 0/16
AGG (1 ,2) PORT 7: Recv/Dropped : 0/13
AGG (1 ,3) PORT 0: Recv/Dropped : 0/46
AGG (1 ,3) PORT 1: Recv/Dropped : 0/46
AGG (1 ,3) PORT 2: Recv/Dropped : 0/23
AGG (1 ,3) PORT 3: Recv/Dropped : 0/37
AGG (1 ,3) PORT 4: Recv/Dropped : 0/102
AGG (1 ,3) PORT 5: Recv/Dropped : 0/301
AGG (1 ,3) PORT 6: Recv/Dropped : 0/54
AGG (1 ,3) PORT 7: Recv/Dropped : 0/2
AGG (2 ,0) PORT 0: Recv/Dropped : 0/6
AGG (2 ,0) PORT 1: Recv/Dropped : 0/8
AGG (2 ,0) PORT 2: Recv/Dropped : 0/6
AGG (2 ,0) PORT 3: Recv/Dropped : 0/131
AGG (2 ,0) PORT 4: Recv/Dropped : 0/90
AGG (2 ,0) PORT 5: Recv/Dropped : 0/4
AGG (2 ,0) PORT 6: Recv/Dropped : 0/90
AGG (2 ,0) PORT 7: Recv/Dropped : 0/9
AGG (2 ,1) PORT 0: Recv/Dropped : 0/2
AGG (2 ,1) PORT 1: Recv/Dropped : 0/0
AGG (2 ,1) PORT 2: Recv/Dropped : 0/0
AGG (2 ,1) PORT 3: Recv/Dropped : 0/0
AGG (2 ,1) PORT 4: Recv/Dropped : 0/4
AGG (2 ,1) PORT 5: Recv/Dropped : 0/13
AGG (2 ,1) PORT 6: Recv/Dropped : 0/8
AGG (2 ,1) PORT 7: Recv/Dropped : 0/15
AGG (2 ,2) PORT 0: Recv/Dropped : 0/1
AGG (2 ,2) PORT 1: Recv/Dropped : 0/2
AGG (2 ,2) PORT 2: Recv/Dropped : 0/57
AGG (2 ,2) PORT 3: Recv/Dropped : 0/9
AGG (2 ,2) PORT 4: Recv/Dropped : 0/5
AGG (2 ,2) PORT 5: Recv/Dropped : 0/5
AGG (2 ,2) PORT 6: Recv/Dropped : 0/102
AGG (2 ,2) PORT 7: Recv/Dropped : 0/9
AGG (2 ,3) PORT 0: Recv/Dropped : 0/1
AGG (2 ,3) PORT 1: Recv/Dropped : 0/4
AGG (2 ,3) PORT 2: Recv/Dropped : 0/3
AGG (2 ,3) PORT 3: Recv/Dropped : 0/62
AGG (2 ,3) PORT 4: Recv/Dropped : 0/9
AGG (2 ,3) PORT 5: Recv/Dropped : 0/88
AGG (2 ,3) PORT 6: Recv/Dropped : 0/0
AGG (2 ,3) PORT 7: Recv/Dropped : 0/9
AGG (3 ,0) PORT 0: Recv/Dropped : 0/137
AGG (3 ,0) PORT 1: Recv/Dropped : 0/1
AGG (3 ,0) PORT 2: Recv/Dropped : 0/6
AGG (3 ,0) PORT 3: Recv/Dropped : 0/1
AGG (3 ,0) PORT 4: Recv/Dropped : 0/8
AGG (3 ,0) PORT 5: Recv/Dropped : 0/92
AGG (3 ,0) PORT 6: Recv/Dropped : 0/14
AGG (3 ,0) PORT 7: Recv/Dropped : 0/4
AGG (3 ,1) PORT 0: Recv/Dropped : 0/65
AGG (3 ,1) PORT 1: Recv/Dropped : 0/8
AGG (3 ,1) PORT 2: Recv/Dropped : 0/3
AGG (3 ,1) PORT 3: Recv/Dropped : 0/2
AGG (3 ,1) PORT 4: Recv/Dropped : 0/5
AGG (3 ,1) PORT 5: Recv/Dropped : 0/100
AGG (3 ,1) PORT 6: Recv/Dropped : 0/93
AGG (3 ,1) PORT 7: Recv/Dropped : 0/14
AGG (3 ,2) PORT 0: Recv/Dropped : 0/2
AGG (3 ,2) PORT 1: Recv/Dropped : 0/63
AGG (3 ,2) PORT 2: Recv/Dropped : 0/0
AGG (3 ,2) PORT 3: Recv/Dropped : 0/3
AGG (3 ,2) PORT 4: Recv/Dropped : 0/76
AGG (3 ,2) PORT 5: Recv/Dropped : 0/7
AGG (3 ,2) PORT 6: Recv/Dropped : 0/94
AGG (3 ,2) PORT 7: Recv/Dropped : 0/9
AGG (3 ,3) PORT 0: Recv/Dropped : 0/27
AGG (3 ,3) PORT 1: Recv/Dropped : 0/68
AGG (3 ,3) PORT 2: Recv/Dropped : 0/5
AGG (3 ,3) PORT 3: Recv/Dropped : 0/57
AGG (3 ,3) PORT 4: Recv/Dropped : 0/6
AGG (3 ,3) PORT 5: Recv/Dropped : 0/83
AGG (3 ,3) PORT 6: Recv/Dropped : 0/10
AGG (3 ,3) PORT 7: Recv/Dropped : 0/30
AGG (4 ,0) PORT 0: Recv/Dropped : 0/0
AGG (4 ,0) PORT 1: Recv/Dropped : 0/0
AGG (4 ,0) PORT 2: Recv/Dropped : 0/0
AGG (4 ,0) PORT 3: Recv/Dropped : 0/0
AGG (4 ,0) PORT 4: Recv/Dropped : 0/10
AGG (4 ,0) PORT 5: Recv/Dropped : 0/2
AGG (4 ,0) PORT 6: Recv/Dropped : 0/3
AGG (4 ,0) PORT 7: Recv/Dropped : 0/5
AGG (4 ,1) PORT 0: Recv/Dropped : 0/3
AGG (4 ,1) PORT 1: Recv/Dropped : 0/5
AGG (4 ,1) PORT 2: Recv/Dropped : 0/2
AGG (4 ,1) PORT 3: Recv/Dropped : 0/59
AGG (4 ,1) PORT 4: Recv/Dropped : 0/5
AGG (4 ,1) PORT 5: Recv/Dropped : 0/88
AGG (4 ,1) PORT 6: Recv/Dropped : 0/3
AGG (4 ,1) PORT 7: Recv/Dropped : 0/1
AGG (4 ,2) PORT 0: Recv/Dropped : 0/0
AGG (4 ,2) PORT 1: Recv/Dropped : 0/1
AGG (4 ,2) PORT 2: Recv/Dropped : 0/0
AGG (4 ,2) PORT 3: Recv/Dropped : 0/1
AGG (4 ,2) PORT 4: Recv/Dropped : 0/1
AGG (4 ,2) PORT 5: Recv/Dropped : 0/3
AGG (4 ,2) PORT 6: Recv/Dropped : 0/1
AGG (4 ,2) PORT 7: Recv/Dropped : 0/3
AGG (4 ,3) PORT 0: Recv/Dropped : 0/0
AGG (4 ,3) PORT 1: Recv/Dropped : 0/0
AGG (4 ,3) PORT 2: Recv/Dropped : 0/0
AGG (4 ,3) PORT 3: Recv/Dropped : 0/0
AGG (4 ,3) PORT 4: Recv/Dropped : 0/15
AGG (4 ,3) PORT 5: Recv/Dropped : 0/1
AGG (4 ,3) PORT 6: Recv/Dropped : 0/6
AGG (4 ,3) PORT 7: Recv/Dropped : 0/2
AGG (5 ,0) PORT 0: Recv/Dropped : 0/67
AGG (5 ,0) PORT 1: Recv/Dropped : 0/2
AGG (5 ,0) PORT 2: Recv/Dropped : 0/1
AGG (5 ,0) PORT 3: Recv/Dropped : 0/4
AGG (5 ,0) PORT 4: Recv/Dropped : 0/97
AGG (5 ,0) PORT 5: Recv/Dropped : 0/13
AGG (5 ,0) PORT 6: Recv/Dropped : 0/181
AGG (5 ,0) PORT 7: Recv/Dropped : 0/4
AGG (5 ,1) PORT 0: Recv/Dropped : 0/45
AGG (5 ,1) PORT 1: Recv/Dropped : 0/33
AGG (5 ,1) PORT 2: Recv/Dropped : 0/0
AGG (5 ,1) PORT 3: Recv/Dropped : 0/1
AGG (5 ,1) PORT 4: Recv/Dropped : 0/3
AGG (5 ,1) PORT 5: Recv/Dropped : 0/2
AGG (5 ,1) PORT 6: Recv/Dropped : 0/21
AGG (5 ,1) PORT 7: Recv/Dropped : 0/3
AGG (5 ,2) PORT 0: Recv/Dropped : 0/0
AGG (5 ,2) PORT 1: Recv/Dropped : 0/0
AGG (5 ,2) PORT 2: Recv/Dropped : 0/0
AGG (5 ,2) PORT 3: Recv/Dropped : 0/0
AGG (5 ,2) PORT 4: Recv/Dropped : 0/7
AGG (5 ,2) PORT 5: Recv/Dropped : 0/2
AGG (5 ,2) PORT 6: Recv/Dropped : 0/7
AGG (5 ,2) PORT 7: Recv/Dropped : 0/2
AGG (5 ,3) PORT 0: Recv/Dropped : 0/5
AGG (5 ,3) PORT 1: Recv/Dropped : 0/1
AGG (5 ,3) PORT 2: Recv/Dropped : 0/70
AGG (5 ,3) PORT 3: Recv/Dropped : 0/1
AGG (5 ,3) PORT 4: Recv/Dropped : 0/0
AGG (5 ,3) PORT 5: Recv/Dropped : 0/5
AGG (5 ,3) PORT 6: Recv/Dropped : 0/2
AGG (5 ,3) PORT 7: Recv/Dropped : 0/4
AGG (6 ,0) PORT 0: Recv/Dropped : 0/0
AGG (6 ,0) PORT 1: Recv/Dropped : 0/2
AGG (6 ,0) PORT 2: Recv/Dropped : 0/1
AGG (6 ,0) PORT 3: Recv/Dropped : 0/0
AGG (6 ,0) PORT 4: Recv/Dropped : 0/4
AGG (6 ,0) PORT 5: Recv/Dropped : 0/94
AGG (6 ,0) PORT 6: Recv/Dropped : 0/6
AGG (6 ,0) PORT 7: Recv/Dropped : 0/81
AGG (6 ,1) PORT 0: Recv/Dropped : 0/4
AGG (6 ,1) PORT 1: Recv/Dropped : 0/0
AGG (6 ,1) PORT 2: Recv/Dropped : 0/0
AGG (6 ,1) PORT 3: Recv/Dropped : 0/0
AGG (6 ,1) PORT 4: Recv/Dropped : 0/5
AGG (6 ,1) PORT 5: Recv/Dropped : 0/3
AGG (6 ,1) PORT 6: Recv/Dropped : 0/5
AGG (6 ,1) PORT 7: Recv/Dropped : 0/3
AGG (6 ,2) PORT 0: Recv/Dropped : 0/78
AGG (6 ,2) PORT 1: Recv/Dropped : 0/70
AGG (6 ,2) PORT 2: Recv/Dropped : 0/61
AGG (6 ,2) PORT 3: Recv/Dropped : 0/6
AGG (6 ,2) PORT 4: Recv/Dropped : 0/7
AGG (6 ,2) PORT 5: Recv/Dropped : 0/13
AGG (6 ,2) PORT 6: Recv/Dropped : 0/9
AGG (6 ,2) PORT 7: Recv/Dropped : 0/15
AGG (6 ,3) PORT 0: Recv/Dropped : 0/0
AGG (6 ,3) PORT 1: Recv/Dropped : 0/0
AGG (6 ,3) PORT 2: Recv/Dropped : 0/0
AGG (6 ,3) PORT 3: Recv/Dropped : 0/0
AGG (6 ,3) PORT 4: Recv/Dropped : 0/91
AGG (6 ,3) PORT 5: Recv/Dropped : 0/12
AGG (6 ,3) PORT 6: Recv/Dropped : 0/4
AGG (6 ,3) PORT 7: Recv/Dropped : 0/3
AGG (7 ,0) PORT 0: Recv/Dropped : 0/4
AGG (7 ,0) PORT 1: Recv/Dropped : 0/1
AGG (7 ,0) PORT 2: Recv/Dropped : 0/65
AGG (7 ,0) PORT 3: Recv/Dropped : 0/63
AGG (7 ,0) PORT 4: Recv/Dropped : 0/14
AGG (7 ,0) PORT 5: Recv/Dropped : 0/3
AGG (7 ,0) PORT 6: Recv/Dropped : 0/1
AGG (7 ,0) PORT 7: Recv/Dropped : 0/1
AGG (7 ,1) PORT 0: Recv/Dropped : 0/0
AGG (7 ,1) PORT 1: Recv/Dropped : 0/0
AGG (7 ,1) PORT 2: Recv/Dropped : 0/0
AGG (7 ,1) PORT 3: Recv/Dropped : 0/0
AGG (7 ,1) PORT 4: Recv/Dropped : 0/58
AGG (7 ,1) PORT 5: Recv/Dropped : 0/2
AGG (7 ,1) PORT 6: Recv/Dropped : 0/37
AGG (7 ,1) PORT 7: Recv/Dropped : 0/7
AGG (7 ,2) PORT 0: Recv/Dropped : 0/32
AGG (7 ,2) PORT 1: Recv/Dropped : 0/5
AGG (7 ,2) PORT 2: Recv/Dropped : 0/5
AGG (7 ,2) PORT 3: Recv/Dropped : 0/39
AGG (7 ,2) PORT 4: Recv/Dropped : 0/188
AGG (7 ,2) PORT 5: Recv/Dropped : 0/2
AGG (7 ,2) PORT 6: Recv/Dropped : 0/10
AGG (7 ,2) PORT 7: Recv/Dropped : 0/7
AGG (7 ,3) PORT 0: Recv/Dropped : 0/3
AGG (7 ,3) PORT 1: Recv/Dropped : 0/0
AGG (7 ,3) PORT 2: Recv/Dropped : 0/0
AGG (7 ,3) PORT 3: Recv/Dropped : 0/3
AGG (7 ,3) PORT 4: Recv/Dropped : 0/5
AGG (7 ,3) PORT 5: Recv/Dropped : 0/5
AGG (7 ,3) PORT 6: Recv/Dropped : 0/3
AGG (7 ,3) PORT 7: Recv/Dropped : 0/2


TOTAL RECEIVED PACKETS = 26633
TOTAL DROPPED PACKETS = 465