QUEUE STATISTICS FOR EXPERIMENT 2985
---------------------------
 -- EDGE QUEUE STATISTICS --
EDGE (0 ,0) PORT 0: Recv/Dropped : 0/439
EDGE (0 ,0) PORT 1: Recv/Dropped : 0/222
EDGE (0 ,0) PORT 2: Recv/Dropped : 0/336
EDGE (0 ,0) PORT 3: Recv/Dropped : 0/901
EDGE (0 ,0) PORT 4: Recv/Dropped : 0/1062
EDGE (0 ,0) PORT 5: Recv/Dropped : 0/63
EDGE (0 ,0) PORT 6: Recv/Dropped : 0/192
EDGE (0 ,0) PORT 7: Recv/Dropped : 0/506
EDGE (0 ,1) PORT 0: Recv/Dropped : 0/288
EDGE (0 ,1) PORT 1: Recv/Dropped : 0/192
EDGE (0 ,1) PORT 2: Recv/Dropped : 0/546
EDGE (0 ,1) PORT 3: Recv/Dropped : 0/600
EDGE (0 ,1) PORT 4: Recv/Dropped : 0/278
EDGE (0 ,1) PORT 5: Recv/Dropped : 0/334
EDGE (0 ,1) PORT 6: Recv/Dropped : 0/135
EDGE (0 ,1) PORT 7: Recv/Dropped : 0/348
EDGE (0 ,2) PORT 0: Recv/Dropped : 0/96
EDGE (0 ,2) PORT 1: Recv/Dropped : 0/221
EDGE (0 ,2) PORT 2: Recv/Dropped : 0/1116
EDGE (0 ,2) PORT 3: Recv/Dropped : 0/129
EDGE (0 ,2) PORT 4: Recv/Dropped : 0/159
EDGE (0 ,2) PORT 5: Recv/Dropped : 0/63
EDGE (0 ,2) PORT 6: Recv/Dropped : 0/329
EDGE (0 ,2) PORT 7: Recv/Dropped : 0/520
EDGE (0 ,3) PORT 0: Recv/Dropped : 0/1350
EDGE (0 ,3) PORT 1: Recv/Dropped : 0/1114
EDGE (0 ,3) PORT 2: Recv/Dropped : 0/1055
EDGE (0 ,3) PORT 3: Recv/Dropped : 0/549
EDGE (0 ,3) PORT 4: Recv/Dropped : 0/844
EDGE (0 ,3) PORT 5: Recv/Dropped : 0/63
EDGE (0 ,3) PORT 6: Recv/Dropped : 0/255
EDGE (0 ,3) PORT 7: Recv/Dropped : 0/675
EDGE (1 ,0) PORT 0: Recv/Dropped : 0/192
EDGE (1 ,0) PORT 1: Recv/Dropped : 0/331
EDGE (1 ,0) PORT 2: Recv/Dropped : 0/555
EDGE (1 ,0) PORT 3: Recv/Dropped : 0/772
EDGE (1 ,0) PORT 4: Recv/Dropped : 0/0
EDGE (1 ,0) PORT 5: Recv/Dropped : 0/159
EDGE (1 ,0) PORT 6: Recv/Dropped : 0/681
EDGE (1 ,0) PORT 7: Recv/Dropped : 0/492
EDGE (1 ,1) PORT 0: Recv/Dropped : 0/1123
EDGE (1 ,1) PORT 1: Recv/Dropped : 0/537
EDGE (1 ,1) PORT 2: Recv/Dropped : 0/734
EDGE (1 ,1) PORT 3: Recv/Dropped : 0/602
EDGE (1 ,1) PORT 4: Recv/Dropped : 0/775
EDGE (1 ,1) PORT 5: Recv/Dropped : 0/228
EDGE (1 ,1) PORT 6: Recv/Dropped : 0/255
EDGE (1 ,1) PORT 7: Recv/Dropped : 0/741
EDGE (1 ,2) PORT 0: Recv/Dropped : 0/293
EDGE (1 ,2) PORT 1: Recv/Dropped : 0/417
EDGE (1 ,2) PORT 2: Recv/Dropped : 0/381
EDGE (1 ,2) PORT 3: Recv/Dropped : 0/547
EDGE (1 ,2) PORT 4: Recv/Dropped : 0/530
EDGE (1 ,2) PORT 5: Recv/Dropped : 0/96
EDGE (1 ,2) PORT 6: Recv/Dropped : 0/351
EDGE (1 ,2) PORT 7: Recv/Dropped : 0/384
EDGE (1 ,3) PORT 0: Recv/Dropped : 0/159
EDGE (1 ,3) PORT 1: Recv/Dropped : 0/1380
EDGE (1 ,3) PORT 2: Recv/Dropped : 0/469
EDGE (1 ,3) PORT 3: Recv/Dropped : 0/476
EDGE (1 ,3) PORT 4: Recv/Dropped : 0/986
EDGE (1 ,3) PORT 5: Recv/Dropped : 0/0
EDGE (1 ,3) PORT 6: Recv/Dropped : 0/978
EDGE (1 ,3) PORT 7: Recv/Dropped : 0/192
EDGE (2 ,0) PORT 0: Recv/Dropped : 0/368
EDGE (2 ,0) PORT 1: Recv/Dropped : 0/793
EDGE (2 ,0) PORT 2: Recv/Dropped : 0/1687
EDGE (2 ,0) PORT 3: Recv/Dropped : 0/450
EDGE (2 ,0) PORT 4: Recv/Dropped : 0/1183
EDGE (2 ,0) PORT 5: Recv/Dropped : 0/817
EDGE (2 ,0) PORT 6: Recv/Dropped : 0/459
EDGE (2 ,0) PORT 7: Recv/Dropped : 0/340
EDGE (2 ,1) PORT 0: Recv/Dropped : 0/1499
EDGE (2 ,1) PORT 1: Recv/Dropped : 0/510
EDGE (2 ,1) PORT 2: Recv/Dropped : 0/159
EDGE (2 ,1) PORT 3: Recv/Dropped : 0/261
EDGE (2 ,1) PORT 4: Recv/Dropped : 0/636
EDGE (2 ,1) PORT 5: Recv/Dropped : 0/96
EDGE (2 ,1) PORT 6: Recv/Dropped : 0/255
EDGE (2 ,1) PORT 7: Recv/Dropped : 0/950
EDGE (2 ,2) PORT 0: Recv/Dropped : 0/192
EDGE (2 ,2) PORT 1: Recv/Dropped : 0/555
EDGE (2 ,2) PORT 2: Recv/Dropped : 0/96
EDGE (2 ,2) PORT 3: Recv/Dropped : 0/1065
EDGE (2 ,2) PORT 4: Recv/Dropped : 0/357
EDGE (2 ,2) PORT 5: Recv/Dropped : 0/645
EDGE (2 ,2) PORT 6: Recv/Dropped : 0/0
EDGE (2 ,2) PORT 7: Recv/Dropped : 0/960
EDGE (2 ,3) PORT 0: Recv/Dropped : 0/351
EDGE (2 ,3) PORT 1: Recv/Dropped : 0/690
EDGE (2 ,3) PORT 2: Recv/Dropped : 0/189
EDGE (2 ,3) PORT 3: Recv/Dropped : 0/497
EDGE (2 ,3) PORT 4: Recv/Dropped : 0/741
EDGE (2 ,3) PORT 5: Recv/Dropped : 0/414
EDGE (2 ,3) PORT 6: Recv/Dropped : 0/826
EDGE (2 ,3) PORT 7: Recv/Dropped : 0/192
EDGE (3 ,0) PORT 0: Recv/Dropped : 0/159
EDGE (3 ,0) PORT 1: Recv/Dropped : 0/255
EDGE (3 ,0) PORT 2: Recv/Dropped : 0/170
EDGE (3 ,0) PORT 3: Recv/Dropped : 0/824
EDGE (3 ,0) PORT 4: Recv/Dropped : 0/0
EDGE (3 ,0) PORT 5: Recv/Dropped : 0/466
EDGE (3 ,0) PORT 6: Recv/Dropped : 0/192
EDGE (3 ,0) PORT 7: Recv/Dropped : 0/318
EDGE (3 ,1) PORT 0: Recv/Dropped : 0/159
EDGE (3 ,1) PORT 1: Recv/Dropped : 0/763
EDGE (3 ,1) PORT 2: Recv/Dropped : 0/739
EDGE (3 ,1) PORT 3: Recv/Dropped : 0/933
EDGE (3 ,1) PORT 4: Recv/Dropped : 0/576
EDGE (3 ,1) PORT 5: Recv/Dropped : 0/382
EDGE (3 ,1) PORT 6: Recv/Dropped : 0/788
EDGE (3 ,1) PORT 7: Recv/Dropped : 0/331
EDGE (3 ,2) PORT 0: Recv/Dropped : 0/355
EDGE (3 ,2) PORT 1: Recv/Dropped : 0/227
EDGE (3 ,2) PORT 2: Recv/Dropped : 0/255
EDGE (3 ,2) PORT 3: Recv/Dropped : 0/164
EDGE (3 ,2) PORT 4: Recv/Dropped : 0/318
EDGE (3 ,2) PORT 5: Recv/Dropped : 0/277
EDGE (3 ,2) PORT 6: Recv/Dropped : 0/0
EDGE (3 ,2) PORT 7: Recv/Dropped : 0/288
EDGE (3 ,3) PORT 0: Recv/Dropped : 0/283
EDGE (3 ,3) PORT 1: Recv/Dropped : 0/902
EDGE (3 ,3) PORT 2: Recv/Dropped : 0/192
EDGE (3 ,3) PORT 3: Recv/Dropped : 0/318
EDGE (3 ,3) PORT 4: Recv/Dropped : 0/651
EDGE (3 ,3) PORT 5: Recv/Dropped : 0/159
EDGE (3 ,3) PORT 6: Recv/Dropped : 0/159
EDGE (3 ,3) PORT 7: Recv/Dropped : 0/159
EDGE (4 ,0) PORT 0: Recv/Dropped : 0/125
EDGE (4 ,0) PORT 1: Recv/Dropped : 0/1013
EDGE (4 ,0) PORT 2: Recv/Dropped : 0/162
EDGE (4 ,0) PORT 3: Recv/Dropped : 0/192
EDGE (4 ,0) PORT 4: Recv/Dropped : 0/224
EDGE (4 ,0) PORT 5: Recv/Dropped : 0/741
EDGE (4 ,0) PORT 6: Recv/Dropped : 0/63
EDGE (4 ,0) PORT 7: Recv/Dropped : 0/730
EDGE (4 ,1) PORT 0: Recv/Dropped : 0/383
EDGE (4 ,1) PORT 1: Recv/Dropped : 0/222
EDGE (4 ,1) PORT 2: Recv/Dropped : 0/608
EDGE (4 ,1) PORT 3: Recv/Dropped : 0/159
EDGE (4 ,1) PORT 4: Recv/Dropped : 0/595
EDGE (4 ,1) PORT 5: Recv/Dropped : 0/386
EDGE (4 ,1) PORT 6: Recv/Dropped : 0/159
EDGE (4 ,1) PORT 7: Recv/Dropped : 0/159
EDGE (4 ,2) PORT 0: Recv/Dropped : 0/403
EDGE (4 ,2) PORT 1: Recv/Dropped : 0/63
EDGE (4 ,2) PORT 2: Recv/Dropped : 0/826
EDGE (4 ,2) PORT 3: Recv/Dropped : 0/587
EDGE (4 ,2) PORT 4: Recv/Dropped : 0/785
EDGE (4 ,2) PORT 5: Recv/Dropped : 0/0
EDGE (4 ,2) PORT 6: Recv/Dropped : 0/507
EDGE (4 ,2) PORT 7: Recv/Dropped : 0/379
EDGE (4 ,3) PORT 0: Recv/Dropped : 0/1045
EDGE (4 ,3) PORT 1: Recv/Dropped : 0/995
EDGE (4 ,3) PORT 2: Recv/Dropped : 0/1092
EDGE (4 ,3) PORT 3: Recv/Dropped : 0/255
EDGE (4 ,3) PORT 4: Recv/Dropped : 0/591
EDGE (4 ,3) PORT 5: Recv/Dropped : 0/490
EDGE (4 ,3) PORT 6: Recv/Dropped : 0/131
EDGE (4 ,3) PORT 7: Recv/Dropped : 0/546
EDGE (5 ,0) PORT 0: Recv/Dropped : 0/1193
EDGE (5 ,0) PORT 1: Recv/Dropped : 0/1132
EDGE (5 ,0) PORT 2: Recv/Dropped : 0/357
EDGE (5 ,0) PORT 3: Recv/Dropped : 0/508
EDGE (5 ,0) PORT 4: Recv/Dropped : 0/1330
EDGE (5 ,0) PORT 5: Recv/Dropped : 0/255
EDGE (5 ,0) PORT 6: Recv/Dropped : 0/325
EDGE (5 ,0) PORT 7: Recv/Dropped : 0/505
EDGE (5 ,1) PORT 0: Recv/Dropped : 0/685
EDGE (5 ,1) PORT 1: Recv/Dropped : 0/1081
EDGE (5 ,1) PORT 2: Recv/Dropped : 0/556
EDGE (5 ,1) PORT 3: Recv/Dropped : 0/133
EDGE (5 ,1) PORT 4: Recv/Dropped : 0/414
EDGE (5 ,1) PORT 5: Recv/Dropped : 0/192
EDGE (5 ,1) PORT 6: Recv/Dropped : 0/1498
EDGE (5 ,1) PORT 7: Recv/Dropped : 0/430
EDGE (5 ,2) PORT 0: Recv/Dropped : 0/443
EDGE (5 ,2) PORT 1: Recv/Dropped : 0/1168
EDGE (5 ,2) PORT 2: Recv/Dropped : 0/228
EDGE (5 ,2) PORT 3: Recv/Dropped : 0/1108
EDGE (5 ,2) PORT 4: Recv/Dropped : 0/1201
EDGE (5 ,2) PORT 5: Recv/Dropped : 0/96
EDGE (5 ,2) PORT 6: Recv/Dropped : 0/277
EDGE (5 ,2) PORT 7: Recv/Dropped : 0/1074
EDGE (5 ,3) PORT 0: Recv/Dropped : 0/1460
EDGE (5 ,3) PORT 1: Recv/Dropped : 0/532
EDGE (5 ,3) PORT 2: Recv/Dropped : 0/857
EDGE (5 ,3) PORT 3: Recv/Dropped : 0/570
EDGE (5 ,3) PORT 4: Recv/Dropped : 0/416
EDGE (5 ,3) PORT 5: Recv/Dropped : 0/818
EDGE (5 ,3) PORT 6: Recv/Dropped : 0/549
EDGE (5 ,3) PORT 7: Recv/Dropped : 0/1299
EDGE (6 ,0) PORT 0: Recv/Dropped : 0/1041
EDGE (6 ,0) PORT 1: Recv/Dropped : 0/371
EDGE (6 ,0) PORT 2: Recv/Dropped : 0/0
EDGE (6 ,0) PORT 3: Recv/Dropped : 0/142
EDGE (6 ,0) PORT 4: Recv/Dropped : 0/192
EDGE (6 ,0) PORT 5: Recv/Dropped : 0/368
EDGE (6 ,0) PORT 6: Recv/Dropped : 0/1190
EDGE (6 ,0) PORT 7: Recv/Dropped : 0/96
EDGE (6 ,1) PORT 0: Recv/Dropped : 0/364
EDGE (6 ,1) PORT 1: Recv/Dropped : 0/96
EDGE (6 ,1) PORT 2: Recv/Dropped : 0/641
EDGE (6 ,1) PORT 3: Recv/Dropped : 0/1129
EDGE (6 ,1) PORT 4: Recv/Dropped : 0/320
EDGE (6 ,1) PORT 5: Recv/Dropped : 0/346
EDGE (6 ,1) PORT 6: Recv/Dropped : 0/1146
EDGE (6 ,1) PORT 7: Recv/Dropped : 0/708
EDGE (6 ,2) PORT 0: Recv/Dropped : 0/584
EDGE (6 ,2) PORT 1: Recv/Dropped : 0/254
EDGE (6 ,2) PORT 2: Recv/Dropped : 0/162
EDGE (6 ,2) PORT 3: Recv/Dropped : 0/900
EDGE (6 ,2) PORT 4: Recv/Dropped : 0/63
EDGE (6 ,2) PORT 5: Recv/Dropped : 0/431
EDGE (6 ,2) PORT 6: Recv/Dropped : 0/804
EDGE (6 ,2) PORT 7: Recv/Dropped : 0/63
EDGE (6 ,3) PORT 0: Recv/Dropped : 0/319
EDGE (6 ,3) PORT 1: Recv/Dropped : 0/1370
EDGE (6 ,3) PORT 2: Recv/Dropped : 0/645
EDGE (6 ,3) PORT 3: Recv/Dropped : 0/869
EDGE (6 ,3) PORT 4: Recv/Dropped : 0/222
EDGE (6 ,3) PORT 5: Recv/Dropped : 0/709
EDGE (6 ,3) PORT 6: Recv/Dropped : 0/532
EDGE (6 ,3) PORT 7: Recv/Dropped : 0/1259
EDGE (7 ,0) PORT 0: Recv/Dropped : 0/636
EDGE (7 ,0) PORT 1: Recv/Dropped : 0/192
EDGE (7 ,0) PORT 2: Recv/Dropped : 0/74
EDGE (7 ,0) PORT 3: Recv/Dropped : 0/484
EDGE (7 ,0) PORT 4: Recv/Dropped : 0/384
EDGE (7 ,0) PORT 5: Recv/Dropped : 0/623
EDGE (7 ,0) PORT 6: Recv/Dropped : 0/192
EDGE (7 ,0) PORT 7: Recv/Dropped : 0/264
EDGE (7 ,1) PORT 0: Recv/Dropped : 0/250
EDGE (7 ,1) PORT 1: Recv/Dropped : 0/898
EDGE (7 ,1) PORT 2: Recv/Dropped : 0/239
EDGE (7 ,1) PORT 3: Recv/Dropped : 0/176
EDGE (7 ,1) PORT 4: Recv/Dropped : 0/469
EDGE (7 ,1) PORT 5: Recv/Dropped : 0/867
EDGE (7 ,1) PORT 6: Recv/Dropped : 0/126
EDGE (7 ,1) PORT 7: Recv/Dropped : 0/96
EDGE (7 ,2) PORT 0: Recv/Dropped : 0/544
EDGE (7 ,2) PORT 1: Recv/Dropped : 0/1328
EDGE (7 ,2) PORT 2: Recv/Dropped : 0/799
EDGE (7 ,2) PORT 3: Recv/Dropped : 0/833
EDGE (7 ,2) PORT 4: Recv/Dropped : 0/481
EDGE (7 ,2) PORT 5: Recv/Dropped : 0/379
EDGE (7 ,2) PORT 6: Recv/Dropped : 0/1679
EDGE (7 ,2) PORT 7: Recv/Dropped : 0/430
EDGE (7 ,3) PORT 0: Recv/Dropped : 0/803
EDGE (7 ,3) PORT 1: Recv/Dropped : 0/370
EDGE (7 ,3) PORT 2: Recv/Dropped : 0/1514
EDGE (7 ,3) PORT 3: Recv/Dropped : 0/1329
EDGE (7 ,3) PORT 4: Recv/Dropped : 0/1564
EDGE (7 ,3) PORT 5: Recv/Dropped : 0/477
EDGE (7 ,3) PORT 6: Recv/Dropped : 0/831
EDGE (7 ,3) PORT 7: Recv/Dropped : 0/63
 -- AGG QUEUE STATISTICS --
AGG (0 ,0) PORT 0: Recv/Dropped : 0/881
AGG (0 ,0) PORT 1: Recv/Dropped : 0/63
AGG (0 ,0) PORT 2: Recv/Dropped : 0/192
AGG (0 ,0) PORT 3: Recv/Dropped : 0/318
AGG (0 ,0) PORT 4: Recv/Dropped : 0/159
AGG (0 ,0) PORT 5: Recv/Dropped : 0/731
AGG (0 ,0) PORT 6: Recv/Dropped : 0/373
AGG (0 ,0) PORT 7: Recv/Dropped : 0/589
AGG (0 ,1) PORT 0: Recv/Dropped : 0/421
AGG (0 ,1) PORT 1: Recv/Dropped : 0/346
AGG (0 ,1) PORT 2: Recv/Dropped : 0/351
AGG (0 ,1) PORT 3: Recv/Dropped : 0/192
AGG (0 ,1) PORT 4: Recv/Dropped : 0/192
AGG (0 ,1) PORT 5: Recv/Dropped : 0/63
AGG (0 ,1) PORT 6: Recv/Dropped : 0/126
AGG (0 ,1) PORT 7: Recv/Dropped : 0/142
AGG (0 ,2) PORT 0: Recv/Dropped : 0/126
AGG (0 ,2) PORT 1: Recv/Dropped : 0/527
AGG (0 ,2) PORT 2: Recv/Dropped : 0/434
AGG (0 ,2) PORT 3: Recv/Dropped : 0/159
AGG (0 ,2) PORT 4: Recv/Dropped : 0/96
AGG (0 ,2) PORT 5: Recv/Dropped : 0/0
AGG (0 ,2) PORT 6: Recv/Dropped : 0/168
AGG (0 ,2) PORT 7: Recv/Dropped : 0/233
AGG (0 ,3) PORT 0: Recv/Dropped : 0/590
AGG (0 ,3) PORT 1: Recv/Dropped : 0/192
AGG (0 ,3) PORT 2: Recv/Dropped : 0/222
AGG (0 ,3) PORT 3: Recv/Dropped : 0/907
AGG (0 ,3) PORT 4: Recv/Dropped : 0/612
AGG (0 ,3) PORT 5: Recv/Dropped : 0/436
AGG (0 ,3) PORT 6: Recv/Dropped : 0/159
AGG (0 ,3) PORT 7: Recv/Dropped : 0/295
AGG (1 ,0) PORT 0: Recv/Dropped : 0/159
AGG (1 ,0) PORT 1: Recv/Dropped : 0/301
AGG (1 ,0) PORT 2: Recv/Dropped : 0/288
AGG (1 ,0) PORT 3: Recv/Dropped : 0/614
AGG (1 ,0) PORT 4: Recv/Dropped : 0/846
AGG (1 ,0) PORT 5: Recv/Dropped : 0/176
AGG (1 ,0) PORT 6: Recv/Dropped : 0/70
AGG (1 ,0) PORT 7: Recv/Dropped : 0/560
AGG (1 ,1) PORT 0: Recv/Dropped : 0/609
AGG (1 ,1) PORT 1: Recv/Dropped : 0/645
AGG (1 ,1) PORT 2: Recv/Dropped : 0/415
AGG (1 ,1) PORT 3: Recv/Dropped : 0/222
AGG (1 ,1) PORT 4: Recv/Dropped : 0/0
AGG (1 ,1) PORT 5: Recv/Dropped : 0/0
AGG (1 ,1) PORT 6: Recv/Dropped : 0/165
AGG (1 ,1) PORT 7: Recv/Dropped : 0/0
AGG (1 ,2) PORT 0: Recv/Dropped : 0/222
AGG (1 ,2) PORT 1: Recv/Dropped : 0/126
AGG (1 ,2) PORT 2: Recv/Dropped : 0/491
AGG (1 ,2) PORT 3: Recv/Dropped : 0/167
AGG (1 ,2) PORT 4: Recv/Dropped : 0/96
AGG (1 ,2) PORT 5: Recv/Dropped : 0/818
AGG (1 ,2) PORT 6: Recv/Dropped : 0/346
AGG (1 ,2) PORT 7: Recv/Dropped : 0/431
AGG (1 ,3) PORT 0: Recv/Dropped : 0/598
AGG (1 ,3) PORT 1: Recv/Dropped : 0/391
AGG (1 ,3) PORT 2: Recv/Dropped : 0/669
AGG (1 ,3) PORT 3: Recv/Dropped : 0/826
AGG (1 ,3) PORT 4: Recv/Dropped : 0/96
AGG (1 ,3) PORT 5: Recv/Dropped : 0/626
AGG (1 ,3) PORT 6: Recv/Dropped : 0/66
AGG (1 ,3) PORT 7: Recv/Dropped : 0/311
AGG (2 ,0) PORT 0: Recv/Dropped : 0/368
AGG (2 ,0) PORT 1: Recv/Dropped : 0/96
AGG (2 ,0) PORT 2: Recv/Dropped : 0/2078
AGG (2 ,0) PORT 3: Recv/Dropped : 0/756
AGG (2 ,0) PORT 4: Recv/Dropped : 0/584
AGG (2 ,0) PORT 5: Recv/Dropped : 0/301
AGG (2 ,0) PORT 6: Recv/Dropped : 0/159
AGG (2 ,0) PORT 7: Recv/Dropped : 0/64
AGG (2 ,1) PORT 0: Recv/Dropped : 0/1258
AGG (2 ,1) PORT 1: Recv/Dropped : 0/165
AGG (2 ,1) PORT 2: Recv/Dropped : 0/464
AGG (2 ,1) PORT 3: Recv/Dropped : 0/384
AGG (2 ,1) PORT 4: Recv/Dropped : 0/0
AGG (2 ,1) PORT 5: Recv/Dropped : 0/804
AGG (2 ,1) PORT 6: Recv/Dropped : 0/741
AGG (2 ,1) PORT 7: Recv/Dropped : 0/331
AGG (2 ,2) PORT 0: Recv/Dropped : 0/860
AGG (2 ,2) PORT 1: Recv/Dropped : 0/528
AGG (2 ,2) PORT 2: Recv/Dropped : 0/192
AGG (2 ,2) PORT 3: Recv/Dropped : 0/159
AGG (2 ,2) PORT 4: Recv/Dropped : 0/459
AGG (2 ,2) PORT 5: Recv/Dropped : 0/192
AGG (2 ,2) PORT 6: Recv/Dropped : 0/0
AGG (2 ,2) PORT 7: Recv/Dropped : 0/159
AGG (2 ,3) PORT 0: Recv/Dropped : 0/753
AGG (2 ,3) PORT 1: Recv/Dropped : 0/0
AGG (2 ,3) PORT 2: Recv/Dropped : 0/159
AGG (2 ,3) PORT 3: Recv/Dropped : 0/657
AGG (2 ,3) PORT 4: Recv/Dropped : 0/0
AGG (2 ,3) PORT 5: Recv/Dropped : 0/1300
AGG (2 ,3) PORT 6: Recv/Dropped : 0/134
AGG (2 ,3) PORT 7: Recv/Dropped : 0/96
AGG (3 ,0) PORT 0: Recv/Dropped : 0/192
AGG (3 ,0) PORT 1: Recv/Dropped : 0/159
AGG (3 ,0) PORT 2: Recv/Dropped : 0/255
AGG (3 ,0) PORT 3: Recv/Dropped : 0/632
AGG (3 ,0) PORT 4: Recv/Dropped : 0/0
AGG (3 ,0) PORT 5: Recv/Dropped : 0/651
AGG (3 ,0) PORT 6: Recv/Dropped : 0/576
AGG (3 ,0) PORT 7: Recv/Dropped : 0/63
AGG (3 ,1) PORT 0: Recv/Dropped : 0/672
AGG (3 ,1) PORT 1: Recv/Dropped : 0/446
AGG (3 ,1) PORT 2: Recv/Dropped : 0/192
AGG (3 ,1) PORT 3: Recv/Dropped : 0/963
AGG (3 ,1) PORT 4: Recv/Dropped : 0/96
AGG (3 ,1) PORT 5: Recv/Dropped : 0/294
AGG (3 ,1) PORT 6: Recv/Dropped : 0/500
AGG (3 ,1) PORT 7: Recv/Dropped : 0/0
AGG (3 ,2) PORT 0: Recv/Dropped : 0/161
AGG (3 ,2) PORT 1: Recv/Dropped : 0/452
AGG (3 ,2) PORT 2: Recv/Dropped : 0/63
AGG (3 ,2) PORT 3: Recv/Dropped : 0/0
AGG (3 ,2) PORT 4: Recv/Dropped : 0/80
AGG (3 ,2) PORT 5: Recv/Dropped : 0/222
AGG (3 ,2) PORT 6: Recv/Dropped : 0/0
AGG (3 ,2) PORT 7: Recv/Dropped : 0/678
AGG (3 ,3) PORT 0: Recv/Dropped : 0/255
AGG (3 ,3) PORT 1: Recv/Dropped : 0/172
AGG (3 ,3) PORT 2: Recv/Dropped : 0/889
AGG (3 ,3) PORT 3: Recv/Dropped : 0/63
AGG (3 ,3) PORT 4: Recv/Dropped : 0/460
AGG (3 ,3) PORT 5: Recv/Dropped : 0/96
AGG (3 ,3) PORT 6: Recv/Dropped : 0/0
AGG (3 ,3) PORT 7: Recv/Dropped : 0/63
AGG (4 ,0) PORT 0: Recv/Dropped : 0/950
AGG (4 ,0) PORT 1: Recv/Dropped : 0/0
AGG (4 ,0) PORT 2: Recv/Dropped : 0/384
AGG (4 ,0) PORT 3: Recv/Dropped : 0/0
AGG (4 ,0) PORT 4: Recv/Dropped : 0/495
AGG (4 ,0) PORT 5: Recv/Dropped : 0/63
AGG (4 ,0) PORT 6: Recv/Dropped : 0/224
AGG (4 ,0) PORT 7: Recv/Dropped : 0/189
AGG (4 ,1) PORT 0: Recv/Dropped : 0/384
AGG (4 ,1) PORT 1: Recv/Dropped : 0/444
AGG (4 ,1) PORT 2: Recv/Dropped : 0/161
AGG (4 ,1) PORT 3: Recv/Dropped : 0/225
AGG (4 ,1) PORT 4: Recv/Dropped : 0/0
AGG (4 ,1) PORT 5: Recv/Dropped : 0/159
AGG (4 ,1) PORT 6: Recv/Dropped : 0/708
AGG (4 ,1) PORT 7: Recv/Dropped : 0/369
AGG (4 ,2) PORT 0: Recv/Dropped : 0/659
AGG (4 ,2) PORT 1: Recv/Dropped : 0/255
AGG (4 ,2) PORT 2: Recv/Dropped : 0/0
AGG (4 ,2) PORT 3: Recv/Dropped : 0/965
AGG (4 ,2) PORT 4: Recv/Dropped : 0/252
AGG (4 ,2) PORT 5: Recv/Dropped : 0/96
AGG (4 ,2) PORT 6: Recv/Dropped : 0/63
AGG (4 ,2) PORT 7: Recv/Dropped : 0/159
AGG (4 ,3) PORT 0: Recv/Dropped : 0/1155
AGG (4 ,3) PORT 1: Recv/Dropped : 0/996
AGG (4 ,3) PORT 2: Recv/Dropped : 0/0
AGG (4 ,3) PORT 3: Recv/Dropped : 0/159
AGG (4 ,3) PORT 4: Recv/Dropped : 0/96
AGG (4 ,3) PORT 5: Recv/Dropped : 0/637
AGG (4 ,3) PORT 6: Recv/Dropped : 0/96
AGG (4 ,3) PORT 7: Recv/Dropped : 0/96
AGG (5 ,0) PORT 0: Recv/Dropped : 0/709
AGG (5 ,0) PORT 1: Recv/Dropped : 0/294
AGG (5 ,0) PORT 2: Recv/Dropped : 0/1061
AGG (5 ,0) PORT 3: Recv/Dropped : 0/195
AGG (5 ,0) PORT 4: Recv/Dropped : 0/255
AGG (5 ,0) PORT 5: Recv/Dropped : 0/400
AGG (5 ,0) PORT 6: Recv/Dropped : 0/495
AGG (5 ,0) PORT 7: Recv/Dropped : 0/368
AGG (5 ,1) PORT 0: Recv/Dropped : 0/730
AGG (5 ,1) PORT 1: Recv/Dropped : 0/748
AGG (5 ,1) PORT 2: Recv/Dropped : 0/671
AGG (5 ,1) PORT 3: Recv/Dropped : 0/148
AGG (5 ,1) PORT 4: Recv/Dropped : 0/325
AGG (5 ,1) PORT 5: Recv/Dropped : 0/96
AGG (5 ,1) PORT 6: Recv/Dropped : 0/0
AGG (5 ,1) PORT 7: Recv/Dropped : 0/255
AGG (5 ,2) PORT 0: Recv/Dropped : 0/931
AGG (5 ,2) PORT 1: Recv/Dropped : 0/228
AGG (5 ,2) PORT 2: Recv/Dropped : 0/645
AGG (5 ,2) PORT 3: Recv/Dropped : 0/985
AGG (5 ,2) PORT 4: Recv/Dropped : 0/384
AGG (5 ,2) PORT 5: Recv/Dropped : 0/293
AGG (5 ,2) PORT 6: Recv/Dropped : 0/0
AGG (5 ,2) PORT 7: Recv/Dropped : 0/0
AGG (5 ,3) PORT 0: Recv/Dropped : 0/1345
AGG (5 ,3) PORT 1: Recv/Dropped : 0/469
AGG (5 ,3) PORT 2: Recv/Dropped : 0/645
AGG (5 ,3) PORT 3: Recv/Dropped : 0/802
AGG (5 ,3) PORT 4: Recv/Dropped : 0/192
AGG (5 ,3) PORT 5: Recv/Dropped : 0/962
AGG (5 ,3) PORT 6: Recv/Dropped : 0/66
AGG (5 ,3) PORT 7: Recv/Dropped : 0/545
AGG (6 ,0) PORT 0: Recv/Dropped : 0/649
AGG (6 ,0) PORT 1: Recv/Dropped : 0/63
AGG (6 ,0) PORT 2: Recv/Dropped : 0/230
AGG (6 ,0) PORT 3: Recv/Dropped : 0/612
AGG (6 ,0) PORT 4: Recv/Dropped : 0/96
AGG (6 ,0) PORT 5: Recv/Dropped : 0/63
AGG (6 ,0) PORT 6: Recv/Dropped : 0/0
AGG (6 ,0) PORT 7: Recv/Dropped : 0/192
AGG (6 ,1) PORT 0: Recv/Dropped : 0/614
AGG (6 ,1) PORT 1: Recv/Dropped : 0/452
AGG (6 ,1) PORT 2: Recv/Dropped : 0/619
AGG (6 ,1) PORT 3: Recv/Dropped : 0/545
AGG (6 ,1) PORT 4: Recv/Dropped : 0/494
AGG (6 ,1) PORT 5: Recv/Dropped : 0/464
AGG (6 ,1) PORT 6: Recv/Dropped : 0/556
AGG (6 ,1) PORT 7: Recv/Dropped : 0/0
AGG (6 ,2) PORT 0: Recv/Dropped : 0/63
AGG (6 ,2) PORT 1: Recv/Dropped : 0/96
AGG (6 ,2) PORT 2: Recv/Dropped : 0/912
AGG (6 ,2) PORT 3: Recv/Dropped : 0/351
AGG (6 ,2) PORT 4: Recv/Dropped : 0/0
AGG (6 ,2) PORT 5: Recv/Dropped : 0/340
AGG (6 ,2) PORT 6: Recv/Dropped : 0/96
AGG (6 ,2) PORT 7: Recv/Dropped : 0/2360
AGG (6 ,3) PORT 0: Recv/Dropped : 0/1242
AGG (6 ,3) PORT 1: Recv/Dropped : 0/1225
AGG (6 ,3) PORT 2: Recv/Dropped : 0/482
AGG (6 ,3) PORT 3: Recv/Dropped : 0/96
AGG (6 ,3) PORT 4: Recv/Dropped : 0/176
AGG (6 ,3) PORT 5: Recv/Dropped : 0/418
AGG (6 ,3) PORT 6: Recv/Dropped : 0/451
AGG (6 ,3) PORT 7: Recv/Dropped : 0/0
AGG (7 ,0) PORT 0: Recv/Dropped : 0/63
AGG (7 ,0) PORT 1: Recv/Dropped : 0/222
AGG (7 ,0) PORT 2: Recv/Dropped : 0/623
AGG (7 ,0) PORT 3: Recv/Dropped : 0/478
AGG (7 ,0) PORT 4: Recv/Dropped : 0/0
AGG (7 ,0) PORT 5: Recv/Dropped : 0/1030
AGG (7 ,0) PORT 6: Recv/Dropped : 0/223
AGG (7 ,0) PORT 7: Recv/Dropped : 0/1276
AGG (7 ,1) PORT 0: Recv/Dropped : 0/96
AGG (7 ,1) PORT 1: Recv/Dropped : 0/285
AGG (7 ,1) PORT 2: Recv/Dropped : 0/176
AGG (7 ,1) PORT 3: Recv/Dropped : 0/690
AGG (7 ,1) PORT 4: Recv/Dropped : 0/288
AGG (7 ,1) PORT 5: Recv/Dropped : 0/0
AGG (7 ,1) PORT 6: Recv/Dropped : 0/313
AGG (7 ,1) PORT 7: Recv/Dropped : 0/1268
AGG (7 ,2) PORT 0: Recv/Dropped : 0/262
AGG (7 ,2) PORT 1: Recv/Dropped : 0/862
AGG (7 ,2) PORT 2: Recv/Dropped : 0/559
AGG (7 ,2) PORT 3: Recv/Dropped : 0/1202
AGG (7 ,2) PORT 4: Recv/Dropped : 0/159
AGG (7 ,2) PORT 5: Recv/Dropped : 0/485
AGG (7 ,2) PORT 6: Recv/Dropped : 0/645
AGG (7 ,2) PORT 7: Recv/Dropped : 0/192
AGG (7 ,3) PORT 0: Recv/Dropped : 0/370
AGG (7 ,3) PORT 1: Recv/Dropped : 0/192
AGG (7 ,3) PORT 2: Recv/Dropped : 0/1342
AGG (7 ,3) PORT 3: Recv/Dropped : 0/1025
AGG (7 ,3) PORT 4: Recv/Dropped : 0/96
AGG (7 ,3) PORT 5: Recv/Dropped : 0/63
AGG (7 ,3) PORT 6: Recv/Dropped : 0/175
AGG (7 ,3) PORT 7: Recv/Dropped : 0/72


TOTAL RECEIVED PACKETS = 234388
TOTAL DROPPED PACKETS = 0